[2024-03-25T22:08:06.830+0000] {processor.py:161} INFO - Started process (PID=66) to work on /home/airflow/.local/lib/python3.8/site-packages/airflow/example_dags/example_complex.py
[2024-03-25T22:08:06.831+0000] {processor.py:830} INFO - Processing file /home/airflow/.local/lib/python3.8/site-packages/airflow/example_dags/example_complex.py for tasks to queue
[2024-03-25T22:08:06.833+0000] {logging_mixin.py:188} INFO - [2024-03-25T22:08:06.832+0000] {dagbag.py:540} INFO - Filling up the DagBag from /home/airflow/.local/lib/python3.8/site-packages/airflow/example_dags/example_complex.py
[2024-03-25T22:08:06.839+0000] {processor.py:840} INFO - DAG(s) 'example_complex' retrieved from /home/airflow/.local/lib/python3.8/site-packages/airflow/example_dags/example_complex.py
[2024-03-25T22:08:06.858+0000] {logging_mixin.py:188} INFO - [2024-03-25T22:08:06.858+0000] {dag.py:3047} INFO - Sync 1 DAGs
[2024-03-25T22:08:06.864+0000] {logging_mixin.py:188} INFO - [2024-03-25T22:08:06.864+0000] {dag.py:3834} INFO - Setting next_dagrun for example_complex to None, run_after=None
[2024-03-25T22:08:06.873+0000] {processor.py:183} INFO - Processing /home/airflow/.local/lib/python3.8/site-packages/airflow/example_dags/example_complex.py took 0.046 seconds
[2024-03-25T22:08:37.435+0000] {processor.py:161} INFO - Started process (PID=121) to work on /home/airflow/.local/lib/python3.8/site-packages/airflow/example_dags/example_complex.py
[2024-03-25T22:08:37.436+0000] {processor.py:830} INFO - Processing file /home/airflow/.local/lib/python3.8/site-packages/airflow/example_dags/example_complex.py for tasks to queue
[2024-03-25T22:08:37.437+0000] {logging_mixin.py:188} INFO - [2024-03-25T22:08:37.437+0000] {dagbag.py:540} INFO - Filling up the DagBag from /home/airflow/.local/lib/python3.8/site-packages/airflow/example_dags/example_complex.py
[2024-03-25T22:08:37.443+0000] {processor.py:840} INFO - DAG(s) 'example_complex' retrieved from /home/airflow/.local/lib/python3.8/site-packages/airflow/example_dags/example_complex.py
[2024-03-25T22:08:37.459+0000] {logging_mixin.py:188} INFO - [2024-03-25T22:08:37.459+0000] {dag.py:3047} INFO - Sync 1 DAGs
[2024-03-25T22:08:37.465+0000] {logging_mixin.py:188} INFO - [2024-03-25T22:08:37.465+0000] {dag.py:3834} INFO - Setting next_dagrun for example_complex to None, run_after=None
[2024-03-25T22:08:37.473+0000] {processor.py:183} INFO - Processing /home/airflow/.local/lib/python3.8/site-packages/airflow/example_dags/example_complex.py took 0.040 seconds
[2024-03-25T22:09:07.994+0000] {processor.py:161} INFO - Started process (PID=176) to work on /home/airflow/.local/lib/python3.8/site-packages/airflow/example_dags/example_complex.py
[2024-03-25T22:09:07.994+0000] {processor.py:830} INFO - Processing file /home/airflow/.local/lib/python3.8/site-packages/airflow/example_dags/example_complex.py for tasks to queue
[2024-03-25T22:09:07.995+0000] {logging_mixin.py:188} INFO - [2024-03-25T22:09:07.995+0000] {dagbag.py:540} INFO - Filling up the DagBag from /home/airflow/.local/lib/python3.8/site-packages/airflow/example_dags/example_complex.py
[2024-03-25T22:09:08.001+0000] {processor.py:840} INFO - DAG(s) 'example_complex' retrieved from /home/airflow/.local/lib/python3.8/site-packages/airflow/example_dags/example_complex.py
[2024-03-25T22:09:08.017+0000] {logging_mixin.py:188} INFO - [2024-03-25T22:09:08.017+0000] {dag.py:3047} INFO - Sync 1 DAGs
[2024-03-25T22:09:08.022+0000] {logging_mixin.py:188} INFO - [2024-03-25T22:09:08.022+0000] {dag.py:3834} INFO - Setting next_dagrun for example_complex to None, run_after=None
[2024-03-25T22:09:08.030+0000] {processor.py:183} INFO - Processing /home/airflow/.local/lib/python3.8/site-packages/airflow/example_dags/example_complex.py took 0.038 seconds
[2024-03-25T22:09:38.528+0000] {processor.py:161} INFO - Started process (PID=231) to work on /home/airflow/.local/lib/python3.8/site-packages/airflow/example_dags/example_complex.py
[2024-03-25T22:09:38.528+0000] {processor.py:830} INFO - Processing file /home/airflow/.local/lib/python3.8/site-packages/airflow/example_dags/example_complex.py for tasks to queue
[2024-03-25T22:09:38.529+0000] {logging_mixin.py:188} INFO - [2024-03-25T22:09:38.529+0000] {dagbag.py:540} INFO - Filling up the DagBag from /home/airflow/.local/lib/python3.8/site-packages/airflow/example_dags/example_complex.py
[2024-03-25T22:09:38.535+0000] {processor.py:840} INFO - DAG(s) 'example_complex' retrieved from /home/airflow/.local/lib/python3.8/site-packages/airflow/example_dags/example_complex.py
[2024-03-25T22:09:38.552+0000] {logging_mixin.py:188} INFO - [2024-03-25T22:09:38.552+0000] {dag.py:3047} INFO - Sync 1 DAGs
[2024-03-25T22:09:38.557+0000] {logging_mixin.py:188} INFO - [2024-03-25T22:09:38.557+0000] {dag.py:3834} INFO - Setting next_dagrun for example_complex to None, run_after=None
[2024-03-25T22:09:38.565+0000] {processor.py:183} INFO - Processing /home/airflow/.local/lib/python3.8/site-packages/airflow/example_dags/example_complex.py took 0.039 seconds
[2024-03-25T22:10:09.103+0000] {processor.py:161} INFO - Started process (PID=287) to work on /home/airflow/.local/lib/python3.8/site-packages/airflow/example_dags/example_complex.py
[2024-03-25T22:10:09.104+0000] {processor.py:830} INFO - Processing file /home/airflow/.local/lib/python3.8/site-packages/airflow/example_dags/example_complex.py for tasks to queue
[2024-03-25T22:10:09.105+0000] {logging_mixin.py:188} INFO - [2024-03-25T22:10:09.105+0000] {dagbag.py:540} INFO - Filling up the DagBag from /home/airflow/.local/lib/python3.8/site-packages/airflow/example_dags/example_complex.py
[2024-03-25T22:10:09.111+0000] {processor.py:840} INFO - DAG(s) 'example_complex' retrieved from /home/airflow/.local/lib/python3.8/site-packages/airflow/example_dags/example_complex.py
[2024-03-25T22:10:09.127+0000] {logging_mixin.py:188} INFO - [2024-03-25T22:10:09.127+0000] {dag.py:3047} INFO - Sync 1 DAGs
[2024-03-25T22:10:09.133+0000] {logging_mixin.py:188} INFO - [2024-03-25T22:10:09.133+0000] {dag.py:3834} INFO - Setting next_dagrun for example_complex to None, run_after=None
[2024-03-25T22:10:09.141+0000] {processor.py:183} INFO - Processing /home/airflow/.local/lib/python3.8/site-packages/airflow/example_dags/example_complex.py took 0.040 seconds
[2024-03-25T22:10:39.688+0000] {processor.py:161} INFO - Started process (PID=342) to work on /home/airflow/.local/lib/python3.8/site-packages/airflow/example_dags/example_complex.py
[2024-03-25T22:10:39.689+0000] {processor.py:830} INFO - Processing file /home/airflow/.local/lib/python3.8/site-packages/airflow/example_dags/example_complex.py for tasks to queue
[2024-03-25T22:10:39.690+0000] {logging_mixin.py:188} INFO - [2024-03-25T22:10:39.690+0000] {dagbag.py:540} INFO - Filling up the DagBag from /home/airflow/.local/lib/python3.8/site-packages/airflow/example_dags/example_complex.py
[2024-03-25T22:10:39.696+0000] {processor.py:840} INFO - DAG(s) 'example_complex' retrieved from /home/airflow/.local/lib/python3.8/site-packages/airflow/example_dags/example_complex.py
[2024-03-25T22:10:39.712+0000] {logging_mixin.py:188} INFO - [2024-03-25T22:10:39.712+0000] {dag.py:3047} INFO - Sync 1 DAGs
[2024-03-25T22:10:39.717+0000] {logging_mixin.py:188} INFO - [2024-03-25T22:10:39.717+0000] {dag.py:3834} INFO - Setting next_dagrun for example_complex to None, run_after=None
[2024-03-25T22:10:39.725+0000] {processor.py:183} INFO - Processing /home/airflow/.local/lib/python3.8/site-packages/airflow/example_dags/example_complex.py took 0.038 seconds
[2024-03-25T22:11:10.226+0000] {processor.py:161} INFO - Started process (PID=397) to work on /home/airflow/.local/lib/python3.8/site-packages/airflow/example_dags/example_complex.py
[2024-03-25T22:11:10.226+0000] {processor.py:830} INFO - Processing file /home/airflow/.local/lib/python3.8/site-packages/airflow/example_dags/example_complex.py for tasks to queue
[2024-03-25T22:11:10.227+0000] {logging_mixin.py:188} INFO - [2024-03-25T22:11:10.227+0000] {dagbag.py:540} INFO - Filling up the DagBag from /home/airflow/.local/lib/python3.8/site-packages/airflow/example_dags/example_complex.py
[2024-03-25T22:11:10.233+0000] {processor.py:840} INFO - DAG(s) 'example_complex' retrieved from /home/airflow/.local/lib/python3.8/site-packages/airflow/example_dags/example_complex.py
[2024-03-25T22:11:10.249+0000] {logging_mixin.py:188} INFO - [2024-03-25T22:11:10.249+0000] {dag.py:3047} INFO - Sync 1 DAGs
[2024-03-25T22:11:10.255+0000] {logging_mixin.py:188} INFO - [2024-03-25T22:11:10.255+0000] {dag.py:3834} INFO - Setting next_dagrun for example_complex to None, run_after=None
[2024-03-25T22:11:10.262+0000] {processor.py:183} INFO - Processing /home/airflow/.local/lib/python3.8/site-packages/airflow/example_dags/example_complex.py took 0.038 seconds
[2024-03-25T22:11:40.818+0000] {processor.py:161} INFO - Started process (PID=451) to work on /home/airflow/.local/lib/python3.8/site-packages/airflow/example_dags/example_complex.py
[2024-03-25T22:11:40.818+0000] {processor.py:830} INFO - Processing file /home/airflow/.local/lib/python3.8/site-packages/airflow/example_dags/example_complex.py for tasks to queue
[2024-03-25T22:11:40.819+0000] {logging_mixin.py:188} INFO - [2024-03-25T22:11:40.819+0000] {dagbag.py:540} INFO - Filling up the DagBag from /home/airflow/.local/lib/python3.8/site-packages/airflow/example_dags/example_complex.py
[2024-03-25T22:11:40.825+0000] {processor.py:840} INFO - DAG(s) 'example_complex' retrieved from /home/airflow/.local/lib/python3.8/site-packages/airflow/example_dags/example_complex.py
[2024-03-25T22:11:40.841+0000] {logging_mixin.py:188} INFO - [2024-03-25T22:11:40.841+0000] {dag.py:3047} INFO - Sync 1 DAGs
[2024-03-25T22:11:40.846+0000] {logging_mixin.py:188} INFO - [2024-03-25T22:11:40.846+0000] {dag.py:3834} INFO - Setting next_dagrun for example_complex to None, run_after=None
[2024-03-25T22:11:40.854+0000] {processor.py:183} INFO - Processing /home/airflow/.local/lib/python3.8/site-packages/airflow/example_dags/example_complex.py took 0.038 seconds
[2024-03-25T22:12:11.484+0000] {processor.py:161} INFO - Started process (PID=506) to work on /home/airflow/.local/lib/python3.8/site-packages/airflow/example_dags/example_complex.py
[2024-03-25T22:12:11.485+0000] {processor.py:830} INFO - Processing file /home/airflow/.local/lib/python3.8/site-packages/airflow/example_dags/example_complex.py for tasks to queue
[2024-03-25T22:12:11.486+0000] {logging_mixin.py:188} INFO - [2024-03-25T22:12:11.486+0000] {dagbag.py:540} INFO - Filling up the DagBag from /home/airflow/.local/lib/python3.8/site-packages/airflow/example_dags/example_complex.py
[2024-03-25T22:12:11.491+0000] {processor.py:840} INFO - DAG(s) 'example_complex' retrieved from /home/airflow/.local/lib/python3.8/site-packages/airflow/example_dags/example_complex.py
[2024-03-25T22:12:11.508+0000] {logging_mixin.py:188} INFO - [2024-03-25T22:12:11.508+0000] {dag.py:3047} INFO - Sync 1 DAGs
[2024-03-25T22:12:11.514+0000] {logging_mixin.py:188} INFO - [2024-03-25T22:12:11.514+0000] {dag.py:3834} INFO - Setting next_dagrun for example_complex to None, run_after=None
[2024-03-25T22:12:11.522+0000] {processor.py:183} INFO - Processing /home/airflow/.local/lib/python3.8/site-packages/airflow/example_dags/example_complex.py took 0.040 seconds
[2024-03-25T22:12:42.068+0000] {processor.py:161} INFO - Started process (PID=561) to work on /home/airflow/.local/lib/python3.8/site-packages/airflow/example_dags/example_complex.py
[2024-03-25T22:12:42.069+0000] {processor.py:830} INFO - Processing file /home/airflow/.local/lib/python3.8/site-packages/airflow/example_dags/example_complex.py for tasks to queue
[2024-03-25T22:12:42.070+0000] {logging_mixin.py:188} INFO - [2024-03-25T22:12:42.070+0000] {dagbag.py:540} INFO - Filling up the DagBag from /home/airflow/.local/lib/python3.8/site-packages/airflow/example_dags/example_complex.py
[2024-03-25T22:12:42.076+0000] {processor.py:840} INFO - DAG(s) 'example_complex' retrieved from /home/airflow/.local/lib/python3.8/site-packages/airflow/example_dags/example_complex.py
[2024-03-25T22:12:42.092+0000] {logging_mixin.py:188} INFO - [2024-03-25T22:12:42.092+0000] {dag.py:3047} INFO - Sync 1 DAGs
[2024-03-25T22:12:42.098+0000] {logging_mixin.py:188} INFO - [2024-03-25T22:12:42.098+0000] {dag.py:3834} INFO - Setting next_dagrun for example_complex to None, run_after=None
[2024-03-25T22:12:42.105+0000] {processor.py:183} INFO - Processing /home/airflow/.local/lib/python3.8/site-packages/airflow/example_dags/example_complex.py took 0.039 seconds
[2024-03-25T22:13:12.664+0000] {processor.py:161} INFO - Started process (PID=616) to work on /home/airflow/.local/lib/python3.8/site-packages/airflow/example_dags/example_complex.py
[2024-03-25T22:13:12.664+0000] {processor.py:830} INFO - Processing file /home/airflow/.local/lib/python3.8/site-packages/airflow/example_dags/example_complex.py for tasks to queue
[2024-03-25T22:13:12.665+0000] {logging_mixin.py:188} INFO - [2024-03-25T22:13:12.665+0000] {dagbag.py:540} INFO - Filling up the DagBag from /home/airflow/.local/lib/python3.8/site-packages/airflow/example_dags/example_complex.py
[2024-03-25T22:13:12.671+0000] {processor.py:840} INFO - DAG(s) 'example_complex' retrieved from /home/airflow/.local/lib/python3.8/site-packages/airflow/example_dags/example_complex.py
[2024-03-25T22:13:12.687+0000] {logging_mixin.py:188} INFO - [2024-03-25T22:13:12.686+0000] {dag.py:3047} INFO - Sync 1 DAGs
[2024-03-25T22:13:12.692+0000] {logging_mixin.py:188} INFO - [2024-03-25T22:13:12.692+0000] {dag.py:3834} INFO - Setting next_dagrun for example_complex to None, run_after=None
[2024-03-25T22:13:12.699+0000] {processor.py:183} INFO - Processing /home/airflow/.local/lib/python3.8/site-packages/airflow/example_dags/example_complex.py took 0.037 seconds
[2024-03-25T22:13:43.396+0000] {processor.py:161} INFO - Started process (PID=671) to work on /home/airflow/.local/lib/python3.8/site-packages/airflow/example_dags/example_complex.py
[2024-03-25T22:13:43.397+0000] {processor.py:830} INFO - Processing file /home/airflow/.local/lib/python3.8/site-packages/airflow/example_dags/example_complex.py for tasks to queue
[2024-03-25T22:13:43.398+0000] {logging_mixin.py:188} INFO - [2024-03-25T22:13:43.398+0000] {dagbag.py:540} INFO - Filling up the DagBag from /home/airflow/.local/lib/python3.8/site-packages/airflow/example_dags/example_complex.py
[2024-03-25T22:13:43.404+0000] {processor.py:840} INFO - DAG(s) 'example_complex' retrieved from /home/airflow/.local/lib/python3.8/site-packages/airflow/example_dags/example_complex.py
[2024-03-25T22:13:43.420+0000] {logging_mixin.py:188} INFO - [2024-03-25T22:13:43.420+0000] {dag.py:3047} INFO - Sync 1 DAGs
[2024-03-25T22:13:43.426+0000] {logging_mixin.py:188} INFO - [2024-03-25T22:13:43.426+0000] {dag.py:3834} INFO - Setting next_dagrun for example_complex to None, run_after=None
[2024-03-25T22:13:43.433+0000] {processor.py:183} INFO - Processing /home/airflow/.local/lib/python3.8/site-packages/airflow/example_dags/example_complex.py took 0.039 seconds
[2024-03-25T22:14:13.930+0000] {processor.py:161} INFO - Started process (PID=727) to work on /home/airflow/.local/lib/python3.8/site-packages/airflow/example_dags/example_complex.py
[2024-03-25T22:14:13.931+0000] {processor.py:830} INFO - Processing file /home/airflow/.local/lib/python3.8/site-packages/airflow/example_dags/example_complex.py for tasks to queue
[2024-03-25T22:14:13.932+0000] {logging_mixin.py:188} INFO - [2024-03-25T22:14:13.932+0000] {dagbag.py:540} INFO - Filling up the DagBag from /home/airflow/.local/lib/python3.8/site-packages/airflow/example_dags/example_complex.py
[2024-03-25T22:14:13.938+0000] {processor.py:840} INFO - DAG(s) 'example_complex' retrieved from /home/airflow/.local/lib/python3.8/site-packages/airflow/example_dags/example_complex.py
[2024-03-25T22:14:13.953+0000] {logging_mixin.py:188} INFO - [2024-03-25T22:14:13.953+0000] {dag.py:3047} INFO - Sync 1 DAGs
[2024-03-25T22:14:13.959+0000] {logging_mixin.py:188} INFO - [2024-03-25T22:14:13.959+0000] {dag.py:3834} INFO - Setting next_dagrun for example_complex to None, run_after=None
[2024-03-25T22:14:13.966+0000] {processor.py:183} INFO - Processing /home/airflow/.local/lib/python3.8/site-packages/airflow/example_dags/example_complex.py took 0.037 seconds
[2024-03-25T22:14:44.427+0000] {processor.py:161} INFO - Started process (PID=782) to work on /home/airflow/.local/lib/python3.8/site-packages/airflow/example_dags/example_complex.py
[2024-03-25T22:14:44.428+0000] {processor.py:830} INFO - Processing file /home/airflow/.local/lib/python3.8/site-packages/airflow/example_dags/example_complex.py for tasks to queue
[2024-03-25T22:14:44.429+0000] {logging_mixin.py:188} INFO - [2024-03-25T22:14:44.429+0000] {dagbag.py:540} INFO - Filling up the DagBag from /home/airflow/.local/lib/python3.8/site-packages/airflow/example_dags/example_complex.py
[2024-03-25T22:14:44.435+0000] {processor.py:840} INFO - DAG(s) 'example_complex' retrieved from /home/airflow/.local/lib/python3.8/site-packages/airflow/example_dags/example_complex.py
[2024-03-25T22:14:44.451+0000] {logging_mixin.py:188} INFO - [2024-03-25T22:14:44.450+0000] {dag.py:3047} INFO - Sync 1 DAGs
[2024-03-25T22:14:44.456+0000] {logging_mixin.py:188} INFO - [2024-03-25T22:14:44.456+0000] {dag.py:3834} INFO - Setting next_dagrun for example_complex to None, run_after=None
[2024-03-25T22:14:44.463+0000] {processor.py:183} INFO - Processing /home/airflow/.local/lib/python3.8/site-packages/airflow/example_dags/example_complex.py took 0.038 seconds
[2024-03-25T22:15:15.005+0000] {processor.py:161} INFO - Started process (PID=837) to work on /home/airflow/.local/lib/python3.8/site-packages/airflow/example_dags/example_complex.py
[2024-03-25T22:15:15.005+0000] {processor.py:830} INFO - Processing file /home/airflow/.local/lib/python3.8/site-packages/airflow/example_dags/example_complex.py for tasks to queue
[2024-03-25T22:15:15.006+0000] {logging_mixin.py:188} INFO - [2024-03-25T22:15:15.006+0000] {dagbag.py:540} INFO - Filling up the DagBag from /home/airflow/.local/lib/python3.8/site-packages/airflow/example_dags/example_complex.py
[2024-03-25T22:15:15.012+0000] {processor.py:840} INFO - DAG(s) 'example_complex' retrieved from /home/airflow/.local/lib/python3.8/site-packages/airflow/example_dags/example_complex.py
[2024-03-25T22:15:15.028+0000] {logging_mixin.py:188} INFO - [2024-03-25T22:15:15.028+0000] {dag.py:3047} INFO - Sync 1 DAGs
[2024-03-25T22:15:15.034+0000] {logging_mixin.py:188} INFO - [2024-03-25T22:15:15.033+0000] {dag.py:3834} INFO - Setting next_dagrun for example_complex to None, run_after=None
[2024-03-25T22:15:15.041+0000] {processor.py:183} INFO - Processing /home/airflow/.local/lib/python3.8/site-packages/airflow/example_dags/example_complex.py took 0.038 seconds
[2024-03-25T22:15:45.581+0000] {processor.py:161} INFO - Started process (PID=892) to work on /home/airflow/.local/lib/python3.8/site-packages/airflow/example_dags/example_complex.py
[2024-03-25T22:15:45.582+0000] {processor.py:830} INFO - Processing file /home/airflow/.local/lib/python3.8/site-packages/airflow/example_dags/example_complex.py for tasks to queue
[2024-03-25T22:15:45.583+0000] {logging_mixin.py:188} INFO - [2024-03-25T22:15:45.583+0000] {dagbag.py:540} INFO - Filling up the DagBag from /home/airflow/.local/lib/python3.8/site-packages/airflow/example_dags/example_complex.py
[2024-03-25T22:15:45.589+0000] {processor.py:840} INFO - DAG(s) 'example_complex' retrieved from /home/airflow/.local/lib/python3.8/site-packages/airflow/example_dags/example_complex.py
[2024-03-25T22:15:45.605+0000] {logging_mixin.py:188} INFO - [2024-03-25T22:15:45.605+0000] {dag.py:3047} INFO - Sync 1 DAGs
[2024-03-25T22:15:45.611+0000] {logging_mixin.py:188} INFO - [2024-03-25T22:15:45.611+0000] {dag.py:3834} INFO - Setting next_dagrun for example_complex to None, run_after=None
[2024-03-25T22:15:45.619+0000] {processor.py:183} INFO - Processing /home/airflow/.local/lib/python3.8/site-packages/airflow/example_dags/example_complex.py took 0.039 seconds
[2024-03-25T22:16:16.410+0000] {processor.py:161} INFO - Started process (PID=946) to work on /home/airflow/.local/lib/python3.8/site-packages/airflow/example_dags/example_complex.py
[2024-03-25T22:16:16.410+0000] {processor.py:830} INFO - Processing file /home/airflow/.local/lib/python3.8/site-packages/airflow/example_dags/example_complex.py for tasks to queue
[2024-03-25T22:16:16.411+0000] {logging_mixin.py:188} INFO - [2024-03-25T22:16:16.411+0000] {dagbag.py:540} INFO - Filling up the DagBag from /home/airflow/.local/lib/python3.8/site-packages/airflow/example_dags/example_complex.py
[2024-03-25T22:16:16.417+0000] {processor.py:840} INFO - DAG(s) 'example_complex' retrieved from /home/airflow/.local/lib/python3.8/site-packages/airflow/example_dags/example_complex.py
[2024-03-25T22:16:16.433+0000] {logging_mixin.py:188} INFO - [2024-03-25T22:16:16.433+0000] {dag.py:3047} INFO - Sync 1 DAGs
[2024-03-25T22:16:16.439+0000] {logging_mixin.py:188} INFO - [2024-03-25T22:16:16.439+0000] {dag.py:3834} INFO - Setting next_dagrun for example_complex to None, run_after=None
[2024-03-25T22:16:16.446+0000] {processor.py:183} INFO - Processing /home/airflow/.local/lib/python3.8/site-packages/airflow/example_dags/example_complex.py took 0.038 seconds
[2024-03-25T22:16:46.544+0000] {processor.py:161} INFO - Started process (PID=1001) to work on /home/airflow/.local/lib/python3.8/site-packages/airflow/example_dags/example_complex.py
[2024-03-25T22:16:46.545+0000] {processor.py:830} INFO - Processing file /home/airflow/.local/lib/python3.8/site-packages/airflow/example_dags/example_complex.py for tasks to queue
[2024-03-25T22:16:46.546+0000] {logging_mixin.py:188} INFO - [2024-03-25T22:16:46.546+0000] {dagbag.py:540} INFO - Filling up the DagBag from /home/airflow/.local/lib/python3.8/site-packages/airflow/example_dags/example_complex.py
[2024-03-25T22:16:46.552+0000] {processor.py:840} INFO - DAG(s) 'example_complex' retrieved from /home/airflow/.local/lib/python3.8/site-packages/airflow/example_dags/example_complex.py
[2024-03-25T22:16:46.569+0000] {logging_mixin.py:188} INFO - [2024-03-25T22:16:46.569+0000] {dag.py:3047} INFO - Sync 1 DAGs
[2024-03-25T22:16:46.575+0000] {logging_mixin.py:188} INFO - [2024-03-25T22:16:46.575+0000] {dag.py:3834} INFO - Setting next_dagrun for example_complex to None, run_after=None
[2024-03-25T22:16:46.584+0000] {processor.py:183} INFO - Processing /home/airflow/.local/lib/python3.8/site-packages/airflow/example_dags/example_complex.py took 0.042 seconds
[2024-03-25T22:17:17.458+0000] {processor.py:161} INFO - Started process (PID=1056) to work on /home/airflow/.local/lib/python3.8/site-packages/airflow/example_dags/example_complex.py
[2024-03-25T22:17:17.458+0000] {processor.py:830} INFO - Processing file /home/airflow/.local/lib/python3.8/site-packages/airflow/example_dags/example_complex.py for tasks to queue
[2024-03-25T22:17:17.459+0000] {logging_mixin.py:188} INFO - [2024-03-25T22:17:17.459+0000] {dagbag.py:540} INFO - Filling up the DagBag from /home/airflow/.local/lib/python3.8/site-packages/airflow/example_dags/example_complex.py
[2024-03-25T22:17:17.465+0000] {processor.py:840} INFO - DAG(s) 'example_complex' retrieved from /home/airflow/.local/lib/python3.8/site-packages/airflow/example_dags/example_complex.py
[2024-03-25T22:17:17.481+0000] {logging_mixin.py:188} INFO - [2024-03-25T22:17:17.481+0000] {dag.py:3047} INFO - Sync 1 DAGs
[2024-03-25T22:17:17.488+0000] {logging_mixin.py:188} INFO - [2024-03-25T22:17:17.487+0000] {dag.py:3834} INFO - Setting next_dagrun for example_complex to None, run_after=None
[2024-03-25T22:17:17.497+0000] {processor.py:183} INFO - Processing /home/airflow/.local/lib/python3.8/site-packages/airflow/example_dags/example_complex.py took 0.042 seconds
[2024-03-25T22:17:48.039+0000] {processor.py:161} INFO - Started process (PID=1111) to work on /home/airflow/.local/lib/python3.8/site-packages/airflow/example_dags/example_complex.py
[2024-03-25T22:17:48.040+0000] {processor.py:830} INFO - Processing file /home/airflow/.local/lib/python3.8/site-packages/airflow/example_dags/example_complex.py for tasks to queue
[2024-03-25T22:17:48.041+0000] {logging_mixin.py:188} INFO - [2024-03-25T22:17:48.041+0000] {dagbag.py:540} INFO - Filling up the DagBag from /home/airflow/.local/lib/python3.8/site-packages/airflow/example_dags/example_complex.py
[2024-03-25T22:17:48.047+0000] {processor.py:840} INFO - DAG(s) 'example_complex' retrieved from /home/airflow/.local/lib/python3.8/site-packages/airflow/example_dags/example_complex.py
[2024-03-25T22:17:48.063+0000] {logging_mixin.py:188} INFO - [2024-03-25T22:17:48.063+0000] {dag.py:3047} INFO - Sync 1 DAGs
[2024-03-25T22:17:48.069+0000] {logging_mixin.py:188} INFO - [2024-03-25T22:17:48.069+0000] {dag.py:3834} INFO - Setting next_dagrun for example_complex to None, run_after=None
[2024-03-25T22:17:48.077+0000] {processor.py:183} INFO - Processing /home/airflow/.local/lib/python3.8/site-packages/airflow/example_dags/example_complex.py took 0.040 seconds
[2024-03-25T22:18:18.677+0000] {processor.py:161} INFO - Started process (PID=1166) to work on /home/airflow/.local/lib/python3.8/site-packages/airflow/example_dags/example_complex.py
[2024-03-25T22:18:18.678+0000] {processor.py:830} INFO - Processing file /home/airflow/.local/lib/python3.8/site-packages/airflow/example_dags/example_complex.py for tasks to queue
[2024-03-25T22:18:18.679+0000] {logging_mixin.py:188} INFO - [2024-03-25T22:18:18.678+0000] {dagbag.py:540} INFO - Filling up the DagBag from /home/airflow/.local/lib/python3.8/site-packages/airflow/example_dags/example_complex.py
[2024-03-25T22:18:18.684+0000] {processor.py:840} INFO - DAG(s) 'example_complex' retrieved from /home/airflow/.local/lib/python3.8/site-packages/airflow/example_dags/example_complex.py
[2024-03-25T22:18:18.701+0000] {logging_mixin.py:188} INFO - [2024-03-25T22:18:18.701+0000] {dag.py:3047} INFO - Sync 1 DAGs
[2024-03-25T22:18:18.707+0000] {logging_mixin.py:188} INFO - [2024-03-25T22:18:18.707+0000] {dag.py:3834} INFO - Setting next_dagrun for example_complex to None, run_after=None
[2024-03-25T22:18:18.715+0000] {processor.py:183} INFO - Processing /home/airflow/.local/lib/python3.8/site-packages/airflow/example_dags/example_complex.py took 0.041 seconds
[2024-03-25T22:18:49.237+0000] {processor.py:161} INFO - Started process (PID=1222) to work on /home/airflow/.local/lib/python3.8/site-packages/airflow/example_dags/example_complex.py
[2024-03-25T22:18:49.238+0000] {processor.py:830} INFO - Processing file /home/airflow/.local/lib/python3.8/site-packages/airflow/example_dags/example_complex.py for tasks to queue
[2024-03-25T22:18:49.239+0000] {logging_mixin.py:188} INFO - [2024-03-25T22:18:49.239+0000] {dagbag.py:540} INFO - Filling up the DagBag from /home/airflow/.local/lib/python3.8/site-packages/airflow/example_dags/example_complex.py
[2024-03-25T22:18:49.245+0000] {processor.py:840} INFO - DAG(s) 'example_complex' retrieved from /home/airflow/.local/lib/python3.8/site-packages/airflow/example_dags/example_complex.py
[2024-03-25T22:18:49.261+0000] {logging_mixin.py:188} INFO - [2024-03-25T22:18:49.261+0000] {dag.py:3047} INFO - Sync 1 DAGs
[2024-03-25T22:18:49.267+0000] {logging_mixin.py:188} INFO - [2024-03-25T22:18:49.267+0000] {dag.py:3834} INFO - Setting next_dagrun for example_complex to None, run_after=None
[2024-03-25T22:18:49.275+0000] {processor.py:183} INFO - Processing /home/airflow/.local/lib/python3.8/site-packages/airflow/example_dags/example_complex.py took 0.039 seconds
[2024-03-25T22:19:19.843+0000] {processor.py:161} INFO - Started process (PID=1277) to work on /home/airflow/.local/lib/python3.8/site-packages/airflow/example_dags/example_complex.py
[2024-03-25T22:19:19.844+0000] {processor.py:830} INFO - Processing file /home/airflow/.local/lib/python3.8/site-packages/airflow/example_dags/example_complex.py for tasks to queue
[2024-03-25T22:19:19.845+0000] {logging_mixin.py:188} INFO - [2024-03-25T22:19:19.845+0000] {dagbag.py:540} INFO - Filling up the DagBag from /home/airflow/.local/lib/python3.8/site-packages/airflow/example_dags/example_complex.py
[2024-03-25T22:19:19.851+0000] {processor.py:840} INFO - DAG(s) 'example_complex' retrieved from /home/airflow/.local/lib/python3.8/site-packages/airflow/example_dags/example_complex.py
[2024-03-25T22:19:19.867+0000] {logging_mixin.py:188} INFO - [2024-03-25T22:19:19.867+0000] {dag.py:3047} INFO - Sync 1 DAGs
[2024-03-25T22:19:19.873+0000] {logging_mixin.py:188} INFO - [2024-03-25T22:19:19.872+0000] {dag.py:3834} INFO - Setting next_dagrun for example_complex to None, run_after=None
[2024-03-25T22:19:19.880+0000] {processor.py:183} INFO - Processing /home/airflow/.local/lib/python3.8/site-packages/airflow/example_dags/example_complex.py took 0.039 seconds
[2024-03-25T22:19:50.422+0000] {processor.py:161} INFO - Started process (PID=1332) to work on /home/airflow/.local/lib/python3.8/site-packages/airflow/example_dags/example_complex.py
[2024-03-25T22:19:50.423+0000] {processor.py:830} INFO - Processing file /home/airflow/.local/lib/python3.8/site-packages/airflow/example_dags/example_complex.py for tasks to queue
[2024-03-25T22:19:50.424+0000] {logging_mixin.py:188} INFO - [2024-03-25T22:19:50.424+0000] {dagbag.py:540} INFO - Filling up the DagBag from /home/airflow/.local/lib/python3.8/site-packages/airflow/example_dags/example_complex.py
[2024-03-25T22:19:50.429+0000] {processor.py:840} INFO - DAG(s) 'example_complex' retrieved from /home/airflow/.local/lib/python3.8/site-packages/airflow/example_dags/example_complex.py
[2024-03-25T22:19:50.446+0000] {logging_mixin.py:188} INFO - [2024-03-25T22:19:50.446+0000] {dag.py:3047} INFO - Sync 1 DAGs
[2024-03-25T22:19:50.451+0000] {logging_mixin.py:188} INFO - [2024-03-25T22:19:50.451+0000] {dag.py:3834} INFO - Setting next_dagrun for example_complex to None, run_after=None
[2024-03-25T22:19:50.459+0000] {processor.py:183} INFO - Processing /home/airflow/.local/lib/python3.8/site-packages/airflow/example_dags/example_complex.py took 0.039 seconds
[2024-03-25T22:20:20.937+0000] {processor.py:161} INFO - Started process (PID=1388) to work on /home/airflow/.local/lib/python3.8/site-packages/airflow/example_dags/example_complex.py
[2024-03-25T22:20:20.937+0000] {processor.py:830} INFO - Processing file /home/airflow/.local/lib/python3.8/site-packages/airflow/example_dags/example_complex.py for tasks to queue
[2024-03-25T22:20:20.938+0000] {logging_mixin.py:188} INFO - [2024-03-25T22:20:20.938+0000] {dagbag.py:540} INFO - Filling up the DagBag from /home/airflow/.local/lib/python3.8/site-packages/airflow/example_dags/example_complex.py
[2024-03-25T22:20:20.944+0000] {processor.py:840} INFO - DAG(s) 'example_complex' retrieved from /home/airflow/.local/lib/python3.8/site-packages/airflow/example_dags/example_complex.py
[2024-03-25T22:20:20.960+0000] {logging_mixin.py:188} INFO - [2024-03-25T22:20:20.960+0000] {dag.py:3047} INFO - Sync 1 DAGs
[2024-03-25T22:20:20.966+0000] {logging_mixin.py:188} INFO - [2024-03-25T22:20:20.966+0000] {dag.py:3834} INFO - Setting next_dagrun for example_complex to None, run_after=None
[2024-03-25T22:20:20.974+0000] {processor.py:183} INFO - Processing /home/airflow/.local/lib/python3.8/site-packages/airflow/example_dags/example_complex.py took 0.039 seconds
[2024-03-25T22:20:51.569+0000] {processor.py:161} INFO - Started process (PID=1443) to work on /home/airflow/.local/lib/python3.8/site-packages/airflow/example_dags/example_complex.py
[2024-03-25T22:20:51.569+0000] {processor.py:830} INFO - Processing file /home/airflow/.local/lib/python3.8/site-packages/airflow/example_dags/example_complex.py for tasks to queue
[2024-03-25T22:20:51.570+0000] {logging_mixin.py:188} INFO - [2024-03-25T22:20:51.570+0000] {dagbag.py:540} INFO - Filling up the DagBag from /home/airflow/.local/lib/python3.8/site-packages/airflow/example_dags/example_complex.py
[2024-03-25T22:20:51.576+0000] {processor.py:840} INFO - DAG(s) 'example_complex' retrieved from /home/airflow/.local/lib/python3.8/site-packages/airflow/example_dags/example_complex.py
[2024-03-25T22:20:51.592+0000] {logging_mixin.py:188} INFO - [2024-03-25T22:20:51.592+0000] {dag.py:3047} INFO - Sync 1 DAGs
[2024-03-25T22:20:51.598+0000] {logging_mixin.py:188} INFO - [2024-03-25T22:20:51.598+0000] {dag.py:3834} INFO - Setting next_dagrun for example_complex to None, run_after=None
[2024-03-25T22:20:51.605+0000] {processor.py:183} INFO - Processing /home/airflow/.local/lib/python3.8/site-packages/airflow/example_dags/example_complex.py took 0.039 seconds
[2024-03-25T22:21:22.143+0000] {processor.py:161} INFO - Started process (PID=1499) to work on /home/airflow/.local/lib/python3.8/site-packages/airflow/example_dags/example_complex.py
[2024-03-25T22:21:22.144+0000] {processor.py:830} INFO - Processing file /home/airflow/.local/lib/python3.8/site-packages/airflow/example_dags/example_complex.py for tasks to queue
[2024-03-25T22:21:22.145+0000] {logging_mixin.py:188} INFO - [2024-03-25T22:21:22.145+0000] {dagbag.py:540} INFO - Filling up the DagBag from /home/airflow/.local/lib/python3.8/site-packages/airflow/example_dags/example_complex.py
[2024-03-25T22:21:22.151+0000] {processor.py:840} INFO - DAG(s) 'example_complex' retrieved from /home/airflow/.local/lib/python3.8/site-packages/airflow/example_dags/example_complex.py
[2024-03-25T22:21:22.167+0000] {logging_mixin.py:188} INFO - [2024-03-25T22:21:22.167+0000] {dag.py:3047} INFO - Sync 1 DAGs
[2024-03-25T22:21:22.172+0000] {logging_mixin.py:188} INFO - [2024-03-25T22:21:22.172+0000] {dag.py:3834} INFO - Setting next_dagrun for example_complex to None, run_after=None
[2024-03-25T22:21:22.180+0000] {processor.py:183} INFO - Processing /home/airflow/.local/lib/python3.8/site-packages/airflow/example_dags/example_complex.py took 0.039 seconds
[2024-03-25T22:21:52.798+0000] {processor.py:161} INFO - Started process (PID=1555) to work on /home/airflow/.local/lib/python3.8/site-packages/airflow/example_dags/example_complex.py
[2024-03-25T22:21:52.799+0000] {processor.py:830} INFO - Processing file /home/airflow/.local/lib/python3.8/site-packages/airflow/example_dags/example_complex.py for tasks to queue
[2024-03-25T22:21:52.800+0000] {logging_mixin.py:188} INFO - [2024-03-25T22:21:52.799+0000] {dagbag.py:540} INFO - Filling up the DagBag from /home/airflow/.local/lib/python3.8/site-packages/airflow/example_dags/example_complex.py
[2024-03-25T22:21:52.805+0000] {processor.py:840} INFO - DAG(s) 'example_complex' retrieved from /home/airflow/.local/lib/python3.8/site-packages/airflow/example_dags/example_complex.py
[2024-03-25T22:21:52.821+0000] {logging_mixin.py:188} INFO - [2024-03-25T22:21:52.821+0000] {dag.py:3047} INFO - Sync 1 DAGs
[2024-03-25T22:21:52.826+0000] {logging_mixin.py:188} INFO - [2024-03-25T22:21:52.826+0000] {dag.py:3834} INFO - Setting next_dagrun for example_complex to None, run_after=None
[2024-03-25T22:21:52.833+0000] {processor.py:183} INFO - Processing /home/airflow/.local/lib/python3.8/site-packages/airflow/example_dags/example_complex.py took 0.037 seconds
[2024-03-25T22:22:23.441+0000] {processor.py:161} INFO - Started process (PID=1611) to work on /home/airflow/.local/lib/python3.8/site-packages/airflow/example_dags/example_complex.py
[2024-03-25T22:22:23.442+0000] {processor.py:830} INFO - Processing file /home/airflow/.local/lib/python3.8/site-packages/airflow/example_dags/example_complex.py for tasks to queue
[2024-03-25T22:22:23.443+0000] {logging_mixin.py:188} INFO - [2024-03-25T22:22:23.443+0000] {dagbag.py:540} INFO - Filling up the DagBag from /home/airflow/.local/lib/python3.8/site-packages/airflow/example_dags/example_complex.py
[2024-03-25T22:22:23.449+0000] {processor.py:840} INFO - DAG(s) 'example_complex' retrieved from /home/airflow/.local/lib/python3.8/site-packages/airflow/example_dags/example_complex.py
[2024-03-25T22:22:23.465+0000] {logging_mixin.py:188} INFO - [2024-03-25T22:22:23.465+0000] {dag.py:3047} INFO - Sync 1 DAGs
[2024-03-25T22:22:23.470+0000] {logging_mixin.py:188} INFO - [2024-03-25T22:22:23.470+0000] {dag.py:3834} INFO - Setting next_dagrun for example_complex to None, run_after=None
[2024-03-25T22:22:23.478+0000] {processor.py:183} INFO - Processing /home/airflow/.local/lib/python3.8/site-packages/airflow/example_dags/example_complex.py took 0.038 seconds
[2024-03-25T22:22:54.046+0000] {processor.py:161} INFO - Started process (PID=1666) to work on /home/airflow/.local/lib/python3.8/site-packages/airflow/example_dags/example_complex.py
[2024-03-25T22:22:54.046+0000] {processor.py:830} INFO - Processing file /home/airflow/.local/lib/python3.8/site-packages/airflow/example_dags/example_complex.py for tasks to queue
[2024-03-25T22:22:54.047+0000] {logging_mixin.py:188} INFO - [2024-03-25T22:22:54.047+0000] {dagbag.py:540} INFO - Filling up the DagBag from /home/airflow/.local/lib/python3.8/site-packages/airflow/example_dags/example_complex.py
[2024-03-25T22:22:54.053+0000] {processor.py:840} INFO - DAG(s) 'example_complex' retrieved from /home/airflow/.local/lib/python3.8/site-packages/airflow/example_dags/example_complex.py
[2024-03-25T22:22:54.069+0000] {logging_mixin.py:188} INFO - [2024-03-25T22:22:54.069+0000] {dag.py:3047} INFO - Sync 1 DAGs
[2024-03-25T22:22:54.075+0000] {logging_mixin.py:188} INFO - [2024-03-25T22:22:54.075+0000] {dag.py:3834} INFO - Setting next_dagrun for example_complex to None, run_after=None
[2024-03-25T22:22:54.083+0000] {processor.py:183} INFO - Processing /home/airflow/.local/lib/python3.8/site-packages/airflow/example_dags/example_complex.py took 0.039 seconds
[2024-03-25T22:23:24.642+0000] {processor.py:161} INFO - Started process (PID=1721) to work on /home/airflow/.local/lib/python3.8/site-packages/airflow/example_dags/example_complex.py
[2024-03-25T22:23:24.642+0000] {processor.py:830} INFO - Processing file /home/airflow/.local/lib/python3.8/site-packages/airflow/example_dags/example_complex.py for tasks to queue
[2024-03-25T22:23:24.643+0000] {logging_mixin.py:188} INFO - [2024-03-25T22:23:24.643+0000] {dagbag.py:540} INFO - Filling up the DagBag from /home/airflow/.local/lib/python3.8/site-packages/airflow/example_dags/example_complex.py
[2024-03-25T22:23:24.649+0000] {processor.py:840} INFO - DAG(s) 'example_complex' retrieved from /home/airflow/.local/lib/python3.8/site-packages/airflow/example_dags/example_complex.py
[2024-03-25T22:23:24.665+0000] {logging_mixin.py:188} INFO - [2024-03-25T22:23:24.665+0000] {dag.py:3047} INFO - Sync 1 DAGs
[2024-03-25T22:23:24.670+0000] {logging_mixin.py:188} INFO - [2024-03-25T22:23:24.670+0000] {dag.py:3834} INFO - Setting next_dagrun for example_complex to None, run_after=None
[2024-03-25T22:23:24.678+0000] {processor.py:183} INFO - Processing /home/airflow/.local/lib/python3.8/site-packages/airflow/example_dags/example_complex.py took 0.039 seconds
[2024-03-25T22:23:55.201+0000] {processor.py:161} INFO - Started process (PID=1775) to work on /home/airflow/.local/lib/python3.8/site-packages/airflow/example_dags/example_complex.py
[2024-03-25T22:23:55.201+0000] {processor.py:830} INFO - Processing file /home/airflow/.local/lib/python3.8/site-packages/airflow/example_dags/example_complex.py for tasks to queue
[2024-03-25T22:23:55.202+0000] {logging_mixin.py:188} INFO - [2024-03-25T22:23:55.202+0000] {dagbag.py:540} INFO - Filling up the DagBag from /home/airflow/.local/lib/python3.8/site-packages/airflow/example_dags/example_complex.py
[2024-03-25T22:23:55.208+0000] {processor.py:840} INFO - DAG(s) 'example_complex' retrieved from /home/airflow/.local/lib/python3.8/site-packages/airflow/example_dags/example_complex.py
[2024-03-25T22:23:55.225+0000] {logging_mixin.py:188} INFO - [2024-03-25T22:23:55.225+0000] {dag.py:3047} INFO - Sync 1 DAGs
[2024-03-25T22:23:55.231+0000] {logging_mixin.py:188} INFO - [2024-03-25T22:23:55.230+0000] {dag.py:3834} INFO - Setting next_dagrun for example_complex to None, run_after=None
[2024-03-25T22:23:55.239+0000] {processor.py:183} INFO - Processing /home/airflow/.local/lib/python3.8/site-packages/airflow/example_dags/example_complex.py took 0.040 seconds
[2024-03-25T22:24:25.762+0000] {processor.py:161} INFO - Started process (PID=1830) to work on /home/airflow/.local/lib/python3.8/site-packages/airflow/example_dags/example_complex.py
[2024-03-25T22:24:25.763+0000] {processor.py:830} INFO - Processing file /home/airflow/.local/lib/python3.8/site-packages/airflow/example_dags/example_complex.py for tasks to queue
[2024-03-25T22:24:25.764+0000] {logging_mixin.py:188} INFO - [2024-03-25T22:24:25.763+0000] {dagbag.py:540} INFO - Filling up the DagBag from /home/airflow/.local/lib/python3.8/site-packages/airflow/example_dags/example_complex.py
[2024-03-25T22:24:25.769+0000] {processor.py:840} INFO - DAG(s) 'example_complex' retrieved from /home/airflow/.local/lib/python3.8/site-packages/airflow/example_dags/example_complex.py
[2024-03-25T22:24:25.786+0000] {logging_mixin.py:188} INFO - [2024-03-25T22:24:25.786+0000] {dag.py:3047} INFO - Sync 1 DAGs
[2024-03-25T22:24:25.792+0000] {logging_mixin.py:188} INFO - [2024-03-25T22:24:25.791+0000] {dag.py:3834} INFO - Setting next_dagrun for example_complex to None, run_after=None
[2024-03-25T22:24:25.801+0000] {processor.py:183} INFO - Processing /home/airflow/.local/lib/python3.8/site-packages/airflow/example_dags/example_complex.py took 0.041 seconds
[2024-03-25T22:24:56.266+0000] {processor.py:161} INFO - Started process (PID=1886) to work on /home/airflow/.local/lib/python3.8/site-packages/airflow/example_dags/example_complex.py
[2024-03-25T22:24:56.267+0000] {processor.py:830} INFO - Processing file /home/airflow/.local/lib/python3.8/site-packages/airflow/example_dags/example_complex.py for tasks to queue
[2024-03-25T22:24:56.268+0000] {logging_mixin.py:188} INFO - [2024-03-25T22:24:56.268+0000] {dagbag.py:540} INFO - Filling up the DagBag from /home/airflow/.local/lib/python3.8/site-packages/airflow/example_dags/example_complex.py
[2024-03-25T22:24:56.274+0000] {processor.py:840} INFO - DAG(s) 'example_complex' retrieved from /home/airflow/.local/lib/python3.8/site-packages/airflow/example_dags/example_complex.py
[2024-03-25T22:24:56.290+0000] {logging_mixin.py:188} INFO - [2024-03-25T22:24:56.290+0000] {dag.py:3047} INFO - Sync 1 DAGs
[2024-03-25T22:24:56.295+0000] {logging_mixin.py:188} INFO - [2024-03-25T22:24:56.295+0000] {dag.py:3834} INFO - Setting next_dagrun for example_complex to None, run_after=None
[2024-03-25T22:24:56.303+0000] {processor.py:183} INFO - Processing /home/airflow/.local/lib/python3.8/site-packages/airflow/example_dags/example_complex.py took 0.038 seconds
[2024-03-25T22:25:26.772+0000] {processor.py:161} INFO - Started process (PID=1941) to work on /home/airflow/.local/lib/python3.8/site-packages/airflow/example_dags/example_complex.py
[2024-03-25T22:25:26.773+0000] {processor.py:830} INFO - Processing file /home/airflow/.local/lib/python3.8/site-packages/airflow/example_dags/example_complex.py for tasks to queue
[2024-03-25T22:25:26.774+0000] {logging_mixin.py:188} INFO - [2024-03-25T22:25:26.774+0000] {dagbag.py:540} INFO - Filling up the DagBag from /home/airflow/.local/lib/python3.8/site-packages/airflow/example_dags/example_complex.py
[2024-03-25T22:25:26.780+0000] {processor.py:840} INFO - DAG(s) 'example_complex' retrieved from /home/airflow/.local/lib/python3.8/site-packages/airflow/example_dags/example_complex.py
[2024-03-25T22:25:26.797+0000] {logging_mixin.py:188} INFO - [2024-03-25T22:25:26.797+0000] {dag.py:3047} INFO - Sync 1 DAGs
[2024-03-25T22:25:26.802+0000] {logging_mixin.py:188} INFO - [2024-03-25T22:25:26.802+0000] {dag.py:3834} INFO - Setting next_dagrun for example_complex to None, run_after=None
[2024-03-25T22:25:26.810+0000] {processor.py:183} INFO - Processing /home/airflow/.local/lib/python3.8/site-packages/airflow/example_dags/example_complex.py took 0.040 seconds
[2024-03-25T22:25:57.376+0000] {processor.py:161} INFO - Started process (PID=1996) to work on /home/airflow/.local/lib/python3.8/site-packages/airflow/example_dags/example_complex.py
[2024-03-25T22:25:57.376+0000] {processor.py:830} INFO - Processing file /home/airflow/.local/lib/python3.8/site-packages/airflow/example_dags/example_complex.py for tasks to queue
[2024-03-25T22:25:57.377+0000] {logging_mixin.py:188} INFO - [2024-03-25T22:25:57.377+0000] {dagbag.py:540} INFO - Filling up the DagBag from /home/airflow/.local/lib/python3.8/site-packages/airflow/example_dags/example_complex.py
[2024-03-25T22:25:57.383+0000] {processor.py:840} INFO - DAG(s) 'example_complex' retrieved from /home/airflow/.local/lib/python3.8/site-packages/airflow/example_dags/example_complex.py
[2024-03-25T22:25:57.399+0000] {logging_mixin.py:188} INFO - [2024-03-25T22:25:57.399+0000] {dag.py:3047} INFO - Sync 1 DAGs
[2024-03-25T22:25:57.405+0000] {logging_mixin.py:188} INFO - [2024-03-25T22:25:57.405+0000] {dag.py:3834} INFO - Setting next_dagrun for example_complex to None, run_after=None
[2024-03-25T22:25:57.413+0000] {processor.py:183} INFO - Processing /home/airflow/.local/lib/python3.8/site-packages/airflow/example_dags/example_complex.py took 0.039 seconds
[2024-03-25T22:26:27.972+0000] {processor.py:161} INFO - Started process (PID=2051) to work on /home/airflow/.local/lib/python3.8/site-packages/airflow/example_dags/example_complex.py
[2024-03-25T22:26:27.973+0000] {processor.py:830} INFO - Processing file /home/airflow/.local/lib/python3.8/site-packages/airflow/example_dags/example_complex.py for tasks to queue
[2024-03-25T22:26:27.974+0000] {logging_mixin.py:188} INFO - [2024-03-25T22:26:27.973+0000] {dagbag.py:540} INFO - Filling up the DagBag from /home/airflow/.local/lib/python3.8/site-packages/airflow/example_dags/example_complex.py
[2024-03-25T22:26:27.979+0000] {processor.py:840} INFO - DAG(s) 'example_complex' retrieved from /home/airflow/.local/lib/python3.8/site-packages/airflow/example_dags/example_complex.py
[2024-03-25T22:26:27.995+0000] {logging_mixin.py:188} INFO - [2024-03-25T22:26:27.995+0000] {dag.py:3047} INFO - Sync 1 DAGs
[2024-03-25T22:26:28.001+0000] {logging_mixin.py:188} INFO - [2024-03-25T22:26:28.001+0000] {dag.py:3834} INFO - Setting next_dagrun for example_complex to None, run_after=None
[2024-03-25T22:26:28.009+0000] {processor.py:183} INFO - Processing /home/airflow/.local/lib/python3.8/site-packages/airflow/example_dags/example_complex.py took 0.038 seconds
[2024-03-25T22:26:58.575+0000] {processor.py:161} INFO - Started process (PID=2106) to work on /home/airflow/.local/lib/python3.8/site-packages/airflow/example_dags/example_complex.py
[2024-03-25T22:26:58.575+0000] {processor.py:830} INFO - Processing file /home/airflow/.local/lib/python3.8/site-packages/airflow/example_dags/example_complex.py for tasks to queue
[2024-03-25T22:26:58.576+0000] {logging_mixin.py:188} INFO - [2024-03-25T22:26:58.576+0000] {dagbag.py:540} INFO - Filling up the DagBag from /home/airflow/.local/lib/python3.8/site-packages/airflow/example_dags/example_complex.py
[2024-03-25T22:26:58.582+0000] {processor.py:840} INFO - DAG(s) 'example_complex' retrieved from /home/airflow/.local/lib/python3.8/site-packages/airflow/example_dags/example_complex.py
[2024-03-25T22:26:58.598+0000] {logging_mixin.py:188} INFO - [2024-03-25T22:26:58.598+0000] {dag.py:3047} INFO - Sync 1 DAGs
[2024-03-25T22:26:58.604+0000] {logging_mixin.py:188} INFO - [2024-03-25T22:26:58.604+0000] {dag.py:3834} INFO - Setting next_dagrun for example_complex to None, run_after=None
[2024-03-25T22:26:58.611+0000] {processor.py:183} INFO - Processing /home/airflow/.local/lib/python3.8/site-packages/airflow/example_dags/example_complex.py took 0.038 seconds
[2024-03-25T22:27:29.155+0000] {processor.py:161} INFO - Started process (PID=2160) to work on /home/airflow/.local/lib/python3.8/site-packages/airflow/example_dags/example_complex.py
[2024-03-25T22:27:29.155+0000] {processor.py:830} INFO - Processing file /home/airflow/.local/lib/python3.8/site-packages/airflow/example_dags/example_complex.py for tasks to queue
[2024-03-25T22:27:29.156+0000] {logging_mixin.py:188} INFO - [2024-03-25T22:27:29.156+0000] {dagbag.py:540} INFO - Filling up the DagBag from /home/airflow/.local/lib/python3.8/site-packages/airflow/example_dags/example_complex.py
[2024-03-25T22:27:29.162+0000] {processor.py:840} INFO - DAG(s) 'example_complex' retrieved from /home/airflow/.local/lib/python3.8/site-packages/airflow/example_dags/example_complex.py
[2024-03-25T22:27:29.178+0000] {logging_mixin.py:188} INFO - [2024-03-25T22:27:29.178+0000] {dag.py:3047} INFO - Sync 1 DAGs
[2024-03-25T22:27:29.183+0000] {logging_mixin.py:188} INFO - [2024-03-25T22:27:29.183+0000] {dag.py:3834} INFO - Setting next_dagrun for example_complex to None, run_after=None
[2024-03-25T22:27:29.191+0000] {processor.py:183} INFO - Processing /home/airflow/.local/lib/python3.8/site-packages/airflow/example_dags/example_complex.py took 0.038 seconds
[2024-03-25T22:27:59.768+0000] {processor.py:161} INFO - Started process (PID=2215) to work on /home/airflow/.local/lib/python3.8/site-packages/airflow/example_dags/example_complex.py
[2024-03-25T22:27:59.769+0000] {processor.py:830} INFO - Processing file /home/airflow/.local/lib/python3.8/site-packages/airflow/example_dags/example_complex.py for tasks to queue
[2024-03-25T22:27:59.770+0000] {logging_mixin.py:188} INFO - [2024-03-25T22:27:59.770+0000] {dagbag.py:540} INFO - Filling up the DagBag from /home/airflow/.local/lib/python3.8/site-packages/airflow/example_dags/example_complex.py
[2024-03-25T22:27:59.776+0000] {processor.py:840} INFO - DAG(s) 'example_complex' retrieved from /home/airflow/.local/lib/python3.8/site-packages/airflow/example_dags/example_complex.py
[2024-03-25T22:27:59.792+0000] {logging_mixin.py:188} INFO - [2024-03-25T22:27:59.792+0000] {dag.py:3047} INFO - Sync 1 DAGs
[2024-03-25T22:27:59.797+0000] {logging_mixin.py:188} INFO - [2024-03-25T22:27:59.797+0000] {dag.py:3834} INFO - Setting next_dagrun for example_complex to None, run_after=None
[2024-03-25T22:27:59.805+0000] {processor.py:183} INFO - Processing /home/airflow/.local/lib/python3.8/site-packages/airflow/example_dags/example_complex.py took 0.038 seconds
[2024-03-25T22:28:30.326+0000] {processor.py:161} INFO - Started process (PID=2270) to work on /home/airflow/.local/lib/python3.8/site-packages/airflow/example_dags/example_complex.py
[2024-03-25T22:28:30.327+0000] {processor.py:830} INFO - Processing file /home/airflow/.local/lib/python3.8/site-packages/airflow/example_dags/example_complex.py for tasks to queue
[2024-03-25T22:28:30.328+0000] {logging_mixin.py:188} INFO - [2024-03-25T22:28:30.328+0000] {dagbag.py:540} INFO - Filling up the DagBag from /home/airflow/.local/lib/python3.8/site-packages/airflow/example_dags/example_complex.py
[2024-03-25T22:28:30.334+0000] {processor.py:840} INFO - DAG(s) 'example_complex' retrieved from /home/airflow/.local/lib/python3.8/site-packages/airflow/example_dags/example_complex.py
[2024-03-25T22:28:30.350+0000] {logging_mixin.py:188} INFO - [2024-03-25T22:28:30.350+0000] {dag.py:3047} INFO - Sync 1 DAGs
[2024-03-25T22:28:30.355+0000] {logging_mixin.py:188} INFO - [2024-03-25T22:28:30.355+0000] {dag.py:3834} INFO - Setting next_dagrun for example_complex to None, run_after=None
[2024-03-25T22:28:30.363+0000] {processor.py:183} INFO - Processing /home/airflow/.local/lib/python3.8/site-packages/airflow/example_dags/example_complex.py took 0.038 seconds
[2024-03-25T22:29:00.943+0000] {processor.py:161} INFO - Started process (PID=2325) to work on /home/airflow/.local/lib/python3.8/site-packages/airflow/example_dags/example_complex.py
[2024-03-25T22:29:00.944+0000] {processor.py:830} INFO - Processing file /home/airflow/.local/lib/python3.8/site-packages/airflow/example_dags/example_complex.py for tasks to queue
[2024-03-25T22:29:00.945+0000] {logging_mixin.py:188} INFO - [2024-03-25T22:29:00.945+0000] {dagbag.py:540} INFO - Filling up the DagBag from /home/airflow/.local/lib/python3.8/site-packages/airflow/example_dags/example_complex.py
[2024-03-25T22:29:00.950+0000] {processor.py:840} INFO - DAG(s) 'example_complex' retrieved from /home/airflow/.local/lib/python3.8/site-packages/airflow/example_dags/example_complex.py
[2024-03-25T22:29:00.967+0000] {logging_mixin.py:188} INFO - [2024-03-25T22:29:00.967+0000] {dag.py:3047} INFO - Sync 1 DAGs
[2024-03-25T22:29:00.972+0000] {logging_mixin.py:188} INFO - [2024-03-25T22:29:00.972+0000] {dag.py:3834} INFO - Setting next_dagrun for example_complex to None, run_after=None
[2024-03-25T22:29:00.980+0000] {processor.py:183} INFO - Processing /home/airflow/.local/lib/python3.8/site-packages/airflow/example_dags/example_complex.py took 0.038 seconds
[2024-03-25T22:29:31.546+0000] {processor.py:161} INFO - Started process (PID=2386) to work on /home/airflow/.local/lib/python3.8/site-packages/airflow/example_dags/example_complex.py
[2024-03-25T22:29:31.546+0000] {processor.py:830} INFO - Processing file /home/airflow/.local/lib/python3.8/site-packages/airflow/example_dags/example_complex.py for tasks to queue
[2024-03-25T22:29:31.547+0000] {logging_mixin.py:188} INFO - [2024-03-25T22:29:31.547+0000] {dagbag.py:540} INFO - Filling up the DagBag from /home/airflow/.local/lib/python3.8/site-packages/airflow/example_dags/example_complex.py
[2024-03-25T22:29:31.553+0000] {processor.py:840} INFO - DAG(s) 'example_complex' retrieved from /home/airflow/.local/lib/python3.8/site-packages/airflow/example_dags/example_complex.py
[2024-03-25T22:29:31.569+0000] {logging_mixin.py:188} INFO - [2024-03-25T22:29:31.569+0000] {dag.py:3047} INFO - Sync 1 DAGs
[2024-03-25T22:29:31.575+0000] {logging_mixin.py:188} INFO - [2024-03-25T22:29:31.574+0000] {dag.py:3834} INFO - Setting next_dagrun for example_complex to None, run_after=None
[2024-03-25T22:29:31.582+0000] {processor.py:183} INFO - Processing /home/airflow/.local/lib/python3.8/site-packages/airflow/example_dags/example_complex.py took 0.038 seconds
[2024-03-25T22:30:02.126+0000] {processor.py:161} INFO - Started process (PID=2441) to work on /home/airflow/.local/lib/python3.8/site-packages/airflow/example_dags/example_complex.py
[2024-03-25T22:30:02.126+0000] {processor.py:830} INFO - Processing file /home/airflow/.local/lib/python3.8/site-packages/airflow/example_dags/example_complex.py for tasks to queue
[2024-03-25T22:30:02.127+0000] {logging_mixin.py:188} INFO - [2024-03-25T22:30:02.127+0000] {dagbag.py:540} INFO - Filling up the DagBag from /home/airflow/.local/lib/python3.8/site-packages/airflow/example_dags/example_complex.py
[2024-03-25T22:30:02.133+0000] {processor.py:840} INFO - DAG(s) 'example_complex' retrieved from /home/airflow/.local/lib/python3.8/site-packages/airflow/example_dags/example_complex.py
[2024-03-25T22:30:02.149+0000] {logging_mixin.py:188} INFO - [2024-03-25T22:30:02.149+0000] {dag.py:3047} INFO - Sync 1 DAGs
[2024-03-25T22:30:02.154+0000] {logging_mixin.py:188} INFO - [2024-03-25T22:30:02.154+0000] {dag.py:3834} INFO - Setting next_dagrun for example_complex to None, run_after=None
[2024-03-25T22:30:02.162+0000] {processor.py:183} INFO - Processing /home/airflow/.local/lib/python3.8/site-packages/airflow/example_dags/example_complex.py took 0.038 seconds
[2024-03-25T22:30:32.766+0000] {processor.py:161} INFO - Started process (PID=2496) to work on /home/airflow/.local/lib/python3.8/site-packages/airflow/example_dags/example_complex.py
[2024-03-25T22:30:32.766+0000] {processor.py:830} INFO - Processing file /home/airflow/.local/lib/python3.8/site-packages/airflow/example_dags/example_complex.py for tasks to queue
[2024-03-25T22:30:32.767+0000] {logging_mixin.py:188} INFO - [2024-03-25T22:30:32.767+0000] {dagbag.py:540} INFO - Filling up the DagBag from /home/airflow/.local/lib/python3.8/site-packages/airflow/example_dags/example_complex.py
[2024-03-25T22:30:32.773+0000] {processor.py:840} INFO - DAG(s) 'example_complex' retrieved from /home/airflow/.local/lib/python3.8/site-packages/airflow/example_dags/example_complex.py
[2024-03-25T22:30:32.789+0000] {logging_mixin.py:188} INFO - [2024-03-25T22:30:32.789+0000] {dag.py:3047} INFO - Sync 1 DAGs
[2024-03-25T22:30:32.795+0000] {logging_mixin.py:188} INFO - [2024-03-25T22:30:32.794+0000] {dag.py:3834} INFO - Setting next_dagrun for example_complex to None, run_after=None
[2024-03-25T22:30:32.803+0000] {processor.py:183} INFO - Processing /home/airflow/.local/lib/python3.8/site-packages/airflow/example_dags/example_complex.py took 0.039 seconds
[2024-03-25T22:31:03.322+0000] {processor.py:161} INFO - Started process (PID=2551) to work on /home/airflow/.local/lib/python3.8/site-packages/airflow/example_dags/example_complex.py
[2024-03-25T22:31:03.322+0000] {processor.py:830} INFO - Processing file /home/airflow/.local/lib/python3.8/site-packages/airflow/example_dags/example_complex.py for tasks to queue
[2024-03-25T22:31:03.323+0000] {logging_mixin.py:188} INFO - [2024-03-25T22:31:03.323+0000] {dagbag.py:540} INFO - Filling up the DagBag from /home/airflow/.local/lib/python3.8/site-packages/airflow/example_dags/example_complex.py
[2024-03-25T22:31:03.329+0000] {processor.py:840} INFO - DAG(s) 'example_complex' retrieved from /home/airflow/.local/lib/python3.8/site-packages/airflow/example_dags/example_complex.py
[2024-03-25T22:31:03.345+0000] {logging_mixin.py:188} INFO - [2024-03-25T22:31:03.345+0000] {dag.py:3047} INFO - Sync 1 DAGs
[2024-03-25T22:31:03.351+0000] {logging_mixin.py:188} INFO - [2024-03-25T22:31:03.351+0000] {dag.py:3834} INFO - Setting next_dagrun for example_complex to None, run_after=None
[2024-03-25T22:31:03.359+0000] {processor.py:183} INFO - Processing /home/airflow/.local/lib/python3.8/site-packages/airflow/example_dags/example_complex.py took 0.039 seconds
[2024-03-25T22:31:33.910+0000] {processor.py:161} INFO - Started process (PID=2606) to work on /home/airflow/.local/lib/python3.8/site-packages/airflow/example_dags/example_complex.py
[2024-03-25T22:31:33.911+0000] {processor.py:830} INFO - Processing file /home/airflow/.local/lib/python3.8/site-packages/airflow/example_dags/example_complex.py for tasks to queue
[2024-03-25T22:31:33.912+0000] {logging_mixin.py:188} INFO - [2024-03-25T22:31:33.912+0000] {dagbag.py:540} INFO - Filling up the DagBag from /home/airflow/.local/lib/python3.8/site-packages/airflow/example_dags/example_complex.py
[2024-03-25T22:31:33.918+0000] {processor.py:840} INFO - DAG(s) 'example_complex' retrieved from /home/airflow/.local/lib/python3.8/site-packages/airflow/example_dags/example_complex.py
[2024-03-25T22:31:33.935+0000] {logging_mixin.py:188} INFO - [2024-03-25T22:31:33.935+0000] {dag.py:3047} INFO - Sync 1 DAGs
[2024-03-25T22:31:33.941+0000] {logging_mixin.py:188} INFO - [2024-03-25T22:31:33.941+0000] {dag.py:3834} INFO - Setting next_dagrun for example_complex to None, run_after=None
[2024-03-25T22:31:33.950+0000] {processor.py:183} INFO - Processing /home/airflow/.local/lib/python3.8/site-packages/airflow/example_dags/example_complex.py took 0.042 seconds
[2024-03-25T22:32:04.588+0000] {processor.py:161} INFO - Started process (PID=2661) to work on /home/airflow/.local/lib/python3.8/site-packages/airflow/example_dags/example_complex.py
[2024-03-25T22:32:04.589+0000] {processor.py:830} INFO - Processing file /home/airflow/.local/lib/python3.8/site-packages/airflow/example_dags/example_complex.py for tasks to queue
[2024-03-25T22:32:04.590+0000] {logging_mixin.py:188} INFO - [2024-03-25T22:32:04.589+0000] {dagbag.py:540} INFO - Filling up the DagBag from /home/airflow/.local/lib/python3.8/site-packages/airflow/example_dags/example_complex.py
[2024-03-25T22:32:04.595+0000] {processor.py:840} INFO - DAG(s) 'example_complex' retrieved from /home/airflow/.local/lib/python3.8/site-packages/airflow/example_dags/example_complex.py
[2024-03-25T22:32:04.613+0000] {logging_mixin.py:188} INFO - [2024-03-25T22:32:04.613+0000] {dag.py:3047} INFO - Sync 1 DAGs
[2024-03-25T22:32:04.619+0000] {logging_mixin.py:188} INFO - [2024-03-25T22:32:04.619+0000] {dag.py:3834} INFO - Setting next_dagrun for example_complex to None, run_after=None
[2024-03-25T22:32:04.628+0000] {processor.py:183} INFO - Processing /home/airflow/.local/lib/python3.8/site-packages/airflow/example_dags/example_complex.py took 0.042 seconds
[2024-03-25T22:32:35.262+0000] {processor.py:161} INFO - Started process (PID=2716) to work on /home/airflow/.local/lib/python3.8/site-packages/airflow/example_dags/example_complex.py
[2024-03-25T22:32:35.263+0000] {processor.py:830} INFO - Processing file /home/airflow/.local/lib/python3.8/site-packages/airflow/example_dags/example_complex.py for tasks to queue
[2024-03-25T22:32:35.264+0000] {logging_mixin.py:188} INFO - [2024-03-25T22:32:35.264+0000] {dagbag.py:540} INFO - Filling up the DagBag from /home/airflow/.local/lib/python3.8/site-packages/airflow/example_dags/example_complex.py
[2024-03-25T22:32:35.270+0000] {processor.py:840} INFO - DAG(s) 'example_complex' retrieved from /home/airflow/.local/lib/python3.8/site-packages/airflow/example_dags/example_complex.py
[2024-03-25T22:32:35.287+0000] {logging_mixin.py:188} INFO - [2024-03-25T22:32:35.287+0000] {dag.py:3047} INFO - Sync 1 DAGs
[2024-03-25T22:32:35.293+0000] {logging_mixin.py:188} INFO - [2024-03-25T22:32:35.293+0000] {dag.py:3834} INFO - Setting next_dagrun for example_complex to None, run_after=None
[2024-03-25T22:32:35.301+0000] {processor.py:183} INFO - Processing /home/airflow/.local/lib/python3.8/site-packages/airflow/example_dags/example_complex.py took 0.041 seconds
[2024-03-25T22:33:06.092+0000] {processor.py:161} INFO - Started process (PID=2771) to work on /home/airflow/.local/lib/python3.8/site-packages/airflow/example_dags/example_complex.py
[2024-03-25T22:33:06.092+0000] {processor.py:830} INFO - Processing file /home/airflow/.local/lib/python3.8/site-packages/airflow/example_dags/example_complex.py for tasks to queue
[2024-03-25T22:33:06.093+0000] {logging_mixin.py:188} INFO - [2024-03-25T22:33:06.093+0000] {dagbag.py:540} INFO - Filling up the DagBag from /home/airflow/.local/lib/python3.8/site-packages/airflow/example_dags/example_complex.py
[2024-03-25T22:33:06.099+0000] {processor.py:840} INFO - DAG(s) 'example_complex' retrieved from /home/airflow/.local/lib/python3.8/site-packages/airflow/example_dags/example_complex.py
[2024-03-25T22:33:06.117+0000] {logging_mixin.py:188} INFO - [2024-03-25T22:33:06.117+0000] {dag.py:3047} INFO - Sync 1 DAGs
[2024-03-25T22:33:06.123+0000] {logging_mixin.py:188} INFO - [2024-03-25T22:33:06.123+0000] {dag.py:3834} INFO - Setting next_dagrun for example_complex to None, run_after=None
[2024-03-25T22:33:06.132+0000] {processor.py:183} INFO - Processing /home/airflow/.local/lib/python3.8/site-packages/airflow/example_dags/example_complex.py took 0.042 seconds
[2024-03-25T22:33:36.997+0000] {processor.py:161} INFO - Started process (PID=2826) to work on /home/airflow/.local/lib/python3.8/site-packages/airflow/example_dags/example_complex.py
[2024-03-25T22:33:36.998+0000] {processor.py:830} INFO - Processing file /home/airflow/.local/lib/python3.8/site-packages/airflow/example_dags/example_complex.py for tasks to queue
[2024-03-25T22:33:36.999+0000] {logging_mixin.py:188} INFO - [2024-03-25T22:33:36.998+0000] {dagbag.py:540} INFO - Filling up the DagBag from /home/airflow/.local/lib/python3.8/site-packages/airflow/example_dags/example_complex.py
[2024-03-25T22:33:37.005+0000] {processor.py:840} INFO - DAG(s) 'example_complex' retrieved from /home/airflow/.local/lib/python3.8/site-packages/airflow/example_dags/example_complex.py
[2024-03-25T22:33:37.022+0000] {logging_mixin.py:188} INFO - [2024-03-25T22:33:37.022+0000] {dag.py:3047} INFO - Sync 1 DAGs
[2024-03-25T22:33:37.028+0000] {logging_mixin.py:188} INFO - [2024-03-25T22:33:37.028+0000] {dag.py:3834} INFO - Setting next_dagrun for example_complex to None, run_after=None
[2024-03-25T22:33:37.122+0000] {processor.py:183} INFO - Processing /home/airflow/.local/lib/python3.8/site-packages/airflow/example_dags/example_complex.py took 0.127 seconds
[2024-03-25T22:34:07.215+0000] {processor.py:161} INFO - Started process (PID=2881) to work on /home/airflow/.local/lib/python3.8/site-packages/airflow/example_dags/example_complex.py
[2024-03-25T22:34:07.216+0000] {processor.py:830} INFO - Processing file /home/airflow/.local/lib/python3.8/site-packages/airflow/example_dags/example_complex.py for tasks to queue
[2024-03-25T22:34:07.217+0000] {logging_mixin.py:188} INFO - [2024-03-25T22:34:07.216+0000] {dagbag.py:540} INFO - Filling up the DagBag from /home/airflow/.local/lib/python3.8/site-packages/airflow/example_dags/example_complex.py
[2024-03-25T22:34:07.223+0000] {processor.py:840} INFO - DAG(s) 'example_complex' retrieved from /home/airflow/.local/lib/python3.8/site-packages/airflow/example_dags/example_complex.py
[2024-03-25T22:34:07.240+0000] {logging_mixin.py:188} INFO - [2024-03-25T22:34:07.240+0000] {dag.py:3047} INFO - Sync 1 DAGs
[2024-03-25T22:34:07.246+0000] {logging_mixin.py:188} INFO - [2024-03-25T22:34:07.246+0000] {dag.py:3834} INFO - Setting next_dagrun for example_complex to None, run_after=None
[2024-03-25T22:34:07.337+0000] {processor.py:183} INFO - Processing /home/airflow/.local/lib/python3.8/site-packages/airflow/example_dags/example_complex.py took 0.124 seconds
[2024-03-25T22:34:37.420+0000] {processor.py:161} INFO - Started process (PID=2937) to work on /home/airflow/.local/lib/python3.8/site-packages/airflow/example_dags/example_complex.py
[2024-03-25T22:34:37.421+0000] {processor.py:830} INFO - Processing file /home/airflow/.local/lib/python3.8/site-packages/airflow/example_dags/example_complex.py for tasks to queue
[2024-03-25T22:34:37.423+0000] {logging_mixin.py:188} INFO - [2024-03-25T22:34:37.423+0000] {dagbag.py:540} INFO - Filling up the DagBag from /home/airflow/.local/lib/python3.8/site-packages/airflow/example_dags/example_complex.py
[2024-03-25T22:34:37.430+0000] {processor.py:840} INFO - DAG(s) 'example_complex' retrieved from /home/airflow/.local/lib/python3.8/site-packages/airflow/example_dags/example_complex.py
[2024-03-25T22:34:37.447+0000] {logging_mixin.py:188} INFO - [2024-03-25T22:34:37.447+0000] {dag.py:3047} INFO - Sync 1 DAGs
[2024-03-25T22:34:37.452+0000] {logging_mixin.py:188} INFO - [2024-03-25T22:34:37.452+0000] {dag.py:3834} INFO - Setting next_dagrun for example_complex to None, run_after=None
[2024-03-25T22:34:37.460+0000] {processor.py:183} INFO - Processing /home/airflow/.local/lib/python3.8/site-packages/airflow/example_dags/example_complex.py took 0.043 seconds
[2024-03-25T22:35:07.953+0000] {processor.py:161} INFO - Started process (PID=2992) to work on /home/airflow/.local/lib/python3.8/site-packages/airflow/example_dags/example_complex.py
[2024-03-25T22:35:07.954+0000] {processor.py:830} INFO - Processing file /home/airflow/.local/lib/python3.8/site-packages/airflow/example_dags/example_complex.py for tasks to queue
[2024-03-25T22:35:07.955+0000] {logging_mixin.py:188} INFO - [2024-03-25T22:35:07.955+0000] {dagbag.py:540} INFO - Filling up the DagBag from /home/airflow/.local/lib/python3.8/site-packages/airflow/example_dags/example_complex.py
[2024-03-25T22:35:07.961+0000] {processor.py:840} INFO - DAG(s) 'example_complex' retrieved from /home/airflow/.local/lib/python3.8/site-packages/airflow/example_dags/example_complex.py
[2024-03-25T22:35:07.978+0000] {logging_mixin.py:188} INFO - [2024-03-25T22:35:07.978+0000] {dag.py:3047} INFO - Sync 1 DAGs
[2024-03-25T22:35:07.985+0000] {logging_mixin.py:188} INFO - [2024-03-25T22:35:07.984+0000] {dag.py:3834} INFO - Setting next_dagrun for example_complex to None, run_after=None
[2024-03-25T22:35:07.993+0000] {processor.py:183} INFO - Processing /home/airflow/.local/lib/python3.8/site-packages/airflow/example_dags/example_complex.py took 0.041 seconds
[2024-03-25T22:35:38.961+0000] {processor.py:161} INFO - Started process (PID=3046) to work on /home/airflow/.local/lib/python3.8/site-packages/airflow/example_dags/example_complex.py
[2024-03-25T22:35:38.961+0000] {processor.py:830} INFO - Processing file /home/airflow/.local/lib/python3.8/site-packages/airflow/example_dags/example_complex.py for tasks to queue
[2024-03-25T22:35:38.962+0000] {logging_mixin.py:188} INFO - [2024-03-25T22:35:38.962+0000] {dagbag.py:540} INFO - Filling up the DagBag from /home/airflow/.local/lib/python3.8/site-packages/airflow/example_dags/example_complex.py
[2024-03-25T22:35:38.968+0000] {processor.py:840} INFO - DAG(s) 'example_complex' retrieved from /home/airflow/.local/lib/python3.8/site-packages/airflow/example_dags/example_complex.py
[2024-03-25T22:35:38.984+0000] {logging_mixin.py:188} INFO - [2024-03-25T22:35:38.984+0000] {dag.py:3047} INFO - Sync 1 DAGs
[2024-03-25T22:35:38.990+0000] {logging_mixin.py:188} INFO - [2024-03-25T22:35:38.990+0000] {dag.py:3834} INFO - Setting next_dagrun for example_complex to None, run_after=None
[2024-03-25T22:35:38.997+0000] {processor.py:183} INFO - Processing /home/airflow/.local/lib/python3.8/site-packages/airflow/example_dags/example_complex.py took 0.038 seconds
[2024-03-25T22:36:09.750+0000] {processor.py:161} INFO - Started process (PID=3102) to work on /home/airflow/.local/lib/python3.8/site-packages/airflow/example_dags/example_complex.py
[2024-03-25T22:36:09.750+0000] {processor.py:830} INFO - Processing file /home/airflow/.local/lib/python3.8/site-packages/airflow/example_dags/example_complex.py for tasks to queue
[2024-03-25T22:36:09.751+0000] {logging_mixin.py:188} INFO - [2024-03-25T22:36:09.751+0000] {dagbag.py:540} INFO - Filling up the DagBag from /home/airflow/.local/lib/python3.8/site-packages/airflow/example_dags/example_complex.py
[2024-03-25T22:36:09.757+0000] {processor.py:840} INFO - DAG(s) 'example_complex' retrieved from /home/airflow/.local/lib/python3.8/site-packages/airflow/example_dags/example_complex.py
[2024-03-25T22:36:09.773+0000] {logging_mixin.py:188} INFO - [2024-03-25T22:36:09.773+0000] {dag.py:3047} INFO - Sync 1 DAGs
[2024-03-25T22:36:09.778+0000] {logging_mixin.py:188} INFO - [2024-03-25T22:36:09.778+0000] {dag.py:3834} INFO - Setting next_dagrun for example_complex to None, run_after=None
[2024-03-25T22:36:09.786+0000] {processor.py:183} INFO - Processing /home/airflow/.local/lib/python3.8/site-packages/airflow/example_dags/example_complex.py took 0.038 seconds
[2024-03-25T22:36:40.446+0000] {processor.py:161} INFO - Started process (PID=3158) to work on /home/airflow/.local/lib/python3.8/site-packages/airflow/example_dags/example_complex.py
[2024-03-25T22:36:40.446+0000] {processor.py:830} INFO - Processing file /home/airflow/.local/lib/python3.8/site-packages/airflow/example_dags/example_complex.py for tasks to queue
[2024-03-25T22:36:40.447+0000] {logging_mixin.py:188} INFO - [2024-03-25T22:36:40.447+0000] {dagbag.py:540} INFO - Filling up the DagBag from /home/airflow/.local/lib/python3.8/site-packages/airflow/example_dags/example_complex.py
[2024-03-25T22:36:40.453+0000] {processor.py:840} INFO - DAG(s) 'example_complex' retrieved from /home/airflow/.local/lib/python3.8/site-packages/airflow/example_dags/example_complex.py
[2024-03-25T22:36:40.470+0000] {logging_mixin.py:188} INFO - [2024-03-25T22:36:40.470+0000] {dag.py:3047} INFO - Sync 1 DAGs
[2024-03-25T22:36:40.475+0000] {logging_mixin.py:188} INFO - [2024-03-25T22:36:40.475+0000] {dag.py:3834} INFO - Setting next_dagrun for example_complex to None, run_after=None
[2024-03-25T22:36:40.483+0000] {processor.py:183} INFO - Processing /home/airflow/.local/lib/python3.8/site-packages/airflow/example_dags/example_complex.py took 0.040 seconds
[2024-03-25T22:37:11.160+0000] {processor.py:161} INFO - Started process (PID=3213) to work on /home/airflow/.local/lib/python3.8/site-packages/airflow/example_dags/example_complex.py
[2024-03-25T22:37:11.160+0000] {processor.py:830} INFO - Processing file /home/airflow/.local/lib/python3.8/site-packages/airflow/example_dags/example_complex.py for tasks to queue
[2024-03-25T22:37:11.161+0000] {logging_mixin.py:188} INFO - [2024-03-25T22:37:11.161+0000] {dagbag.py:540} INFO - Filling up the DagBag from /home/airflow/.local/lib/python3.8/site-packages/airflow/example_dags/example_complex.py
[2024-03-25T22:37:11.167+0000] {processor.py:840} INFO - DAG(s) 'example_complex' retrieved from /home/airflow/.local/lib/python3.8/site-packages/airflow/example_dags/example_complex.py
[2024-03-25T22:37:11.183+0000] {logging_mixin.py:188} INFO - [2024-03-25T22:37:11.183+0000] {dag.py:3047} INFO - Sync 1 DAGs
[2024-03-25T22:37:11.189+0000] {logging_mixin.py:188} INFO - [2024-03-25T22:37:11.188+0000] {dag.py:3834} INFO - Setting next_dagrun for example_complex to None, run_after=None
[2024-03-25T22:37:11.196+0000] {processor.py:183} INFO - Processing /home/airflow/.local/lib/python3.8/site-packages/airflow/example_dags/example_complex.py took 0.038 seconds
[2024-03-25T22:37:41.907+0000] {processor.py:161} INFO - Started process (PID=3268) to work on /home/airflow/.local/lib/python3.8/site-packages/airflow/example_dags/example_complex.py
[2024-03-25T22:37:41.907+0000] {processor.py:830} INFO - Processing file /home/airflow/.local/lib/python3.8/site-packages/airflow/example_dags/example_complex.py for tasks to queue
[2024-03-25T22:37:41.908+0000] {logging_mixin.py:188} INFO - [2024-03-25T22:37:41.908+0000] {dagbag.py:540} INFO - Filling up the DagBag from /home/airflow/.local/lib/python3.8/site-packages/airflow/example_dags/example_complex.py
[2024-03-25T22:37:41.914+0000] {processor.py:840} INFO - DAG(s) 'example_complex' retrieved from /home/airflow/.local/lib/python3.8/site-packages/airflow/example_dags/example_complex.py
[2024-03-25T22:37:41.931+0000] {logging_mixin.py:188} INFO - [2024-03-25T22:37:41.931+0000] {dag.py:3047} INFO - Sync 1 DAGs
[2024-03-25T22:37:41.936+0000] {logging_mixin.py:188} INFO - [2024-03-25T22:37:41.936+0000] {dag.py:3834} INFO - Setting next_dagrun for example_complex to None, run_after=None
[2024-03-25T22:37:41.943+0000] {processor.py:183} INFO - Processing /home/airflow/.local/lib/python3.8/site-packages/airflow/example_dags/example_complex.py took 0.038 seconds
[2024-03-25T22:38:12.554+0000] {processor.py:161} INFO - Started process (PID=3323) to work on /home/airflow/.local/lib/python3.8/site-packages/airflow/example_dags/example_complex.py
[2024-03-25T22:38:12.555+0000] {processor.py:830} INFO - Processing file /home/airflow/.local/lib/python3.8/site-packages/airflow/example_dags/example_complex.py for tasks to queue
[2024-03-25T22:38:12.556+0000] {logging_mixin.py:188} INFO - [2024-03-25T22:38:12.555+0000] {dagbag.py:540} INFO - Filling up the DagBag from /home/airflow/.local/lib/python3.8/site-packages/airflow/example_dags/example_complex.py
[2024-03-25T22:38:12.561+0000] {processor.py:840} INFO - DAG(s) 'example_complex' retrieved from /home/airflow/.local/lib/python3.8/site-packages/airflow/example_dags/example_complex.py
[2024-03-25T22:38:12.578+0000] {logging_mixin.py:188} INFO - [2024-03-25T22:38:12.578+0000] {dag.py:3047} INFO - Sync 1 DAGs
[2024-03-25T22:38:12.583+0000] {logging_mixin.py:188} INFO - [2024-03-25T22:38:12.583+0000] {dag.py:3834} INFO - Setting next_dagrun for example_complex to None, run_after=None
[2024-03-25T22:38:12.590+0000] {processor.py:183} INFO - Processing /home/airflow/.local/lib/python3.8/site-packages/airflow/example_dags/example_complex.py took 0.038 seconds
[2024-03-25T22:38:43.287+0000] {processor.py:161} INFO - Started process (PID=3378) to work on /home/airflow/.local/lib/python3.8/site-packages/airflow/example_dags/example_complex.py
[2024-03-25T22:38:43.288+0000] {processor.py:830} INFO - Processing file /home/airflow/.local/lib/python3.8/site-packages/airflow/example_dags/example_complex.py for tasks to queue
[2024-03-25T22:38:43.289+0000] {logging_mixin.py:188} INFO - [2024-03-25T22:38:43.288+0000] {dagbag.py:540} INFO - Filling up the DagBag from /home/airflow/.local/lib/python3.8/site-packages/airflow/example_dags/example_complex.py
[2024-03-25T22:38:43.294+0000] {processor.py:840} INFO - DAG(s) 'example_complex' retrieved from /home/airflow/.local/lib/python3.8/site-packages/airflow/example_dags/example_complex.py
[2024-03-25T22:38:43.311+0000] {logging_mixin.py:188} INFO - [2024-03-25T22:38:43.311+0000] {dag.py:3047} INFO - Sync 1 DAGs
[2024-03-25T22:38:43.316+0000] {logging_mixin.py:188} INFO - [2024-03-25T22:38:43.316+0000] {dag.py:3834} INFO - Setting next_dagrun for example_complex to None, run_after=None
[2024-03-25T22:38:43.323+0000] {processor.py:183} INFO - Processing /home/airflow/.local/lib/python3.8/site-packages/airflow/example_dags/example_complex.py took 0.038 seconds
[2024-03-25T22:39:13.997+0000] {processor.py:161} INFO - Started process (PID=3433) to work on /home/airflow/.local/lib/python3.8/site-packages/airflow/example_dags/example_complex.py
[2024-03-25T22:39:13.998+0000] {processor.py:830} INFO - Processing file /home/airflow/.local/lib/python3.8/site-packages/airflow/example_dags/example_complex.py for tasks to queue
[2024-03-25T22:39:13.999+0000] {logging_mixin.py:188} INFO - [2024-03-25T22:39:13.999+0000] {dagbag.py:540} INFO - Filling up the DagBag from /home/airflow/.local/lib/python3.8/site-packages/airflow/example_dags/example_complex.py
[2024-03-25T22:39:14.004+0000] {processor.py:840} INFO - DAG(s) 'example_complex' retrieved from /home/airflow/.local/lib/python3.8/site-packages/airflow/example_dags/example_complex.py
[2024-03-25T22:39:14.021+0000] {logging_mixin.py:188} INFO - [2024-03-25T22:39:14.021+0000] {dag.py:3047} INFO - Sync 1 DAGs
[2024-03-25T22:39:14.026+0000] {logging_mixin.py:188} INFO - [2024-03-25T22:39:14.026+0000] {dag.py:3834} INFO - Setting next_dagrun for example_complex to None, run_after=None
[2024-03-25T22:39:14.034+0000] {processor.py:183} INFO - Processing /home/airflow/.local/lib/python3.8/site-packages/airflow/example_dags/example_complex.py took 0.039 seconds
[2024-03-25T22:39:44.743+0000] {processor.py:161} INFO - Started process (PID=3487) to work on /home/airflow/.local/lib/python3.8/site-packages/airflow/example_dags/example_complex.py
[2024-03-25T22:39:44.744+0000] {processor.py:830} INFO - Processing file /home/airflow/.local/lib/python3.8/site-packages/airflow/example_dags/example_complex.py for tasks to queue
[2024-03-25T22:39:44.745+0000] {logging_mixin.py:188} INFO - [2024-03-25T22:39:44.744+0000] {dagbag.py:540} INFO - Filling up the DagBag from /home/airflow/.local/lib/python3.8/site-packages/airflow/example_dags/example_complex.py
[2024-03-25T22:39:44.750+0000] {processor.py:840} INFO - DAG(s) 'example_complex' retrieved from /home/airflow/.local/lib/python3.8/site-packages/airflow/example_dags/example_complex.py
[2024-03-25T22:39:44.767+0000] {logging_mixin.py:188} INFO - [2024-03-25T22:39:44.766+0000] {dag.py:3047} INFO - Sync 1 DAGs
[2024-03-25T22:39:44.772+0000] {logging_mixin.py:188} INFO - [2024-03-25T22:39:44.772+0000] {dag.py:3834} INFO - Setting next_dagrun for example_complex to None, run_after=None
[2024-03-25T22:39:44.779+0000] {processor.py:183} INFO - Processing /home/airflow/.local/lib/python3.8/site-packages/airflow/example_dags/example_complex.py took 0.038 seconds
[2024-03-25T22:40:15.486+0000] {processor.py:161} INFO - Started process (PID=3542) to work on /home/airflow/.local/lib/python3.8/site-packages/airflow/example_dags/example_complex.py
[2024-03-25T22:40:15.487+0000] {processor.py:830} INFO - Processing file /home/airflow/.local/lib/python3.8/site-packages/airflow/example_dags/example_complex.py for tasks to queue
[2024-03-25T22:40:15.488+0000] {logging_mixin.py:188} INFO - [2024-03-25T22:40:15.488+0000] {dagbag.py:540} INFO - Filling up the DagBag from /home/airflow/.local/lib/python3.8/site-packages/airflow/example_dags/example_complex.py
[2024-03-25T22:40:15.493+0000] {processor.py:840} INFO - DAG(s) 'example_complex' retrieved from /home/airflow/.local/lib/python3.8/site-packages/airflow/example_dags/example_complex.py
[2024-03-25T22:40:15.510+0000] {logging_mixin.py:188} INFO - [2024-03-25T22:40:15.510+0000] {dag.py:3047} INFO - Sync 1 DAGs
[2024-03-25T22:40:15.516+0000] {logging_mixin.py:188} INFO - [2024-03-25T22:40:15.515+0000] {dag.py:3834} INFO - Setting next_dagrun for example_complex to None, run_after=None
[2024-03-25T22:40:15.523+0000] {processor.py:183} INFO - Processing /home/airflow/.local/lib/python3.8/site-packages/airflow/example_dags/example_complex.py took 0.039 seconds
[2024-03-25T22:40:46.227+0000] {processor.py:161} INFO - Started process (PID=3597) to work on /home/airflow/.local/lib/python3.8/site-packages/airflow/example_dags/example_complex.py
[2024-03-25T22:40:46.228+0000] {processor.py:830} INFO - Processing file /home/airflow/.local/lib/python3.8/site-packages/airflow/example_dags/example_complex.py for tasks to queue
[2024-03-25T22:40:46.229+0000] {logging_mixin.py:188} INFO - [2024-03-25T22:40:46.229+0000] {dagbag.py:540} INFO - Filling up the DagBag from /home/airflow/.local/lib/python3.8/site-packages/airflow/example_dags/example_complex.py
[2024-03-25T22:40:46.234+0000] {processor.py:840} INFO - DAG(s) 'example_complex' retrieved from /home/airflow/.local/lib/python3.8/site-packages/airflow/example_dags/example_complex.py
[2024-03-25T22:40:46.251+0000] {logging_mixin.py:188} INFO - [2024-03-25T22:40:46.251+0000] {dag.py:3047} INFO - Sync 1 DAGs
[2024-03-25T22:40:46.256+0000] {logging_mixin.py:188} INFO - [2024-03-25T22:40:46.256+0000] {dag.py:3834} INFO - Setting next_dagrun for example_complex to None, run_after=None
[2024-03-25T22:40:46.264+0000] {processor.py:183} INFO - Processing /home/airflow/.local/lib/python3.8/site-packages/airflow/example_dags/example_complex.py took 0.039 seconds
[2024-03-25T22:41:17.084+0000] {processor.py:161} INFO - Started process (PID=3652) to work on /home/airflow/.local/lib/python3.8/site-packages/airflow/example_dags/example_complex.py
[2024-03-25T22:41:17.085+0000] {processor.py:830} INFO - Processing file /home/airflow/.local/lib/python3.8/site-packages/airflow/example_dags/example_complex.py for tasks to queue
[2024-03-25T22:41:17.086+0000] {logging_mixin.py:188} INFO - [2024-03-25T22:41:17.086+0000] {dagbag.py:540} INFO - Filling up the DagBag from /home/airflow/.local/lib/python3.8/site-packages/airflow/example_dags/example_complex.py
[2024-03-25T22:41:17.092+0000] {processor.py:840} INFO - DAG(s) 'example_complex' retrieved from /home/airflow/.local/lib/python3.8/site-packages/airflow/example_dags/example_complex.py
[2024-03-25T22:41:17.108+0000] {logging_mixin.py:188} INFO - [2024-03-25T22:41:17.108+0000] {dag.py:3047} INFO - Sync 1 DAGs
[2024-03-25T22:41:17.114+0000] {logging_mixin.py:188} INFO - [2024-03-25T22:41:17.114+0000] {dag.py:3834} INFO - Setting next_dagrun for example_complex to None, run_after=None
[2024-03-25T22:41:17.121+0000] {processor.py:183} INFO - Processing /home/airflow/.local/lib/python3.8/site-packages/airflow/example_dags/example_complex.py took 0.039 seconds
[2024-03-25T22:41:47.810+0000] {processor.py:161} INFO - Started process (PID=3707) to work on /home/airflow/.local/lib/python3.8/site-packages/airflow/example_dags/example_complex.py
[2024-03-25T22:41:47.810+0000] {processor.py:830} INFO - Processing file /home/airflow/.local/lib/python3.8/site-packages/airflow/example_dags/example_complex.py for tasks to queue
[2024-03-25T22:41:47.811+0000] {logging_mixin.py:188} INFO - [2024-03-25T22:41:47.811+0000] {dagbag.py:540} INFO - Filling up the DagBag from /home/airflow/.local/lib/python3.8/site-packages/airflow/example_dags/example_complex.py
[2024-03-25T22:41:47.817+0000] {processor.py:840} INFO - DAG(s) 'example_complex' retrieved from /home/airflow/.local/lib/python3.8/site-packages/airflow/example_dags/example_complex.py
[2024-03-25T22:41:47.833+0000] {logging_mixin.py:188} INFO - [2024-03-25T22:41:47.833+0000] {dag.py:3047} INFO - Sync 1 DAGs
[2024-03-25T22:41:47.839+0000] {logging_mixin.py:188} INFO - [2024-03-25T22:41:47.839+0000] {dag.py:3834} INFO - Setting next_dagrun for example_complex to None, run_after=None
[2024-03-25T22:41:47.846+0000] {processor.py:183} INFO - Processing /home/airflow/.local/lib/python3.8/site-packages/airflow/example_dags/example_complex.py took 0.038 seconds
[2024-03-25T22:42:18.628+0000] {processor.py:161} INFO - Started process (PID=3762) to work on /home/airflow/.local/lib/python3.8/site-packages/airflow/example_dags/example_complex.py
[2024-03-25T22:42:18.629+0000] {processor.py:830} INFO - Processing file /home/airflow/.local/lib/python3.8/site-packages/airflow/example_dags/example_complex.py for tasks to queue
[2024-03-25T22:42:18.630+0000] {logging_mixin.py:188} INFO - [2024-03-25T22:42:18.629+0000] {dagbag.py:540} INFO - Filling up the DagBag from /home/airflow/.local/lib/python3.8/site-packages/airflow/example_dags/example_complex.py
[2024-03-25T22:42:18.635+0000] {processor.py:840} INFO - DAG(s) 'example_complex' retrieved from /home/airflow/.local/lib/python3.8/site-packages/airflow/example_dags/example_complex.py
[2024-03-25T22:42:18.651+0000] {logging_mixin.py:188} INFO - [2024-03-25T22:42:18.651+0000] {dag.py:3047} INFO - Sync 1 DAGs
[2024-03-25T22:42:18.657+0000] {logging_mixin.py:188} INFO - [2024-03-25T22:42:18.657+0000] {dag.py:3834} INFO - Setting next_dagrun for example_complex to None, run_after=None
[2024-03-25T22:42:18.664+0000] {processor.py:183} INFO - Processing /home/airflow/.local/lib/python3.8/site-packages/airflow/example_dags/example_complex.py took 0.038 seconds
[2024-03-25T22:42:49.489+0000] {processor.py:161} INFO - Started process (PID=3817) to work on /home/airflow/.local/lib/python3.8/site-packages/airflow/example_dags/example_complex.py
[2024-03-25T22:42:49.489+0000] {processor.py:830} INFO - Processing file /home/airflow/.local/lib/python3.8/site-packages/airflow/example_dags/example_complex.py for tasks to queue
[2024-03-25T22:42:49.490+0000] {logging_mixin.py:188} INFO - [2024-03-25T22:42:49.490+0000] {dagbag.py:540} INFO - Filling up the DagBag from /home/airflow/.local/lib/python3.8/site-packages/airflow/example_dags/example_complex.py
[2024-03-25T22:42:49.496+0000] {processor.py:840} INFO - DAG(s) 'example_complex' retrieved from /home/airflow/.local/lib/python3.8/site-packages/airflow/example_dags/example_complex.py
[2024-03-25T22:42:49.514+0000] {logging_mixin.py:188} INFO - [2024-03-25T22:42:49.514+0000] {dag.py:3047} INFO - Sync 1 DAGs
[2024-03-25T22:42:49.520+0000] {logging_mixin.py:188} INFO - [2024-03-25T22:42:49.519+0000] {dag.py:3834} INFO - Setting next_dagrun for example_complex to None, run_after=None
[2024-03-25T22:42:49.527+0000] {processor.py:183} INFO - Processing /home/airflow/.local/lib/python3.8/site-packages/airflow/example_dags/example_complex.py took 0.040 seconds
[2024-03-25T22:43:20.741+0000] {processor.py:161} INFO - Started process (PID=3872) to work on /home/airflow/.local/lib/python3.8/site-packages/airflow/example_dags/example_complex.py
[2024-03-25T22:43:20.742+0000] {processor.py:830} INFO - Processing file /home/airflow/.local/lib/python3.8/site-packages/airflow/example_dags/example_complex.py for tasks to queue
[2024-03-25T22:43:20.743+0000] {logging_mixin.py:188} INFO - [2024-03-25T22:43:20.743+0000] {dagbag.py:540} INFO - Filling up the DagBag from /home/airflow/.local/lib/python3.8/site-packages/airflow/example_dags/example_complex.py
[2024-03-25T22:43:20.750+0000] {processor.py:840} INFO - DAG(s) 'example_complex' retrieved from /home/airflow/.local/lib/python3.8/site-packages/airflow/example_dags/example_complex.py
[2024-03-25T22:43:20.770+0000] {logging_mixin.py:188} INFO - [2024-03-25T22:43:20.769+0000] {dag.py:3047} INFO - Sync 1 DAGs
[2024-03-25T22:43:20.776+0000] {logging_mixin.py:188} INFO - [2024-03-25T22:43:20.776+0000] {dag.py:3834} INFO - Setting next_dagrun for example_complex to None, run_after=None
[2024-03-25T22:43:20.786+0000] {processor.py:183} INFO - Processing /home/airflow/.local/lib/python3.8/site-packages/airflow/example_dags/example_complex.py took 0.048 seconds
[2024-03-25T23:07:54.309+0000] {processor.py:161} INFO - Started process (PID=3921) to work on /home/airflow/.local/lib/python3.8/site-packages/airflow/example_dags/example_complex.py
[2024-03-25T23:07:54.310+0000] {processor.py:830} INFO - Processing file /home/airflow/.local/lib/python3.8/site-packages/airflow/example_dags/example_complex.py for tasks to queue
[2024-03-25T23:07:54.311+0000] {logging_mixin.py:188} INFO - [2024-03-25T23:07:54.311+0000] {dagbag.py:540} INFO - Filling up the DagBag from /home/airflow/.local/lib/python3.8/site-packages/airflow/example_dags/example_complex.py
[2024-03-25T23:07:54.317+0000] {processor.py:840} INFO - DAG(s) 'example_complex' retrieved from /home/airflow/.local/lib/python3.8/site-packages/airflow/example_dags/example_complex.py
[2024-03-25T23:07:54.334+0000] {logging_mixin.py:188} INFO - [2024-03-25T23:07:54.333+0000] {dag.py:3047} INFO - Sync 1 DAGs
[2024-03-25T23:07:54.339+0000] {logging_mixin.py:188} INFO - [2024-03-25T23:07:54.339+0000] {dag.py:3834} INFO - Setting next_dagrun for example_complex to None, run_after=None
[2024-03-25T23:07:54.347+0000] {processor.py:183} INFO - Processing /home/airflow/.local/lib/python3.8/site-packages/airflow/example_dags/example_complex.py took 0.040 seconds
