[2024-03-25T22:08:05.880+0000] {processor.py:161} INFO - Started process (PID=46) to work on /home/airflow/.local/lib/python3.8/site-packages/airflow/example_dags/example_kubernetes_executor.py
[2024-03-25T22:08:05.881+0000] {processor.py:830} INFO - Processing file /home/airflow/.local/lib/python3.8/site-packages/airflow/example_dags/example_kubernetes_executor.py for tasks to queue
[2024-03-25T22:08:05.885+0000] {logging_mixin.py:188} INFO - [2024-03-25T22:08:05.884+0000] {dagbag.py:540} INFO - Filling up the DagBag from /home/airflow/.local/lib/python3.8/site-packages/airflow/example_dags/example_kubernetes_executor.py
[2024-03-25T22:08:05.900+0000] {processor.py:840} INFO - DAG(s) 'example_kubernetes_executor' retrieved from /home/airflow/.local/lib/python3.8/site-packages/airflow/example_dags/example_kubernetes_executor.py
[2024-03-25T22:08:05.935+0000] {logging_mixin.py:188} INFO - [2024-03-25T22:08:05.935+0000] {dag.py:3047} INFO - Sync 1 DAGs
[2024-03-25T22:08:05.943+0000] {logging_mixin.py:188} INFO - [2024-03-25T22:08:05.942+0000] {dag.py:3834} INFO - Setting next_dagrun for example_kubernetes_executor to None, run_after=None
[2024-03-25T22:08:05.954+0000] {processor.py:183} INFO - Processing /home/airflow/.local/lib/python3.8/site-packages/airflow/example_dags/example_kubernetes_executor.py took 0.076 seconds
[2024-03-25T22:08:36.905+0000] {processor.py:161} INFO - Started process (PID=101) to work on /home/airflow/.local/lib/python3.8/site-packages/airflow/example_dags/example_kubernetes_executor.py
[2024-03-25T22:08:36.906+0000] {processor.py:830} INFO - Processing file /home/airflow/.local/lib/python3.8/site-packages/airflow/example_dags/example_kubernetes_executor.py for tasks to queue
[2024-03-25T22:08:36.907+0000] {logging_mixin.py:188} INFO - [2024-03-25T22:08:36.907+0000] {dagbag.py:540} INFO - Filling up the DagBag from /home/airflow/.local/lib/python3.8/site-packages/airflow/example_dags/example_kubernetes_executor.py
[2024-03-25T22:08:36.914+0000] {processor.py:840} INFO - DAG(s) 'example_kubernetes_executor' retrieved from /home/airflow/.local/lib/python3.8/site-packages/airflow/example_dags/example_kubernetes_executor.py
[2024-03-25T22:08:36.934+0000] {logging_mixin.py:188} INFO - [2024-03-25T22:08:36.934+0000] {dag.py:3047} INFO - Sync 1 DAGs
[2024-03-25T22:08:36.940+0000] {logging_mixin.py:188} INFO - [2024-03-25T22:08:36.939+0000] {dag.py:3834} INFO - Setting next_dagrun for example_kubernetes_executor to None, run_after=None
[2024-03-25T22:08:36.947+0000] {processor.py:183} INFO - Processing /home/airflow/.local/lib/python3.8/site-packages/airflow/example_dags/example_kubernetes_executor.py took 0.044 seconds
[2024-03-25T22:09:07.475+0000] {processor.py:161} INFO - Started process (PID=156) to work on /home/airflow/.local/lib/python3.8/site-packages/airflow/example_dags/example_kubernetes_executor.py
[2024-03-25T22:09:07.476+0000] {processor.py:830} INFO - Processing file /home/airflow/.local/lib/python3.8/site-packages/airflow/example_dags/example_kubernetes_executor.py for tasks to queue
[2024-03-25T22:09:07.477+0000] {logging_mixin.py:188} INFO - [2024-03-25T22:09:07.477+0000] {dagbag.py:540} INFO - Filling up the DagBag from /home/airflow/.local/lib/python3.8/site-packages/airflow/example_dags/example_kubernetes_executor.py
[2024-03-25T22:09:07.485+0000] {processor.py:840} INFO - DAG(s) 'example_kubernetes_executor' retrieved from /home/airflow/.local/lib/python3.8/site-packages/airflow/example_dags/example_kubernetes_executor.py
[2024-03-25T22:09:07.504+0000] {logging_mixin.py:188} INFO - [2024-03-25T22:09:07.504+0000] {dag.py:3047} INFO - Sync 1 DAGs
[2024-03-25T22:09:07.509+0000] {logging_mixin.py:188} INFO - [2024-03-25T22:09:07.509+0000] {dag.py:3834} INFO - Setting next_dagrun for example_kubernetes_executor to None, run_after=None
[2024-03-25T22:09:07.516+0000] {processor.py:183} INFO - Processing /home/airflow/.local/lib/python3.8/site-packages/airflow/example_dags/example_kubernetes_executor.py took 0.043 seconds
[2024-03-25T22:09:38.015+0000] {processor.py:161} INFO - Started process (PID=211) to work on /home/airflow/.local/lib/python3.8/site-packages/airflow/example_dags/example_kubernetes_executor.py
[2024-03-25T22:09:38.015+0000] {processor.py:830} INFO - Processing file /home/airflow/.local/lib/python3.8/site-packages/airflow/example_dags/example_kubernetes_executor.py for tasks to queue
[2024-03-25T22:09:38.016+0000] {logging_mixin.py:188} INFO - [2024-03-25T22:09:38.016+0000] {dagbag.py:540} INFO - Filling up the DagBag from /home/airflow/.local/lib/python3.8/site-packages/airflow/example_dags/example_kubernetes_executor.py
[2024-03-25T22:09:38.025+0000] {processor.py:840} INFO - DAG(s) 'example_kubernetes_executor' retrieved from /home/airflow/.local/lib/python3.8/site-packages/airflow/example_dags/example_kubernetes_executor.py
[2024-03-25T22:09:38.045+0000] {logging_mixin.py:188} INFO - [2024-03-25T22:09:38.045+0000] {dag.py:3047} INFO - Sync 1 DAGs
[2024-03-25T22:09:38.050+0000] {logging_mixin.py:188} INFO - [2024-03-25T22:09:38.050+0000] {dag.py:3834} INFO - Setting next_dagrun for example_kubernetes_executor to None, run_after=None
[2024-03-25T22:09:38.058+0000] {processor.py:183} INFO - Processing /home/airflow/.local/lib/python3.8/site-packages/airflow/example_dags/example_kubernetes_executor.py took 0.045 seconds
[2024-03-25T22:10:08.576+0000] {processor.py:161} INFO - Started process (PID=267) to work on /home/airflow/.local/lib/python3.8/site-packages/airflow/example_dags/example_kubernetes_executor.py
[2024-03-25T22:10:08.577+0000] {processor.py:830} INFO - Processing file /home/airflow/.local/lib/python3.8/site-packages/airflow/example_dags/example_kubernetes_executor.py for tasks to queue
[2024-03-25T22:10:08.578+0000] {logging_mixin.py:188} INFO - [2024-03-25T22:10:08.578+0000] {dagbag.py:540} INFO - Filling up the DagBag from /home/airflow/.local/lib/python3.8/site-packages/airflow/example_dags/example_kubernetes_executor.py
[2024-03-25T22:10:08.585+0000] {processor.py:840} INFO - DAG(s) 'example_kubernetes_executor' retrieved from /home/airflow/.local/lib/python3.8/site-packages/airflow/example_dags/example_kubernetes_executor.py
[2024-03-25T22:10:08.605+0000] {logging_mixin.py:188} INFO - [2024-03-25T22:10:08.605+0000] {dag.py:3047} INFO - Sync 1 DAGs
[2024-03-25T22:10:08.610+0000] {logging_mixin.py:188} INFO - [2024-03-25T22:10:08.610+0000] {dag.py:3834} INFO - Setting next_dagrun for example_kubernetes_executor to None, run_after=None
[2024-03-25T22:10:08.618+0000] {processor.py:183} INFO - Processing /home/airflow/.local/lib/python3.8/site-packages/airflow/example_dags/example_kubernetes_executor.py took 0.043 seconds
[2024-03-25T22:10:39.168+0000] {processor.py:161} INFO - Started process (PID=322) to work on /home/airflow/.local/lib/python3.8/site-packages/airflow/example_dags/example_kubernetes_executor.py
[2024-03-25T22:10:39.168+0000] {processor.py:830} INFO - Processing file /home/airflow/.local/lib/python3.8/site-packages/airflow/example_dags/example_kubernetes_executor.py for tasks to queue
[2024-03-25T22:10:39.169+0000] {logging_mixin.py:188} INFO - [2024-03-25T22:10:39.169+0000] {dagbag.py:540} INFO - Filling up the DagBag from /home/airflow/.local/lib/python3.8/site-packages/airflow/example_dags/example_kubernetes_executor.py
[2024-03-25T22:10:39.176+0000] {processor.py:840} INFO - DAG(s) 'example_kubernetes_executor' retrieved from /home/airflow/.local/lib/python3.8/site-packages/airflow/example_dags/example_kubernetes_executor.py
[2024-03-25T22:10:39.197+0000] {logging_mixin.py:188} INFO - [2024-03-25T22:10:39.197+0000] {dag.py:3047} INFO - Sync 1 DAGs
[2024-03-25T22:10:39.202+0000] {logging_mixin.py:188} INFO - [2024-03-25T22:10:39.202+0000] {dag.py:3834} INFO - Setting next_dagrun for example_kubernetes_executor to None, run_after=None
[2024-03-25T22:10:39.210+0000] {processor.py:183} INFO - Processing /home/airflow/.local/lib/python3.8/site-packages/airflow/example_dags/example_kubernetes_executor.py took 0.044 seconds
[2024-03-25T22:11:09.716+0000] {processor.py:161} INFO - Started process (PID=377) to work on /home/airflow/.local/lib/python3.8/site-packages/airflow/example_dags/example_kubernetes_executor.py
[2024-03-25T22:11:09.716+0000] {processor.py:830} INFO - Processing file /home/airflow/.local/lib/python3.8/site-packages/airflow/example_dags/example_kubernetes_executor.py for tasks to queue
[2024-03-25T22:11:09.717+0000] {logging_mixin.py:188} INFO - [2024-03-25T22:11:09.717+0000] {dagbag.py:540} INFO - Filling up the DagBag from /home/airflow/.local/lib/python3.8/site-packages/airflow/example_dags/example_kubernetes_executor.py
[2024-03-25T22:11:09.725+0000] {processor.py:840} INFO - DAG(s) 'example_kubernetes_executor' retrieved from /home/airflow/.local/lib/python3.8/site-packages/airflow/example_dags/example_kubernetes_executor.py
[2024-03-25T22:11:09.744+0000] {logging_mixin.py:188} INFO - [2024-03-25T22:11:09.744+0000] {dag.py:3047} INFO - Sync 1 DAGs
[2024-03-25T22:11:09.750+0000] {logging_mixin.py:188} INFO - [2024-03-25T22:11:09.750+0000] {dag.py:3834} INFO - Setting next_dagrun for example_kubernetes_executor to None, run_after=None
[2024-03-25T22:11:09.757+0000] {processor.py:183} INFO - Processing /home/airflow/.local/lib/python3.8/site-packages/airflow/example_dags/example_kubernetes_executor.py took 0.043 seconds
[2024-03-25T22:11:40.274+0000] {processor.py:161} INFO - Started process (PID=431) to work on /home/airflow/.local/lib/python3.8/site-packages/airflow/example_dags/example_kubernetes_executor.py
[2024-03-25T22:11:40.275+0000] {processor.py:830} INFO - Processing file /home/airflow/.local/lib/python3.8/site-packages/airflow/example_dags/example_kubernetes_executor.py for tasks to queue
[2024-03-25T22:11:40.276+0000] {logging_mixin.py:188} INFO - [2024-03-25T22:11:40.276+0000] {dagbag.py:540} INFO - Filling up the DagBag from /home/airflow/.local/lib/python3.8/site-packages/airflow/example_dags/example_kubernetes_executor.py
[2024-03-25T22:11:40.283+0000] {processor.py:840} INFO - DAG(s) 'example_kubernetes_executor' retrieved from /home/airflow/.local/lib/python3.8/site-packages/airflow/example_dags/example_kubernetes_executor.py
[2024-03-25T22:11:40.304+0000] {logging_mixin.py:188} INFO - [2024-03-25T22:11:40.304+0000] {dag.py:3047} INFO - Sync 1 DAGs
[2024-03-25T22:11:40.309+0000] {logging_mixin.py:188} INFO - [2024-03-25T22:11:40.309+0000] {dag.py:3834} INFO - Setting next_dagrun for example_kubernetes_executor to None, run_after=None
[2024-03-25T22:11:40.317+0000] {processor.py:183} INFO - Processing /home/airflow/.local/lib/python3.8/site-packages/airflow/example_dags/example_kubernetes_executor.py took 0.045 seconds
[2024-03-25T22:12:10.835+0000] {processor.py:161} INFO - Started process (PID=486) to work on /home/airflow/.local/lib/python3.8/site-packages/airflow/example_dags/example_kubernetes_executor.py
[2024-03-25T22:12:10.835+0000] {processor.py:830} INFO - Processing file /home/airflow/.local/lib/python3.8/site-packages/airflow/example_dags/example_kubernetes_executor.py for tasks to queue
[2024-03-25T22:12:10.837+0000] {logging_mixin.py:188} INFO - [2024-03-25T22:12:10.836+0000] {dagbag.py:540} INFO - Filling up the DagBag from /home/airflow/.local/lib/python3.8/site-packages/airflow/example_dags/example_kubernetes_executor.py
[2024-03-25T22:12:10.845+0000] {processor.py:840} INFO - DAG(s) 'example_kubernetes_executor' retrieved from /home/airflow/.local/lib/python3.8/site-packages/airflow/example_dags/example_kubernetes_executor.py
[2024-03-25T22:12:10.866+0000] {logging_mixin.py:188} INFO - [2024-03-25T22:12:10.866+0000] {dag.py:3047} INFO - Sync 1 DAGs
[2024-03-25T22:12:10.872+0000] {logging_mixin.py:188} INFO - [2024-03-25T22:12:10.872+0000] {dag.py:3834} INFO - Setting next_dagrun for example_kubernetes_executor to None, run_after=None
[2024-03-25T22:12:10.880+0000] {processor.py:183} INFO - Processing /home/airflow/.local/lib/python3.8/site-packages/airflow/example_dags/example_kubernetes_executor.py took 0.047 seconds
[2024-03-25T22:12:41.549+0000] {processor.py:161} INFO - Started process (PID=541) to work on /home/airflow/.local/lib/python3.8/site-packages/airflow/example_dags/example_kubernetes_executor.py
[2024-03-25T22:12:41.549+0000] {processor.py:830} INFO - Processing file /home/airflow/.local/lib/python3.8/site-packages/airflow/example_dags/example_kubernetes_executor.py for tasks to queue
[2024-03-25T22:12:41.550+0000] {logging_mixin.py:188} INFO - [2024-03-25T22:12:41.550+0000] {dagbag.py:540} INFO - Filling up the DagBag from /home/airflow/.local/lib/python3.8/site-packages/airflow/example_dags/example_kubernetes_executor.py
[2024-03-25T22:12:41.558+0000] {processor.py:840} INFO - DAG(s) 'example_kubernetes_executor' retrieved from /home/airflow/.local/lib/python3.8/site-packages/airflow/example_dags/example_kubernetes_executor.py
[2024-03-25T22:12:41.578+0000] {logging_mixin.py:188} INFO - [2024-03-25T22:12:41.577+0000] {dag.py:3047} INFO - Sync 1 DAGs
[2024-03-25T22:12:41.583+0000] {logging_mixin.py:188} INFO - [2024-03-25T22:12:41.583+0000] {dag.py:3834} INFO - Setting next_dagrun for example_kubernetes_executor to None, run_after=None
[2024-03-25T22:12:41.590+0000] {processor.py:183} INFO - Processing /home/airflow/.local/lib/python3.8/site-packages/airflow/example_dags/example_kubernetes_executor.py took 0.043 seconds
[2024-03-25T22:13:12.138+0000] {processor.py:161} INFO - Started process (PID=596) to work on /home/airflow/.local/lib/python3.8/site-packages/airflow/example_dags/example_kubernetes_executor.py
[2024-03-25T22:13:12.139+0000] {processor.py:830} INFO - Processing file /home/airflow/.local/lib/python3.8/site-packages/airflow/example_dags/example_kubernetes_executor.py for tasks to queue
[2024-03-25T22:13:12.140+0000] {logging_mixin.py:188} INFO - [2024-03-25T22:13:12.139+0000] {dagbag.py:540} INFO - Filling up the DagBag from /home/airflow/.local/lib/python3.8/site-packages/airflow/example_dags/example_kubernetes_executor.py
[2024-03-25T22:13:12.148+0000] {processor.py:840} INFO - DAG(s) 'example_kubernetes_executor' retrieved from /home/airflow/.local/lib/python3.8/site-packages/airflow/example_dags/example_kubernetes_executor.py
[2024-03-25T22:13:12.168+0000] {logging_mixin.py:188} INFO - [2024-03-25T22:13:12.168+0000] {dag.py:3047} INFO - Sync 1 DAGs
[2024-03-25T22:13:12.174+0000] {logging_mixin.py:188} INFO - [2024-03-25T22:13:12.174+0000] {dag.py:3834} INFO - Setting next_dagrun for example_kubernetes_executor to None, run_after=None
[2024-03-25T22:13:12.182+0000] {processor.py:183} INFO - Processing /home/airflow/.local/lib/python3.8/site-packages/airflow/example_dags/example_kubernetes_executor.py took 0.045 seconds
[2024-03-25T22:13:42.869+0000] {processor.py:161} INFO - Started process (PID=651) to work on /home/airflow/.local/lib/python3.8/site-packages/airflow/example_dags/example_kubernetes_executor.py
[2024-03-25T22:13:42.869+0000] {processor.py:830} INFO - Processing file /home/airflow/.local/lib/python3.8/site-packages/airflow/example_dags/example_kubernetes_executor.py for tasks to queue
[2024-03-25T22:13:42.871+0000] {logging_mixin.py:188} INFO - [2024-03-25T22:13:42.870+0000] {dagbag.py:540} INFO - Filling up the DagBag from /home/airflow/.local/lib/python3.8/site-packages/airflow/example_dags/example_kubernetes_executor.py
[2024-03-25T22:13:42.878+0000] {processor.py:840} INFO - DAG(s) 'example_kubernetes_executor' retrieved from /home/airflow/.local/lib/python3.8/site-packages/airflow/example_dags/example_kubernetes_executor.py
[2024-03-25T22:13:42.898+0000] {logging_mixin.py:188} INFO - [2024-03-25T22:13:42.898+0000] {dag.py:3047} INFO - Sync 1 DAGs
[2024-03-25T22:13:42.903+0000] {logging_mixin.py:188} INFO - [2024-03-25T22:13:42.903+0000] {dag.py:3834} INFO - Setting next_dagrun for example_kubernetes_executor to None, run_after=None
[2024-03-25T22:13:42.911+0000] {processor.py:183} INFO - Processing /home/airflow/.local/lib/python3.8/site-packages/airflow/example_dags/example_kubernetes_executor.py took 0.044 seconds
[2024-03-25T22:14:13.419+0000] {processor.py:161} INFO - Started process (PID=707) to work on /home/airflow/.local/lib/python3.8/site-packages/airflow/example_dags/example_kubernetes_executor.py
[2024-03-25T22:14:13.419+0000] {processor.py:830} INFO - Processing file /home/airflow/.local/lib/python3.8/site-packages/airflow/example_dags/example_kubernetes_executor.py for tasks to queue
[2024-03-25T22:14:13.420+0000] {logging_mixin.py:188} INFO - [2024-03-25T22:14:13.420+0000] {dagbag.py:540} INFO - Filling up the DagBag from /home/airflow/.local/lib/python3.8/site-packages/airflow/example_dags/example_kubernetes_executor.py
[2024-03-25T22:14:13.428+0000] {processor.py:840} INFO - DAG(s) 'example_kubernetes_executor' retrieved from /home/airflow/.local/lib/python3.8/site-packages/airflow/example_dags/example_kubernetes_executor.py
[2024-03-25T22:14:13.447+0000] {logging_mixin.py:188} INFO - [2024-03-25T22:14:13.447+0000] {dag.py:3047} INFO - Sync 1 DAGs
[2024-03-25T22:14:13.453+0000] {logging_mixin.py:188} INFO - [2024-03-25T22:14:13.453+0000] {dag.py:3834} INFO - Setting next_dagrun for example_kubernetes_executor to None, run_after=None
[2024-03-25T22:14:13.460+0000] {processor.py:183} INFO - Processing /home/airflow/.local/lib/python3.8/site-packages/airflow/example_dags/example_kubernetes_executor.py took 0.043 seconds
[2024-03-25T22:14:43.912+0000] {processor.py:161} INFO - Started process (PID=762) to work on /home/airflow/.local/lib/python3.8/site-packages/airflow/example_dags/example_kubernetes_executor.py
[2024-03-25T22:14:43.912+0000] {processor.py:830} INFO - Processing file /home/airflow/.local/lib/python3.8/site-packages/airflow/example_dags/example_kubernetes_executor.py for tasks to queue
[2024-03-25T22:14:43.913+0000] {logging_mixin.py:188} INFO - [2024-03-25T22:14:43.913+0000] {dagbag.py:540} INFO - Filling up the DagBag from /home/airflow/.local/lib/python3.8/site-packages/airflow/example_dags/example_kubernetes_executor.py
[2024-03-25T22:14:43.921+0000] {processor.py:840} INFO - DAG(s) 'example_kubernetes_executor' retrieved from /home/airflow/.local/lib/python3.8/site-packages/airflow/example_dags/example_kubernetes_executor.py
[2024-03-25T22:14:43.941+0000] {logging_mixin.py:188} INFO - [2024-03-25T22:14:43.940+0000] {dag.py:3047} INFO - Sync 1 DAGs
[2024-03-25T22:14:43.946+0000] {logging_mixin.py:188} INFO - [2024-03-25T22:14:43.946+0000] {dag.py:3834} INFO - Setting next_dagrun for example_kubernetes_executor to None, run_after=None
[2024-03-25T22:14:43.954+0000] {processor.py:183} INFO - Processing /home/airflow/.local/lib/python3.8/site-packages/airflow/example_dags/example_kubernetes_executor.py took 0.044 seconds
[2024-03-25T22:15:14.486+0000] {processor.py:161} INFO - Started process (PID=817) to work on /home/airflow/.local/lib/python3.8/site-packages/airflow/example_dags/example_kubernetes_executor.py
[2024-03-25T22:15:14.486+0000] {processor.py:830} INFO - Processing file /home/airflow/.local/lib/python3.8/site-packages/airflow/example_dags/example_kubernetes_executor.py for tasks to queue
[2024-03-25T22:15:14.488+0000] {logging_mixin.py:188} INFO - [2024-03-25T22:15:14.487+0000] {dagbag.py:540} INFO - Filling up the DagBag from /home/airflow/.local/lib/python3.8/site-packages/airflow/example_dags/example_kubernetes_executor.py
[2024-03-25T22:15:14.496+0000] {processor.py:840} INFO - DAG(s) 'example_kubernetes_executor' retrieved from /home/airflow/.local/lib/python3.8/site-packages/airflow/example_dags/example_kubernetes_executor.py
[2024-03-25T22:15:14.515+0000] {logging_mixin.py:188} INFO - [2024-03-25T22:15:14.515+0000] {dag.py:3047} INFO - Sync 1 DAGs
[2024-03-25T22:15:14.521+0000] {logging_mixin.py:188} INFO - [2024-03-25T22:15:14.521+0000] {dag.py:3834} INFO - Setting next_dagrun for example_kubernetes_executor to None, run_after=None
[2024-03-25T22:15:14.528+0000] {processor.py:183} INFO - Processing /home/airflow/.local/lib/python3.8/site-packages/airflow/example_dags/example_kubernetes_executor.py took 0.045 seconds
[2024-03-25T22:15:45.072+0000] {processor.py:161} INFO - Started process (PID=872) to work on /home/airflow/.local/lib/python3.8/site-packages/airflow/example_dags/example_kubernetes_executor.py
[2024-03-25T22:15:45.072+0000] {processor.py:830} INFO - Processing file /home/airflow/.local/lib/python3.8/site-packages/airflow/example_dags/example_kubernetes_executor.py for tasks to queue
[2024-03-25T22:15:45.074+0000] {logging_mixin.py:188} INFO - [2024-03-25T22:15:45.073+0000] {dagbag.py:540} INFO - Filling up the DagBag from /home/airflow/.local/lib/python3.8/site-packages/airflow/example_dags/example_kubernetes_executor.py
[2024-03-25T22:15:45.081+0000] {processor.py:840} INFO - DAG(s) 'example_kubernetes_executor' retrieved from /home/airflow/.local/lib/python3.8/site-packages/airflow/example_dags/example_kubernetes_executor.py
[2024-03-25T22:15:45.100+0000] {logging_mixin.py:188} INFO - [2024-03-25T22:15:45.100+0000] {dag.py:3047} INFO - Sync 1 DAGs
[2024-03-25T22:15:45.105+0000] {logging_mixin.py:188} INFO - [2024-03-25T22:15:45.105+0000] {dag.py:3834} INFO - Setting next_dagrun for example_kubernetes_executor to None, run_after=None
[2024-03-25T22:15:45.113+0000] {processor.py:183} INFO - Processing /home/airflow/.local/lib/python3.8/site-packages/airflow/example_dags/example_kubernetes_executor.py took 0.043 seconds
[2024-03-25T22:16:15.702+0000] {processor.py:161} INFO - Started process (PID=926) to work on /home/airflow/.local/lib/python3.8/site-packages/airflow/example_dags/example_kubernetes_executor.py
[2024-03-25T22:16:15.703+0000] {processor.py:830} INFO - Processing file /home/airflow/.local/lib/python3.8/site-packages/airflow/example_dags/example_kubernetes_executor.py for tasks to queue
[2024-03-25T22:16:15.705+0000] {logging_mixin.py:188} INFO - [2024-03-25T22:16:15.705+0000] {dagbag.py:540} INFO - Filling up the DagBag from /home/airflow/.local/lib/python3.8/site-packages/airflow/example_dags/example_kubernetes_executor.py
[2024-03-25T22:16:15.717+0000] {processor.py:840} INFO - DAG(s) 'example_kubernetes_executor' retrieved from /home/airflow/.local/lib/python3.8/site-packages/airflow/example_dags/example_kubernetes_executor.py
[2024-03-25T22:16:15.742+0000] {logging_mixin.py:188} INFO - [2024-03-25T22:16:15.742+0000] {dag.py:3047} INFO - Sync 1 DAGs
[2024-03-25T22:16:15.749+0000] {logging_mixin.py:188} INFO - [2024-03-25T22:16:15.749+0000] {dag.py:3834} INFO - Setting next_dagrun for example_kubernetes_executor to None, run_after=None
[2024-03-25T22:16:15.768+0000] {processor.py:183} INFO - Processing /home/airflow/.local/lib/python3.8/site-packages/airflow/example_dags/example_kubernetes_executor.py took 0.071 seconds
[2024-03-25T22:16:45.909+0000] {processor.py:161} INFO - Started process (PID=981) to work on /home/airflow/.local/lib/python3.8/site-packages/airflow/example_dags/example_kubernetes_executor.py
[2024-03-25T22:16:45.909+0000] {processor.py:830} INFO - Processing file /home/airflow/.local/lib/python3.8/site-packages/airflow/example_dags/example_kubernetes_executor.py for tasks to queue
[2024-03-25T22:16:45.911+0000] {logging_mixin.py:188} INFO - [2024-03-25T22:16:45.910+0000] {dagbag.py:540} INFO - Filling up the DagBag from /home/airflow/.local/lib/python3.8/site-packages/airflow/example_dags/example_kubernetes_executor.py
[2024-03-25T22:16:45.919+0000] {processor.py:840} INFO - DAG(s) 'example_kubernetes_executor' retrieved from /home/airflow/.local/lib/python3.8/site-packages/airflow/example_dags/example_kubernetes_executor.py
[2024-03-25T22:16:45.940+0000] {logging_mixin.py:188} INFO - [2024-03-25T22:16:45.939+0000] {dag.py:3047} INFO - Sync 1 DAGs
[2024-03-25T22:16:45.945+0000] {logging_mixin.py:188} INFO - [2024-03-25T22:16:45.945+0000] {dag.py:3834} INFO - Setting next_dagrun for example_kubernetes_executor to None, run_after=None
[2024-03-25T22:16:45.954+0000] {processor.py:183} INFO - Processing /home/airflow/.local/lib/python3.8/site-packages/airflow/example_dags/example_kubernetes_executor.py took 0.047 seconds
[2024-03-25T22:17:16.892+0000] {processor.py:161} INFO - Started process (PID=1036) to work on /home/airflow/.local/lib/python3.8/site-packages/airflow/example_dags/example_kubernetes_executor.py
[2024-03-25T22:17:16.893+0000] {processor.py:830} INFO - Processing file /home/airflow/.local/lib/python3.8/site-packages/airflow/example_dags/example_kubernetes_executor.py for tasks to queue
[2024-03-25T22:17:16.895+0000] {logging_mixin.py:188} INFO - [2024-03-25T22:17:16.895+0000] {dagbag.py:540} INFO - Filling up the DagBag from /home/airflow/.local/lib/python3.8/site-packages/airflow/example_dags/example_kubernetes_executor.py
[2024-03-25T22:17:16.907+0000] {processor.py:840} INFO - DAG(s) 'example_kubernetes_executor' retrieved from /home/airflow/.local/lib/python3.8/site-packages/airflow/example_dags/example_kubernetes_executor.py
[2024-03-25T22:17:16.931+0000] {logging_mixin.py:188} INFO - [2024-03-25T22:17:16.931+0000] {dag.py:3047} INFO - Sync 1 DAGs
[2024-03-25T22:17:16.938+0000] {logging_mixin.py:188} INFO - [2024-03-25T22:17:16.938+0000] {dag.py:3834} INFO - Setting next_dagrun for example_kubernetes_executor to None, run_after=None
[2024-03-25T22:17:16.946+0000] {processor.py:183} INFO - Processing /home/airflow/.local/lib/python3.8/site-packages/airflow/example_dags/example_kubernetes_executor.py took 0.057 seconds
[2024-03-25T22:17:47.508+0000] {processor.py:161} INFO - Started process (PID=1091) to work on /home/airflow/.local/lib/python3.8/site-packages/airflow/example_dags/example_kubernetes_executor.py
[2024-03-25T22:17:47.509+0000] {processor.py:830} INFO - Processing file /home/airflow/.local/lib/python3.8/site-packages/airflow/example_dags/example_kubernetes_executor.py for tasks to queue
[2024-03-25T22:17:47.511+0000] {logging_mixin.py:188} INFO - [2024-03-25T22:17:47.511+0000] {dagbag.py:540} INFO - Filling up the DagBag from /home/airflow/.local/lib/python3.8/site-packages/airflow/example_dags/example_kubernetes_executor.py
[2024-03-25T22:17:47.525+0000] {processor.py:840} INFO - DAG(s) 'example_kubernetes_executor' retrieved from /home/airflow/.local/lib/python3.8/site-packages/airflow/example_dags/example_kubernetes_executor.py
[2024-03-25T22:17:47.551+0000] {logging_mixin.py:188} INFO - [2024-03-25T22:17:47.550+0000] {dag.py:3047} INFO - Sync 1 DAGs
[2024-03-25T22:17:47.556+0000] {logging_mixin.py:188} INFO - [2024-03-25T22:17:47.556+0000] {dag.py:3834} INFO - Setting next_dagrun for example_kubernetes_executor to None, run_after=None
[2024-03-25T22:17:47.564+0000] {processor.py:183} INFO - Processing /home/airflow/.local/lib/python3.8/site-packages/airflow/example_dags/example_kubernetes_executor.py took 0.060 seconds
[2024-03-25T22:18:18.101+0000] {processor.py:161} INFO - Started process (PID=1146) to work on /home/airflow/.local/lib/python3.8/site-packages/airflow/example_dags/example_kubernetes_executor.py
[2024-03-25T22:18:18.103+0000] {processor.py:830} INFO - Processing file /home/airflow/.local/lib/python3.8/site-packages/airflow/example_dags/example_kubernetes_executor.py for tasks to queue
[2024-03-25T22:18:18.105+0000] {logging_mixin.py:188} INFO - [2024-03-25T22:18:18.104+0000] {dagbag.py:540} INFO - Filling up the DagBag from /home/airflow/.local/lib/python3.8/site-packages/airflow/example_dags/example_kubernetes_executor.py
[2024-03-25T22:18:18.116+0000] {processor.py:840} INFO - DAG(s) 'example_kubernetes_executor' retrieved from /home/airflow/.local/lib/python3.8/site-packages/airflow/example_dags/example_kubernetes_executor.py
[2024-03-25T22:18:18.141+0000] {logging_mixin.py:188} INFO - [2024-03-25T22:18:18.141+0000] {dag.py:3047} INFO - Sync 1 DAGs
[2024-03-25T22:18:18.147+0000] {logging_mixin.py:188} INFO - [2024-03-25T22:18:18.147+0000] {dag.py:3834} INFO - Setting next_dagrun for example_kubernetes_executor to None, run_after=None
[2024-03-25T22:18:18.156+0000] {processor.py:183} INFO - Processing /home/airflow/.local/lib/python3.8/site-packages/airflow/example_dags/example_kubernetes_executor.py took 0.059 seconds
[2024-03-25T22:18:48.704+0000] {processor.py:161} INFO - Started process (PID=1202) to work on /home/airflow/.local/lib/python3.8/site-packages/airflow/example_dags/example_kubernetes_executor.py
[2024-03-25T22:18:48.705+0000] {processor.py:830} INFO - Processing file /home/airflow/.local/lib/python3.8/site-packages/airflow/example_dags/example_kubernetes_executor.py for tasks to queue
[2024-03-25T22:18:48.707+0000] {logging_mixin.py:188} INFO - [2024-03-25T22:18:48.706+0000] {dagbag.py:540} INFO - Filling up the DagBag from /home/airflow/.local/lib/python3.8/site-packages/airflow/example_dags/example_kubernetes_executor.py
[2024-03-25T22:18:48.719+0000] {processor.py:840} INFO - DAG(s) 'example_kubernetes_executor' retrieved from /home/airflow/.local/lib/python3.8/site-packages/airflow/example_dags/example_kubernetes_executor.py
[2024-03-25T22:18:48.743+0000] {logging_mixin.py:188} INFO - [2024-03-25T22:18:48.743+0000] {dag.py:3047} INFO - Sync 1 DAGs
[2024-03-25T22:18:48.749+0000] {logging_mixin.py:188} INFO - [2024-03-25T22:18:48.749+0000] {dag.py:3834} INFO - Setting next_dagrun for example_kubernetes_executor to None, run_after=None
[2024-03-25T22:18:48.756+0000] {processor.py:183} INFO - Processing /home/airflow/.local/lib/python3.8/site-packages/airflow/example_dags/example_kubernetes_executor.py took 0.057 seconds
[2024-03-25T22:19:19.297+0000] {processor.py:161} INFO - Started process (PID=1257) to work on /home/airflow/.local/lib/python3.8/site-packages/airflow/example_dags/example_kubernetes_executor.py
[2024-03-25T22:19:19.298+0000] {processor.py:830} INFO - Processing file /home/airflow/.local/lib/python3.8/site-packages/airflow/example_dags/example_kubernetes_executor.py for tasks to queue
[2024-03-25T22:19:19.301+0000] {logging_mixin.py:188} INFO - [2024-03-25T22:19:19.300+0000] {dagbag.py:540} INFO - Filling up the DagBag from /home/airflow/.local/lib/python3.8/site-packages/airflow/example_dags/example_kubernetes_executor.py
[2024-03-25T22:19:19.313+0000] {processor.py:840} INFO - DAG(s) 'example_kubernetes_executor' retrieved from /home/airflow/.local/lib/python3.8/site-packages/airflow/example_dags/example_kubernetes_executor.py
[2024-03-25T22:19:19.339+0000] {logging_mixin.py:188} INFO - [2024-03-25T22:19:19.339+0000] {dag.py:3047} INFO - Sync 1 DAGs
[2024-03-25T22:19:19.344+0000] {logging_mixin.py:188} INFO - [2024-03-25T22:19:19.344+0000] {dag.py:3834} INFO - Setting next_dagrun for example_kubernetes_executor to None, run_after=None
[2024-03-25T22:19:19.353+0000] {processor.py:183} INFO - Processing /home/airflow/.local/lib/python3.8/site-packages/airflow/example_dags/example_kubernetes_executor.py took 0.060 seconds
[2024-03-25T22:19:49.874+0000] {processor.py:161} INFO - Started process (PID=1312) to work on /home/airflow/.local/lib/python3.8/site-packages/airflow/example_dags/example_kubernetes_executor.py
[2024-03-25T22:19:49.875+0000] {processor.py:830} INFO - Processing file /home/airflow/.local/lib/python3.8/site-packages/airflow/example_dags/example_kubernetes_executor.py for tasks to queue
[2024-03-25T22:19:49.878+0000] {logging_mixin.py:188} INFO - [2024-03-25T22:19:49.877+0000] {dagbag.py:540} INFO - Filling up the DagBag from /home/airflow/.local/lib/python3.8/site-packages/airflow/example_dags/example_kubernetes_executor.py
[2024-03-25T22:19:49.894+0000] {processor.py:840} INFO - DAG(s) 'example_kubernetes_executor' retrieved from /home/airflow/.local/lib/python3.8/site-packages/airflow/example_dags/example_kubernetes_executor.py
[2024-03-25T22:19:49.920+0000] {logging_mixin.py:188} INFO - [2024-03-25T22:19:49.920+0000] {dag.py:3047} INFO - Sync 1 DAGs
[2024-03-25T22:19:49.926+0000] {logging_mixin.py:188} INFO - [2024-03-25T22:19:49.926+0000] {dag.py:3834} INFO - Setting next_dagrun for example_kubernetes_executor to None, run_after=None
[2024-03-25T22:19:49.935+0000] {processor.py:183} INFO - Processing /home/airflow/.local/lib/python3.8/site-packages/airflow/example_dags/example_kubernetes_executor.py took 0.065 seconds
[2024-03-25T22:20:20.404+0000] {processor.py:161} INFO - Started process (PID=1368) to work on /home/airflow/.local/lib/python3.8/site-packages/airflow/example_dags/example_kubernetes_executor.py
[2024-03-25T22:20:20.405+0000] {processor.py:830} INFO - Processing file /home/airflow/.local/lib/python3.8/site-packages/airflow/example_dags/example_kubernetes_executor.py for tasks to queue
[2024-03-25T22:20:20.406+0000] {logging_mixin.py:188} INFO - [2024-03-25T22:20:20.406+0000] {dagbag.py:540} INFO - Filling up the DagBag from /home/airflow/.local/lib/python3.8/site-packages/airflow/example_dags/example_kubernetes_executor.py
[2024-03-25T22:20:20.417+0000] {processor.py:840} INFO - DAG(s) 'example_kubernetes_executor' retrieved from /home/airflow/.local/lib/python3.8/site-packages/airflow/example_dags/example_kubernetes_executor.py
[2024-03-25T22:20:20.442+0000] {logging_mixin.py:188} INFO - [2024-03-25T22:20:20.442+0000] {dag.py:3047} INFO - Sync 1 DAGs
[2024-03-25T22:20:20.448+0000] {logging_mixin.py:188} INFO - [2024-03-25T22:20:20.448+0000] {dag.py:3834} INFO - Setting next_dagrun for example_kubernetes_executor to None, run_after=None
[2024-03-25T22:20:20.455+0000] {processor.py:183} INFO - Processing /home/airflow/.local/lib/python3.8/site-packages/airflow/example_dags/example_kubernetes_executor.py took 0.055 seconds
[2024-03-25T22:20:50.988+0000] {processor.py:161} INFO - Started process (PID=1423) to work on /home/airflow/.local/lib/python3.8/site-packages/airflow/example_dags/example_kubernetes_executor.py
[2024-03-25T22:20:50.989+0000] {processor.py:830} INFO - Processing file /home/airflow/.local/lib/python3.8/site-packages/airflow/example_dags/example_kubernetes_executor.py for tasks to queue
[2024-03-25T22:20:50.992+0000] {logging_mixin.py:188} INFO - [2024-03-25T22:20:50.991+0000] {dagbag.py:540} INFO - Filling up the DagBag from /home/airflow/.local/lib/python3.8/site-packages/airflow/example_dags/example_kubernetes_executor.py
[2024-03-25T22:20:51.005+0000] {processor.py:840} INFO - DAG(s) 'example_kubernetes_executor' retrieved from /home/airflow/.local/lib/python3.8/site-packages/airflow/example_dags/example_kubernetes_executor.py
[2024-03-25T22:20:51.032+0000] {logging_mixin.py:188} INFO - [2024-03-25T22:20:51.032+0000] {dag.py:3047} INFO - Sync 1 DAGs
[2024-03-25T22:20:51.039+0000] {logging_mixin.py:188} INFO - [2024-03-25T22:20:51.039+0000] {dag.py:3834} INFO - Setting next_dagrun for example_kubernetes_executor to None, run_after=None
[2024-03-25T22:20:51.048+0000] {processor.py:183} INFO - Processing /home/airflow/.local/lib/python3.8/site-packages/airflow/example_dags/example_kubernetes_executor.py took 0.063 seconds
[2024-03-25T22:21:21.603+0000] {processor.py:161} INFO - Started process (PID=1479) to work on /home/airflow/.local/lib/python3.8/site-packages/airflow/example_dags/example_kubernetes_executor.py
[2024-03-25T22:21:21.604+0000] {processor.py:830} INFO - Processing file /home/airflow/.local/lib/python3.8/site-packages/airflow/example_dags/example_kubernetes_executor.py for tasks to queue
[2024-03-25T22:21:21.607+0000] {logging_mixin.py:188} INFO - [2024-03-25T22:21:21.606+0000] {dagbag.py:540} INFO - Filling up the DagBag from /home/airflow/.local/lib/python3.8/site-packages/airflow/example_dags/example_kubernetes_executor.py
[2024-03-25T22:21:21.619+0000] {processor.py:840} INFO - DAG(s) 'example_kubernetes_executor' retrieved from /home/airflow/.local/lib/python3.8/site-packages/airflow/example_dags/example_kubernetes_executor.py
[2024-03-25T22:21:21.644+0000] {logging_mixin.py:188} INFO - [2024-03-25T22:21:21.644+0000] {dag.py:3047} INFO - Sync 1 DAGs
[2024-03-25T22:21:21.650+0000] {logging_mixin.py:188} INFO - [2024-03-25T22:21:21.650+0000] {dag.py:3834} INFO - Setting next_dagrun for example_kubernetes_executor to None, run_after=None
[2024-03-25T22:21:21.658+0000] {processor.py:183} INFO - Processing /home/airflow/.local/lib/python3.8/site-packages/airflow/example_dags/example_kubernetes_executor.py took 0.059 seconds
[2024-03-25T22:21:52.250+0000] {processor.py:161} INFO - Started process (PID=1535) to work on /home/airflow/.local/lib/python3.8/site-packages/airflow/example_dags/example_kubernetes_executor.py
[2024-03-25T22:21:52.251+0000] {processor.py:830} INFO - Processing file /home/airflow/.local/lib/python3.8/site-packages/airflow/example_dags/example_kubernetes_executor.py for tasks to queue
[2024-03-25T22:21:52.252+0000] {logging_mixin.py:188} INFO - [2024-03-25T22:21:52.252+0000] {dagbag.py:540} INFO - Filling up the DagBag from /home/airflow/.local/lib/python3.8/site-packages/airflow/example_dags/example_kubernetes_executor.py
[2024-03-25T22:21:52.264+0000] {processor.py:840} INFO - DAG(s) 'example_kubernetes_executor' retrieved from /home/airflow/.local/lib/python3.8/site-packages/airflow/example_dags/example_kubernetes_executor.py
[2024-03-25T22:21:52.291+0000] {logging_mixin.py:188} INFO - [2024-03-25T22:21:52.291+0000] {dag.py:3047} INFO - Sync 1 DAGs
[2024-03-25T22:21:52.297+0000] {logging_mixin.py:188} INFO - [2024-03-25T22:21:52.297+0000] {dag.py:3834} INFO - Setting next_dagrun for example_kubernetes_executor to None, run_after=None
[2024-03-25T22:21:52.305+0000] {processor.py:183} INFO - Processing /home/airflow/.local/lib/python3.8/site-packages/airflow/example_dags/example_kubernetes_executor.py took 0.058 seconds
[2024-03-25T22:22:22.896+0000] {processor.py:161} INFO - Started process (PID=1591) to work on /home/airflow/.local/lib/python3.8/site-packages/airflow/example_dags/example_kubernetes_executor.py
[2024-03-25T22:22:22.897+0000] {processor.py:830} INFO - Processing file /home/airflow/.local/lib/python3.8/site-packages/airflow/example_dags/example_kubernetes_executor.py for tasks to queue
[2024-03-25T22:22:22.900+0000] {logging_mixin.py:188} INFO - [2024-03-25T22:22:22.899+0000] {dagbag.py:540} INFO - Filling up the DagBag from /home/airflow/.local/lib/python3.8/site-packages/airflow/example_dags/example_kubernetes_executor.py
[2024-03-25T22:22:22.914+0000] {processor.py:840} INFO - DAG(s) 'example_kubernetes_executor' retrieved from /home/airflow/.local/lib/python3.8/site-packages/airflow/example_dags/example_kubernetes_executor.py
[2024-03-25T22:22:22.940+0000] {logging_mixin.py:188} INFO - [2024-03-25T22:22:22.940+0000] {dag.py:3047} INFO - Sync 1 DAGs
[2024-03-25T22:22:22.946+0000] {logging_mixin.py:188} INFO - [2024-03-25T22:22:22.946+0000] {dag.py:3834} INFO - Setting next_dagrun for example_kubernetes_executor to None, run_after=None
[2024-03-25T22:22:22.954+0000] {processor.py:183} INFO - Processing /home/airflow/.local/lib/python3.8/site-packages/airflow/example_dags/example_kubernetes_executor.py took 0.062 seconds
[2024-03-25T22:22:53.514+0000] {processor.py:161} INFO - Started process (PID=1646) to work on /home/airflow/.local/lib/python3.8/site-packages/airflow/example_dags/example_kubernetes_executor.py
[2024-03-25T22:22:53.516+0000] {processor.py:830} INFO - Processing file /home/airflow/.local/lib/python3.8/site-packages/airflow/example_dags/example_kubernetes_executor.py for tasks to queue
[2024-03-25T22:22:53.518+0000] {logging_mixin.py:188} INFO - [2024-03-25T22:22:53.517+0000] {dagbag.py:540} INFO - Filling up the DagBag from /home/airflow/.local/lib/python3.8/site-packages/airflow/example_dags/example_kubernetes_executor.py
[2024-03-25T22:22:53.534+0000] {processor.py:840} INFO - DAG(s) 'example_kubernetes_executor' retrieved from /home/airflow/.local/lib/python3.8/site-packages/airflow/example_dags/example_kubernetes_executor.py
[2024-03-25T22:22:53.560+0000] {logging_mixin.py:188} INFO - [2024-03-25T22:22:53.560+0000] {dag.py:3047} INFO - Sync 1 DAGs
[2024-03-25T22:22:53.566+0000] {logging_mixin.py:188} INFO - [2024-03-25T22:22:53.566+0000] {dag.py:3834} INFO - Setting next_dagrun for example_kubernetes_executor to None, run_after=None
[2024-03-25T22:22:53.574+0000] {processor.py:183} INFO - Processing /home/airflow/.local/lib/python3.8/site-packages/airflow/example_dags/example_kubernetes_executor.py took 0.064 seconds
[2024-03-25T22:23:24.114+0000] {processor.py:161} INFO - Started process (PID=1701) to work on /home/airflow/.local/lib/python3.8/site-packages/airflow/example_dags/example_kubernetes_executor.py
[2024-03-25T22:23:24.115+0000] {processor.py:830} INFO - Processing file /home/airflow/.local/lib/python3.8/site-packages/airflow/example_dags/example_kubernetes_executor.py for tasks to queue
[2024-03-25T22:23:24.118+0000] {logging_mixin.py:188} INFO - [2024-03-25T22:23:24.117+0000] {dagbag.py:540} INFO - Filling up the DagBag from /home/airflow/.local/lib/python3.8/site-packages/airflow/example_dags/example_kubernetes_executor.py
[2024-03-25T22:23:24.130+0000] {processor.py:840} INFO - DAG(s) 'example_kubernetes_executor' retrieved from /home/airflow/.local/lib/python3.8/site-packages/airflow/example_dags/example_kubernetes_executor.py
[2024-03-25T22:23:24.156+0000] {logging_mixin.py:188} INFO - [2024-03-25T22:23:24.156+0000] {dag.py:3047} INFO - Sync 1 DAGs
[2024-03-25T22:23:24.162+0000] {logging_mixin.py:188} INFO - [2024-03-25T22:23:24.162+0000] {dag.py:3834} INFO - Setting next_dagrun for example_kubernetes_executor to None, run_after=None
[2024-03-25T22:23:24.169+0000] {processor.py:183} INFO - Processing /home/airflow/.local/lib/python3.8/site-packages/airflow/example_dags/example_kubernetes_executor.py took 0.060 seconds
[2024-03-25T22:23:54.669+0000] {processor.py:161} INFO - Started process (PID=1755) to work on /home/airflow/.local/lib/python3.8/site-packages/airflow/example_dags/example_kubernetes_executor.py
[2024-03-25T22:23:54.671+0000] {processor.py:830} INFO - Processing file /home/airflow/.local/lib/python3.8/site-packages/airflow/example_dags/example_kubernetes_executor.py for tasks to queue
[2024-03-25T22:23:54.673+0000] {logging_mixin.py:188} INFO - [2024-03-25T22:23:54.673+0000] {dagbag.py:540} INFO - Filling up the DagBag from /home/airflow/.local/lib/python3.8/site-packages/airflow/example_dags/example_kubernetes_executor.py
[2024-03-25T22:23:54.686+0000] {processor.py:840} INFO - DAG(s) 'example_kubernetes_executor' retrieved from /home/airflow/.local/lib/python3.8/site-packages/airflow/example_dags/example_kubernetes_executor.py
[2024-03-25T22:23:54.712+0000] {logging_mixin.py:188} INFO - [2024-03-25T22:23:54.711+0000] {dag.py:3047} INFO - Sync 1 DAGs
[2024-03-25T22:23:54.717+0000] {logging_mixin.py:188} INFO - [2024-03-25T22:23:54.717+0000] {dag.py:3834} INFO - Setting next_dagrun for example_kubernetes_executor to None, run_after=None
[2024-03-25T22:23:54.726+0000] {processor.py:183} INFO - Processing /home/airflow/.local/lib/python3.8/site-packages/airflow/example_dags/example_kubernetes_executor.py took 0.061 seconds
[2024-03-25T22:24:25.226+0000] {processor.py:161} INFO - Started process (PID=1810) to work on /home/airflow/.local/lib/python3.8/site-packages/airflow/example_dags/example_kubernetes_executor.py
[2024-03-25T22:24:25.227+0000] {processor.py:830} INFO - Processing file /home/airflow/.local/lib/python3.8/site-packages/airflow/example_dags/example_kubernetes_executor.py for tasks to queue
[2024-03-25T22:24:25.229+0000] {logging_mixin.py:188} INFO - [2024-03-25T22:24:25.229+0000] {dagbag.py:540} INFO - Filling up the DagBag from /home/airflow/.local/lib/python3.8/site-packages/airflow/example_dags/example_kubernetes_executor.py
[2024-03-25T22:24:25.241+0000] {processor.py:840} INFO - DAG(s) 'example_kubernetes_executor' retrieved from /home/airflow/.local/lib/python3.8/site-packages/airflow/example_dags/example_kubernetes_executor.py
[2024-03-25T22:24:25.266+0000] {logging_mixin.py:188} INFO - [2024-03-25T22:24:25.266+0000] {dag.py:3047} INFO - Sync 1 DAGs
[2024-03-25T22:24:25.272+0000] {logging_mixin.py:188} INFO - [2024-03-25T22:24:25.272+0000] {dag.py:3834} INFO - Setting next_dagrun for example_kubernetes_executor to None, run_after=None
[2024-03-25T22:24:25.281+0000] {processor.py:183} INFO - Processing /home/airflow/.local/lib/python3.8/site-packages/airflow/example_dags/example_kubernetes_executor.py took 0.059 seconds
[2024-03-25T22:24:55.742+0000] {processor.py:161} INFO - Started process (PID=1866) to work on /home/airflow/.local/lib/python3.8/site-packages/airflow/example_dags/example_kubernetes_executor.py
[2024-03-25T22:24:55.743+0000] {processor.py:830} INFO - Processing file /home/airflow/.local/lib/python3.8/site-packages/airflow/example_dags/example_kubernetes_executor.py for tasks to queue
[2024-03-25T22:24:55.744+0000] {logging_mixin.py:188} INFO - [2024-03-25T22:24:55.744+0000] {dagbag.py:540} INFO - Filling up the DagBag from /home/airflow/.local/lib/python3.8/site-packages/airflow/example_dags/example_kubernetes_executor.py
[2024-03-25T22:24:55.752+0000] {processor.py:840} INFO - DAG(s) 'example_kubernetes_executor' retrieved from /home/airflow/.local/lib/python3.8/site-packages/airflow/example_dags/example_kubernetes_executor.py
[2024-03-25T22:24:55.773+0000] {logging_mixin.py:188} INFO - [2024-03-25T22:24:55.772+0000] {dag.py:3047} INFO - Sync 1 DAGs
[2024-03-25T22:24:55.778+0000] {logging_mixin.py:188} INFO - [2024-03-25T22:24:55.778+0000] {dag.py:3834} INFO - Setting next_dagrun for example_kubernetes_executor to None, run_after=None
[2024-03-25T22:24:55.786+0000] {processor.py:183} INFO - Processing /home/airflow/.local/lib/python3.8/site-packages/airflow/example_dags/example_kubernetes_executor.py took 0.047 seconds
[2024-03-25T22:25:26.241+0000] {processor.py:161} INFO - Started process (PID=1921) to work on /home/airflow/.local/lib/python3.8/site-packages/airflow/example_dags/example_kubernetes_executor.py
[2024-03-25T22:25:26.243+0000] {processor.py:830} INFO - Processing file /home/airflow/.local/lib/python3.8/site-packages/airflow/example_dags/example_kubernetes_executor.py for tasks to queue
[2024-03-25T22:25:26.245+0000] {logging_mixin.py:188} INFO - [2024-03-25T22:25:26.244+0000] {dagbag.py:540} INFO - Filling up the DagBag from /home/airflow/.local/lib/python3.8/site-packages/airflow/example_dags/example_kubernetes_executor.py
[2024-03-25T22:25:26.258+0000] {processor.py:840} INFO - DAG(s) 'example_kubernetes_executor' retrieved from /home/airflow/.local/lib/python3.8/site-packages/airflow/example_dags/example_kubernetes_executor.py
[2024-03-25T22:25:26.284+0000] {logging_mixin.py:188} INFO - [2024-03-25T22:25:26.283+0000] {dag.py:3047} INFO - Sync 1 DAGs
[2024-03-25T22:25:26.289+0000] {logging_mixin.py:188} INFO - [2024-03-25T22:25:26.289+0000] {dag.py:3834} INFO - Setting next_dagrun for example_kubernetes_executor to None, run_after=None
[2024-03-25T22:25:26.297+0000] {processor.py:183} INFO - Processing /home/airflow/.local/lib/python3.8/site-packages/airflow/example_dags/example_kubernetes_executor.py took 0.060 seconds
[2024-03-25T22:25:56.844+0000] {processor.py:161} INFO - Started process (PID=1976) to work on /home/airflow/.local/lib/python3.8/site-packages/airflow/example_dags/example_kubernetes_executor.py
[2024-03-25T22:25:56.845+0000] {processor.py:830} INFO - Processing file /home/airflow/.local/lib/python3.8/site-packages/airflow/example_dags/example_kubernetes_executor.py for tasks to queue
[2024-03-25T22:25:56.847+0000] {logging_mixin.py:188} INFO - [2024-03-25T22:25:56.847+0000] {dagbag.py:540} INFO - Filling up the DagBag from /home/airflow/.local/lib/python3.8/site-packages/airflow/example_dags/example_kubernetes_executor.py
[2024-03-25T22:25:56.860+0000] {processor.py:840} INFO - DAG(s) 'example_kubernetes_executor' retrieved from /home/airflow/.local/lib/python3.8/site-packages/airflow/example_dags/example_kubernetes_executor.py
[2024-03-25T22:25:56.886+0000] {logging_mixin.py:188} INFO - [2024-03-25T22:25:56.886+0000] {dag.py:3047} INFO - Sync 1 DAGs
[2024-03-25T22:25:56.892+0000] {logging_mixin.py:188} INFO - [2024-03-25T22:25:56.892+0000] {dag.py:3834} INFO - Setting next_dagrun for example_kubernetes_executor to None, run_after=None
[2024-03-25T22:25:56.900+0000] {processor.py:183} INFO - Processing /home/airflow/.local/lib/python3.8/site-packages/airflow/example_dags/example_kubernetes_executor.py took 0.062 seconds
[2024-03-25T22:26:27.438+0000] {processor.py:161} INFO - Started process (PID=2031) to work on /home/airflow/.local/lib/python3.8/site-packages/airflow/example_dags/example_kubernetes_executor.py
[2024-03-25T22:26:27.439+0000] {processor.py:830} INFO - Processing file /home/airflow/.local/lib/python3.8/site-packages/airflow/example_dags/example_kubernetes_executor.py for tasks to queue
[2024-03-25T22:26:27.441+0000] {logging_mixin.py:188} INFO - [2024-03-25T22:26:27.441+0000] {dagbag.py:540} INFO - Filling up the DagBag from /home/airflow/.local/lib/python3.8/site-packages/airflow/example_dags/example_kubernetes_executor.py
[2024-03-25T22:26:27.454+0000] {processor.py:840} INFO - DAG(s) 'example_kubernetes_executor' retrieved from /home/airflow/.local/lib/python3.8/site-packages/airflow/example_dags/example_kubernetes_executor.py
[2024-03-25T22:26:27.479+0000] {logging_mixin.py:188} INFO - [2024-03-25T22:26:27.479+0000] {dag.py:3047} INFO - Sync 1 DAGs
[2024-03-25T22:26:27.486+0000] {logging_mixin.py:188} INFO - [2024-03-25T22:26:27.486+0000] {dag.py:3834} INFO - Setting next_dagrun for example_kubernetes_executor to None, run_after=None
[2024-03-25T22:26:27.494+0000] {processor.py:183} INFO - Processing /home/airflow/.local/lib/python3.8/site-packages/airflow/example_dags/example_kubernetes_executor.py took 0.061 seconds
[2024-03-25T22:26:58.037+0000] {processor.py:161} INFO - Started process (PID=2086) to work on /home/airflow/.local/lib/python3.8/site-packages/airflow/example_dags/example_kubernetes_executor.py
[2024-03-25T22:26:58.038+0000] {processor.py:830} INFO - Processing file /home/airflow/.local/lib/python3.8/site-packages/airflow/example_dags/example_kubernetes_executor.py for tasks to queue
[2024-03-25T22:26:58.040+0000] {logging_mixin.py:188} INFO - [2024-03-25T22:26:58.039+0000] {dagbag.py:540} INFO - Filling up the DagBag from /home/airflow/.local/lib/python3.8/site-packages/airflow/example_dags/example_kubernetes_executor.py
[2024-03-25T22:26:58.051+0000] {processor.py:840} INFO - DAG(s) 'example_kubernetes_executor' retrieved from /home/airflow/.local/lib/python3.8/site-packages/airflow/example_dags/example_kubernetes_executor.py
[2024-03-25T22:26:58.074+0000] {logging_mixin.py:188} INFO - [2024-03-25T22:26:58.074+0000] {dag.py:3047} INFO - Sync 1 DAGs
[2024-03-25T22:26:58.080+0000] {logging_mixin.py:188} INFO - [2024-03-25T22:26:58.080+0000] {dag.py:3834} INFO - Setting next_dagrun for example_kubernetes_executor to None, run_after=None
[2024-03-25T22:26:58.089+0000] {processor.py:183} INFO - Processing /home/airflow/.local/lib/python3.8/site-packages/airflow/example_dags/example_kubernetes_executor.py took 0.056 seconds
[2024-03-25T22:27:28.636+0000] {processor.py:161} INFO - Started process (PID=2140) to work on /home/airflow/.local/lib/python3.8/site-packages/airflow/example_dags/example_kubernetes_executor.py
[2024-03-25T22:27:28.637+0000] {processor.py:830} INFO - Processing file /home/airflow/.local/lib/python3.8/site-packages/airflow/example_dags/example_kubernetes_executor.py for tasks to queue
[2024-03-25T22:27:28.638+0000] {logging_mixin.py:188} INFO - [2024-03-25T22:27:28.638+0000] {dagbag.py:540} INFO - Filling up the DagBag from /home/airflow/.local/lib/python3.8/site-packages/airflow/example_dags/example_kubernetes_executor.py
[2024-03-25T22:27:28.646+0000] {processor.py:840} INFO - DAG(s) 'example_kubernetes_executor' retrieved from /home/airflow/.local/lib/python3.8/site-packages/airflow/example_dags/example_kubernetes_executor.py
[2024-03-25T22:27:28.666+0000] {logging_mixin.py:188} INFO - [2024-03-25T22:27:28.666+0000] {dag.py:3047} INFO - Sync 1 DAGs
[2024-03-25T22:27:28.671+0000] {logging_mixin.py:188} INFO - [2024-03-25T22:27:28.671+0000] {dag.py:3834} INFO - Setting next_dagrun for example_kubernetes_executor to None, run_after=None
[2024-03-25T22:27:28.680+0000] {processor.py:183} INFO - Processing /home/airflow/.local/lib/python3.8/site-packages/airflow/example_dags/example_kubernetes_executor.py took 0.046 seconds
[2024-03-25T22:27:59.247+0000] {processor.py:161} INFO - Started process (PID=2195) to work on /home/airflow/.local/lib/python3.8/site-packages/airflow/example_dags/example_kubernetes_executor.py
[2024-03-25T22:27:59.248+0000] {processor.py:830} INFO - Processing file /home/airflow/.local/lib/python3.8/site-packages/airflow/example_dags/example_kubernetes_executor.py for tasks to queue
[2024-03-25T22:27:59.250+0000] {logging_mixin.py:188} INFO - [2024-03-25T22:27:59.250+0000] {dagbag.py:540} INFO - Filling up the DagBag from /home/airflow/.local/lib/python3.8/site-packages/airflow/example_dags/example_kubernetes_executor.py
[2024-03-25T22:27:59.263+0000] {processor.py:840} INFO - DAG(s) 'example_kubernetes_executor' retrieved from /home/airflow/.local/lib/python3.8/site-packages/airflow/example_dags/example_kubernetes_executor.py
[2024-03-25T22:27:59.288+0000] {logging_mixin.py:188} INFO - [2024-03-25T22:27:59.288+0000] {dag.py:3047} INFO - Sync 1 DAGs
[2024-03-25T22:27:59.294+0000] {logging_mixin.py:188} INFO - [2024-03-25T22:27:59.294+0000] {dag.py:3834} INFO - Setting next_dagrun for example_kubernetes_executor to None, run_after=None
[2024-03-25T22:27:59.302+0000] {processor.py:183} INFO - Processing /home/airflow/.local/lib/python3.8/site-packages/airflow/example_dags/example_kubernetes_executor.py took 0.059 seconds
[2024-03-25T22:28:29.799+0000] {processor.py:161} INFO - Started process (PID=2250) to work on /home/airflow/.local/lib/python3.8/site-packages/airflow/example_dags/example_kubernetes_executor.py
[2024-03-25T22:28:29.800+0000] {processor.py:830} INFO - Processing file /home/airflow/.local/lib/python3.8/site-packages/airflow/example_dags/example_kubernetes_executor.py for tasks to queue
[2024-03-25T22:28:29.802+0000] {logging_mixin.py:188} INFO - [2024-03-25T22:28:29.802+0000] {dagbag.py:540} INFO - Filling up the DagBag from /home/airflow/.local/lib/python3.8/site-packages/airflow/example_dags/example_kubernetes_executor.py
[2024-03-25T22:28:29.815+0000] {processor.py:840} INFO - DAG(s) 'example_kubernetes_executor' retrieved from /home/airflow/.local/lib/python3.8/site-packages/airflow/example_dags/example_kubernetes_executor.py
[2024-03-25T22:28:29.840+0000] {logging_mixin.py:188} INFO - [2024-03-25T22:28:29.840+0000] {dag.py:3047} INFO - Sync 1 DAGs
[2024-03-25T22:28:29.846+0000] {logging_mixin.py:188} INFO - [2024-03-25T22:28:29.846+0000] {dag.py:3834} INFO - Setting next_dagrun for example_kubernetes_executor to None, run_after=None
[2024-03-25T22:28:29.855+0000] {processor.py:183} INFO - Processing /home/airflow/.local/lib/python3.8/site-packages/airflow/example_dags/example_kubernetes_executor.py took 0.060 seconds
[2024-03-25T22:29:00.414+0000] {processor.py:161} INFO - Started process (PID=2305) to work on /home/airflow/.local/lib/python3.8/site-packages/airflow/example_dags/example_kubernetes_executor.py
[2024-03-25T22:29:00.416+0000] {processor.py:830} INFO - Processing file /home/airflow/.local/lib/python3.8/site-packages/airflow/example_dags/example_kubernetes_executor.py for tasks to queue
[2024-03-25T22:29:00.418+0000] {logging_mixin.py:188} INFO - [2024-03-25T22:29:00.417+0000] {dagbag.py:540} INFO - Filling up the DagBag from /home/airflow/.local/lib/python3.8/site-packages/airflow/example_dags/example_kubernetes_executor.py
[2024-03-25T22:29:00.431+0000] {processor.py:840} INFO - DAG(s) 'example_kubernetes_executor' retrieved from /home/airflow/.local/lib/python3.8/site-packages/airflow/example_dags/example_kubernetes_executor.py
[2024-03-25T22:29:00.455+0000] {logging_mixin.py:188} INFO - [2024-03-25T22:29:00.455+0000] {dag.py:3047} INFO - Sync 1 DAGs
[2024-03-25T22:29:00.461+0000] {logging_mixin.py:188} INFO - [2024-03-25T22:29:00.461+0000] {dag.py:3834} INFO - Setting next_dagrun for example_kubernetes_executor to None, run_after=None
[2024-03-25T22:29:00.470+0000] {processor.py:183} INFO - Processing /home/airflow/.local/lib/python3.8/site-packages/airflow/example_dags/example_kubernetes_executor.py took 0.060 seconds
[2024-03-25T22:29:31.008+0000] {processor.py:161} INFO - Started process (PID=2360) to work on /home/airflow/.local/lib/python3.8/site-packages/airflow/example_dags/example_kubernetes_executor.py
[2024-03-25T22:29:31.009+0000] {processor.py:830} INFO - Processing file /home/airflow/.local/lib/python3.8/site-packages/airflow/example_dags/example_kubernetes_executor.py for tasks to queue
[2024-03-25T22:29:31.011+0000] {logging_mixin.py:188} INFO - [2024-03-25T22:29:31.011+0000] {dagbag.py:540} INFO - Filling up the DagBag from /home/airflow/.local/lib/python3.8/site-packages/airflow/example_dags/example_kubernetes_executor.py
[2024-03-25T22:29:31.025+0000] {processor.py:840} INFO - DAG(s) 'example_kubernetes_executor' retrieved from /home/airflow/.local/lib/python3.8/site-packages/airflow/example_dags/example_kubernetes_executor.py
[2024-03-25T22:29:31.050+0000] {logging_mixin.py:188} INFO - [2024-03-25T22:29:31.050+0000] {dag.py:3047} INFO - Sync 1 DAGs
[2024-03-25T22:29:31.056+0000] {logging_mixin.py:188} INFO - [2024-03-25T22:29:31.056+0000] {dag.py:3834} INFO - Setting next_dagrun for example_kubernetes_executor to None, run_after=None
[2024-03-25T22:29:31.064+0000] {processor.py:183} INFO - Processing /home/airflow/.local/lib/python3.8/site-packages/airflow/example_dags/example_kubernetes_executor.py took 0.060 seconds
[2024-03-25T22:30:01.604+0000] {processor.py:161} INFO - Started process (PID=2421) to work on /home/airflow/.local/lib/python3.8/site-packages/airflow/example_dags/example_kubernetes_executor.py
[2024-03-25T22:30:01.605+0000] {processor.py:830} INFO - Processing file /home/airflow/.local/lib/python3.8/site-packages/airflow/example_dags/example_kubernetes_executor.py for tasks to queue
[2024-03-25T22:30:01.606+0000] {logging_mixin.py:188} INFO - [2024-03-25T22:30:01.606+0000] {dagbag.py:540} INFO - Filling up the DagBag from /home/airflow/.local/lib/python3.8/site-packages/airflow/example_dags/example_kubernetes_executor.py
[2024-03-25T22:30:01.617+0000] {processor.py:840} INFO - DAG(s) 'example_kubernetes_executor' retrieved from /home/airflow/.local/lib/python3.8/site-packages/airflow/example_dags/example_kubernetes_executor.py
[2024-03-25T22:30:01.642+0000] {logging_mixin.py:188} INFO - [2024-03-25T22:30:01.641+0000] {dag.py:3047} INFO - Sync 1 DAGs
[2024-03-25T22:30:01.647+0000] {logging_mixin.py:188} INFO - [2024-03-25T22:30:01.647+0000] {dag.py:3834} INFO - Setting next_dagrun for example_kubernetes_executor to None, run_after=None
[2024-03-25T22:30:01.655+0000] {processor.py:183} INFO - Processing /home/airflow/.local/lib/python3.8/site-packages/airflow/example_dags/example_kubernetes_executor.py took 0.055 seconds
[2024-03-25T22:30:32.236+0000] {processor.py:161} INFO - Started process (PID=2476) to work on /home/airflow/.local/lib/python3.8/site-packages/airflow/example_dags/example_kubernetes_executor.py
[2024-03-25T22:30:32.237+0000] {processor.py:830} INFO - Processing file /home/airflow/.local/lib/python3.8/site-packages/airflow/example_dags/example_kubernetes_executor.py for tasks to queue
[2024-03-25T22:30:32.239+0000] {logging_mixin.py:188} INFO - [2024-03-25T22:30:32.239+0000] {dagbag.py:540} INFO - Filling up the DagBag from /home/airflow/.local/lib/python3.8/site-packages/airflow/example_dags/example_kubernetes_executor.py
[2024-03-25T22:30:32.252+0000] {processor.py:840} INFO - DAG(s) 'example_kubernetes_executor' retrieved from /home/airflow/.local/lib/python3.8/site-packages/airflow/example_dags/example_kubernetes_executor.py
[2024-03-25T22:30:32.279+0000] {logging_mixin.py:188} INFO - [2024-03-25T22:30:32.279+0000] {dag.py:3047} INFO - Sync 1 DAGs
[2024-03-25T22:30:32.285+0000] {logging_mixin.py:188} INFO - [2024-03-25T22:30:32.285+0000] {dag.py:3834} INFO - Setting next_dagrun for example_kubernetes_executor to None, run_after=None
[2024-03-25T22:30:32.294+0000] {processor.py:183} INFO - Processing /home/airflow/.local/lib/python3.8/site-packages/airflow/example_dags/example_kubernetes_executor.py took 0.060 seconds
[2024-03-25T22:31:02.794+0000] {processor.py:161} INFO - Started process (PID=2531) to work on /home/airflow/.local/lib/python3.8/site-packages/airflow/example_dags/example_kubernetes_executor.py
[2024-03-25T22:31:02.796+0000] {processor.py:830} INFO - Processing file /home/airflow/.local/lib/python3.8/site-packages/airflow/example_dags/example_kubernetes_executor.py for tasks to queue
[2024-03-25T22:31:02.798+0000] {logging_mixin.py:188} INFO - [2024-03-25T22:31:02.798+0000] {dagbag.py:540} INFO - Filling up the DagBag from /home/airflow/.local/lib/python3.8/site-packages/airflow/example_dags/example_kubernetes_executor.py
[2024-03-25T22:31:02.812+0000] {processor.py:840} INFO - DAG(s) 'example_kubernetes_executor' retrieved from /home/airflow/.local/lib/python3.8/site-packages/airflow/example_dags/example_kubernetes_executor.py
[2024-03-25T22:31:02.837+0000] {logging_mixin.py:188} INFO - [2024-03-25T22:31:02.837+0000] {dag.py:3047} INFO - Sync 1 DAGs
[2024-03-25T22:31:02.843+0000] {logging_mixin.py:188} INFO - [2024-03-25T22:31:02.842+0000] {dag.py:3834} INFO - Setting next_dagrun for example_kubernetes_executor to None, run_after=None
[2024-03-25T22:31:02.851+0000] {processor.py:183} INFO - Processing /home/airflow/.local/lib/python3.8/site-packages/airflow/example_dags/example_kubernetes_executor.py took 0.061 seconds
[2024-03-25T22:31:33.376+0000] {processor.py:161} INFO - Started process (PID=2586) to work on /home/airflow/.local/lib/python3.8/site-packages/airflow/example_dags/example_kubernetes_executor.py
[2024-03-25T22:31:33.377+0000] {processor.py:830} INFO - Processing file /home/airflow/.local/lib/python3.8/site-packages/airflow/example_dags/example_kubernetes_executor.py for tasks to queue
[2024-03-25T22:31:33.380+0000] {logging_mixin.py:188} INFO - [2024-03-25T22:31:33.379+0000] {dagbag.py:540} INFO - Filling up the DagBag from /home/airflow/.local/lib/python3.8/site-packages/airflow/example_dags/example_kubernetes_executor.py
[2024-03-25T22:31:33.393+0000] {processor.py:840} INFO - DAG(s) 'example_kubernetes_executor' retrieved from /home/airflow/.local/lib/python3.8/site-packages/airflow/example_dags/example_kubernetes_executor.py
[2024-03-25T22:31:33.418+0000] {logging_mixin.py:188} INFO - [2024-03-25T22:31:33.418+0000] {dag.py:3047} INFO - Sync 1 DAGs
[2024-03-25T22:31:33.424+0000] {logging_mixin.py:188} INFO - [2024-03-25T22:31:33.424+0000] {dag.py:3834} INFO - Setting next_dagrun for example_kubernetes_executor to None, run_after=None
[2024-03-25T22:31:33.433+0000] {processor.py:183} INFO - Processing /home/airflow/.local/lib/python3.8/site-packages/airflow/example_dags/example_kubernetes_executor.py took 0.061 seconds
[2024-03-25T22:32:04.050+0000] {processor.py:161} INFO - Started process (PID=2641) to work on /home/airflow/.local/lib/python3.8/site-packages/airflow/example_dags/example_kubernetes_executor.py
[2024-03-25T22:32:04.052+0000] {processor.py:830} INFO - Processing file /home/airflow/.local/lib/python3.8/site-packages/airflow/example_dags/example_kubernetes_executor.py for tasks to queue
[2024-03-25T22:32:04.054+0000] {logging_mixin.py:188} INFO - [2024-03-25T22:32:04.054+0000] {dagbag.py:540} INFO - Filling up the DagBag from /home/airflow/.local/lib/python3.8/site-packages/airflow/example_dags/example_kubernetes_executor.py
[2024-03-25T22:32:04.067+0000] {processor.py:840} INFO - DAG(s) 'example_kubernetes_executor' retrieved from /home/airflow/.local/lib/python3.8/site-packages/airflow/example_dags/example_kubernetes_executor.py
[2024-03-25T22:32:04.092+0000] {logging_mixin.py:188} INFO - [2024-03-25T22:32:04.092+0000] {dag.py:3047} INFO - Sync 1 DAGs
[2024-03-25T22:32:04.098+0000] {logging_mixin.py:188} INFO - [2024-03-25T22:32:04.098+0000] {dag.py:3834} INFO - Setting next_dagrun for example_kubernetes_executor to None, run_after=None
[2024-03-25T22:32:04.107+0000] {processor.py:183} INFO - Processing /home/airflow/.local/lib/python3.8/site-packages/airflow/example_dags/example_kubernetes_executor.py took 0.060 seconds
[2024-03-25T22:32:34.727+0000] {processor.py:161} INFO - Started process (PID=2696) to work on /home/airflow/.local/lib/python3.8/site-packages/airflow/example_dags/example_kubernetes_executor.py
[2024-03-25T22:32:34.728+0000] {processor.py:830} INFO - Processing file /home/airflow/.local/lib/python3.8/site-packages/airflow/example_dags/example_kubernetes_executor.py for tasks to queue
[2024-03-25T22:32:34.731+0000] {logging_mixin.py:188} INFO - [2024-03-25T22:32:34.730+0000] {dagbag.py:540} INFO - Filling up the DagBag from /home/airflow/.local/lib/python3.8/site-packages/airflow/example_dags/example_kubernetes_executor.py
[2024-03-25T22:32:34.743+0000] {processor.py:840} INFO - DAG(s) 'example_kubernetes_executor' retrieved from /home/airflow/.local/lib/python3.8/site-packages/airflow/example_dags/example_kubernetes_executor.py
[2024-03-25T22:32:34.768+0000] {logging_mixin.py:188} INFO - [2024-03-25T22:32:34.768+0000] {dag.py:3047} INFO - Sync 1 DAGs
[2024-03-25T22:32:34.774+0000] {logging_mixin.py:188} INFO - [2024-03-25T22:32:34.774+0000] {dag.py:3834} INFO - Setting next_dagrun for example_kubernetes_executor to None, run_after=None
[2024-03-25T22:32:34.782+0000] {processor.py:183} INFO - Processing /home/airflow/.local/lib/python3.8/site-packages/airflow/example_dags/example_kubernetes_executor.py took 0.060 seconds
[2024-03-25T22:33:05.546+0000] {processor.py:161} INFO - Started process (PID=2751) to work on /home/airflow/.local/lib/python3.8/site-packages/airflow/example_dags/example_kubernetes_executor.py
[2024-03-25T22:33:05.547+0000] {processor.py:830} INFO - Processing file /home/airflow/.local/lib/python3.8/site-packages/airflow/example_dags/example_kubernetes_executor.py for tasks to queue
[2024-03-25T22:33:05.549+0000] {logging_mixin.py:188} INFO - [2024-03-25T22:33:05.549+0000] {dagbag.py:540} INFO - Filling up the DagBag from /home/airflow/.local/lib/python3.8/site-packages/airflow/example_dags/example_kubernetes_executor.py
[2024-03-25T22:33:05.561+0000] {processor.py:840} INFO - DAG(s) 'example_kubernetes_executor' retrieved from /home/airflow/.local/lib/python3.8/site-packages/airflow/example_dags/example_kubernetes_executor.py
[2024-03-25T22:33:05.587+0000] {logging_mixin.py:188} INFO - [2024-03-25T22:33:05.587+0000] {dag.py:3047} INFO - Sync 1 DAGs
[2024-03-25T22:33:05.593+0000] {logging_mixin.py:188} INFO - [2024-03-25T22:33:05.593+0000] {dag.py:3834} INFO - Setting next_dagrun for example_kubernetes_executor to None, run_after=None
[2024-03-25T22:33:05.601+0000] {processor.py:183} INFO - Processing /home/airflow/.local/lib/python3.8/site-packages/airflow/example_dags/example_kubernetes_executor.py took 0.060 seconds
[2024-03-25T22:33:36.395+0000] {processor.py:161} INFO - Started process (PID=2806) to work on /home/airflow/.local/lib/python3.8/site-packages/airflow/example_dags/example_kubernetes_executor.py
[2024-03-25T22:33:36.396+0000] {processor.py:830} INFO - Processing file /home/airflow/.local/lib/python3.8/site-packages/airflow/example_dags/example_kubernetes_executor.py for tasks to queue
[2024-03-25T22:33:36.399+0000] {logging_mixin.py:188} INFO - [2024-03-25T22:33:36.398+0000] {dagbag.py:540} INFO - Filling up the DagBag from /home/airflow/.local/lib/python3.8/site-packages/airflow/example_dags/example_kubernetes_executor.py
[2024-03-25T22:33:36.411+0000] {processor.py:840} INFO - DAG(s) 'example_kubernetes_executor' retrieved from /home/airflow/.local/lib/python3.8/site-packages/airflow/example_dags/example_kubernetes_executor.py
[2024-03-25T22:33:36.436+0000] {logging_mixin.py:188} INFO - [2024-03-25T22:33:36.436+0000] {dag.py:3047} INFO - Sync 1 DAGs
[2024-03-25T22:33:36.442+0000] {logging_mixin.py:188} INFO - [2024-03-25T22:33:36.442+0000] {dag.py:3834} INFO - Setting next_dagrun for example_kubernetes_executor to None, run_after=None
[2024-03-25T22:33:36.450+0000] {processor.py:183} INFO - Processing /home/airflow/.local/lib/python3.8/site-packages/airflow/example_dags/example_kubernetes_executor.py took 0.060 seconds
[2024-03-25T22:34:06.608+0000] {processor.py:161} INFO - Started process (PID=2861) to work on /home/airflow/.local/lib/python3.8/site-packages/airflow/example_dags/example_kubernetes_executor.py
[2024-03-25T22:34:06.609+0000] {processor.py:830} INFO - Processing file /home/airflow/.local/lib/python3.8/site-packages/airflow/example_dags/example_kubernetes_executor.py for tasks to queue
[2024-03-25T22:34:06.611+0000] {logging_mixin.py:188} INFO - [2024-03-25T22:34:06.611+0000] {dagbag.py:540} INFO - Filling up the DagBag from /home/airflow/.local/lib/python3.8/site-packages/airflow/example_dags/example_kubernetes_executor.py
[2024-03-25T22:34:06.622+0000] {processor.py:840} INFO - DAG(s) 'example_kubernetes_executor' retrieved from /home/airflow/.local/lib/python3.8/site-packages/airflow/example_dags/example_kubernetes_executor.py
[2024-03-25T22:34:06.646+0000] {logging_mixin.py:188} INFO - [2024-03-25T22:34:06.646+0000] {dag.py:3047} INFO - Sync 1 DAGs
[2024-03-25T22:34:06.652+0000] {logging_mixin.py:188} INFO - [2024-03-25T22:34:06.652+0000] {dag.py:3834} INFO - Setting next_dagrun for example_kubernetes_executor to None, run_after=None
[2024-03-25T22:34:06.660+0000] {processor.py:183} INFO - Processing /home/airflow/.local/lib/python3.8/site-packages/airflow/example_dags/example_kubernetes_executor.py took 0.054 seconds
[2024-03-25T22:34:36.739+0000] {processor.py:161} INFO - Started process (PID=2917) to work on /home/airflow/.local/lib/python3.8/site-packages/airflow/example_dags/example_kubernetes_executor.py
[2024-03-25T22:34:36.740+0000] {processor.py:830} INFO - Processing file /home/airflow/.local/lib/python3.8/site-packages/airflow/example_dags/example_kubernetes_executor.py for tasks to queue
[2024-03-25T22:34:36.741+0000] {logging_mixin.py:188} INFO - [2024-03-25T22:34:36.741+0000] {dagbag.py:540} INFO - Filling up the DagBag from /home/airflow/.local/lib/python3.8/site-packages/airflow/example_dags/example_kubernetes_executor.py
[2024-03-25T22:34:36.748+0000] {processor.py:840} INFO - DAG(s) 'example_kubernetes_executor' retrieved from /home/airflow/.local/lib/python3.8/site-packages/airflow/example_dags/example_kubernetes_executor.py
[2024-03-25T22:34:36.769+0000] {logging_mixin.py:188} INFO - [2024-03-25T22:34:36.768+0000] {dag.py:3047} INFO - Sync 1 DAGs
[2024-03-25T22:34:36.774+0000] {logging_mixin.py:188} INFO - [2024-03-25T22:34:36.774+0000] {dag.py:3834} INFO - Setting next_dagrun for example_kubernetes_executor to None, run_after=None
[2024-03-25T22:34:36.781+0000] {processor.py:183} INFO - Processing /home/airflow/.local/lib/python3.8/site-packages/airflow/example_dags/example_kubernetes_executor.py took 0.044 seconds
[2024-03-25T22:35:07.333+0000] {processor.py:161} INFO - Started process (PID=2972) to work on /home/airflow/.local/lib/python3.8/site-packages/airflow/example_dags/example_kubernetes_executor.py
[2024-03-25T22:35:07.334+0000] {processor.py:830} INFO - Processing file /home/airflow/.local/lib/python3.8/site-packages/airflow/example_dags/example_kubernetes_executor.py for tasks to queue
[2024-03-25T22:35:07.335+0000] {logging_mixin.py:188} INFO - [2024-03-25T22:35:07.335+0000] {dagbag.py:540} INFO - Filling up the DagBag from /home/airflow/.local/lib/python3.8/site-packages/airflow/example_dags/example_kubernetes_executor.py
[2024-03-25T22:35:07.342+0000] {processor.py:840} INFO - DAG(s) 'example_kubernetes_executor' retrieved from /home/airflow/.local/lib/python3.8/site-packages/airflow/example_dags/example_kubernetes_executor.py
[2024-03-25T22:35:07.361+0000] {logging_mixin.py:188} INFO - [2024-03-25T22:35:07.361+0000] {dag.py:3047} INFO - Sync 1 DAGs
[2024-03-25T22:35:07.366+0000] {logging_mixin.py:188} INFO - [2024-03-25T22:35:07.366+0000] {dag.py:3834} INFO - Setting next_dagrun for example_kubernetes_executor to None, run_after=None
[2024-03-25T22:35:07.373+0000] {processor.py:183} INFO - Processing /home/airflow/.local/lib/python3.8/site-packages/airflow/example_dags/example_kubernetes_executor.py took 0.042 seconds
[2024-03-25T22:35:37.817+0000] {processor.py:161} INFO - Started process (PID=3027) to work on /home/airflow/.local/lib/python3.8/site-packages/airflow/example_dags/example_kubernetes_executor.py
[2024-03-25T22:35:37.818+0000] {processor.py:830} INFO - Processing file /home/airflow/.local/lib/python3.8/site-packages/airflow/example_dags/example_kubernetes_executor.py for tasks to queue
[2024-03-25T22:35:37.819+0000] {logging_mixin.py:188} INFO - [2024-03-25T22:35:37.819+0000] {dagbag.py:540} INFO - Filling up the DagBag from /home/airflow/.local/lib/python3.8/site-packages/airflow/example_dags/example_kubernetes_executor.py
[2024-03-25T22:35:37.827+0000] {processor.py:840} INFO - DAG(s) 'example_kubernetes_executor' retrieved from /home/airflow/.local/lib/python3.8/site-packages/airflow/example_dags/example_kubernetes_executor.py
[2024-03-25T22:35:37.928+0000] {logging_mixin.py:188} INFO - [2024-03-25T22:35:37.927+0000] {dag.py:3047} INFO - Sync 1 DAGs
[2024-03-25T22:35:37.932+0000] {logging_mixin.py:188} INFO - [2024-03-25T22:35:37.932+0000] {dag.py:3834} INFO - Setting next_dagrun for example_kubernetes_executor to None, run_after=None
[2024-03-25T22:35:37.940+0000] {processor.py:183} INFO - Processing /home/airflow/.local/lib/python3.8/site-packages/airflow/example_dags/example_kubernetes_executor.py took 0.125 seconds
[2024-03-25T22:36:08.162+0000] {processor.py:161} INFO - Started process (PID=3082) to work on /home/airflow/.local/lib/python3.8/site-packages/airflow/example_dags/example_kubernetes_executor.py
[2024-03-25T22:36:08.162+0000] {processor.py:830} INFO - Processing file /home/airflow/.local/lib/python3.8/site-packages/airflow/example_dags/example_kubernetes_executor.py for tasks to queue
[2024-03-25T22:36:08.163+0000] {logging_mixin.py:188} INFO - [2024-03-25T22:36:08.163+0000] {dagbag.py:540} INFO - Filling up the DagBag from /home/airflow/.local/lib/python3.8/site-packages/airflow/example_dags/example_kubernetes_executor.py
[2024-03-25T22:36:08.170+0000] {processor.py:840} INFO - DAG(s) 'example_kubernetes_executor' retrieved from /home/airflow/.local/lib/python3.8/site-packages/airflow/example_dags/example_kubernetes_executor.py
[2024-03-25T22:36:08.190+0000] {logging_mixin.py:188} INFO - [2024-03-25T22:36:08.190+0000] {dag.py:3047} INFO - Sync 1 DAGs
[2024-03-25T22:36:08.196+0000] {logging_mixin.py:188} INFO - [2024-03-25T22:36:08.196+0000] {dag.py:3834} INFO - Setting next_dagrun for example_kubernetes_executor to None, run_after=None
[2024-03-25T22:36:08.204+0000] {processor.py:183} INFO - Processing /home/airflow/.local/lib/python3.8/site-packages/airflow/example_dags/example_kubernetes_executor.py took 0.044 seconds
[2024-03-25T22:36:38.879+0000] {processor.py:161} INFO - Started process (PID=3138) to work on /home/airflow/.local/lib/python3.8/site-packages/airflow/example_dags/example_kubernetes_executor.py
[2024-03-25T22:36:38.880+0000] {processor.py:830} INFO - Processing file /home/airflow/.local/lib/python3.8/site-packages/airflow/example_dags/example_kubernetes_executor.py for tasks to queue
[2024-03-25T22:36:38.881+0000] {logging_mixin.py:188} INFO - [2024-03-25T22:36:38.881+0000] {dagbag.py:540} INFO - Filling up the DagBag from /home/airflow/.local/lib/python3.8/site-packages/airflow/example_dags/example_kubernetes_executor.py
[2024-03-25T22:36:38.888+0000] {processor.py:840} INFO - DAG(s) 'example_kubernetes_executor' retrieved from /home/airflow/.local/lib/python3.8/site-packages/airflow/example_dags/example_kubernetes_executor.py
[2024-03-25T22:36:38.908+0000] {logging_mixin.py:188} INFO - [2024-03-25T22:36:38.908+0000] {dag.py:3047} INFO - Sync 1 DAGs
[2024-03-25T22:36:38.913+0000] {logging_mixin.py:188} INFO - [2024-03-25T22:36:38.913+0000] {dag.py:3834} INFO - Setting next_dagrun for example_kubernetes_executor to None, run_after=None
[2024-03-25T22:36:38.921+0000] {processor.py:183} INFO - Processing /home/airflow/.local/lib/python3.8/site-packages/airflow/example_dags/example_kubernetes_executor.py took 0.044 seconds
[2024-03-25T22:37:09.557+0000] {processor.py:161} INFO - Started process (PID=3193) to work on /home/airflow/.local/lib/python3.8/site-packages/airflow/example_dags/example_kubernetes_executor.py
[2024-03-25T22:37:09.557+0000] {processor.py:830} INFO - Processing file /home/airflow/.local/lib/python3.8/site-packages/airflow/example_dags/example_kubernetes_executor.py for tasks to queue
[2024-03-25T22:37:09.559+0000] {logging_mixin.py:188} INFO - [2024-03-25T22:37:09.558+0000] {dagbag.py:540} INFO - Filling up the DagBag from /home/airflow/.local/lib/python3.8/site-packages/airflow/example_dags/example_kubernetes_executor.py
[2024-03-25T22:37:09.566+0000] {processor.py:840} INFO - DAG(s) 'example_kubernetes_executor' retrieved from /home/airflow/.local/lib/python3.8/site-packages/airflow/example_dags/example_kubernetes_executor.py
[2024-03-25T22:37:09.587+0000] {logging_mixin.py:188} INFO - [2024-03-25T22:37:09.586+0000] {dag.py:3047} INFO - Sync 1 DAGs
[2024-03-25T22:37:09.592+0000] {logging_mixin.py:188} INFO - [2024-03-25T22:37:09.592+0000] {dag.py:3834} INFO - Setting next_dagrun for example_kubernetes_executor to None, run_after=None
[2024-03-25T22:37:09.600+0000] {processor.py:183} INFO - Processing /home/airflow/.local/lib/python3.8/site-packages/airflow/example_dags/example_kubernetes_executor.py took 0.045 seconds
[2024-03-25T22:37:40.298+0000] {processor.py:161} INFO - Started process (PID=3248) to work on /home/airflow/.local/lib/python3.8/site-packages/airflow/example_dags/example_kubernetes_executor.py
[2024-03-25T22:37:40.299+0000] {processor.py:830} INFO - Processing file /home/airflow/.local/lib/python3.8/site-packages/airflow/example_dags/example_kubernetes_executor.py for tasks to queue
[2024-03-25T22:37:40.300+0000] {logging_mixin.py:188} INFO - [2024-03-25T22:37:40.300+0000] {dagbag.py:540} INFO - Filling up the DagBag from /home/airflow/.local/lib/python3.8/site-packages/airflow/example_dags/example_kubernetes_executor.py
[2024-03-25T22:37:40.308+0000] {processor.py:840} INFO - DAG(s) 'example_kubernetes_executor' retrieved from /home/airflow/.local/lib/python3.8/site-packages/airflow/example_dags/example_kubernetes_executor.py
[2024-03-25T22:37:40.328+0000] {logging_mixin.py:188} INFO - [2024-03-25T22:37:40.328+0000] {dag.py:3047} INFO - Sync 1 DAGs
[2024-03-25T22:37:40.333+0000] {logging_mixin.py:188} INFO - [2024-03-25T22:37:40.333+0000] {dag.py:3834} INFO - Setting next_dagrun for example_kubernetes_executor to None, run_after=None
[2024-03-25T22:37:40.341+0000] {processor.py:183} INFO - Processing /home/airflow/.local/lib/python3.8/site-packages/airflow/example_dags/example_kubernetes_executor.py took 0.044 seconds
[2024-03-25T22:38:10.986+0000] {processor.py:161} INFO - Started process (PID=3303) to work on /home/airflow/.local/lib/python3.8/site-packages/airflow/example_dags/example_kubernetes_executor.py
[2024-03-25T22:38:10.987+0000] {processor.py:830} INFO - Processing file /home/airflow/.local/lib/python3.8/site-packages/airflow/example_dags/example_kubernetes_executor.py for tasks to queue
[2024-03-25T22:38:10.988+0000] {logging_mixin.py:188} INFO - [2024-03-25T22:38:10.988+0000] {dagbag.py:540} INFO - Filling up the DagBag from /home/airflow/.local/lib/python3.8/site-packages/airflow/example_dags/example_kubernetes_executor.py
[2024-03-25T22:38:10.996+0000] {processor.py:840} INFO - DAG(s) 'example_kubernetes_executor' retrieved from /home/airflow/.local/lib/python3.8/site-packages/airflow/example_dags/example_kubernetes_executor.py
[2024-03-25T22:38:11.016+0000] {logging_mixin.py:188} INFO - [2024-03-25T22:38:11.015+0000] {dag.py:3047} INFO - Sync 1 DAGs
[2024-03-25T22:38:11.021+0000] {logging_mixin.py:188} INFO - [2024-03-25T22:38:11.021+0000] {dag.py:3834} INFO - Setting next_dagrun for example_kubernetes_executor to None, run_after=None
[2024-03-25T22:38:11.029+0000] {processor.py:183} INFO - Processing /home/airflow/.local/lib/python3.8/site-packages/airflow/example_dags/example_kubernetes_executor.py took 0.045 seconds
[2024-03-25T22:38:41.692+0000] {processor.py:161} INFO - Started process (PID=3358) to work on /home/airflow/.local/lib/python3.8/site-packages/airflow/example_dags/example_kubernetes_executor.py
[2024-03-25T22:38:41.692+0000] {processor.py:830} INFO - Processing file /home/airflow/.local/lib/python3.8/site-packages/airflow/example_dags/example_kubernetes_executor.py for tasks to queue
[2024-03-25T22:38:41.693+0000] {logging_mixin.py:188} INFO - [2024-03-25T22:38:41.693+0000] {dagbag.py:540} INFO - Filling up the DagBag from /home/airflow/.local/lib/python3.8/site-packages/airflow/example_dags/example_kubernetes_executor.py
[2024-03-25T22:38:41.701+0000] {processor.py:840} INFO - DAG(s) 'example_kubernetes_executor' retrieved from /home/airflow/.local/lib/python3.8/site-packages/airflow/example_dags/example_kubernetes_executor.py
[2024-03-25T22:38:41.721+0000] {logging_mixin.py:188} INFO - [2024-03-25T22:38:41.721+0000] {dag.py:3047} INFO - Sync 1 DAGs
[2024-03-25T22:38:41.726+0000] {logging_mixin.py:188} INFO - [2024-03-25T22:38:41.726+0000] {dag.py:3834} INFO - Setting next_dagrun for example_kubernetes_executor to None, run_after=None
[2024-03-25T22:38:41.734+0000] {processor.py:183} INFO - Processing /home/airflow/.local/lib/python3.8/site-packages/airflow/example_dags/example_kubernetes_executor.py took 0.044 seconds
[2024-03-25T22:39:12.390+0000] {processor.py:161} INFO - Started process (PID=3413) to work on /home/airflow/.local/lib/python3.8/site-packages/airflow/example_dags/example_kubernetes_executor.py
[2024-03-25T22:39:12.390+0000] {processor.py:830} INFO - Processing file /home/airflow/.local/lib/python3.8/site-packages/airflow/example_dags/example_kubernetes_executor.py for tasks to queue
[2024-03-25T22:39:12.391+0000] {logging_mixin.py:188} INFO - [2024-03-25T22:39:12.391+0000] {dagbag.py:540} INFO - Filling up the DagBag from /home/airflow/.local/lib/python3.8/site-packages/airflow/example_dags/example_kubernetes_executor.py
[2024-03-25T22:39:12.399+0000] {processor.py:840} INFO - DAG(s) 'example_kubernetes_executor' retrieved from /home/airflow/.local/lib/python3.8/site-packages/airflow/example_dags/example_kubernetes_executor.py
[2024-03-25T22:39:12.419+0000] {logging_mixin.py:188} INFO - [2024-03-25T22:39:12.419+0000] {dag.py:3047} INFO - Sync 1 DAGs
[2024-03-25T22:39:12.424+0000] {logging_mixin.py:188} INFO - [2024-03-25T22:39:12.424+0000] {dag.py:3834} INFO - Setting next_dagrun for example_kubernetes_executor to None, run_after=None
[2024-03-25T22:39:12.432+0000] {processor.py:183} INFO - Processing /home/airflow/.local/lib/python3.8/site-packages/airflow/example_dags/example_kubernetes_executor.py took 0.044 seconds
[2024-03-25T22:39:43.135+0000] {processor.py:161} INFO - Started process (PID=3467) to work on /home/airflow/.local/lib/python3.8/site-packages/airflow/example_dags/example_kubernetes_executor.py
[2024-03-25T22:39:43.136+0000] {processor.py:830} INFO - Processing file /home/airflow/.local/lib/python3.8/site-packages/airflow/example_dags/example_kubernetes_executor.py for tasks to queue
[2024-03-25T22:39:43.137+0000] {logging_mixin.py:188} INFO - [2024-03-25T22:39:43.137+0000] {dagbag.py:540} INFO - Filling up the DagBag from /home/airflow/.local/lib/python3.8/site-packages/airflow/example_dags/example_kubernetes_executor.py
[2024-03-25T22:39:43.144+0000] {processor.py:840} INFO - DAG(s) 'example_kubernetes_executor' retrieved from /home/airflow/.local/lib/python3.8/site-packages/airflow/example_dags/example_kubernetes_executor.py
[2024-03-25T22:39:43.164+0000] {logging_mixin.py:188} INFO - [2024-03-25T22:39:43.164+0000] {dag.py:3047} INFO - Sync 1 DAGs
[2024-03-25T22:39:43.169+0000] {logging_mixin.py:188} INFO - [2024-03-25T22:39:43.169+0000] {dag.py:3834} INFO - Setting next_dagrun for example_kubernetes_executor to None, run_after=None
[2024-03-25T22:39:43.177+0000] {processor.py:183} INFO - Processing /home/airflow/.local/lib/python3.8/site-packages/airflow/example_dags/example_kubernetes_executor.py took 0.044 seconds
[2024-03-25T22:40:13.886+0000] {processor.py:161} INFO - Started process (PID=3522) to work on /home/airflow/.local/lib/python3.8/site-packages/airflow/example_dags/example_kubernetes_executor.py
[2024-03-25T22:40:13.887+0000] {processor.py:830} INFO - Processing file /home/airflow/.local/lib/python3.8/site-packages/airflow/example_dags/example_kubernetes_executor.py for tasks to queue
[2024-03-25T22:40:13.888+0000] {logging_mixin.py:188} INFO - [2024-03-25T22:40:13.888+0000] {dagbag.py:540} INFO - Filling up the DagBag from /home/airflow/.local/lib/python3.8/site-packages/airflow/example_dags/example_kubernetes_executor.py
[2024-03-25T22:40:13.895+0000] {processor.py:840} INFO - DAG(s) 'example_kubernetes_executor' retrieved from /home/airflow/.local/lib/python3.8/site-packages/airflow/example_dags/example_kubernetes_executor.py
[2024-03-25T22:40:13.915+0000] {logging_mixin.py:188} INFO - [2024-03-25T22:40:13.915+0000] {dag.py:3047} INFO - Sync 1 DAGs
[2024-03-25T22:40:13.921+0000] {logging_mixin.py:188} INFO - [2024-03-25T22:40:13.921+0000] {dag.py:3834} INFO - Setting next_dagrun for example_kubernetes_executor to None, run_after=None
[2024-03-25T22:40:13.928+0000] {processor.py:183} INFO - Processing /home/airflow/.local/lib/python3.8/site-packages/airflow/example_dags/example_kubernetes_executor.py took 0.044 seconds
[2024-03-25T22:40:44.612+0000] {processor.py:161} INFO - Started process (PID=3577) to work on /home/airflow/.local/lib/python3.8/site-packages/airflow/example_dags/example_kubernetes_executor.py
[2024-03-25T22:40:44.613+0000] {processor.py:830} INFO - Processing file /home/airflow/.local/lib/python3.8/site-packages/airflow/example_dags/example_kubernetes_executor.py for tasks to queue
[2024-03-25T22:40:44.614+0000] {logging_mixin.py:188} INFO - [2024-03-25T22:40:44.613+0000] {dagbag.py:540} INFO - Filling up the DagBag from /home/airflow/.local/lib/python3.8/site-packages/airflow/example_dags/example_kubernetes_executor.py
[2024-03-25T22:40:44.621+0000] {processor.py:840} INFO - DAG(s) 'example_kubernetes_executor' retrieved from /home/airflow/.local/lib/python3.8/site-packages/airflow/example_dags/example_kubernetes_executor.py
[2024-03-25T22:40:44.641+0000] {logging_mixin.py:188} INFO - [2024-03-25T22:40:44.641+0000] {dag.py:3047} INFO - Sync 1 DAGs
[2024-03-25T22:40:44.647+0000] {logging_mixin.py:188} INFO - [2024-03-25T22:40:44.647+0000] {dag.py:3834} INFO - Setting next_dagrun for example_kubernetes_executor to None, run_after=None
[2024-03-25T22:40:44.655+0000] {processor.py:183} INFO - Processing /home/airflow/.local/lib/python3.8/site-packages/airflow/example_dags/example_kubernetes_executor.py took 0.045 seconds
[2024-03-25T22:41:15.464+0000] {processor.py:161} INFO - Started process (PID=3632) to work on /home/airflow/.local/lib/python3.8/site-packages/airflow/example_dags/example_kubernetes_executor.py
[2024-03-25T22:41:15.465+0000] {processor.py:830} INFO - Processing file /home/airflow/.local/lib/python3.8/site-packages/airflow/example_dags/example_kubernetes_executor.py for tasks to queue
[2024-03-25T22:41:15.466+0000] {logging_mixin.py:188} INFO - [2024-03-25T22:41:15.466+0000] {dagbag.py:540} INFO - Filling up the DagBag from /home/airflow/.local/lib/python3.8/site-packages/airflow/example_dags/example_kubernetes_executor.py
[2024-03-25T22:41:15.473+0000] {processor.py:840} INFO - DAG(s) 'example_kubernetes_executor' retrieved from /home/airflow/.local/lib/python3.8/site-packages/airflow/example_dags/example_kubernetes_executor.py
[2024-03-25T22:41:15.493+0000] {logging_mixin.py:188} INFO - [2024-03-25T22:41:15.493+0000] {dag.py:3047} INFO - Sync 1 DAGs
[2024-03-25T22:41:15.499+0000] {logging_mixin.py:188} INFO - [2024-03-25T22:41:15.499+0000] {dag.py:3834} INFO - Setting next_dagrun for example_kubernetes_executor to None, run_after=None
[2024-03-25T22:41:15.507+0000] {processor.py:183} INFO - Processing /home/airflow/.local/lib/python3.8/site-packages/airflow/example_dags/example_kubernetes_executor.py took 0.044 seconds
[2024-03-25T22:41:46.199+0000] {processor.py:161} INFO - Started process (PID=3687) to work on /home/airflow/.local/lib/python3.8/site-packages/airflow/example_dags/example_kubernetes_executor.py
[2024-03-25T22:41:46.199+0000] {processor.py:830} INFO - Processing file /home/airflow/.local/lib/python3.8/site-packages/airflow/example_dags/example_kubernetes_executor.py for tasks to queue
[2024-03-25T22:41:46.200+0000] {logging_mixin.py:188} INFO - [2024-03-25T22:41:46.200+0000] {dagbag.py:540} INFO - Filling up the DagBag from /home/airflow/.local/lib/python3.8/site-packages/airflow/example_dags/example_kubernetes_executor.py
[2024-03-25T22:41:46.208+0000] {processor.py:840} INFO - DAG(s) 'example_kubernetes_executor' retrieved from /home/airflow/.local/lib/python3.8/site-packages/airflow/example_dags/example_kubernetes_executor.py
[2024-03-25T22:41:46.228+0000] {logging_mixin.py:188} INFO - [2024-03-25T22:41:46.228+0000] {dag.py:3047} INFO - Sync 1 DAGs
[2024-03-25T22:41:46.233+0000] {logging_mixin.py:188} INFO - [2024-03-25T22:41:46.233+0000] {dag.py:3834} INFO - Setting next_dagrun for example_kubernetes_executor to None, run_after=None
[2024-03-25T22:41:46.241+0000] {processor.py:183} INFO - Processing /home/airflow/.local/lib/python3.8/site-packages/airflow/example_dags/example_kubernetes_executor.py took 0.044 seconds
[2024-03-25T22:42:17.016+0000] {processor.py:161} INFO - Started process (PID=3742) to work on /home/airflow/.local/lib/python3.8/site-packages/airflow/example_dags/example_kubernetes_executor.py
[2024-03-25T22:42:17.016+0000] {processor.py:830} INFO - Processing file /home/airflow/.local/lib/python3.8/site-packages/airflow/example_dags/example_kubernetes_executor.py for tasks to queue
[2024-03-25T22:42:17.017+0000] {logging_mixin.py:188} INFO - [2024-03-25T22:42:17.017+0000] {dagbag.py:540} INFO - Filling up the DagBag from /home/airflow/.local/lib/python3.8/site-packages/airflow/example_dags/example_kubernetes_executor.py
[2024-03-25T22:42:17.025+0000] {processor.py:840} INFO - DAG(s) 'example_kubernetes_executor' retrieved from /home/airflow/.local/lib/python3.8/site-packages/airflow/example_dags/example_kubernetes_executor.py
[2024-03-25T22:42:17.045+0000] {logging_mixin.py:188} INFO - [2024-03-25T22:42:17.045+0000] {dag.py:3047} INFO - Sync 1 DAGs
[2024-03-25T22:42:17.050+0000] {logging_mixin.py:188} INFO - [2024-03-25T22:42:17.050+0000] {dag.py:3834} INFO - Setting next_dagrun for example_kubernetes_executor to None, run_after=None
[2024-03-25T22:42:17.058+0000] {processor.py:183} INFO - Processing /home/airflow/.local/lib/python3.8/site-packages/airflow/example_dags/example_kubernetes_executor.py took 0.044 seconds
[2024-03-25T22:42:47.876+0000] {processor.py:161} INFO - Started process (PID=3797) to work on /home/airflow/.local/lib/python3.8/site-packages/airflow/example_dags/example_kubernetes_executor.py
[2024-03-25T22:42:47.877+0000] {processor.py:830} INFO - Processing file /home/airflow/.local/lib/python3.8/site-packages/airflow/example_dags/example_kubernetes_executor.py for tasks to queue
[2024-03-25T22:42:47.878+0000] {logging_mixin.py:188} INFO - [2024-03-25T22:42:47.878+0000] {dagbag.py:540} INFO - Filling up the DagBag from /home/airflow/.local/lib/python3.8/site-packages/airflow/example_dags/example_kubernetes_executor.py
[2024-03-25T22:42:47.885+0000] {processor.py:840} INFO - DAG(s) 'example_kubernetes_executor' retrieved from /home/airflow/.local/lib/python3.8/site-packages/airflow/example_dags/example_kubernetes_executor.py
[2024-03-25T22:42:47.906+0000] {logging_mixin.py:188} INFO - [2024-03-25T22:42:47.905+0000] {dag.py:3047} INFO - Sync 1 DAGs
[2024-03-25T22:42:47.911+0000] {logging_mixin.py:188} INFO - [2024-03-25T22:42:47.911+0000] {dag.py:3834} INFO - Setting next_dagrun for example_kubernetes_executor to None, run_after=None
[2024-03-25T22:42:47.918+0000] {processor.py:183} INFO - Processing /home/airflow/.local/lib/python3.8/site-packages/airflow/example_dags/example_kubernetes_executor.py took 0.044 seconds
[2024-03-25T22:43:18.697+0000] {processor.py:161} INFO - Started process (PID=3852) to work on /home/airflow/.local/lib/python3.8/site-packages/airflow/example_dags/example_kubernetes_executor.py
[2024-03-25T22:43:18.698+0000] {processor.py:830} INFO - Processing file /home/airflow/.local/lib/python3.8/site-packages/airflow/example_dags/example_kubernetes_executor.py for tasks to queue
[2024-03-25T22:43:18.699+0000] {logging_mixin.py:188} INFO - [2024-03-25T22:43:18.699+0000] {dagbag.py:540} INFO - Filling up the DagBag from /home/airflow/.local/lib/python3.8/site-packages/airflow/example_dags/example_kubernetes_executor.py
[2024-03-25T22:43:18.707+0000] {processor.py:840} INFO - DAG(s) 'example_kubernetes_executor' retrieved from /home/airflow/.local/lib/python3.8/site-packages/airflow/example_dags/example_kubernetes_executor.py
[2024-03-25T22:43:18.728+0000] {logging_mixin.py:188} INFO - [2024-03-25T22:43:18.727+0000] {dag.py:3047} INFO - Sync 1 DAGs
[2024-03-25T22:43:18.733+0000] {logging_mixin.py:188} INFO - [2024-03-25T22:43:18.733+0000] {dag.py:3834} INFO - Setting next_dagrun for example_kubernetes_executor to None, run_after=None
[2024-03-25T22:43:18.741+0000] {processor.py:183} INFO - Processing /home/airflow/.local/lib/python3.8/site-packages/airflow/example_dags/example_kubernetes_executor.py took 0.045 seconds
[2024-03-25T23:07:53.109+0000] {processor.py:161} INFO - Started process (PID=3901) to work on /home/airflow/.local/lib/python3.8/site-packages/airflow/example_dags/example_kubernetes_executor.py
[2024-03-25T23:07:53.109+0000] {processor.py:830} INFO - Processing file /home/airflow/.local/lib/python3.8/site-packages/airflow/example_dags/example_kubernetes_executor.py for tasks to queue
[2024-03-25T23:07:53.110+0000] {logging_mixin.py:188} INFO - [2024-03-25T23:07:53.110+0000] {dagbag.py:540} INFO - Filling up the DagBag from /home/airflow/.local/lib/python3.8/site-packages/airflow/example_dags/example_kubernetes_executor.py
[2024-03-25T23:07:53.118+0000] {processor.py:840} INFO - DAG(s) 'example_kubernetes_executor' retrieved from /home/airflow/.local/lib/python3.8/site-packages/airflow/example_dags/example_kubernetes_executor.py
[2024-03-25T23:07:53.137+0000] {logging_mixin.py:188} INFO - [2024-03-25T23:07:53.137+0000] {dag.py:3047} INFO - Sync 1 DAGs
[2024-03-25T23:07:53.142+0000] {logging_mixin.py:188} INFO - [2024-03-25T23:07:53.142+0000] {dag.py:3834} INFO - Setting next_dagrun for example_kubernetes_executor to None, run_after=None
[2024-03-25T23:07:53.154+0000] {processor.py:183} INFO - Processing /home/airflow/.local/lib/python3.8/site-packages/airflow/example_dags/example_kubernetes_executor.py took 0.048 seconds
