[2024-03-25T22:08:05.301+0000] {processor.py:161} INFO - Started process (PID=36) to work on /home/airflow/.local/lib/python3.8/site-packages/airflow/example_dags/example_trigger_target_dag.py
[2024-03-25T22:08:05.302+0000] {processor.py:830} INFO - Processing file /home/airflow/.local/lib/python3.8/site-packages/airflow/example_dags/example_trigger_target_dag.py for tasks to queue
[2024-03-25T22:08:05.304+0000] {logging_mixin.py:188} INFO - [2024-03-25T22:08:05.303+0000] {dagbag.py:540} INFO - Filling up the DagBag from /home/airflow/.local/lib/python3.8/site-packages/airflow/example_dags/example_trigger_target_dag.py
[2024-03-25T22:08:05.310+0000] {processor.py:840} INFO - DAG(s) 'example_trigger_target_dag' retrieved from /home/airflow/.local/lib/python3.8/site-packages/airflow/example_dags/example_trigger_target_dag.py
[2024-03-25T22:08:05.333+0000] {logging_mixin.py:188} INFO - [2024-03-25T22:08:05.332+0000] {dag.py:3047} INFO - Sync 1 DAGs
[2024-03-25T22:08:05.341+0000] {logging_mixin.py:188} INFO - [2024-03-25T22:08:05.341+0000] {dag.py:3834} INFO - Setting next_dagrun for example_trigger_target_dag to None, run_after=None
[2024-03-25T22:08:05.351+0000] {processor.py:183} INFO - Processing /home/airflow/.local/lib/python3.8/site-packages/airflow/example_dags/example_trigger_target_dag.py took 0.053 seconds
[2024-03-25T22:08:35.603+0000] {processor.py:161} INFO - Started process (PID=91) to work on /home/airflow/.local/lib/python3.8/site-packages/airflow/example_dags/example_trigger_target_dag.py
[2024-03-25T22:08:35.604+0000] {processor.py:830} INFO - Processing file /home/airflow/.local/lib/python3.8/site-packages/airflow/example_dags/example_trigger_target_dag.py for tasks to queue
[2024-03-25T22:08:35.605+0000] {logging_mixin.py:188} INFO - [2024-03-25T22:08:35.605+0000] {dagbag.py:540} INFO - Filling up the DagBag from /home/airflow/.local/lib/python3.8/site-packages/airflow/example_dags/example_trigger_target_dag.py
[2024-03-25T22:08:35.608+0000] {processor.py:840} INFO - DAG(s) 'example_trigger_target_dag' retrieved from /home/airflow/.local/lib/python3.8/site-packages/airflow/example_dags/example_trigger_target_dag.py
[2024-03-25T22:08:35.620+0000] {logging_mixin.py:188} INFO - [2024-03-25T22:08:35.620+0000] {dag.py:3047} INFO - Sync 1 DAGs
[2024-03-25T22:08:35.626+0000] {logging_mixin.py:188} INFO - [2024-03-25T22:08:35.626+0000] {dag.py:3834} INFO - Setting next_dagrun for example_trigger_target_dag to None, run_after=None
[2024-03-25T22:08:35.634+0000] {processor.py:183} INFO - Processing /home/airflow/.local/lib/python3.8/site-packages/airflow/example_dags/example_trigger_target_dag.py took 0.033 seconds
[2024-03-25T22:09:06.140+0000] {processor.py:161} INFO - Started process (PID=146) to work on /home/airflow/.local/lib/python3.8/site-packages/airflow/example_dags/example_trigger_target_dag.py
[2024-03-25T22:09:06.140+0000] {processor.py:830} INFO - Processing file /home/airflow/.local/lib/python3.8/site-packages/airflow/example_dags/example_trigger_target_dag.py for tasks to queue
[2024-03-25T22:09:06.141+0000] {logging_mixin.py:188} INFO - [2024-03-25T22:09:06.141+0000] {dagbag.py:540} INFO - Filling up the DagBag from /home/airflow/.local/lib/python3.8/site-packages/airflow/example_dags/example_trigger_target_dag.py
[2024-03-25T22:09:06.145+0000] {processor.py:840} INFO - DAG(s) 'example_trigger_target_dag' retrieved from /home/airflow/.local/lib/python3.8/site-packages/airflow/example_dags/example_trigger_target_dag.py
[2024-03-25T22:09:06.157+0000] {logging_mixin.py:188} INFO - [2024-03-25T22:09:06.157+0000] {dag.py:3047} INFO - Sync 1 DAGs
[2024-03-25T22:09:06.162+0000] {logging_mixin.py:188} INFO - [2024-03-25T22:09:06.162+0000] {dag.py:3834} INFO - Setting next_dagrun for example_trigger_target_dag to None, run_after=None
[2024-03-25T22:09:06.171+0000] {processor.py:183} INFO - Processing /home/airflow/.local/lib/python3.8/site-packages/airflow/example_dags/example_trigger_target_dag.py took 0.033 seconds
[2024-03-25T22:09:36.674+0000] {processor.py:161} INFO - Started process (PID=201) to work on /home/airflow/.local/lib/python3.8/site-packages/airflow/example_dags/example_trigger_target_dag.py
[2024-03-25T22:09:36.674+0000] {processor.py:830} INFO - Processing file /home/airflow/.local/lib/python3.8/site-packages/airflow/example_dags/example_trigger_target_dag.py for tasks to queue
[2024-03-25T22:09:36.675+0000] {logging_mixin.py:188} INFO - [2024-03-25T22:09:36.675+0000] {dagbag.py:540} INFO - Filling up the DagBag from /home/airflow/.local/lib/python3.8/site-packages/airflow/example_dags/example_trigger_target_dag.py
[2024-03-25T22:09:36.679+0000] {processor.py:840} INFO - DAG(s) 'example_trigger_target_dag' retrieved from /home/airflow/.local/lib/python3.8/site-packages/airflow/example_dags/example_trigger_target_dag.py
[2024-03-25T22:09:36.691+0000] {logging_mixin.py:188} INFO - [2024-03-25T22:09:36.691+0000] {dag.py:3047} INFO - Sync 1 DAGs
[2024-03-25T22:09:36.696+0000] {logging_mixin.py:188} INFO - [2024-03-25T22:09:36.696+0000] {dag.py:3834} INFO - Setting next_dagrun for example_trigger_target_dag to None, run_after=None
[2024-03-25T22:09:36.704+0000] {processor.py:183} INFO - Processing /home/airflow/.local/lib/python3.8/site-packages/airflow/example_dags/example_trigger_target_dag.py took 0.032 seconds
[2024-03-25T22:10:07.252+0000] {processor.py:161} INFO - Started process (PID=257) to work on /home/airflow/.local/lib/python3.8/site-packages/airflow/example_dags/example_trigger_target_dag.py
[2024-03-25T22:10:07.252+0000] {processor.py:830} INFO - Processing file /home/airflow/.local/lib/python3.8/site-packages/airflow/example_dags/example_trigger_target_dag.py for tasks to queue
[2024-03-25T22:10:07.254+0000] {logging_mixin.py:188} INFO - [2024-03-25T22:10:07.253+0000] {dagbag.py:540} INFO - Filling up the DagBag from /home/airflow/.local/lib/python3.8/site-packages/airflow/example_dags/example_trigger_target_dag.py
[2024-03-25T22:10:07.258+0000] {processor.py:840} INFO - DAG(s) 'example_trigger_target_dag' retrieved from /home/airflow/.local/lib/python3.8/site-packages/airflow/example_dags/example_trigger_target_dag.py
[2024-03-25T22:10:07.272+0000] {logging_mixin.py:188} INFO - [2024-03-25T22:10:07.271+0000] {dag.py:3047} INFO - Sync 1 DAGs
[2024-03-25T22:10:07.277+0000] {logging_mixin.py:188} INFO - [2024-03-25T22:10:07.277+0000] {dag.py:3834} INFO - Setting next_dagrun for example_trigger_target_dag to None, run_after=None
[2024-03-25T22:10:07.287+0000] {processor.py:183} INFO - Processing /home/airflow/.local/lib/python3.8/site-packages/airflow/example_dags/example_trigger_target_dag.py took 0.037 seconds
[2024-03-25T22:10:37.834+0000] {processor.py:161} INFO - Started process (PID=312) to work on /home/airflow/.local/lib/python3.8/site-packages/airflow/example_dags/example_trigger_target_dag.py
[2024-03-25T22:10:37.835+0000] {processor.py:830} INFO - Processing file /home/airflow/.local/lib/python3.8/site-packages/airflow/example_dags/example_trigger_target_dag.py for tasks to queue
[2024-03-25T22:10:37.836+0000] {logging_mixin.py:188} INFO - [2024-03-25T22:10:37.835+0000] {dagbag.py:540} INFO - Filling up the DagBag from /home/airflow/.local/lib/python3.8/site-packages/airflow/example_dags/example_trigger_target_dag.py
[2024-03-25T22:10:37.839+0000] {processor.py:840} INFO - DAG(s) 'example_trigger_target_dag' retrieved from /home/airflow/.local/lib/python3.8/site-packages/airflow/example_dags/example_trigger_target_dag.py
[2024-03-25T22:10:37.851+0000] {logging_mixin.py:188} INFO - [2024-03-25T22:10:37.851+0000] {dag.py:3047} INFO - Sync 1 DAGs
[2024-03-25T22:10:37.856+0000] {logging_mixin.py:188} INFO - [2024-03-25T22:10:37.856+0000] {dag.py:3834} INFO - Setting next_dagrun for example_trigger_target_dag to None, run_after=None
[2024-03-25T22:10:37.864+0000] {processor.py:183} INFO - Processing /home/airflow/.local/lib/python3.8/site-packages/airflow/example_dags/example_trigger_target_dag.py took 0.032 seconds
[2024-03-25T22:11:08.454+0000] {processor.py:161} INFO - Started process (PID=367) to work on /home/airflow/.local/lib/python3.8/site-packages/airflow/example_dags/example_trigger_target_dag.py
[2024-03-25T22:11:08.455+0000] {processor.py:830} INFO - Processing file /home/airflow/.local/lib/python3.8/site-packages/airflow/example_dags/example_trigger_target_dag.py for tasks to queue
[2024-03-25T22:11:08.456+0000] {logging_mixin.py:188} INFO - [2024-03-25T22:11:08.455+0000] {dagbag.py:540} INFO - Filling up the DagBag from /home/airflow/.local/lib/python3.8/site-packages/airflow/example_dags/example_trigger_target_dag.py
[2024-03-25T22:11:08.459+0000] {processor.py:840} INFO - DAG(s) 'example_trigger_target_dag' retrieved from /home/airflow/.local/lib/python3.8/site-packages/airflow/example_dags/example_trigger_target_dag.py
[2024-03-25T22:11:08.471+0000] {logging_mixin.py:188} INFO - [2024-03-25T22:11:08.470+0000] {dag.py:3047} INFO - Sync 1 DAGs
[2024-03-25T22:11:08.476+0000] {logging_mixin.py:188} INFO - [2024-03-25T22:11:08.476+0000] {dag.py:3834} INFO - Setting next_dagrun for example_trigger_target_dag to None, run_after=None
[2024-03-25T22:11:08.483+0000] {processor.py:183} INFO - Processing /home/airflow/.local/lib/python3.8/site-packages/airflow/example_dags/example_trigger_target_dag.py took 0.031 seconds
[2024-03-25T22:11:38.911+0000] {processor.py:161} INFO - Started process (PID=421) to work on /home/airflow/.local/lib/python3.8/site-packages/airflow/example_dags/example_trigger_target_dag.py
[2024-03-25T22:11:38.911+0000] {processor.py:830} INFO - Processing file /home/airflow/.local/lib/python3.8/site-packages/airflow/example_dags/example_trigger_target_dag.py for tasks to queue
[2024-03-25T22:11:38.912+0000] {logging_mixin.py:188} INFO - [2024-03-25T22:11:38.912+0000] {dagbag.py:540} INFO - Filling up the DagBag from /home/airflow/.local/lib/python3.8/site-packages/airflow/example_dags/example_trigger_target_dag.py
[2024-03-25T22:11:38.916+0000] {processor.py:840} INFO - DAG(s) 'example_trigger_target_dag' retrieved from /home/airflow/.local/lib/python3.8/site-packages/airflow/example_dags/example_trigger_target_dag.py
[2024-03-25T22:11:38.927+0000] {logging_mixin.py:188} INFO - [2024-03-25T22:11:38.927+0000] {dag.py:3047} INFO - Sync 1 DAGs
[2024-03-25T22:11:38.932+0000] {logging_mixin.py:188} INFO - [2024-03-25T22:11:38.932+0000] {dag.py:3834} INFO - Setting next_dagrun for example_trigger_target_dag to None, run_after=None
[2024-03-25T22:11:38.939+0000] {processor.py:183} INFO - Processing /home/airflow/.local/lib/python3.8/site-packages/airflow/example_dags/example_trigger_target_dag.py took 0.030 seconds
[2024-03-25T22:12:09.503+0000] {processor.py:161} INFO - Started process (PID=476) to work on /home/airflow/.local/lib/python3.8/site-packages/airflow/example_dags/example_trigger_target_dag.py
[2024-03-25T22:12:09.503+0000] {processor.py:830} INFO - Processing file /home/airflow/.local/lib/python3.8/site-packages/airflow/example_dags/example_trigger_target_dag.py for tasks to queue
[2024-03-25T22:12:09.504+0000] {logging_mixin.py:188} INFO - [2024-03-25T22:12:09.504+0000] {dagbag.py:540} INFO - Filling up the DagBag from /home/airflow/.local/lib/python3.8/site-packages/airflow/example_dags/example_trigger_target_dag.py
[2024-03-25T22:12:09.508+0000] {processor.py:840} INFO - DAG(s) 'example_trigger_target_dag' retrieved from /home/airflow/.local/lib/python3.8/site-packages/airflow/example_dags/example_trigger_target_dag.py
[2024-03-25T22:12:09.520+0000] {logging_mixin.py:188} INFO - [2024-03-25T22:12:09.519+0000] {dag.py:3047} INFO - Sync 1 DAGs
[2024-03-25T22:12:09.525+0000] {logging_mixin.py:188} INFO - [2024-03-25T22:12:09.525+0000] {dag.py:3834} INFO - Setting next_dagrun for example_trigger_target_dag to None, run_after=None
[2024-03-25T22:12:09.533+0000] {processor.py:183} INFO - Processing /home/airflow/.local/lib/python3.8/site-packages/airflow/example_dags/example_trigger_target_dag.py took 0.032 seconds
[2024-03-25T22:12:40.205+0000] {processor.py:161} INFO - Started process (PID=531) to work on /home/airflow/.local/lib/python3.8/site-packages/airflow/example_dags/example_trigger_target_dag.py
[2024-03-25T22:12:40.206+0000] {processor.py:830} INFO - Processing file /home/airflow/.local/lib/python3.8/site-packages/airflow/example_dags/example_trigger_target_dag.py for tasks to queue
[2024-03-25T22:12:40.207+0000] {logging_mixin.py:188} INFO - [2024-03-25T22:12:40.206+0000] {dagbag.py:540} INFO - Filling up the DagBag from /home/airflow/.local/lib/python3.8/site-packages/airflow/example_dags/example_trigger_target_dag.py
[2024-03-25T22:12:40.210+0000] {processor.py:840} INFO - DAG(s) 'example_trigger_target_dag' retrieved from /home/airflow/.local/lib/python3.8/site-packages/airflow/example_dags/example_trigger_target_dag.py
[2024-03-25T22:12:40.221+0000] {logging_mixin.py:188} INFO - [2024-03-25T22:12:40.221+0000] {dag.py:3047} INFO - Sync 1 DAGs
[2024-03-25T22:12:40.226+0000] {logging_mixin.py:188} INFO - [2024-03-25T22:12:40.226+0000] {dag.py:3834} INFO - Setting next_dagrun for example_trigger_target_dag to None, run_after=None
[2024-03-25T22:12:40.234+0000] {processor.py:183} INFO - Processing /home/airflow/.local/lib/python3.8/site-packages/airflow/example_dags/example_trigger_target_dag.py took 0.031 seconds
[2024-03-25T22:13:10.790+0000] {processor.py:161} INFO - Started process (PID=586) to work on /home/airflow/.local/lib/python3.8/site-packages/airflow/example_dags/example_trigger_target_dag.py
[2024-03-25T22:13:10.790+0000] {processor.py:830} INFO - Processing file /home/airflow/.local/lib/python3.8/site-packages/airflow/example_dags/example_trigger_target_dag.py for tasks to queue
[2024-03-25T22:13:10.791+0000] {logging_mixin.py:188} INFO - [2024-03-25T22:13:10.791+0000] {dagbag.py:540} INFO - Filling up the DagBag from /home/airflow/.local/lib/python3.8/site-packages/airflow/example_dags/example_trigger_target_dag.py
[2024-03-25T22:13:10.795+0000] {processor.py:840} INFO - DAG(s) 'example_trigger_target_dag' retrieved from /home/airflow/.local/lib/python3.8/site-packages/airflow/example_dags/example_trigger_target_dag.py
[2024-03-25T22:13:10.807+0000] {logging_mixin.py:188} INFO - [2024-03-25T22:13:10.807+0000] {dag.py:3047} INFO - Sync 1 DAGs
[2024-03-25T22:13:10.812+0000] {logging_mixin.py:188} INFO - [2024-03-25T22:13:10.812+0000] {dag.py:3834} INFO - Setting next_dagrun for example_trigger_target_dag to None, run_after=None
[2024-03-25T22:13:10.819+0000] {processor.py:183} INFO - Processing /home/airflow/.local/lib/python3.8/site-packages/airflow/example_dags/example_trigger_target_dag.py took 0.031 seconds
[2024-03-25T22:13:41.490+0000] {processor.py:161} INFO - Started process (PID=641) to work on /home/airflow/.local/lib/python3.8/site-packages/airflow/example_dags/example_trigger_target_dag.py
[2024-03-25T22:13:41.490+0000] {processor.py:830} INFO - Processing file /home/airflow/.local/lib/python3.8/site-packages/airflow/example_dags/example_trigger_target_dag.py for tasks to queue
[2024-03-25T22:13:41.491+0000] {logging_mixin.py:188} INFO - [2024-03-25T22:13:41.491+0000] {dagbag.py:540} INFO - Filling up the DagBag from /home/airflow/.local/lib/python3.8/site-packages/airflow/example_dags/example_trigger_target_dag.py
[2024-03-25T22:13:41.495+0000] {processor.py:840} INFO - DAG(s) 'example_trigger_target_dag' retrieved from /home/airflow/.local/lib/python3.8/site-packages/airflow/example_dags/example_trigger_target_dag.py
[2024-03-25T22:13:41.507+0000] {logging_mixin.py:188} INFO - [2024-03-25T22:13:41.507+0000] {dag.py:3047} INFO - Sync 1 DAGs
[2024-03-25T22:13:41.527+0000] {logging_mixin.py:188} INFO - [2024-03-25T22:13:41.527+0000] {dag.py:3834} INFO - Setting next_dagrun for example_trigger_target_dag to None, run_after=None
[2024-03-25T22:13:41.536+0000] {processor.py:183} INFO - Processing /home/airflow/.local/lib/python3.8/site-packages/airflow/example_dags/example_trigger_target_dag.py took 0.049 seconds
[2024-03-25T22:14:12.070+0000] {processor.py:161} INFO - Started process (PID=697) to work on /home/airflow/.local/lib/python3.8/site-packages/airflow/example_dags/example_trigger_target_dag.py
[2024-03-25T22:14:12.071+0000] {processor.py:830} INFO - Processing file /home/airflow/.local/lib/python3.8/site-packages/airflow/example_dags/example_trigger_target_dag.py for tasks to queue
[2024-03-25T22:14:12.072+0000] {logging_mixin.py:188} INFO - [2024-03-25T22:14:12.072+0000] {dagbag.py:540} INFO - Filling up the DagBag from /home/airflow/.local/lib/python3.8/site-packages/airflow/example_dags/example_trigger_target_dag.py
[2024-03-25T22:14:12.076+0000] {processor.py:840} INFO - DAG(s) 'example_trigger_target_dag' retrieved from /home/airflow/.local/lib/python3.8/site-packages/airflow/example_dags/example_trigger_target_dag.py
[2024-03-25T22:14:12.089+0000] {logging_mixin.py:188} INFO - [2024-03-25T22:14:12.089+0000] {dag.py:3047} INFO - Sync 1 DAGs
[2024-03-25T22:14:12.095+0000] {logging_mixin.py:188} INFO - [2024-03-25T22:14:12.095+0000] {dag.py:3834} INFO - Setting next_dagrun for example_trigger_target_dag to None, run_after=None
[2024-03-25T22:14:12.104+0000] {processor.py:183} INFO - Processing /home/airflow/.local/lib/python3.8/site-packages/airflow/example_dags/example_trigger_target_dag.py took 0.036 seconds
[2024-03-25T22:14:42.591+0000] {processor.py:161} INFO - Started process (PID=752) to work on /home/airflow/.local/lib/python3.8/site-packages/airflow/example_dags/example_trigger_target_dag.py
[2024-03-25T22:14:42.592+0000] {processor.py:830} INFO - Processing file /home/airflow/.local/lib/python3.8/site-packages/airflow/example_dags/example_trigger_target_dag.py for tasks to queue
[2024-03-25T22:14:42.593+0000] {logging_mixin.py:188} INFO - [2024-03-25T22:14:42.593+0000] {dagbag.py:540} INFO - Filling up the DagBag from /home/airflow/.local/lib/python3.8/site-packages/airflow/example_dags/example_trigger_target_dag.py
[2024-03-25T22:14:42.596+0000] {processor.py:840} INFO - DAG(s) 'example_trigger_target_dag' retrieved from /home/airflow/.local/lib/python3.8/site-packages/airflow/example_dags/example_trigger_target_dag.py
[2024-03-25T22:14:42.608+0000] {logging_mixin.py:188} INFO - [2024-03-25T22:14:42.608+0000] {dag.py:3047} INFO - Sync 1 DAGs
[2024-03-25T22:14:42.613+0000] {logging_mixin.py:188} INFO - [2024-03-25T22:14:42.613+0000] {dag.py:3834} INFO - Setting next_dagrun for example_trigger_target_dag to None, run_after=None
[2024-03-25T22:14:42.621+0000] {processor.py:183} INFO - Processing /home/airflow/.local/lib/python3.8/site-packages/airflow/example_dags/example_trigger_target_dag.py took 0.031 seconds
[2024-03-25T22:15:13.149+0000] {processor.py:161} INFO - Started process (PID=807) to work on /home/airflow/.local/lib/python3.8/site-packages/airflow/example_dags/example_trigger_target_dag.py
[2024-03-25T22:15:13.150+0000] {processor.py:830} INFO - Processing file /home/airflow/.local/lib/python3.8/site-packages/airflow/example_dags/example_trigger_target_dag.py for tasks to queue
[2024-03-25T22:15:13.151+0000] {logging_mixin.py:188} INFO - [2024-03-25T22:15:13.150+0000] {dagbag.py:540} INFO - Filling up the DagBag from /home/airflow/.local/lib/python3.8/site-packages/airflow/example_dags/example_trigger_target_dag.py
[2024-03-25T22:15:13.155+0000] {processor.py:840} INFO - DAG(s) 'example_trigger_target_dag' retrieved from /home/airflow/.local/lib/python3.8/site-packages/airflow/example_dags/example_trigger_target_dag.py
[2024-03-25T22:15:13.169+0000] {logging_mixin.py:188} INFO - [2024-03-25T22:15:13.169+0000] {dag.py:3047} INFO - Sync 1 DAGs
[2024-03-25T22:15:13.176+0000] {logging_mixin.py:188} INFO - [2024-03-25T22:15:13.176+0000] {dag.py:3834} INFO - Setting next_dagrun for example_trigger_target_dag to None, run_after=None
[2024-03-25T22:15:13.184+0000] {processor.py:183} INFO - Processing /home/airflow/.local/lib/python3.8/site-packages/airflow/example_dags/example_trigger_target_dag.py took 0.037 seconds
[2024-03-25T22:15:43.756+0000] {processor.py:161} INFO - Started process (PID=862) to work on /home/airflow/.local/lib/python3.8/site-packages/airflow/example_dags/example_trigger_target_dag.py
[2024-03-25T22:15:43.756+0000] {processor.py:830} INFO - Processing file /home/airflow/.local/lib/python3.8/site-packages/airflow/example_dags/example_trigger_target_dag.py for tasks to queue
[2024-03-25T22:15:43.758+0000] {logging_mixin.py:188} INFO - [2024-03-25T22:15:43.757+0000] {dagbag.py:540} INFO - Filling up the DagBag from /home/airflow/.local/lib/python3.8/site-packages/airflow/example_dags/example_trigger_target_dag.py
[2024-03-25T22:15:43.762+0000] {processor.py:840} INFO - DAG(s) 'example_trigger_target_dag' retrieved from /home/airflow/.local/lib/python3.8/site-packages/airflow/example_dags/example_trigger_target_dag.py
[2024-03-25T22:15:43.773+0000] {logging_mixin.py:188} INFO - [2024-03-25T22:15:43.773+0000] {dag.py:3047} INFO - Sync 1 DAGs
[2024-03-25T22:15:43.778+0000] {logging_mixin.py:188} INFO - [2024-03-25T22:15:43.778+0000] {dag.py:3834} INFO - Setting next_dagrun for example_trigger_target_dag to None, run_after=None
[2024-03-25T22:15:43.786+0000] {processor.py:183} INFO - Processing /home/airflow/.local/lib/python3.8/site-packages/airflow/example_dags/example_trigger_target_dag.py took 0.032 seconds
[2024-03-25T22:16:14.373+0000] {processor.py:161} INFO - Started process (PID=916) to work on /home/airflow/.local/lib/python3.8/site-packages/airflow/example_dags/example_trigger_target_dag.py
[2024-03-25T22:16:14.374+0000] {processor.py:830} INFO - Processing file /home/airflow/.local/lib/python3.8/site-packages/airflow/example_dags/example_trigger_target_dag.py for tasks to queue
[2024-03-25T22:16:14.375+0000] {logging_mixin.py:188} INFO - [2024-03-25T22:16:14.374+0000] {dagbag.py:540} INFO - Filling up the DagBag from /home/airflow/.local/lib/python3.8/site-packages/airflow/example_dags/example_trigger_target_dag.py
[2024-03-25T22:16:14.378+0000] {processor.py:840} INFO - DAG(s) 'example_trigger_target_dag' retrieved from /home/airflow/.local/lib/python3.8/site-packages/airflow/example_dags/example_trigger_target_dag.py
[2024-03-25T22:16:14.390+0000] {logging_mixin.py:188} INFO - [2024-03-25T22:16:14.390+0000] {dag.py:3047} INFO - Sync 1 DAGs
[2024-03-25T22:16:14.395+0000] {logging_mixin.py:188} INFO - [2024-03-25T22:16:14.395+0000] {dag.py:3834} INFO - Setting next_dagrun for example_trigger_target_dag to None, run_after=None
[2024-03-25T22:16:14.403+0000] {processor.py:183} INFO - Processing /home/airflow/.local/lib/python3.8/site-packages/airflow/example_dags/example_trigger_target_dag.py took 0.032 seconds
[2024-03-25T22:16:45.280+0000] {processor.py:161} INFO - Started process (PID=971) to work on /home/airflow/.local/lib/python3.8/site-packages/airflow/example_dags/example_trigger_target_dag.py
[2024-03-25T22:16:45.281+0000] {processor.py:830} INFO - Processing file /home/airflow/.local/lib/python3.8/site-packages/airflow/example_dags/example_trigger_target_dag.py for tasks to queue
[2024-03-25T22:16:45.283+0000] {logging_mixin.py:188} INFO - [2024-03-25T22:16:45.282+0000] {dagbag.py:540} INFO - Filling up the DagBag from /home/airflow/.local/lib/python3.8/site-packages/airflow/example_dags/example_trigger_target_dag.py
[2024-03-25T22:16:45.290+0000] {processor.py:840} INFO - DAG(s) 'example_trigger_target_dag' retrieved from /home/airflow/.local/lib/python3.8/site-packages/airflow/example_dags/example_trigger_target_dag.py
[2024-03-25T22:16:45.320+0000] {logging_mixin.py:188} INFO - [2024-03-25T22:16:45.320+0000] {dag.py:3047} INFO - Sync 1 DAGs
[2024-03-25T22:16:45.328+0000] {logging_mixin.py:188} INFO - [2024-03-25T22:16:45.328+0000] {dag.py:3834} INFO - Setting next_dagrun for example_trigger_target_dag to None, run_after=None
[2024-03-25T22:16:45.338+0000] {processor.py:183} INFO - Processing /home/airflow/.local/lib/python3.8/site-packages/airflow/example_dags/example_trigger_target_dag.py took 0.061 seconds
[2024-03-25T22:17:15.567+0000] {processor.py:161} INFO - Started process (PID=1026) to work on /home/airflow/.local/lib/python3.8/site-packages/airflow/example_dags/example_trigger_target_dag.py
[2024-03-25T22:17:15.567+0000] {processor.py:830} INFO - Processing file /home/airflow/.local/lib/python3.8/site-packages/airflow/example_dags/example_trigger_target_dag.py for tasks to queue
[2024-03-25T22:17:15.568+0000] {logging_mixin.py:188} INFO - [2024-03-25T22:17:15.568+0000] {dagbag.py:540} INFO - Filling up the DagBag from /home/airflow/.local/lib/python3.8/site-packages/airflow/example_dags/example_trigger_target_dag.py
[2024-03-25T22:17:15.572+0000] {processor.py:840} INFO - DAG(s) 'example_trigger_target_dag' retrieved from /home/airflow/.local/lib/python3.8/site-packages/airflow/example_dags/example_trigger_target_dag.py
[2024-03-25T22:17:15.584+0000] {logging_mixin.py:188} INFO - [2024-03-25T22:17:15.584+0000] {dag.py:3047} INFO - Sync 1 DAGs
[2024-03-25T22:17:15.589+0000] {logging_mixin.py:188} INFO - [2024-03-25T22:17:15.589+0000] {dag.py:3834} INFO - Setting next_dagrun for example_trigger_target_dag to None, run_after=None
[2024-03-25T22:17:15.596+0000] {processor.py:183} INFO - Processing /home/airflow/.local/lib/python3.8/site-packages/airflow/example_dags/example_trigger_target_dag.py took 0.031 seconds
[2024-03-25T22:17:46.184+0000] {processor.py:161} INFO - Started process (PID=1081) to work on /home/airflow/.local/lib/python3.8/site-packages/airflow/example_dags/example_trigger_target_dag.py
[2024-03-25T22:17:46.185+0000] {processor.py:830} INFO - Processing file /home/airflow/.local/lib/python3.8/site-packages/airflow/example_dags/example_trigger_target_dag.py for tasks to queue
[2024-03-25T22:17:46.186+0000] {logging_mixin.py:188} INFO - [2024-03-25T22:17:46.186+0000] {dagbag.py:540} INFO - Filling up the DagBag from /home/airflow/.local/lib/python3.8/site-packages/airflow/example_dags/example_trigger_target_dag.py
[2024-03-25T22:17:46.189+0000] {processor.py:840} INFO - DAG(s) 'example_trigger_target_dag' retrieved from /home/airflow/.local/lib/python3.8/site-packages/airflow/example_dags/example_trigger_target_dag.py
[2024-03-25T22:17:46.201+0000] {logging_mixin.py:188} INFO - [2024-03-25T22:17:46.201+0000] {dag.py:3047} INFO - Sync 1 DAGs
[2024-03-25T22:17:46.206+0000] {logging_mixin.py:188} INFO - [2024-03-25T22:17:46.206+0000] {dag.py:3834} INFO - Setting next_dagrun for example_trigger_target_dag to None, run_after=None
[2024-03-25T22:17:46.214+0000] {processor.py:183} INFO - Processing /home/airflow/.local/lib/python3.8/site-packages/airflow/example_dags/example_trigger_target_dag.py took 0.031 seconds
[2024-03-25T22:18:16.818+0000] {processor.py:161} INFO - Started process (PID=1136) to work on /home/airflow/.local/lib/python3.8/site-packages/airflow/example_dags/example_trigger_target_dag.py
[2024-03-25T22:18:16.818+0000] {processor.py:830} INFO - Processing file /home/airflow/.local/lib/python3.8/site-packages/airflow/example_dags/example_trigger_target_dag.py for tasks to queue
[2024-03-25T22:18:16.819+0000] {logging_mixin.py:188} INFO - [2024-03-25T22:18:16.819+0000] {dagbag.py:540} INFO - Filling up the DagBag from /home/airflow/.local/lib/python3.8/site-packages/airflow/example_dags/example_trigger_target_dag.py
[2024-03-25T22:18:16.823+0000] {processor.py:840} INFO - DAG(s) 'example_trigger_target_dag' retrieved from /home/airflow/.local/lib/python3.8/site-packages/airflow/example_dags/example_trigger_target_dag.py
[2024-03-25T22:18:16.836+0000] {logging_mixin.py:188} INFO - [2024-03-25T22:18:16.836+0000] {dag.py:3047} INFO - Sync 1 DAGs
[2024-03-25T22:18:16.841+0000] {logging_mixin.py:188} INFO - [2024-03-25T22:18:16.841+0000] {dag.py:3834} INFO - Setting next_dagrun for example_trigger_target_dag to None, run_after=None
[2024-03-25T22:18:16.849+0000] {processor.py:183} INFO - Processing /home/airflow/.local/lib/python3.8/site-packages/airflow/example_dags/example_trigger_target_dag.py took 0.033 seconds
[2024-03-25T22:18:47.416+0000] {processor.py:161} INFO - Started process (PID=1192) to work on /home/airflow/.local/lib/python3.8/site-packages/airflow/example_dags/example_trigger_target_dag.py
[2024-03-25T22:18:47.416+0000] {processor.py:830} INFO - Processing file /home/airflow/.local/lib/python3.8/site-packages/airflow/example_dags/example_trigger_target_dag.py for tasks to queue
[2024-03-25T22:18:47.417+0000] {logging_mixin.py:188} INFO - [2024-03-25T22:18:47.417+0000] {dagbag.py:540} INFO - Filling up the DagBag from /home/airflow/.local/lib/python3.8/site-packages/airflow/example_dags/example_trigger_target_dag.py
[2024-03-25T22:18:47.421+0000] {processor.py:840} INFO - DAG(s) 'example_trigger_target_dag' retrieved from /home/airflow/.local/lib/python3.8/site-packages/airflow/example_dags/example_trigger_target_dag.py
[2024-03-25T22:18:47.433+0000] {logging_mixin.py:188} INFO - [2024-03-25T22:18:47.433+0000] {dag.py:3047} INFO - Sync 1 DAGs
[2024-03-25T22:18:47.439+0000] {logging_mixin.py:188} INFO - [2024-03-25T22:18:47.439+0000] {dag.py:3834} INFO - Setting next_dagrun for example_trigger_target_dag to None, run_after=None
[2024-03-25T22:18:47.446+0000] {processor.py:183} INFO - Processing /home/airflow/.local/lib/python3.8/site-packages/airflow/example_dags/example_trigger_target_dag.py took 0.033 seconds
[2024-03-25T22:19:18.016+0000] {processor.py:161} INFO - Started process (PID=1247) to work on /home/airflow/.local/lib/python3.8/site-packages/airflow/example_dags/example_trigger_target_dag.py
[2024-03-25T22:19:18.017+0000] {processor.py:830} INFO - Processing file /home/airflow/.local/lib/python3.8/site-packages/airflow/example_dags/example_trigger_target_dag.py for tasks to queue
[2024-03-25T22:19:18.018+0000] {logging_mixin.py:188} INFO - [2024-03-25T22:19:18.017+0000] {dagbag.py:540} INFO - Filling up the DagBag from /home/airflow/.local/lib/python3.8/site-packages/airflow/example_dags/example_trigger_target_dag.py
[2024-03-25T22:19:18.021+0000] {processor.py:840} INFO - DAG(s) 'example_trigger_target_dag' retrieved from /home/airflow/.local/lib/python3.8/site-packages/airflow/example_dags/example_trigger_target_dag.py
[2024-03-25T22:19:18.033+0000] {logging_mixin.py:188} INFO - [2024-03-25T22:19:18.033+0000] {dag.py:3047} INFO - Sync 1 DAGs
[2024-03-25T22:19:18.038+0000] {logging_mixin.py:188} INFO - [2024-03-25T22:19:18.038+0000] {dag.py:3834} INFO - Setting next_dagrun for example_trigger_target_dag to None, run_after=None
[2024-03-25T22:19:18.046+0000] {processor.py:183} INFO - Processing /home/airflow/.local/lib/python3.8/site-packages/airflow/example_dags/example_trigger_target_dag.py took 0.032 seconds
[2024-03-25T22:19:48.583+0000] {processor.py:161} INFO - Started process (PID=1302) to work on /home/airflow/.local/lib/python3.8/site-packages/airflow/example_dags/example_trigger_target_dag.py
[2024-03-25T22:19:48.584+0000] {processor.py:830} INFO - Processing file /home/airflow/.local/lib/python3.8/site-packages/airflow/example_dags/example_trigger_target_dag.py for tasks to queue
[2024-03-25T22:19:48.585+0000] {logging_mixin.py:188} INFO - [2024-03-25T22:19:48.585+0000] {dagbag.py:540} INFO - Filling up the DagBag from /home/airflow/.local/lib/python3.8/site-packages/airflow/example_dags/example_trigger_target_dag.py
[2024-03-25T22:19:48.589+0000] {processor.py:840} INFO - DAG(s) 'example_trigger_target_dag' retrieved from /home/airflow/.local/lib/python3.8/site-packages/airflow/example_dags/example_trigger_target_dag.py
[2024-03-25T22:19:48.601+0000] {logging_mixin.py:188} INFO - [2024-03-25T22:19:48.601+0000] {dag.py:3047} INFO - Sync 1 DAGs
[2024-03-25T22:19:48.606+0000] {logging_mixin.py:188} INFO - [2024-03-25T22:19:48.606+0000] {dag.py:3834} INFO - Setting next_dagrun for example_trigger_target_dag to None, run_after=None
[2024-03-25T22:19:48.613+0000] {processor.py:183} INFO - Processing /home/airflow/.local/lib/python3.8/site-packages/airflow/example_dags/example_trigger_target_dag.py took 0.032 seconds
[2024-03-25T22:20:19.129+0000] {processor.py:161} INFO - Started process (PID=1358) to work on /home/airflow/.local/lib/python3.8/site-packages/airflow/example_dags/example_trigger_target_dag.py
[2024-03-25T22:20:19.130+0000] {processor.py:830} INFO - Processing file /home/airflow/.local/lib/python3.8/site-packages/airflow/example_dags/example_trigger_target_dag.py for tasks to queue
[2024-03-25T22:20:19.131+0000] {logging_mixin.py:188} INFO - [2024-03-25T22:20:19.130+0000] {dagbag.py:540} INFO - Filling up the DagBag from /home/airflow/.local/lib/python3.8/site-packages/airflow/example_dags/example_trigger_target_dag.py
[2024-03-25T22:20:19.134+0000] {processor.py:840} INFO - DAG(s) 'example_trigger_target_dag' retrieved from /home/airflow/.local/lib/python3.8/site-packages/airflow/example_dags/example_trigger_target_dag.py
[2024-03-25T22:20:19.146+0000] {logging_mixin.py:188} INFO - [2024-03-25T22:20:19.146+0000] {dag.py:3047} INFO - Sync 1 DAGs
[2024-03-25T22:20:19.152+0000] {logging_mixin.py:188} INFO - [2024-03-25T22:20:19.151+0000] {dag.py:3834} INFO - Setting next_dagrun for example_trigger_target_dag to None, run_after=None
[2024-03-25T22:20:19.158+0000] {processor.py:183} INFO - Processing /home/airflow/.local/lib/python3.8/site-packages/airflow/example_dags/example_trigger_target_dag.py took 0.031 seconds
[2024-03-25T22:20:49.706+0000] {processor.py:161} INFO - Started process (PID=1413) to work on /home/airflow/.local/lib/python3.8/site-packages/airflow/example_dags/example_trigger_target_dag.py
[2024-03-25T22:20:49.707+0000] {processor.py:830} INFO - Processing file /home/airflow/.local/lib/python3.8/site-packages/airflow/example_dags/example_trigger_target_dag.py for tasks to queue
[2024-03-25T22:20:49.708+0000] {logging_mixin.py:188} INFO - [2024-03-25T22:20:49.708+0000] {dagbag.py:540} INFO - Filling up the DagBag from /home/airflow/.local/lib/python3.8/site-packages/airflow/example_dags/example_trigger_target_dag.py
[2024-03-25T22:20:49.711+0000] {processor.py:840} INFO - DAG(s) 'example_trigger_target_dag' retrieved from /home/airflow/.local/lib/python3.8/site-packages/airflow/example_dags/example_trigger_target_dag.py
[2024-03-25T22:20:49.722+0000] {logging_mixin.py:188} INFO - [2024-03-25T22:20:49.722+0000] {dag.py:3047} INFO - Sync 1 DAGs
[2024-03-25T22:20:49.728+0000] {logging_mixin.py:188} INFO - [2024-03-25T22:20:49.728+0000] {dag.py:3834} INFO - Setting next_dagrun for example_trigger_target_dag to None, run_after=None
[2024-03-25T22:20:49.735+0000] {processor.py:183} INFO - Processing /home/airflow/.local/lib/python3.8/site-packages/airflow/example_dags/example_trigger_target_dag.py took 0.031 seconds
[2024-03-25T22:21:20.324+0000] {processor.py:161} INFO - Started process (PID=1469) to work on /home/airflow/.local/lib/python3.8/site-packages/airflow/example_dags/example_trigger_target_dag.py
[2024-03-25T22:21:20.324+0000] {processor.py:830} INFO - Processing file /home/airflow/.local/lib/python3.8/site-packages/airflow/example_dags/example_trigger_target_dag.py for tasks to queue
[2024-03-25T22:21:20.325+0000] {logging_mixin.py:188} INFO - [2024-03-25T22:21:20.325+0000] {dagbag.py:540} INFO - Filling up the DagBag from /home/airflow/.local/lib/python3.8/site-packages/airflow/example_dags/example_trigger_target_dag.py
[2024-03-25T22:21:20.329+0000] {processor.py:840} INFO - DAG(s) 'example_trigger_target_dag' retrieved from /home/airflow/.local/lib/python3.8/site-packages/airflow/example_dags/example_trigger_target_dag.py
[2024-03-25T22:21:20.340+0000] {logging_mixin.py:188} INFO - [2024-03-25T22:21:20.340+0000] {dag.py:3047} INFO - Sync 1 DAGs
[2024-03-25T22:21:20.346+0000] {logging_mixin.py:188} INFO - [2024-03-25T22:21:20.345+0000] {dag.py:3834} INFO - Setting next_dagrun for example_trigger_target_dag to None, run_after=None
[2024-03-25T22:21:20.353+0000] {processor.py:183} INFO - Processing /home/airflow/.local/lib/python3.8/site-packages/airflow/example_dags/example_trigger_target_dag.py took 0.031 seconds
[2024-03-25T22:21:50.982+0000] {processor.py:161} INFO - Started process (PID=1525) to work on /home/airflow/.local/lib/python3.8/site-packages/airflow/example_dags/example_trigger_target_dag.py
[2024-03-25T22:21:50.982+0000] {processor.py:830} INFO - Processing file /home/airflow/.local/lib/python3.8/site-packages/airflow/example_dags/example_trigger_target_dag.py for tasks to queue
[2024-03-25T22:21:50.983+0000] {logging_mixin.py:188} INFO - [2024-03-25T22:21:50.983+0000] {dagbag.py:540} INFO - Filling up the DagBag from /home/airflow/.local/lib/python3.8/site-packages/airflow/example_dags/example_trigger_target_dag.py
[2024-03-25T22:21:50.987+0000] {processor.py:840} INFO - DAG(s) 'example_trigger_target_dag' retrieved from /home/airflow/.local/lib/python3.8/site-packages/airflow/example_dags/example_trigger_target_dag.py
[2024-03-25T22:21:50.999+0000] {logging_mixin.py:188} INFO - [2024-03-25T22:21:50.999+0000] {dag.py:3047} INFO - Sync 1 DAGs
[2024-03-25T22:21:51.004+0000] {logging_mixin.py:188} INFO - [2024-03-25T22:21:51.004+0000] {dag.py:3834} INFO - Setting next_dagrun for example_trigger_target_dag to None, run_after=None
[2024-03-25T22:21:51.012+0000] {processor.py:183} INFO - Processing /home/airflow/.local/lib/python3.8/site-packages/airflow/example_dags/example_trigger_target_dag.py took 0.032 seconds
[2024-03-25T22:22:21.612+0000] {processor.py:161} INFO - Started process (PID=1581) to work on /home/airflow/.local/lib/python3.8/site-packages/airflow/example_dags/example_trigger_target_dag.py
[2024-03-25T22:22:21.613+0000] {processor.py:830} INFO - Processing file /home/airflow/.local/lib/python3.8/site-packages/airflow/example_dags/example_trigger_target_dag.py for tasks to queue
[2024-03-25T22:22:21.614+0000] {logging_mixin.py:188} INFO - [2024-03-25T22:22:21.614+0000] {dagbag.py:540} INFO - Filling up the DagBag from /home/airflow/.local/lib/python3.8/site-packages/airflow/example_dags/example_trigger_target_dag.py
[2024-03-25T22:22:21.618+0000] {processor.py:840} INFO - DAG(s) 'example_trigger_target_dag' retrieved from /home/airflow/.local/lib/python3.8/site-packages/airflow/example_dags/example_trigger_target_dag.py
[2024-03-25T22:22:21.630+0000] {logging_mixin.py:188} INFO - [2024-03-25T22:22:21.629+0000] {dag.py:3047} INFO - Sync 1 DAGs
[2024-03-25T22:22:21.635+0000] {logging_mixin.py:188} INFO - [2024-03-25T22:22:21.635+0000] {dag.py:3834} INFO - Setting next_dagrun for example_trigger_target_dag to None, run_after=None
[2024-03-25T22:22:21.642+0000] {processor.py:183} INFO - Processing /home/airflow/.local/lib/python3.8/site-packages/airflow/example_dags/example_trigger_target_dag.py took 0.032 seconds
[2024-03-25T22:22:52.222+0000] {processor.py:161} INFO - Started process (PID=1636) to work on /home/airflow/.local/lib/python3.8/site-packages/airflow/example_dags/example_trigger_target_dag.py
[2024-03-25T22:22:52.223+0000] {processor.py:830} INFO - Processing file /home/airflow/.local/lib/python3.8/site-packages/airflow/example_dags/example_trigger_target_dag.py for tasks to queue
[2024-03-25T22:22:52.224+0000] {logging_mixin.py:188} INFO - [2024-03-25T22:22:52.224+0000] {dagbag.py:540} INFO - Filling up the DagBag from /home/airflow/.local/lib/python3.8/site-packages/airflow/example_dags/example_trigger_target_dag.py
[2024-03-25T22:22:52.228+0000] {processor.py:840} INFO - DAG(s) 'example_trigger_target_dag' retrieved from /home/airflow/.local/lib/python3.8/site-packages/airflow/example_dags/example_trigger_target_dag.py
[2024-03-25T22:22:52.239+0000] {logging_mixin.py:188} INFO - [2024-03-25T22:22:52.239+0000] {dag.py:3047} INFO - Sync 1 DAGs
[2024-03-25T22:22:52.244+0000] {logging_mixin.py:188} INFO - [2024-03-25T22:22:52.244+0000] {dag.py:3834} INFO - Setting next_dagrun for example_trigger_target_dag to None, run_after=None
[2024-03-25T22:22:52.251+0000] {processor.py:183} INFO - Processing /home/airflow/.local/lib/python3.8/site-packages/airflow/example_dags/example_trigger_target_dag.py took 0.031 seconds
[2024-03-25T22:23:22.828+0000] {processor.py:161} INFO - Started process (PID=1691) to work on /home/airflow/.local/lib/python3.8/site-packages/airflow/example_dags/example_trigger_target_dag.py
[2024-03-25T22:23:22.829+0000] {processor.py:830} INFO - Processing file /home/airflow/.local/lib/python3.8/site-packages/airflow/example_dags/example_trigger_target_dag.py for tasks to queue
[2024-03-25T22:23:22.830+0000] {logging_mixin.py:188} INFO - [2024-03-25T22:23:22.830+0000] {dagbag.py:540} INFO - Filling up the DagBag from /home/airflow/.local/lib/python3.8/site-packages/airflow/example_dags/example_trigger_target_dag.py
[2024-03-25T22:23:22.833+0000] {processor.py:840} INFO - DAG(s) 'example_trigger_target_dag' retrieved from /home/airflow/.local/lib/python3.8/site-packages/airflow/example_dags/example_trigger_target_dag.py
[2024-03-25T22:23:22.845+0000] {logging_mixin.py:188} INFO - [2024-03-25T22:23:22.845+0000] {dag.py:3047} INFO - Sync 1 DAGs
[2024-03-25T22:23:22.850+0000] {logging_mixin.py:188} INFO - [2024-03-25T22:23:22.850+0000] {dag.py:3834} INFO - Setting next_dagrun for example_trigger_target_dag to None, run_after=None
[2024-03-25T22:23:22.858+0000] {processor.py:183} INFO - Processing /home/airflow/.local/lib/python3.8/site-packages/airflow/example_dags/example_trigger_target_dag.py took 0.031 seconds
[2024-03-25T22:23:53.388+0000] {processor.py:161} INFO - Started process (PID=1745) to work on /home/airflow/.local/lib/python3.8/site-packages/airflow/example_dags/example_trigger_target_dag.py
[2024-03-25T22:23:53.388+0000] {processor.py:830} INFO - Processing file /home/airflow/.local/lib/python3.8/site-packages/airflow/example_dags/example_trigger_target_dag.py for tasks to queue
[2024-03-25T22:23:53.389+0000] {logging_mixin.py:188} INFO - [2024-03-25T22:23:53.389+0000] {dagbag.py:540} INFO - Filling up the DagBag from /home/airflow/.local/lib/python3.8/site-packages/airflow/example_dags/example_trigger_target_dag.py
[2024-03-25T22:23:53.392+0000] {processor.py:840} INFO - DAG(s) 'example_trigger_target_dag' retrieved from /home/airflow/.local/lib/python3.8/site-packages/airflow/example_dags/example_trigger_target_dag.py
[2024-03-25T22:23:53.404+0000] {logging_mixin.py:188} INFO - [2024-03-25T22:23:53.404+0000] {dag.py:3047} INFO - Sync 1 DAGs
[2024-03-25T22:23:53.409+0000] {logging_mixin.py:188} INFO - [2024-03-25T22:23:53.409+0000] {dag.py:3834} INFO - Setting next_dagrun for example_trigger_target_dag to None, run_after=None
[2024-03-25T22:23:53.417+0000] {processor.py:183} INFO - Processing /home/airflow/.local/lib/python3.8/site-packages/airflow/example_dags/example_trigger_target_dag.py took 0.031 seconds
[2024-03-25T22:24:23.949+0000] {processor.py:161} INFO - Started process (PID=1800) to work on /home/airflow/.local/lib/python3.8/site-packages/airflow/example_dags/example_trigger_target_dag.py
[2024-03-25T22:24:23.950+0000] {processor.py:830} INFO - Processing file /home/airflow/.local/lib/python3.8/site-packages/airflow/example_dags/example_trigger_target_dag.py for tasks to queue
[2024-03-25T22:24:23.951+0000] {logging_mixin.py:188} INFO - [2024-03-25T22:24:23.950+0000] {dagbag.py:540} INFO - Filling up the DagBag from /home/airflow/.local/lib/python3.8/site-packages/airflow/example_dags/example_trigger_target_dag.py
[2024-03-25T22:24:23.954+0000] {processor.py:840} INFO - DAG(s) 'example_trigger_target_dag' retrieved from /home/airflow/.local/lib/python3.8/site-packages/airflow/example_dags/example_trigger_target_dag.py
[2024-03-25T22:24:23.966+0000] {logging_mixin.py:188} INFO - [2024-03-25T22:24:23.965+0000] {dag.py:3047} INFO - Sync 1 DAGs
[2024-03-25T22:24:23.971+0000] {logging_mixin.py:188} INFO - [2024-03-25T22:24:23.971+0000] {dag.py:3834} INFO - Setting next_dagrun for example_trigger_target_dag to None, run_after=None
[2024-03-25T22:24:23.979+0000] {processor.py:183} INFO - Processing /home/airflow/.local/lib/python3.8/site-packages/airflow/example_dags/example_trigger_target_dag.py took 0.031 seconds
[2024-03-25T22:24:54.493+0000] {processor.py:161} INFO - Started process (PID=1856) to work on /home/airflow/.local/lib/python3.8/site-packages/airflow/example_dags/example_trigger_target_dag.py
[2024-03-25T22:24:54.494+0000] {processor.py:830} INFO - Processing file /home/airflow/.local/lib/python3.8/site-packages/airflow/example_dags/example_trigger_target_dag.py for tasks to queue
[2024-03-25T22:24:54.495+0000] {logging_mixin.py:188} INFO - [2024-03-25T22:24:54.494+0000] {dagbag.py:540} INFO - Filling up the DagBag from /home/airflow/.local/lib/python3.8/site-packages/airflow/example_dags/example_trigger_target_dag.py
[2024-03-25T22:24:54.498+0000] {processor.py:840} INFO - DAG(s) 'example_trigger_target_dag' retrieved from /home/airflow/.local/lib/python3.8/site-packages/airflow/example_dags/example_trigger_target_dag.py
[2024-03-25T22:24:54.510+0000] {logging_mixin.py:188} INFO - [2024-03-25T22:24:54.510+0000] {dag.py:3047} INFO - Sync 1 DAGs
[2024-03-25T22:24:54.515+0000] {logging_mixin.py:188} INFO - [2024-03-25T22:24:54.515+0000] {dag.py:3834} INFO - Setting next_dagrun for example_trigger_target_dag to None, run_after=None
[2024-03-25T22:24:54.523+0000] {processor.py:183} INFO - Processing /home/airflow/.local/lib/python3.8/site-packages/airflow/example_dags/example_trigger_target_dag.py took 0.031 seconds
[2024-03-25T22:25:24.962+0000] {processor.py:161} INFO - Started process (PID=1911) to work on /home/airflow/.local/lib/python3.8/site-packages/airflow/example_dags/example_trigger_target_dag.py
[2024-03-25T22:25:24.963+0000] {processor.py:830} INFO - Processing file /home/airflow/.local/lib/python3.8/site-packages/airflow/example_dags/example_trigger_target_dag.py for tasks to queue
[2024-03-25T22:25:24.964+0000] {logging_mixin.py:188} INFO - [2024-03-25T22:25:24.963+0000] {dagbag.py:540} INFO - Filling up the DagBag from /home/airflow/.local/lib/python3.8/site-packages/airflow/example_dags/example_trigger_target_dag.py
[2024-03-25T22:25:24.967+0000] {processor.py:840} INFO - DAG(s) 'example_trigger_target_dag' retrieved from /home/airflow/.local/lib/python3.8/site-packages/airflow/example_dags/example_trigger_target_dag.py
[2024-03-25T22:25:24.978+0000] {logging_mixin.py:188} INFO - [2024-03-25T22:25:24.978+0000] {dag.py:3047} INFO - Sync 1 DAGs
[2024-03-25T22:25:24.983+0000] {logging_mixin.py:188} INFO - [2024-03-25T22:25:24.983+0000] {dag.py:3834} INFO - Setting next_dagrun for example_trigger_target_dag to None, run_after=None
[2024-03-25T22:25:24.991+0000] {processor.py:183} INFO - Processing /home/airflow/.local/lib/python3.8/site-packages/airflow/example_dags/example_trigger_target_dag.py took 0.031 seconds
[2024-03-25T22:25:55.514+0000] {processor.py:161} INFO - Started process (PID=1966) to work on /home/airflow/.local/lib/python3.8/site-packages/airflow/example_dags/example_trigger_target_dag.py
[2024-03-25T22:25:55.514+0000] {processor.py:830} INFO - Processing file /home/airflow/.local/lib/python3.8/site-packages/airflow/example_dags/example_trigger_target_dag.py for tasks to queue
[2024-03-25T22:25:55.515+0000] {logging_mixin.py:188} INFO - [2024-03-25T22:25:55.515+0000] {dagbag.py:540} INFO - Filling up the DagBag from /home/airflow/.local/lib/python3.8/site-packages/airflow/example_dags/example_trigger_target_dag.py
[2024-03-25T22:25:55.519+0000] {processor.py:840} INFO - DAG(s) 'example_trigger_target_dag' retrieved from /home/airflow/.local/lib/python3.8/site-packages/airflow/example_dags/example_trigger_target_dag.py
[2024-03-25T22:25:55.531+0000] {logging_mixin.py:188} INFO - [2024-03-25T22:25:55.531+0000] {dag.py:3047} INFO - Sync 1 DAGs
[2024-03-25T22:25:55.536+0000] {logging_mixin.py:188} INFO - [2024-03-25T22:25:55.536+0000] {dag.py:3834} INFO - Setting next_dagrun for example_trigger_target_dag to None, run_after=None
[2024-03-25T22:25:55.543+0000] {processor.py:183} INFO - Processing /home/airflow/.local/lib/python3.8/site-packages/airflow/example_dags/example_trigger_target_dag.py took 0.031 seconds
[2024-03-25T22:26:26.079+0000] {processor.py:161} INFO - Started process (PID=2021) to work on /home/airflow/.local/lib/python3.8/site-packages/airflow/example_dags/example_trigger_target_dag.py
[2024-03-25T22:26:26.079+0000] {processor.py:830} INFO - Processing file /home/airflow/.local/lib/python3.8/site-packages/airflow/example_dags/example_trigger_target_dag.py for tasks to queue
[2024-03-25T22:26:26.080+0000] {logging_mixin.py:188} INFO - [2024-03-25T22:26:26.080+0000] {dagbag.py:540} INFO - Filling up the DagBag from /home/airflow/.local/lib/python3.8/site-packages/airflow/example_dags/example_trigger_target_dag.py
[2024-03-25T22:26:26.084+0000] {processor.py:840} INFO - DAG(s) 'example_trigger_target_dag' retrieved from /home/airflow/.local/lib/python3.8/site-packages/airflow/example_dags/example_trigger_target_dag.py
[2024-03-25T22:26:26.095+0000] {logging_mixin.py:188} INFO - [2024-03-25T22:26:26.095+0000] {dag.py:3047} INFO - Sync 1 DAGs
[2024-03-25T22:26:26.100+0000] {logging_mixin.py:188} INFO - [2024-03-25T22:26:26.100+0000] {dag.py:3834} INFO - Setting next_dagrun for example_trigger_target_dag to None, run_after=None
[2024-03-25T22:26:26.108+0000] {processor.py:183} INFO - Processing /home/airflow/.local/lib/python3.8/site-packages/airflow/example_dags/example_trigger_target_dag.py took 0.031 seconds
[2024-03-25T22:26:56.715+0000] {processor.py:161} INFO - Started process (PID=2076) to work on /home/airflow/.local/lib/python3.8/site-packages/airflow/example_dags/example_trigger_target_dag.py
[2024-03-25T22:26:56.716+0000] {processor.py:830} INFO - Processing file /home/airflow/.local/lib/python3.8/site-packages/airflow/example_dags/example_trigger_target_dag.py for tasks to queue
[2024-03-25T22:26:56.717+0000] {logging_mixin.py:188} INFO - [2024-03-25T22:26:56.716+0000] {dagbag.py:540} INFO - Filling up the DagBag from /home/airflow/.local/lib/python3.8/site-packages/airflow/example_dags/example_trigger_target_dag.py
[2024-03-25T22:26:56.720+0000] {processor.py:840} INFO - DAG(s) 'example_trigger_target_dag' retrieved from /home/airflow/.local/lib/python3.8/site-packages/airflow/example_dags/example_trigger_target_dag.py
[2024-03-25T22:26:56.732+0000] {logging_mixin.py:188} INFO - [2024-03-25T22:26:56.732+0000] {dag.py:3047} INFO - Sync 1 DAGs
[2024-03-25T22:26:56.737+0000] {logging_mixin.py:188} INFO - [2024-03-25T22:26:56.737+0000] {dag.py:3834} INFO - Setting next_dagrun for example_trigger_target_dag to None, run_after=None
[2024-03-25T22:26:56.744+0000] {processor.py:183} INFO - Processing /home/airflow/.local/lib/python3.8/site-packages/airflow/example_dags/example_trigger_target_dag.py took 0.031 seconds
[2024-03-25T22:27:27.327+0000] {processor.py:161} INFO - Started process (PID=2130) to work on /home/airflow/.local/lib/python3.8/site-packages/airflow/example_dags/example_trigger_target_dag.py
[2024-03-25T22:27:27.328+0000] {processor.py:830} INFO - Processing file /home/airflow/.local/lib/python3.8/site-packages/airflow/example_dags/example_trigger_target_dag.py for tasks to queue
[2024-03-25T22:27:27.329+0000] {logging_mixin.py:188} INFO - [2024-03-25T22:27:27.329+0000] {dagbag.py:540} INFO - Filling up the DagBag from /home/airflow/.local/lib/python3.8/site-packages/airflow/example_dags/example_trigger_target_dag.py
[2024-03-25T22:27:27.333+0000] {processor.py:840} INFO - DAG(s) 'example_trigger_target_dag' retrieved from /home/airflow/.local/lib/python3.8/site-packages/airflow/example_dags/example_trigger_target_dag.py
[2024-03-25T22:27:27.345+0000] {logging_mixin.py:188} INFO - [2024-03-25T22:27:27.345+0000] {dag.py:3047} INFO - Sync 1 DAGs
[2024-03-25T22:27:27.350+0000] {logging_mixin.py:188} INFO - [2024-03-25T22:27:27.350+0000] {dag.py:3834} INFO - Setting next_dagrun for example_trigger_target_dag to None, run_after=None
[2024-03-25T22:27:27.357+0000] {processor.py:183} INFO - Processing /home/airflow/.local/lib/python3.8/site-packages/airflow/example_dags/example_trigger_target_dag.py took 0.032 seconds
[2024-03-25T22:27:57.967+0000] {processor.py:161} INFO - Started process (PID=2185) to work on /home/airflow/.local/lib/python3.8/site-packages/airflow/example_dags/example_trigger_target_dag.py
[2024-03-25T22:27:57.968+0000] {processor.py:830} INFO - Processing file /home/airflow/.local/lib/python3.8/site-packages/airflow/example_dags/example_trigger_target_dag.py for tasks to queue
[2024-03-25T22:27:57.969+0000] {logging_mixin.py:188} INFO - [2024-03-25T22:27:57.969+0000] {dagbag.py:540} INFO - Filling up the DagBag from /home/airflow/.local/lib/python3.8/site-packages/airflow/example_dags/example_trigger_target_dag.py
[2024-03-25T22:27:57.973+0000] {processor.py:840} INFO - DAG(s) 'example_trigger_target_dag' retrieved from /home/airflow/.local/lib/python3.8/site-packages/airflow/example_dags/example_trigger_target_dag.py
[2024-03-25T22:27:57.984+0000] {logging_mixin.py:188} INFO - [2024-03-25T22:27:57.984+0000] {dag.py:3047} INFO - Sync 1 DAGs
[2024-03-25T22:27:57.989+0000] {logging_mixin.py:188} INFO - [2024-03-25T22:27:57.989+0000] {dag.py:3834} INFO - Setting next_dagrun for example_trigger_target_dag to None, run_after=None
[2024-03-25T22:27:57.997+0000] {processor.py:183} INFO - Processing /home/airflow/.local/lib/python3.8/site-packages/airflow/example_dags/example_trigger_target_dag.py took 0.031 seconds
[2024-03-25T22:28:28.539+0000] {processor.py:161} INFO - Started process (PID=2240) to work on /home/airflow/.local/lib/python3.8/site-packages/airflow/example_dags/example_trigger_target_dag.py
[2024-03-25T22:28:28.540+0000] {processor.py:830} INFO - Processing file /home/airflow/.local/lib/python3.8/site-packages/airflow/example_dags/example_trigger_target_dag.py for tasks to queue
[2024-03-25T22:28:28.541+0000] {logging_mixin.py:188} INFO - [2024-03-25T22:28:28.541+0000] {dagbag.py:540} INFO - Filling up the DagBag from /home/airflow/.local/lib/python3.8/site-packages/airflow/example_dags/example_trigger_target_dag.py
[2024-03-25T22:28:28.544+0000] {processor.py:840} INFO - DAG(s) 'example_trigger_target_dag' retrieved from /home/airflow/.local/lib/python3.8/site-packages/airflow/example_dags/example_trigger_target_dag.py
[2024-03-25T22:28:28.556+0000] {logging_mixin.py:188} INFO - [2024-03-25T22:28:28.556+0000] {dag.py:3047} INFO - Sync 1 DAGs
[2024-03-25T22:28:28.561+0000] {logging_mixin.py:188} INFO - [2024-03-25T22:28:28.561+0000] {dag.py:3834} INFO - Setting next_dagrun for example_trigger_target_dag to None, run_after=None
[2024-03-25T22:28:28.569+0000] {processor.py:183} INFO - Processing /home/airflow/.local/lib/python3.8/site-packages/airflow/example_dags/example_trigger_target_dag.py took 0.032 seconds
[2024-03-25T22:28:59.079+0000] {processor.py:161} INFO - Started process (PID=2295) to work on /home/airflow/.local/lib/python3.8/site-packages/airflow/example_dags/example_trigger_target_dag.py
[2024-03-25T22:28:59.079+0000] {processor.py:830} INFO - Processing file /home/airflow/.local/lib/python3.8/site-packages/airflow/example_dags/example_trigger_target_dag.py for tasks to queue
[2024-03-25T22:28:59.080+0000] {logging_mixin.py:188} INFO - [2024-03-25T22:28:59.080+0000] {dagbag.py:540} INFO - Filling up the DagBag from /home/airflow/.local/lib/python3.8/site-packages/airflow/example_dags/example_trigger_target_dag.py
[2024-03-25T22:28:59.084+0000] {processor.py:840} INFO - DAG(s) 'example_trigger_target_dag' retrieved from /home/airflow/.local/lib/python3.8/site-packages/airflow/example_dags/example_trigger_target_dag.py
[2024-03-25T22:28:59.095+0000] {logging_mixin.py:188} INFO - [2024-03-25T22:28:59.095+0000] {dag.py:3047} INFO - Sync 1 DAGs
[2024-03-25T22:28:59.100+0000] {logging_mixin.py:188} INFO - [2024-03-25T22:28:59.100+0000] {dag.py:3834} INFO - Setting next_dagrun for example_trigger_target_dag to None, run_after=None
[2024-03-25T22:28:59.108+0000] {processor.py:183} INFO - Processing /home/airflow/.local/lib/python3.8/site-packages/airflow/example_dags/example_trigger_target_dag.py took 0.031 seconds
[2024-03-25T22:29:29.729+0000] {processor.py:161} INFO - Started process (PID=2350) to work on /home/airflow/.local/lib/python3.8/site-packages/airflow/example_dags/example_trigger_target_dag.py
[2024-03-25T22:29:29.729+0000] {processor.py:830} INFO - Processing file /home/airflow/.local/lib/python3.8/site-packages/airflow/example_dags/example_trigger_target_dag.py for tasks to queue
[2024-03-25T22:29:29.730+0000] {logging_mixin.py:188} INFO - [2024-03-25T22:29:29.730+0000] {dagbag.py:540} INFO - Filling up the DagBag from /home/airflow/.local/lib/python3.8/site-packages/airflow/example_dags/example_trigger_target_dag.py
[2024-03-25T22:29:29.734+0000] {processor.py:840} INFO - DAG(s) 'example_trigger_target_dag' retrieved from /home/airflow/.local/lib/python3.8/site-packages/airflow/example_dags/example_trigger_target_dag.py
[2024-03-25T22:29:29.745+0000] {logging_mixin.py:188} INFO - [2024-03-25T22:29:29.745+0000] {dag.py:3047} INFO - Sync 1 DAGs
[2024-03-25T22:29:29.750+0000] {logging_mixin.py:188} INFO - [2024-03-25T22:29:29.750+0000] {dag.py:3834} INFO - Setting next_dagrun for example_trigger_target_dag to None, run_after=None
[2024-03-25T22:29:29.757+0000] {processor.py:183} INFO - Processing /home/airflow/.local/lib/python3.8/site-packages/airflow/example_dags/example_trigger_target_dag.py took 0.030 seconds
[2024-03-25T22:30:00.284+0000] {processor.py:161} INFO - Started process (PID=2405) to work on /home/airflow/.local/lib/python3.8/site-packages/airflow/example_dags/example_trigger_target_dag.py
[2024-03-25T22:30:00.285+0000] {processor.py:830} INFO - Processing file /home/airflow/.local/lib/python3.8/site-packages/airflow/example_dags/example_trigger_target_dag.py for tasks to queue
[2024-03-25T22:30:00.286+0000] {logging_mixin.py:188} INFO - [2024-03-25T22:30:00.285+0000] {dagbag.py:540} INFO - Filling up the DagBag from /home/airflow/.local/lib/python3.8/site-packages/airflow/example_dags/example_trigger_target_dag.py
[2024-03-25T22:30:00.289+0000] {processor.py:840} INFO - DAG(s) 'example_trigger_target_dag' retrieved from /home/airflow/.local/lib/python3.8/site-packages/airflow/example_dags/example_trigger_target_dag.py
[2024-03-25T22:30:00.301+0000] {logging_mixin.py:188} INFO - [2024-03-25T22:30:00.301+0000] {dag.py:3047} INFO - Sync 1 DAGs
[2024-03-25T22:30:00.306+0000] {logging_mixin.py:188} INFO - [2024-03-25T22:30:00.306+0000] {dag.py:3834} INFO - Setting next_dagrun for example_trigger_target_dag to None, run_after=None
[2024-03-25T22:30:00.313+0000] {processor.py:183} INFO - Processing /home/airflow/.local/lib/python3.8/site-packages/airflow/example_dags/example_trigger_target_dag.py took 0.031 seconds
[2024-03-25T22:30:30.910+0000] {processor.py:161} INFO - Started process (PID=2460) to work on /home/airflow/.local/lib/python3.8/site-packages/airflow/example_dags/example_trigger_target_dag.py
[2024-03-25T22:30:30.910+0000] {processor.py:830} INFO - Processing file /home/airflow/.local/lib/python3.8/site-packages/airflow/example_dags/example_trigger_target_dag.py for tasks to queue
[2024-03-25T22:30:30.911+0000] {logging_mixin.py:188} INFO - [2024-03-25T22:30:30.911+0000] {dagbag.py:540} INFO - Filling up the DagBag from /home/airflow/.local/lib/python3.8/site-packages/airflow/example_dags/example_trigger_target_dag.py
[2024-03-25T22:30:30.914+0000] {processor.py:840} INFO - DAG(s) 'example_trigger_target_dag' retrieved from /home/airflow/.local/lib/python3.8/site-packages/airflow/example_dags/example_trigger_target_dag.py
[2024-03-25T22:30:30.926+0000] {logging_mixin.py:188} INFO - [2024-03-25T22:30:30.926+0000] {dag.py:3047} INFO - Sync 1 DAGs
[2024-03-25T22:30:30.931+0000] {logging_mixin.py:188} INFO - [2024-03-25T22:30:30.931+0000] {dag.py:3834} INFO - Setting next_dagrun for example_trigger_target_dag to None, run_after=None
[2024-03-25T22:30:30.939+0000] {processor.py:183} INFO - Processing /home/airflow/.local/lib/python3.8/site-packages/airflow/example_dags/example_trigger_target_dag.py took 0.031 seconds
[2024-03-25T22:31:01.469+0000] {processor.py:161} INFO - Started process (PID=2521) to work on /home/airflow/.local/lib/python3.8/site-packages/airflow/example_dags/example_trigger_target_dag.py
[2024-03-25T22:31:01.470+0000] {processor.py:830} INFO - Processing file /home/airflow/.local/lib/python3.8/site-packages/airflow/example_dags/example_trigger_target_dag.py for tasks to queue
[2024-03-25T22:31:01.471+0000] {logging_mixin.py:188} INFO - [2024-03-25T22:31:01.471+0000] {dagbag.py:540} INFO - Filling up the DagBag from /home/airflow/.local/lib/python3.8/site-packages/airflow/example_dags/example_trigger_target_dag.py
[2024-03-25T22:31:01.474+0000] {processor.py:840} INFO - DAG(s) 'example_trigger_target_dag' retrieved from /home/airflow/.local/lib/python3.8/site-packages/airflow/example_dags/example_trigger_target_dag.py
[2024-03-25T22:31:01.486+0000] {logging_mixin.py:188} INFO - [2024-03-25T22:31:01.486+0000] {dag.py:3047} INFO - Sync 1 DAGs
[2024-03-25T22:31:01.492+0000] {logging_mixin.py:188} INFO - [2024-03-25T22:31:01.492+0000] {dag.py:3834} INFO - Setting next_dagrun for example_trigger_target_dag to None, run_after=None
[2024-03-25T22:31:01.499+0000] {processor.py:183} INFO - Processing /home/airflow/.local/lib/python3.8/site-packages/airflow/example_dags/example_trigger_target_dag.py took 0.031 seconds
[2024-03-25T22:31:32.050+0000] {processor.py:161} INFO - Started process (PID=2576) to work on /home/airflow/.local/lib/python3.8/site-packages/airflow/example_dags/example_trigger_target_dag.py
[2024-03-25T22:31:32.050+0000] {processor.py:830} INFO - Processing file /home/airflow/.local/lib/python3.8/site-packages/airflow/example_dags/example_trigger_target_dag.py for tasks to queue
[2024-03-25T22:31:32.052+0000] {logging_mixin.py:188} INFO - [2024-03-25T22:31:32.051+0000] {dagbag.py:540} INFO - Filling up the DagBag from /home/airflow/.local/lib/python3.8/site-packages/airflow/example_dags/example_trigger_target_dag.py
[2024-03-25T22:31:32.055+0000] {processor.py:840} INFO - DAG(s) 'example_trigger_target_dag' retrieved from /home/airflow/.local/lib/python3.8/site-packages/airflow/example_dags/example_trigger_target_dag.py
[2024-03-25T22:31:32.067+0000] {logging_mixin.py:188} INFO - [2024-03-25T22:31:32.067+0000] {dag.py:3047} INFO - Sync 1 DAGs
[2024-03-25T22:31:32.072+0000] {logging_mixin.py:188} INFO - [2024-03-25T22:31:32.072+0000] {dag.py:3834} INFO - Setting next_dagrun for example_trigger_target_dag to None, run_after=None
[2024-03-25T22:31:32.079+0000] {processor.py:183} INFO - Processing /home/airflow/.local/lib/python3.8/site-packages/airflow/example_dags/example_trigger_target_dag.py took 0.031 seconds
[2024-03-25T22:32:02.756+0000] {processor.py:161} INFO - Started process (PID=2631) to work on /home/airflow/.local/lib/python3.8/site-packages/airflow/example_dags/example_trigger_target_dag.py
[2024-03-25T22:32:02.756+0000] {processor.py:830} INFO - Processing file /home/airflow/.local/lib/python3.8/site-packages/airflow/example_dags/example_trigger_target_dag.py for tasks to queue
[2024-03-25T22:32:02.757+0000] {logging_mixin.py:188} INFO - [2024-03-25T22:32:02.757+0000] {dagbag.py:540} INFO - Filling up the DagBag from /home/airflow/.local/lib/python3.8/site-packages/airflow/example_dags/example_trigger_target_dag.py
[2024-03-25T22:32:02.761+0000] {processor.py:840} INFO - DAG(s) 'example_trigger_target_dag' retrieved from /home/airflow/.local/lib/python3.8/site-packages/airflow/example_dags/example_trigger_target_dag.py
[2024-03-25T22:32:02.772+0000] {logging_mixin.py:188} INFO - [2024-03-25T22:32:02.772+0000] {dag.py:3047} INFO - Sync 1 DAGs
[2024-03-25T22:32:02.778+0000] {logging_mixin.py:188} INFO - [2024-03-25T22:32:02.778+0000] {dag.py:3834} INFO - Setting next_dagrun for example_trigger_target_dag to None, run_after=None
[2024-03-25T22:32:02.785+0000] {processor.py:183} INFO - Processing /home/airflow/.local/lib/python3.8/site-packages/airflow/example_dags/example_trigger_target_dag.py took 0.031 seconds
[2024-03-25T22:32:33.441+0000] {processor.py:161} INFO - Started process (PID=2686) to work on /home/airflow/.local/lib/python3.8/site-packages/airflow/example_dags/example_trigger_target_dag.py
[2024-03-25T22:32:33.442+0000] {processor.py:830} INFO - Processing file /home/airflow/.local/lib/python3.8/site-packages/airflow/example_dags/example_trigger_target_dag.py for tasks to queue
[2024-03-25T22:32:33.443+0000] {logging_mixin.py:188} INFO - [2024-03-25T22:32:33.443+0000] {dagbag.py:540} INFO - Filling up the DagBag from /home/airflow/.local/lib/python3.8/site-packages/airflow/example_dags/example_trigger_target_dag.py
[2024-03-25T22:32:33.446+0000] {processor.py:840} INFO - DAG(s) 'example_trigger_target_dag' retrieved from /home/airflow/.local/lib/python3.8/site-packages/airflow/example_dags/example_trigger_target_dag.py
[2024-03-25T22:32:33.458+0000] {logging_mixin.py:188} INFO - [2024-03-25T22:32:33.457+0000] {dag.py:3047} INFO - Sync 1 DAGs
[2024-03-25T22:32:33.463+0000] {logging_mixin.py:188} INFO - [2024-03-25T22:32:33.463+0000] {dag.py:3834} INFO - Setting next_dagrun for example_trigger_target_dag to None, run_after=None
[2024-03-25T22:32:33.471+0000] {processor.py:183} INFO - Processing /home/airflow/.local/lib/python3.8/site-packages/airflow/example_dags/example_trigger_target_dag.py took 0.031 seconds
[2024-03-25T22:33:04.257+0000] {processor.py:161} INFO - Started process (PID=2741) to work on /home/airflow/.local/lib/python3.8/site-packages/airflow/example_dags/example_trigger_target_dag.py
[2024-03-25T22:33:04.258+0000] {processor.py:830} INFO - Processing file /home/airflow/.local/lib/python3.8/site-packages/airflow/example_dags/example_trigger_target_dag.py for tasks to queue
[2024-03-25T22:33:04.259+0000] {logging_mixin.py:188} INFO - [2024-03-25T22:33:04.258+0000] {dagbag.py:540} INFO - Filling up the DagBag from /home/airflow/.local/lib/python3.8/site-packages/airflow/example_dags/example_trigger_target_dag.py
[2024-03-25T22:33:04.262+0000] {processor.py:840} INFO - DAG(s) 'example_trigger_target_dag' retrieved from /home/airflow/.local/lib/python3.8/site-packages/airflow/example_dags/example_trigger_target_dag.py
[2024-03-25T22:33:04.274+0000] {logging_mixin.py:188} INFO - [2024-03-25T22:33:04.274+0000] {dag.py:3047} INFO - Sync 1 DAGs
[2024-03-25T22:33:04.280+0000] {logging_mixin.py:188} INFO - [2024-03-25T22:33:04.280+0000] {dag.py:3834} INFO - Setting next_dagrun for example_trigger_target_dag to None, run_after=None
[2024-03-25T22:33:04.288+0000] {processor.py:183} INFO - Processing /home/airflow/.local/lib/python3.8/site-packages/airflow/example_dags/example_trigger_target_dag.py took 0.032 seconds
[2024-03-25T22:33:35.039+0000] {processor.py:161} INFO - Started process (PID=2796) to work on /home/airflow/.local/lib/python3.8/site-packages/airflow/example_dags/example_trigger_target_dag.py
[2024-03-25T22:33:35.040+0000] {processor.py:830} INFO - Processing file /home/airflow/.local/lib/python3.8/site-packages/airflow/example_dags/example_trigger_target_dag.py for tasks to queue
[2024-03-25T22:33:35.041+0000] {logging_mixin.py:188} INFO - [2024-03-25T22:33:35.041+0000] {dagbag.py:540} INFO - Filling up the DagBag from /home/airflow/.local/lib/python3.8/site-packages/airflow/example_dags/example_trigger_target_dag.py
[2024-03-25T22:33:35.045+0000] {processor.py:840} INFO - DAG(s) 'example_trigger_target_dag' retrieved from /home/airflow/.local/lib/python3.8/site-packages/airflow/example_dags/example_trigger_target_dag.py
[2024-03-25T22:33:35.057+0000] {logging_mixin.py:188} INFO - [2024-03-25T22:33:35.057+0000] {dag.py:3047} INFO - Sync 1 DAGs
[2024-03-25T22:33:35.062+0000] {logging_mixin.py:188} INFO - [2024-03-25T22:33:35.062+0000] {dag.py:3834} INFO - Setting next_dagrun for example_trigger_target_dag to None, run_after=None
[2024-03-25T22:33:35.069+0000] {processor.py:183} INFO - Processing /home/airflow/.local/lib/python3.8/site-packages/airflow/example_dags/example_trigger_target_dag.py took 0.032 seconds
[2024-03-25T22:34:05.281+0000] {processor.py:161} INFO - Started process (PID=2851) to work on /home/airflow/.local/lib/python3.8/site-packages/airflow/example_dags/example_trigger_target_dag.py
[2024-03-25T22:34:05.281+0000] {processor.py:830} INFO - Processing file /home/airflow/.local/lib/python3.8/site-packages/airflow/example_dags/example_trigger_target_dag.py for tasks to queue
[2024-03-25T22:34:05.282+0000] {logging_mixin.py:188} INFO - [2024-03-25T22:34:05.282+0000] {dagbag.py:540} INFO - Filling up the DagBag from /home/airflow/.local/lib/python3.8/site-packages/airflow/example_dags/example_trigger_target_dag.py
[2024-03-25T22:34:05.286+0000] {processor.py:840} INFO - DAG(s) 'example_trigger_target_dag' retrieved from /home/airflow/.local/lib/python3.8/site-packages/airflow/example_dags/example_trigger_target_dag.py
[2024-03-25T22:34:05.297+0000] {logging_mixin.py:188} INFO - [2024-03-25T22:34:05.297+0000] {dag.py:3047} INFO - Sync 1 DAGs
[2024-03-25T22:34:05.302+0000] {logging_mixin.py:188} INFO - [2024-03-25T22:34:05.302+0000] {dag.py:3834} INFO - Setting next_dagrun for example_trigger_target_dag to None, run_after=None
[2024-03-25T22:34:05.309+0000] {processor.py:183} INFO - Processing /home/airflow/.local/lib/python3.8/site-packages/airflow/example_dags/example_trigger_target_dag.py took 0.030 seconds
[2024-03-25T22:34:35.385+0000] {processor.py:161} INFO - Started process (PID=2907) to work on /home/airflow/.local/lib/python3.8/site-packages/airflow/example_dags/example_trigger_target_dag.py
[2024-03-25T22:34:35.386+0000] {processor.py:830} INFO - Processing file /home/airflow/.local/lib/python3.8/site-packages/airflow/example_dags/example_trigger_target_dag.py for tasks to queue
[2024-03-25T22:34:35.387+0000] {logging_mixin.py:188} INFO - [2024-03-25T22:34:35.387+0000] {dagbag.py:540} INFO - Filling up the DagBag from /home/airflow/.local/lib/python3.8/site-packages/airflow/example_dags/example_trigger_target_dag.py
[2024-03-25T22:34:35.391+0000] {processor.py:840} INFO - DAG(s) 'example_trigger_target_dag' retrieved from /home/airflow/.local/lib/python3.8/site-packages/airflow/example_dags/example_trigger_target_dag.py
[2024-03-25T22:34:35.403+0000] {logging_mixin.py:188} INFO - [2024-03-25T22:34:35.403+0000] {dag.py:3047} INFO - Sync 1 DAGs
[2024-03-25T22:34:35.408+0000] {logging_mixin.py:188} INFO - [2024-03-25T22:34:35.408+0000] {dag.py:3834} INFO - Setting next_dagrun for example_trigger_target_dag to None, run_after=None
[2024-03-25T22:34:35.416+0000] {processor.py:183} INFO - Processing /home/airflow/.local/lib/python3.8/site-packages/airflow/example_dags/example_trigger_target_dag.py took 0.032 seconds
[2024-03-25T22:35:05.822+0000] {processor.py:161} INFO - Started process (PID=2962) to work on /home/airflow/.local/lib/python3.8/site-packages/airflow/example_dags/example_trigger_target_dag.py
[2024-03-25T22:35:05.823+0000] {processor.py:830} INFO - Processing file /home/airflow/.local/lib/python3.8/site-packages/airflow/example_dags/example_trigger_target_dag.py for tasks to queue
[2024-03-25T22:35:05.824+0000] {logging_mixin.py:188} INFO - [2024-03-25T22:35:05.824+0000] {dagbag.py:540} INFO - Filling up the DagBag from /home/airflow/.local/lib/python3.8/site-packages/airflow/example_dags/example_trigger_target_dag.py
[2024-03-25T22:35:05.827+0000] {processor.py:840} INFO - DAG(s) 'example_trigger_target_dag' retrieved from /home/airflow/.local/lib/python3.8/site-packages/airflow/example_dags/example_trigger_target_dag.py
[2024-03-25T22:35:05.839+0000] {logging_mixin.py:188} INFO - [2024-03-25T22:35:05.839+0000] {dag.py:3047} INFO - Sync 1 DAGs
[2024-03-25T22:35:05.906+0000] {logging_mixin.py:188} INFO - [2024-03-25T22:35:05.906+0000] {dag.py:3834} INFO - Setting next_dagrun for example_trigger_target_dag to None, run_after=None
[2024-03-25T22:35:05.914+0000] {processor.py:183} INFO - Processing /home/airflow/.local/lib/python3.8/site-packages/airflow/example_dags/example_trigger_target_dag.py took 0.093 seconds
[2024-03-25T22:35:36.073+0000] {processor.py:161} INFO - Started process (PID=3017) to work on /home/airflow/.local/lib/python3.8/site-packages/airflow/example_dags/example_trigger_target_dag.py
[2024-03-25T22:35:36.074+0000] {processor.py:830} INFO - Processing file /home/airflow/.local/lib/python3.8/site-packages/airflow/example_dags/example_trigger_target_dag.py for tasks to queue
[2024-03-25T22:35:36.075+0000] {logging_mixin.py:188} INFO - [2024-03-25T22:35:36.075+0000] {dagbag.py:540} INFO - Filling up the DagBag from /home/airflow/.local/lib/python3.8/site-packages/airflow/example_dags/example_trigger_target_dag.py
[2024-03-25T22:35:36.079+0000] {processor.py:840} INFO - DAG(s) 'example_trigger_target_dag' retrieved from /home/airflow/.local/lib/python3.8/site-packages/airflow/example_dags/example_trigger_target_dag.py
[2024-03-25T22:35:36.091+0000] {logging_mixin.py:188} INFO - [2024-03-25T22:35:36.091+0000] {dag.py:3047} INFO - Sync 1 DAGs
[2024-03-25T22:35:36.175+0000] {logging_mixin.py:188} INFO - [2024-03-25T22:35:36.175+0000] {dag.py:3834} INFO - Setting next_dagrun for example_trigger_target_dag to None, run_after=None
[2024-03-25T22:35:36.182+0000] {processor.py:183} INFO - Processing /home/airflow/.local/lib/python3.8/site-packages/airflow/example_dags/example_trigger_target_dag.py took 0.111 seconds
[2024-03-25T22:36:06.873+0000] {processor.py:161} INFO - Started process (PID=3072) to work on /home/airflow/.local/lib/python3.8/site-packages/airflow/example_dags/example_trigger_target_dag.py
[2024-03-25T22:36:06.873+0000] {processor.py:830} INFO - Processing file /home/airflow/.local/lib/python3.8/site-packages/airflow/example_dags/example_trigger_target_dag.py for tasks to queue
[2024-03-25T22:36:06.875+0000] {logging_mixin.py:188} INFO - [2024-03-25T22:36:06.874+0000] {dagbag.py:540} INFO - Filling up the DagBag from /home/airflow/.local/lib/python3.8/site-packages/airflow/example_dags/example_trigger_target_dag.py
[2024-03-25T22:36:06.878+0000] {processor.py:840} INFO - DAG(s) 'example_trigger_target_dag' retrieved from /home/airflow/.local/lib/python3.8/site-packages/airflow/example_dags/example_trigger_target_dag.py
[2024-03-25T22:36:06.889+0000] {logging_mixin.py:188} INFO - [2024-03-25T22:36:06.889+0000] {dag.py:3047} INFO - Sync 1 DAGs
[2024-03-25T22:36:06.895+0000] {logging_mixin.py:188} INFO - [2024-03-25T22:36:06.895+0000] {dag.py:3834} INFO - Setting next_dagrun for example_trigger_target_dag to None, run_after=None
[2024-03-25T22:36:06.903+0000] {processor.py:183} INFO - Processing /home/airflow/.local/lib/python3.8/site-packages/airflow/example_dags/example_trigger_target_dag.py took 0.032 seconds
[2024-03-25T22:36:37.556+0000] {processor.py:161} INFO - Started process (PID=3128) to work on /home/airflow/.local/lib/python3.8/site-packages/airflow/example_dags/example_trigger_target_dag.py
[2024-03-25T22:36:37.557+0000] {processor.py:830} INFO - Processing file /home/airflow/.local/lib/python3.8/site-packages/airflow/example_dags/example_trigger_target_dag.py for tasks to queue
[2024-03-25T22:36:37.558+0000] {logging_mixin.py:188} INFO - [2024-03-25T22:36:37.557+0000] {dagbag.py:540} INFO - Filling up the DagBag from /home/airflow/.local/lib/python3.8/site-packages/airflow/example_dags/example_trigger_target_dag.py
[2024-03-25T22:36:37.561+0000] {processor.py:840} INFO - DAG(s) 'example_trigger_target_dag' retrieved from /home/airflow/.local/lib/python3.8/site-packages/airflow/example_dags/example_trigger_target_dag.py
[2024-03-25T22:36:37.573+0000] {logging_mixin.py:188} INFO - [2024-03-25T22:36:37.573+0000] {dag.py:3047} INFO - Sync 1 DAGs
[2024-03-25T22:36:37.578+0000] {logging_mixin.py:188} INFO - [2024-03-25T22:36:37.578+0000] {dag.py:3834} INFO - Setting next_dagrun for example_trigger_target_dag to None, run_after=None
[2024-03-25T22:36:37.585+0000] {processor.py:183} INFO - Processing /home/airflow/.local/lib/python3.8/site-packages/airflow/example_dags/example_trigger_target_dag.py took 0.031 seconds
[2024-03-25T22:37:08.268+0000] {processor.py:161} INFO - Started process (PID=3183) to work on /home/airflow/.local/lib/python3.8/site-packages/airflow/example_dags/example_trigger_target_dag.py
[2024-03-25T22:37:08.268+0000] {processor.py:830} INFO - Processing file /home/airflow/.local/lib/python3.8/site-packages/airflow/example_dags/example_trigger_target_dag.py for tasks to queue
[2024-03-25T22:37:08.269+0000] {logging_mixin.py:188} INFO - [2024-03-25T22:37:08.269+0000] {dagbag.py:540} INFO - Filling up the DagBag from /home/airflow/.local/lib/python3.8/site-packages/airflow/example_dags/example_trigger_target_dag.py
[2024-03-25T22:37:08.273+0000] {processor.py:840} INFO - DAG(s) 'example_trigger_target_dag' retrieved from /home/airflow/.local/lib/python3.8/site-packages/airflow/example_dags/example_trigger_target_dag.py
[2024-03-25T22:37:08.284+0000] {logging_mixin.py:188} INFO - [2024-03-25T22:37:08.284+0000] {dag.py:3047} INFO - Sync 1 DAGs
[2024-03-25T22:37:08.289+0000] {logging_mixin.py:188} INFO - [2024-03-25T22:37:08.289+0000] {dag.py:3834} INFO - Setting next_dagrun for example_trigger_target_dag to None, run_after=None
[2024-03-25T22:37:08.297+0000] {processor.py:183} INFO - Processing /home/airflow/.local/lib/python3.8/site-packages/airflow/example_dags/example_trigger_target_dag.py took 0.032 seconds
[2024-03-25T22:37:38.980+0000] {processor.py:161} INFO - Started process (PID=3238) to work on /home/airflow/.local/lib/python3.8/site-packages/airflow/example_dags/example_trigger_target_dag.py
[2024-03-25T22:37:38.980+0000] {processor.py:830} INFO - Processing file /home/airflow/.local/lib/python3.8/site-packages/airflow/example_dags/example_trigger_target_dag.py for tasks to queue
[2024-03-25T22:37:38.981+0000] {logging_mixin.py:188} INFO - [2024-03-25T22:37:38.981+0000] {dagbag.py:540} INFO - Filling up the DagBag from /home/airflow/.local/lib/python3.8/site-packages/airflow/example_dags/example_trigger_target_dag.py
[2024-03-25T22:37:38.985+0000] {processor.py:840} INFO - DAG(s) 'example_trigger_target_dag' retrieved from /home/airflow/.local/lib/python3.8/site-packages/airflow/example_dags/example_trigger_target_dag.py
[2024-03-25T22:37:38.996+0000] {logging_mixin.py:188} INFO - [2024-03-25T22:37:38.996+0000] {dag.py:3047} INFO - Sync 1 DAGs
[2024-03-25T22:37:39.001+0000] {logging_mixin.py:188} INFO - [2024-03-25T22:37:39.001+0000] {dag.py:3834} INFO - Setting next_dagrun for example_trigger_target_dag to None, run_after=None
[2024-03-25T22:37:39.009+0000] {processor.py:183} INFO - Processing /home/airflow/.local/lib/python3.8/site-packages/airflow/example_dags/example_trigger_target_dag.py took 0.031 seconds
[2024-03-25T22:38:09.696+0000] {processor.py:161} INFO - Started process (PID=3293) to work on /home/airflow/.local/lib/python3.8/site-packages/airflow/example_dags/example_trigger_target_dag.py
[2024-03-25T22:38:09.696+0000] {processor.py:830} INFO - Processing file /home/airflow/.local/lib/python3.8/site-packages/airflow/example_dags/example_trigger_target_dag.py for tasks to queue
[2024-03-25T22:38:09.697+0000] {logging_mixin.py:188} INFO - [2024-03-25T22:38:09.697+0000] {dagbag.py:540} INFO - Filling up the DagBag from /home/airflow/.local/lib/python3.8/site-packages/airflow/example_dags/example_trigger_target_dag.py
[2024-03-25T22:38:09.701+0000] {processor.py:840} INFO - DAG(s) 'example_trigger_target_dag' retrieved from /home/airflow/.local/lib/python3.8/site-packages/airflow/example_dags/example_trigger_target_dag.py
[2024-03-25T22:38:09.712+0000] {logging_mixin.py:188} INFO - [2024-03-25T22:38:09.712+0000] {dag.py:3047} INFO - Sync 1 DAGs
[2024-03-25T22:38:09.718+0000] {logging_mixin.py:188} INFO - [2024-03-25T22:38:09.718+0000] {dag.py:3834} INFO - Setting next_dagrun for example_trigger_target_dag to None, run_after=None
[2024-03-25T22:38:09.726+0000] {processor.py:183} INFO - Processing /home/airflow/.local/lib/python3.8/site-packages/airflow/example_dags/example_trigger_target_dag.py took 0.032 seconds
[2024-03-25T22:38:40.366+0000] {processor.py:161} INFO - Started process (PID=3348) to work on /home/airflow/.local/lib/python3.8/site-packages/airflow/example_dags/example_trigger_target_dag.py
[2024-03-25T22:38:40.367+0000] {processor.py:830} INFO - Processing file /home/airflow/.local/lib/python3.8/site-packages/airflow/example_dags/example_trigger_target_dag.py for tasks to queue
[2024-03-25T22:38:40.368+0000] {logging_mixin.py:188} INFO - [2024-03-25T22:38:40.367+0000] {dagbag.py:540} INFO - Filling up the DagBag from /home/airflow/.local/lib/python3.8/site-packages/airflow/example_dags/example_trigger_target_dag.py
[2024-03-25T22:38:40.371+0000] {processor.py:840} INFO - DAG(s) 'example_trigger_target_dag' retrieved from /home/airflow/.local/lib/python3.8/site-packages/airflow/example_dags/example_trigger_target_dag.py
[2024-03-25T22:38:40.382+0000] {logging_mixin.py:188} INFO - [2024-03-25T22:38:40.382+0000] {dag.py:3047} INFO - Sync 1 DAGs
[2024-03-25T22:38:40.388+0000] {logging_mixin.py:188} INFO - [2024-03-25T22:38:40.388+0000] {dag.py:3834} INFO - Setting next_dagrun for example_trigger_target_dag to None, run_after=None
[2024-03-25T22:38:40.396+0000] {processor.py:183} INFO - Processing /home/airflow/.local/lib/python3.8/site-packages/airflow/example_dags/example_trigger_target_dag.py took 0.032 seconds
[2024-03-25T22:39:11.090+0000] {processor.py:161} INFO - Started process (PID=3403) to work on /home/airflow/.local/lib/python3.8/site-packages/airflow/example_dags/example_trigger_target_dag.py
[2024-03-25T22:39:11.090+0000] {processor.py:830} INFO - Processing file /home/airflow/.local/lib/python3.8/site-packages/airflow/example_dags/example_trigger_target_dag.py for tasks to queue
[2024-03-25T22:39:11.091+0000] {logging_mixin.py:188} INFO - [2024-03-25T22:39:11.091+0000] {dagbag.py:540} INFO - Filling up the DagBag from /home/airflow/.local/lib/python3.8/site-packages/airflow/example_dags/example_trigger_target_dag.py
[2024-03-25T22:39:11.095+0000] {processor.py:840} INFO - DAG(s) 'example_trigger_target_dag' retrieved from /home/airflow/.local/lib/python3.8/site-packages/airflow/example_dags/example_trigger_target_dag.py
[2024-03-25T22:39:11.106+0000] {logging_mixin.py:188} INFO - [2024-03-25T22:39:11.106+0000] {dag.py:3047} INFO - Sync 1 DAGs
[2024-03-25T22:39:11.111+0000] {logging_mixin.py:188} INFO - [2024-03-25T22:39:11.111+0000] {dag.py:3834} INFO - Setting next_dagrun for example_trigger_target_dag to None, run_after=None
[2024-03-25T22:39:11.119+0000] {processor.py:183} INFO - Processing /home/airflow/.local/lib/python3.8/site-packages/airflow/example_dags/example_trigger_target_dag.py took 0.031 seconds
[2024-03-25T22:39:41.824+0000] {processor.py:161} INFO - Started process (PID=3457) to work on /home/airflow/.local/lib/python3.8/site-packages/airflow/example_dags/example_trigger_target_dag.py
[2024-03-25T22:39:41.824+0000] {processor.py:830} INFO - Processing file /home/airflow/.local/lib/python3.8/site-packages/airflow/example_dags/example_trigger_target_dag.py for tasks to queue
[2024-03-25T22:39:41.825+0000] {logging_mixin.py:188} INFO - [2024-03-25T22:39:41.825+0000] {dagbag.py:540} INFO - Filling up the DagBag from /home/airflow/.local/lib/python3.8/site-packages/airflow/example_dags/example_trigger_target_dag.py
[2024-03-25T22:39:41.829+0000] {processor.py:840} INFO - DAG(s) 'example_trigger_target_dag' retrieved from /home/airflow/.local/lib/python3.8/site-packages/airflow/example_dags/example_trigger_target_dag.py
[2024-03-25T22:39:41.840+0000] {logging_mixin.py:188} INFO - [2024-03-25T22:39:41.840+0000] {dag.py:3047} INFO - Sync 1 DAGs
[2024-03-25T22:39:41.845+0000] {logging_mixin.py:188} INFO - [2024-03-25T22:39:41.845+0000] {dag.py:3834} INFO - Setting next_dagrun for example_trigger_target_dag to None, run_after=None
[2024-03-25T22:39:41.852+0000] {processor.py:183} INFO - Processing /home/airflow/.local/lib/python3.8/site-packages/airflow/example_dags/example_trigger_target_dag.py took 0.031 seconds
[2024-03-25T22:40:12.578+0000] {processor.py:161} INFO - Started process (PID=3512) to work on /home/airflow/.local/lib/python3.8/site-packages/airflow/example_dags/example_trigger_target_dag.py
[2024-03-25T22:40:12.579+0000] {processor.py:830} INFO - Processing file /home/airflow/.local/lib/python3.8/site-packages/airflow/example_dags/example_trigger_target_dag.py for tasks to queue
[2024-03-25T22:40:12.580+0000] {logging_mixin.py:188} INFO - [2024-03-25T22:40:12.580+0000] {dagbag.py:540} INFO - Filling up the DagBag from /home/airflow/.local/lib/python3.8/site-packages/airflow/example_dags/example_trigger_target_dag.py
[2024-03-25T22:40:12.583+0000] {processor.py:840} INFO - DAG(s) 'example_trigger_target_dag' retrieved from /home/airflow/.local/lib/python3.8/site-packages/airflow/example_dags/example_trigger_target_dag.py
[2024-03-25T22:40:12.595+0000] {logging_mixin.py:188} INFO - [2024-03-25T22:40:12.595+0000] {dag.py:3047} INFO - Sync 1 DAGs
[2024-03-25T22:40:12.600+0000] {logging_mixin.py:188} INFO - [2024-03-25T22:40:12.600+0000] {dag.py:3834} INFO - Setting next_dagrun for example_trigger_target_dag to None, run_after=None
[2024-03-25T22:40:12.607+0000] {processor.py:183} INFO - Processing /home/airflow/.local/lib/python3.8/site-packages/airflow/example_dags/example_trigger_target_dag.py took 0.031 seconds
[2024-03-25T22:40:43.317+0000] {processor.py:161} INFO - Started process (PID=3567) to work on /home/airflow/.local/lib/python3.8/site-packages/airflow/example_dags/example_trigger_target_dag.py
[2024-03-25T22:40:43.318+0000] {processor.py:830} INFO - Processing file /home/airflow/.local/lib/python3.8/site-packages/airflow/example_dags/example_trigger_target_dag.py for tasks to queue
[2024-03-25T22:40:43.319+0000] {logging_mixin.py:188} INFO - [2024-03-25T22:40:43.318+0000] {dagbag.py:540} INFO - Filling up the DagBag from /home/airflow/.local/lib/python3.8/site-packages/airflow/example_dags/example_trigger_target_dag.py
[2024-03-25T22:40:43.322+0000] {processor.py:840} INFO - DAG(s) 'example_trigger_target_dag' retrieved from /home/airflow/.local/lib/python3.8/site-packages/airflow/example_dags/example_trigger_target_dag.py
[2024-03-25T22:40:43.334+0000] {logging_mixin.py:188} INFO - [2024-03-25T22:40:43.334+0000] {dag.py:3047} INFO - Sync 1 DAGs
[2024-03-25T22:40:43.339+0000] {logging_mixin.py:188} INFO - [2024-03-25T22:40:43.339+0000] {dag.py:3834} INFO - Setting next_dagrun for example_trigger_target_dag to None, run_after=None
[2024-03-25T22:40:43.346+0000] {processor.py:183} INFO - Processing /home/airflow/.local/lib/python3.8/site-packages/airflow/example_dags/example_trigger_target_dag.py took 0.031 seconds
[2024-03-25T22:41:14.130+0000] {processor.py:161} INFO - Started process (PID=3622) to work on /home/airflow/.local/lib/python3.8/site-packages/airflow/example_dags/example_trigger_target_dag.py
[2024-03-25T22:41:14.131+0000] {processor.py:830} INFO - Processing file /home/airflow/.local/lib/python3.8/site-packages/airflow/example_dags/example_trigger_target_dag.py for tasks to queue
[2024-03-25T22:41:14.132+0000] {logging_mixin.py:188} INFO - [2024-03-25T22:41:14.132+0000] {dagbag.py:540} INFO - Filling up the DagBag from /home/airflow/.local/lib/python3.8/site-packages/airflow/example_dags/example_trigger_target_dag.py
[2024-03-25T22:41:14.135+0000] {processor.py:840} INFO - DAG(s) 'example_trigger_target_dag' retrieved from /home/airflow/.local/lib/python3.8/site-packages/airflow/example_dags/example_trigger_target_dag.py
[2024-03-25T22:41:14.146+0000] {logging_mixin.py:188} INFO - [2024-03-25T22:41:14.146+0000] {dag.py:3047} INFO - Sync 1 DAGs
[2024-03-25T22:41:14.152+0000] {logging_mixin.py:188} INFO - [2024-03-25T22:41:14.151+0000] {dag.py:3834} INFO - Setting next_dagrun for example_trigger_target_dag to None, run_after=None
[2024-03-25T22:41:14.159+0000] {processor.py:183} INFO - Processing /home/airflow/.local/lib/python3.8/site-packages/airflow/example_dags/example_trigger_target_dag.py took 0.030 seconds
[2024-03-25T22:41:44.903+0000] {processor.py:161} INFO - Started process (PID=3677) to work on /home/airflow/.local/lib/python3.8/site-packages/airflow/example_dags/example_trigger_target_dag.py
[2024-03-25T22:41:44.904+0000] {processor.py:830} INFO - Processing file /home/airflow/.local/lib/python3.8/site-packages/airflow/example_dags/example_trigger_target_dag.py for tasks to queue
[2024-03-25T22:41:44.905+0000] {logging_mixin.py:188} INFO - [2024-03-25T22:41:44.905+0000] {dagbag.py:540} INFO - Filling up the DagBag from /home/airflow/.local/lib/python3.8/site-packages/airflow/example_dags/example_trigger_target_dag.py
[2024-03-25T22:41:44.908+0000] {processor.py:840} INFO - DAG(s) 'example_trigger_target_dag' retrieved from /home/airflow/.local/lib/python3.8/site-packages/airflow/example_dags/example_trigger_target_dag.py
[2024-03-25T22:41:44.920+0000] {logging_mixin.py:188} INFO - [2024-03-25T22:41:44.920+0000] {dag.py:3047} INFO - Sync 1 DAGs
[2024-03-25T22:41:44.925+0000] {logging_mixin.py:188} INFO - [2024-03-25T22:41:44.925+0000] {dag.py:3834} INFO - Setting next_dagrun for example_trigger_target_dag to None, run_after=None
[2024-03-25T22:41:44.933+0000] {processor.py:183} INFO - Processing /home/airflow/.local/lib/python3.8/site-packages/airflow/example_dags/example_trigger_target_dag.py took 0.031 seconds
[2024-03-25T22:42:15.682+0000] {processor.py:161} INFO - Started process (PID=3732) to work on /home/airflow/.local/lib/python3.8/site-packages/airflow/example_dags/example_trigger_target_dag.py
[2024-03-25T22:42:15.683+0000] {processor.py:830} INFO - Processing file /home/airflow/.local/lib/python3.8/site-packages/airflow/example_dags/example_trigger_target_dag.py for tasks to queue
[2024-03-25T22:42:15.684+0000] {logging_mixin.py:188} INFO - [2024-03-25T22:42:15.683+0000] {dagbag.py:540} INFO - Filling up the DagBag from /home/airflow/.local/lib/python3.8/site-packages/airflow/example_dags/example_trigger_target_dag.py
[2024-03-25T22:42:15.687+0000] {processor.py:840} INFO - DAG(s) 'example_trigger_target_dag' retrieved from /home/airflow/.local/lib/python3.8/site-packages/airflow/example_dags/example_trigger_target_dag.py
[2024-03-25T22:42:15.698+0000] {logging_mixin.py:188} INFO - [2024-03-25T22:42:15.698+0000] {dag.py:3047} INFO - Sync 1 DAGs
[2024-03-25T22:42:15.704+0000] {logging_mixin.py:188} INFO - [2024-03-25T22:42:15.704+0000] {dag.py:3834} INFO - Setting next_dagrun for example_trigger_target_dag to None, run_after=None
[2024-03-25T22:42:15.711+0000] {processor.py:183} INFO - Processing /home/airflow/.local/lib/python3.8/site-packages/airflow/example_dags/example_trigger_target_dag.py took 0.031 seconds
[2024-03-25T22:42:46.593+0000] {processor.py:161} INFO - Started process (PID=3787) to work on /home/airflow/.local/lib/python3.8/site-packages/airflow/example_dags/example_trigger_target_dag.py
[2024-03-25T22:42:46.594+0000] {processor.py:830} INFO - Processing file /home/airflow/.local/lib/python3.8/site-packages/airflow/example_dags/example_trigger_target_dag.py for tasks to queue
[2024-03-25T22:42:46.595+0000] {logging_mixin.py:188} INFO - [2024-03-25T22:42:46.594+0000] {dagbag.py:540} INFO - Filling up the DagBag from /home/airflow/.local/lib/python3.8/site-packages/airflow/example_dags/example_trigger_target_dag.py
[2024-03-25T22:42:46.598+0000] {processor.py:840} INFO - DAG(s) 'example_trigger_target_dag' retrieved from /home/airflow/.local/lib/python3.8/site-packages/airflow/example_dags/example_trigger_target_dag.py
[2024-03-25T22:42:46.610+0000] {logging_mixin.py:188} INFO - [2024-03-25T22:42:46.609+0000] {dag.py:3047} INFO - Sync 1 DAGs
[2024-03-25T22:42:46.615+0000] {logging_mixin.py:188} INFO - [2024-03-25T22:42:46.615+0000] {dag.py:3834} INFO - Setting next_dagrun for example_trigger_target_dag to None, run_after=None
[2024-03-25T22:42:46.623+0000] {processor.py:183} INFO - Processing /home/airflow/.local/lib/python3.8/site-packages/airflow/example_dags/example_trigger_target_dag.py took 0.031 seconds
[2024-03-25T22:43:17.388+0000] {processor.py:161} INFO - Started process (PID=3842) to work on /home/airflow/.local/lib/python3.8/site-packages/airflow/example_dags/example_trigger_target_dag.py
[2024-03-25T22:43:17.388+0000] {processor.py:830} INFO - Processing file /home/airflow/.local/lib/python3.8/site-packages/airflow/example_dags/example_trigger_target_dag.py for tasks to queue
[2024-03-25T22:43:17.389+0000] {logging_mixin.py:188} INFO - [2024-03-25T22:43:17.389+0000] {dagbag.py:540} INFO - Filling up the DagBag from /home/airflow/.local/lib/python3.8/site-packages/airflow/example_dags/example_trigger_target_dag.py
[2024-03-25T22:43:17.393+0000] {processor.py:840} INFO - DAG(s) 'example_trigger_target_dag' retrieved from /home/airflow/.local/lib/python3.8/site-packages/airflow/example_dags/example_trigger_target_dag.py
[2024-03-25T22:43:17.405+0000] {logging_mixin.py:188} INFO - [2024-03-25T22:43:17.405+0000] {dag.py:3047} INFO - Sync 1 DAGs
[2024-03-25T22:43:17.410+0000] {logging_mixin.py:188} INFO - [2024-03-25T22:43:17.410+0000] {dag.py:3834} INFO - Setting next_dagrun for example_trigger_target_dag to None, run_after=None
[2024-03-25T22:43:17.418+0000] {processor.py:183} INFO - Processing /home/airflow/.local/lib/python3.8/site-packages/airflow/example_dags/example_trigger_target_dag.py took 0.032 seconds
[2024-03-25T23:07:52.780+0000] {processor.py:161} INFO - Started process (PID=3891) to work on /home/airflow/.local/lib/python3.8/site-packages/airflow/example_dags/example_trigger_target_dag.py
[2024-03-25T23:07:52.781+0000] {processor.py:830} INFO - Processing file /home/airflow/.local/lib/python3.8/site-packages/airflow/example_dags/example_trigger_target_dag.py for tasks to queue
[2024-03-25T23:07:52.782+0000] {logging_mixin.py:188} INFO - [2024-03-25T23:07:52.782+0000] {dagbag.py:540} INFO - Filling up the DagBag from /home/airflow/.local/lib/python3.8/site-packages/airflow/example_dags/example_trigger_target_dag.py
[2024-03-25T23:07:52.785+0000] {processor.py:840} INFO - DAG(s) 'example_trigger_target_dag' retrieved from /home/airflow/.local/lib/python3.8/site-packages/airflow/example_dags/example_trigger_target_dag.py
[2024-03-25T23:07:52.797+0000] {logging_mixin.py:188} INFO - [2024-03-25T23:07:52.797+0000] {dag.py:3047} INFO - Sync 1 DAGs
[2024-03-25T23:07:52.803+0000] {logging_mixin.py:188} INFO - [2024-03-25T23:07:52.802+0000] {dag.py:3834} INFO - Setting next_dagrun for example_trigger_target_dag to None, run_after=None
[2024-03-25T23:07:52.810+0000] {processor.py:183} INFO - Processing /home/airflow/.local/lib/python3.8/site-packages/airflow/example_dags/example_trigger_target_dag.py took 0.032 seconds
