[2024-03-25T22:08:06.258+0000] {processor.py:161} INFO - Started process (PID=54) to work on /home/airflow/.local/lib/python3.8/site-packages/airflow/example_dags/example_short_circuit_operator.py
[2024-03-25T22:08:06.259+0000] {processor.py:830} INFO - Processing file /home/airflow/.local/lib/python3.8/site-packages/airflow/example_dags/example_short_circuit_operator.py for tasks to queue
[2024-03-25T22:08:06.260+0000] {logging_mixin.py:188} INFO - [2024-03-25T22:08:06.260+0000] {dagbag.py:540} INFO - Filling up the DagBag from /home/airflow/.local/lib/python3.8/site-packages/airflow/example_dags/example_short_circuit_operator.py
[2024-03-25T22:08:06.266+0000] {processor.py:840} INFO - DAG(s) 'example_short_circuit_operator' retrieved from /home/airflow/.local/lib/python3.8/site-packages/airflow/example_dags/example_short_circuit_operator.py
[2024-03-25T22:08:06.282+0000] {logging_mixin.py:188} INFO - [2024-03-25T22:08:06.282+0000] {dag.py:3047} INFO - Sync 1 DAGs
[2024-03-25T22:08:06.295+0000] {logging_mixin.py:188} INFO - [2024-03-25T22:08:06.295+0000] {dag.py:3834} INFO - Setting next_dagrun for example_short_circuit_operator to 2024-03-24 00:00:00+00:00, run_after=2024-03-25 00:00:00+00:00
[2024-03-25T22:08:06.307+0000] {processor.py:183} INFO - Processing /home/airflow/.local/lib/python3.8/site-packages/airflow/example_dags/example_short_circuit_operator.py took 0.051 seconds
[2024-03-25T22:08:37.105+0000] {processor.py:161} INFO - Started process (PID=109) to work on /home/airflow/.local/lib/python3.8/site-packages/airflow/example_dags/example_short_circuit_operator.py
[2024-03-25T22:08:37.106+0000] {processor.py:830} INFO - Processing file /home/airflow/.local/lib/python3.8/site-packages/airflow/example_dags/example_short_circuit_operator.py for tasks to queue
[2024-03-25T22:08:37.107+0000] {logging_mixin.py:188} INFO - [2024-03-25T22:08:37.107+0000] {dagbag.py:540} INFO - Filling up the DagBag from /home/airflow/.local/lib/python3.8/site-packages/airflow/example_dags/example_short_circuit_operator.py
[2024-03-25T22:08:37.111+0000] {processor.py:840} INFO - DAG(s) 'example_short_circuit_operator' retrieved from /home/airflow/.local/lib/python3.8/site-packages/airflow/example_dags/example_short_circuit_operator.py
[2024-03-25T22:08:37.125+0000] {logging_mixin.py:188} INFO - [2024-03-25T22:08:37.125+0000] {dag.py:3047} INFO - Sync 1 DAGs
[2024-03-25T22:08:37.135+0000] {logging_mixin.py:188} INFO - [2024-03-25T22:08:37.135+0000] {dag.py:3834} INFO - Setting next_dagrun for example_short_circuit_operator to 2024-03-24 00:00:00+00:00, run_after=2024-03-25 00:00:00+00:00
[2024-03-25T22:08:37.143+0000] {processor.py:183} INFO - Processing /home/airflow/.local/lib/python3.8/site-packages/airflow/example_dags/example_short_circuit_operator.py took 0.039 seconds
[2024-03-25T22:09:07.677+0000] {processor.py:161} INFO - Started process (PID=164) to work on /home/airflow/.local/lib/python3.8/site-packages/airflow/example_dags/example_short_circuit_operator.py
[2024-03-25T22:09:07.677+0000] {processor.py:830} INFO - Processing file /home/airflow/.local/lib/python3.8/site-packages/airflow/example_dags/example_short_circuit_operator.py for tasks to queue
[2024-03-25T22:09:07.678+0000] {logging_mixin.py:188} INFO - [2024-03-25T22:09:07.678+0000] {dagbag.py:540} INFO - Filling up the DagBag from /home/airflow/.local/lib/python3.8/site-packages/airflow/example_dags/example_short_circuit_operator.py
[2024-03-25T22:09:07.683+0000] {processor.py:840} INFO - DAG(s) 'example_short_circuit_operator' retrieved from /home/airflow/.local/lib/python3.8/site-packages/airflow/example_dags/example_short_circuit_operator.py
[2024-03-25T22:09:07.696+0000] {logging_mixin.py:188} INFO - [2024-03-25T22:09:07.696+0000] {dag.py:3047} INFO - Sync 1 DAGs
[2024-03-25T22:09:07.705+0000] {logging_mixin.py:188} INFO - [2024-03-25T22:09:07.705+0000] {dag.py:3834} INFO - Setting next_dagrun for example_short_circuit_operator to 2024-03-24 00:00:00+00:00, run_after=2024-03-25 00:00:00+00:00
[2024-03-25T22:09:07.713+0000] {processor.py:183} INFO - Processing /home/airflow/.local/lib/python3.8/site-packages/airflow/example_dags/example_short_circuit_operator.py took 0.038 seconds
[2024-03-25T22:09:38.214+0000] {processor.py:161} INFO - Started process (PID=219) to work on /home/airflow/.local/lib/python3.8/site-packages/airflow/example_dags/example_short_circuit_operator.py
[2024-03-25T22:09:38.214+0000] {processor.py:830} INFO - Processing file /home/airflow/.local/lib/python3.8/site-packages/airflow/example_dags/example_short_circuit_operator.py for tasks to queue
[2024-03-25T22:09:38.215+0000] {logging_mixin.py:188} INFO - [2024-03-25T22:09:38.215+0000] {dagbag.py:540} INFO - Filling up the DagBag from /home/airflow/.local/lib/python3.8/site-packages/airflow/example_dags/example_short_circuit_operator.py
[2024-03-25T22:09:38.219+0000] {processor.py:840} INFO - DAG(s) 'example_short_circuit_operator' retrieved from /home/airflow/.local/lib/python3.8/site-packages/airflow/example_dags/example_short_circuit_operator.py
[2024-03-25T22:09:38.233+0000] {logging_mixin.py:188} INFO - [2024-03-25T22:09:38.233+0000] {dag.py:3047} INFO - Sync 1 DAGs
[2024-03-25T22:09:38.242+0000] {logging_mixin.py:188} INFO - [2024-03-25T22:09:38.242+0000] {dag.py:3834} INFO - Setting next_dagrun for example_short_circuit_operator to 2024-03-24 00:00:00+00:00, run_after=2024-03-25 00:00:00+00:00
[2024-03-25T22:09:38.250+0000] {processor.py:183} INFO - Processing /home/airflow/.local/lib/python3.8/site-packages/airflow/example_dags/example_short_circuit_operator.py took 0.038 seconds
[2024-03-25T22:10:08.771+0000] {processor.py:161} INFO - Started process (PID=275) to work on /home/airflow/.local/lib/python3.8/site-packages/airflow/example_dags/example_short_circuit_operator.py
[2024-03-25T22:10:08.772+0000] {processor.py:830} INFO - Processing file /home/airflow/.local/lib/python3.8/site-packages/airflow/example_dags/example_short_circuit_operator.py for tasks to queue
[2024-03-25T22:10:08.773+0000] {logging_mixin.py:188} INFO - [2024-03-25T22:10:08.773+0000] {dagbag.py:540} INFO - Filling up the DagBag from /home/airflow/.local/lib/python3.8/site-packages/airflow/example_dags/example_short_circuit_operator.py
[2024-03-25T22:10:08.777+0000] {processor.py:840} INFO - DAG(s) 'example_short_circuit_operator' retrieved from /home/airflow/.local/lib/python3.8/site-packages/airflow/example_dags/example_short_circuit_operator.py
[2024-03-25T22:10:08.797+0000] {logging_mixin.py:188} INFO - [2024-03-25T22:10:08.797+0000] {dag.py:3047} INFO - Sync 1 DAGs
[2024-03-25T22:10:08.807+0000] {logging_mixin.py:188} INFO - [2024-03-25T22:10:08.807+0000] {dag.py:3834} INFO - Setting next_dagrun for example_short_circuit_operator to 2024-03-24 00:00:00+00:00, run_after=2024-03-25 00:00:00+00:00
[2024-03-25T22:10:08.815+0000] {processor.py:183} INFO - Processing /home/airflow/.local/lib/python3.8/site-packages/airflow/example_dags/example_short_circuit_operator.py took 0.046 seconds
[2024-03-25T22:10:39.371+0000] {processor.py:161} INFO - Started process (PID=330) to work on /home/airflow/.local/lib/python3.8/site-packages/airflow/example_dags/example_short_circuit_operator.py
[2024-03-25T22:10:39.372+0000] {processor.py:830} INFO - Processing file /home/airflow/.local/lib/python3.8/site-packages/airflow/example_dags/example_short_circuit_operator.py for tasks to queue
[2024-03-25T22:10:39.373+0000] {logging_mixin.py:188} INFO - [2024-03-25T22:10:39.372+0000] {dagbag.py:540} INFO - Filling up the DagBag from /home/airflow/.local/lib/python3.8/site-packages/airflow/example_dags/example_short_circuit_operator.py
[2024-03-25T22:10:39.377+0000] {processor.py:840} INFO - DAG(s) 'example_short_circuit_operator' retrieved from /home/airflow/.local/lib/python3.8/site-packages/airflow/example_dags/example_short_circuit_operator.py
[2024-03-25T22:10:39.390+0000] {logging_mixin.py:188} INFO - [2024-03-25T22:10:39.390+0000] {dag.py:3047} INFO - Sync 1 DAGs
[2024-03-25T22:10:39.399+0000] {logging_mixin.py:188} INFO - [2024-03-25T22:10:39.399+0000] {dag.py:3834} INFO - Setting next_dagrun for example_short_circuit_operator to 2024-03-24 00:00:00+00:00, run_after=2024-03-25 00:00:00+00:00
[2024-03-25T22:10:39.407+0000] {processor.py:183} INFO - Processing /home/airflow/.local/lib/python3.8/site-packages/airflow/example_dags/example_short_circuit_operator.py took 0.038 seconds
[2024-03-25T22:11:09.911+0000] {processor.py:161} INFO - Started process (PID=385) to work on /home/airflow/.local/lib/python3.8/site-packages/airflow/example_dags/example_short_circuit_operator.py
[2024-03-25T22:11:09.911+0000] {processor.py:830} INFO - Processing file /home/airflow/.local/lib/python3.8/site-packages/airflow/example_dags/example_short_circuit_operator.py for tasks to queue
[2024-03-25T22:11:09.912+0000] {logging_mixin.py:188} INFO - [2024-03-25T22:11:09.912+0000] {dagbag.py:540} INFO - Filling up the DagBag from /home/airflow/.local/lib/python3.8/site-packages/airflow/example_dags/example_short_circuit_operator.py
[2024-03-25T22:11:09.916+0000] {processor.py:840} INFO - DAG(s) 'example_short_circuit_operator' retrieved from /home/airflow/.local/lib/python3.8/site-packages/airflow/example_dags/example_short_circuit_operator.py
[2024-03-25T22:11:09.929+0000] {logging_mixin.py:188} INFO - [2024-03-25T22:11:09.929+0000] {dag.py:3047} INFO - Sync 1 DAGs
[2024-03-25T22:11:09.939+0000] {logging_mixin.py:188} INFO - [2024-03-25T22:11:09.939+0000] {dag.py:3834} INFO - Setting next_dagrun for example_short_circuit_operator to 2024-03-24 00:00:00+00:00, run_after=2024-03-25 00:00:00+00:00
[2024-03-25T22:11:09.947+0000] {processor.py:183} INFO - Processing /home/airflow/.local/lib/python3.8/site-packages/airflow/example_dags/example_short_circuit_operator.py took 0.038 seconds
[2024-03-25T22:11:40.477+0000] {processor.py:161} INFO - Started process (PID=439) to work on /home/airflow/.local/lib/python3.8/site-packages/airflow/example_dags/example_short_circuit_operator.py
[2024-03-25T22:11:40.478+0000] {processor.py:830} INFO - Processing file /home/airflow/.local/lib/python3.8/site-packages/airflow/example_dags/example_short_circuit_operator.py for tasks to queue
[2024-03-25T22:11:40.479+0000] {logging_mixin.py:188} INFO - [2024-03-25T22:11:40.479+0000] {dagbag.py:540} INFO - Filling up the DagBag from /home/airflow/.local/lib/python3.8/site-packages/airflow/example_dags/example_short_circuit_operator.py
[2024-03-25T22:11:40.483+0000] {processor.py:840} INFO - DAG(s) 'example_short_circuit_operator' retrieved from /home/airflow/.local/lib/python3.8/site-packages/airflow/example_dags/example_short_circuit_operator.py
[2024-03-25T22:11:40.496+0000] {logging_mixin.py:188} INFO - [2024-03-25T22:11:40.495+0000] {dag.py:3047} INFO - Sync 1 DAGs
[2024-03-25T22:11:40.505+0000] {logging_mixin.py:188} INFO - [2024-03-25T22:11:40.505+0000] {dag.py:3834} INFO - Setting next_dagrun for example_short_circuit_operator to 2024-03-24 00:00:00+00:00, run_after=2024-03-25 00:00:00+00:00
[2024-03-25T22:11:40.512+0000] {processor.py:183} INFO - Processing /home/airflow/.local/lib/python3.8/site-packages/airflow/example_dags/example_short_circuit_operator.py took 0.037 seconds
[2024-03-25T22:12:11.110+0000] {processor.py:161} INFO - Started process (PID=494) to work on /home/airflow/.local/lib/python3.8/site-packages/airflow/example_dags/example_short_circuit_operator.py
[2024-03-25T22:12:11.110+0000] {processor.py:830} INFO - Processing file /home/airflow/.local/lib/python3.8/site-packages/airflow/example_dags/example_short_circuit_operator.py for tasks to queue
[2024-03-25T22:12:11.111+0000] {logging_mixin.py:188} INFO - [2024-03-25T22:12:11.111+0000] {dagbag.py:540} INFO - Filling up the DagBag from /home/airflow/.local/lib/python3.8/site-packages/airflow/example_dags/example_short_circuit_operator.py
[2024-03-25T22:12:11.115+0000] {processor.py:840} INFO - DAG(s) 'example_short_circuit_operator' retrieved from /home/airflow/.local/lib/python3.8/site-packages/airflow/example_dags/example_short_circuit_operator.py
[2024-03-25T22:12:11.128+0000] {logging_mixin.py:188} INFO - [2024-03-25T22:12:11.128+0000] {dag.py:3047} INFO - Sync 1 DAGs
[2024-03-25T22:12:11.137+0000] {logging_mixin.py:188} INFO - [2024-03-25T22:12:11.137+0000] {dag.py:3834} INFO - Setting next_dagrun for example_short_circuit_operator to 2024-03-24 00:00:00+00:00, run_after=2024-03-25 00:00:00+00:00
[2024-03-25T22:12:11.144+0000] {processor.py:183} INFO - Processing /home/airflow/.local/lib/python3.8/site-packages/airflow/example_dags/example_short_circuit_operator.py took 0.037 seconds
[2024-03-25T22:12:41.750+0000] {processor.py:161} INFO - Started process (PID=549) to work on /home/airflow/.local/lib/python3.8/site-packages/airflow/example_dags/example_short_circuit_operator.py
[2024-03-25T22:12:41.751+0000] {processor.py:830} INFO - Processing file /home/airflow/.local/lib/python3.8/site-packages/airflow/example_dags/example_short_circuit_operator.py for tasks to queue
[2024-03-25T22:12:41.752+0000] {logging_mixin.py:188} INFO - [2024-03-25T22:12:41.752+0000] {dagbag.py:540} INFO - Filling up the DagBag from /home/airflow/.local/lib/python3.8/site-packages/airflow/example_dags/example_short_circuit_operator.py
[2024-03-25T22:12:41.756+0000] {processor.py:840} INFO - DAG(s) 'example_short_circuit_operator' retrieved from /home/airflow/.local/lib/python3.8/site-packages/airflow/example_dags/example_short_circuit_operator.py
[2024-03-25T22:12:41.770+0000] {logging_mixin.py:188} INFO - [2024-03-25T22:12:41.769+0000] {dag.py:3047} INFO - Sync 1 DAGs
[2024-03-25T22:12:41.779+0000] {logging_mixin.py:188} INFO - [2024-03-25T22:12:41.779+0000] {dag.py:3834} INFO - Setting next_dagrun for example_short_circuit_operator to 2024-03-24 00:00:00+00:00, run_after=2024-03-25 00:00:00+00:00
[2024-03-25T22:12:41.788+0000] {processor.py:183} INFO - Processing /home/airflow/.local/lib/python3.8/site-packages/airflow/example_dags/example_short_circuit_operator.py took 0.039 seconds
[2024-03-25T22:13:12.338+0000] {processor.py:161} INFO - Started process (PID=604) to work on /home/airflow/.local/lib/python3.8/site-packages/airflow/example_dags/example_short_circuit_operator.py
[2024-03-25T22:13:12.339+0000] {processor.py:830} INFO - Processing file /home/airflow/.local/lib/python3.8/site-packages/airflow/example_dags/example_short_circuit_operator.py for tasks to queue
[2024-03-25T22:13:12.340+0000] {logging_mixin.py:188} INFO - [2024-03-25T22:13:12.339+0000] {dagbag.py:540} INFO - Filling up the DagBag from /home/airflow/.local/lib/python3.8/site-packages/airflow/example_dags/example_short_circuit_operator.py
[2024-03-25T22:13:12.344+0000] {processor.py:840} INFO - DAG(s) 'example_short_circuit_operator' retrieved from /home/airflow/.local/lib/python3.8/site-packages/airflow/example_dags/example_short_circuit_operator.py
[2024-03-25T22:13:12.357+0000] {logging_mixin.py:188} INFO - [2024-03-25T22:13:12.357+0000] {dag.py:3047} INFO - Sync 1 DAGs
[2024-03-25T22:13:12.368+0000] {logging_mixin.py:188} INFO - [2024-03-25T22:13:12.368+0000] {dag.py:3834} INFO - Setting next_dagrun for example_short_circuit_operator to 2024-03-24 00:00:00+00:00, run_after=2024-03-25 00:00:00+00:00
[2024-03-25T22:13:12.377+0000] {processor.py:183} INFO - Processing /home/airflow/.local/lib/python3.8/site-packages/airflow/example_dags/example_short_circuit_operator.py took 0.041 seconds
[2024-03-25T22:13:43.072+0000] {processor.py:161} INFO - Started process (PID=659) to work on /home/airflow/.local/lib/python3.8/site-packages/airflow/example_dags/example_short_circuit_operator.py
[2024-03-25T22:13:43.072+0000] {processor.py:830} INFO - Processing file /home/airflow/.local/lib/python3.8/site-packages/airflow/example_dags/example_short_circuit_operator.py for tasks to queue
[2024-03-25T22:13:43.073+0000] {logging_mixin.py:188} INFO - [2024-03-25T22:13:43.073+0000] {dagbag.py:540} INFO - Filling up the DagBag from /home/airflow/.local/lib/python3.8/site-packages/airflow/example_dags/example_short_circuit_operator.py
[2024-03-25T22:13:43.077+0000] {processor.py:840} INFO - DAG(s) 'example_short_circuit_operator' retrieved from /home/airflow/.local/lib/python3.8/site-packages/airflow/example_dags/example_short_circuit_operator.py
[2024-03-25T22:13:43.090+0000] {logging_mixin.py:188} INFO - [2024-03-25T22:13:43.090+0000] {dag.py:3047} INFO - Sync 1 DAGs
[2024-03-25T22:13:43.100+0000] {logging_mixin.py:188} INFO - [2024-03-25T22:13:43.100+0000] {dag.py:3834} INFO - Setting next_dagrun for example_short_circuit_operator to 2024-03-24 00:00:00+00:00, run_after=2024-03-25 00:00:00+00:00
[2024-03-25T22:13:43.107+0000] {processor.py:183} INFO - Processing /home/airflow/.local/lib/python3.8/site-packages/airflow/example_dags/example_short_circuit_operator.py took 0.038 seconds
[2024-03-25T22:14:13.616+0000] {processor.py:161} INFO - Started process (PID=715) to work on /home/airflow/.local/lib/python3.8/site-packages/airflow/example_dags/example_short_circuit_operator.py
[2024-03-25T22:14:13.617+0000] {processor.py:830} INFO - Processing file /home/airflow/.local/lib/python3.8/site-packages/airflow/example_dags/example_short_circuit_operator.py for tasks to queue
[2024-03-25T22:14:13.618+0000] {logging_mixin.py:188} INFO - [2024-03-25T22:14:13.617+0000] {dagbag.py:540} INFO - Filling up the DagBag from /home/airflow/.local/lib/python3.8/site-packages/airflow/example_dags/example_short_circuit_operator.py
[2024-03-25T22:14:13.622+0000] {processor.py:840} INFO - DAG(s) 'example_short_circuit_operator' retrieved from /home/airflow/.local/lib/python3.8/site-packages/airflow/example_dags/example_short_circuit_operator.py
[2024-03-25T22:14:13.635+0000] {logging_mixin.py:188} INFO - [2024-03-25T22:14:13.635+0000] {dag.py:3047} INFO - Sync 1 DAGs
[2024-03-25T22:14:13.645+0000] {logging_mixin.py:188} INFO - [2024-03-25T22:14:13.645+0000] {dag.py:3834} INFO - Setting next_dagrun for example_short_circuit_operator to 2024-03-24 00:00:00+00:00, run_after=2024-03-25 00:00:00+00:00
[2024-03-25T22:14:13.653+0000] {processor.py:183} INFO - Processing /home/airflow/.local/lib/python3.8/site-packages/airflow/example_dags/example_short_circuit_operator.py took 0.039 seconds
[2024-03-25T22:14:44.112+0000] {processor.py:161} INFO - Started process (PID=770) to work on /home/airflow/.local/lib/python3.8/site-packages/airflow/example_dags/example_short_circuit_operator.py
[2024-03-25T22:14:44.113+0000] {processor.py:830} INFO - Processing file /home/airflow/.local/lib/python3.8/site-packages/airflow/example_dags/example_short_circuit_operator.py for tasks to queue
[2024-03-25T22:14:44.114+0000] {logging_mixin.py:188} INFO - [2024-03-25T22:14:44.114+0000] {dagbag.py:540} INFO - Filling up the DagBag from /home/airflow/.local/lib/python3.8/site-packages/airflow/example_dags/example_short_circuit_operator.py
[2024-03-25T22:14:44.118+0000] {processor.py:840} INFO - DAG(s) 'example_short_circuit_operator' retrieved from /home/airflow/.local/lib/python3.8/site-packages/airflow/example_dags/example_short_circuit_operator.py
[2024-03-25T22:14:44.131+0000] {logging_mixin.py:188} INFO - [2024-03-25T22:14:44.131+0000] {dag.py:3047} INFO - Sync 1 DAGs
[2024-03-25T22:14:44.141+0000] {logging_mixin.py:188} INFO - [2024-03-25T22:14:44.141+0000] {dag.py:3834} INFO - Setting next_dagrun for example_short_circuit_operator to 2024-03-24 00:00:00+00:00, run_after=2024-03-25 00:00:00+00:00
[2024-03-25T22:14:44.149+0000] {processor.py:183} INFO - Processing /home/airflow/.local/lib/python3.8/site-packages/airflow/example_dags/example_short_circuit_operator.py took 0.038 seconds
[2024-03-25T22:15:14.686+0000] {processor.py:161} INFO - Started process (PID=825) to work on /home/airflow/.local/lib/python3.8/site-packages/airflow/example_dags/example_short_circuit_operator.py
[2024-03-25T22:15:14.687+0000] {processor.py:830} INFO - Processing file /home/airflow/.local/lib/python3.8/site-packages/airflow/example_dags/example_short_circuit_operator.py for tasks to queue
[2024-03-25T22:15:14.687+0000] {logging_mixin.py:188} INFO - [2024-03-25T22:15:14.687+0000] {dagbag.py:540} INFO - Filling up the DagBag from /home/airflow/.local/lib/python3.8/site-packages/airflow/example_dags/example_short_circuit_operator.py
[2024-03-25T22:15:14.692+0000] {processor.py:840} INFO - DAG(s) 'example_short_circuit_operator' retrieved from /home/airflow/.local/lib/python3.8/site-packages/airflow/example_dags/example_short_circuit_operator.py
[2024-03-25T22:15:14.704+0000] {logging_mixin.py:188} INFO - [2024-03-25T22:15:14.704+0000] {dag.py:3047} INFO - Sync 1 DAGs
[2024-03-25T22:15:14.714+0000] {logging_mixin.py:188} INFO - [2024-03-25T22:15:14.714+0000] {dag.py:3834} INFO - Setting next_dagrun for example_short_circuit_operator to 2024-03-24 00:00:00+00:00, run_after=2024-03-25 00:00:00+00:00
[2024-03-25T22:15:14.722+0000] {processor.py:183} INFO - Processing /home/airflow/.local/lib/python3.8/site-packages/airflow/example_dags/example_short_circuit_operator.py took 0.038 seconds
[2024-03-25T22:15:45.266+0000] {processor.py:161} INFO - Started process (PID=880) to work on /home/airflow/.local/lib/python3.8/site-packages/airflow/example_dags/example_short_circuit_operator.py
[2024-03-25T22:15:45.266+0000] {processor.py:830} INFO - Processing file /home/airflow/.local/lib/python3.8/site-packages/airflow/example_dags/example_short_circuit_operator.py for tasks to queue
[2024-03-25T22:15:45.267+0000] {logging_mixin.py:188} INFO - [2024-03-25T22:15:45.267+0000] {dagbag.py:540} INFO - Filling up the DagBag from /home/airflow/.local/lib/python3.8/site-packages/airflow/example_dags/example_short_circuit_operator.py
[2024-03-25T22:15:45.271+0000] {processor.py:840} INFO - DAG(s) 'example_short_circuit_operator' retrieved from /home/airflow/.local/lib/python3.8/site-packages/airflow/example_dags/example_short_circuit_operator.py
[2024-03-25T22:15:45.284+0000] {logging_mixin.py:188} INFO - [2024-03-25T22:15:45.284+0000] {dag.py:3047} INFO - Sync 1 DAGs
[2024-03-25T22:15:45.294+0000] {logging_mixin.py:188} INFO - [2024-03-25T22:15:45.294+0000] {dag.py:3834} INFO - Setting next_dagrun for example_short_circuit_operator to 2024-03-24 00:00:00+00:00, run_after=2024-03-25 00:00:00+00:00
[2024-03-25T22:15:45.302+0000] {processor.py:183} INFO - Processing /home/airflow/.local/lib/python3.8/site-packages/airflow/example_dags/example_short_circuit_operator.py took 0.039 seconds
[2024-03-25T22:16:16.008+0000] {processor.py:161} INFO - Started process (PID=934) to work on /home/airflow/.local/lib/python3.8/site-packages/airflow/example_dags/example_short_circuit_operator.py
[2024-03-25T22:16:16.009+0000] {processor.py:830} INFO - Processing file /home/airflow/.local/lib/python3.8/site-packages/airflow/example_dags/example_short_circuit_operator.py for tasks to queue
[2024-03-25T22:16:16.010+0000] {logging_mixin.py:188} INFO - [2024-03-25T22:16:16.010+0000] {dagbag.py:540} INFO - Filling up the DagBag from /home/airflow/.local/lib/python3.8/site-packages/airflow/example_dags/example_short_circuit_operator.py
[2024-03-25T22:16:16.014+0000] {processor.py:840} INFO - DAG(s) 'example_short_circuit_operator' retrieved from /home/airflow/.local/lib/python3.8/site-packages/airflow/example_dags/example_short_circuit_operator.py
[2024-03-25T22:16:16.028+0000] {logging_mixin.py:188} INFO - [2024-03-25T22:16:16.028+0000] {dag.py:3047} INFO - Sync 1 DAGs
[2024-03-25T22:16:16.037+0000] {logging_mixin.py:188} INFO - [2024-03-25T22:16:16.037+0000] {dag.py:3834} INFO - Setting next_dagrun for example_short_circuit_operator to 2024-03-24 00:00:00+00:00, run_after=2024-03-25 00:00:00+00:00
[2024-03-25T22:16:16.045+0000] {processor.py:183} INFO - Processing /home/airflow/.local/lib/python3.8/site-packages/airflow/example_dags/example_short_circuit_operator.py took 0.039 seconds
[2024-03-25T22:16:46.187+0000] {processor.py:161} INFO - Started process (PID=989) to work on /home/airflow/.local/lib/python3.8/site-packages/airflow/example_dags/example_short_circuit_operator.py
[2024-03-25T22:16:46.187+0000] {processor.py:830} INFO - Processing file /home/airflow/.local/lib/python3.8/site-packages/airflow/example_dags/example_short_circuit_operator.py for tasks to queue
[2024-03-25T22:16:46.189+0000] {logging_mixin.py:188} INFO - [2024-03-25T22:16:46.188+0000] {dagbag.py:540} INFO - Filling up the DagBag from /home/airflow/.local/lib/python3.8/site-packages/airflow/example_dags/example_short_circuit_operator.py
[2024-03-25T22:16:46.194+0000] {processor.py:840} INFO - DAG(s) 'example_short_circuit_operator' retrieved from /home/airflow/.local/lib/python3.8/site-packages/airflow/example_dags/example_short_circuit_operator.py
[2024-03-25T22:16:46.207+0000] {logging_mixin.py:188} INFO - [2024-03-25T22:16:46.207+0000] {dag.py:3047} INFO - Sync 1 DAGs
[2024-03-25T22:16:46.218+0000] {logging_mixin.py:188} INFO - [2024-03-25T22:16:46.217+0000] {dag.py:3834} INFO - Setting next_dagrun for example_short_circuit_operator to 2024-03-24 00:00:00+00:00, run_after=2024-03-25 00:00:00+00:00
[2024-03-25T22:16:46.227+0000] {processor.py:183} INFO - Processing /home/airflow/.local/lib/python3.8/site-packages/airflow/example_dags/example_short_circuit_operator.py took 0.043 seconds
[2024-03-25T22:17:17.109+0000] {processor.py:161} INFO - Started process (PID=1044) to work on /home/airflow/.local/lib/python3.8/site-packages/airflow/example_dags/example_short_circuit_operator.py
[2024-03-25T22:17:17.110+0000] {processor.py:830} INFO - Processing file /home/airflow/.local/lib/python3.8/site-packages/airflow/example_dags/example_short_circuit_operator.py for tasks to queue
[2024-03-25T22:17:17.111+0000] {logging_mixin.py:188} INFO - [2024-03-25T22:17:17.111+0000] {dagbag.py:540} INFO - Filling up the DagBag from /home/airflow/.local/lib/python3.8/site-packages/airflow/example_dags/example_short_circuit_operator.py
[2024-03-25T22:17:17.115+0000] {processor.py:840} INFO - DAG(s) 'example_short_circuit_operator' retrieved from /home/airflow/.local/lib/python3.8/site-packages/airflow/example_dags/example_short_circuit_operator.py
[2024-03-25T22:17:17.129+0000] {logging_mixin.py:188} INFO - [2024-03-25T22:17:17.128+0000] {dag.py:3047} INFO - Sync 1 DAGs
[2024-03-25T22:17:17.138+0000] {logging_mixin.py:188} INFO - [2024-03-25T22:17:17.138+0000] {dag.py:3834} INFO - Setting next_dagrun for example_short_circuit_operator to 2024-03-24 00:00:00+00:00, run_after=2024-03-25 00:00:00+00:00
[2024-03-25T22:17:17.146+0000] {processor.py:183} INFO - Processing /home/airflow/.local/lib/python3.8/site-packages/airflow/example_dags/example_short_circuit_operator.py took 0.038 seconds
[2024-03-25T22:17:47.722+0000] {processor.py:161} INFO - Started process (PID=1099) to work on /home/airflow/.local/lib/python3.8/site-packages/airflow/example_dags/example_short_circuit_operator.py
[2024-03-25T22:17:47.723+0000] {processor.py:830} INFO - Processing file /home/airflow/.local/lib/python3.8/site-packages/airflow/example_dags/example_short_circuit_operator.py for tasks to queue
[2024-03-25T22:17:47.724+0000] {logging_mixin.py:188} INFO - [2024-03-25T22:17:47.724+0000] {dagbag.py:540} INFO - Filling up the DagBag from /home/airflow/.local/lib/python3.8/site-packages/airflow/example_dags/example_short_circuit_operator.py
[2024-03-25T22:17:47.728+0000] {processor.py:840} INFO - DAG(s) 'example_short_circuit_operator' retrieved from /home/airflow/.local/lib/python3.8/site-packages/airflow/example_dags/example_short_circuit_operator.py
[2024-03-25T22:17:47.741+0000] {logging_mixin.py:188} INFO - [2024-03-25T22:17:47.741+0000] {dag.py:3047} INFO - Sync 1 DAGs
[2024-03-25T22:17:47.750+0000] {logging_mixin.py:188} INFO - [2024-03-25T22:17:47.750+0000] {dag.py:3834} INFO - Setting next_dagrun for example_short_circuit_operator to 2024-03-24 00:00:00+00:00, run_after=2024-03-25 00:00:00+00:00
[2024-03-25T22:17:47.758+0000] {processor.py:183} INFO - Processing /home/airflow/.local/lib/python3.8/site-packages/airflow/example_dags/example_short_circuit_operator.py took 0.037 seconds
[2024-03-25T22:18:18.314+0000] {processor.py:161} INFO - Started process (PID=1154) to work on /home/airflow/.local/lib/python3.8/site-packages/airflow/example_dags/example_short_circuit_operator.py
[2024-03-25T22:18:18.315+0000] {processor.py:830} INFO - Processing file /home/airflow/.local/lib/python3.8/site-packages/airflow/example_dags/example_short_circuit_operator.py for tasks to queue
[2024-03-25T22:18:18.316+0000] {logging_mixin.py:188} INFO - [2024-03-25T22:18:18.316+0000] {dagbag.py:540} INFO - Filling up the DagBag from /home/airflow/.local/lib/python3.8/site-packages/airflow/example_dags/example_short_circuit_operator.py
[2024-03-25T22:18:18.320+0000] {processor.py:840} INFO - DAG(s) 'example_short_circuit_operator' retrieved from /home/airflow/.local/lib/python3.8/site-packages/airflow/example_dags/example_short_circuit_operator.py
[2024-03-25T22:18:18.333+0000] {logging_mixin.py:188} INFO - [2024-03-25T22:18:18.333+0000] {dag.py:3047} INFO - Sync 1 DAGs
[2024-03-25T22:18:18.342+0000] {logging_mixin.py:188} INFO - [2024-03-25T22:18:18.342+0000] {dag.py:3834} INFO - Setting next_dagrun for example_short_circuit_operator to 2024-03-24 00:00:00+00:00, run_after=2024-03-25 00:00:00+00:00
[2024-03-25T22:18:18.351+0000] {processor.py:183} INFO - Processing /home/airflow/.local/lib/python3.8/site-packages/airflow/example_dags/example_short_circuit_operator.py took 0.038 seconds
[2024-03-25T22:18:48.920+0000] {processor.py:161} INFO - Started process (PID=1210) to work on /home/airflow/.local/lib/python3.8/site-packages/airflow/example_dags/example_short_circuit_operator.py
[2024-03-25T22:18:48.920+0000] {processor.py:830} INFO - Processing file /home/airflow/.local/lib/python3.8/site-packages/airflow/example_dags/example_short_circuit_operator.py for tasks to queue
[2024-03-25T22:18:48.921+0000] {logging_mixin.py:188} INFO - [2024-03-25T22:18:48.921+0000] {dagbag.py:540} INFO - Filling up the DagBag from /home/airflow/.local/lib/python3.8/site-packages/airflow/example_dags/example_short_circuit_operator.py
[2024-03-25T22:18:48.925+0000] {processor.py:840} INFO - DAG(s) 'example_short_circuit_operator' retrieved from /home/airflow/.local/lib/python3.8/site-packages/airflow/example_dags/example_short_circuit_operator.py
[2024-03-25T22:18:48.938+0000] {logging_mixin.py:188} INFO - [2024-03-25T22:18:48.938+0000] {dag.py:3047} INFO - Sync 1 DAGs
[2024-03-25T22:18:48.948+0000] {logging_mixin.py:188} INFO - [2024-03-25T22:18:48.948+0000] {dag.py:3834} INFO - Setting next_dagrun for example_short_circuit_operator to 2024-03-24 00:00:00+00:00, run_after=2024-03-25 00:00:00+00:00
[2024-03-25T22:18:48.956+0000] {processor.py:183} INFO - Processing /home/airflow/.local/lib/python3.8/site-packages/airflow/example_dags/example_short_circuit_operator.py took 0.038 seconds
[2024-03-25T22:19:19.508+0000] {processor.py:161} INFO - Started process (PID=1265) to work on /home/airflow/.local/lib/python3.8/site-packages/airflow/example_dags/example_short_circuit_operator.py
[2024-03-25T22:19:19.509+0000] {processor.py:830} INFO - Processing file /home/airflow/.local/lib/python3.8/site-packages/airflow/example_dags/example_short_circuit_operator.py for tasks to queue
[2024-03-25T22:19:19.510+0000] {logging_mixin.py:188} INFO - [2024-03-25T22:19:19.510+0000] {dagbag.py:540} INFO - Filling up the DagBag from /home/airflow/.local/lib/python3.8/site-packages/airflow/example_dags/example_short_circuit_operator.py
[2024-03-25T22:19:19.514+0000] {processor.py:840} INFO - DAG(s) 'example_short_circuit_operator' retrieved from /home/airflow/.local/lib/python3.8/site-packages/airflow/example_dags/example_short_circuit_operator.py
[2024-03-25T22:19:19.527+0000] {logging_mixin.py:188} INFO - [2024-03-25T22:19:19.527+0000] {dag.py:3047} INFO - Sync 1 DAGs
[2024-03-25T22:19:19.537+0000] {logging_mixin.py:188} INFO - [2024-03-25T22:19:19.537+0000] {dag.py:3834} INFO - Setting next_dagrun for example_short_circuit_operator to 2024-03-24 00:00:00+00:00, run_after=2024-03-25 00:00:00+00:00
[2024-03-25T22:19:19.545+0000] {processor.py:183} INFO - Processing /home/airflow/.local/lib/python3.8/site-packages/airflow/example_dags/example_short_circuit_operator.py took 0.038 seconds
[2024-03-25T22:19:50.100+0000] {processor.py:161} INFO - Started process (PID=1320) to work on /home/airflow/.local/lib/python3.8/site-packages/airflow/example_dags/example_short_circuit_operator.py
[2024-03-25T22:19:50.100+0000] {processor.py:830} INFO - Processing file /home/airflow/.local/lib/python3.8/site-packages/airflow/example_dags/example_short_circuit_operator.py for tasks to queue
[2024-03-25T22:19:50.101+0000] {logging_mixin.py:188} INFO - [2024-03-25T22:19:50.101+0000] {dagbag.py:540} INFO - Filling up the DagBag from /home/airflow/.local/lib/python3.8/site-packages/airflow/example_dags/example_short_circuit_operator.py
[2024-03-25T22:19:50.105+0000] {processor.py:840} INFO - DAG(s) 'example_short_circuit_operator' retrieved from /home/airflow/.local/lib/python3.8/site-packages/airflow/example_dags/example_short_circuit_operator.py
[2024-03-25T22:19:50.119+0000] {logging_mixin.py:188} INFO - [2024-03-25T22:19:50.119+0000] {dag.py:3047} INFO - Sync 1 DAGs
[2024-03-25T22:19:50.128+0000] {logging_mixin.py:188} INFO - [2024-03-25T22:19:50.128+0000] {dag.py:3834} INFO - Setting next_dagrun for example_short_circuit_operator to 2024-03-24 00:00:00+00:00, run_after=2024-03-25 00:00:00+00:00
[2024-03-25T22:19:50.136+0000] {processor.py:183} INFO - Processing /home/airflow/.local/lib/python3.8/site-packages/airflow/example_dags/example_short_circuit_operator.py took 0.038 seconds
[2024-03-25T22:20:20.612+0000] {processor.py:161} INFO - Started process (PID=1376) to work on /home/airflow/.local/lib/python3.8/site-packages/airflow/example_dags/example_short_circuit_operator.py
[2024-03-25T22:20:20.612+0000] {processor.py:830} INFO - Processing file /home/airflow/.local/lib/python3.8/site-packages/airflow/example_dags/example_short_circuit_operator.py for tasks to queue
[2024-03-25T22:20:20.613+0000] {logging_mixin.py:188} INFO - [2024-03-25T22:20:20.613+0000] {dagbag.py:540} INFO - Filling up the DagBag from /home/airflow/.local/lib/python3.8/site-packages/airflow/example_dags/example_short_circuit_operator.py
[2024-03-25T22:20:20.617+0000] {processor.py:840} INFO - DAG(s) 'example_short_circuit_operator' retrieved from /home/airflow/.local/lib/python3.8/site-packages/airflow/example_dags/example_short_circuit_operator.py
[2024-03-25T22:20:20.631+0000] {logging_mixin.py:188} INFO - [2024-03-25T22:20:20.631+0000] {dag.py:3047} INFO - Sync 1 DAGs
[2024-03-25T22:20:20.640+0000] {logging_mixin.py:188} INFO - [2024-03-25T22:20:20.640+0000] {dag.py:3834} INFO - Setting next_dagrun for example_short_circuit_operator to 2024-03-24 00:00:00+00:00, run_after=2024-03-25 00:00:00+00:00
[2024-03-25T22:20:20.647+0000] {processor.py:183} INFO - Processing /home/airflow/.local/lib/python3.8/site-packages/airflow/example_dags/example_short_circuit_operator.py took 0.037 seconds
[2024-03-25T22:20:51.225+0000] {processor.py:161} INFO - Started process (PID=1431) to work on /home/airflow/.local/lib/python3.8/site-packages/airflow/example_dags/example_short_circuit_operator.py
[2024-03-25T22:20:51.226+0000] {processor.py:830} INFO - Processing file /home/airflow/.local/lib/python3.8/site-packages/airflow/example_dags/example_short_circuit_operator.py for tasks to queue
[2024-03-25T22:20:51.227+0000] {logging_mixin.py:188} INFO - [2024-03-25T22:20:51.227+0000] {dagbag.py:540} INFO - Filling up the DagBag from /home/airflow/.local/lib/python3.8/site-packages/airflow/example_dags/example_short_circuit_operator.py
[2024-03-25T22:20:51.232+0000] {processor.py:840} INFO - DAG(s) 'example_short_circuit_operator' retrieved from /home/airflow/.local/lib/python3.8/site-packages/airflow/example_dags/example_short_circuit_operator.py
[2024-03-25T22:20:51.254+0000] {logging_mixin.py:188} INFO - [2024-03-25T22:20:51.254+0000] {dag.py:3047} INFO - Sync 1 DAGs
[2024-03-25T22:20:51.265+0000] {logging_mixin.py:188} INFO - [2024-03-25T22:20:51.265+0000] {dag.py:3834} INFO - Setting next_dagrun for example_short_circuit_operator to 2024-03-24 00:00:00+00:00, run_after=2024-03-25 00:00:00+00:00
[2024-03-25T22:20:51.275+0000] {processor.py:183} INFO - Processing /home/airflow/.local/lib/python3.8/site-packages/airflow/example_dags/example_short_circuit_operator.py took 0.051 seconds
[2024-03-25T22:21:21.818+0000] {processor.py:161} INFO - Started process (PID=1487) to work on /home/airflow/.local/lib/python3.8/site-packages/airflow/example_dags/example_short_circuit_operator.py
[2024-03-25T22:21:21.819+0000] {processor.py:830} INFO - Processing file /home/airflow/.local/lib/python3.8/site-packages/airflow/example_dags/example_short_circuit_operator.py for tasks to queue
[2024-03-25T22:21:21.820+0000] {logging_mixin.py:188} INFO - [2024-03-25T22:21:21.820+0000] {dagbag.py:540} INFO - Filling up the DagBag from /home/airflow/.local/lib/python3.8/site-packages/airflow/example_dags/example_short_circuit_operator.py
[2024-03-25T22:21:21.824+0000] {processor.py:840} INFO - DAG(s) 'example_short_circuit_operator' retrieved from /home/airflow/.local/lib/python3.8/site-packages/airflow/example_dags/example_short_circuit_operator.py
[2024-03-25T22:21:21.837+0000] {logging_mixin.py:188} INFO - [2024-03-25T22:21:21.837+0000] {dag.py:3047} INFO - Sync 1 DAGs
[2024-03-25T22:21:21.847+0000] {logging_mixin.py:188} INFO - [2024-03-25T22:21:21.847+0000] {dag.py:3834} INFO - Setting next_dagrun for example_short_circuit_operator to 2024-03-24 00:00:00+00:00, run_after=2024-03-25 00:00:00+00:00
[2024-03-25T22:21:21.855+0000] {processor.py:183} INFO - Processing /home/airflow/.local/lib/python3.8/site-packages/airflow/example_dags/example_short_circuit_operator.py took 0.038 seconds
[2024-03-25T22:21:52.467+0000] {processor.py:161} INFO - Started process (PID=1543) to work on /home/airflow/.local/lib/python3.8/site-packages/airflow/example_dags/example_short_circuit_operator.py
[2024-03-25T22:21:52.468+0000] {processor.py:830} INFO - Processing file /home/airflow/.local/lib/python3.8/site-packages/airflow/example_dags/example_short_circuit_operator.py for tasks to queue
[2024-03-25T22:21:52.469+0000] {logging_mixin.py:188} INFO - [2024-03-25T22:21:52.469+0000] {dagbag.py:540} INFO - Filling up the DagBag from /home/airflow/.local/lib/python3.8/site-packages/airflow/example_dags/example_short_circuit_operator.py
[2024-03-25T22:21:52.473+0000] {processor.py:840} INFO - DAG(s) 'example_short_circuit_operator' retrieved from /home/airflow/.local/lib/python3.8/site-packages/airflow/example_dags/example_short_circuit_operator.py
[2024-03-25T22:21:52.487+0000] {logging_mixin.py:188} INFO - [2024-03-25T22:21:52.487+0000] {dag.py:3047} INFO - Sync 1 DAGs
[2024-03-25T22:21:52.496+0000] {logging_mixin.py:188} INFO - [2024-03-25T22:21:52.496+0000] {dag.py:3834} INFO - Setting next_dagrun for example_short_circuit_operator to 2024-03-24 00:00:00+00:00, run_after=2024-03-25 00:00:00+00:00
[2024-03-25T22:21:52.505+0000] {processor.py:183} INFO - Processing /home/airflow/.local/lib/python3.8/site-packages/airflow/example_dags/example_short_circuit_operator.py took 0.040 seconds
[2024-03-25T22:22:23.118+0000] {processor.py:161} INFO - Started process (PID=1599) to work on /home/airflow/.local/lib/python3.8/site-packages/airflow/example_dags/example_short_circuit_operator.py
[2024-03-25T22:22:23.119+0000] {processor.py:830} INFO - Processing file /home/airflow/.local/lib/python3.8/site-packages/airflow/example_dags/example_short_circuit_operator.py for tasks to queue
[2024-03-25T22:22:23.120+0000] {logging_mixin.py:188} INFO - [2024-03-25T22:22:23.119+0000] {dagbag.py:540} INFO - Filling up the DagBag from /home/airflow/.local/lib/python3.8/site-packages/airflow/example_dags/example_short_circuit_operator.py
[2024-03-25T22:22:23.124+0000] {processor.py:840} INFO - DAG(s) 'example_short_circuit_operator' retrieved from /home/airflow/.local/lib/python3.8/site-packages/airflow/example_dags/example_short_circuit_operator.py
[2024-03-25T22:22:23.137+0000] {logging_mixin.py:188} INFO - [2024-03-25T22:22:23.137+0000] {dag.py:3047} INFO - Sync 1 DAGs
[2024-03-25T22:22:23.148+0000] {logging_mixin.py:188} INFO - [2024-03-25T22:22:23.147+0000] {dag.py:3834} INFO - Setting next_dagrun for example_short_circuit_operator to 2024-03-24 00:00:00+00:00, run_after=2024-03-25 00:00:00+00:00
[2024-03-25T22:22:23.156+0000] {processor.py:183} INFO - Processing /home/airflow/.local/lib/python3.8/site-packages/airflow/example_dags/example_short_circuit_operator.py took 0.040 seconds
[2024-03-25T22:22:53.733+0000] {processor.py:161} INFO - Started process (PID=1654) to work on /home/airflow/.local/lib/python3.8/site-packages/airflow/example_dags/example_short_circuit_operator.py
[2024-03-25T22:22:53.734+0000] {processor.py:830} INFO - Processing file /home/airflow/.local/lib/python3.8/site-packages/airflow/example_dags/example_short_circuit_operator.py for tasks to queue
[2024-03-25T22:22:53.735+0000] {logging_mixin.py:188} INFO - [2024-03-25T22:22:53.734+0000] {dagbag.py:540} INFO - Filling up the DagBag from /home/airflow/.local/lib/python3.8/site-packages/airflow/example_dags/example_short_circuit_operator.py
[2024-03-25T22:22:53.739+0000] {processor.py:840} INFO - DAG(s) 'example_short_circuit_operator' retrieved from /home/airflow/.local/lib/python3.8/site-packages/airflow/example_dags/example_short_circuit_operator.py
[2024-03-25T22:22:53.752+0000] {logging_mixin.py:188} INFO - [2024-03-25T22:22:53.752+0000] {dag.py:3047} INFO - Sync 1 DAGs
[2024-03-25T22:22:53.762+0000] {logging_mixin.py:188} INFO - [2024-03-25T22:22:53.761+0000] {dag.py:3834} INFO - Setting next_dagrun for example_short_circuit_operator to 2024-03-24 00:00:00+00:00, run_after=2024-03-25 00:00:00+00:00
[2024-03-25T22:22:53.769+0000] {processor.py:183} INFO - Processing /home/airflow/.local/lib/python3.8/site-packages/airflow/example_dags/example_short_circuit_operator.py took 0.038 seconds
[2024-03-25T22:23:24.328+0000] {processor.py:161} INFO - Started process (PID=1709) to work on /home/airflow/.local/lib/python3.8/site-packages/airflow/example_dags/example_short_circuit_operator.py
[2024-03-25T22:23:24.329+0000] {processor.py:830} INFO - Processing file /home/airflow/.local/lib/python3.8/site-packages/airflow/example_dags/example_short_circuit_operator.py for tasks to queue
[2024-03-25T22:23:24.330+0000] {logging_mixin.py:188} INFO - [2024-03-25T22:23:24.330+0000] {dagbag.py:540} INFO - Filling up the DagBag from /home/airflow/.local/lib/python3.8/site-packages/airflow/example_dags/example_short_circuit_operator.py
[2024-03-25T22:23:24.334+0000] {processor.py:840} INFO - DAG(s) 'example_short_circuit_operator' retrieved from /home/airflow/.local/lib/python3.8/site-packages/airflow/example_dags/example_short_circuit_operator.py
[2024-03-25T22:23:24.347+0000] {logging_mixin.py:188} INFO - [2024-03-25T22:23:24.347+0000] {dag.py:3047} INFO - Sync 1 DAGs
[2024-03-25T22:23:24.357+0000] {logging_mixin.py:188} INFO - [2024-03-25T22:23:24.357+0000] {dag.py:3834} INFO - Setting next_dagrun for example_short_circuit_operator to 2024-03-24 00:00:00+00:00, run_after=2024-03-25 00:00:00+00:00
[2024-03-25T22:23:24.365+0000] {processor.py:183} INFO - Processing /home/airflow/.local/lib/python3.8/site-packages/airflow/example_dags/example_short_circuit_operator.py took 0.039 seconds
[2024-03-25T22:23:54.886+0000] {processor.py:161} INFO - Started process (PID=1763) to work on /home/airflow/.local/lib/python3.8/site-packages/airflow/example_dags/example_short_circuit_operator.py
[2024-03-25T22:23:54.887+0000] {processor.py:830} INFO - Processing file /home/airflow/.local/lib/python3.8/site-packages/airflow/example_dags/example_short_circuit_operator.py for tasks to queue
[2024-03-25T22:23:54.888+0000] {logging_mixin.py:188} INFO - [2024-03-25T22:23:54.888+0000] {dagbag.py:540} INFO - Filling up the DagBag from /home/airflow/.local/lib/python3.8/site-packages/airflow/example_dags/example_short_circuit_operator.py
[2024-03-25T22:23:54.892+0000] {processor.py:840} INFO - DAG(s) 'example_short_circuit_operator' retrieved from /home/airflow/.local/lib/python3.8/site-packages/airflow/example_dags/example_short_circuit_operator.py
[2024-03-25T22:23:54.905+0000] {logging_mixin.py:188} INFO - [2024-03-25T22:23:54.905+0000] {dag.py:3047} INFO - Sync 1 DAGs
[2024-03-25T22:23:54.915+0000] {logging_mixin.py:188} INFO - [2024-03-25T22:23:54.915+0000] {dag.py:3834} INFO - Setting next_dagrun for example_short_circuit_operator to 2024-03-24 00:00:00+00:00, run_after=2024-03-25 00:00:00+00:00
[2024-03-25T22:23:54.922+0000] {processor.py:183} INFO - Processing /home/airflow/.local/lib/python3.8/site-packages/airflow/example_dags/example_short_circuit_operator.py took 0.038 seconds
[2024-03-25T22:24:25.447+0000] {processor.py:161} INFO - Started process (PID=1818) to work on /home/airflow/.local/lib/python3.8/site-packages/airflow/example_dags/example_short_circuit_operator.py
[2024-03-25T22:24:25.447+0000] {processor.py:830} INFO - Processing file /home/airflow/.local/lib/python3.8/site-packages/airflow/example_dags/example_short_circuit_operator.py for tasks to queue
[2024-03-25T22:24:25.449+0000] {logging_mixin.py:188} INFO - [2024-03-25T22:24:25.448+0000] {dagbag.py:540} INFO - Filling up the DagBag from /home/airflow/.local/lib/python3.8/site-packages/airflow/example_dags/example_short_circuit_operator.py
[2024-03-25T22:24:25.453+0000] {processor.py:840} INFO - DAG(s) 'example_short_circuit_operator' retrieved from /home/airflow/.local/lib/python3.8/site-packages/airflow/example_dags/example_short_circuit_operator.py
[2024-03-25T22:24:25.466+0000] {logging_mixin.py:188} INFO - [2024-03-25T22:24:25.466+0000] {dag.py:3047} INFO - Sync 1 DAGs
[2024-03-25T22:24:25.476+0000] {logging_mixin.py:188} INFO - [2024-03-25T22:24:25.476+0000] {dag.py:3834} INFO - Setting next_dagrun for example_short_circuit_operator to 2024-03-24 00:00:00+00:00, run_after=2024-03-25 00:00:00+00:00
[2024-03-25T22:24:25.483+0000] {processor.py:183} INFO - Processing /home/airflow/.local/lib/python3.8/site-packages/airflow/example_dags/example_short_circuit_operator.py took 0.039 seconds
[2024-03-25T22:24:55.947+0000] {processor.py:161} INFO - Started process (PID=1874) to work on /home/airflow/.local/lib/python3.8/site-packages/airflow/example_dags/example_short_circuit_operator.py
[2024-03-25T22:24:55.948+0000] {processor.py:830} INFO - Processing file /home/airflow/.local/lib/python3.8/site-packages/airflow/example_dags/example_short_circuit_operator.py for tasks to queue
[2024-03-25T22:24:55.949+0000] {logging_mixin.py:188} INFO - [2024-03-25T22:24:55.948+0000] {dagbag.py:540} INFO - Filling up the DagBag from /home/airflow/.local/lib/python3.8/site-packages/airflow/example_dags/example_short_circuit_operator.py
[2024-03-25T22:24:55.953+0000] {processor.py:840} INFO - DAG(s) 'example_short_circuit_operator' retrieved from /home/airflow/.local/lib/python3.8/site-packages/airflow/example_dags/example_short_circuit_operator.py
[2024-03-25T22:24:55.966+0000] {logging_mixin.py:188} INFO - [2024-03-25T22:24:55.966+0000] {dag.py:3047} INFO - Sync 1 DAGs
[2024-03-25T22:24:55.975+0000] {logging_mixin.py:188} INFO - [2024-03-25T22:24:55.975+0000] {dag.py:3834} INFO - Setting next_dagrun for example_short_circuit_operator to 2024-03-24 00:00:00+00:00, run_after=2024-03-25 00:00:00+00:00
[2024-03-25T22:24:55.983+0000] {processor.py:183} INFO - Processing /home/airflow/.local/lib/python3.8/site-packages/airflow/example_dags/example_short_circuit_operator.py took 0.038 seconds
[2024-03-25T22:25:26.454+0000] {processor.py:161} INFO - Started process (PID=1929) to work on /home/airflow/.local/lib/python3.8/site-packages/airflow/example_dags/example_short_circuit_operator.py
[2024-03-25T22:25:26.455+0000] {processor.py:830} INFO - Processing file /home/airflow/.local/lib/python3.8/site-packages/airflow/example_dags/example_short_circuit_operator.py for tasks to queue
[2024-03-25T22:25:26.456+0000] {logging_mixin.py:188} INFO - [2024-03-25T22:25:26.455+0000] {dagbag.py:540} INFO - Filling up the DagBag from /home/airflow/.local/lib/python3.8/site-packages/airflow/example_dags/example_short_circuit_operator.py
[2024-03-25T22:25:26.460+0000] {processor.py:840} INFO - DAG(s) 'example_short_circuit_operator' retrieved from /home/airflow/.local/lib/python3.8/site-packages/airflow/example_dags/example_short_circuit_operator.py
[2024-03-25T22:25:26.473+0000] {logging_mixin.py:188} INFO - [2024-03-25T22:25:26.473+0000] {dag.py:3047} INFO - Sync 1 DAGs
[2024-03-25T22:25:26.483+0000] {logging_mixin.py:188} INFO - [2024-03-25T22:25:26.483+0000] {dag.py:3834} INFO - Setting next_dagrun for example_short_circuit_operator to 2024-03-24 00:00:00+00:00, run_after=2024-03-25 00:00:00+00:00
[2024-03-25T22:25:26.491+0000] {processor.py:183} INFO - Processing /home/airflow/.local/lib/python3.8/site-packages/airflow/example_dags/example_short_circuit_operator.py took 0.039 seconds
[2024-03-25T22:25:57.057+0000] {processor.py:161} INFO - Started process (PID=1984) to work on /home/airflow/.local/lib/python3.8/site-packages/airflow/example_dags/example_short_circuit_operator.py
[2024-03-25T22:25:57.057+0000] {processor.py:830} INFO - Processing file /home/airflow/.local/lib/python3.8/site-packages/airflow/example_dags/example_short_circuit_operator.py for tasks to queue
[2024-03-25T22:25:57.058+0000] {logging_mixin.py:188} INFO - [2024-03-25T22:25:57.058+0000] {dagbag.py:540} INFO - Filling up the DagBag from /home/airflow/.local/lib/python3.8/site-packages/airflow/example_dags/example_short_circuit_operator.py
[2024-03-25T22:25:57.063+0000] {processor.py:840} INFO - DAG(s) 'example_short_circuit_operator' retrieved from /home/airflow/.local/lib/python3.8/site-packages/airflow/example_dags/example_short_circuit_operator.py
[2024-03-25T22:25:57.076+0000] {logging_mixin.py:188} INFO - [2024-03-25T22:25:57.075+0000] {dag.py:3047} INFO - Sync 1 DAGs
[2024-03-25T22:25:57.085+0000] {logging_mixin.py:188} INFO - [2024-03-25T22:25:57.085+0000] {dag.py:3834} INFO - Setting next_dagrun for example_short_circuit_operator to 2024-03-24 00:00:00+00:00, run_after=2024-03-25 00:00:00+00:00
[2024-03-25T22:25:57.093+0000] {processor.py:183} INFO - Processing /home/airflow/.local/lib/python3.8/site-packages/airflow/example_dags/example_short_circuit_operator.py took 0.038 seconds
[2024-03-25T22:26:27.655+0000] {processor.py:161} INFO - Started process (PID=2039) to work on /home/airflow/.local/lib/python3.8/site-packages/airflow/example_dags/example_short_circuit_operator.py
[2024-03-25T22:26:27.655+0000] {processor.py:830} INFO - Processing file /home/airflow/.local/lib/python3.8/site-packages/airflow/example_dags/example_short_circuit_operator.py for tasks to queue
[2024-03-25T22:26:27.656+0000] {logging_mixin.py:188} INFO - [2024-03-25T22:26:27.656+0000] {dagbag.py:540} INFO - Filling up the DagBag from /home/airflow/.local/lib/python3.8/site-packages/airflow/example_dags/example_short_circuit_operator.py
[2024-03-25T22:26:27.660+0000] {processor.py:840} INFO - DAG(s) 'example_short_circuit_operator' retrieved from /home/airflow/.local/lib/python3.8/site-packages/airflow/example_dags/example_short_circuit_operator.py
[2024-03-25T22:26:27.673+0000] {logging_mixin.py:188} INFO - [2024-03-25T22:26:27.673+0000] {dag.py:3047} INFO - Sync 1 DAGs
[2024-03-25T22:26:27.683+0000] {logging_mixin.py:188} INFO - [2024-03-25T22:26:27.683+0000] {dag.py:3834} INFO - Setting next_dagrun for example_short_circuit_operator to 2024-03-24 00:00:00+00:00, run_after=2024-03-25 00:00:00+00:00
[2024-03-25T22:26:27.690+0000] {processor.py:183} INFO - Processing /home/airflow/.local/lib/python3.8/site-packages/airflow/example_dags/example_short_circuit_operator.py took 0.038 seconds
[2024-03-25T22:26:58.251+0000] {processor.py:161} INFO - Started process (PID=2094) to work on /home/airflow/.local/lib/python3.8/site-packages/airflow/example_dags/example_short_circuit_operator.py
[2024-03-25T22:26:58.252+0000] {processor.py:830} INFO - Processing file /home/airflow/.local/lib/python3.8/site-packages/airflow/example_dags/example_short_circuit_operator.py for tasks to queue
[2024-03-25T22:26:58.253+0000] {logging_mixin.py:188} INFO - [2024-03-25T22:26:58.253+0000] {dagbag.py:540} INFO - Filling up the DagBag from /home/airflow/.local/lib/python3.8/site-packages/airflow/example_dags/example_short_circuit_operator.py
[2024-03-25T22:26:58.258+0000] {processor.py:840} INFO - DAG(s) 'example_short_circuit_operator' retrieved from /home/airflow/.local/lib/python3.8/site-packages/airflow/example_dags/example_short_circuit_operator.py
[2024-03-25T22:26:58.271+0000] {logging_mixin.py:188} INFO - [2024-03-25T22:26:58.271+0000] {dag.py:3047} INFO - Sync 1 DAGs
[2024-03-25T22:26:58.281+0000] {logging_mixin.py:188} INFO - [2024-03-25T22:26:58.280+0000] {dag.py:3834} INFO - Setting next_dagrun for example_short_circuit_operator to 2024-03-24 00:00:00+00:00, run_after=2024-03-25 00:00:00+00:00
[2024-03-25T22:26:58.289+0000] {processor.py:183} INFO - Processing /home/airflow/.local/lib/python3.8/site-packages/airflow/example_dags/example_short_circuit_operator.py took 0.040 seconds
[2024-03-25T22:27:28.836+0000] {processor.py:161} INFO - Started process (PID=2148) to work on /home/airflow/.local/lib/python3.8/site-packages/airflow/example_dags/example_short_circuit_operator.py
[2024-03-25T22:27:28.837+0000] {processor.py:830} INFO - Processing file /home/airflow/.local/lib/python3.8/site-packages/airflow/example_dags/example_short_circuit_operator.py for tasks to queue
[2024-03-25T22:27:28.838+0000] {logging_mixin.py:188} INFO - [2024-03-25T22:27:28.837+0000] {dagbag.py:540} INFO - Filling up the DagBag from /home/airflow/.local/lib/python3.8/site-packages/airflow/example_dags/example_short_circuit_operator.py
[2024-03-25T22:27:28.842+0000] {processor.py:840} INFO - DAG(s) 'example_short_circuit_operator' retrieved from /home/airflow/.local/lib/python3.8/site-packages/airflow/example_dags/example_short_circuit_operator.py
[2024-03-25T22:27:28.855+0000] {logging_mixin.py:188} INFO - [2024-03-25T22:27:28.855+0000] {dag.py:3047} INFO - Sync 1 DAGs
[2024-03-25T22:27:28.864+0000] {logging_mixin.py:188} INFO - [2024-03-25T22:27:28.864+0000] {dag.py:3834} INFO - Setting next_dagrun for example_short_circuit_operator to 2024-03-24 00:00:00+00:00, run_after=2024-03-25 00:00:00+00:00
[2024-03-25T22:27:28.873+0000] {processor.py:183} INFO - Processing /home/airflow/.local/lib/python3.8/site-packages/airflow/example_dags/example_short_circuit_operator.py took 0.039 seconds
[2024-03-25T22:27:59.456+0000] {processor.py:161} INFO - Started process (PID=2203) to work on /home/airflow/.local/lib/python3.8/site-packages/airflow/example_dags/example_short_circuit_operator.py
[2024-03-25T22:27:59.457+0000] {processor.py:830} INFO - Processing file /home/airflow/.local/lib/python3.8/site-packages/airflow/example_dags/example_short_circuit_operator.py for tasks to queue
[2024-03-25T22:27:59.458+0000] {logging_mixin.py:188} INFO - [2024-03-25T22:27:59.457+0000] {dagbag.py:540} INFO - Filling up the DagBag from /home/airflow/.local/lib/python3.8/site-packages/airflow/example_dags/example_short_circuit_operator.py
[2024-03-25T22:27:59.462+0000] {processor.py:840} INFO - DAG(s) 'example_short_circuit_operator' retrieved from /home/airflow/.local/lib/python3.8/site-packages/airflow/example_dags/example_short_circuit_operator.py
[2024-03-25T22:27:59.475+0000] {logging_mixin.py:188} INFO - [2024-03-25T22:27:59.475+0000] {dag.py:3047} INFO - Sync 1 DAGs
[2024-03-25T22:27:59.484+0000] {logging_mixin.py:188} INFO - [2024-03-25T22:27:59.484+0000] {dag.py:3834} INFO - Setting next_dagrun for example_short_circuit_operator to 2024-03-24 00:00:00+00:00, run_after=2024-03-25 00:00:00+00:00
[2024-03-25T22:27:59.491+0000] {processor.py:183} INFO - Processing /home/airflow/.local/lib/python3.8/site-packages/airflow/example_dags/example_short_circuit_operator.py took 0.037 seconds
[2024-03-25T22:28:30.011+0000] {processor.py:161} INFO - Started process (PID=2258) to work on /home/airflow/.local/lib/python3.8/site-packages/airflow/example_dags/example_short_circuit_operator.py
[2024-03-25T22:28:30.012+0000] {processor.py:830} INFO - Processing file /home/airflow/.local/lib/python3.8/site-packages/airflow/example_dags/example_short_circuit_operator.py for tasks to queue
[2024-03-25T22:28:30.013+0000] {logging_mixin.py:188} INFO - [2024-03-25T22:28:30.012+0000] {dagbag.py:540} INFO - Filling up the DagBag from /home/airflow/.local/lib/python3.8/site-packages/airflow/example_dags/example_short_circuit_operator.py
[2024-03-25T22:28:30.017+0000] {processor.py:840} INFO - DAG(s) 'example_short_circuit_operator' retrieved from /home/airflow/.local/lib/python3.8/site-packages/airflow/example_dags/example_short_circuit_operator.py
[2024-03-25T22:28:30.030+0000] {logging_mixin.py:188} INFO - [2024-03-25T22:28:30.030+0000] {dag.py:3047} INFO - Sync 1 DAGs
[2024-03-25T22:28:30.039+0000] {logging_mixin.py:188} INFO - [2024-03-25T22:28:30.039+0000] {dag.py:3834} INFO - Setting next_dagrun for example_short_circuit_operator to 2024-03-24 00:00:00+00:00, run_after=2024-03-25 00:00:00+00:00
[2024-03-25T22:28:30.048+0000] {processor.py:183} INFO - Processing /home/airflow/.local/lib/python3.8/site-packages/airflow/example_dags/example_short_circuit_operator.py took 0.039 seconds
[2024-03-25T22:29:00.627+0000] {processor.py:161} INFO - Started process (PID=2313) to work on /home/airflow/.local/lib/python3.8/site-packages/airflow/example_dags/example_short_circuit_operator.py
[2024-03-25T22:29:00.627+0000] {processor.py:830} INFO - Processing file /home/airflow/.local/lib/python3.8/site-packages/airflow/example_dags/example_short_circuit_operator.py for tasks to queue
[2024-03-25T22:29:00.628+0000] {logging_mixin.py:188} INFO - [2024-03-25T22:29:00.628+0000] {dagbag.py:540} INFO - Filling up the DagBag from /home/airflow/.local/lib/python3.8/site-packages/airflow/example_dags/example_short_circuit_operator.py
[2024-03-25T22:29:00.632+0000] {processor.py:840} INFO - DAG(s) 'example_short_circuit_operator' retrieved from /home/airflow/.local/lib/python3.8/site-packages/airflow/example_dags/example_short_circuit_operator.py
[2024-03-25T22:29:00.646+0000] {logging_mixin.py:188} INFO - [2024-03-25T22:29:00.646+0000] {dag.py:3047} INFO - Sync 1 DAGs
[2024-03-25T22:29:00.656+0000] {logging_mixin.py:188} INFO - [2024-03-25T22:29:00.655+0000] {dag.py:3834} INFO - Setting next_dagrun for example_short_circuit_operator to 2024-03-24 00:00:00+00:00, run_after=2024-03-25 00:00:00+00:00
[2024-03-25T22:29:00.664+0000] {processor.py:183} INFO - Processing /home/airflow/.local/lib/python3.8/site-packages/airflow/example_dags/example_short_circuit_operator.py took 0.039 seconds
[2024-03-25T22:29:31.221+0000] {processor.py:161} INFO - Started process (PID=2368) to work on /home/airflow/.local/lib/python3.8/site-packages/airflow/example_dags/example_short_circuit_operator.py
[2024-03-25T22:29:31.221+0000] {processor.py:830} INFO - Processing file /home/airflow/.local/lib/python3.8/site-packages/airflow/example_dags/example_short_circuit_operator.py for tasks to queue
[2024-03-25T22:29:31.222+0000] {logging_mixin.py:188} INFO - [2024-03-25T22:29:31.222+0000] {dagbag.py:540} INFO - Filling up the DagBag from /home/airflow/.local/lib/python3.8/site-packages/airflow/example_dags/example_short_circuit_operator.py
[2024-03-25T22:29:31.227+0000] {processor.py:840} INFO - DAG(s) 'example_short_circuit_operator' retrieved from /home/airflow/.local/lib/python3.8/site-packages/airflow/example_dags/example_short_circuit_operator.py
[2024-03-25T22:29:31.240+0000] {logging_mixin.py:188} INFO - [2024-03-25T22:29:31.240+0000] {dag.py:3047} INFO - Sync 1 DAGs
[2024-03-25T22:29:31.249+0000] {logging_mixin.py:188} INFO - [2024-03-25T22:29:31.249+0000] {dag.py:3834} INFO - Setting next_dagrun for example_short_circuit_operator to 2024-03-24 00:00:00+00:00, run_after=2024-03-25 00:00:00+00:00
[2024-03-25T22:29:31.257+0000] {processor.py:183} INFO - Processing /home/airflow/.local/lib/python3.8/site-packages/airflow/example_dags/example_short_circuit_operator.py took 0.038 seconds
[2024-03-25T22:30:01.811+0000] {processor.py:161} INFO - Started process (PID=2429) to work on /home/airflow/.local/lib/python3.8/site-packages/airflow/example_dags/example_short_circuit_operator.py
[2024-03-25T22:30:01.812+0000] {processor.py:830} INFO - Processing file /home/airflow/.local/lib/python3.8/site-packages/airflow/example_dags/example_short_circuit_operator.py for tasks to queue
[2024-03-25T22:30:01.813+0000] {logging_mixin.py:188} INFO - [2024-03-25T22:30:01.813+0000] {dagbag.py:540} INFO - Filling up the DagBag from /home/airflow/.local/lib/python3.8/site-packages/airflow/example_dags/example_short_circuit_operator.py
[2024-03-25T22:30:01.817+0000] {processor.py:840} INFO - DAG(s) 'example_short_circuit_operator' retrieved from /home/airflow/.local/lib/python3.8/site-packages/airflow/example_dags/example_short_circuit_operator.py
[2024-03-25T22:30:01.830+0000] {logging_mixin.py:188} INFO - [2024-03-25T22:30:01.830+0000] {dag.py:3047} INFO - Sync 1 DAGs
[2024-03-25T22:30:01.840+0000] {logging_mixin.py:188} INFO - [2024-03-25T22:30:01.840+0000] {dag.py:3834} INFO - Setting next_dagrun for example_short_circuit_operator to 2024-03-24 00:00:00+00:00, run_after=2024-03-25 00:00:00+00:00
[2024-03-25T22:30:01.848+0000] {processor.py:183} INFO - Processing /home/airflow/.local/lib/python3.8/site-packages/airflow/example_dags/example_short_circuit_operator.py took 0.038 seconds
[2024-03-25T22:30:32.451+0000] {processor.py:161} INFO - Started process (PID=2484) to work on /home/airflow/.local/lib/python3.8/site-packages/airflow/example_dags/example_short_circuit_operator.py
[2024-03-25T22:30:32.452+0000] {processor.py:830} INFO - Processing file /home/airflow/.local/lib/python3.8/site-packages/airflow/example_dags/example_short_circuit_operator.py for tasks to queue
[2024-03-25T22:30:32.453+0000] {logging_mixin.py:188} INFO - [2024-03-25T22:30:32.452+0000] {dagbag.py:540} INFO - Filling up the DagBag from /home/airflow/.local/lib/python3.8/site-packages/airflow/example_dags/example_short_circuit_operator.py
[2024-03-25T22:30:32.457+0000] {processor.py:840} INFO - DAG(s) 'example_short_circuit_operator' retrieved from /home/airflow/.local/lib/python3.8/site-packages/airflow/example_dags/example_short_circuit_operator.py
[2024-03-25T22:30:32.470+0000] {logging_mixin.py:188} INFO - [2024-03-25T22:30:32.470+0000] {dag.py:3047} INFO - Sync 1 DAGs
[2024-03-25T22:30:32.480+0000] {logging_mixin.py:188} INFO - [2024-03-25T22:30:32.479+0000] {dag.py:3834} INFO - Setting next_dagrun for example_short_circuit_operator to 2024-03-24 00:00:00+00:00, run_after=2024-03-25 00:00:00+00:00
[2024-03-25T22:30:32.488+0000] {processor.py:183} INFO - Processing /home/airflow/.local/lib/python3.8/site-packages/airflow/example_dags/example_short_circuit_operator.py took 0.039 seconds
[2024-03-25T22:31:03.006+0000] {processor.py:161} INFO - Started process (PID=2539) to work on /home/airflow/.local/lib/python3.8/site-packages/airflow/example_dags/example_short_circuit_operator.py
[2024-03-25T22:31:03.006+0000] {processor.py:830} INFO - Processing file /home/airflow/.local/lib/python3.8/site-packages/airflow/example_dags/example_short_circuit_operator.py for tasks to queue
[2024-03-25T22:31:03.007+0000] {logging_mixin.py:188} INFO - [2024-03-25T22:31:03.007+0000] {dagbag.py:540} INFO - Filling up the DagBag from /home/airflow/.local/lib/python3.8/site-packages/airflow/example_dags/example_short_circuit_operator.py
[2024-03-25T22:31:03.011+0000] {processor.py:840} INFO - DAG(s) 'example_short_circuit_operator' retrieved from /home/airflow/.local/lib/python3.8/site-packages/airflow/example_dags/example_short_circuit_operator.py
[2024-03-25T22:31:03.024+0000] {logging_mixin.py:188} INFO - [2024-03-25T22:31:03.024+0000] {dag.py:3047} INFO - Sync 1 DAGs
[2024-03-25T22:31:03.034+0000] {logging_mixin.py:188} INFO - [2024-03-25T22:31:03.034+0000] {dag.py:3834} INFO - Setting next_dagrun for example_short_circuit_operator to 2024-03-24 00:00:00+00:00, run_after=2024-03-25 00:00:00+00:00
[2024-03-25T22:31:03.041+0000] {processor.py:183} INFO - Processing /home/airflow/.local/lib/python3.8/site-packages/airflow/example_dags/example_short_circuit_operator.py took 0.037 seconds
[2024-03-25T22:31:33.590+0000] {processor.py:161} INFO - Started process (PID=2594) to work on /home/airflow/.local/lib/python3.8/site-packages/airflow/example_dags/example_short_circuit_operator.py
[2024-03-25T22:31:33.590+0000] {processor.py:830} INFO - Processing file /home/airflow/.local/lib/python3.8/site-packages/airflow/example_dags/example_short_circuit_operator.py for tasks to queue
[2024-03-25T22:31:33.591+0000] {logging_mixin.py:188} INFO - [2024-03-25T22:31:33.591+0000] {dagbag.py:540} INFO - Filling up the DagBag from /home/airflow/.local/lib/python3.8/site-packages/airflow/example_dags/example_short_circuit_operator.py
[2024-03-25T22:31:33.595+0000] {processor.py:840} INFO - DAG(s) 'example_short_circuit_operator' retrieved from /home/airflow/.local/lib/python3.8/site-packages/airflow/example_dags/example_short_circuit_operator.py
[2024-03-25T22:31:33.609+0000] {logging_mixin.py:188} INFO - [2024-03-25T22:31:33.609+0000] {dag.py:3047} INFO - Sync 1 DAGs
[2024-03-25T22:31:33.618+0000] {logging_mixin.py:188} INFO - [2024-03-25T22:31:33.618+0000] {dag.py:3834} INFO - Setting next_dagrun for example_short_circuit_operator to 2024-03-24 00:00:00+00:00, run_after=2024-03-25 00:00:00+00:00
[2024-03-25T22:31:33.626+0000] {processor.py:183} INFO - Processing /home/airflow/.local/lib/python3.8/site-packages/airflow/example_dags/example_short_circuit_operator.py took 0.039 seconds
[2024-03-25T22:32:04.263+0000] {processor.py:161} INFO - Started process (PID=2649) to work on /home/airflow/.local/lib/python3.8/site-packages/airflow/example_dags/example_short_circuit_operator.py
[2024-03-25T22:32:04.264+0000] {processor.py:830} INFO - Processing file /home/airflow/.local/lib/python3.8/site-packages/airflow/example_dags/example_short_circuit_operator.py for tasks to queue
[2024-03-25T22:32:04.265+0000] {logging_mixin.py:188} INFO - [2024-03-25T22:32:04.265+0000] {dagbag.py:540} INFO - Filling up the DagBag from /home/airflow/.local/lib/python3.8/site-packages/airflow/example_dags/example_short_circuit_operator.py
[2024-03-25T22:32:04.269+0000] {processor.py:840} INFO - DAG(s) 'example_short_circuit_operator' retrieved from /home/airflow/.local/lib/python3.8/site-packages/airflow/example_dags/example_short_circuit_operator.py
[2024-03-25T22:32:04.282+0000] {logging_mixin.py:188} INFO - [2024-03-25T22:32:04.282+0000] {dag.py:3047} INFO - Sync 1 DAGs
[2024-03-25T22:32:04.292+0000] {logging_mixin.py:188} INFO - [2024-03-25T22:32:04.292+0000] {dag.py:3834} INFO - Setting next_dagrun for example_short_circuit_operator to 2024-03-24 00:00:00+00:00, run_after=2024-03-25 00:00:00+00:00
[2024-03-25T22:32:04.300+0000] {processor.py:183} INFO - Processing /home/airflow/.local/lib/python3.8/site-packages/airflow/example_dags/example_short_circuit_operator.py took 0.038 seconds
[2024-03-25T22:32:34.940+0000] {processor.py:161} INFO - Started process (PID=2704) to work on /home/airflow/.local/lib/python3.8/site-packages/airflow/example_dags/example_short_circuit_operator.py
[2024-03-25T22:32:34.941+0000] {processor.py:830} INFO - Processing file /home/airflow/.local/lib/python3.8/site-packages/airflow/example_dags/example_short_circuit_operator.py for tasks to queue
[2024-03-25T22:32:34.942+0000] {logging_mixin.py:188} INFO - [2024-03-25T22:32:34.941+0000] {dagbag.py:540} INFO - Filling up the DagBag from /home/airflow/.local/lib/python3.8/site-packages/airflow/example_dags/example_short_circuit_operator.py
[2024-03-25T22:32:34.946+0000] {processor.py:840} INFO - DAG(s) 'example_short_circuit_operator' retrieved from /home/airflow/.local/lib/python3.8/site-packages/airflow/example_dags/example_short_circuit_operator.py
[2024-03-25T22:32:34.959+0000] {logging_mixin.py:188} INFO - [2024-03-25T22:32:34.959+0000] {dag.py:3047} INFO - Sync 1 DAGs
[2024-03-25T22:32:34.969+0000] {logging_mixin.py:188} INFO - [2024-03-25T22:32:34.969+0000] {dag.py:3834} INFO - Setting next_dagrun for example_short_circuit_operator to 2024-03-24 00:00:00+00:00, run_after=2024-03-25 00:00:00+00:00
[2024-03-25T22:32:34.977+0000] {processor.py:183} INFO - Processing /home/airflow/.local/lib/python3.8/site-packages/airflow/example_dags/example_short_circuit_operator.py took 0.039 seconds
[2024-03-25T22:33:05.759+0000] {processor.py:161} INFO - Started process (PID=2759) to work on /home/airflow/.local/lib/python3.8/site-packages/airflow/example_dags/example_short_circuit_operator.py
[2024-03-25T22:33:05.760+0000] {processor.py:830} INFO - Processing file /home/airflow/.local/lib/python3.8/site-packages/airflow/example_dags/example_short_circuit_operator.py for tasks to queue
[2024-03-25T22:33:05.761+0000] {logging_mixin.py:188} INFO - [2024-03-25T22:33:05.760+0000] {dagbag.py:540} INFO - Filling up the DagBag from /home/airflow/.local/lib/python3.8/site-packages/airflow/example_dags/example_short_circuit_operator.py
[2024-03-25T22:33:05.765+0000] {processor.py:840} INFO - DAG(s) 'example_short_circuit_operator' retrieved from /home/airflow/.local/lib/python3.8/site-packages/airflow/example_dags/example_short_circuit_operator.py
[2024-03-25T22:33:05.778+0000] {logging_mixin.py:188} INFO - [2024-03-25T22:33:05.778+0000] {dag.py:3047} INFO - Sync 1 DAGs
[2024-03-25T22:33:05.788+0000] {logging_mixin.py:188} INFO - [2024-03-25T22:33:05.788+0000] {dag.py:3834} INFO - Setting next_dagrun for example_short_circuit_operator to 2024-03-24 00:00:00+00:00, run_after=2024-03-25 00:00:00+00:00
[2024-03-25T22:33:05.796+0000] {processor.py:183} INFO - Processing /home/airflow/.local/lib/python3.8/site-packages/airflow/example_dags/example_short_circuit_operator.py took 0.039 seconds
[2024-03-25T22:33:36.604+0000] {processor.py:161} INFO - Started process (PID=2814) to work on /home/airflow/.local/lib/python3.8/site-packages/airflow/example_dags/example_short_circuit_operator.py
[2024-03-25T22:33:36.605+0000] {processor.py:830} INFO - Processing file /home/airflow/.local/lib/python3.8/site-packages/airflow/example_dags/example_short_circuit_operator.py for tasks to queue
[2024-03-25T22:33:36.606+0000] {logging_mixin.py:188} INFO - [2024-03-25T22:33:36.606+0000] {dagbag.py:540} INFO - Filling up the DagBag from /home/airflow/.local/lib/python3.8/site-packages/airflow/example_dags/example_short_circuit_operator.py
[2024-03-25T22:33:36.610+0000] {processor.py:840} INFO - DAG(s) 'example_short_circuit_operator' retrieved from /home/airflow/.local/lib/python3.8/site-packages/airflow/example_dags/example_short_circuit_operator.py
[2024-03-25T22:33:36.623+0000] {logging_mixin.py:188} INFO - [2024-03-25T22:33:36.623+0000] {dag.py:3047} INFO - Sync 1 DAGs
[2024-03-25T22:33:36.633+0000] {logging_mixin.py:188} INFO - [2024-03-25T22:33:36.632+0000] {dag.py:3834} INFO - Setting next_dagrun for example_short_circuit_operator to 2024-03-24 00:00:00+00:00, run_after=2024-03-25 00:00:00+00:00
[2024-03-25T22:33:36.640+0000] {processor.py:183} INFO - Processing /home/airflow/.local/lib/python3.8/site-packages/airflow/example_dags/example_short_circuit_operator.py took 0.038 seconds
[2024-03-25T22:34:06.815+0000] {processor.py:161} INFO - Started process (PID=2869) to work on /home/airflow/.local/lib/python3.8/site-packages/airflow/example_dags/example_short_circuit_operator.py
[2024-03-25T22:34:06.816+0000] {processor.py:830} INFO - Processing file /home/airflow/.local/lib/python3.8/site-packages/airflow/example_dags/example_short_circuit_operator.py for tasks to queue
[2024-03-25T22:34:06.817+0000] {logging_mixin.py:188} INFO - [2024-03-25T22:34:06.817+0000] {dagbag.py:540} INFO - Filling up the DagBag from /home/airflow/.local/lib/python3.8/site-packages/airflow/example_dags/example_short_circuit_operator.py
[2024-03-25T22:34:06.821+0000] {processor.py:840} INFO - DAG(s) 'example_short_circuit_operator' retrieved from /home/airflow/.local/lib/python3.8/site-packages/airflow/example_dags/example_short_circuit_operator.py
[2024-03-25T22:34:06.835+0000] {logging_mixin.py:188} INFO - [2024-03-25T22:34:06.834+0000] {dag.py:3047} INFO - Sync 1 DAGs
[2024-03-25T22:34:06.844+0000] {logging_mixin.py:188} INFO - [2024-03-25T22:34:06.844+0000] {dag.py:3834} INFO - Setting next_dagrun for example_short_circuit_operator to 2024-03-24 00:00:00+00:00, run_after=2024-03-25 00:00:00+00:00
[2024-03-25T22:34:06.852+0000] {processor.py:183} INFO - Processing /home/airflow/.local/lib/python3.8/site-packages/airflow/example_dags/example_short_circuit_operator.py took 0.038 seconds
[2024-03-25T22:34:37.016+0000] {processor.py:161} INFO - Started process (PID=2925) to work on /home/airflow/.local/lib/python3.8/site-packages/airflow/example_dags/example_short_circuit_operator.py
[2024-03-25T22:34:37.017+0000] {processor.py:830} INFO - Processing file /home/airflow/.local/lib/python3.8/site-packages/airflow/example_dags/example_short_circuit_operator.py for tasks to queue
[2024-03-25T22:34:37.018+0000] {logging_mixin.py:188} INFO - [2024-03-25T22:34:37.017+0000] {dagbag.py:540} INFO - Filling up the DagBag from /home/airflow/.local/lib/python3.8/site-packages/airflow/example_dags/example_short_circuit_operator.py
[2024-03-25T22:34:37.022+0000] {processor.py:840} INFO - DAG(s) 'example_short_circuit_operator' retrieved from /home/airflow/.local/lib/python3.8/site-packages/airflow/example_dags/example_short_circuit_operator.py
[2024-03-25T22:34:37.035+0000] {logging_mixin.py:188} INFO - [2024-03-25T22:34:37.035+0000] {dag.py:3047} INFO - Sync 1 DAGs
[2024-03-25T22:34:37.045+0000] {logging_mixin.py:188} INFO - [2024-03-25T22:34:37.045+0000] {dag.py:3834} INFO - Setting next_dagrun for example_short_circuit_operator to 2024-03-24 00:00:00+00:00, run_after=2024-03-25 00:00:00+00:00
[2024-03-25T22:34:37.052+0000] {processor.py:183} INFO - Processing /home/airflow/.local/lib/python3.8/site-packages/airflow/example_dags/example_short_circuit_operator.py took 0.038 seconds
[2024-03-25T22:35:07.567+0000] {processor.py:161} INFO - Started process (PID=2980) to work on /home/airflow/.local/lib/python3.8/site-packages/airflow/example_dags/example_short_circuit_operator.py
[2024-03-25T22:35:07.567+0000] {processor.py:830} INFO - Processing file /home/airflow/.local/lib/python3.8/site-packages/airflow/example_dags/example_short_circuit_operator.py for tasks to queue
[2024-03-25T22:35:07.568+0000] {logging_mixin.py:188} INFO - [2024-03-25T22:35:07.568+0000] {dagbag.py:540} INFO - Filling up the DagBag from /home/airflow/.local/lib/python3.8/site-packages/airflow/example_dags/example_short_circuit_operator.py
[2024-03-25T22:35:07.572+0000] {processor.py:840} INFO - DAG(s) 'example_short_circuit_operator' retrieved from /home/airflow/.local/lib/python3.8/site-packages/airflow/example_dags/example_short_circuit_operator.py
[2024-03-25T22:35:07.586+0000] {logging_mixin.py:188} INFO - [2024-03-25T22:35:07.585+0000] {dag.py:3047} INFO - Sync 1 DAGs
[2024-03-25T22:35:07.594+0000] {logging_mixin.py:188} INFO - [2024-03-25T22:35:07.594+0000] {dag.py:3834} INFO - Setting next_dagrun for example_short_circuit_operator to 2024-03-24 00:00:00+00:00, run_after=2024-03-25 00:00:00+00:00
[2024-03-25T22:35:07.601+0000] {processor.py:183} INFO - Processing /home/airflow/.local/lib/python3.8/site-packages/airflow/example_dags/example_short_circuit_operator.py took 0.036 seconds
[2024-03-25T22:35:38.355+0000] {processor.py:161} INFO - Started process (PID=3035) to work on /home/airflow/.local/lib/python3.8/site-packages/airflow/example_dags/example_short_circuit_operator.py
[2024-03-25T22:35:38.356+0000] {processor.py:830} INFO - Processing file /home/airflow/.local/lib/python3.8/site-packages/airflow/example_dags/example_short_circuit_operator.py for tasks to queue
[2024-03-25T22:35:38.357+0000] {logging_mixin.py:188} INFO - [2024-03-25T22:35:38.357+0000] {dagbag.py:540} INFO - Filling up the DagBag from /home/airflow/.local/lib/python3.8/site-packages/airflow/example_dags/example_short_circuit_operator.py
[2024-03-25T22:35:38.362+0000] {processor.py:840} INFO - DAG(s) 'example_short_circuit_operator' retrieved from /home/airflow/.local/lib/python3.8/site-packages/airflow/example_dags/example_short_circuit_operator.py
[2024-03-25T22:35:38.457+0000] {logging_mixin.py:188} INFO - [2024-03-25T22:35:38.456+0000] {dag.py:3047} INFO - Sync 1 DAGs
[2024-03-25T22:35:38.466+0000] {logging_mixin.py:188} INFO - [2024-03-25T22:35:38.465+0000] {dag.py:3834} INFO - Setting next_dagrun for example_short_circuit_operator to 2024-03-24 00:00:00+00:00, run_after=2024-03-25 00:00:00+00:00
[2024-03-25T22:35:38.473+0000] {processor.py:183} INFO - Processing /home/airflow/.local/lib/python3.8/site-packages/airflow/example_dags/example_short_circuit_operator.py took 0.121 seconds
[2024-03-25T22:36:09.391+0000] {processor.py:161} INFO - Started process (PID=3090) to work on /home/airflow/.local/lib/python3.8/site-packages/airflow/example_dags/example_short_circuit_operator.py
[2024-03-25T22:36:09.391+0000] {processor.py:830} INFO - Processing file /home/airflow/.local/lib/python3.8/site-packages/airflow/example_dags/example_short_circuit_operator.py for tasks to queue
[2024-03-25T22:36:09.393+0000] {logging_mixin.py:188} INFO - [2024-03-25T22:36:09.392+0000] {dagbag.py:540} INFO - Filling up the DagBag from /home/airflow/.local/lib/python3.8/site-packages/airflow/example_dags/example_short_circuit_operator.py
[2024-03-25T22:36:09.397+0000] {processor.py:840} INFO - DAG(s) 'example_short_circuit_operator' retrieved from /home/airflow/.local/lib/python3.8/site-packages/airflow/example_dags/example_short_circuit_operator.py
[2024-03-25T22:36:09.411+0000] {logging_mixin.py:188} INFO - [2024-03-25T22:36:09.410+0000] {dag.py:3047} INFO - Sync 1 DAGs
[2024-03-25T22:36:09.420+0000] {logging_mixin.py:188} INFO - [2024-03-25T22:36:09.420+0000] {dag.py:3834} INFO - Setting next_dagrun for example_short_circuit_operator to 2024-03-24 00:00:00+00:00, run_after=2024-03-25 00:00:00+00:00
[2024-03-25T22:36:09.428+0000] {processor.py:183} INFO - Processing /home/airflow/.local/lib/python3.8/site-packages/airflow/example_dags/example_short_circuit_operator.py took 0.039 seconds
[2024-03-25T22:36:40.080+0000] {processor.py:161} INFO - Started process (PID=3146) to work on /home/airflow/.local/lib/python3.8/site-packages/airflow/example_dags/example_short_circuit_operator.py
[2024-03-25T22:36:40.080+0000] {processor.py:830} INFO - Processing file /home/airflow/.local/lib/python3.8/site-packages/airflow/example_dags/example_short_circuit_operator.py for tasks to queue
[2024-03-25T22:36:40.081+0000] {logging_mixin.py:188} INFO - [2024-03-25T22:36:40.081+0000] {dagbag.py:540} INFO - Filling up the DagBag from /home/airflow/.local/lib/python3.8/site-packages/airflow/example_dags/example_short_circuit_operator.py
[2024-03-25T22:36:40.086+0000] {processor.py:840} INFO - DAG(s) 'example_short_circuit_operator' retrieved from /home/airflow/.local/lib/python3.8/site-packages/airflow/example_dags/example_short_circuit_operator.py
[2024-03-25T22:36:40.100+0000] {logging_mixin.py:188} INFO - [2024-03-25T22:36:40.100+0000] {dag.py:3047} INFO - Sync 1 DAGs
[2024-03-25T22:36:40.110+0000] {logging_mixin.py:188} INFO - [2024-03-25T22:36:40.110+0000] {dag.py:3834} INFO - Setting next_dagrun for example_short_circuit_operator to 2024-03-24 00:00:00+00:00, run_after=2024-03-25 00:00:00+00:00
[2024-03-25T22:36:40.117+0000] {processor.py:183} INFO - Processing /home/airflow/.local/lib/python3.8/site-packages/airflow/example_dags/example_short_circuit_operator.py took 0.039 seconds
[2024-03-25T22:37:10.804+0000] {processor.py:161} INFO - Started process (PID=3201) to work on /home/airflow/.local/lib/python3.8/site-packages/airflow/example_dags/example_short_circuit_operator.py
[2024-03-25T22:37:10.804+0000] {processor.py:830} INFO - Processing file /home/airflow/.local/lib/python3.8/site-packages/airflow/example_dags/example_short_circuit_operator.py for tasks to queue
[2024-03-25T22:37:10.805+0000] {logging_mixin.py:188} INFO - [2024-03-25T22:37:10.805+0000] {dagbag.py:540} INFO - Filling up the DagBag from /home/airflow/.local/lib/python3.8/site-packages/airflow/example_dags/example_short_circuit_operator.py
[2024-03-25T22:37:10.810+0000] {processor.py:840} INFO - DAG(s) 'example_short_circuit_operator' retrieved from /home/airflow/.local/lib/python3.8/site-packages/airflow/example_dags/example_short_circuit_operator.py
[2024-03-25T22:37:10.823+0000] {logging_mixin.py:188} INFO - [2024-03-25T22:37:10.823+0000] {dag.py:3047} INFO - Sync 1 DAGs
[2024-03-25T22:37:10.833+0000] {logging_mixin.py:188} INFO - [2024-03-25T22:37:10.833+0000] {dag.py:3834} INFO - Setting next_dagrun for example_short_circuit_operator to 2024-03-24 00:00:00+00:00, run_after=2024-03-25 00:00:00+00:00
[2024-03-25T22:37:10.840+0000] {processor.py:183} INFO - Processing /home/airflow/.local/lib/python3.8/site-packages/airflow/example_dags/example_short_circuit_operator.py took 0.038 seconds
[2024-03-25T22:37:41.554+0000] {processor.py:161} INFO - Started process (PID=3256) to work on /home/airflow/.local/lib/python3.8/site-packages/airflow/example_dags/example_short_circuit_operator.py
[2024-03-25T22:37:41.554+0000] {processor.py:830} INFO - Processing file /home/airflow/.local/lib/python3.8/site-packages/airflow/example_dags/example_short_circuit_operator.py for tasks to queue
[2024-03-25T22:37:41.555+0000] {logging_mixin.py:188} INFO - [2024-03-25T22:37:41.555+0000] {dagbag.py:540} INFO - Filling up the DagBag from /home/airflow/.local/lib/python3.8/site-packages/airflow/example_dags/example_short_circuit_operator.py
[2024-03-25T22:37:41.559+0000] {processor.py:840} INFO - DAG(s) 'example_short_circuit_operator' retrieved from /home/airflow/.local/lib/python3.8/site-packages/airflow/example_dags/example_short_circuit_operator.py
[2024-03-25T22:37:41.573+0000] {logging_mixin.py:188} INFO - [2024-03-25T22:37:41.573+0000] {dag.py:3047} INFO - Sync 1 DAGs
[2024-03-25T22:37:41.583+0000] {logging_mixin.py:188} INFO - [2024-03-25T22:37:41.583+0000] {dag.py:3834} INFO - Setting next_dagrun for example_short_circuit_operator to 2024-03-24 00:00:00+00:00, run_after=2024-03-25 00:00:00+00:00
[2024-03-25T22:37:41.590+0000] {processor.py:183} INFO - Processing /home/airflow/.local/lib/python3.8/site-packages/airflow/example_dags/example_short_circuit_operator.py took 0.038 seconds
[2024-03-25T22:38:12.196+0000] {processor.py:161} INFO - Started process (PID=3311) to work on /home/airflow/.local/lib/python3.8/site-packages/airflow/example_dags/example_short_circuit_operator.py
[2024-03-25T22:38:12.197+0000] {processor.py:830} INFO - Processing file /home/airflow/.local/lib/python3.8/site-packages/airflow/example_dags/example_short_circuit_operator.py for tasks to queue
[2024-03-25T22:38:12.198+0000] {logging_mixin.py:188} INFO - [2024-03-25T22:38:12.197+0000] {dagbag.py:540} INFO - Filling up the DagBag from /home/airflow/.local/lib/python3.8/site-packages/airflow/example_dags/example_short_circuit_operator.py
[2024-03-25T22:38:12.202+0000] {processor.py:840} INFO - DAG(s) 'example_short_circuit_operator' retrieved from /home/airflow/.local/lib/python3.8/site-packages/airflow/example_dags/example_short_circuit_operator.py
[2024-03-25T22:38:12.215+0000] {logging_mixin.py:188} INFO - [2024-03-25T22:38:12.215+0000] {dag.py:3047} INFO - Sync 1 DAGs
[2024-03-25T22:38:12.224+0000] {logging_mixin.py:188} INFO - [2024-03-25T22:38:12.224+0000] {dag.py:3834} INFO - Setting next_dagrun for example_short_circuit_operator to 2024-03-24 00:00:00+00:00, run_after=2024-03-25 00:00:00+00:00
[2024-03-25T22:38:12.231+0000] {processor.py:183} INFO - Processing /home/airflow/.local/lib/python3.8/site-packages/airflow/example_dags/example_short_circuit_operator.py took 0.037 seconds
[2024-03-25T22:38:42.936+0000] {processor.py:161} INFO - Started process (PID=3366) to work on /home/airflow/.local/lib/python3.8/site-packages/airflow/example_dags/example_short_circuit_operator.py
[2024-03-25T22:38:42.937+0000] {processor.py:830} INFO - Processing file /home/airflow/.local/lib/python3.8/site-packages/airflow/example_dags/example_short_circuit_operator.py for tasks to queue
[2024-03-25T22:38:42.938+0000] {logging_mixin.py:188} INFO - [2024-03-25T22:38:42.937+0000] {dagbag.py:540} INFO - Filling up the DagBag from /home/airflow/.local/lib/python3.8/site-packages/airflow/example_dags/example_short_circuit_operator.py
[2024-03-25T22:38:42.942+0000] {processor.py:840} INFO - DAG(s) 'example_short_circuit_operator' retrieved from /home/airflow/.local/lib/python3.8/site-packages/airflow/example_dags/example_short_circuit_operator.py
[2024-03-25T22:38:42.955+0000] {logging_mixin.py:188} INFO - [2024-03-25T22:38:42.955+0000] {dag.py:3047} INFO - Sync 1 DAGs
[2024-03-25T22:38:42.964+0000] {logging_mixin.py:188} INFO - [2024-03-25T22:38:42.964+0000] {dag.py:3834} INFO - Setting next_dagrun for example_short_circuit_operator to 2024-03-24 00:00:00+00:00, run_after=2024-03-25 00:00:00+00:00
[2024-03-25T22:38:42.972+0000] {processor.py:183} INFO - Processing /home/airflow/.local/lib/python3.8/site-packages/airflow/example_dags/example_short_circuit_operator.py took 0.038 seconds
[2024-03-25T22:39:13.639+0000] {processor.py:161} INFO - Started process (PID=3421) to work on /home/airflow/.local/lib/python3.8/site-packages/airflow/example_dags/example_short_circuit_operator.py
[2024-03-25T22:39:13.639+0000] {processor.py:830} INFO - Processing file /home/airflow/.local/lib/python3.8/site-packages/airflow/example_dags/example_short_circuit_operator.py for tasks to queue
[2024-03-25T22:39:13.640+0000] {logging_mixin.py:188} INFO - [2024-03-25T22:39:13.640+0000] {dagbag.py:540} INFO - Filling up the DagBag from /home/airflow/.local/lib/python3.8/site-packages/airflow/example_dags/example_short_circuit_operator.py
[2024-03-25T22:39:13.644+0000] {processor.py:840} INFO - DAG(s) 'example_short_circuit_operator' retrieved from /home/airflow/.local/lib/python3.8/site-packages/airflow/example_dags/example_short_circuit_operator.py
[2024-03-25T22:39:13.658+0000] {logging_mixin.py:188} INFO - [2024-03-25T22:39:13.658+0000] {dag.py:3047} INFO - Sync 1 DAGs
[2024-03-25T22:39:13.668+0000] {logging_mixin.py:188} INFO - [2024-03-25T22:39:13.668+0000] {dag.py:3834} INFO - Setting next_dagrun for example_short_circuit_operator to 2024-03-24 00:00:00+00:00, run_after=2024-03-25 00:00:00+00:00
[2024-03-25T22:39:13.675+0000] {processor.py:183} INFO - Processing /home/airflow/.local/lib/python3.8/site-packages/airflow/example_dags/example_short_circuit_operator.py took 0.038 seconds
[2024-03-25T22:39:44.385+0000] {processor.py:161} INFO - Started process (PID=3475) to work on /home/airflow/.local/lib/python3.8/site-packages/airflow/example_dags/example_short_circuit_operator.py
[2024-03-25T22:39:44.386+0000] {processor.py:830} INFO - Processing file /home/airflow/.local/lib/python3.8/site-packages/airflow/example_dags/example_short_circuit_operator.py for tasks to queue
[2024-03-25T22:39:44.387+0000] {logging_mixin.py:188} INFO - [2024-03-25T22:39:44.387+0000] {dagbag.py:540} INFO - Filling up the DagBag from /home/airflow/.local/lib/python3.8/site-packages/airflow/example_dags/example_short_circuit_operator.py
[2024-03-25T22:39:44.391+0000] {processor.py:840} INFO - DAG(s) 'example_short_circuit_operator' retrieved from /home/airflow/.local/lib/python3.8/site-packages/airflow/example_dags/example_short_circuit_operator.py
[2024-03-25T22:39:44.405+0000] {logging_mixin.py:188} INFO - [2024-03-25T22:39:44.405+0000] {dag.py:3047} INFO - Sync 1 DAGs
[2024-03-25T22:39:44.415+0000] {logging_mixin.py:188} INFO - [2024-03-25T22:39:44.415+0000] {dag.py:3834} INFO - Setting next_dagrun for example_short_circuit_operator to 2024-03-24 00:00:00+00:00, run_after=2024-03-25 00:00:00+00:00
[2024-03-25T22:39:44.422+0000] {processor.py:183} INFO - Processing /home/airflow/.local/lib/python3.8/site-packages/airflow/example_dags/example_short_circuit_operator.py took 0.039 seconds
[2024-03-25T22:40:15.123+0000] {processor.py:161} INFO - Started process (PID=3530) to work on /home/airflow/.local/lib/python3.8/site-packages/airflow/example_dags/example_short_circuit_operator.py
[2024-03-25T22:40:15.124+0000] {processor.py:830} INFO - Processing file /home/airflow/.local/lib/python3.8/site-packages/airflow/example_dags/example_short_circuit_operator.py for tasks to queue
[2024-03-25T22:40:15.125+0000] {logging_mixin.py:188} INFO - [2024-03-25T22:40:15.124+0000] {dagbag.py:540} INFO - Filling up the DagBag from /home/airflow/.local/lib/python3.8/site-packages/airflow/example_dags/example_short_circuit_operator.py
[2024-03-25T22:40:15.128+0000] {processor.py:840} INFO - DAG(s) 'example_short_circuit_operator' retrieved from /home/airflow/.local/lib/python3.8/site-packages/airflow/example_dags/example_short_circuit_operator.py
[2024-03-25T22:40:15.142+0000] {logging_mixin.py:188} INFO - [2024-03-25T22:40:15.142+0000] {dag.py:3047} INFO - Sync 1 DAGs
[2024-03-25T22:40:15.151+0000] {logging_mixin.py:188} INFO - [2024-03-25T22:40:15.151+0000] {dag.py:3834} INFO - Setting next_dagrun for example_short_circuit_operator to 2024-03-24 00:00:00+00:00, run_after=2024-03-25 00:00:00+00:00
[2024-03-25T22:40:15.159+0000] {processor.py:183} INFO - Processing /home/airflow/.local/lib/python3.8/site-packages/airflow/example_dags/example_short_circuit_operator.py took 0.037 seconds
[2024-03-25T22:40:45.862+0000] {processor.py:161} INFO - Started process (PID=3585) to work on /home/airflow/.local/lib/python3.8/site-packages/airflow/example_dags/example_short_circuit_operator.py
[2024-03-25T22:40:45.863+0000] {processor.py:830} INFO - Processing file /home/airflow/.local/lib/python3.8/site-packages/airflow/example_dags/example_short_circuit_operator.py for tasks to queue
[2024-03-25T22:40:45.864+0000] {logging_mixin.py:188} INFO - [2024-03-25T22:40:45.864+0000] {dagbag.py:540} INFO - Filling up the DagBag from /home/airflow/.local/lib/python3.8/site-packages/airflow/example_dags/example_short_circuit_operator.py
[2024-03-25T22:40:45.869+0000] {processor.py:840} INFO - DAG(s) 'example_short_circuit_operator' retrieved from /home/airflow/.local/lib/python3.8/site-packages/airflow/example_dags/example_short_circuit_operator.py
[2024-03-25T22:40:45.883+0000] {logging_mixin.py:188} INFO - [2024-03-25T22:40:45.883+0000] {dag.py:3047} INFO - Sync 1 DAGs
[2024-03-25T22:40:45.892+0000] {logging_mixin.py:188} INFO - [2024-03-25T22:40:45.892+0000] {dag.py:3834} INFO - Setting next_dagrun for example_short_circuit_operator to 2024-03-24 00:00:00+00:00, run_after=2024-03-25 00:00:00+00:00
[2024-03-25T22:40:45.900+0000] {processor.py:183} INFO - Processing /home/airflow/.local/lib/python3.8/site-packages/airflow/example_dags/example_short_circuit_operator.py took 0.040 seconds
[2024-03-25T22:41:16.717+0000] {processor.py:161} INFO - Started process (PID=3640) to work on /home/airflow/.local/lib/python3.8/site-packages/airflow/example_dags/example_short_circuit_operator.py
[2024-03-25T22:41:16.718+0000] {processor.py:830} INFO - Processing file /home/airflow/.local/lib/python3.8/site-packages/airflow/example_dags/example_short_circuit_operator.py for tasks to queue
[2024-03-25T22:41:16.719+0000] {logging_mixin.py:188} INFO - [2024-03-25T22:41:16.719+0000] {dagbag.py:540} INFO - Filling up the DagBag from /home/airflow/.local/lib/python3.8/site-packages/airflow/example_dags/example_short_circuit_operator.py
[2024-03-25T22:41:16.723+0000] {processor.py:840} INFO - DAG(s) 'example_short_circuit_operator' retrieved from /home/airflow/.local/lib/python3.8/site-packages/airflow/example_dags/example_short_circuit_operator.py
[2024-03-25T22:41:16.737+0000] {logging_mixin.py:188} INFO - [2024-03-25T22:41:16.737+0000] {dag.py:3047} INFO - Sync 1 DAGs
[2024-03-25T22:41:16.747+0000] {logging_mixin.py:188} INFO - [2024-03-25T22:41:16.747+0000] {dag.py:3834} INFO - Setting next_dagrun for example_short_circuit_operator to 2024-03-24 00:00:00+00:00, run_after=2024-03-25 00:00:00+00:00
[2024-03-25T22:41:16.755+0000] {processor.py:183} INFO - Processing /home/airflow/.local/lib/python3.8/site-packages/airflow/example_dags/example_short_circuit_operator.py took 0.039 seconds
[2024-03-25T22:41:47.448+0000] {processor.py:161} INFO - Started process (PID=3695) to work on /home/airflow/.local/lib/python3.8/site-packages/airflow/example_dags/example_short_circuit_operator.py
[2024-03-25T22:41:47.449+0000] {processor.py:830} INFO - Processing file /home/airflow/.local/lib/python3.8/site-packages/airflow/example_dags/example_short_circuit_operator.py for tasks to queue
[2024-03-25T22:41:47.450+0000] {logging_mixin.py:188} INFO - [2024-03-25T22:41:47.449+0000] {dagbag.py:540} INFO - Filling up the DagBag from /home/airflow/.local/lib/python3.8/site-packages/airflow/example_dags/example_short_circuit_operator.py
[2024-03-25T22:41:47.453+0000] {processor.py:840} INFO - DAG(s) 'example_short_circuit_operator' retrieved from /home/airflow/.local/lib/python3.8/site-packages/airflow/example_dags/example_short_circuit_operator.py
[2024-03-25T22:41:47.467+0000] {logging_mixin.py:188} INFO - [2024-03-25T22:41:47.467+0000] {dag.py:3047} INFO - Sync 1 DAGs
[2024-03-25T22:41:47.477+0000] {logging_mixin.py:188} INFO - [2024-03-25T22:41:47.477+0000] {dag.py:3834} INFO - Setting next_dagrun for example_short_circuit_operator to 2024-03-24 00:00:00+00:00, run_after=2024-03-25 00:00:00+00:00
[2024-03-25T22:41:47.484+0000] {processor.py:183} INFO - Processing /home/airflow/.local/lib/python3.8/site-packages/airflow/example_dags/example_short_circuit_operator.py took 0.038 seconds
[2024-03-25T22:42:18.265+0000] {processor.py:161} INFO - Started process (PID=3750) to work on /home/airflow/.local/lib/python3.8/site-packages/airflow/example_dags/example_short_circuit_operator.py
[2024-03-25T22:42:18.266+0000] {processor.py:830} INFO - Processing file /home/airflow/.local/lib/python3.8/site-packages/airflow/example_dags/example_short_circuit_operator.py for tasks to queue
[2024-03-25T22:42:18.267+0000] {logging_mixin.py:188} INFO - [2024-03-25T22:42:18.267+0000] {dagbag.py:540} INFO - Filling up the DagBag from /home/airflow/.local/lib/python3.8/site-packages/airflow/example_dags/example_short_circuit_operator.py
[2024-03-25T22:42:18.271+0000] {processor.py:840} INFO - DAG(s) 'example_short_circuit_operator' retrieved from /home/airflow/.local/lib/python3.8/site-packages/airflow/example_dags/example_short_circuit_operator.py
[2024-03-25T22:42:18.284+0000] {logging_mixin.py:188} INFO - [2024-03-25T22:42:18.284+0000] {dag.py:3047} INFO - Sync 1 DAGs
[2024-03-25T22:42:18.293+0000] {logging_mixin.py:188} INFO - [2024-03-25T22:42:18.293+0000] {dag.py:3834} INFO - Setting next_dagrun for example_short_circuit_operator to 2024-03-24 00:00:00+00:00, run_after=2024-03-25 00:00:00+00:00
[2024-03-25T22:42:18.300+0000] {processor.py:183} INFO - Processing /home/airflow/.local/lib/python3.8/site-packages/airflow/example_dags/example_short_circuit_operator.py took 0.037 seconds
[2024-03-25T22:42:49.128+0000] {processor.py:161} INFO - Started process (PID=3805) to work on /home/airflow/.local/lib/python3.8/site-packages/airflow/example_dags/example_short_circuit_operator.py
[2024-03-25T22:42:49.128+0000] {processor.py:830} INFO - Processing file /home/airflow/.local/lib/python3.8/site-packages/airflow/example_dags/example_short_circuit_operator.py for tasks to queue
[2024-03-25T22:42:49.129+0000] {logging_mixin.py:188} INFO - [2024-03-25T22:42:49.129+0000] {dagbag.py:540} INFO - Filling up the DagBag from /home/airflow/.local/lib/python3.8/site-packages/airflow/example_dags/example_short_circuit_operator.py
[2024-03-25T22:42:49.134+0000] {processor.py:840} INFO - DAG(s) 'example_short_circuit_operator' retrieved from /home/airflow/.local/lib/python3.8/site-packages/airflow/example_dags/example_short_circuit_operator.py
[2024-03-25T22:42:49.151+0000] {logging_mixin.py:188} INFO - [2024-03-25T22:42:49.151+0000] {dag.py:3047} INFO - Sync 1 DAGs
[2024-03-25T22:42:49.162+0000] {logging_mixin.py:188} INFO - [2024-03-25T22:42:49.162+0000] {dag.py:3834} INFO - Setting next_dagrun for example_short_circuit_operator to 2024-03-24 00:00:00+00:00, run_after=2024-03-25 00:00:00+00:00
[2024-03-25T22:42:49.170+0000] {processor.py:183} INFO - Processing /home/airflow/.local/lib/python3.8/site-packages/airflow/example_dags/example_short_circuit_operator.py took 0.045 seconds
[2024-03-25T22:43:19.952+0000] {processor.py:161} INFO - Started process (PID=3860) to work on /home/airflow/.local/lib/python3.8/site-packages/airflow/example_dags/example_short_circuit_operator.py
[2024-03-25T22:43:19.953+0000] {processor.py:830} INFO - Processing file /home/airflow/.local/lib/python3.8/site-packages/airflow/example_dags/example_short_circuit_operator.py for tasks to queue
[2024-03-25T22:43:19.954+0000] {logging_mixin.py:188} INFO - [2024-03-25T22:43:19.953+0000] {dagbag.py:540} INFO - Filling up the DagBag from /home/airflow/.local/lib/python3.8/site-packages/airflow/example_dags/example_short_circuit_operator.py
[2024-03-25T22:43:19.958+0000] {processor.py:840} INFO - DAG(s) 'example_short_circuit_operator' retrieved from /home/airflow/.local/lib/python3.8/site-packages/airflow/example_dags/example_short_circuit_operator.py
[2024-03-25T22:43:19.972+0000] {logging_mixin.py:188} INFO - [2024-03-25T22:43:19.972+0000] {dag.py:3047} INFO - Sync 1 DAGs
[2024-03-25T22:43:19.981+0000] {logging_mixin.py:188} INFO - [2024-03-25T22:43:19.981+0000] {dag.py:3834} INFO - Setting next_dagrun for example_short_circuit_operator to 2024-03-24 00:00:00+00:00, run_after=2024-03-25 00:00:00+00:00
[2024-03-25T22:43:19.988+0000] {processor.py:183} INFO - Processing /home/airflow/.local/lib/python3.8/site-packages/airflow/example_dags/example_short_circuit_operator.py took 0.038 seconds
[2024-03-25T23:07:53.546+0000] {processor.py:161} INFO - Started process (PID=3909) to work on /home/airflow/.local/lib/python3.8/site-packages/airflow/example_dags/example_short_circuit_operator.py
[2024-03-25T23:07:53.551+0000] {processor.py:830} INFO - Processing file /home/airflow/.local/lib/python3.8/site-packages/airflow/example_dags/example_short_circuit_operator.py for tasks to queue
[2024-03-25T23:07:53.555+0000] {logging_mixin.py:188} INFO - [2024-03-25T23:07:53.555+0000] {dagbag.py:540} INFO - Filling up the DagBag from /home/airflow/.local/lib/python3.8/site-packages/airflow/example_dags/example_short_circuit_operator.py
[2024-03-25T23:07:53.565+0000] {processor.py:840} INFO - DAG(s) 'example_short_circuit_operator' retrieved from /home/airflow/.local/lib/python3.8/site-packages/airflow/example_dags/example_short_circuit_operator.py
[2024-03-25T23:07:53.599+0000] {logging_mixin.py:188} INFO - [2024-03-25T23:07:53.598+0000] {dag.py:3047} INFO - Sync 1 DAGs
[2024-03-25T23:07:53.611+0000] {logging_mixin.py:188} INFO - [2024-03-25T23:07:53.611+0000] {dag.py:3834} INFO - Setting next_dagrun for example_short_circuit_operator to 2024-03-24 00:00:00+00:00, run_after=2024-03-25 00:00:00+00:00
[2024-03-25T23:07:53.621+0000] {processor.py:183} INFO - Processing /home/airflow/.local/lib/python3.8/site-packages/airflow/example_dags/example_short_circuit_operator.py took 0.086 seconds
