[2024-03-25T22:08:06.613+0000] {processor.py:161} INFO - Started process (PID=61) to work on /home/airflow/.local/lib/python3.8/site-packages/airflow/example_dags/example_python_operator.py
[2024-03-25T22:08:06.614+0000] {processor.py:830} INFO - Processing file /home/airflow/.local/lib/python3.8/site-packages/airflow/example_dags/example_python_operator.py for tasks to queue
[2024-03-25T22:08:06.616+0000] {logging_mixin.py:188} INFO - [2024-03-25T22:08:06.615+0000] {dagbag.py:540} INFO - Filling up the DagBag from /home/airflow/.local/lib/python3.8/site-packages/airflow/example_dags/example_python_operator.py
[2024-03-25T22:08:06.630+0000] {processor.py:840} INFO - DAG(s) 'example_python_operator' retrieved from /home/airflow/.local/lib/python3.8/site-packages/airflow/example_dags/example_python_operator.py
[2024-03-25T22:08:06.697+0000] {logging_mixin.py:188} INFO - [2024-03-25T22:08:06.696+0000] {dag.py:3047} INFO - Sync 1 DAGs
[2024-03-25T22:08:06.703+0000] {logging_mixin.py:188} INFO - [2024-03-25T22:08:06.703+0000] {dag.py:3834} INFO - Setting next_dagrun for example_python_operator to None, run_after=None
[2024-03-25T22:08:06.713+0000] {processor.py:183} INFO - Processing /home/airflow/.local/lib/python3.8/site-packages/airflow/example_dags/example_python_operator.py took 0.102 seconds
[2024-03-25T22:08:37.285+0000] {processor.py:161} INFO - Started process (PID=116) to work on /home/airflow/.local/lib/python3.8/site-packages/airflow/example_dags/example_python_operator.py
[2024-03-25T22:08:37.286+0000] {processor.py:830} INFO - Processing file /home/airflow/.local/lib/python3.8/site-packages/airflow/example_dags/example_python_operator.py for tasks to queue
[2024-03-25T22:08:37.287+0000] {logging_mixin.py:188} INFO - [2024-03-25T22:08:37.287+0000] {dagbag.py:540} INFO - Filling up the DagBag from /home/airflow/.local/lib/python3.8/site-packages/airflow/example_dags/example_python_operator.py
[2024-03-25T22:08:37.294+0000] {processor.py:840} INFO - DAG(s) 'example_python_operator' retrieved from /home/airflow/.local/lib/python3.8/site-packages/airflow/example_dags/example_python_operator.py
[2024-03-25T22:08:37.308+0000] {logging_mixin.py:188} INFO - [2024-03-25T22:08:37.307+0000] {dag.py:3047} INFO - Sync 1 DAGs
[2024-03-25T22:08:37.313+0000] {logging_mixin.py:188} INFO - [2024-03-25T22:08:37.313+0000] {dag.py:3834} INFO - Setting next_dagrun for example_python_operator to None, run_after=None
[2024-03-25T22:08:37.322+0000] {processor.py:183} INFO - Processing /home/airflow/.local/lib/python3.8/site-packages/airflow/example_dags/example_python_operator.py took 0.039 seconds
[2024-03-25T22:09:07.851+0000] {processor.py:161} INFO - Started process (PID=171) to work on /home/airflow/.local/lib/python3.8/site-packages/airflow/example_dags/example_python_operator.py
[2024-03-25T22:09:07.851+0000] {processor.py:830} INFO - Processing file /home/airflow/.local/lib/python3.8/site-packages/airflow/example_dags/example_python_operator.py for tasks to queue
[2024-03-25T22:09:07.852+0000] {logging_mixin.py:188} INFO - [2024-03-25T22:09:07.852+0000] {dagbag.py:540} INFO - Filling up the DagBag from /home/airflow/.local/lib/python3.8/site-packages/airflow/example_dags/example_python_operator.py
[2024-03-25T22:09:07.858+0000] {processor.py:840} INFO - DAG(s) 'example_python_operator' retrieved from /home/airflow/.local/lib/python3.8/site-packages/airflow/example_dags/example_python_operator.py
[2024-03-25T22:09:07.870+0000] {logging_mixin.py:188} INFO - [2024-03-25T22:09:07.870+0000] {dag.py:3047} INFO - Sync 1 DAGs
[2024-03-25T22:09:07.876+0000] {logging_mixin.py:188} INFO - [2024-03-25T22:09:07.876+0000] {dag.py:3834} INFO - Setting next_dagrun for example_python_operator to None, run_after=None
[2024-03-25T22:09:07.885+0000] {processor.py:183} INFO - Processing /home/airflow/.local/lib/python3.8/site-packages/airflow/example_dags/example_python_operator.py took 0.036 seconds
[2024-03-25T22:09:38.388+0000] {processor.py:161} INFO - Started process (PID=226) to work on /home/airflow/.local/lib/python3.8/site-packages/airflow/example_dags/example_python_operator.py
[2024-03-25T22:09:38.389+0000] {processor.py:830} INFO - Processing file /home/airflow/.local/lib/python3.8/site-packages/airflow/example_dags/example_python_operator.py for tasks to queue
[2024-03-25T22:09:38.390+0000] {logging_mixin.py:188} INFO - [2024-03-25T22:09:38.390+0000] {dagbag.py:540} INFO - Filling up the DagBag from /home/airflow/.local/lib/python3.8/site-packages/airflow/example_dags/example_python_operator.py
[2024-03-25T22:09:38.396+0000] {processor.py:840} INFO - DAG(s) 'example_python_operator' retrieved from /home/airflow/.local/lib/python3.8/site-packages/airflow/example_dags/example_python_operator.py
[2024-03-25T22:09:38.409+0000] {logging_mixin.py:188} INFO - [2024-03-25T22:09:38.408+0000] {dag.py:3047} INFO - Sync 1 DAGs
[2024-03-25T22:09:38.414+0000] {logging_mixin.py:188} INFO - [2024-03-25T22:09:38.414+0000] {dag.py:3834} INFO - Setting next_dagrun for example_python_operator to None, run_after=None
[2024-03-25T22:09:38.422+0000] {processor.py:183} INFO - Processing /home/airflow/.local/lib/python3.8/site-packages/airflow/example_dags/example_python_operator.py took 0.036 seconds
[2024-03-25T22:10:08.957+0000] {processor.py:161} INFO - Started process (PID=282) to work on /home/airflow/.local/lib/python3.8/site-packages/airflow/example_dags/example_python_operator.py
[2024-03-25T22:10:08.958+0000] {processor.py:830} INFO - Processing file /home/airflow/.local/lib/python3.8/site-packages/airflow/example_dags/example_python_operator.py for tasks to queue
[2024-03-25T22:10:08.959+0000] {logging_mixin.py:188} INFO - [2024-03-25T22:10:08.959+0000] {dagbag.py:540} INFO - Filling up the DagBag from /home/airflow/.local/lib/python3.8/site-packages/airflow/example_dags/example_python_operator.py
[2024-03-25T22:10:08.965+0000] {processor.py:840} INFO - DAG(s) 'example_python_operator' retrieved from /home/airflow/.local/lib/python3.8/site-packages/airflow/example_dags/example_python_operator.py
[2024-03-25T22:10:08.979+0000] {logging_mixin.py:188} INFO - [2024-03-25T22:10:08.979+0000] {dag.py:3047} INFO - Sync 1 DAGs
[2024-03-25T22:10:08.984+0000] {logging_mixin.py:188} INFO - [2024-03-25T22:10:08.984+0000] {dag.py:3834} INFO - Setting next_dagrun for example_python_operator to None, run_after=None
[2024-03-25T22:10:08.992+0000] {processor.py:183} INFO - Processing /home/airflow/.local/lib/python3.8/site-packages/airflow/example_dags/example_python_operator.py took 0.037 seconds
[2024-03-25T22:10:39.546+0000] {processor.py:161} INFO - Started process (PID=337) to work on /home/airflow/.local/lib/python3.8/site-packages/airflow/example_dags/example_python_operator.py
[2024-03-25T22:10:39.547+0000] {processor.py:830} INFO - Processing file /home/airflow/.local/lib/python3.8/site-packages/airflow/example_dags/example_python_operator.py for tasks to queue
[2024-03-25T22:10:39.548+0000] {logging_mixin.py:188} INFO - [2024-03-25T22:10:39.548+0000] {dagbag.py:540} INFO - Filling up the DagBag from /home/airflow/.local/lib/python3.8/site-packages/airflow/example_dags/example_python_operator.py
[2024-03-25T22:10:39.554+0000] {processor.py:840} INFO - DAG(s) 'example_python_operator' retrieved from /home/airflow/.local/lib/python3.8/site-packages/airflow/example_dags/example_python_operator.py
[2024-03-25T22:10:39.566+0000] {logging_mixin.py:188} INFO - [2024-03-25T22:10:39.566+0000] {dag.py:3047} INFO - Sync 1 DAGs
[2024-03-25T22:10:39.571+0000] {logging_mixin.py:188} INFO - [2024-03-25T22:10:39.571+0000] {dag.py:3834} INFO - Setting next_dagrun for example_python_operator to None, run_after=None
[2024-03-25T22:10:39.578+0000] {processor.py:183} INFO - Processing /home/airflow/.local/lib/python3.8/site-packages/airflow/example_dags/example_python_operator.py took 0.034 seconds
[2024-03-25T22:11:10.087+0000] {processor.py:161} INFO - Started process (PID=392) to work on /home/airflow/.local/lib/python3.8/site-packages/airflow/example_dags/example_python_operator.py
[2024-03-25T22:11:10.087+0000] {processor.py:830} INFO - Processing file /home/airflow/.local/lib/python3.8/site-packages/airflow/example_dags/example_python_operator.py for tasks to queue
[2024-03-25T22:11:10.088+0000] {logging_mixin.py:188} INFO - [2024-03-25T22:11:10.088+0000] {dagbag.py:540} INFO - Filling up the DagBag from /home/airflow/.local/lib/python3.8/site-packages/airflow/example_dags/example_python_operator.py
[2024-03-25T22:11:10.094+0000] {processor.py:840} INFO - DAG(s) 'example_python_operator' retrieved from /home/airflow/.local/lib/python3.8/site-packages/airflow/example_dags/example_python_operator.py
[2024-03-25T22:11:10.106+0000] {logging_mixin.py:188} INFO - [2024-03-25T22:11:10.106+0000] {dag.py:3047} INFO - Sync 1 DAGs
[2024-03-25T22:11:10.112+0000] {logging_mixin.py:188} INFO - [2024-03-25T22:11:10.112+0000] {dag.py:3834} INFO - Setting next_dagrun for example_python_operator to None, run_after=None
[2024-03-25T22:11:10.120+0000] {processor.py:183} INFO - Processing /home/airflow/.local/lib/python3.8/site-packages/airflow/example_dags/example_python_operator.py took 0.035 seconds
[2024-03-25T22:11:40.660+0000] {processor.py:161} INFO - Started process (PID=446) to work on /home/airflow/.local/lib/python3.8/site-packages/airflow/example_dags/example_python_operator.py
[2024-03-25T22:11:40.660+0000] {processor.py:830} INFO - Processing file /home/airflow/.local/lib/python3.8/site-packages/airflow/example_dags/example_python_operator.py for tasks to queue
[2024-03-25T22:11:40.661+0000] {logging_mixin.py:188} INFO - [2024-03-25T22:11:40.661+0000] {dagbag.py:540} INFO - Filling up the DagBag from /home/airflow/.local/lib/python3.8/site-packages/airflow/example_dags/example_python_operator.py
[2024-03-25T22:11:40.667+0000] {processor.py:840} INFO - DAG(s) 'example_python_operator' retrieved from /home/airflow/.local/lib/python3.8/site-packages/airflow/example_dags/example_python_operator.py
[2024-03-25T22:11:40.680+0000] {logging_mixin.py:188} INFO - [2024-03-25T22:11:40.680+0000] {dag.py:3047} INFO - Sync 1 DAGs
[2024-03-25T22:11:40.685+0000] {logging_mixin.py:188} INFO - [2024-03-25T22:11:40.685+0000] {dag.py:3834} INFO - Setting next_dagrun for example_python_operator to None, run_after=None
[2024-03-25T22:11:40.692+0000] {processor.py:183} INFO - Processing /home/airflow/.local/lib/python3.8/site-packages/airflow/example_dags/example_python_operator.py took 0.034 seconds
[2024-03-25T22:12:11.355+0000] {processor.py:161} INFO - Started process (PID=501) to work on /home/airflow/.local/lib/python3.8/site-packages/airflow/example_dags/example_python_operator.py
[2024-03-25T22:12:11.355+0000] {processor.py:830} INFO - Processing file /home/airflow/.local/lib/python3.8/site-packages/airflow/example_dags/example_python_operator.py for tasks to queue
[2024-03-25T22:12:11.357+0000] {logging_mixin.py:188} INFO - [2024-03-25T22:12:11.357+0000] {dagbag.py:540} INFO - Filling up the DagBag from /home/airflow/.local/lib/python3.8/site-packages/airflow/example_dags/example_python_operator.py
[2024-03-25T22:12:11.363+0000] {processor.py:840} INFO - DAG(s) 'example_python_operator' retrieved from /home/airflow/.local/lib/python3.8/site-packages/airflow/example_dags/example_python_operator.py
[2024-03-25T22:12:11.377+0000] {logging_mixin.py:188} INFO - [2024-03-25T22:12:11.377+0000] {dag.py:3047} INFO - Sync 1 DAGs
[2024-03-25T22:12:11.383+0000] {logging_mixin.py:188} INFO - [2024-03-25T22:12:11.383+0000] {dag.py:3834} INFO - Setting next_dagrun for example_python_operator to None, run_after=None
[2024-03-25T22:12:11.391+0000] {processor.py:183} INFO - Processing /home/airflow/.local/lib/python3.8/site-packages/airflow/example_dags/example_python_operator.py took 0.038 seconds
[2024-03-25T22:12:41.925+0000] {processor.py:161} INFO - Started process (PID=556) to work on /home/airflow/.local/lib/python3.8/site-packages/airflow/example_dags/example_python_operator.py
[2024-03-25T22:12:41.926+0000] {processor.py:830} INFO - Processing file /home/airflow/.local/lib/python3.8/site-packages/airflow/example_dags/example_python_operator.py for tasks to queue
[2024-03-25T22:12:41.927+0000] {logging_mixin.py:188} INFO - [2024-03-25T22:12:41.927+0000] {dagbag.py:540} INFO - Filling up the DagBag from /home/airflow/.local/lib/python3.8/site-packages/airflow/example_dags/example_python_operator.py
[2024-03-25T22:12:41.933+0000] {processor.py:840} INFO - DAG(s) 'example_python_operator' retrieved from /home/airflow/.local/lib/python3.8/site-packages/airflow/example_dags/example_python_operator.py
[2024-03-25T22:12:41.945+0000] {logging_mixin.py:188} INFO - [2024-03-25T22:12:41.945+0000] {dag.py:3047} INFO - Sync 1 DAGs
[2024-03-25T22:12:41.951+0000] {logging_mixin.py:188} INFO - [2024-03-25T22:12:41.951+0000] {dag.py:3834} INFO - Setting next_dagrun for example_python_operator to None, run_after=None
[2024-03-25T22:12:41.959+0000] {processor.py:183} INFO - Processing /home/airflow/.local/lib/python3.8/site-packages/airflow/example_dags/example_python_operator.py took 0.036 seconds
[2024-03-25T22:13:12.517+0000] {processor.py:161} INFO - Started process (PID=611) to work on /home/airflow/.local/lib/python3.8/site-packages/airflow/example_dags/example_python_operator.py
[2024-03-25T22:13:12.518+0000] {processor.py:830} INFO - Processing file /home/airflow/.local/lib/python3.8/site-packages/airflow/example_dags/example_python_operator.py for tasks to queue
[2024-03-25T22:13:12.519+0000] {logging_mixin.py:188} INFO - [2024-03-25T22:13:12.518+0000] {dagbag.py:540} INFO - Filling up the DagBag from /home/airflow/.local/lib/python3.8/site-packages/airflow/example_dags/example_python_operator.py
[2024-03-25T22:13:12.524+0000] {processor.py:840} INFO - DAG(s) 'example_python_operator' retrieved from /home/airflow/.local/lib/python3.8/site-packages/airflow/example_dags/example_python_operator.py
[2024-03-25T22:13:12.536+0000] {logging_mixin.py:188} INFO - [2024-03-25T22:13:12.536+0000] {dag.py:3047} INFO - Sync 1 DAGs
[2024-03-25T22:13:12.542+0000] {logging_mixin.py:188} INFO - [2024-03-25T22:13:12.542+0000] {dag.py:3834} INFO - Setting next_dagrun for example_python_operator to None, run_after=None
[2024-03-25T22:13:12.551+0000] {processor.py:183} INFO - Processing /home/airflow/.local/lib/python3.8/site-packages/airflow/example_dags/example_python_operator.py took 0.035 seconds
[2024-03-25T22:13:43.246+0000] {processor.py:161} INFO - Started process (PID=666) to work on /home/airflow/.local/lib/python3.8/site-packages/airflow/example_dags/example_python_operator.py
[2024-03-25T22:13:43.247+0000] {processor.py:830} INFO - Processing file /home/airflow/.local/lib/python3.8/site-packages/airflow/example_dags/example_python_operator.py for tasks to queue
[2024-03-25T22:13:43.248+0000] {logging_mixin.py:188} INFO - [2024-03-25T22:13:43.248+0000] {dagbag.py:540} INFO - Filling up the DagBag from /home/airflow/.local/lib/python3.8/site-packages/airflow/example_dags/example_python_operator.py
[2024-03-25T22:13:43.254+0000] {processor.py:840} INFO - DAG(s) 'example_python_operator' retrieved from /home/airflow/.local/lib/python3.8/site-packages/airflow/example_dags/example_python_operator.py
[2024-03-25T22:13:43.268+0000] {logging_mixin.py:188} INFO - [2024-03-25T22:13:43.267+0000] {dag.py:3047} INFO - Sync 1 DAGs
[2024-03-25T22:13:43.274+0000] {logging_mixin.py:188} INFO - [2024-03-25T22:13:43.273+0000] {dag.py:3834} INFO - Setting next_dagrun for example_python_operator to None, run_after=None
[2024-03-25T22:13:43.281+0000] {processor.py:183} INFO - Processing /home/airflow/.local/lib/python3.8/site-packages/airflow/example_dags/example_python_operator.py took 0.037 seconds
[2024-03-25T22:14:13.788+0000] {processor.py:161} INFO - Started process (PID=722) to work on /home/airflow/.local/lib/python3.8/site-packages/airflow/example_dags/example_python_operator.py
[2024-03-25T22:14:13.788+0000] {processor.py:830} INFO - Processing file /home/airflow/.local/lib/python3.8/site-packages/airflow/example_dags/example_python_operator.py for tasks to queue
[2024-03-25T22:14:13.789+0000] {logging_mixin.py:188} INFO - [2024-03-25T22:14:13.789+0000] {dagbag.py:540} INFO - Filling up the DagBag from /home/airflow/.local/lib/python3.8/site-packages/airflow/example_dags/example_python_operator.py
[2024-03-25T22:14:13.796+0000] {processor.py:840} INFO - DAG(s) 'example_python_operator' retrieved from /home/airflow/.local/lib/python3.8/site-packages/airflow/example_dags/example_python_operator.py
[2024-03-25T22:14:13.809+0000] {logging_mixin.py:188} INFO - [2024-03-25T22:14:13.809+0000] {dag.py:3047} INFO - Sync 1 DAGs
[2024-03-25T22:14:13.816+0000] {logging_mixin.py:188} INFO - [2024-03-25T22:14:13.815+0000] {dag.py:3834} INFO - Setting next_dagrun for example_python_operator to None, run_after=None
[2024-03-25T22:14:13.824+0000] {processor.py:183} INFO - Processing /home/airflow/.local/lib/python3.8/site-packages/airflow/example_dags/example_python_operator.py took 0.038 seconds
[2024-03-25T22:14:44.288+0000] {processor.py:161} INFO - Started process (PID=777) to work on /home/airflow/.local/lib/python3.8/site-packages/airflow/example_dags/example_python_operator.py
[2024-03-25T22:14:44.288+0000] {processor.py:830} INFO - Processing file /home/airflow/.local/lib/python3.8/site-packages/airflow/example_dags/example_python_operator.py for tasks to queue
[2024-03-25T22:14:44.289+0000] {logging_mixin.py:188} INFO - [2024-03-25T22:14:44.289+0000] {dagbag.py:540} INFO - Filling up the DagBag from /home/airflow/.local/lib/python3.8/site-packages/airflow/example_dags/example_python_operator.py
[2024-03-25T22:14:44.295+0000] {processor.py:840} INFO - DAG(s) 'example_python_operator' retrieved from /home/airflow/.local/lib/python3.8/site-packages/airflow/example_dags/example_python_operator.py
[2024-03-25T22:14:44.307+0000] {logging_mixin.py:188} INFO - [2024-03-25T22:14:44.307+0000] {dag.py:3047} INFO - Sync 1 DAGs
[2024-03-25T22:14:44.313+0000] {logging_mixin.py:188} INFO - [2024-03-25T22:14:44.313+0000] {dag.py:3834} INFO - Setting next_dagrun for example_python_operator to None, run_after=None
[2024-03-25T22:14:44.320+0000] {processor.py:183} INFO - Processing /home/airflow/.local/lib/python3.8/site-packages/airflow/example_dags/example_python_operator.py took 0.035 seconds
[2024-03-25T22:15:14.860+0000] {processor.py:161} INFO - Started process (PID=832) to work on /home/airflow/.local/lib/python3.8/site-packages/airflow/example_dags/example_python_operator.py
[2024-03-25T22:15:14.861+0000] {processor.py:830} INFO - Processing file /home/airflow/.local/lib/python3.8/site-packages/airflow/example_dags/example_python_operator.py for tasks to queue
[2024-03-25T22:15:14.862+0000] {logging_mixin.py:188} INFO - [2024-03-25T22:15:14.861+0000] {dagbag.py:540} INFO - Filling up the DagBag from /home/airflow/.local/lib/python3.8/site-packages/airflow/example_dags/example_python_operator.py
[2024-03-25T22:15:14.867+0000] {processor.py:840} INFO - DAG(s) 'example_python_operator' retrieved from /home/airflow/.local/lib/python3.8/site-packages/airflow/example_dags/example_python_operator.py
[2024-03-25T22:15:14.879+0000] {logging_mixin.py:188} INFO - [2024-03-25T22:15:14.879+0000] {dag.py:3047} INFO - Sync 1 DAGs
[2024-03-25T22:15:14.885+0000] {logging_mixin.py:188} INFO - [2024-03-25T22:15:14.885+0000] {dag.py:3834} INFO - Setting next_dagrun for example_python_operator to None, run_after=None
[2024-03-25T22:15:14.893+0000] {processor.py:183} INFO - Processing /home/airflow/.local/lib/python3.8/site-packages/airflow/example_dags/example_python_operator.py took 0.035 seconds
[2024-03-25T22:15:45.440+0000] {processor.py:161} INFO - Started process (PID=887) to work on /home/airflow/.local/lib/python3.8/site-packages/airflow/example_dags/example_python_operator.py
[2024-03-25T22:15:45.441+0000] {processor.py:830} INFO - Processing file /home/airflow/.local/lib/python3.8/site-packages/airflow/example_dags/example_python_operator.py for tasks to queue
[2024-03-25T22:15:45.442+0000] {logging_mixin.py:188} INFO - [2024-03-25T22:15:45.442+0000] {dagbag.py:540} INFO - Filling up the DagBag from /home/airflow/.local/lib/python3.8/site-packages/airflow/example_dags/example_python_operator.py
[2024-03-25T22:15:45.448+0000] {processor.py:840} INFO - DAG(s) 'example_python_operator' retrieved from /home/airflow/.local/lib/python3.8/site-packages/airflow/example_dags/example_python_operator.py
[2024-03-25T22:15:45.460+0000] {logging_mixin.py:188} INFO - [2024-03-25T22:15:45.460+0000] {dag.py:3047} INFO - Sync 1 DAGs
[2024-03-25T22:15:45.466+0000] {logging_mixin.py:188} INFO - [2024-03-25T22:15:45.466+0000] {dag.py:3834} INFO - Setting next_dagrun for example_python_operator to None, run_after=None
[2024-03-25T22:15:45.474+0000] {processor.py:183} INFO - Processing /home/airflow/.local/lib/python3.8/site-packages/airflow/example_dags/example_python_operator.py took 0.035 seconds
[2024-03-25T22:16:16.205+0000] {processor.py:161} INFO - Started process (PID=941) to work on /home/airflow/.local/lib/python3.8/site-packages/airflow/example_dags/example_python_operator.py
[2024-03-25T22:16:16.206+0000] {processor.py:830} INFO - Processing file /home/airflow/.local/lib/python3.8/site-packages/airflow/example_dags/example_python_operator.py for tasks to queue
[2024-03-25T22:16:16.207+0000] {logging_mixin.py:188} INFO - [2024-03-25T22:16:16.207+0000] {dagbag.py:540} INFO - Filling up the DagBag from /home/airflow/.local/lib/python3.8/site-packages/airflow/example_dags/example_python_operator.py
[2024-03-25T22:16:16.212+0000] {processor.py:840} INFO - DAG(s) 'example_python_operator' retrieved from /home/airflow/.local/lib/python3.8/site-packages/airflow/example_dags/example_python_operator.py
[2024-03-25T22:16:16.225+0000] {logging_mixin.py:188} INFO - [2024-03-25T22:16:16.225+0000] {dag.py:3047} INFO - Sync 1 DAGs
[2024-03-25T22:16:16.230+0000] {logging_mixin.py:188} INFO - [2024-03-25T22:16:16.230+0000] {dag.py:3834} INFO - Setting next_dagrun for example_python_operator to None, run_after=None
[2024-03-25T22:16:16.237+0000] {processor.py:183} INFO - Processing /home/airflow/.local/lib/python3.8/site-packages/airflow/example_dags/example_python_operator.py took 0.033 seconds
[2024-03-25T22:16:46.391+0000] {processor.py:161} INFO - Started process (PID=996) to work on /home/airflow/.local/lib/python3.8/site-packages/airflow/example_dags/example_python_operator.py
[2024-03-25T22:16:46.392+0000] {processor.py:830} INFO - Processing file /home/airflow/.local/lib/python3.8/site-packages/airflow/example_dags/example_python_operator.py for tasks to queue
[2024-03-25T22:16:46.393+0000] {logging_mixin.py:188} INFO - [2024-03-25T22:16:46.392+0000] {dagbag.py:540} INFO - Filling up the DagBag from /home/airflow/.local/lib/python3.8/site-packages/airflow/example_dags/example_python_operator.py
[2024-03-25T22:16:46.399+0000] {processor.py:840} INFO - DAG(s) 'example_python_operator' retrieved from /home/airflow/.local/lib/python3.8/site-packages/airflow/example_dags/example_python_operator.py
[2024-03-25T22:16:46.412+0000] {logging_mixin.py:188} INFO - [2024-03-25T22:16:46.412+0000] {dag.py:3047} INFO - Sync 1 DAGs
[2024-03-25T22:16:46.418+0000] {logging_mixin.py:188} INFO - [2024-03-25T22:16:46.417+0000] {dag.py:3834} INFO - Setting next_dagrun for example_python_operator to None, run_after=None
[2024-03-25T22:16:46.426+0000] {processor.py:183} INFO - Processing /home/airflow/.local/lib/python3.8/site-packages/airflow/example_dags/example_python_operator.py took 0.037 seconds
[2024-03-25T22:17:17.293+0000] {processor.py:161} INFO - Started process (PID=1051) to work on /home/airflow/.local/lib/python3.8/site-packages/airflow/example_dags/example_python_operator.py
[2024-03-25T22:17:17.294+0000] {processor.py:830} INFO - Processing file /home/airflow/.local/lib/python3.8/site-packages/airflow/example_dags/example_python_operator.py for tasks to queue
[2024-03-25T22:17:17.294+0000] {logging_mixin.py:188} INFO - [2024-03-25T22:17:17.294+0000] {dagbag.py:540} INFO - Filling up the DagBag from /home/airflow/.local/lib/python3.8/site-packages/airflow/example_dags/example_python_operator.py
[2024-03-25T22:17:17.301+0000] {processor.py:840} INFO - DAG(s) 'example_python_operator' retrieved from /home/airflow/.local/lib/python3.8/site-packages/airflow/example_dags/example_python_operator.py
[2024-03-25T22:17:17.316+0000] {logging_mixin.py:188} INFO - [2024-03-25T22:17:17.316+0000] {dag.py:3047} INFO - Sync 1 DAGs
[2024-03-25T22:17:17.322+0000] {logging_mixin.py:188} INFO - [2024-03-25T22:17:17.322+0000] {dag.py:3834} INFO - Setting next_dagrun for example_python_operator to None, run_after=None
[2024-03-25T22:17:17.332+0000] {processor.py:183} INFO - Processing /home/airflow/.local/lib/python3.8/site-packages/airflow/example_dags/example_python_operator.py took 0.040 seconds
[2024-03-25T22:17:47.897+0000] {processor.py:161} INFO - Started process (PID=1106) to work on /home/airflow/.local/lib/python3.8/site-packages/airflow/example_dags/example_python_operator.py
[2024-03-25T22:17:47.897+0000] {processor.py:830} INFO - Processing file /home/airflow/.local/lib/python3.8/site-packages/airflow/example_dags/example_python_operator.py for tasks to queue
[2024-03-25T22:17:47.898+0000] {logging_mixin.py:188} INFO - [2024-03-25T22:17:47.898+0000] {dagbag.py:540} INFO - Filling up the DagBag from /home/airflow/.local/lib/python3.8/site-packages/airflow/example_dags/example_python_operator.py
[2024-03-25T22:17:47.904+0000] {processor.py:840} INFO - DAG(s) 'example_python_operator' retrieved from /home/airflow/.local/lib/python3.8/site-packages/airflow/example_dags/example_python_operator.py
[2024-03-25T22:17:47.916+0000] {logging_mixin.py:188} INFO - [2024-03-25T22:17:47.916+0000] {dag.py:3047} INFO - Sync 1 DAGs
[2024-03-25T22:17:47.922+0000] {logging_mixin.py:188} INFO - [2024-03-25T22:17:47.922+0000] {dag.py:3834} INFO - Setting next_dagrun for example_python_operator to None, run_after=None
[2024-03-25T22:17:47.929+0000] {processor.py:183} INFO - Processing /home/airflow/.local/lib/python3.8/site-packages/airflow/example_dags/example_python_operator.py took 0.034 seconds
[2024-03-25T22:18:18.509+0000] {processor.py:161} INFO - Started process (PID=1161) to work on /home/airflow/.local/lib/python3.8/site-packages/airflow/example_dags/example_python_operator.py
[2024-03-25T22:18:18.510+0000] {processor.py:830} INFO - Processing file /home/airflow/.local/lib/python3.8/site-packages/airflow/example_dags/example_python_operator.py for tasks to queue
[2024-03-25T22:18:18.511+0000] {logging_mixin.py:188} INFO - [2024-03-25T22:18:18.511+0000] {dagbag.py:540} INFO - Filling up the DagBag from /home/airflow/.local/lib/python3.8/site-packages/airflow/example_dags/example_python_operator.py
[2024-03-25T22:18:18.517+0000] {processor.py:840} INFO - DAG(s) 'example_python_operator' retrieved from /home/airflow/.local/lib/python3.8/site-packages/airflow/example_dags/example_python_operator.py
[2024-03-25T22:18:18.537+0000] {logging_mixin.py:188} INFO - [2024-03-25T22:18:18.536+0000] {dag.py:3047} INFO - Sync 1 DAGs
[2024-03-25T22:18:18.553+0000] {logging_mixin.py:188} INFO - [2024-03-25T22:18:18.553+0000] {dag.py:3834} INFO - Setting next_dagrun for example_python_operator to None, run_after=None
[2024-03-25T22:18:18.570+0000] {processor.py:183} INFO - Processing /home/airflow/.local/lib/python3.8/site-packages/airflow/example_dags/example_python_operator.py took 0.063 seconds
[2024-03-25T22:18:49.095+0000] {processor.py:161} INFO - Started process (PID=1217) to work on /home/airflow/.local/lib/python3.8/site-packages/airflow/example_dags/example_python_operator.py
[2024-03-25T22:18:49.095+0000] {processor.py:830} INFO - Processing file /home/airflow/.local/lib/python3.8/site-packages/airflow/example_dags/example_python_operator.py for tasks to queue
[2024-03-25T22:18:49.096+0000] {logging_mixin.py:188} INFO - [2024-03-25T22:18:49.096+0000] {dagbag.py:540} INFO - Filling up the DagBag from /home/airflow/.local/lib/python3.8/site-packages/airflow/example_dags/example_python_operator.py
[2024-03-25T22:18:49.102+0000] {processor.py:840} INFO - DAG(s) 'example_python_operator' retrieved from /home/airflow/.local/lib/python3.8/site-packages/airflow/example_dags/example_python_operator.py
[2024-03-25T22:18:49.114+0000] {logging_mixin.py:188} INFO - [2024-03-25T22:18:49.114+0000] {dag.py:3047} INFO - Sync 1 DAGs
[2024-03-25T22:18:49.120+0000] {logging_mixin.py:188} INFO - [2024-03-25T22:18:49.120+0000] {dag.py:3834} INFO - Setting next_dagrun for example_python_operator to None, run_after=None
[2024-03-25T22:18:49.128+0000] {processor.py:183} INFO - Processing /home/airflow/.local/lib/python3.8/site-packages/airflow/example_dags/example_python_operator.py took 0.036 seconds
[2024-03-25T22:19:19.684+0000] {processor.py:161} INFO - Started process (PID=1272) to work on /home/airflow/.local/lib/python3.8/site-packages/airflow/example_dags/example_python_operator.py
[2024-03-25T22:19:19.684+0000] {processor.py:830} INFO - Processing file /home/airflow/.local/lib/python3.8/site-packages/airflow/example_dags/example_python_operator.py for tasks to queue
[2024-03-25T22:19:19.685+0000] {logging_mixin.py:188} INFO - [2024-03-25T22:19:19.685+0000] {dagbag.py:540} INFO - Filling up the DagBag from /home/airflow/.local/lib/python3.8/site-packages/airflow/example_dags/example_python_operator.py
[2024-03-25T22:19:19.691+0000] {processor.py:840} INFO - DAG(s) 'example_python_operator' retrieved from /home/airflow/.local/lib/python3.8/site-packages/airflow/example_dags/example_python_operator.py
[2024-03-25T22:19:19.703+0000] {logging_mixin.py:188} INFO - [2024-03-25T22:19:19.703+0000] {dag.py:3047} INFO - Sync 1 DAGs
[2024-03-25T22:19:19.709+0000] {logging_mixin.py:188} INFO - [2024-03-25T22:19:19.709+0000] {dag.py:3834} INFO - Setting next_dagrun for example_python_operator to None, run_after=None
[2024-03-25T22:19:19.724+0000] {processor.py:183} INFO - Processing /home/airflow/.local/lib/python3.8/site-packages/airflow/example_dags/example_python_operator.py took 0.042 seconds
[2024-03-25T22:19:50.274+0000] {processor.py:161} INFO - Started process (PID=1327) to work on /home/airflow/.local/lib/python3.8/site-packages/airflow/example_dags/example_python_operator.py
[2024-03-25T22:19:50.274+0000] {processor.py:830} INFO - Processing file /home/airflow/.local/lib/python3.8/site-packages/airflow/example_dags/example_python_operator.py for tasks to queue
[2024-03-25T22:19:50.275+0000] {logging_mixin.py:188} INFO - [2024-03-25T22:19:50.275+0000] {dagbag.py:540} INFO - Filling up the DagBag from /home/airflow/.local/lib/python3.8/site-packages/airflow/example_dags/example_python_operator.py
[2024-03-25T22:19:50.281+0000] {processor.py:840} INFO - DAG(s) 'example_python_operator' retrieved from /home/airflow/.local/lib/python3.8/site-packages/airflow/example_dags/example_python_operator.py
[2024-03-25T22:19:50.294+0000] {logging_mixin.py:188} INFO - [2024-03-25T22:19:50.294+0000] {dag.py:3047} INFO - Sync 1 DAGs
[2024-03-25T22:19:50.299+0000] {logging_mixin.py:188} INFO - [2024-03-25T22:19:50.299+0000] {dag.py:3834} INFO - Setting next_dagrun for example_python_operator to None, run_after=None
[2024-03-25T22:19:50.307+0000] {processor.py:183} INFO - Processing /home/airflow/.local/lib/python3.8/site-packages/airflow/example_dags/example_python_operator.py took 0.036 seconds
[2024-03-25T22:20:20.796+0000] {processor.py:161} INFO - Started process (PID=1383) to work on /home/airflow/.local/lib/python3.8/site-packages/airflow/example_dags/example_python_operator.py
[2024-03-25T22:20:20.796+0000] {processor.py:830} INFO - Processing file /home/airflow/.local/lib/python3.8/site-packages/airflow/example_dags/example_python_operator.py for tasks to queue
[2024-03-25T22:20:20.797+0000] {logging_mixin.py:188} INFO - [2024-03-25T22:20:20.797+0000] {dagbag.py:540} INFO - Filling up the DagBag from /home/airflow/.local/lib/python3.8/site-packages/airflow/example_dags/example_python_operator.py
[2024-03-25T22:20:20.803+0000] {processor.py:840} INFO - DAG(s) 'example_python_operator' retrieved from /home/airflow/.local/lib/python3.8/site-packages/airflow/example_dags/example_python_operator.py
[2024-03-25T22:20:20.816+0000] {logging_mixin.py:188} INFO - [2024-03-25T22:20:20.816+0000] {dag.py:3047} INFO - Sync 1 DAGs
[2024-03-25T22:20:20.821+0000] {logging_mixin.py:188} INFO - [2024-03-25T22:20:20.821+0000] {dag.py:3834} INFO - Setting next_dagrun for example_python_operator to None, run_after=None
[2024-03-25T22:20:20.829+0000] {processor.py:183} INFO - Processing /home/airflow/.local/lib/python3.8/site-packages/airflow/example_dags/example_python_operator.py took 0.035 seconds
[2024-03-25T22:20:51.422+0000] {processor.py:161} INFO - Started process (PID=1438) to work on /home/airflow/.local/lib/python3.8/site-packages/airflow/example_dags/example_python_operator.py
[2024-03-25T22:20:51.422+0000] {processor.py:830} INFO - Processing file /home/airflow/.local/lib/python3.8/site-packages/airflow/example_dags/example_python_operator.py for tasks to queue
[2024-03-25T22:20:51.423+0000] {logging_mixin.py:188} INFO - [2024-03-25T22:20:51.423+0000] {dagbag.py:540} INFO - Filling up the DagBag from /home/airflow/.local/lib/python3.8/site-packages/airflow/example_dags/example_python_operator.py
[2024-03-25T22:20:51.429+0000] {processor.py:840} INFO - DAG(s) 'example_python_operator' retrieved from /home/airflow/.local/lib/python3.8/site-packages/airflow/example_dags/example_python_operator.py
[2024-03-25T22:20:51.441+0000] {logging_mixin.py:188} INFO - [2024-03-25T22:20:51.441+0000] {dag.py:3047} INFO - Sync 1 DAGs
[2024-03-25T22:20:51.447+0000] {logging_mixin.py:188} INFO - [2024-03-25T22:20:51.447+0000] {dag.py:3834} INFO - Setting next_dagrun for example_python_operator to None, run_after=None
[2024-03-25T22:20:51.454+0000] {processor.py:183} INFO - Processing /home/airflow/.local/lib/python3.8/site-packages/airflow/example_dags/example_python_operator.py took 0.035 seconds
[2024-03-25T22:21:21.993+0000] {processor.py:161} INFO - Started process (PID=1494) to work on /home/airflow/.local/lib/python3.8/site-packages/airflow/example_dags/example_python_operator.py
[2024-03-25T22:21:21.994+0000] {processor.py:830} INFO - Processing file /home/airflow/.local/lib/python3.8/site-packages/airflow/example_dags/example_python_operator.py for tasks to queue
[2024-03-25T22:21:21.995+0000] {logging_mixin.py:188} INFO - [2024-03-25T22:21:21.995+0000] {dagbag.py:540} INFO - Filling up the DagBag from /home/airflow/.local/lib/python3.8/site-packages/airflow/example_dags/example_python_operator.py
[2024-03-25T22:21:22.000+0000] {processor.py:840} INFO - DAG(s) 'example_python_operator' retrieved from /home/airflow/.local/lib/python3.8/site-packages/airflow/example_dags/example_python_operator.py
[2024-03-25T22:21:22.013+0000] {logging_mixin.py:188} INFO - [2024-03-25T22:21:22.013+0000] {dag.py:3047} INFO - Sync 1 DAGs
[2024-03-25T22:21:22.019+0000] {logging_mixin.py:188} INFO - [2024-03-25T22:21:22.019+0000] {dag.py:3834} INFO - Setting next_dagrun for example_python_operator to None, run_after=None
[2024-03-25T22:21:22.027+0000] {processor.py:183} INFO - Processing /home/airflow/.local/lib/python3.8/site-packages/airflow/example_dags/example_python_operator.py took 0.035 seconds
[2024-03-25T22:21:52.646+0000] {processor.py:161} INFO - Started process (PID=1550) to work on /home/airflow/.local/lib/python3.8/site-packages/airflow/example_dags/example_python_operator.py
[2024-03-25T22:21:52.646+0000] {processor.py:830} INFO - Processing file /home/airflow/.local/lib/python3.8/site-packages/airflow/example_dags/example_python_operator.py for tasks to queue
[2024-03-25T22:21:52.647+0000] {logging_mixin.py:188} INFO - [2024-03-25T22:21:52.647+0000] {dagbag.py:540} INFO - Filling up the DagBag from /home/airflow/.local/lib/python3.8/site-packages/airflow/example_dags/example_python_operator.py
[2024-03-25T22:21:52.653+0000] {processor.py:840} INFO - DAG(s) 'example_python_operator' retrieved from /home/airflow/.local/lib/python3.8/site-packages/airflow/example_dags/example_python_operator.py
[2024-03-25T22:21:52.666+0000] {logging_mixin.py:188} INFO - [2024-03-25T22:21:52.666+0000] {dag.py:3047} INFO - Sync 1 DAGs
[2024-03-25T22:21:52.672+0000] {logging_mixin.py:188} INFO - [2024-03-25T22:21:52.671+0000] {dag.py:3834} INFO - Setting next_dagrun for example_python_operator to None, run_after=None
[2024-03-25T22:21:52.680+0000] {processor.py:183} INFO - Processing /home/airflow/.local/lib/python3.8/site-packages/airflow/example_dags/example_python_operator.py took 0.036 seconds
[2024-03-25T22:22:23.296+0000] {processor.py:161} INFO - Started process (PID=1606) to work on /home/airflow/.local/lib/python3.8/site-packages/airflow/example_dags/example_python_operator.py
[2024-03-25T22:22:23.296+0000] {processor.py:830} INFO - Processing file /home/airflow/.local/lib/python3.8/site-packages/airflow/example_dags/example_python_operator.py for tasks to queue
[2024-03-25T22:22:23.297+0000] {logging_mixin.py:188} INFO - [2024-03-25T22:22:23.297+0000] {dagbag.py:540} INFO - Filling up the DagBag from /home/airflow/.local/lib/python3.8/site-packages/airflow/example_dags/example_python_operator.py
[2024-03-25T22:22:23.303+0000] {processor.py:840} INFO - DAG(s) 'example_python_operator' retrieved from /home/airflow/.local/lib/python3.8/site-packages/airflow/example_dags/example_python_operator.py
[2024-03-25T22:22:23.316+0000] {logging_mixin.py:188} INFO - [2024-03-25T22:22:23.316+0000] {dag.py:3047} INFO - Sync 1 DAGs
[2024-03-25T22:22:23.322+0000] {logging_mixin.py:188} INFO - [2024-03-25T22:22:23.322+0000] {dag.py:3834} INFO - Setting next_dagrun for example_python_operator to None, run_after=None
[2024-03-25T22:22:23.330+0000] {processor.py:183} INFO - Processing /home/airflow/.local/lib/python3.8/site-packages/airflow/example_dags/example_python_operator.py took 0.036 seconds
[2024-03-25T22:22:53.908+0000] {processor.py:161} INFO - Started process (PID=1661) to work on /home/airflow/.local/lib/python3.8/site-packages/airflow/example_dags/example_python_operator.py
[2024-03-25T22:22:53.908+0000] {processor.py:830} INFO - Processing file /home/airflow/.local/lib/python3.8/site-packages/airflow/example_dags/example_python_operator.py for tasks to queue
[2024-03-25T22:22:53.909+0000] {logging_mixin.py:188} INFO - [2024-03-25T22:22:53.909+0000] {dagbag.py:540} INFO - Filling up the DagBag from /home/airflow/.local/lib/python3.8/site-packages/airflow/example_dags/example_python_operator.py
[2024-03-25T22:22:53.915+0000] {processor.py:840} INFO - DAG(s) 'example_python_operator' retrieved from /home/airflow/.local/lib/python3.8/site-packages/airflow/example_dags/example_python_operator.py
[2024-03-25T22:22:53.927+0000] {logging_mixin.py:188} INFO - [2024-03-25T22:22:53.927+0000] {dag.py:3047} INFO - Sync 1 DAGs
[2024-03-25T22:22:53.933+0000] {logging_mixin.py:188} INFO - [2024-03-25T22:22:53.933+0000] {dag.py:3834} INFO - Setting next_dagrun for example_python_operator to None, run_after=None
[2024-03-25T22:22:53.941+0000] {processor.py:183} INFO - Processing /home/airflow/.local/lib/python3.8/site-packages/airflow/example_dags/example_python_operator.py took 0.035 seconds
[2024-03-25T22:23:24.501+0000] {processor.py:161} INFO - Started process (PID=1716) to work on /home/airflow/.local/lib/python3.8/site-packages/airflow/example_dags/example_python_operator.py
[2024-03-25T22:23:24.502+0000] {processor.py:830} INFO - Processing file /home/airflow/.local/lib/python3.8/site-packages/airflow/example_dags/example_python_operator.py for tasks to queue
[2024-03-25T22:23:24.503+0000] {logging_mixin.py:188} INFO - [2024-03-25T22:23:24.503+0000] {dagbag.py:540} INFO - Filling up the DagBag from /home/airflow/.local/lib/python3.8/site-packages/airflow/example_dags/example_python_operator.py
[2024-03-25T22:23:24.508+0000] {processor.py:840} INFO - DAG(s) 'example_python_operator' retrieved from /home/airflow/.local/lib/python3.8/site-packages/airflow/example_dags/example_python_operator.py
[2024-03-25T22:23:24.521+0000] {logging_mixin.py:188} INFO - [2024-03-25T22:23:24.521+0000] {dag.py:3047} INFO - Sync 1 DAGs
[2024-03-25T22:23:24.527+0000] {logging_mixin.py:188} INFO - [2024-03-25T22:23:24.527+0000] {dag.py:3834} INFO - Setting next_dagrun for example_python_operator to None, run_after=None
[2024-03-25T22:23:24.534+0000] {processor.py:183} INFO - Processing /home/airflow/.local/lib/python3.8/site-packages/airflow/example_dags/example_python_operator.py took 0.035 seconds
[2024-03-25T22:23:55.061+0000] {processor.py:161} INFO - Started process (PID=1770) to work on /home/airflow/.local/lib/python3.8/site-packages/airflow/example_dags/example_python_operator.py
[2024-03-25T22:23:55.061+0000] {processor.py:830} INFO - Processing file /home/airflow/.local/lib/python3.8/site-packages/airflow/example_dags/example_python_operator.py for tasks to queue
[2024-03-25T22:23:55.062+0000] {logging_mixin.py:188} INFO - [2024-03-25T22:23:55.062+0000] {dagbag.py:540} INFO - Filling up the DagBag from /home/airflow/.local/lib/python3.8/site-packages/airflow/example_dags/example_python_operator.py
[2024-03-25T22:23:55.068+0000] {processor.py:840} INFO - DAG(s) 'example_python_operator' retrieved from /home/airflow/.local/lib/python3.8/site-packages/airflow/example_dags/example_python_operator.py
[2024-03-25T22:23:55.080+0000] {logging_mixin.py:188} INFO - [2024-03-25T22:23:55.080+0000] {dag.py:3047} INFO - Sync 1 DAGs
[2024-03-25T22:23:55.086+0000] {logging_mixin.py:188} INFO - [2024-03-25T22:23:55.086+0000] {dag.py:3834} INFO - Setting next_dagrun for example_python_operator to None, run_after=None
[2024-03-25T22:23:55.094+0000] {processor.py:183} INFO - Processing /home/airflow/.local/lib/python3.8/site-packages/airflow/example_dags/example_python_operator.py took 0.035 seconds
[2024-03-25T22:24:25.624+0000] {processor.py:161} INFO - Started process (PID=1825) to work on /home/airflow/.local/lib/python3.8/site-packages/airflow/example_dags/example_python_operator.py
[2024-03-25T22:24:25.625+0000] {processor.py:830} INFO - Processing file /home/airflow/.local/lib/python3.8/site-packages/airflow/example_dags/example_python_operator.py for tasks to queue
[2024-03-25T22:24:25.626+0000] {logging_mixin.py:188} INFO - [2024-03-25T22:24:25.626+0000] {dagbag.py:540} INFO - Filling up the DagBag from /home/airflow/.local/lib/python3.8/site-packages/airflow/example_dags/example_python_operator.py
[2024-03-25T22:24:25.632+0000] {processor.py:840} INFO - DAG(s) 'example_python_operator' retrieved from /home/airflow/.local/lib/python3.8/site-packages/airflow/example_dags/example_python_operator.py
[2024-03-25T22:24:25.644+0000] {logging_mixin.py:188} INFO - [2024-03-25T22:24:25.644+0000] {dag.py:3047} INFO - Sync 1 DAGs
[2024-03-25T22:24:25.649+0000] {logging_mixin.py:188} INFO - [2024-03-25T22:24:25.649+0000] {dag.py:3834} INFO - Setting next_dagrun for example_python_operator to None, run_after=None
[2024-03-25T22:24:25.657+0000] {processor.py:183} INFO - Processing /home/airflow/.local/lib/python3.8/site-packages/airflow/example_dags/example_python_operator.py took 0.035 seconds
[2024-03-25T22:24:56.124+0000] {processor.py:161} INFO - Started process (PID=1881) to work on /home/airflow/.local/lib/python3.8/site-packages/airflow/example_dags/example_python_operator.py
[2024-03-25T22:24:56.124+0000] {processor.py:830} INFO - Processing file /home/airflow/.local/lib/python3.8/site-packages/airflow/example_dags/example_python_operator.py for tasks to queue
[2024-03-25T22:24:56.125+0000] {logging_mixin.py:188} INFO - [2024-03-25T22:24:56.125+0000] {dagbag.py:540} INFO - Filling up the DagBag from /home/airflow/.local/lib/python3.8/site-packages/airflow/example_dags/example_python_operator.py
[2024-03-25T22:24:56.131+0000] {processor.py:840} INFO - DAG(s) 'example_python_operator' retrieved from /home/airflow/.local/lib/python3.8/site-packages/airflow/example_dags/example_python_operator.py
[2024-03-25T22:24:56.144+0000] {logging_mixin.py:188} INFO - [2024-03-25T22:24:56.144+0000] {dag.py:3047} INFO - Sync 1 DAGs
[2024-03-25T22:24:56.150+0000] {logging_mixin.py:188} INFO - [2024-03-25T22:24:56.149+0000] {dag.py:3834} INFO - Setting next_dagrun for example_python_operator to None, run_after=None
[2024-03-25T22:24:56.158+0000] {processor.py:183} INFO - Processing /home/airflow/.local/lib/python3.8/site-packages/airflow/example_dags/example_python_operator.py took 0.036 seconds
[2024-03-25T22:25:26.631+0000] {processor.py:161} INFO - Started process (PID=1936) to work on /home/airflow/.local/lib/python3.8/site-packages/airflow/example_dags/example_python_operator.py
[2024-03-25T22:25:26.631+0000] {processor.py:830} INFO - Processing file /home/airflow/.local/lib/python3.8/site-packages/airflow/example_dags/example_python_operator.py for tasks to queue
[2024-03-25T22:25:26.632+0000] {logging_mixin.py:188} INFO - [2024-03-25T22:25:26.632+0000] {dagbag.py:540} INFO - Filling up the DagBag from /home/airflow/.local/lib/python3.8/site-packages/airflow/example_dags/example_python_operator.py
[2024-03-25T22:25:26.638+0000] {processor.py:840} INFO - DAG(s) 'example_python_operator' retrieved from /home/airflow/.local/lib/python3.8/site-packages/airflow/example_dags/example_python_operator.py
[2024-03-25T22:25:26.651+0000] {logging_mixin.py:188} INFO - [2024-03-25T22:25:26.651+0000] {dag.py:3047} INFO - Sync 1 DAGs
[2024-03-25T22:25:26.656+0000] {logging_mixin.py:188} INFO - [2024-03-25T22:25:26.656+0000] {dag.py:3834} INFO - Setting next_dagrun for example_python_operator to None, run_after=None
[2024-03-25T22:25:26.665+0000] {processor.py:183} INFO - Processing /home/airflow/.local/lib/python3.8/site-packages/airflow/example_dags/example_python_operator.py took 0.036 seconds
[2024-03-25T22:25:57.234+0000] {processor.py:161} INFO - Started process (PID=1991) to work on /home/airflow/.local/lib/python3.8/site-packages/airflow/example_dags/example_python_operator.py
[2024-03-25T22:25:57.234+0000] {processor.py:830} INFO - Processing file /home/airflow/.local/lib/python3.8/site-packages/airflow/example_dags/example_python_operator.py for tasks to queue
[2024-03-25T22:25:57.235+0000] {logging_mixin.py:188} INFO - [2024-03-25T22:25:57.235+0000] {dagbag.py:540} INFO - Filling up the DagBag from /home/airflow/.local/lib/python3.8/site-packages/airflow/example_dags/example_python_operator.py
[2024-03-25T22:25:57.241+0000] {processor.py:840} INFO - DAG(s) 'example_python_operator' retrieved from /home/airflow/.local/lib/python3.8/site-packages/airflow/example_dags/example_python_operator.py
[2024-03-25T22:25:57.254+0000] {logging_mixin.py:188} INFO - [2024-03-25T22:25:57.254+0000] {dag.py:3047} INFO - Sync 1 DAGs
[2024-03-25T22:25:57.259+0000] {logging_mixin.py:188} INFO - [2024-03-25T22:25:57.259+0000] {dag.py:3834} INFO - Setting next_dagrun for example_python_operator to None, run_after=None
[2024-03-25T22:25:57.267+0000] {processor.py:183} INFO - Processing /home/airflow/.local/lib/python3.8/site-packages/airflow/example_dags/example_python_operator.py took 0.035 seconds
[2024-03-25T22:26:27.829+0000] {processor.py:161} INFO - Started process (PID=2046) to work on /home/airflow/.local/lib/python3.8/site-packages/airflow/example_dags/example_python_operator.py
[2024-03-25T22:26:27.830+0000] {processor.py:830} INFO - Processing file /home/airflow/.local/lib/python3.8/site-packages/airflow/example_dags/example_python_operator.py for tasks to queue
[2024-03-25T22:26:27.831+0000] {logging_mixin.py:188} INFO - [2024-03-25T22:26:27.831+0000] {dagbag.py:540} INFO - Filling up the DagBag from /home/airflow/.local/lib/python3.8/site-packages/airflow/example_dags/example_python_operator.py
[2024-03-25T22:26:27.836+0000] {processor.py:840} INFO - DAG(s) 'example_python_operator' retrieved from /home/airflow/.local/lib/python3.8/site-packages/airflow/example_dags/example_python_operator.py
[2024-03-25T22:26:27.849+0000] {logging_mixin.py:188} INFO - [2024-03-25T22:26:27.849+0000] {dag.py:3047} INFO - Sync 1 DAGs
[2024-03-25T22:26:27.855+0000] {logging_mixin.py:188} INFO - [2024-03-25T22:26:27.855+0000] {dag.py:3834} INFO - Setting next_dagrun for example_python_operator to None, run_after=None
[2024-03-25T22:26:27.863+0000] {processor.py:183} INFO - Processing /home/airflow/.local/lib/python3.8/site-packages/airflow/example_dags/example_python_operator.py took 0.035 seconds
[2024-03-25T22:26:58.425+0000] {processor.py:161} INFO - Started process (PID=2101) to work on /home/airflow/.local/lib/python3.8/site-packages/airflow/example_dags/example_python_operator.py
[2024-03-25T22:26:58.426+0000] {processor.py:830} INFO - Processing file /home/airflow/.local/lib/python3.8/site-packages/airflow/example_dags/example_python_operator.py for tasks to queue
[2024-03-25T22:26:58.427+0000] {logging_mixin.py:188} INFO - [2024-03-25T22:26:58.426+0000] {dagbag.py:540} INFO - Filling up the DagBag from /home/airflow/.local/lib/python3.8/site-packages/airflow/example_dags/example_python_operator.py
[2024-03-25T22:26:58.433+0000] {processor.py:840} INFO - DAG(s) 'example_python_operator' retrieved from /home/airflow/.local/lib/python3.8/site-packages/airflow/example_dags/example_python_operator.py
[2024-03-25T22:26:58.446+0000] {logging_mixin.py:188} INFO - [2024-03-25T22:26:58.446+0000] {dag.py:3047} INFO - Sync 1 DAGs
[2024-03-25T22:26:58.452+0000] {logging_mixin.py:188} INFO - [2024-03-25T22:26:58.452+0000] {dag.py:3834} INFO - Setting next_dagrun for example_python_operator to None, run_after=None
[2024-03-25T22:26:58.464+0000] {processor.py:183} INFO - Processing /home/airflow/.local/lib/python3.8/site-packages/airflow/example_dags/example_python_operator.py took 0.041 seconds
[2024-03-25T22:27:29.011+0000] {processor.py:161} INFO - Started process (PID=2155) to work on /home/airflow/.local/lib/python3.8/site-packages/airflow/example_dags/example_python_operator.py
[2024-03-25T22:27:29.011+0000] {processor.py:830} INFO - Processing file /home/airflow/.local/lib/python3.8/site-packages/airflow/example_dags/example_python_operator.py for tasks to queue
[2024-03-25T22:27:29.012+0000] {logging_mixin.py:188} INFO - [2024-03-25T22:27:29.012+0000] {dagbag.py:540} INFO - Filling up the DagBag from /home/airflow/.local/lib/python3.8/site-packages/airflow/example_dags/example_python_operator.py
[2024-03-25T22:27:29.018+0000] {processor.py:840} INFO - DAG(s) 'example_python_operator' retrieved from /home/airflow/.local/lib/python3.8/site-packages/airflow/example_dags/example_python_operator.py
[2024-03-25T22:27:29.030+0000] {logging_mixin.py:188} INFO - [2024-03-25T22:27:29.030+0000] {dag.py:3047} INFO - Sync 1 DAGs
[2024-03-25T22:27:29.036+0000] {logging_mixin.py:188} INFO - [2024-03-25T22:27:29.036+0000] {dag.py:3834} INFO - Setting next_dagrun for example_python_operator to None, run_after=None
[2024-03-25T22:27:29.043+0000] {processor.py:183} INFO - Processing /home/airflow/.local/lib/python3.8/site-packages/airflow/example_dags/example_python_operator.py took 0.035 seconds
[2024-03-25T22:27:59.633+0000] {processor.py:161} INFO - Started process (PID=2210) to work on /home/airflow/.local/lib/python3.8/site-packages/airflow/example_dags/example_python_operator.py
[2024-03-25T22:27:59.634+0000] {processor.py:830} INFO - Processing file /home/airflow/.local/lib/python3.8/site-packages/airflow/example_dags/example_python_operator.py for tasks to queue
[2024-03-25T22:27:59.635+0000] {logging_mixin.py:188} INFO - [2024-03-25T22:27:59.635+0000] {dagbag.py:540} INFO - Filling up the DagBag from /home/airflow/.local/lib/python3.8/site-packages/airflow/example_dags/example_python_operator.py
[2024-03-25T22:27:59.640+0000] {processor.py:840} INFO - DAG(s) 'example_python_operator' retrieved from /home/airflow/.local/lib/python3.8/site-packages/airflow/example_dags/example_python_operator.py
[2024-03-25T22:27:59.653+0000] {logging_mixin.py:188} INFO - [2024-03-25T22:27:59.653+0000] {dag.py:3047} INFO - Sync 1 DAGs
[2024-03-25T22:27:59.658+0000] {logging_mixin.py:188} INFO - [2024-03-25T22:27:59.658+0000] {dag.py:3834} INFO - Setting next_dagrun for example_python_operator to None, run_after=None
[2024-03-25T22:27:59.666+0000] {processor.py:183} INFO - Processing /home/airflow/.local/lib/python3.8/site-packages/airflow/example_dags/example_python_operator.py took 0.035 seconds
[2024-03-25T22:28:30.188+0000] {processor.py:161} INFO - Started process (PID=2265) to work on /home/airflow/.local/lib/python3.8/site-packages/airflow/example_dags/example_python_operator.py
[2024-03-25T22:28:30.188+0000] {processor.py:830} INFO - Processing file /home/airflow/.local/lib/python3.8/site-packages/airflow/example_dags/example_python_operator.py for tasks to queue
[2024-03-25T22:28:30.189+0000] {logging_mixin.py:188} INFO - [2024-03-25T22:28:30.189+0000] {dagbag.py:540} INFO - Filling up the DagBag from /home/airflow/.local/lib/python3.8/site-packages/airflow/example_dags/example_python_operator.py
[2024-03-25T22:28:30.195+0000] {processor.py:840} INFO - DAG(s) 'example_python_operator' retrieved from /home/airflow/.local/lib/python3.8/site-packages/airflow/example_dags/example_python_operator.py
[2024-03-25T22:28:30.208+0000] {logging_mixin.py:188} INFO - [2024-03-25T22:28:30.207+0000] {dag.py:3047} INFO - Sync 1 DAGs
[2024-03-25T22:28:30.214+0000] {logging_mixin.py:188} INFO - [2024-03-25T22:28:30.213+0000] {dag.py:3834} INFO - Setting next_dagrun for example_python_operator to None, run_after=None
[2024-03-25T22:28:30.222+0000] {processor.py:183} INFO - Processing /home/airflow/.local/lib/python3.8/site-packages/airflow/example_dags/example_python_operator.py took 0.036 seconds
[2024-03-25T22:29:00.802+0000] {processor.py:161} INFO - Started process (PID=2320) to work on /home/airflow/.local/lib/python3.8/site-packages/airflow/example_dags/example_python_operator.py
[2024-03-25T22:29:00.802+0000] {processor.py:830} INFO - Processing file /home/airflow/.local/lib/python3.8/site-packages/airflow/example_dags/example_python_operator.py for tasks to queue
[2024-03-25T22:29:00.804+0000] {logging_mixin.py:188} INFO - [2024-03-25T22:29:00.803+0000] {dagbag.py:540} INFO - Filling up the DagBag from /home/airflow/.local/lib/python3.8/site-packages/airflow/example_dags/example_python_operator.py
[2024-03-25T22:29:00.810+0000] {processor.py:840} INFO - DAG(s) 'example_python_operator' retrieved from /home/airflow/.local/lib/python3.8/site-packages/airflow/example_dags/example_python_operator.py
[2024-03-25T22:29:00.822+0000] {logging_mixin.py:188} INFO - [2024-03-25T22:29:00.822+0000] {dag.py:3047} INFO - Sync 1 DAGs
[2024-03-25T22:29:00.828+0000] {logging_mixin.py:188} INFO - [2024-03-25T22:29:00.828+0000] {dag.py:3834} INFO - Setting next_dagrun for example_python_operator to None, run_after=None
[2024-03-25T22:29:00.836+0000] {processor.py:183} INFO - Processing /home/airflow/.local/lib/python3.8/site-packages/airflow/example_dags/example_python_operator.py took 0.036 seconds
[2024-03-25T22:29:31.404+0000] {processor.py:161} INFO - Started process (PID=2381) to work on /home/airflow/.local/lib/python3.8/site-packages/airflow/example_dags/example_python_operator.py
[2024-03-25T22:29:31.404+0000] {processor.py:830} INFO - Processing file /home/airflow/.local/lib/python3.8/site-packages/airflow/example_dags/example_python_operator.py for tasks to queue
[2024-03-25T22:29:31.405+0000] {logging_mixin.py:188} INFO - [2024-03-25T22:29:31.405+0000] {dagbag.py:540} INFO - Filling up the DagBag from /home/airflow/.local/lib/python3.8/site-packages/airflow/example_dags/example_python_operator.py
[2024-03-25T22:29:31.411+0000] {processor.py:840} INFO - DAG(s) 'example_python_operator' retrieved from /home/airflow/.local/lib/python3.8/site-packages/airflow/example_dags/example_python_operator.py
[2024-03-25T22:29:31.423+0000] {logging_mixin.py:188} INFO - [2024-03-25T22:29:31.423+0000] {dag.py:3047} INFO - Sync 1 DAGs
[2024-03-25T22:29:31.429+0000] {logging_mixin.py:188} INFO - [2024-03-25T22:29:31.428+0000] {dag.py:3834} INFO - Setting next_dagrun for example_python_operator to None, run_after=None
[2024-03-25T22:29:31.437+0000] {processor.py:183} INFO - Processing /home/airflow/.local/lib/python3.8/site-packages/airflow/example_dags/example_python_operator.py took 0.035 seconds
[2024-03-25T22:30:01.983+0000] {processor.py:161} INFO - Started process (PID=2436) to work on /home/airflow/.local/lib/python3.8/site-packages/airflow/example_dags/example_python_operator.py
[2024-03-25T22:30:01.983+0000] {processor.py:830} INFO - Processing file /home/airflow/.local/lib/python3.8/site-packages/airflow/example_dags/example_python_operator.py for tasks to queue
[2024-03-25T22:30:01.984+0000] {logging_mixin.py:188} INFO - [2024-03-25T22:30:01.984+0000] {dagbag.py:540} INFO - Filling up the DagBag from /home/airflow/.local/lib/python3.8/site-packages/airflow/example_dags/example_python_operator.py
[2024-03-25T22:30:01.990+0000] {processor.py:840} INFO - DAG(s) 'example_python_operator' retrieved from /home/airflow/.local/lib/python3.8/site-packages/airflow/example_dags/example_python_operator.py
[2024-03-25T22:30:02.002+0000] {logging_mixin.py:188} INFO - [2024-03-25T22:30:02.002+0000] {dag.py:3047} INFO - Sync 1 DAGs
[2024-03-25T22:30:02.008+0000] {logging_mixin.py:188} INFO - [2024-03-25T22:30:02.007+0000] {dag.py:3834} INFO - Setting next_dagrun for example_python_operator to None, run_after=None
[2024-03-25T22:30:02.015+0000] {processor.py:183} INFO - Processing /home/airflow/.local/lib/python3.8/site-packages/airflow/example_dags/example_python_operator.py took 0.034 seconds
[2024-03-25T22:30:32.625+0000] {processor.py:161} INFO - Started process (PID=2491) to work on /home/airflow/.local/lib/python3.8/site-packages/airflow/example_dags/example_python_operator.py
[2024-03-25T22:30:32.626+0000] {processor.py:830} INFO - Processing file /home/airflow/.local/lib/python3.8/site-packages/airflow/example_dags/example_python_operator.py for tasks to queue
[2024-03-25T22:30:32.627+0000] {logging_mixin.py:188} INFO - [2024-03-25T22:30:32.627+0000] {dagbag.py:540} INFO - Filling up the DagBag from /home/airflow/.local/lib/python3.8/site-packages/airflow/example_dags/example_python_operator.py
[2024-03-25T22:30:32.632+0000] {processor.py:840} INFO - DAG(s) 'example_python_operator' retrieved from /home/airflow/.local/lib/python3.8/site-packages/airflow/example_dags/example_python_operator.py
[2024-03-25T22:30:32.645+0000] {logging_mixin.py:188} INFO - [2024-03-25T22:30:32.645+0000] {dag.py:3047} INFO - Sync 1 DAGs
[2024-03-25T22:30:32.650+0000] {logging_mixin.py:188} INFO - [2024-03-25T22:30:32.650+0000] {dag.py:3834} INFO - Setting next_dagrun for example_python_operator to None, run_after=None
[2024-03-25T22:30:32.658+0000] {processor.py:183} INFO - Processing /home/airflow/.local/lib/python3.8/site-packages/airflow/example_dags/example_python_operator.py took 0.035 seconds
[2024-03-25T22:31:03.183+0000] {processor.py:161} INFO - Started process (PID=2546) to work on /home/airflow/.local/lib/python3.8/site-packages/airflow/example_dags/example_python_operator.py
[2024-03-25T22:31:03.184+0000] {processor.py:830} INFO - Processing file /home/airflow/.local/lib/python3.8/site-packages/airflow/example_dags/example_python_operator.py for tasks to queue
[2024-03-25T22:31:03.185+0000] {logging_mixin.py:188} INFO - [2024-03-25T22:31:03.185+0000] {dagbag.py:540} INFO - Filling up the DagBag from /home/airflow/.local/lib/python3.8/site-packages/airflow/example_dags/example_python_operator.py
[2024-03-25T22:31:03.191+0000] {processor.py:840} INFO - DAG(s) 'example_python_operator' retrieved from /home/airflow/.local/lib/python3.8/site-packages/airflow/example_dags/example_python_operator.py
[2024-03-25T22:31:03.203+0000] {logging_mixin.py:188} INFO - [2024-03-25T22:31:03.203+0000] {dag.py:3047} INFO - Sync 1 DAGs
[2024-03-25T22:31:03.208+0000] {logging_mixin.py:188} INFO - [2024-03-25T22:31:03.208+0000] {dag.py:3834} INFO - Setting next_dagrun for example_python_operator to None, run_after=None
[2024-03-25T22:31:03.216+0000] {processor.py:183} INFO - Processing /home/airflow/.local/lib/python3.8/site-packages/airflow/example_dags/example_python_operator.py took 0.035 seconds
[2024-03-25T22:31:33.760+0000] {processor.py:161} INFO - Started process (PID=2601) to work on /home/airflow/.local/lib/python3.8/site-packages/airflow/example_dags/example_python_operator.py
[2024-03-25T22:31:33.761+0000] {processor.py:830} INFO - Processing file /home/airflow/.local/lib/python3.8/site-packages/airflow/example_dags/example_python_operator.py for tasks to queue
[2024-03-25T22:31:33.762+0000] {logging_mixin.py:188} INFO - [2024-03-25T22:31:33.762+0000] {dagbag.py:540} INFO - Filling up the DagBag from /home/airflow/.local/lib/python3.8/site-packages/airflow/example_dags/example_python_operator.py
[2024-03-25T22:31:33.767+0000] {processor.py:840} INFO - DAG(s) 'example_python_operator' retrieved from /home/airflow/.local/lib/python3.8/site-packages/airflow/example_dags/example_python_operator.py
[2024-03-25T22:31:33.780+0000] {logging_mixin.py:188} INFO - [2024-03-25T22:31:33.780+0000] {dag.py:3047} INFO - Sync 1 DAGs
[2024-03-25T22:31:33.785+0000] {logging_mixin.py:188} INFO - [2024-03-25T22:31:33.785+0000] {dag.py:3834} INFO - Setting next_dagrun for example_python_operator to None, run_after=None
[2024-03-25T22:31:33.794+0000] {processor.py:183} INFO - Processing /home/airflow/.local/lib/python3.8/site-packages/airflow/example_dags/example_python_operator.py took 0.035 seconds
[2024-03-25T22:32:04.435+0000] {processor.py:161} INFO - Started process (PID=2656) to work on /home/airflow/.local/lib/python3.8/site-packages/airflow/example_dags/example_python_operator.py
[2024-03-25T22:32:04.436+0000] {processor.py:830} INFO - Processing file /home/airflow/.local/lib/python3.8/site-packages/airflow/example_dags/example_python_operator.py for tasks to queue
[2024-03-25T22:32:04.437+0000] {logging_mixin.py:188} INFO - [2024-03-25T22:32:04.437+0000] {dagbag.py:540} INFO - Filling up the DagBag from /home/airflow/.local/lib/python3.8/site-packages/airflow/example_dags/example_python_operator.py
[2024-03-25T22:32:04.442+0000] {processor.py:840} INFO - DAG(s) 'example_python_operator' retrieved from /home/airflow/.local/lib/python3.8/site-packages/airflow/example_dags/example_python_operator.py
[2024-03-25T22:32:04.455+0000] {logging_mixin.py:188} INFO - [2024-03-25T22:32:04.455+0000] {dag.py:3047} INFO - Sync 1 DAGs
[2024-03-25T22:32:04.460+0000] {logging_mixin.py:188} INFO - [2024-03-25T22:32:04.460+0000] {dag.py:3834} INFO - Setting next_dagrun for example_python_operator to None, run_after=None
[2024-03-25T22:32:04.469+0000] {processor.py:183} INFO - Processing /home/airflow/.local/lib/python3.8/site-packages/airflow/example_dags/example_python_operator.py took 0.036 seconds
[2024-03-25T22:32:35.112+0000] {processor.py:161} INFO - Started process (PID=2711) to work on /home/airflow/.local/lib/python3.8/site-packages/airflow/example_dags/example_python_operator.py
[2024-03-25T22:32:35.112+0000] {processor.py:830} INFO - Processing file /home/airflow/.local/lib/python3.8/site-packages/airflow/example_dags/example_python_operator.py for tasks to queue
[2024-03-25T22:32:35.113+0000] {logging_mixin.py:188} INFO - [2024-03-25T22:32:35.113+0000] {dagbag.py:540} INFO - Filling up the DagBag from /home/airflow/.local/lib/python3.8/site-packages/airflow/example_dags/example_python_operator.py
[2024-03-25T22:32:35.119+0000] {processor.py:840} INFO - DAG(s) 'example_python_operator' retrieved from /home/airflow/.local/lib/python3.8/site-packages/airflow/example_dags/example_python_operator.py
[2024-03-25T22:32:35.132+0000] {logging_mixin.py:188} INFO - [2024-03-25T22:32:35.132+0000] {dag.py:3047} INFO - Sync 1 DAGs
[2024-03-25T22:32:35.138+0000] {logging_mixin.py:188} INFO - [2024-03-25T22:32:35.138+0000] {dag.py:3834} INFO - Setting next_dagrun for example_python_operator to None, run_after=None
[2024-03-25T22:32:35.146+0000] {processor.py:183} INFO - Processing /home/airflow/.local/lib/python3.8/site-packages/airflow/example_dags/example_python_operator.py took 0.037 seconds
[2024-03-25T22:33:05.934+0000] {processor.py:161} INFO - Started process (PID=2766) to work on /home/airflow/.local/lib/python3.8/site-packages/airflow/example_dags/example_python_operator.py
[2024-03-25T22:33:05.934+0000] {processor.py:830} INFO - Processing file /home/airflow/.local/lib/python3.8/site-packages/airflow/example_dags/example_python_operator.py for tasks to queue
[2024-03-25T22:33:05.935+0000] {logging_mixin.py:188} INFO - [2024-03-25T22:33:05.935+0000] {dagbag.py:540} INFO - Filling up the DagBag from /home/airflow/.local/lib/python3.8/site-packages/airflow/example_dags/example_python_operator.py
[2024-03-25T22:33:05.941+0000] {processor.py:840} INFO - DAG(s) 'example_python_operator' retrieved from /home/airflow/.local/lib/python3.8/site-packages/airflow/example_dags/example_python_operator.py
[2024-03-25T22:33:05.953+0000] {logging_mixin.py:188} INFO - [2024-03-25T22:33:05.953+0000] {dag.py:3047} INFO - Sync 1 DAGs
[2024-03-25T22:33:05.959+0000] {logging_mixin.py:188} INFO - [2024-03-25T22:33:05.959+0000] {dag.py:3834} INFO - Setting next_dagrun for example_python_operator to None, run_after=None
[2024-03-25T22:33:05.968+0000] {processor.py:183} INFO - Processing /home/airflow/.local/lib/python3.8/site-packages/airflow/example_dags/example_python_operator.py took 0.037 seconds
[2024-03-25T22:33:36.780+0000] {processor.py:161} INFO - Started process (PID=2821) to work on /home/airflow/.local/lib/python3.8/site-packages/airflow/example_dags/example_python_operator.py
[2024-03-25T22:33:36.781+0000] {processor.py:830} INFO - Processing file /home/airflow/.local/lib/python3.8/site-packages/airflow/example_dags/example_python_operator.py for tasks to queue
[2024-03-25T22:33:36.782+0000] {logging_mixin.py:188} INFO - [2024-03-25T22:33:36.782+0000] {dagbag.py:540} INFO - Filling up the DagBag from /home/airflow/.local/lib/python3.8/site-packages/airflow/example_dags/example_python_operator.py
[2024-03-25T22:33:36.788+0000] {processor.py:840} INFO - DAG(s) 'example_python_operator' retrieved from /home/airflow/.local/lib/python3.8/site-packages/airflow/example_dags/example_python_operator.py
[2024-03-25T22:33:36.800+0000] {logging_mixin.py:188} INFO - [2024-03-25T22:33:36.799+0000] {dag.py:3047} INFO - Sync 1 DAGs
[2024-03-25T22:33:36.805+0000] {logging_mixin.py:188} INFO - [2024-03-25T22:33:36.805+0000] {dag.py:3834} INFO - Setting next_dagrun for example_python_operator to None, run_after=None
[2024-03-25T22:33:36.813+0000] {processor.py:183} INFO - Processing /home/airflow/.local/lib/python3.8/site-packages/airflow/example_dags/example_python_operator.py took 0.035 seconds
[2024-03-25T22:34:06.989+0000] {processor.py:161} INFO - Started process (PID=2876) to work on /home/airflow/.local/lib/python3.8/site-packages/airflow/example_dags/example_python_operator.py
[2024-03-25T22:34:06.989+0000] {processor.py:830} INFO - Processing file /home/airflow/.local/lib/python3.8/site-packages/airflow/example_dags/example_python_operator.py for tasks to queue
[2024-03-25T22:34:06.990+0000] {logging_mixin.py:188} INFO - [2024-03-25T22:34:06.990+0000] {dagbag.py:540} INFO - Filling up the DagBag from /home/airflow/.local/lib/python3.8/site-packages/airflow/example_dags/example_python_operator.py
[2024-03-25T22:34:06.996+0000] {processor.py:840} INFO - DAG(s) 'example_python_operator' retrieved from /home/airflow/.local/lib/python3.8/site-packages/airflow/example_dags/example_python_operator.py
[2024-03-25T22:34:07.009+0000] {logging_mixin.py:188} INFO - [2024-03-25T22:34:07.008+0000] {dag.py:3047} INFO - Sync 1 DAGs
[2024-03-25T22:34:07.014+0000] {logging_mixin.py:188} INFO - [2024-03-25T22:34:07.014+0000] {dag.py:3834} INFO - Setting next_dagrun for example_python_operator to None, run_after=None
[2024-03-25T22:34:07.022+0000] {processor.py:183} INFO - Processing /home/airflow/.local/lib/python3.8/site-packages/airflow/example_dags/example_python_operator.py took 0.035 seconds
[2024-03-25T22:34:37.209+0000] {processor.py:161} INFO - Started process (PID=2932) to work on /home/airflow/.local/lib/python3.8/site-packages/airflow/example_dags/example_python_operator.py
[2024-03-25T22:34:37.210+0000] {processor.py:830} INFO - Processing file /home/airflow/.local/lib/python3.8/site-packages/airflow/example_dags/example_python_operator.py for tasks to queue
[2024-03-25T22:34:37.211+0000] {logging_mixin.py:188} INFO - [2024-03-25T22:34:37.211+0000] {dagbag.py:540} INFO - Filling up the DagBag from /home/airflow/.local/lib/python3.8/site-packages/airflow/example_dags/example_python_operator.py
[2024-03-25T22:34:37.216+0000] {processor.py:840} INFO - DAG(s) 'example_python_operator' retrieved from /home/airflow/.local/lib/python3.8/site-packages/airflow/example_dags/example_python_operator.py
[2024-03-25T22:34:37.229+0000] {logging_mixin.py:188} INFO - [2024-03-25T22:34:37.229+0000] {dag.py:3047} INFO - Sync 1 DAGs
[2024-03-25T22:34:37.234+0000] {logging_mixin.py:188} INFO - [2024-03-25T22:34:37.234+0000] {dag.py:3834} INFO - Setting next_dagrun for example_python_operator to None, run_after=None
[2024-03-25T22:34:37.242+0000] {processor.py:183} INFO - Processing /home/airflow/.local/lib/python3.8/site-packages/airflow/example_dags/example_python_operator.py took 0.034 seconds
[2024-03-25T22:35:07.795+0000] {processor.py:161} INFO - Started process (PID=2987) to work on /home/airflow/.local/lib/python3.8/site-packages/airflow/example_dags/example_python_operator.py
[2024-03-25T22:35:07.796+0000] {processor.py:830} INFO - Processing file /home/airflow/.local/lib/python3.8/site-packages/airflow/example_dags/example_python_operator.py for tasks to queue
[2024-03-25T22:35:07.797+0000] {logging_mixin.py:188} INFO - [2024-03-25T22:35:07.797+0000] {dagbag.py:540} INFO - Filling up the DagBag from /home/airflow/.local/lib/python3.8/site-packages/airflow/example_dags/example_python_operator.py
[2024-03-25T22:35:07.802+0000] {processor.py:840} INFO - DAG(s) 'example_python_operator' retrieved from /home/airflow/.local/lib/python3.8/site-packages/airflow/example_dags/example_python_operator.py
[2024-03-25T22:35:07.815+0000] {logging_mixin.py:188} INFO - [2024-03-25T22:35:07.815+0000] {dag.py:3047} INFO - Sync 1 DAGs
[2024-03-25T22:35:07.820+0000] {logging_mixin.py:188} INFO - [2024-03-25T22:35:07.820+0000] {dag.py:3834} INFO - Setting next_dagrun for example_python_operator to None, run_after=None
[2024-03-25T22:35:07.827+0000] {processor.py:183} INFO - Processing /home/airflow/.local/lib/python3.8/site-packages/airflow/example_dags/example_python_operator.py took 0.034 seconds
[2024-03-25T22:35:38.867+0000] {processor.py:161} INFO - Started process (PID=3042) to work on /home/airflow/.local/lib/python3.8/site-packages/airflow/example_dags/example_python_operator.py
[2024-03-25T22:35:38.867+0000] {processor.py:830} INFO - Processing file /home/airflow/.local/lib/python3.8/site-packages/airflow/example_dags/example_python_operator.py for tasks to queue
[2024-03-25T22:35:38.868+0000] {logging_mixin.py:188} INFO - [2024-03-25T22:35:38.868+0000] {dagbag.py:540} INFO - Filling up the DagBag from /home/airflow/.local/lib/python3.8/site-packages/airflow/example_dags/example_python_operator.py
[2024-03-25T22:35:38.874+0000] {processor.py:840} INFO - DAG(s) 'example_python_operator' retrieved from /home/airflow/.local/lib/python3.8/site-packages/airflow/example_dags/example_python_operator.py
[2024-03-25T22:35:38.887+0000] {logging_mixin.py:188} INFO - [2024-03-25T22:35:38.887+0000] {dag.py:3047} INFO - Sync 1 DAGs
[2024-03-25T22:35:38.892+0000] {logging_mixin.py:188} INFO - [2024-03-25T22:35:38.892+0000] {dag.py:3834} INFO - Setting next_dagrun for example_python_operator to None, run_after=None
[2024-03-25T22:35:38.901+0000] {processor.py:183} INFO - Processing /home/airflow/.local/lib/python3.8/site-packages/airflow/example_dags/example_python_operator.py took 0.036 seconds
[2024-03-25T22:36:09.591+0000] {processor.py:161} INFO - Started process (PID=3097) to work on /home/airflow/.local/lib/python3.8/site-packages/airflow/example_dags/example_python_operator.py
[2024-03-25T22:36:09.591+0000] {processor.py:830} INFO - Processing file /home/airflow/.local/lib/python3.8/site-packages/airflow/example_dags/example_python_operator.py for tasks to queue
[2024-03-25T22:36:09.592+0000] {logging_mixin.py:188} INFO - [2024-03-25T22:36:09.592+0000] {dagbag.py:540} INFO - Filling up the DagBag from /home/airflow/.local/lib/python3.8/site-packages/airflow/example_dags/example_python_operator.py
[2024-03-25T22:36:09.598+0000] {processor.py:840} INFO - DAG(s) 'example_python_operator' retrieved from /home/airflow/.local/lib/python3.8/site-packages/airflow/example_dags/example_python_operator.py
[2024-03-25T22:36:09.611+0000] {logging_mixin.py:188} INFO - [2024-03-25T22:36:09.611+0000] {dag.py:3047} INFO - Sync 1 DAGs
[2024-03-25T22:36:09.616+0000] {logging_mixin.py:188} INFO - [2024-03-25T22:36:09.616+0000] {dag.py:3834} INFO - Setting next_dagrun for example_python_operator to None, run_after=None
[2024-03-25T22:36:09.623+0000] {processor.py:183} INFO - Processing /home/airflow/.local/lib/python3.8/site-packages/airflow/example_dags/example_python_operator.py took 0.034 seconds
[2024-03-25T22:36:40.277+0000] {processor.py:161} INFO - Started process (PID=3153) to work on /home/airflow/.local/lib/python3.8/site-packages/airflow/example_dags/example_python_operator.py
[2024-03-25T22:36:40.277+0000] {processor.py:830} INFO - Processing file /home/airflow/.local/lib/python3.8/site-packages/airflow/example_dags/example_python_operator.py for tasks to queue
[2024-03-25T22:36:40.278+0000] {logging_mixin.py:188} INFO - [2024-03-25T22:36:40.278+0000] {dagbag.py:540} INFO - Filling up the DagBag from /home/airflow/.local/lib/python3.8/site-packages/airflow/example_dags/example_python_operator.py
[2024-03-25T22:36:40.284+0000] {processor.py:840} INFO - DAG(s) 'example_python_operator' retrieved from /home/airflow/.local/lib/python3.8/site-packages/airflow/example_dags/example_python_operator.py
[2024-03-25T22:36:40.296+0000] {logging_mixin.py:188} INFO - [2024-03-25T22:36:40.296+0000] {dag.py:3047} INFO - Sync 1 DAGs
[2024-03-25T22:36:40.302+0000] {logging_mixin.py:188} INFO - [2024-03-25T22:36:40.301+0000] {dag.py:3834} INFO - Setting next_dagrun for example_python_operator to None, run_after=None
[2024-03-25T22:36:40.309+0000] {processor.py:183} INFO - Processing /home/airflow/.local/lib/python3.8/site-packages/airflow/example_dags/example_python_operator.py took 0.034 seconds
[2024-03-25T22:37:10.998+0000] {processor.py:161} INFO - Started process (PID=3208) to work on /home/airflow/.local/lib/python3.8/site-packages/airflow/example_dags/example_python_operator.py
[2024-03-25T22:37:10.998+0000] {processor.py:830} INFO - Processing file /home/airflow/.local/lib/python3.8/site-packages/airflow/example_dags/example_python_operator.py for tasks to queue
[2024-03-25T22:37:11.000+0000] {logging_mixin.py:188} INFO - [2024-03-25T22:37:10.999+0000] {dagbag.py:540} INFO - Filling up the DagBag from /home/airflow/.local/lib/python3.8/site-packages/airflow/example_dags/example_python_operator.py
[2024-03-25T22:37:11.006+0000] {processor.py:840} INFO - DAG(s) 'example_python_operator' retrieved from /home/airflow/.local/lib/python3.8/site-packages/airflow/example_dags/example_python_operator.py
[2024-03-25T22:37:11.018+0000] {logging_mixin.py:188} INFO - [2024-03-25T22:37:11.018+0000] {dag.py:3047} INFO - Sync 1 DAGs
[2024-03-25T22:37:11.023+0000] {logging_mixin.py:188} INFO - [2024-03-25T22:37:11.023+0000] {dag.py:3834} INFO - Setting next_dagrun for example_python_operator to None, run_after=None
[2024-03-25T22:37:11.031+0000] {processor.py:183} INFO - Processing /home/airflow/.local/lib/python3.8/site-packages/airflow/example_dags/example_python_operator.py took 0.034 seconds
[2024-03-25T22:37:41.749+0000] {processor.py:161} INFO - Started process (PID=3263) to work on /home/airflow/.local/lib/python3.8/site-packages/airflow/example_dags/example_python_operator.py
[2024-03-25T22:37:41.749+0000] {processor.py:830} INFO - Processing file /home/airflow/.local/lib/python3.8/site-packages/airflow/example_dags/example_python_operator.py for tasks to queue
[2024-03-25T22:37:41.750+0000] {logging_mixin.py:188} INFO - [2024-03-25T22:37:41.750+0000] {dagbag.py:540} INFO - Filling up the DagBag from /home/airflow/.local/lib/python3.8/site-packages/airflow/example_dags/example_python_operator.py
[2024-03-25T22:37:41.756+0000] {processor.py:840} INFO - DAG(s) 'example_python_operator' retrieved from /home/airflow/.local/lib/python3.8/site-packages/airflow/example_dags/example_python_operator.py
[2024-03-25T22:37:41.768+0000] {logging_mixin.py:188} INFO - [2024-03-25T22:37:41.768+0000] {dag.py:3047} INFO - Sync 1 DAGs
[2024-03-25T22:37:41.774+0000] {logging_mixin.py:188} INFO - [2024-03-25T22:37:41.774+0000] {dag.py:3834} INFO - Setting next_dagrun for example_python_operator to None, run_after=None
[2024-03-25T22:37:41.782+0000] {processor.py:183} INFO - Processing /home/airflow/.local/lib/python3.8/site-packages/airflow/example_dags/example_python_operator.py took 0.035 seconds
[2024-03-25T22:38:12.389+0000] {processor.py:161} INFO - Started process (PID=3318) to work on /home/airflow/.local/lib/python3.8/site-packages/airflow/example_dags/example_python_operator.py
[2024-03-25T22:38:12.389+0000] {processor.py:830} INFO - Processing file /home/airflow/.local/lib/python3.8/site-packages/airflow/example_dags/example_python_operator.py for tasks to queue
[2024-03-25T22:38:12.390+0000] {logging_mixin.py:188} INFO - [2024-03-25T22:38:12.390+0000] {dagbag.py:540} INFO - Filling up the DagBag from /home/airflow/.local/lib/python3.8/site-packages/airflow/example_dags/example_python_operator.py
[2024-03-25T22:38:12.396+0000] {processor.py:840} INFO - DAG(s) 'example_python_operator' retrieved from /home/airflow/.local/lib/python3.8/site-packages/airflow/example_dags/example_python_operator.py
[2024-03-25T22:38:12.408+0000] {logging_mixin.py:188} INFO - [2024-03-25T22:38:12.408+0000] {dag.py:3047} INFO - Sync 1 DAGs
[2024-03-25T22:38:12.413+0000] {logging_mixin.py:188} INFO - [2024-03-25T22:38:12.413+0000] {dag.py:3834} INFO - Setting next_dagrun for example_python_operator to None, run_after=None
[2024-03-25T22:38:12.421+0000] {processor.py:183} INFO - Processing /home/airflow/.local/lib/python3.8/site-packages/airflow/example_dags/example_python_operator.py took 0.034 seconds
[2024-03-25T22:38:43.130+0000] {processor.py:161} INFO - Started process (PID=3373) to work on /home/airflow/.local/lib/python3.8/site-packages/airflow/example_dags/example_python_operator.py
[2024-03-25T22:38:43.130+0000] {processor.py:830} INFO - Processing file /home/airflow/.local/lib/python3.8/site-packages/airflow/example_dags/example_python_operator.py for tasks to queue
[2024-03-25T22:38:43.131+0000] {logging_mixin.py:188} INFO - [2024-03-25T22:38:43.131+0000] {dagbag.py:540} INFO - Filling up the DagBag from /home/airflow/.local/lib/python3.8/site-packages/airflow/example_dags/example_python_operator.py
[2024-03-25T22:38:43.137+0000] {processor.py:840} INFO - DAG(s) 'example_python_operator' retrieved from /home/airflow/.local/lib/python3.8/site-packages/airflow/example_dags/example_python_operator.py
[2024-03-25T22:38:43.150+0000] {logging_mixin.py:188} INFO - [2024-03-25T22:38:43.150+0000] {dag.py:3047} INFO - Sync 1 DAGs
[2024-03-25T22:38:43.155+0000] {logging_mixin.py:188} INFO - [2024-03-25T22:38:43.155+0000] {dag.py:3834} INFO - Setting next_dagrun for example_python_operator to None, run_after=None
[2024-03-25T22:38:43.162+0000] {processor.py:183} INFO - Processing /home/airflow/.local/lib/python3.8/site-packages/airflow/example_dags/example_python_operator.py took 0.034 seconds
[2024-03-25T22:39:13.834+0000] {processor.py:161} INFO - Started process (PID=3428) to work on /home/airflow/.local/lib/python3.8/site-packages/airflow/example_dags/example_python_operator.py
[2024-03-25T22:39:13.834+0000] {processor.py:830} INFO - Processing file /home/airflow/.local/lib/python3.8/site-packages/airflow/example_dags/example_python_operator.py for tasks to queue
[2024-03-25T22:39:13.835+0000] {logging_mixin.py:188} INFO - [2024-03-25T22:39:13.835+0000] {dagbag.py:540} INFO - Filling up the DagBag from /home/airflow/.local/lib/python3.8/site-packages/airflow/example_dags/example_python_operator.py
[2024-03-25T22:39:13.841+0000] {processor.py:840} INFO - DAG(s) 'example_python_operator' retrieved from /home/airflow/.local/lib/python3.8/site-packages/airflow/example_dags/example_python_operator.py
[2024-03-25T22:39:13.854+0000] {logging_mixin.py:188} INFO - [2024-03-25T22:39:13.853+0000] {dag.py:3047} INFO - Sync 1 DAGs
[2024-03-25T22:39:13.859+0000] {logging_mixin.py:188} INFO - [2024-03-25T22:39:13.859+0000] {dag.py:3834} INFO - Setting next_dagrun for example_python_operator to None, run_after=None
[2024-03-25T22:39:13.866+0000] {processor.py:183} INFO - Processing /home/airflow/.local/lib/python3.8/site-packages/airflow/example_dags/example_python_operator.py took 0.034 seconds
[2024-03-25T22:39:44.583+0000] {processor.py:161} INFO - Started process (PID=3482) to work on /home/airflow/.local/lib/python3.8/site-packages/airflow/example_dags/example_python_operator.py
[2024-03-25T22:39:44.584+0000] {processor.py:830} INFO - Processing file /home/airflow/.local/lib/python3.8/site-packages/airflow/example_dags/example_python_operator.py for tasks to queue
[2024-03-25T22:39:44.585+0000] {logging_mixin.py:188} INFO - [2024-03-25T22:39:44.585+0000] {dagbag.py:540} INFO - Filling up the DagBag from /home/airflow/.local/lib/python3.8/site-packages/airflow/example_dags/example_python_operator.py
[2024-03-25T22:39:44.590+0000] {processor.py:840} INFO - DAG(s) 'example_python_operator' retrieved from /home/airflow/.local/lib/python3.8/site-packages/airflow/example_dags/example_python_operator.py
[2024-03-25T22:39:44.603+0000] {logging_mixin.py:188} INFO - [2024-03-25T22:39:44.603+0000] {dag.py:3047} INFO - Sync 1 DAGs
[2024-03-25T22:39:44.608+0000] {logging_mixin.py:188} INFO - [2024-03-25T22:39:44.608+0000] {dag.py:3834} INFO - Setting next_dagrun for example_python_operator to None, run_after=None
[2024-03-25T22:39:44.615+0000] {processor.py:183} INFO - Processing /home/airflow/.local/lib/python3.8/site-packages/airflow/example_dags/example_python_operator.py took 0.034 seconds
[2024-03-25T22:40:15.319+0000] {processor.py:161} INFO - Started process (PID=3537) to work on /home/airflow/.local/lib/python3.8/site-packages/airflow/example_dags/example_python_operator.py
[2024-03-25T22:40:15.319+0000] {processor.py:830} INFO - Processing file /home/airflow/.local/lib/python3.8/site-packages/airflow/example_dags/example_python_operator.py for tasks to queue
[2024-03-25T22:40:15.320+0000] {logging_mixin.py:188} INFO - [2024-03-25T22:40:15.320+0000] {dagbag.py:540} INFO - Filling up the DagBag from /home/airflow/.local/lib/python3.8/site-packages/airflow/example_dags/example_python_operator.py
[2024-03-25T22:40:15.326+0000] {processor.py:840} INFO - DAG(s) 'example_python_operator' retrieved from /home/airflow/.local/lib/python3.8/site-packages/airflow/example_dags/example_python_operator.py
[2024-03-25T22:40:15.338+0000] {logging_mixin.py:188} INFO - [2024-03-25T22:40:15.338+0000] {dag.py:3047} INFO - Sync 1 DAGs
[2024-03-25T22:40:15.344+0000] {logging_mixin.py:188} INFO - [2024-03-25T22:40:15.343+0000] {dag.py:3834} INFO - Setting next_dagrun for example_python_operator to None, run_after=None
[2024-03-25T22:40:15.351+0000] {processor.py:183} INFO - Processing /home/airflow/.local/lib/python3.8/site-packages/airflow/example_dags/example_python_operator.py took 0.034 seconds
[2024-03-25T22:40:46.060+0000] {processor.py:161} INFO - Started process (PID=3592) to work on /home/airflow/.local/lib/python3.8/site-packages/airflow/example_dags/example_python_operator.py
[2024-03-25T22:40:46.061+0000] {processor.py:830} INFO - Processing file /home/airflow/.local/lib/python3.8/site-packages/airflow/example_dags/example_python_operator.py for tasks to queue
[2024-03-25T22:40:46.062+0000] {logging_mixin.py:188} INFO - [2024-03-25T22:40:46.062+0000] {dagbag.py:540} INFO - Filling up the DagBag from /home/airflow/.local/lib/python3.8/site-packages/airflow/example_dags/example_python_operator.py
[2024-03-25T22:40:46.067+0000] {processor.py:840} INFO - DAG(s) 'example_python_operator' retrieved from /home/airflow/.local/lib/python3.8/site-packages/airflow/example_dags/example_python_operator.py
[2024-03-25T22:40:46.080+0000] {logging_mixin.py:188} INFO - [2024-03-25T22:40:46.080+0000] {dag.py:3047} INFO - Sync 1 DAGs
[2024-03-25T22:40:46.085+0000] {logging_mixin.py:188} INFO - [2024-03-25T22:40:46.085+0000] {dag.py:3834} INFO - Setting next_dagrun for example_python_operator to None, run_after=None
[2024-03-25T22:40:46.093+0000] {processor.py:183} INFO - Processing /home/airflow/.local/lib/python3.8/site-packages/airflow/example_dags/example_python_operator.py took 0.035 seconds
[2024-03-25T22:41:16.918+0000] {processor.py:161} INFO - Started process (PID=3647) to work on /home/airflow/.local/lib/python3.8/site-packages/airflow/example_dags/example_python_operator.py
[2024-03-25T22:41:16.918+0000] {processor.py:830} INFO - Processing file /home/airflow/.local/lib/python3.8/site-packages/airflow/example_dags/example_python_operator.py for tasks to queue
[2024-03-25T22:41:16.919+0000] {logging_mixin.py:188} INFO - [2024-03-25T22:41:16.919+0000] {dagbag.py:540} INFO - Filling up the DagBag from /home/airflow/.local/lib/python3.8/site-packages/airflow/example_dags/example_python_operator.py
[2024-03-25T22:41:16.925+0000] {processor.py:840} INFO - DAG(s) 'example_python_operator' retrieved from /home/airflow/.local/lib/python3.8/site-packages/airflow/example_dags/example_python_operator.py
[2024-03-25T22:41:16.937+0000] {logging_mixin.py:188} INFO - [2024-03-25T22:41:16.937+0000] {dag.py:3047} INFO - Sync 1 DAGs
[2024-03-25T22:41:16.942+0000] {logging_mixin.py:188} INFO - [2024-03-25T22:41:16.942+0000] {dag.py:3834} INFO - Setting next_dagrun for example_python_operator to None, run_after=None
[2024-03-25T22:41:16.950+0000] {processor.py:183} INFO - Processing /home/airflow/.local/lib/python3.8/site-packages/airflow/example_dags/example_python_operator.py took 0.034 seconds
[2024-03-25T22:41:47.644+0000] {processor.py:161} INFO - Started process (PID=3702) to work on /home/airflow/.local/lib/python3.8/site-packages/airflow/example_dags/example_python_operator.py
[2024-03-25T22:41:47.644+0000] {processor.py:830} INFO - Processing file /home/airflow/.local/lib/python3.8/site-packages/airflow/example_dags/example_python_operator.py for tasks to queue
[2024-03-25T22:41:47.645+0000] {logging_mixin.py:188} INFO - [2024-03-25T22:41:47.645+0000] {dagbag.py:540} INFO - Filling up the DagBag from /home/airflow/.local/lib/python3.8/site-packages/airflow/example_dags/example_python_operator.py
[2024-03-25T22:41:47.651+0000] {processor.py:840} INFO - DAG(s) 'example_python_operator' retrieved from /home/airflow/.local/lib/python3.8/site-packages/airflow/example_dags/example_python_operator.py
[2024-03-25T22:41:47.663+0000] {logging_mixin.py:188} INFO - [2024-03-25T22:41:47.663+0000] {dag.py:3047} INFO - Sync 1 DAGs
[2024-03-25T22:41:47.668+0000] {logging_mixin.py:188} INFO - [2024-03-25T22:41:47.668+0000] {dag.py:3834} INFO - Setting next_dagrun for example_python_operator to None, run_after=None
[2024-03-25T22:41:47.676+0000] {processor.py:183} INFO - Processing /home/airflow/.local/lib/python3.8/site-packages/airflow/example_dags/example_python_operator.py took 0.034 seconds
[2024-03-25T22:42:18.465+0000] {processor.py:161} INFO - Started process (PID=3757) to work on /home/airflow/.local/lib/python3.8/site-packages/airflow/example_dags/example_python_operator.py
[2024-03-25T22:42:18.465+0000] {processor.py:830} INFO - Processing file /home/airflow/.local/lib/python3.8/site-packages/airflow/example_dags/example_python_operator.py for tasks to queue
[2024-03-25T22:42:18.466+0000] {logging_mixin.py:188} INFO - [2024-03-25T22:42:18.466+0000] {dagbag.py:540} INFO - Filling up the DagBag from /home/airflow/.local/lib/python3.8/site-packages/airflow/example_dags/example_python_operator.py
[2024-03-25T22:42:18.472+0000] {processor.py:840} INFO - DAG(s) 'example_python_operator' retrieved from /home/airflow/.local/lib/python3.8/site-packages/airflow/example_dags/example_python_operator.py
[2024-03-25T22:42:18.487+0000] {logging_mixin.py:188} INFO - [2024-03-25T22:42:18.486+0000] {dag.py:3047} INFO - Sync 1 DAGs
[2024-03-25T22:42:18.492+0000] {logging_mixin.py:188} INFO - [2024-03-25T22:42:18.492+0000] {dag.py:3834} INFO - Setting next_dagrun for example_python_operator to None, run_after=None
[2024-03-25T22:42:18.499+0000] {processor.py:183} INFO - Processing /home/airflow/.local/lib/python3.8/site-packages/airflow/example_dags/example_python_operator.py took 0.036 seconds
[2024-03-25T22:42:49.328+0000] {processor.py:161} INFO - Started process (PID=3812) to work on /home/airflow/.local/lib/python3.8/site-packages/airflow/example_dags/example_python_operator.py
[2024-03-25T22:42:49.329+0000] {processor.py:830} INFO - Processing file /home/airflow/.local/lib/python3.8/site-packages/airflow/example_dags/example_python_operator.py for tasks to queue
[2024-03-25T22:42:49.330+0000] {logging_mixin.py:188} INFO - [2024-03-25T22:42:49.330+0000] {dagbag.py:540} INFO - Filling up the DagBag from /home/airflow/.local/lib/python3.8/site-packages/airflow/example_dags/example_python_operator.py
[2024-03-25T22:42:49.335+0000] {processor.py:840} INFO - DAG(s) 'example_python_operator' retrieved from /home/airflow/.local/lib/python3.8/site-packages/airflow/example_dags/example_python_operator.py
[2024-03-25T22:42:49.348+0000] {logging_mixin.py:188} INFO - [2024-03-25T22:42:49.348+0000] {dag.py:3047} INFO - Sync 1 DAGs
[2024-03-25T22:42:49.353+0000] {logging_mixin.py:188} INFO - [2024-03-25T22:42:49.353+0000] {dag.py:3834} INFO - Setting next_dagrun for example_python_operator to None, run_after=None
[2024-03-25T22:42:49.360+0000] {processor.py:183} INFO - Processing /home/airflow/.local/lib/python3.8/site-packages/airflow/example_dags/example_python_operator.py took 0.033 seconds
[2024-03-25T22:43:20.153+0000] {processor.py:161} INFO - Started process (PID=3867) to work on /home/airflow/.local/lib/python3.8/site-packages/airflow/example_dags/example_python_operator.py
[2024-03-25T22:43:20.154+0000] {processor.py:830} INFO - Processing file /home/airflow/.local/lib/python3.8/site-packages/airflow/example_dags/example_python_operator.py for tasks to queue
[2024-03-25T22:43:20.155+0000] {logging_mixin.py:188} INFO - [2024-03-25T22:43:20.155+0000] {dagbag.py:540} INFO - Filling up the DagBag from /home/airflow/.local/lib/python3.8/site-packages/airflow/example_dags/example_python_operator.py
[2024-03-25T22:43:20.161+0000] {processor.py:840} INFO - DAG(s) 'example_python_operator' retrieved from /home/airflow/.local/lib/python3.8/site-packages/airflow/example_dags/example_python_operator.py
[2024-03-25T22:43:20.488+0000] {logging_mixin.py:188} INFO - [2024-03-25T22:43:20.488+0000] {dag.py:3047} INFO - Sync 1 DAGs
[2024-03-25T22:43:20.499+0000] {logging_mixin.py:188} INFO - [2024-03-25T22:43:20.499+0000] {dag.py:3834} INFO - Setting next_dagrun for example_python_operator to None, run_after=None
[2024-03-25T22:43:20.539+0000] {processor.py:183} INFO - Processing /home/airflow/.local/lib/python3.8/site-packages/airflow/example_dags/example_python_operator.py took 0.387 seconds
[2024-03-25T23:07:53.949+0000] {processor.py:161} INFO - Started process (PID=3916) to work on /home/airflow/.local/lib/python3.8/site-packages/airflow/example_dags/example_python_operator.py
[2024-03-25T23:07:53.950+0000] {processor.py:830} INFO - Processing file /home/airflow/.local/lib/python3.8/site-packages/airflow/example_dags/example_python_operator.py for tasks to queue
[2024-03-25T23:07:53.952+0000] {logging_mixin.py:188} INFO - [2024-03-25T23:07:53.952+0000] {dagbag.py:540} INFO - Filling up the DagBag from /home/airflow/.local/lib/python3.8/site-packages/airflow/example_dags/example_python_operator.py
[2024-03-25T23:07:53.963+0000] {processor.py:840} INFO - DAG(s) 'example_python_operator' retrieved from /home/airflow/.local/lib/python3.8/site-packages/airflow/example_dags/example_python_operator.py
[2024-03-25T23:07:53.981+0000] {logging_mixin.py:188} INFO - [2024-03-25T23:07:53.980+0000] {dag.py:3047} INFO - Sync 1 DAGs
[2024-03-25T23:07:53.988+0000] {logging_mixin.py:188} INFO - [2024-03-25T23:07:53.988+0000] {dag.py:3834} INFO - Setting next_dagrun for example_python_operator to None, run_after=None
[2024-03-25T23:07:54.003+0000] {processor.py:183} INFO - Processing /home/airflow/.local/lib/python3.8/site-packages/airflow/example_dags/example_python_operator.py took 0.058 seconds
