[2024-03-25T22:08:05.366+0000] {processor.py:161} INFO - Started process (PID=37) to work on /home/airflow/.local/lib/python3.8/site-packages/airflow/example_dags/example_sla_dag.py
[2024-03-25T22:08:05.367+0000] {processor.py:830} INFO - Processing file /home/airflow/.local/lib/python3.8/site-packages/airflow/example_dags/example_sla_dag.py for tasks to queue
[2024-03-25T22:08:05.369+0000] {logging_mixin.py:188} INFO - [2024-03-25T22:08:05.369+0000] {dagbag.py:540} INFO - Filling up the DagBag from /home/airflow/.local/lib/python3.8/site-packages/airflow/example_dags/example_sla_dag.py
[2024-03-25T22:08:05.380+0000] {processor.py:840} INFO - DAG(s) 'example_sla_dag' retrieved from /home/airflow/.local/lib/python3.8/site-packages/airflow/example_dags/example_sla_dag.py
[2024-03-25T22:08:05.404+0000] {logging_mixin.py:188} INFO - [2024-03-25T22:08:05.404+0000] {dag.py:3047} INFO - Sync 1 DAGs
[2024-03-25T22:08:05.420+0000] {logging_mixin.py:188} INFO - [2024-03-25T22:08:05.420+0000] {dag.py:3834} INFO - Setting next_dagrun for example_sla_dag to 2024-03-25 22:06:00+00:00, run_after=2024-03-25 22:08:00+00:00
[2024-03-25T22:08:05.435+0000] {processor.py:183} INFO - Processing /home/airflow/.local/lib/python3.8/site-packages/airflow/example_dags/example_sla_dag.py took 0.071 seconds
[2024-03-25T22:08:35.638+0000] {processor.py:161} INFO - Started process (PID=92) to work on /home/airflow/.local/lib/python3.8/site-packages/airflow/example_dags/example_sla_dag.py
[2024-03-25T22:08:35.639+0000] {processor.py:830} INFO - Processing file /home/airflow/.local/lib/python3.8/site-packages/airflow/example_dags/example_sla_dag.py for tasks to queue
[2024-03-25T22:08:35.640+0000] {logging_mixin.py:188} INFO - [2024-03-25T22:08:35.640+0000] {dagbag.py:540} INFO - Filling up the DagBag from /home/airflow/.local/lib/python3.8/site-packages/airflow/example_dags/example_sla_dag.py
[2024-03-25T22:08:35.645+0000] {processor.py:840} INFO - DAG(s) 'example_sla_dag' retrieved from /home/airflow/.local/lib/python3.8/site-packages/airflow/example_dags/example_sla_dag.py
[2024-03-25T22:08:35.656+0000] {logging_mixin.py:188} INFO - [2024-03-25T22:08:35.656+0000] {dag.py:3047} INFO - Sync 1 DAGs
[2024-03-25T22:08:35.667+0000] {logging_mixin.py:188} INFO - [2024-03-25T22:08:35.667+0000] {dag.py:3834} INFO - Setting next_dagrun for example_sla_dag to 2024-03-25 22:06:00+00:00, run_after=2024-03-25 22:08:00+00:00
[2024-03-25T22:08:35.675+0000] {processor.py:183} INFO - Processing /home/airflow/.local/lib/python3.8/site-packages/airflow/example_dags/example_sla_dag.py took 0.038 seconds
[2024-03-25T22:09:06.176+0000] {processor.py:161} INFO - Started process (PID=147) to work on /home/airflow/.local/lib/python3.8/site-packages/airflow/example_dags/example_sla_dag.py
[2024-03-25T22:09:06.177+0000] {processor.py:830} INFO - Processing file /home/airflow/.local/lib/python3.8/site-packages/airflow/example_dags/example_sla_dag.py for tasks to queue
[2024-03-25T22:09:06.178+0000] {logging_mixin.py:188} INFO - [2024-03-25T22:09:06.178+0000] {dagbag.py:540} INFO - Filling up the DagBag from /home/airflow/.local/lib/python3.8/site-packages/airflow/example_dags/example_sla_dag.py
[2024-03-25T22:09:06.183+0000] {processor.py:840} INFO - DAG(s) 'example_sla_dag' retrieved from /home/airflow/.local/lib/python3.8/site-packages/airflow/example_dags/example_sla_dag.py
[2024-03-25T22:09:06.194+0000] {logging_mixin.py:188} INFO - [2024-03-25T22:09:06.194+0000] {dag.py:3047} INFO - Sync 1 DAGs
[2024-03-25T22:09:06.205+0000] {logging_mixin.py:188} INFO - [2024-03-25T22:09:06.205+0000] {dag.py:3834} INFO - Setting next_dagrun for example_sla_dag to 2024-03-25 22:06:00+00:00, run_after=2024-03-25 22:08:00+00:00
[2024-03-25T22:09:06.212+0000] {processor.py:183} INFO - Processing /home/airflow/.local/lib/python3.8/site-packages/airflow/example_dags/example_sla_dag.py took 0.038 seconds
[2024-03-25T22:09:36.708+0000] {processor.py:161} INFO - Started process (PID=202) to work on /home/airflow/.local/lib/python3.8/site-packages/airflow/example_dags/example_sla_dag.py
[2024-03-25T22:09:36.709+0000] {processor.py:830} INFO - Processing file /home/airflow/.local/lib/python3.8/site-packages/airflow/example_dags/example_sla_dag.py for tasks to queue
[2024-03-25T22:09:36.710+0000] {logging_mixin.py:188} INFO - [2024-03-25T22:09:36.710+0000] {dagbag.py:540} INFO - Filling up the DagBag from /home/airflow/.local/lib/python3.8/site-packages/airflow/example_dags/example_sla_dag.py
[2024-03-25T22:09:36.714+0000] {processor.py:840} INFO - DAG(s) 'example_sla_dag' retrieved from /home/airflow/.local/lib/python3.8/site-packages/airflow/example_dags/example_sla_dag.py
[2024-03-25T22:09:36.727+0000] {logging_mixin.py:188} INFO - [2024-03-25T22:09:36.726+0000] {dag.py:3047} INFO - Sync 1 DAGs
[2024-03-25T22:09:36.738+0000] {logging_mixin.py:188} INFO - [2024-03-25T22:09:36.738+0000] {dag.py:3834} INFO - Setting next_dagrun for example_sla_dag to 2024-03-25 22:06:00+00:00, run_after=2024-03-25 22:08:00+00:00
[2024-03-25T22:09:36.745+0000] {processor.py:183} INFO - Processing /home/airflow/.local/lib/python3.8/site-packages/airflow/example_dags/example_sla_dag.py took 0.039 seconds
[2024-03-25T22:10:07.289+0000] {processor.py:161} INFO - Started process (PID=258) to work on /home/airflow/.local/lib/python3.8/site-packages/airflow/example_dags/example_sla_dag.py
[2024-03-25T22:10:07.289+0000] {processor.py:830} INFO - Processing file /home/airflow/.local/lib/python3.8/site-packages/airflow/example_dags/example_sla_dag.py for tasks to queue
[2024-03-25T22:10:07.291+0000] {logging_mixin.py:188} INFO - [2024-03-25T22:10:07.290+0000] {dagbag.py:540} INFO - Filling up the DagBag from /home/airflow/.local/lib/python3.8/site-packages/airflow/example_dags/example_sla_dag.py
[2024-03-25T22:10:07.296+0000] {processor.py:840} INFO - DAG(s) 'example_sla_dag' retrieved from /home/airflow/.local/lib/python3.8/site-packages/airflow/example_dags/example_sla_dag.py
[2024-03-25T22:10:07.309+0000] {logging_mixin.py:188} INFO - [2024-03-25T22:10:07.309+0000] {dag.py:3047} INFO - Sync 1 DAGs
[2024-03-25T22:10:07.322+0000] {logging_mixin.py:188} INFO - [2024-03-25T22:10:07.322+0000] {dag.py:3834} INFO - Setting next_dagrun for example_sla_dag to 2024-03-25 22:08:00+00:00, run_after=2024-03-25 22:10:00+00:00
[2024-03-25T22:10:07.330+0000] {processor.py:183} INFO - Processing /home/airflow/.local/lib/python3.8/site-packages/airflow/example_dags/example_sla_dag.py took 0.043 seconds
[2024-03-25T22:10:37.869+0000] {processor.py:161} INFO - Started process (PID=313) to work on /home/airflow/.local/lib/python3.8/site-packages/airflow/example_dags/example_sla_dag.py
[2024-03-25T22:10:37.869+0000] {processor.py:830} INFO - Processing file /home/airflow/.local/lib/python3.8/site-packages/airflow/example_dags/example_sla_dag.py for tasks to queue
[2024-03-25T22:10:37.871+0000] {logging_mixin.py:188} INFO - [2024-03-25T22:10:37.870+0000] {dagbag.py:540} INFO - Filling up the DagBag from /home/airflow/.local/lib/python3.8/site-packages/airflow/example_dags/example_sla_dag.py
[2024-03-25T22:10:37.875+0000] {processor.py:840} INFO - DAG(s) 'example_sla_dag' retrieved from /home/airflow/.local/lib/python3.8/site-packages/airflow/example_dags/example_sla_dag.py
[2024-03-25T22:10:37.887+0000] {logging_mixin.py:188} INFO - [2024-03-25T22:10:37.887+0000] {dag.py:3047} INFO - Sync 1 DAGs
[2024-03-25T22:10:37.898+0000] {logging_mixin.py:188} INFO - [2024-03-25T22:10:37.898+0000] {dag.py:3834} INFO - Setting next_dagrun for example_sla_dag to 2024-03-25 22:08:00+00:00, run_after=2024-03-25 22:10:00+00:00
[2024-03-25T22:10:37.906+0000] {processor.py:183} INFO - Processing /home/airflow/.local/lib/python3.8/site-packages/airflow/example_dags/example_sla_dag.py took 0.039 seconds
[2024-03-25T22:11:08.494+0000] {processor.py:161} INFO - Started process (PID=368) to work on /home/airflow/.local/lib/python3.8/site-packages/airflow/example_dags/example_sla_dag.py
[2024-03-25T22:11:08.495+0000] {processor.py:830} INFO - Processing file /home/airflow/.local/lib/python3.8/site-packages/airflow/example_dags/example_sla_dag.py for tasks to queue
[2024-03-25T22:11:08.496+0000] {logging_mixin.py:188} INFO - [2024-03-25T22:11:08.496+0000] {dagbag.py:540} INFO - Filling up the DagBag from /home/airflow/.local/lib/python3.8/site-packages/airflow/example_dags/example_sla_dag.py
[2024-03-25T22:11:08.501+0000] {processor.py:840} INFO - DAG(s) 'example_sla_dag' retrieved from /home/airflow/.local/lib/python3.8/site-packages/airflow/example_dags/example_sla_dag.py
[2024-03-25T22:11:08.512+0000] {logging_mixin.py:188} INFO - [2024-03-25T22:11:08.512+0000] {dag.py:3047} INFO - Sync 1 DAGs
[2024-03-25T22:11:08.523+0000] {logging_mixin.py:188} INFO - [2024-03-25T22:11:08.523+0000] {dag.py:3834} INFO - Setting next_dagrun for example_sla_dag to 2024-03-25 22:08:00+00:00, run_after=2024-03-25 22:10:00+00:00
[2024-03-25T22:11:08.531+0000] {processor.py:183} INFO - Processing /home/airflow/.local/lib/python3.8/site-packages/airflow/example_dags/example_sla_dag.py took 0.038 seconds
[2024-03-25T22:11:38.948+0000] {processor.py:161} INFO - Started process (PID=422) to work on /home/airflow/.local/lib/python3.8/site-packages/airflow/example_dags/example_sla_dag.py
[2024-03-25T22:11:38.948+0000] {processor.py:830} INFO - Processing file /home/airflow/.local/lib/python3.8/site-packages/airflow/example_dags/example_sla_dag.py for tasks to queue
[2024-03-25T22:11:38.949+0000] {logging_mixin.py:188} INFO - [2024-03-25T22:11:38.949+0000] {dagbag.py:540} INFO - Filling up the DagBag from /home/airflow/.local/lib/python3.8/site-packages/airflow/example_dags/example_sla_dag.py
[2024-03-25T22:11:38.954+0000] {processor.py:840} INFO - DAG(s) 'example_sla_dag' retrieved from /home/airflow/.local/lib/python3.8/site-packages/airflow/example_dags/example_sla_dag.py
[2024-03-25T22:11:38.965+0000] {logging_mixin.py:188} INFO - [2024-03-25T22:11:38.965+0000] {dag.py:3047} INFO - Sync 1 DAGs
[2024-03-25T22:11:38.976+0000] {logging_mixin.py:188} INFO - [2024-03-25T22:11:38.976+0000] {dag.py:3834} INFO - Setting next_dagrun for example_sla_dag to 2024-03-25 22:08:00+00:00, run_after=2024-03-25 22:10:00+00:00
[2024-03-25T22:11:38.983+0000] {processor.py:183} INFO - Processing /home/airflow/.local/lib/python3.8/site-packages/airflow/example_dags/example_sla_dag.py took 0.037 seconds
[2024-03-25T22:12:09.539+0000] {processor.py:161} INFO - Started process (PID=477) to work on /home/airflow/.local/lib/python3.8/site-packages/airflow/example_dags/example_sla_dag.py
[2024-03-25T22:12:09.539+0000] {processor.py:830} INFO - Processing file /home/airflow/.local/lib/python3.8/site-packages/airflow/example_dags/example_sla_dag.py for tasks to queue
[2024-03-25T22:12:09.540+0000] {logging_mixin.py:188} INFO - [2024-03-25T22:12:09.540+0000] {dagbag.py:540} INFO - Filling up the DagBag from /home/airflow/.local/lib/python3.8/site-packages/airflow/example_dags/example_sla_dag.py
[2024-03-25T22:12:09.546+0000] {processor.py:840} INFO - DAG(s) 'example_sla_dag' retrieved from /home/airflow/.local/lib/python3.8/site-packages/airflow/example_dags/example_sla_dag.py
[2024-03-25T22:12:09.557+0000] {logging_mixin.py:188} INFO - [2024-03-25T22:12:09.557+0000] {dag.py:3047} INFO - Sync 1 DAGs
[2024-03-25T22:12:09.568+0000] {logging_mixin.py:188} INFO - [2024-03-25T22:12:09.568+0000] {dag.py:3834} INFO - Setting next_dagrun for example_sla_dag to 2024-03-25 22:10:00+00:00, run_after=2024-03-25 22:12:00+00:00
[2024-03-25T22:12:09.576+0000] {processor.py:183} INFO - Processing /home/airflow/.local/lib/python3.8/site-packages/airflow/example_dags/example_sla_dag.py took 0.039 seconds
[2024-03-25T22:12:40.242+0000] {processor.py:161} INFO - Started process (PID=532) to work on /home/airflow/.local/lib/python3.8/site-packages/airflow/example_dags/example_sla_dag.py
[2024-03-25T22:12:40.243+0000] {processor.py:830} INFO - Processing file /home/airflow/.local/lib/python3.8/site-packages/airflow/example_dags/example_sla_dag.py for tasks to queue
[2024-03-25T22:12:40.244+0000] {logging_mixin.py:188} INFO - [2024-03-25T22:12:40.243+0000] {dagbag.py:540} INFO - Filling up the DagBag from /home/airflow/.local/lib/python3.8/site-packages/airflow/example_dags/example_sla_dag.py
[2024-03-25T22:12:40.249+0000] {processor.py:840} INFO - DAG(s) 'example_sla_dag' retrieved from /home/airflow/.local/lib/python3.8/site-packages/airflow/example_dags/example_sla_dag.py
[2024-03-25T22:12:40.260+0000] {logging_mixin.py:188} INFO - [2024-03-25T22:12:40.260+0000] {dag.py:3047} INFO - Sync 1 DAGs
[2024-03-25T22:12:40.271+0000] {logging_mixin.py:188} INFO - [2024-03-25T22:12:40.271+0000] {dag.py:3834} INFO - Setting next_dagrun for example_sla_dag to 2024-03-25 22:10:00+00:00, run_after=2024-03-25 22:12:00+00:00
[2024-03-25T22:12:40.279+0000] {processor.py:183} INFO - Processing /home/airflow/.local/lib/python3.8/site-packages/airflow/example_dags/example_sla_dag.py took 0.038 seconds
[2024-03-25T22:13:10.826+0000] {processor.py:161} INFO - Started process (PID=587) to work on /home/airflow/.local/lib/python3.8/site-packages/airflow/example_dags/example_sla_dag.py
[2024-03-25T22:13:10.826+0000] {processor.py:830} INFO - Processing file /home/airflow/.local/lib/python3.8/site-packages/airflow/example_dags/example_sla_dag.py for tasks to queue
[2024-03-25T22:13:10.827+0000] {logging_mixin.py:188} INFO - [2024-03-25T22:13:10.827+0000] {dagbag.py:540} INFO - Filling up the DagBag from /home/airflow/.local/lib/python3.8/site-packages/airflow/example_dags/example_sla_dag.py
[2024-03-25T22:13:10.833+0000] {processor.py:840} INFO - DAG(s) 'example_sla_dag' retrieved from /home/airflow/.local/lib/python3.8/site-packages/airflow/example_dags/example_sla_dag.py
[2024-03-25T22:13:10.844+0000] {logging_mixin.py:188} INFO - [2024-03-25T22:13:10.844+0000] {dag.py:3047} INFO - Sync 1 DAGs
[2024-03-25T22:13:10.855+0000] {logging_mixin.py:188} INFO - [2024-03-25T22:13:10.855+0000] {dag.py:3834} INFO - Setting next_dagrun for example_sla_dag to 2024-03-25 22:10:00+00:00, run_after=2024-03-25 22:12:00+00:00
[2024-03-25T22:13:10.863+0000] {processor.py:183} INFO - Processing /home/airflow/.local/lib/python3.8/site-packages/airflow/example_dags/example_sla_dag.py took 0.039 seconds
[2024-03-25T22:13:41.549+0000] {processor.py:161} INFO - Started process (PID=642) to work on /home/airflow/.local/lib/python3.8/site-packages/airflow/example_dags/example_sla_dag.py
[2024-03-25T22:13:41.550+0000] {processor.py:830} INFO - Processing file /home/airflow/.local/lib/python3.8/site-packages/airflow/example_dags/example_sla_dag.py for tasks to queue
[2024-03-25T22:13:41.551+0000] {logging_mixin.py:188} INFO - [2024-03-25T22:13:41.551+0000] {dagbag.py:540} INFO - Filling up the DagBag from /home/airflow/.local/lib/python3.8/site-packages/airflow/example_dags/example_sla_dag.py
[2024-03-25T22:13:41.556+0000] {processor.py:840} INFO - DAG(s) 'example_sla_dag' retrieved from /home/airflow/.local/lib/python3.8/site-packages/airflow/example_dags/example_sla_dag.py
[2024-03-25T22:13:41.568+0000] {logging_mixin.py:188} INFO - [2024-03-25T22:13:41.568+0000] {dag.py:3047} INFO - Sync 1 DAGs
[2024-03-25T22:13:41.580+0000] {logging_mixin.py:188} INFO - [2024-03-25T22:13:41.580+0000] {dag.py:3834} INFO - Setting next_dagrun for example_sla_dag to 2024-03-25 22:10:00+00:00, run_after=2024-03-25 22:12:00+00:00
[2024-03-25T22:13:41.599+0000] {processor.py:183} INFO - Processing /home/airflow/.local/lib/python3.8/site-packages/airflow/example_dags/example_sla_dag.py took 0.052 seconds
[2024-03-25T22:14:12.116+0000] {processor.py:161} INFO - Started process (PID=698) to work on /home/airflow/.local/lib/python3.8/site-packages/airflow/example_dags/example_sla_dag.py
[2024-03-25T22:14:12.117+0000] {processor.py:830} INFO - Processing file /home/airflow/.local/lib/python3.8/site-packages/airflow/example_dags/example_sla_dag.py for tasks to queue
[2024-03-25T22:14:12.118+0000] {logging_mixin.py:188} INFO - [2024-03-25T22:14:12.118+0000] {dagbag.py:540} INFO - Filling up the DagBag from /home/airflow/.local/lib/python3.8/site-packages/airflow/example_dags/example_sla_dag.py
[2024-03-25T22:14:12.123+0000] {processor.py:840} INFO - DAG(s) 'example_sla_dag' retrieved from /home/airflow/.local/lib/python3.8/site-packages/airflow/example_dags/example_sla_dag.py
[2024-03-25T22:14:12.135+0000] {logging_mixin.py:188} INFO - [2024-03-25T22:14:12.135+0000] {dag.py:3047} INFO - Sync 1 DAGs
[2024-03-25T22:14:12.146+0000] {logging_mixin.py:188} INFO - [2024-03-25T22:14:12.146+0000] {dag.py:3834} INFO - Setting next_dagrun for example_sla_dag to 2024-03-25 22:12:00+00:00, run_after=2024-03-25 22:14:00+00:00
[2024-03-25T22:14:12.154+0000] {processor.py:183} INFO - Processing /home/airflow/.local/lib/python3.8/site-packages/airflow/example_dags/example_sla_dag.py took 0.040 seconds
[2024-03-25T22:14:42.630+0000] {processor.py:161} INFO - Started process (PID=753) to work on /home/airflow/.local/lib/python3.8/site-packages/airflow/example_dags/example_sla_dag.py
[2024-03-25T22:14:42.631+0000] {processor.py:830} INFO - Processing file /home/airflow/.local/lib/python3.8/site-packages/airflow/example_dags/example_sla_dag.py for tasks to queue
[2024-03-25T22:14:42.632+0000] {logging_mixin.py:188} INFO - [2024-03-25T22:14:42.632+0000] {dagbag.py:540} INFO - Filling up the DagBag from /home/airflow/.local/lib/python3.8/site-packages/airflow/example_dags/example_sla_dag.py
[2024-03-25T22:14:42.637+0000] {processor.py:840} INFO - DAG(s) 'example_sla_dag' retrieved from /home/airflow/.local/lib/python3.8/site-packages/airflow/example_dags/example_sla_dag.py
[2024-03-25T22:14:42.650+0000] {logging_mixin.py:188} INFO - [2024-03-25T22:14:42.650+0000] {dag.py:3047} INFO - Sync 1 DAGs
[2024-03-25T22:14:42.662+0000] {logging_mixin.py:188} INFO - [2024-03-25T22:14:42.662+0000] {dag.py:3834} INFO - Setting next_dagrun for example_sla_dag to 2024-03-25 22:12:00+00:00, run_after=2024-03-25 22:14:00+00:00
[2024-03-25T22:14:42.670+0000] {processor.py:183} INFO - Processing /home/airflow/.local/lib/python3.8/site-packages/airflow/example_dags/example_sla_dag.py took 0.042 seconds
[2024-03-25T22:15:13.186+0000] {processor.py:161} INFO - Started process (PID=808) to work on /home/airflow/.local/lib/python3.8/site-packages/airflow/example_dags/example_sla_dag.py
[2024-03-25T22:15:13.187+0000] {processor.py:830} INFO - Processing file /home/airflow/.local/lib/python3.8/site-packages/airflow/example_dags/example_sla_dag.py for tasks to queue
[2024-03-25T22:15:13.188+0000] {logging_mixin.py:188} INFO - [2024-03-25T22:15:13.188+0000] {dagbag.py:540} INFO - Filling up the DagBag from /home/airflow/.local/lib/python3.8/site-packages/airflow/example_dags/example_sla_dag.py
[2024-03-25T22:15:13.193+0000] {processor.py:840} INFO - DAG(s) 'example_sla_dag' retrieved from /home/airflow/.local/lib/python3.8/site-packages/airflow/example_dags/example_sla_dag.py
[2024-03-25T22:15:13.205+0000] {logging_mixin.py:188} INFO - [2024-03-25T22:15:13.205+0000] {dag.py:3047} INFO - Sync 1 DAGs
[2024-03-25T22:15:13.217+0000] {logging_mixin.py:188} INFO - [2024-03-25T22:15:13.216+0000] {dag.py:3834} INFO - Setting next_dagrun for example_sla_dag to 2024-03-25 22:12:00+00:00, run_after=2024-03-25 22:14:00+00:00
[2024-03-25T22:15:13.224+0000] {processor.py:183} INFO - Processing /home/airflow/.local/lib/python3.8/site-packages/airflow/example_dags/example_sla_dag.py took 0.040 seconds
[2024-03-25T22:15:43.791+0000] {processor.py:161} INFO - Started process (PID=863) to work on /home/airflow/.local/lib/python3.8/site-packages/airflow/example_dags/example_sla_dag.py
[2024-03-25T22:15:43.792+0000] {processor.py:830} INFO - Processing file /home/airflow/.local/lib/python3.8/site-packages/airflow/example_dags/example_sla_dag.py for tasks to queue
[2024-03-25T22:15:43.793+0000] {logging_mixin.py:188} INFO - [2024-03-25T22:15:43.793+0000] {dagbag.py:540} INFO - Filling up the DagBag from /home/airflow/.local/lib/python3.8/site-packages/airflow/example_dags/example_sla_dag.py
[2024-03-25T22:15:43.798+0000] {processor.py:840} INFO - DAG(s) 'example_sla_dag' retrieved from /home/airflow/.local/lib/python3.8/site-packages/airflow/example_dags/example_sla_dag.py
[2024-03-25T22:15:43.811+0000] {logging_mixin.py:188} INFO - [2024-03-25T22:15:43.811+0000] {dag.py:3047} INFO - Sync 1 DAGs
[2024-03-25T22:15:43.822+0000] {logging_mixin.py:188} INFO - [2024-03-25T22:15:43.822+0000] {dag.py:3834} INFO - Setting next_dagrun for example_sla_dag to 2024-03-25 22:12:00+00:00, run_after=2024-03-25 22:14:00+00:00
[2024-03-25T22:15:43.829+0000] {processor.py:183} INFO - Processing /home/airflow/.local/lib/python3.8/site-packages/airflow/example_dags/example_sla_dag.py took 0.040 seconds
[2024-03-25T22:16:14.414+0000] {processor.py:161} INFO - Started process (PID=917) to work on /home/airflow/.local/lib/python3.8/site-packages/airflow/example_dags/example_sla_dag.py
[2024-03-25T22:16:14.415+0000] {processor.py:830} INFO - Processing file /home/airflow/.local/lib/python3.8/site-packages/airflow/example_dags/example_sla_dag.py for tasks to queue
[2024-03-25T22:16:14.416+0000] {logging_mixin.py:188} INFO - [2024-03-25T22:16:14.416+0000] {dagbag.py:540} INFO - Filling up the DagBag from /home/airflow/.local/lib/python3.8/site-packages/airflow/example_dags/example_sla_dag.py
[2024-03-25T22:16:14.421+0000] {processor.py:840} INFO - DAG(s) 'example_sla_dag' retrieved from /home/airflow/.local/lib/python3.8/site-packages/airflow/example_dags/example_sla_dag.py
[2024-03-25T22:16:14.433+0000] {logging_mixin.py:188} INFO - [2024-03-25T22:16:14.433+0000] {dag.py:3047} INFO - Sync 1 DAGs
[2024-03-25T22:16:14.444+0000] {logging_mixin.py:188} INFO - [2024-03-25T22:16:14.444+0000] {dag.py:3834} INFO - Setting next_dagrun for example_sla_dag to 2024-03-25 22:14:00+00:00, run_after=2024-03-25 22:16:00+00:00
[2024-03-25T22:16:14.451+0000] {processor.py:183} INFO - Processing /home/airflow/.local/lib/python3.8/site-packages/airflow/example_dags/example_sla_dag.py took 0.039 seconds
[2024-03-25T22:16:45.357+0000] {processor.py:161} INFO - Started process (PID=972) to work on /home/airflow/.local/lib/python3.8/site-packages/airflow/example_dags/example_sla_dag.py
[2024-03-25T22:16:45.358+0000] {processor.py:830} INFO - Processing file /home/airflow/.local/lib/python3.8/site-packages/airflow/example_dags/example_sla_dag.py for tasks to queue
[2024-03-25T22:16:45.359+0000] {logging_mixin.py:188} INFO - [2024-03-25T22:16:45.359+0000] {dagbag.py:540} INFO - Filling up the DagBag from /home/airflow/.local/lib/python3.8/site-packages/airflow/example_dags/example_sla_dag.py
[2024-03-25T22:16:45.364+0000] {processor.py:840} INFO - DAG(s) 'example_sla_dag' retrieved from /home/airflow/.local/lib/python3.8/site-packages/airflow/example_dags/example_sla_dag.py
[2024-03-25T22:16:45.378+0000] {logging_mixin.py:188} INFO - [2024-03-25T22:16:45.378+0000] {dag.py:3047} INFO - Sync 1 DAGs
[2024-03-25T22:16:45.401+0000] {logging_mixin.py:188} INFO - [2024-03-25T22:16:45.400+0000] {dag.py:3834} INFO - Setting next_dagrun for example_sla_dag to 2024-03-25 22:14:00+00:00, run_after=2024-03-25 22:16:00+00:00
[2024-03-25T22:16:45.492+0000] {processor.py:183} INFO - Processing /home/airflow/.local/lib/python3.8/site-packages/airflow/example_dags/example_sla_dag.py took 0.137 seconds
[2024-03-25T22:17:15.603+0000] {processor.py:161} INFO - Started process (PID=1027) to work on /home/airflow/.local/lib/python3.8/site-packages/airflow/example_dags/example_sla_dag.py
[2024-03-25T22:17:15.604+0000] {processor.py:830} INFO - Processing file /home/airflow/.local/lib/python3.8/site-packages/airflow/example_dags/example_sla_dag.py for tasks to queue
[2024-03-25T22:17:15.604+0000] {logging_mixin.py:188} INFO - [2024-03-25T22:17:15.604+0000] {dagbag.py:540} INFO - Filling up the DagBag from /home/airflow/.local/lib/python3.8/site-packages/airflow/example_dags/example_sla_dag.py
[2024-03-25T22:17:15.609+0000] {processor.py:840} INFO - DAG(s) 'example_sla_dag' retrieved from /home/airflow/.local/lib/python3.8/site-packages/airflow/example_dags/example_sla_dag.py
[2024-03-25T22:17:15.620+0000] {logging_mixin.py:188} INFO - [2024-03-25T22:17:15.620+0000] {dag.py:3047} INFO - Sync 1 DAGs
[2024-03-25T22:17:15.630+0000] {logging_mixin.py:188} INFO - [2024-03-25T22:17:15.630+0000] {dag.py:3834} INFO - Setting next_dagrun for example_sla_dag to 2024-03-25 22:14:00+00:00, run_after=2024-03-25 22:16:00+00:00
[2024-03-25T22:17:15.637+0000] {processor.py:183} INFO - Processing /home/airflow/.local/lib/python3.8/site-packages/airflow/example_dags/example_sla_dag.py took 0.036 seconds
[2024-03-25T22:17:46.220+0000] {processor.py:161} INFO - Started process (PID=1082) to work on /home/airflow/.local/lib/python3.8/site-packages/airflow/example_dags/example_sla_dag.py
[2024-03-25T22:17:46.221+0000] {processor.py:830} INFO - Processing file /home/airflow/.local/lib/python3.8/site-packages/airflow/example_dags/example_sla_dag.py for tasks to queue
[2024-03-25T22:17:46.222+0000] {logging_mixin.py:188} INFO - [2024-03-25T22:17:46.221+0000] {dagbag.py:540} INFO - Filling up the DagBag from /home/airflow/.local/lib/python3.8/site-packages/airflow/example_dags/example_sla_dag.py
[2024-03-25T22:17:46.226+0000] {processor.py:840} INFO - DAG(s) 'example_sla_dag' retrieved from /home/airflow/.local/lib/python3.8/site-packages/airflow/example_dags/example_sla_dag.py
[2024-03-25T22:17:46.238+0000] {logging_mixin.py:188} INFO - [2024-03-25T22:17:46.238+0000] {dag.py:3047} INFO - Sync 1 DAGs
[2024-03-25T22:17:46.249+0000] {logging_mixin.py:188} INFO - [2024-03-25T22:17:46.249+0000] {dag.py:3834} INFO - Setting next_dagrun for example_sla_dag to 2024-03-25 22:14:00+00:00, run_after=2024-03-25 22:16:00+00:00
[2024-03-25T22:17:46.256+0000] {processor.py:183} INFO - Processing /home/airflow/.local/lib/python3.8/site-packages/airflow/example_dags/example_sla_dag.py took 0.038 seconds
[2024-03-25T22:18:16.855+0000] {processor.py:161} INFO - Started process (PID=1137) to work on /home/airflow/.local/lib/python3.8/site-packages/airflow/example_dags/example_sla_dag.py
[2024-03-25T22:18:16.855+0000] {processor.py:830} INFO - Processing file /home/airflow/.local/lib/python3.8/site-packages/airflow/example_dags/example_sla_dag.py for tasks to queue
[2024-03-25T22:18:16.856+0000] {logging_mixin.py:188} INFO - [2024-03-25T22:18:16.856+0000] {dagbag.py:540} INFO - Filling up the DagBag from /home/airflow/.local/lib/python3.8/site-packages/airflow/example_dags/example_sla_dag.py
[2024-03-25T22:18:16.861+0000] {processor.py:840} INFO - DAG(s) 'example_sla_dag' retrieved from /home/airflow/.local/lib/python3.8/site-packages/airflow/example_dags/example_sla_dag.py
[2024-03-25T22:18:16.872+0000] {logging_mixin.py:188} INFO - [2024-03-25T22:18:16.872+0000] {dag.py:3047} INFO - Sync 1 DAGs
[2024-03-25T22:18:16.882+0000] {logging_mixin.py:188} INFO - [2024-03-25T22:18:16.882+0000] {dag.py:3834} INFO - Setting next_dagrun for example_sla_dag to 2024-03-25 22:16:00+00:00, run_after=2024-03-25 22:18:00+00:00
[2024-03-25T22:18:16.890+0000] {processor.py:183} INFO - Processing /home/airflow/.local/lib/python3.8/site-packages/airflow/example_dags/example_sla_dag.py took 0.037 seconds
[2024-03-25T22:18:47.458+0000] {processor.py:161} INFO - Started process (PID=1193) to work on /home/airflow/.local/lib/python3.8/site-packages/airflow/example_dags/example_sla_dag.py
[2024-03-25T22:18:47.459+0000] {processor.py:830} INFO - Processing file /home/airflow/.local/lib/python3.8/site-packages/airflow/example_dags/example_sla_dag.py for tasks to queue
[2024-03-25T22:18:47.460+0000] {logging_mixin.py:188} INFO - [2024-03-25T22:18:47.460+0000] {dagbag.py:540} INFO - Filling up the DagBag from /home/airflow/.local/lib/python3.8/site-packages/airflow/example_dags/example_sla_dag.py
[2024-03-25T22:18:47.465+0000] {processor.py:840} INFO - DAG(s) 'example_sla_dag' retrieved from /home/airflow/.local/lib/python3.8/site-packages/airflow/example_dags/example_sla_dag.py
[2024-03-25T22:18:47.477+0000] {logging_mixin.py:188} INFO - [2024-03-25T22:18:47.477+0000] {dag.py:3047} INFO - Sync 1 DAGs
[2024-03-25T22:18:47.488+0000] {logging_mixin.py:188} INFO - [2024-03-25T22:18:47.488+0000] {dag.py:3834} INFO - Setting next_dagrun for example_sla_dag to 2024-03-25 22:16:00+00:00, run_after=2024-03-25 22:18:00+00:00
[2024-03-25T22:18:47.496+0000] {processor.py:183} INFO - Processing /home/airflow/.local/lib/python3.8/site-packages/airflow/example_dags/example_sla_dag.py took 0.040 seconds
[2024-03-25T22:19:18.021+0000] {processor.py:161} INFO - Started process (PID=1248) to work on /home/airflow/.local/lib/python3.8/site-packages/airflow/example_dags/example_sla_dag.py
[2024-03-25T22:19:18.022+0000] {processor.py:830} INFO - Processing file /home/airflow/.local/lib/python3.8/site-packages/airflow/example_dags/example_sla_dag.py for tasks to queue
[2024-03-25T22:19:18.023+0000] {logging_mixin.py:188} INFO - [2024-03-25T22:19:18.023+0000] {dagbag.py:540} INFO - Filling up the DagBag from /home/airflow/.local/lib/python3.8/site-packages/airflow/example_dags/example_sla_dag.py
[2024-03-25T22:19:18.027+0000] {processor.py:840} INFO - DAG(s) 'example_sla_dag' retrieved from /home/airflow/.local/lib/python3.8/site-packages/airflow/example_dags/example_sla_dag.py
[2024-03-25T22:19:18.038+0000] {logging_mixin.py:188} INFO - [2024-03-25T22:19:18.038+0000] {dag.py:3047} INFO - Sync 1 DAGs
[2024-03-25T22:19:18.049+0000] {logging_mixin.py:188} INFO - [2024-03-25T22:19:18.049+0000] {dag.py:3834} INFO - Setting next_dagrun for example_sla_dag to 2024-03-25 22:16:00+00:00, run_after=2024-03-25 22:18:00+00:00
[2024-03-25T22:19:18.056+0000] {processor.py:183} INFO - Processing /home/airflow/.local/lib/python3.8/site-packages/airflow/example_dags/example_sla_dag.py took 0.037 seconds
[2024-03-25T22:19:48.616+0000] {processor.py:161} INFO - Started process (PID=1303) to work on /home/airflow/.local/lib/python3.8/site-packages/airflow/example_dags/example_sla_dag.py
[2024-03-25T22:19:48.617+0000] {processor.py:830} INFO - Processing file /home/airflow/.local/lib/python3.8/site-packages/airflow/example_dags/example_sla_dag.py for tasks to queue
[2024-03-25T22:19:48.618+0000] {logging_mixin.py:188} INFO - [2024-03-25T22:19:48.618+0000] {dagbag.py:540} INFO - Filling up the DagBag from /home/airflow/.local/lib/python3.8/site-packages/airflow/example_dags/example_sla_dag.py
[2024-03-25T22:19:48.623+0000] {processor.py:840} INFO - DAG(s) 'example_sla_dag' retrieved from /home/airflow/.local/lib/python3.8/site-packages/airflow/example_dags/example_sla_dag.py
[2024-03-25T22:19:48.636+0000] {logging_mixin.py:188} INFO - [2024-03-25T22:19:48.635+0000] {dag.py:3047} INFO - Sync 1 DAGs
[2024-03-25T22:19:48.647+0000] {logging_mixin.py:188} INFO - [2024-03-25T22:19:48.647+0000] {dag.py:3834} INFO - Setting next_dagrun for example_sla_dag to 2024-03-25 22:16:00+00:00, run_after=2024-03-25 22:18:00+00:00
[2024-03-25T22:19:48.654+0000] {processor.py:183} INFO - Processing /home/airflow/.local/lib/python3.8/site-packages/airflow/example_dags/example_sla_dag.py took 0.040 seconds
[2024-03-25T22:20:19.170+0000] {processor.py:161} INFO - Started process (PID=1359) to work on /home/airflow/.local/lib/python3.8/site-packages/airflow/example_dags/example_sla_dag.py
[2024-03-25T22:20:19.171+0000] {processor.py:830} INFO - Processing file /home/airflow/.local/lib/python3.8/site-packages/airflow/example_dags/example_sla_dag.py for tasks to queue
[2024-03-25T22:20:19.172+0000] {logging_mixin.py:188} INFO - [2024-03-25T22:20:19.171+0000] {dagbag.py:540} INFO - Filling up the DagBag from /home/airflow/.local/lib/python3.8/site-packages/airflow/example_dags/example_sla_dag.py
[2024-03-25T22:20:19.176+0000] {processor.py:840} INFO - DAG(s) 'example_sla_dag' retrieved from /home/airflow/.local/lib/python3.8/site-packages/airflow/example_dags/example_sla_dag.py
[2024-03-25T22:20:19.188+0000] {logging_mixin.py:188} INFO - [2024-03-25T22:20:19.188+0000] {dag.py:3047} INFO - Sync 1 DAGs
[2024-03-25T22:20:19.199+0000] {logging_mixin.py:188} INFO - [2024-03-25T22:20:19.199+0000] {dag.py:3834} INFO - Setting next_dagrun for example_sla_dag to 2024-03-25 22:18:00+00:00, run_after=2024-03-25 22:20:00+00:00
[2024-03-25T22:20:19.207+0000] {processor.py:183} INFO - Processing /home/airflow/.local/lib/python3.8/site-packages/airflow/example_dags/example_sla_dag.py took 0.039 seconds
[2024-03-25T22:20:49.741+0000] {processor.py:161} INFO - Started process (PID=1414) to work on /home/airflow/.local/lib/python3.8/site-packages/airflow/example_dags/example_sla_dag.py
[2024-03-25T22:20:49.742+0000] {processor.py:830} INFO - Processing file /home/airflow/.local/lib/python3.8/site-packages/airflow/example_dags/example_sla_dag.py for tasks to queue
[2024-03-25T22:20:49.743+0000] {logging_mixin.py:188} INFO - [2024-03-25T22:20:49.743+0000] {dagbag.py:540} INFO - Filling up the DagBag from /home/airflow/.local/lib/python3.8/site-packages/airflow/example_dags/example_sla_dag.py
[2024-03-25T22:20:49.748+0000] {processor.py:840} INFO - DAG(s) 'example_sla_dag' retrieved from /home/airflow/.local/lib/python3.8/site-packages/airflow/example_dags/example_sla_dag.py
[2024-03-25T22:20:49.759+0000] {logging_mixin.py:188} INFO - [2024-03-25T22:20:49.759+0000] {dag.py:3047} INFO - Sync 1 DAGs
[2024-03-25T22:20:49.770+0000] {logging_mixin.py:188} INFO - [2024-03-25T22:20:49.770+0000] {dag.py:3834} INFO - Setting next_dagrun for example_sla_dag to 2024-03-25 22:18:00+00:00, run_after=2024-03-25 22:20:00+00:00
[2024-03-25T22:20:49.777+0000] {processor.py:183} INFO - Processing /home/airflow/.local/lib/python3.8/site-packages/airflow/example_dags/example_sla_dag.py took 0.038 seconds
[2024-03-25T22:21:20.358+0000] {processor.py:161} INFO - Started process (PID=1470) to work on /home/airflow/.local/lib/python3.8/site-packages/airflow/example_dags/example_sla_dag.py
[2024-03-25T22:21:20.359+0000] {processor.py:830} INFO - Processing file /home/airflow/.local/lib/python3.8/site-packages/airflow/example_dags/example_sla_dag.py for tasks to queue
[2024-03-25T22:21:20.360+0000] {logging_mixin.py:188} INFO - [2024-03-25T22:21:20.360+0000] {dagbag.py:540} INFO - Filling up the DagBag from /home/airflow/.local/lib/python3.8/site-packages/airflow/example_dags/example_sla_dag.py
[2024-03-25T22:21:20.364+0000] {processor.py:840} INFO - DAG(s) 'example_sla_dag' retrieved from /home/airflow/.local/lib/python3.8/site-packages/airflow/example_dags/example_sla_dag.py
[2024-03-25T22:21:20.376+0000] {logging_mixin.py:188} INFO - [2024-03-25T22:21:20.376+0000] {dag.py:3047} INFO - Sync 1 DAGs
[2024-03-25T22:21:20.387+0000] {logging_mixin.py:188} INFO - [2024-03-25T22:21:20.387+0000] {dag.py:3834} INFO - Setting next_dagrun for example_sla_dag to 2024-03-25 22:18:00+00:00, run_after=2024-03-25 22:20:00+00:00
[2024-03-25T22:21:20.395+0000] {processor.py:183} INFO - Processing /home/airflow/.local/lib/python3.8/site-packages/airflow/example_dags/example_sla_dag.py took 0.039 seconds
[2024-03-25T22:21:51.024+0000] {processor.py:161} INFO - Started process (PID=1526) to work on /home/airflow/.local/lib/python3.8/site-packages/airflow/example_dags/example_sla_dag.py
[2024-03-25T22:21:51.025+0000] {processor.py:830} INFO - Processing file /home/airflow/.local/lib/python3.8/site-packages/airflow/example_dags/example_sla_dag.py for tasks to queue
[2024-03-25T22:21:51.026+0000] {logging_mixin.py:188} INFO - [2024-03-25T22:21:51.025+0000] {dagbag.py:540} INFO - Filling up the DagBag from /home/airflow/.local/lib/python3.8/site-packages/airflow/example_dags/example_sla_dag.py
[2024-03-25T22:21:51.031+0000] {processor.py:840} INFO - DAG(s) 'example_sla_dag' retrieved from /home/airflow/.local/lib/python3.8/site-packages/airflow/example_dags/example_sla_dag.py
[2024-03-25T22:21:51.043+0000] {logging_mixin.py:188} INFO - [2024-03-25T22:21:51.043+0000] {dag.py:3047} INFO - Sync 1 DAGs
[2024-03-25T22:21:51.054+0000] {logging_mixin.py:188} INFO - [2024-03-25T22:21:51.054+0000] {dag.py:3834} INFO - Setting next_dagrun for example_sla_dag to 2024-03-25 22:18:00+00:00, run_after=2024-03-25 22:20:00+00:00
[2024-03-25T22:21:51.062+0000] {processor.py:183} INFO - Processing /home/airflow/.local/lib/python3.8/site-packages/airflow/example_dags/example_sla_dag.py took 0.040 seconds
[2024-03-25T22:22:21.654+0000] {processor.py:161} INFO - Started process (PID=1582) to work on /home/airflow/.local/lib/python3.8/site-packages/airflow/example_dags/example_sla_dag.py
[2024-03-25T22:22:21.654+0000] {processor.py:830} INFO - Processing file /home/airflow/.local/lib/python3.8/site-packages/airflow/example_dags/example_sla_dag.py for tasks to queue
[2024-03-25T22:22:21.655+0000] {logging_mixin.py:188} INFO - [2024-03-25T22:22:21.655+0000] {dagbag.py:540} INFO - Filling up the DagBag from /home/airflow/.local/lib/python3.8/site-packages/airflow/example_dags/example_sla_dag.py
[2024-03-25T22:22:21.660+0000] {processor.py:840} INFO - DAG(s) 'example_sla_dag' retrieved from /home/airflow/.local/lib/python3.8/site-packages/airflow/example_dags/example_sla_dag.py
[2024-03-25T22:22:21.673+0000] {logging_mixin.py:188} INFO - [2024-03-25T22:22:21.673+0000] {dag.py:3047} INFO - Sync 1 DAGs
[2024-03-25T22:22:21.684+0000] {logging_mixin.py:188} INFO - [2024-03-25T22:22:21.683+0000] {dag.py:3834} INFO - Setting next_dagrun for example_sla_dag to 2024-03-25 22:20:00+00:00, run_after=2024-03-25 22:22:00+00:00
[2024-03-25T22:22:21.691+0000] {processor.py:183} INFO - Processing /home/airflow/.local/lib/python3.8/site-packages/airflow/example_dags/example_sla_dag.py took 0.040 seconds
[2024-03-25T22:22:52.262+0000] {processor.py:161} INFO - Started process (PID=1637) to work on /home/airflow/.local/lib/python3.8/site-packages/airflow/example_dags/example_sla_dag.py
[2024-03-25T22:22:52.263+0000] {processor.py:830} INFO - Processing file /home/airflow/.local/lib/python3.8/site-packages/airflow/example_dags/example_sla_dag.py for tasks to queue
[2024-03-25T22:22:52.264+0000] {logging_mixin.py:188} INFO - [2024-03-25T22:22:52.263+0000] {dagbag.py:540} INFO - Filling up the DagBag from /home/airflow/.local/lib/python3.8/site-packages/airflow/example_dags/example_sla_dag.py
[2024-03-25T22:22:52.268+0000] {processor.py:840} INFO - DAG(s) 'example_sla_dag' retrieved from /home/airflow/.local/lib/python3.8/site-packages/airflow/example_dags/example_sla_dag.py
[2024-03-25T22:22:52.280+0000] {logging_mixin.py:188} INFO - [2024-03-25T22:22:52.280+0000] {dag.py:3047} INFO - Sync 1 DAGs
[2024-03-25T22:22:52.291+0000] {logging_mixin.py:188} INFO - [2024-03-25T22:22:52.291+0000] {dag.py:3834} INFO - Setting next_dagrun for example_sla_dag to 2024-03-25 22:20:00+00:00, run_after=2024-03-25 22:22:00+00:00
[2024-03-25T22:22:52.298+0000] {processor.py:183} INFO - Processing /home/airflow/.local/lib/python3.8/site-packages/airflow/example_dags/example_sla_dag.py took 0.038 seconds
[2024-03-25T22:23:22.863+0000] {processor.py:161} INFO - Started process (PID=1692) to work on /home/airflow/.local/lib/python3.8/site-packages/airflow/example_dags/example_sla_dag.py
[2024-03-25T22:23:22.863+0000] {processor.py:830} INFO - Processing file /home/airflow/.local/lib/python3.8/site-packages/airflow/example_dags/example_sla_dag.py for tasks to queue
[2024-03-25T22:23:22.864+0000] {logging_mixin.py:188} INFO - [2024-03-25T22:23:22.864+0000] {dagbag.py:540} INFO - Filling up the DagBag from /home/airflow/.local/lib/python3.8/site-packages/airflow/example_dags/example_sla_dag.py
[2024-03-25T22:23:22.869+0000] {processor.py:840} INFO - DAG(s) 'example_sla_dag' retrieved from /home/airflow/.local/lib/python3.8/site-packages/airflow/example_dags/example_sla_dag.py
[2024-03-25T22:23:22.880+0000] {logging_mixin.py:188} INFO - [2024-03-25T22:23:22.880+0000] {dag.py:3047} INFO - Sync 1 DAGs
[2024-03-25T22:23:22.891+0000] {logging_mixin.py:188} INFO - [2024-03-25T22:23:22.891+0000] {dag.py:3834} INFO - Setting next_dagrun for example_sla_dag to 2024-03-25 22:20:00+00:00, run_after=2024-03-25 22:22:00+00:00
[2024-03-25T22:23:22.898+0000] {processor.py:183} INFO - Processing /home/airflow/.local/lib/python3.8/site-packages/airflow/example_dags/example_sla_dag.py took 0.038 seconds
[2024-03-25T22:23:53.423+0000] {processor.py:161} INFO - Started process (PID=1746) to work on /home/airflow/.local/lib/python3.8/site-packages/airflow/example_dags/example_sla_dag.py
[2024-03-25T22:23:53.423+0000] {processor.py:830} INFO - Processing file /home/airflow/.local/lib/python3.8/site-packages/airflow/example_dags/example_sla_dag.py for tasks to queue
[2024-03-25T22:23:53.424+0000] {logging_mixin.py:188} INFO - [2024-03-25T22:23:53.424+0000] {dagbag.py:540} INFO - Filling up the DagBag from /home/airflow/.local/lib/python3.8/site-packages/airflow/example_dags/example_sla_dag.py
[2024-03-25T22:23:53.429+0000] {processor.py:840} INFO - DAG(s) 'example_sla_dag' retrieved from /home/airflow/.local/lib/python3.8/site-packages/airflow/example_dags/example_sla_dag.py
[2024-03-25T22:23:53.440+0000] {logging_mixin.py:188} INFO - [2024-03-25T22:23:53.440+0000] {dag.py:3047} INFO - Sync 1 DAGs
[2024-03-25T22:23:53.450+0000] {logging_mixin.py:188} INFO - [2024-03-25T22:23:53.450+0000] {dag.py:3834} INFO - Setting next_dagrun for example_sla_dag to 2024-03-25 22:20:00+00:00, run_after=2024-03-25 22:22:00+00:00
[2024-03-25T22:23:53.457+0000] {processor.py:183} INFO - Processing /home/airflow/.local/lib/python3.8/site-packages/airflow/example_dags/example_sla_dag.py took 0.036 seconds
[2024-03-25T22:24:23.954+0000] {processor.py:161} INFO - Started process (PID=1801) to work on /home/airflow/.local/lib/python3.8/site-packages/airflow/example_dags/example_sla_dag.py
[2024-03-25T22:24:23.955+0000] {processor.py:830} INFO - Processing file /home/airflow/.local/lib/python3.8/site-packages/airflow/example_dags/example_sla_dag.py for tasks to queue
[2024-03-25T22:24:23.956+0000] {logging_mixin.py:188} INFO - [2024-03-25T22:24:23.956+0000] {dagbag.py:540} INFO - Filling up the DagBag from /home/airflow/.local/lib/python3.8/site-packages/airflow/example_dags/example_sla_dag.py
[2024-03-25T22:24:23.961+0000] {processor.py:840} INFO - DAG(s) 'example_sla_dag' retrieved from /home/airflow/.local/lib/python3.8/site-packages/airflow/example_dags/example_sla_dag.py
[2024-03-25T22:24:23.972+0000] {logging_mixin.py:188} INFO - [2024-03-25T22:24:23.972+0000] {dag.py:3047} INFO - Sync 1 DAGs
[2024-03-25T22:24:23.982+0000] {logging_mixin.py:188} INFO - [2024-03-25T22:24:23.982+0000] {dag.py:3834} INFO - Setting next_dagrun for example_sla_dag to 2024-03-25 22:22:00+00:00, run_after=2024-03-25 22:24:00+00:00
[2024-03-25T22:24:23.990+0000] {processor.py:183} INFO - Processing /home/airflow/.local/lib/python3.8/site-packages/airflow/example_dags/example_sla_dag.py took 0.037 seconds
[2024-03-25T22:24:54.499+0000] {processor.py:161} INFO - Started process (PID=1857) to work on /home/airflow/.local/lib/python3.8/site-packages/airflow/example_dags/example_sla_dag.py
[2024-03-25T22:24:54.499+0000] {processor.py:830} INFO - Processing file /home/airflow/.local/lib/python3.8/site-packages/airflow/example_dags/example_sla_dag.py for tasks to queue
[2024-03-25T22:24:54.500+0000] {logging_mixin.py:188} INFO - [2024-03-25T22:24:54.500+0000] {dagbag.py:540} INFO - Filling up the DagBag from /home/airflow/.local/lib/python3.8/site-packages/airflow/example_dags/example_sla_dag.py
[2024-03-25T22:24:54.505+0000] {processor.py:840} INFO - DAG(s) 'example_sla_dag' retrieved from /home/airflow/.local/lib/python3.8/site-packages/airflow/example_dags/example_sla_dag.py
[2024-03-25T22:24:54.516+0000] {logging_mixin.py:188} INFO - [2024-03-25T22:24:54.516+0000] {dag.py:3047} INFO - Sync 1 DAGs
[2024-03-25T22:24:54.527+0000] {logging_mixin.py:188} INFO - [2024-03-25T22:24:54.527+0000] {dag.py:3834} INFO - Setting next_dagrun for example_sla_dag to 2024-03-25 22:22:00+00:00, run_after=2024-03-25 22:24:00+00:00
[2024-03-25T22:24:54.534+0000] {processor.py:183} INFO - Processing /home/airflow/.local/lib/python3.8/site-packages/airflow/example_dags/example_sla_dag.py took 0.037 seconds
[2024-03-25T22:25:24.998+0000] {processor.py:161} INFO - Started process (PID=1912) to work on /home/airflow/.local/lib/python3.8/site-packages/airflow/example_dags/example_sla_dag.py
[2024-03-25T22:25:24.999+0000] {processor.py:830} INFO - Processing file /home/airflow/.local/lib/python3.8/site-packages/airflow/example_dags/example_sla_dag.py for tasks to queue
[2024-03-25T22:25:25.000+0000] {logging_mixin.py:188} INFO - [2024-03-25T22:25:24.999+0000] {dagbag.py:540} INFO - Filling up the DagBag from /home/airflow/.local/lib/python3.8/site-packages/airflow/example_dags/example_sla_dag.py
[2024-03-25T22:25:25.004+0000] {processor.py:840} INFO - DAG(s) 'example_sla_dag' retrieved from /home/airflow/.local/lib/python3.8/site-packages/airflow/example_dags/example_sla_dag.py
[2024-03-25T22:25:25.016+0000] {logging_mixin.py:188} INFO - [2024-03-25T22:25:25.016+0000] {dag.py:3047} INFO - Sync 1 DAGs
[2024-03-25T22:25:25.026+0000] {logging_mixin.py:188} INFO - [2024-03-25T22:25:25.026+0000] {dag.py:3834} INFO - Setting next_dagrun for example_sla_dag to 2024-03-25 22:22:00+00:00, run_after=2024-03-25 22:24:00+00:00
[2024-03-25T22:25:25.034+0000] {processor.py:183} INFO - Processing /home/airflow/.local/lib/python3.8/site-packages/airflow/example_dags/example_sla_dag.py took 0.037 seconds
[2024-03-25T22:25:55.546+0000] {processor.py:161} INFO - Started process (PID=1967) to work on /home/airflow/.local/lib/python3.8/site-packages/airflow/example_dags/example_sla_dag.py
[2024-03-25T22:25:55.547+0000] {processor.py:830} INFO - Processing file /home/airflow/.local/lib/python3.8/site-packages/airflow/example_dags/example_sla_dag.py for tasks to queue
[2024-03-25T22:25:55.548+0000] {logging_mixin.py:188} INFO - [2024-03-25T22:25:55.547+0000] {dagbag.py:540} INFO - Filling up the DagBag from /home/airflow/.local/lib/python3.8/site-packages/airflow/example_dags/example_sla_dag.py
[2024-03-25T22:25:55.552+0000] {processor.py:840} INFO - DAG(s) 'example_sla_dag' retrieved from /home/airflow/.local/lib/python3.8/site-packages/airflow/example_dags/example_sla_dag.py
[2024-03-25T22:25:55.564+0000] {logging_mixin.py:188} INFO - [2024-03-25T22:25:55.563+0000] {dag.py:3047} INFO - Sync 1 DAGs
[2024-03-25T22:25:55.574+0000] {logging_mixin.py:188} INFO - [2024-03-25T22:25:55.574+0000] {dag.py:3834} INFO - Setting next_dagrun for example_sla_dag to 2024-03-25 22:22:00+00:00, run_after=2024-03-25 22:24:00+00:00
[2024-03-25T22:25:55.581+0000] {processor.py:183} INFO - Processing /home/airflow/.local/lib/python3.8/site-packages/airflow/example_dags/example_sla_dag.py took 0.037 seconds
[2024-03-25T22:26:26.114+0000] {processor.py:161} INFO - Started process (PID=2022) to work on /home/airflow/.local/lib/python3.8/site-packages/airflow/example_dags/example_sla_dag.py
[2024-03-25T22:26:26.115+0000] {processor.py:830} INFO - Processing file /home/airflow/.local/lib/python3.8/site-packages/airflow/example_dags/example_sla_dag.py for tasks to queue
[2024-03-25T22:26:26.116+0000] {logging_mixin.py:188} INFO - [2024-03-25T22:26:26.116+0000] {dagbag.py:540} INFO - Filling up the DagBag from /home/airflow/.local/lib/python3.8/site-packages/airflow/example_dags/example_sla_dag.py
[2024-03-25T22:26:26.121+0000] {processor.py:840} INFO - DAG(s) 'example_sla_dag' retrieved from /home/airflow/.local/lib/python3.8/site-packages/airflow/example_dags/example_sla_dag.py
[2024-03-25T22:26:26.132+0000] {logging_mixin.py:188} INFO - [2024-03-25T22:26:26.132+0000] {dag.py:3047} INFO - Sync 1 DAGs
[2024-03-25T22:26:26.143+0000] {logging_mixin.py:188} INFO - [2024-03-25T22:26:26.142+0000] {dag.py:3834} INFO - Setting next_dagrun for example_sla_dag to 2024-03-25 22:24:00+00:00, run_after=2024-03-25 22:26:00+00:00
[2024-03-25T22:26:26.171+0000] {processor.py:183} INFO - Processing /home/airflow/.local/lib/python3.8/site-packages/airflow/example_dags/example_sla_dag.py took 0.059 seconds
[2024-03-25T22:26:56.756+0000] {processor.py:161} INFO - Started process (PID=2077) to work on /home/airflow/.local/lib/python3.8/site-packages/airflow/example_dags/example_sla_dag.py
[2024-03-25T22:26:56.756+0000] {processor.py:830} INFO - Processing file /home/airflow/.local/lib/python3.8/site-packages/airflow/example_dags/example_sla_dag.py for tasks to queue
[2024-03-25T22:26:56.757+0000] {logging_mixin.py:188} INFO - [2024-03-25T22:26:56.757+0000] {dagbag.py:540} INFO - Filling up the DagBag from /home/airflow/.local/lib/python3.8/site-packages/airflow/example_dags/example_sla_dag.py
[2024-03-25T22:26:56.762+0000] {processor.py:840} INFO - DAG(s) 'example_sla_dag' retrieved from /home/airflow/.local/lib/python3.8/site-packages/airflow/example_dags/example_sla_dag.py
[2024-03-25T22:26:56.773+0000] {logging_mixin.py:188} INFO - [2024-03-25T22:26:56.773+0000] {dag.py:3047} INFO - Sync 1 DAGs
[2024-03-25T22:26:56.784+0000] {logging_mixin.py:188} INFO - [2024-03-25T22:26:56.784+0000] {dag.py:3834} INFO - Setting next_dagrun for example_sla_dag to 2024-03-25 22:24:00+00:00, run_after=2024-03-25 22:26:00+00:00
[2024-03-25T22:26:56.791+0000] {processor.py:183} INFO - Processing /home/airflow/.local/lib/python3.8/site-packages/airflow/example_dags/example_sla_dag.py took 0.037 seconds
[2024-03-25T22:27:27.360+0000] {processor.py:161} INFO - Started process (PID=2131) to work on /home/airflow/.local/lib/python3.8/site-packages/airflow/example_dags/example_sla_dag.py
[2024-03-25T22:27:27.361+0000] {processor.py:830} INFO - Processing file /home/airflow/.local/lib/python3.8/site-packages/airflow/example_dags/example_sla_dag.py for tasks to queue
[2024-03-25T22:27:27.362+0000] {logging_mixin.py:188} INFO - [2024-03-25T22:27:27.362+0000] {dagbag.py:540} INFO - Filling up the DagBag from /home/airflow/.local/lib/python3.8/site-packages/airflow/example_dags/example_sla_dag.py
[2024-03-25T22:27:27.367+0000] {processor.py:840} INFO - DAG(s) 'example_sla_dag' retrieved from /home/airflow/.local/lib/python3.8/site-packages/airflow/example_dags/example_sla_dag.py
[2024-03-25T22:27:27.378+0000] {logging_mixin.py:188} INFO - [2024-03-25T22:27:27.378+0000] {dag.py:3047} INFO - Sync 1 DAGs
[2024-03-25T22:27:27.389+0000] {logging_mixin.py:188} INFO - [2024-03-25T22:27:27.389+0000] {dag.py:3834} INFO - Setting next_dagrun for example_sla_dag to 2024-03-25 22:24:00+00:00, run_after=2024-03-25 22:26:00+00:00
[2024-03-25T22:27:27.396+0000] {processor.py:183} INFO - Processing /home/airflow/.local/lib/python3.8/site-packages/airflow/example_dags/example_sla_dag.py took 0.038 seconds
[2024-03-25T22:27:58.008+0000] {processor.py:161} INFO - Started process (PID=2186) to work on /home/airflow/.local/lib/python3.8/site-packages/airflow/example_dags/example_sla_dag.py
[2024-03-25T22:27:58.009+0000] {processor.py:830} INFO - Processing file /home/airflow/.local/lib/python3.8/site-packages/airflow/example_dags/example_sla_dag.py for tasks to queue
[2024-03-25T22:27:58.010+0000] {logging_mixin.py:188} INFO - [2024-03-25T22:27:58.010+0000] {dagbag.py:540} INFO - Filling up the DagBag from /home/airflow/.local/lib/python3.8/site-packages/airflow/example_dags/example_sla_dag.py
[2024-03-25T22:27:58.014+0000] {processor.py:840} INFO - DAG(s) 'example_sla_dag' retrieved from /home/airflow/.local/lib/python3.8/site-packages/airflow/example_dags/example_sla_dag.py
[2024-03-25T22:27:58.026+0000] {logging_mixin.py:188} INFO - [2024-03-25T22:27:58.026+0000] {dag.py:3047} INFO - Sync 1 DAGs
[2024-03-25T22:27:58.037+0000] {logging_mixin.py:188} INFO - [2024-03-25T22:27:58.037+0000] {dag.py:3834} INFO - Setting next_dagrun for example_sla_dag to 2024-03-25 22:24:00+00:00, run_after=2024-03-25 22:26:00+00:00
[2024-03-25T22:27:58.044+0000] {processor.py:183} INFO - Processing /home/airflow/.local/lib/python3.8/site-packages/airflow/example_dags/example_sla_dag.py took 0.038 seconds
[2024-03-25T22:28:28.544+0000] {processor.py:161} INFO - Started process (PID=2241) to work on /home/airflow/.local/lib/python3.8/site-packages/airflow/example_dags/example_sla_dag.py
[2024-03-25T22:28:28.545+0000] {processor.py:830} INFO - Processing file /home/airflow/.local/lib/python3.8/site-packages/airflow/example_dags/example_sla_dag.py for tasks to queue
[2024-03-25T22:28:28.546+0000] {logging_mixin.py:188} INFO - [2024-03-25T22:28:28.545+0000] {dagbag.py:540} INFO - Filling up the DagBag from /home/airflow/.local/lib/python3.8/site-packages/airflow/example_dags/example_sla_dag.py
[2024-03-25T22:28:28.550+0000] {processor.py:840} INFO - DAG(s) 'example_sla_dag' retrieved from /home/airflow/.local/lib/python3.8/site-packages/airflow/example_dags/example_sla_dag.py
[2024-03-25T22:28:28.561+0000] {logging_mixin.py:188} INFO - [2024-03-25T22:28:28.561+0000] {dag.py:3047} INFO - Sync 1 DAGs
[2024-03-25T22:28:28.572+0000] {logging_mixin.py:188} INFO - [2024-03-25T22:28:28.572+0000] {dag.py:3834} INFO - Setting next_dagrun for example_sla_dag to 2024-03-25 22:26:00+00:00, run_after=2024-03-25 22:28:00+00:00
[2024-03-25T22:28:28.579+0000] {processor.py:183} INFO - Processing /home/airflow/.local/lib/python3.8/site-packages/airflow/example_dags/example_sla_dag.py took 0.037 seconds
[2024-03-25T22:28:59.119+0000] {processor.py:161} INFO - Started process (PID=2296) to work on /home/airflow/.local/lib/python3.8/site-packages/airflow/example_dags/example_sla_dag.py
[2024-03-25T22:28:59.119+0000] {processor.py:830} INFO - Processing file /home/airflow/.local/lib/python3.8/site-packages/airflow/example_dags/example_sla_dag.py for tasks to queue
[2024-03-25T22:28:59.120+0000] {logging_mixin.py:188} INFO - [2024-03-25T22:28:59.120+0000] {dagbag.py:540} INFO - Filling up the DagBag from /home/airflow/.local/lib/python3.8/site-packages/airflow/example_dags/example_sla_dag.py
[2024-03-25T22:28:59.125+0000] {processor.py:840} INFO - DAG(s) 'example_sla_dag' retrieved from /home/airflow/.local/lib/python3.8/site-packages/airflow/example_dags/example_sla_dag.py
[2024-03-25T22:28:59.136+0000] {logging_mixin.py:188} INFO - [2024-03-25T22:28:59.136+0000] {dag.py:3047} INFO - Sync 1 DAGs
[2024-03-25T22:28:59.147+0000] {logging_mixin.py:188} INFO - [2024-03-25T22:28:59.147+0000] {dag.py:3834} INFO - Setting next_dagrun for example_sla_dag to 2024-03-25 22:26:00+00:00, run_after=2024-03-25 22:28:00+00:00
[2024-03-25T22:28:59.154+0000] {processor.py:183} INFO - Processing /home/airflow/.local/lib/python3.8/site-packages/airflow/example_dags/example_sla_dag.py took 0.038 seconds
[2024-03-25T22:29:29.768+0000] {processor.py:161} INFO - Started process (PID=2351) to work on /home/airflow/.local/lib/python3.8/site-packages/airflow/example_dags/example_sla_dag.py
[2024-03-25T22:29:29.768+0000] {processor.py:830} INFO - Processing file /home/airflow/.local/lib/python3.8/site-packages/airflow/example_dags/example_sla_dag.py for tasks to queue
[2024-03-25T22:29:29.769+0000] {logging_mixin.py:188} INFO - [2024-03-25T22:29:29.769+0000] {dagbag.py:540} INFO - Filling up the DagBag from /home/airflow/.local/lib/python3.8/site-packages/airflow/example_dags/example_sla_dag.py
[2024-03-25T22:29:29.774+0000] {processor.py:840} INFO - DAG(s) 'example_sla_dag' retrieved from /home/airflow/.local/lib/python3.8/site-packages/airflow/example_dags/example_sla_dag.py
[2024-03-25T22:29:29.786+0000] {logging_mixin.py:188} INFO - [2024-03-25T22:29:29.786+0000] {dag.py:3047} INFO - Sync 1 DAGs
[2024-03-25T22:29:29.796+0000] {logging_mixin.py:188} INFO - [2024-03-25T22:29:29.796+0000] {dag.py:3834} INFO - Setting next_dagrun for example_sla_dag to 2024-03-25 22:26:00+00:00, run_after=2024-03-25 22:28:00+00:00
[2024-03-25T22:29:29.804+0000] {processor.py:183} INFO - Processing /home/airflow/.local/lib/python3.8/site-packages/airflow/example_dags/example_sla_dag.py took 0.038 seconds
[2024-03-25T22:30:00.319+0000] {processor.py:161} INFO - Started process (PID=2406) to work on /home/airflow/.local/lib/python3.8/site-packages/airflow/example_dags/example_sla_dag.py
[2024-03-25T22:30:00.320+0000] {processor.py:830} INFO - Processing file /home/airflow/.local/lib/python3.8/site-packages/airflow/example_dags/example_sla_dag.py for tasks to queue
[2024-03-25T22:30:00.321+0000] {logging_mixin.py:188} INFO - [2024-03-25T22:30:00.320+0000] {dagbag.py:540} INFO - Filling up the DagBag from /home/airflow/.local/lib/python3.8/site-packages/airflow/example_dags/example_sla_dag.py
[2024-03-25T22:30:00.325+0000] {processor.py:840} INFO - DAG(s) 'example_sla_dag' retrieved from /home/airflow/.local/lib/python3.8/site-packages/airflow/example_dags/example_sla_dag.py
[2024-03-25T22:30:00.337+0000] {logging_mixin.py:188} INFO - [2024-03-25T22:30:00.337+0000] {dag.py:3047} INFO - Sync 1 DAGs
[2024-03-25T22:30:00.347+0000] {logging_mixin.py:188} INFO - [2024-03-25T22:30:00.347+0000] {dag.py:3834} INFO - Setting next_dagrun for example_sla_dag to 2024-03-25 22:28:00+00:00, run_after=2024-03-25 22:30:00+00:00
[2024-03-25T22:30:00.355+0000] {processor.py:183} INFO - Processing /home/airflow/.local/lib/python3.8/site-packages/airflow/example_dags/example_sla_dag.py took 0.037 seconds
[2024-03-25T22:30:30.945+0000] {processor.py:161} INFO - Started process (PID=2461) to work on /home/airflow/.local/lib/python3.8/site-packages/airflow/example_dags/example_sla_dag.py
[2024-03-25T22:30:30.945+0000] {processor.py:830} INFO - Processing file /home/airflow/.local/lib/python3.8/site-packages/airflow/example_dags/example_sla_dag.py for tasks to queue
[2024-03-25T22:30:30.946+0000] {logging_mixin.py:188} INFO - [2024-03-25T22:30:30.946+0000] {dagbag.py:540} INFO - Filling up the DagBag from /home/airflow/.local/lib/python3.8/site-packages/airflow/example_dags/example_sla_dag.py
[2024-03-25T22:30:30.951+0000] {processor.py:840} INFO - DAG(s) 'example_sla_dag' retrieved from /home/airflow/.local/lib/python3.8/site-packages/airflow/example_dags/example_sla_dag.py
[2024-03-25T22:30:30.963+0000] {logging_mixin.py:188} INFO - [2024-03-25T22:30:30.963+0000] {dag.py:3047} INFO - Sync 1 DAGs
[2024-03-25T22:30:30.973+0000] {logging_mixin.py:188} INFO - [2024-03-25T22:30:30.973+0000] {dag.py:3834} INFO - Setting next_dagrun for example_sla_dag to 2024-03-25 22:28:00+00:00, run_after=2024-03-25 22:30:00+00:00
[2024-03-25T22:30:30.980+0000] {processor.py:183} INFO - Processing /home/airflow/.local/lib/python3.8/site-packages/airflow/example_dags/example_sla_dag.py took 0.038 seconds
[2024-03-25T22:31:01.504+0000] {processor.py:161} INFO - Started process (PID=2522) to work on /home/airflow/.local/lib/python3.8/site-packages/airflow/example_dags/example_sla_dag.py
[2024-03-25T22:31:01.504+0000] {processor.py:830} INFO - Processing file /home/airflow/.local/lib/python3.8/site-packages/airflow/example_dags/example_sla_dag.py for tasks to queue
[2024-03-25T22:31:01.505+0000] {logging_mixin.py:188} INFO - [2024-03-25T22:31:01.505+0000] {dagbag.py:540} INFO - Filling up the DagBag from /home/airflow/.local/lib/python3.8/site-packages/airflow/example_dags/example_sla_dag.py
[2024-03-25T22:31:01.510+0000] {processor.py:840} INFO - DAG(s) 'example_sla_dag' retrieved from /home/airflow/.local/lib/python3.8/site-packages/airflow/example_dags/example_sla_dag.py
[2024-03-25T22:31:01.521+0000] {logging_mixin.py:188} INFO - [2024-03-25T22:31:01.521+0000] {dag.py:3047} INFO - Sync 1 DAGs
[2024-03-25T22:31:01.532+0000] {logging_mixin.py:188} INFO - [2024-03-25T22:31:01.532+0000] {dag.py:3834} INFO - Setting next_dagrun for example_sla_dag to 2024-03-25 22:28:00+00:00, run_after=2024-03-25 22:30:00+00:00
[2024-03-25T22:31:01.539+0000] {processor.py:183} INFO - Processing /home/airflow/.local/lib/python3.8/site-packages/airflow/example_dags/example_sla_dag.py took 0.037 seconds
[2024-03-25T22:31:32.085+0000] {processor.py:161} INFO - Started process (PID=2577) to work on /home/airflow/.local/lib/python3.8/site-packages/airflow/example_dags/example_sla_dag.py
[2024-03-25T22:31:32.086+0000] {processor.py:830} INFO - Processing file /home/airflow/.local/lib/python3.8/site-packages/airflow/example_dags/example_sla_dag.py for tasks to queue
[2024-03-25T22:31:32.087+0000] {logging_mixin.py:188} INFO - [2024-03-25T22:31:32.086+0000] {dagbag.py:540} INFO - Filling up the DagBag from /home/airflow/.local/lib/python3.8/site-packages/airflow/example_dags/example_sla_dag.py
[2024-03-25T22:31:32.091+0000] {processor.py:840} INFO - DAG(s) 'example_sla_dag' retrieved from /home/airflow/.local/lib/python3.8/site-packages/airflow/example_dags/example_sla_dag.py
[2024-03-25T22:31:32.103+0000] {logging_mixin.py:188} INFO - [2024-03-25T22:31:32.103+0000] {dag.py:3047} INFO - Sync 1 DAGs
[2024-03-25T22:31:32.114+0000] {logging_mixin.py:188} INFO - [2024-03-25T22:31:32.113+0000] {dag.py:3834} INFO - Setting next_dagrun for example_sla_dag to 2024-03-25 22:28:00+00:00, run_after=2024-03-25 22:30:00+00:00
[2024-03-25T22:31:32.121+0000] {processor.py:183} INFO - Processing /home/airflow/.local/lib/python3.8/site-packages/airflow/example_dags/example_sla_dag.py took 0.037 seconds
[2024-03-25T22:32:02.761+0000] {processor.py:161} INFO - Started process (PID=2632) to work on /home/airflow/.local/lib/python3.8/site-packages/airflow/example_dags/example_sla_dag.py
[2024-03-25T22:32:02.761+0000] {processor.py:830} INFO - Processing file /home/airflow/.local/lib/python3.8/site-packages/airflow/example_dags/example_sla_dag.py for tasks to queue
[2024-03-25T22:32:02.762+0000] {logging_mixin.py:188} INFO - [2024-03-25T22:32:02.762+0000] {dagbag.py:540} INFO - Filling up the DagBag from /home/airflow/.local/lib/python3.8/site-packages/airflow/example_dags/example_sla_dag.py
[2024-03-25T22:32:02.767+0000] {processor.py:840} INFO - DAG(s) 'example_sla_dag' retrieved from /home/airflow/.local/lib/python3.8/site-packages/airflow/example_dags/example_sla_dag.py
[2024-03-25T22:32:02.778+0000] {logging_mixin.py:188} INFO - [2024-03-25T22:32:02.778+0000] {dag.py:3047} INFO - Sync 1 DAGs
[2024-03-25T22:32:02.788+0000] {logging_mixin.py:188} INFO - [2024-03-25T22:32:02.788+0000] {dag.py:3834} INFO - Setting next_dagrun for example_sla_dag to 2024-03-25 22:30:00+00:00, run_after=2024-03-25 22:32:00+00:00
[2024-03-25T22:32:02.796+0000] {processor.py:183} INFO - Processing /home/airflow/.local/lib/python3.8/site-packages/airflow/example_dags/example_sla_dag.py took 0.037 seconds
[2024-03-25T22:32:33.446+0000] {processor.py:161} INFO - Started process (PID=2687) to work on /home/airflow/.local/lib/python3.8/site-packages/airflow/example_dags/example_sla_dag.py
[2024-03-25T22:32:33.447+0000] {processor.py:830} INFO - Processing file /home/airflow/.local/lib/python3.8/site-packages/airflow/example_dags/example_sla_dag.py for tasks to queue
[2024-03-25T22:32:33.448+0000] {logging_mixin.py:188} INFO - [2024-03-25T22:32:33.448+0000] {dagbag.py:540} INFO - Filling up the DagBag from /home/airflow/.local/lib/python3.8/site-packages/airflow/example_dags/example_sla_dag.py
[2024-03-25T22:32:33.452+0000] {processor.py:840} INFO - DAG(s) 'example_sla_dag' retrieved from /home/airflow/.local/lib/python3.8/site-packages/airflow/example_dags/example_sla_dag.py
[2024-03-25T22:32:33.464+0000] {logging_mixin.py:188} INFO - [2024-03-25T22:32:33.464+0000] {dag.py:3047} INFO - Sync 1 DAGs
[2024-03-25T22:32:33.474+0000] {logging_mixin.py:188} INFO - [2024-03-25T22:32:33.474+0000] {dag.py:3834} INFO - Setting next_dagrun for example_sla_dag to 2024-03-25 22:30:00+00:00, run_after=2024-03-25 22:32:00+00:00
[2024-03-25T22:32:33.481+0000] {processor.py:183} INFO - Processing /home/airflow/.local/lib/python3.8/site-packages/airflow/example_dags/example_sla_dag.py took 0.037 seconds
[2024-03-25T22:33:04.263+0000] {processor.py:161} INFO - Started process (PID=2742) to work on /home/airflow/.local/lib/python3.8/site-packages/airflow/example_dags/example_sla_dag.py
[2024-03-25T22:33:04.263+0000] {processor.py:830} INFO - Processing file /home/airflow/.local/lib/python3.8/site-packages/airflow/example_dags/example_sla_dag.py for tasks to queue
[2024-03-25T22:33:04.264+0000] {logging_mixin.py:188} INFO - [2024-03-25T22:33:04.264+0000] {dagbag.py:540} INFO - Filling up the DagBag from /home/airflow/.local/lib/python3.8/site-packages/airflow/example_dags/example_sla_dag.py
[2024-03-25T22:33:04.269+0000] {processor.py:840} INFO - DAG(s) 'example_sla_dag' retrieved from /home/airflow/.local/lib/python3.8/site-packages/airflow/example_dags/example_sla_dag.py
[2024-03-25T22:33:04.280+0000] {logging_mixin.py:188} INFO - [2024-03-25T22:33:04.280+0000] {dag.py:3047} INFO - Sync 1 DAGs
[2024-03-25T22:33:04.290+0000] {logging_mixin.py:188} INFO - [2024-03-25T22:33:04.290+0000] {dag.py:3834} INFO - Setting next_dagrun for example_sla_dag to 2024-03-25 22:30:00+00:00, run_after=2024-03-25 22:32:00+00:00
[2024-03-25T22:33:04.297+0000] {processor.py:183} INFO - Processing /home/airflow/.local/lib/python3.8/site-packages/airflow/example_dags/example_sla_dag.py took 0.037 seconds
[2024-03-25T22:33:35.077+0000] {processor.py:161} INFO - Started process (PID=2797) to work on /home/airflow/.local/lib/python3.8/site-packages/airflow/example_dags/example_sla_dag.py
[2024-03-25T22:33:35.077+0000] {processor.py:830} INFO - Processing file /home/airflow/.local/lib/python3.8/site-packages/airflow/example_dags/example_sla_dag.py for tasks to queue
[2024-03-25T22:33:35.078+0000] {logging_mixin.py:188} INFO - [2024-03-25T22:33:35.078+0000] {dagbag.py:540} INFO - Filling up the DagBag from /home/airflow/.local/lib/python3.8/site-packages/airflow/example_dags/example_sla_dag.py
[2024-03-25T22:33:35.083+0000] {processor.py:840} INFO - DAG(s) 'example_sla_dag' retrieved from /home/airflow/.local/lib/python3.8/site-packages/airflow/example_dags/example_sla_dag.py
[2024-03-25T22:33:35.094+0000] {logging_mixin.py:188} INFO - [2024-03-25T22:33:35.094+0000] {dag.py:3047} INFO - Sync 1 DAGs
[2024-03-25T22:33:35.103+0000] {logging_mixin.py:188} INFO - [2024-03-25T22:33:35.103+0000] {dag.py:3834} INFO - Setting next_dagrun for example_sla_dag to 2024-03-25 22:30:00+00:00, run_after=2024-03-25 22:32:00+00:00
[2024-03-25T22:33:35.110+0000] {processor.py:183} INFO - Processing /home/airflow/.local/lib/python3.8/site-packages/airflow/example_dags/example_sla_dag.py took 0.035 seconds
[2024-03-25T22:34:05.320+0000] {processor.py:161} INFO - Started process (PID=2852) to work on /home/airflow/.local/lib/python3.8/site-packages/airflow/example_dags/example_sla_dag.py
[2024-03-25T22:34:05.321+0000] {processor.py:830} INFO - Processing file /home/airflow/.local/lib/python3.8/site-packages/airflow/example_dags/example_sla_dag.py for tasks to queue
[2024-03-25T22:34:05.322+0000] {logging_mixin.py:188} INFO - [2024-03-25T22:34:05.322+0000] {dagbag.py:540} INFO - Filling up the DagBag from /home/airflow/.local/lib/python3.8/site-packages/airflow/example_dags/example_sla_dag.py
[2024-03-25T22:34:05.327+0000] {processor.py:840} INFO - DAG(s) 'example_sla_dag' retrieved from /home/airflow/.local/lib/python3.8/site-packages/airflow/example_dags/example_sla_dag.py
[2024-03-25T22:34:05.339+0000] {logging_mixin.py:188} INFO - [2024-03-25T22:34:05.339+0000] {dag.py:3047} INFO - Sync 1 DAGs
[2024-03-25T22:34:05.349+0000] {logging_mixin.py:188} INFO - [2024-03-25T22:34:05.349+0000] {dag.py:3834} INFO - Setting next_dagrun for example_sla_dag to 2024-03-25 22:32:00+00:00, run_after=2024-03-25 22:34:00+00:00
[2024-03-25T22:34:05.357+0000] {processor.py:183} INFO - Processing /home/airflow/.local/lib/python3.8/site-packages/airflow/example_dags/example_sla_dag.py took 0.039 seconds
[2024-03-25T22:34:35.391+0000] {processor.py:161} INFO - Started process (PID=2908) to work on /home/airflow/.local/lib/python3.8/site-packages/airflow/example_dags/example_sla_dag.py
[2024-03-25T22:34:35.392+0000] {processor.py:830} INFO - Processing file /home/airflow/.local/lib/python3.8/site-packages/airflow/example_dags/example_sla_dag.py for tasks to queue
[2024-03-25T22:34:35.393+0000] {logging_mixin.py:188} INFO - [2024-03-25T22:34:35.393+0000] {dagbag.py:540} INFO - Filling up the DagBag from /home/airflow/.local/lib/python3.8/site-packages/airflow/example_dags/example_sla_dag.py
[2024-03-25T22:34:35.398+0000] {processor.py:840} INFO - DAG(s) 'example_sla_dag' retrieved from /home/airflow/.local/lib/python3.8/site-packages/airflow/example_dags/example_sla_dag.py
[2024-03-25T22:34:35.409+0000] {logging_mixin.py:188} INFO - [2024-03-25T22:34:35.409+0000] {dag.py:3047} INFO - Sync 1 DAGs
[2024-03-25T22:34:35.419+0000] {logging_mixin.py:188} INFO - [2024-03-25T22:34:35.419+0000] {dag.py:3834} INFO - Setting next_dagrun for example_sla_dag to 2024-03-25 22:32:00+00:00, run_after=2024-03-25 22:34:00+00:00
[2024-03-25T22:34:35.427+0000] {processor.py:183} INFO - Processing /home/airflow/.local/lib/python3.8/site-packages/airflow/example_dags/example_sla_dag.py took 0.038 seconds
[2024-03-25T22:35:05.928+0000] {processor.py:161} INFO - Started process (PID=2963) to work on /home/airflow/.local/lib/python3.8/site-packages/airflow/example_dags/example_sla_dag.py
[2024-03-25T22:35:05.928+0000] {processor.py:830} INFO - Processing file /home/airflow/.local/lib/python3.8/site-packages/airflow/example_dags/example_sla_dag.py for tasks to queue
[2024-03-25T22:35:05.929+0000] {logging_mixin.py:188} INFO - [2024-03-25T22:35:05.929+0000] {dagbag.py:540} INFO - Filling up the DagBag from /home/airflow/.local/lib/python3.8/site-packages/airflow/example_dags/example_sla_dag.py
[2024-03-25T22:35:05.934+0000] {processor.py:840} INFO - DAG(s) 'example_sla_dag' retrieved from /home/airflow/.local/lib/python3.8/site-packages/airflow/example_dags/example_sla_dag.py
[2024-03-25T22:35:05.946+0000] {logging_mixin.py:188} INFO - [2024-03-25T22:35:05.946+0000] {dag.py:3047} INFO - Sync 1 DAGs
[2024-03-25T22:35:06.030+0000] {logging_mixin.py:188} INFO - [2024-03-25T22:35:06.030+0000] {dag.py:3834} INFO - Setting next_dagrun for example_sla_dag to 2024-03-25 22:32:00+00:00, run_after=2024-03-25 22:34:00+00:00
[2024-03-25T22:35:06.036+0000] {processor.py:183} INFO - Processing /home/airflow/.local/lib/python3.8/site-packages/airflow/example_dags/example_sla_dag.py took 0.110 seconds
[2024-03-25T22:35:36.197+0000] {processor.py:161} INFO - Started process (PID=3018) to work on /home/airflow/.local/lib/python3.8/site-packages/airflow/example_dags/example_sla_dag.py
[2024-03-25T22:35:36.197+0000] {processor.py:830} INFO - Processing file /home/airflow/.local/lib/python3.8/site-packages/airflow/example_dags/example_sla_dag.py for tasks to queue
[2024-03-25T22:35:36.198+0000] {logging_mixin.py:188} INFO - [2024-03-25T22:35:36.198+0000] {dagbag.py:540} INFO - Filling up the DagBag from /home/airflow/.local/lib/python3.8/site-packages/airflow/example_dags/example_sla_dag.py
[2024-03-25T22:35:36.203+0000] {processor.py:840} INFO - DAG(s) 'example_sla_dag' retrieved from /home/airflow/.local/lib/python3.8/site-packages/airflow/example_dags/example_sla_dag.py
[2024-03-25T22:35:36.214+0000] {logging_mixin.py:188} INFO - [2024-03-25T22:35:36.214+0000] {dag.py:3047} INFO - Sync 1 DAGs
[2024-03-25T22:35:36.287+0000] {logging_mixin.py:188} INFO - [2024-03-25T22:35:36.287+0000] {dag.py:3834} INFO - Setting next_dagrun for example_sla_dag to 2024-03-25 22:32:00+00:00, run_after=2024-03-25 22:34:00+00:00
[2024-03-25T22:35:36.294+0000] {processor.py:183} INFO - Processing /home/airflow/.local/lib/python3.8/site-packages/airflow/example_dags/example_sla_dag.py took 0.099 seconds
[2024-03-25T22:36:06.878+0000] {processor.py:161} INFO - Started process (PID=3073) to work on /home/airflow/.local/lib/python3.8/site-packages/airflow/example_dags/example_sla_dag.py
[2024-03-25T22:36:06.879+0000] {processor.py:830} INFO - Processing file /home/airflow/.local/lib/python3.8/site-packages/airflow/example_dags/example_sla_dag.py for tasks to queue
[2024-03-25T22:36:06.880+0000] {logging_mixin.py:188} INFO - [2024-03-25T22:36:06.880+0000] {dagbag.py:540} INFO - Filling up the DagBag from /home/airflow/.local/lib/python3.8/site-packages/airflow/example_dags/example_sla_dag.py
[2024-03-25T22:36:06.885+0000] {processor.py:840} INFO - DAG(s) 'example_sla_dag' retrieved from /home/airflow/.local/lib/python3.8/site-packages/airflow/example_dags/example_sla_dag.py
[2024-03-25T22:36:06.896+0000] {logging_mixin.py:188} INFO - [2024-03-25T22:36:06.896+0000] {dag.py:3047} INFO - Sync 1 DAGs
[2024-03-25T22:36:06.907+0000] {logging_mixin.py:188} INFO - [2024-03-25T22:36:06.907+0000] {dag.py:3834} INFO - Setting next_dagrun for example_sla_dag to 2024-03-25 22:34:00+00:00, run_after=2024-03-25 22:36:00+00:00
[2024-03-25T22:36:06.914+0000] {processor.py:183} INFO - Processing /home/airflow/.local/lib/python3.8/site-packages/airflow/example_dags/example_sla_dag.py took 0.037 seconds
[2024-03-25T22:36:37.591+0000] {processor.py:161} INFO - Started process (PID=3129) to work on /home/airflow/.local/lib/python3.8/site-packages/airflow/example_dags/example_sla_dag.py
[2024-03-25T22:36:37.592+0000] {processor.py:830} INFO - Processing file /home/airflow/.local/lib/python3.8/site-packages/airflow/example_dags/example_sla_dag.py for tasks to queue
[2024-03-25T22:36:37.593+0000] {logging_mixin.py:188} INFO - [2024-03-25T22:36:37.592+0000] {dagbag.py:540} INFO - Filling up the DagBag from /home/airflow/.local/lib/python3.8/site-packages/airflow/example_dags/example_sla_dag.py
[2024-03-25T22:36:37.597+0000] {processor.py:840} INFO - DAG(s) 'example_sla_dag' retrieved from /home/airflow/.local/lib/python3.8/site-packages/airflow/example_dags/example_sla_dag.py
[2024-03-25T22:36:37.609+0000] {logging_mixin.py:188} INFO - [2024-03-25T22:36:37.608+0000] {dag.py:3047} INFO - Sync 1 DAGs
[2024-03-25T22:36:37.619+0000] {logging_mixin.py:188} INFO - [2024-03-25T22:36:37.619+0000] {dag.py:3834} INFO - Setting next_dagrun for example_sla_dag to 2024-03-25 22:34:00+00:00, run_after=2024-03-25 22:36:00+00:00
[2024-03-25T22:36:37.627+0000] {processor.py:183} INFO - Processing /home/airflow/.local/lib/python3.8/site-packages/airflow/example_dags/example_sla_dag.py took 0.037 seconds
[2024-03-25T22:37:08.303+0000] {processor.py:161} INFO - Started process (PID=3184) to work on /home/airflow/.local/lib/python3.8/site-packages/airflow/example_dags/example_sla_dag.py
[2024-03-25T22:37:08.303+0000] {processor.py:830} INFO - Processing file /home/airflow/.local/lib/python3.8/site-packages/airflow/example_dags/example_sla_dag.py for tasks to queue
[2024-03-25T22:37:08.304+0000] {logging_mixin.py:188} INFO - [2024-03-25T22:37:08.304+0000] {dagbag.py:540} INFO - Filling up the DagBag from /home/airflow/.local/lib/python3.8/site-packages/airflow/example_dags/example_sla_dag.py
[2024-03-25T22:37:08.309+0000] {processor.py:840} INFO - DAG(s) 'example_sla_dag' retrieved from /home/airflow/.local/lib/python3.8/site-packages/airflow/example_dags/example_sla_dag.py
[2024-03-25T22:37:08.321+0000] {logging_mixin.py:188} INFO - [2024-03-25T22:37:08.320+0000] {dag.py:3047} INFO - Sync 1 DAGs
[2024-03-25T22:37:08.331+0000] {logging_mixin.py:188} INFO - [2024-03-25T22:37:08.331+0000] {dag.py:3834} INFO - Setting next_dagrun for example_sla_dag to 2024-03-25 22:34:00+00:00, run_after=2024-03-25 22:36:00+00:00
[2024-03-25T22:37:08.339+0000] {processor.py:183} INFO - Processing /home/airflow/.local/lib/python3.8/site-packages/airflow/example_dags/example_sla_dag.py took 0.038 seconds
[2024-03-25T22:37:39.019+0000] {processor.py:161} INFO - Started process (PID=3239) to work on /home/airflow/.local/lib/python3.8/site-packages/airflow/example_dags/example_sla_dag.py
[2024-03-25T22:37:39.020+0000] {processor.py:830} INFO - Processing file /home/airflow/.local/lib/python3.8/site-packages/airflow/example_dags/example_sla_dag.py for tasks to queue
[2024-03-25T22:37:39.020+0000] {logging_mixin.py:188} INFO - [2024-03-25T22:37:39.020+0000] {dagbag.py:540} INFO - Filling up the DagBag from /home/airflow/.local/lib/python3.8/site-packages/airflow/example_dags/example_sla_dag.py
[2024-03-25T22:37:39.025+0000] {processor.py:840} INFO - DAG(s) 'example_sla_dag' retrieved from /home/airflow/.local/lib/python3.8/site-packages/airflow/example_dags/example_sla_dag.py
[2024-03-25T22:37:39.037+0000] {logging_mixin.py:188} INFO - [2024-03-25T22:37:39.037+0000] {dag.py:3047} INFO - Sync 1 DAGs
[2024-03-25T22:37:39.048+0000] {logging_mixin.py:188} INFO - [2024-03-25T22:37:39.048+0000] {dag.py:3834} INFO - Setting next_dagrun for example_sla_dag to 2024-03-25 22:34:00+00:00, run_after=2024-03-25 22:36:00+00:00
[2024-03-25T22:37:39.055+0000] {processor.py:183} INFO - Processing /home/airflow/.local/lib/python3.8/site-packages/airflow/example_dags/example_sla_dag.py took 0.038 seconds
[2024-03-25T22:38:09.701+0000] {processor.py:161} INFO - Started process (PID=3294) to work on /home/airflow/.local/lib/python3.8/site-packages/airflow/example_dags/example_sla_dag.py
[2024-03-25T22:38:09.702+0000] {processor.py:830} INFO - Processing file /home/airflow/.local/lib/python3.8/site-packages/airflow/example_dags/example_sla_dag.py for tasks to queue
[2024-03-25T22:38:09.703+0000] {logging_mixin.py:188} INFO - [2024-03-25T22:38:09.703+0000] {dagbag.py:540} INFO - Filling up the DagBag from /home/airflow/.local/lib/python3.8/site-packages/airflow/example_dags/example_sla_dag.py
[2024-03-25T22:38:09.708+0000] {processor.py:840} INFO - DAG(s) 'example_sla_dag' retrieved from /home/airflow/.local/lib/python3.8/site-packages/airflow/example_dags/example_sla_dag.py
[2024-03-25T22:38:09.719+0000] {logging_mixin.py:188} INFO - [2024-03-25T22:38:09.719+0000] {dag.py:3047} INFO - Sync 1 DAGs
[2024-03-25T22:38:09.730+0000] {logging_mixin.py:188} INFO - [2024-03-25T22:38:09.730+0000] {dag.py:3834} INFO - Setting next_dagrun for example_sla_dag to 2024-03-25 22:36:00+00:00, run_after=2024-03-25 22:38:00+00:00
[2024-03-25T22:38:09.737+0000] {processor.py:183} INFO - Processing /home/airflow/.local/lib/python3.8/site-packages/airflow/example_dags/example_sla_dag.py took 0.038 seconds
[2024-03-25T22:38:40.407+0000] {processor.py:161} INFO - Started process (PID=3349) to work on /home/airflow/.local/lib/python3.8/site-packages/airflow/example_dags/example_sla_dag.py
[2024-03-25T22:38:40.407+0000] {processor.py:830} INFO - Processing file /home/airflow/.local/lib/python3.8/site-packages/airflow/example_dags/example_sla_dag.py for tasks to queue
[2024-03-25T22:38:40.408+0000] {logging_mixin.py:188} INFO - [2024-03-25T22:38:40.408+0000] {dagbag.py:540} INFO - Filling up the DagBag from /home/airflow/.local/lib/python3.8/site-packages/airflow/example_dags/example_sla_dag.py
[2024-03-25T22:38:40.413+0000] {processor.py:840} INFO - DAG(s) 'example_sla_dag' retrieved from /home/airflow/.local/lib/python3.8/site-packages/airflow/example_dags/example_sla_dag.py
[2024-03-25T22:38:40.425+0000] {logging_mixin.py:188} INFO - [2024-03-25T22:38:40.425+0000] {dag.py:3047} INFO - Sync 1 DAGs
[2024-03-25T22:38:40.436+0000] {logging_mixin.py:188} INFO - [2024-03-25T22:38:40.436+0000] {dag.py:3834} INFO - Setting next_dagrun for example_sla_dag to 2024-03-25 22:36:00+00:00, run_after=2024-03-25 22:38:00+00:00
[2024-03-25T22:38:40.444+0000] {processor.py:183} INFO - Processing /home/airflow/.local/lib/python3.8/site-packages/airflow/example_dags/example_sla_dag.py took 0.039 seconds
[2024-03-25T22:39:11.095+0000] {processor.py:161} INFO - Started process (PID=3404) to work on /home/airflow/.local/lib/python3.8/site-packages/airflow/example_dags/example_sla_dag.py
[2024-03-25T22:39:11.095+0000] {processor.py:830} INFO - Processing file /home/airflow/.local/lib/python3.8/site-packages/airflow/example_dags/example_sla_dag.py for tasks to queue
[2024-03-25T22:39:11.096+0000] {logging_mixin.py:188} INFO - [2024-03-25T22:39:11.096+0000] {dagbag.py:540} INFO - Filling up the DagBag from /home/airflow/.local/lib/python3.8/site-packages/airflow/example_dags/example_sla_dag.py
[2024-03-25T22:39:11.101+0000] {processor.py:840} INFO - DAG(s) 'example_sla_dag' retrieved from /home/airflow/.local/lib/python3.8/site-packages/airflow/example_dags/example_sla_dag.py
[2024-03-25T22:39:11.112+0000] {logging_mixin.py:188} INFO - [2024-03-25T22:39:11.112+0000] {dag.py:3047} INFO - Sync 1 DAGs
[2024-03-25T22:39:11.123+0000] {logging_mixin.py:188} INFO - [2024-03-25T22:39:11.122+0000] {dag.py:3834} INFO - Setting next_dagrun for example_sla_dag to 2024-03-25 22:36:00+00:00, run_after=2024-03-25 22:38:00+00:00
[2024-03-25T22:39:11.130+0000] {processor.py:183} INFO - Processing /home/airflow/.local/lib/python3.8/site-packages/airflow/example_dags/example_sla_dag.py took 0.037 seconds
[2024-03-25T22:39:41.864+0000] {processor.py:161} INFO - Started process (PID=3458) to work on /home/airflow/.local/lib/python3.8/site-packages/airflow/example_dags/example_sla_dag.py
[2024-03-25T22:39:41.865+0000] {processor.py:830} INFO - Processing file /home/airflow/.local/lib/python3.8/site-packages/airflow/example_dags/example_sla_dag.py for tasks to queue
[2024-03-25T22:39:41.866+0000] {logging_mixin.py:188} INFO - [2024-03-25T22:39:41.865+0000] {dagbag.py:540} INFO - Filling up the DagBag from /home/airflow/.local/lib/python3.8/site-packages/airflow/example_dags/example_sla_dag.py
[2024-03-25T22:39:41.871+0000] {processor.py:840} INFO - DAG(s) 'example_sla_dag' retrieved from /home/airflow/.local/lib/python3.8/site-packages/airflow/example_dags/example_sla_dag.py
[2024-03-25T22:39:41.883+0000] {logging_mixin.py:188} INFO - [2024-03-25T22:39:41.883+0000] {dag.py:3047} INFO - Sync 1 DAGs
[2024-03-25T22:39:41.893+0000] {logging_mixin.py:188} INFO - [2024-03-25T22:39:41.893+0000] {dag.py:3834} INFO - Setting next_dagrun for example_sla_dag to 2024-03-25 22:36:00+00:00, run_after=2024-03-25 22:38:00+00:00
[2024-03-25T22:39:41.901+0000] {processor.py:183} INFO - Processing /home/airflow/.local/lib/python3.8/site-packages/airflow/example_dags/example_sla_dag.py took 0.038 seconds
[2024-03-25T22:40:12.613+0000] {processor.py:161} INFO - Started process (PID=3513) to work on /home/airflow/.local/lib/python3.8/site-packages/airflow/example_dags/example_sla_dag.py
[2024-03-25T22:40:12.614+0000] {processor.py:830} INFO - Processing file /home/airflow/.local/lib/python3.8/site-packages/airflow/example_dags/example_sla_dag.py for tasks to queue
[2024-03-25T22:40:12.615+0000] {logging_mixin.py:188} INFO - [2024-03-25T22:40:12.615+0000] {dagbag.py:540} INFO - Filling up the DagBag from /home/airflow/.local/lib/python3.8/site-packages/airflow/example_dags/example_sla_dag.py
[2024-03-25T22:40:12.620+0000] {processor.py:840} INFO - DAG(s) 'example_sla_dag' retrieved from /home/airflow/.local/lib/python3.8/site-packages/airflow/example_dags/example_sla_dag.py
[2024-03-25T22:40:12.630+0000] {logging_mixin.py:188} INFO - [2024-03-25T22:40:12.630+0000] {dag.py:3047} INFO - Sync 1 DAGs
[2024-03-25T22:40:12.641+0000] {logging_mixin.py:188} INFO - [2024-03-25T22:40:12.641+0000] {dag.py:3834} INFO - Setting next_dagrun for example_sla_dag to 2024-03-25 22:38:00+00:00, run_after=2024-03-25 22:40:00+00:00
[2024-03-25T22:40:12.648+0000] {processor.py:183} INFO - Processing /home/airflow/.local/lib/python3.8/site-packages/airflow/example_dags/example_sla_dag.py took 0.037 seconds
[2024-03-25T22:40:43.351+0000] {processor.py:161} INFO - Started process (PID=3568) to work on /home/airflow/.local/lib/python3.8/site-packages/airflow/example_dags/example_sla_dag.py
[2024-03-25T22:40:43.351+0000] {processor.py:830} INFO - Processing file /home/airflow/.local/lib/python3.8/site-packages/airflow/example_dags/example_sla_dag.py for tasks to queue
[2024-03-25T22:40:43.352+0000] {logging_mixin.py:188} INFO - [2024-03-25T22:40:43.352+0000] {dagbag.py:540} INFO - Filling up the DagBag from /home/airflow/.local/lib/python3.8/site-packages/airflow/example_dags/example_sla_dag.py
[2024-03-25T22:40:43.357+0000] {processor.py:840} INFO - DAG(s) 'example_sla_dag' retrieved from /home/airflow/.local/lib/python3.8/site-packages/airflow/example_dags/example_sla_dag.py
[2024-03-25T22:40:43.369+0000] {logging_mixin.py:188} INFO - [2024-03-25T22:40:43.369+0000] {dag.py:3047} INFO - Sync 1 DAGs
[2024-03-25T22:40:43.379+0000] {logging_mixin.py:188} INFO - [2024-03-25T22:40:43.379+0000] {dag.py:3834} INFO - Setting next_dagrun for example_sla_dag to 2024-03-25 22:38:00+00:00, run_after=2024-03-25 22:40:00+00:00
[2024-03-25T22:40:43.386+0000] {processor.py:183} INFO - Processing /home/airflow/.local/lib/python3.8/site-packages/airflow/example_dags/example_sla_dag.py took 0.038 seconds
[2024-03-25T22:41:14.169+0000] {processor.py:161} INFO - Started process (PID=3623) to work on /home/airflow/.local/lib/python3.8/site-packages/airflow/example_dags/example_sla_dag.py
[2024-03-25T22:41:14.170+0000] {processor.py:830} INFO - Processing file /home/airflow/.local/lib/python3.8/site-packages/airflow/example_dags/example_sla_dag.py for tasks to queue
[2024-03-25T22:41:14.171+0000] {logging_mixin.py:188} INFO - [2024-03-25T22:41:14.170+0000] {dagbag.py:540} INFO - Filling up the DagBag from /home/airflow/.local/lib/python3.8/site-packages/airflow/example_dags/example_sla_dag.py
[2024-03-25T22:41:14.176+0000] {processor.py:840} INFO - DAG(s) 'example_sla_dag' retrieved from /home/airflow/.local/lib/python3.8/site-packages/airflow/example_dags/example_sla_dag.py
[2024-03-25T22:41:14.188+0000] {logging_mixin.py:188} INFO - [2024-03-25T22:41:14.187+0000] {dag.py:3047} INFO - Sync 1 DAGs
[2024-03-25T22:41:14.198+0000] {logging_mixin.py:188} INFO - [2024-03-25T22:41:14.198+0000] {dag.py:3834} INFO - Setting next_dagrun for example_sla_dag to 2024-03-25 22:38:00+00:00, run_after=2024-03-25 22:40:00+00:00
[2024-03-25T22:41:14.206+0000] {processor.py:183} INFO - Processing /home/airflow/.local/lib/python3.8/site-packages/airflow/example_dags/example_sla_dag.py took 0.038 seconds
[2024-03-25T22:41:44.937+0000] {processor.py:161} INFO - Started process (PID=3678) to work on /home/airflow/.local/lib/python3.8/site-packages/airflow/example_dags/example_sla_dag.py
[2024-03-25T22:41:44.938+0000] {processor.py:830} INFO - Processing file /home/airflow/.local/lib/python3.8/site-packages/airflow/example_dags/example_sla_dag.py for tasks to queue
[2024-03-25T22:41:44.939+0000] {logging_mixin.py:188} INFO - [2024-03-25T22:41:44.938+0000] {dagbag.py:540} INFO - Filling up the DagBag from /home/airflow/.local/lib/python3.8/site-packages/airflow/example_dags/example_sla_dag.py
[2024-03-25T22:41:44.944+0000] {processor.py:840} INFO - DAG(s) 'example_sla_dag' retrieved from /home/airflow/.local/lib/python3.8/site-packages/airflow/example_dags/example_sla_dag.py
[2024-03-25T22:41:44.955+0000] {logging_mixin.py:188} INFO - [2024-03-25T22:41:44.955+0000] {dag.py:3047} INFO - Sync 1 DAGs
[2024-03-25T22:41:44.966+0000] {logging_mixin.py:188} INFO - [2024-03-25T22:41:44.966+0000] {dag.py:3834} INFO - Setting next_dagrun for example_sla_dag to 2024-03-25 22:38:00+00:00, run_after=2024-03-25 22:40:00+00:00
[2024-03-25T22:41:44.974+0000] {processor.py:183} INFO - Processing /home/airflow/.local/lib/python3.8/site-packages/airflow/example_dags/example_sla_dag.py took 0.039 seconds
[2024-03-25T22:42:15.717+0000] {processor.py:161} INFO - Started process (PID=3733) to work on /home/airflow/.local/lib/python3.8/site-packages/airflow/example_dags/example_sla_dag.py
[2024-03-25T22:42:15.718+0000] {processor.py:830} INFO - Processing file /home/airflow/.local/lib/python3.8/site-packages/airflow/example_dags/example_sla_dag.py for tasks to queue
[2024-03-25T22:42:15.719+0000] {logging_mixin.py:188} INFO - [2024-03-25T22:42:15.718+0000] {dagbag.py:540} INFO - Filling up the DagBag from /home/airflow/.local/lib/python3.8/site-packages/airflow/example_dags/example_sla_dag.py
[2024-03-25T22:42:15.724+0000] {processor.py:840} INFO - DAG(s) 'example_sla_dag' retrieved from /home/airflow/.local/lib/python3.8/site-packages/airflow/example_dags/example_sla_dag.py
[2024-03-25T22:42:15.735+0000] {logging_mixin.py:188} INFO - [2024-03-25T22:42:15.735+0000] {dag.py:3047} INFO - Sync 1 DAGs
[2024-03-25T22:42:15.746+0000] {logging_mixin.py:188} INFO - [2024-03-25T22:42:15.746+0000] {dag.py:3834} INFO - Setting next_dagrun for example_sla_dag to 2024-03-25 22:40:00+00:00, run_after=2024-03-25 22:42:00+00:00
[2024-03-25T22:42:15.754+0000] {processor.py:183} INFO - Processing /home/airflow/.local/lib/python3.8/site-packages/airflow/example_dags/example_sla_dag.py took 0.038 seconds
[2024-03-25T22:42:46.628+0000] {processor.py:161} INFO - Started process (PID=3788) to work on /home/airflow/.local/lib/python3.8/site-packages/airflow/example_dags/example_sla_dag.py
[2024-03-25T22:42:46.629+0000] {processor.py:830} INFO - Processing file /home/airflow/.local/lib/python3.8/site-packages/airflow/example_dags/example_sla_dag.py for tasks to queue
[2024-03-25T22:42:46.630+0000] {logging_mixin.py:188} INFO - [2024-03-25T22:42:46.630+0000] {dagbag.py:540} INFO - Filling up the DagBag from /home/airflow/.local/lib/python3.8/site-packages/airflow/example_dags/example_sla_dag.py
[2024-03-25T22:42:46.635+0000] {processor.py:840} INFO - DAG(s) 'example_sla_dag' retrieved from /home/airflow/.local/lib/python3.8/site-packages/airflow/example_dags/example_sla_dag.py
[2024-03-25T22:42:46.647+0000] {logging_mixin.py:188} INFO - [2024-03-25T22:42:46.646+0000] {dag.py:3047} INFO - Sync 1 DAGs
[2024-03-25T22:42:46.657+0000] {logging_mixin.py:188} INFO - [2024-03-25T22:42:46.657+0000] {dag.py:3834} INFO - Setting next_dagrun for example_sla_dag to 2024-03-25 22:40:00+00:00, run_after=2024-03-25 22:42:00+00:00
[2024-03-25T22:42:46.664+0000] {processor.py:183} INFO - Processing /home/airflow/.local/lib/python3.8/site-packages/airflow/example_dags/example_sla_dag.py took 0.038 seconds
[2024-03-25T22:43:17.422+0000] {processor.py:161} INFO - Started process (PID=3843) to work on /home/airflow/.local/lib/python3.8/site-packages/airflow/example_dags/example_sla_dag.py
[2024-03-25T22:43:17.423+0000] {processor.py:830} INFO - Processing file /home/airflow/.local/lib/python3.8/site-packages/airflow/example_dags/example_sla_dag.py for tasks to queue
[2024-03-25T22:43:17.424+0000] {logging_mixin.py:188} INFO - [2024-03-25T22:43:17.424+0000] {dagbag.py:540} INFO - Filling up the DagBag from /home/airflow/.local/lib/python3.8/site-packages/airflow/example_dags/example_sla_dag.py
[2024-03-25T22:43:17.429+0000] {processor.py:840} INFO - DAG(s) 'example_sla_dag' retrieved from /home/airflow/.local/lib/python3.8/site-packages/airflow/example_dags/example_sla_dag.py
[2024-03-25T22:43:17.441+0000] {logging_mixin.py:188} INFO - [2024-03-25T22:43:17.440+0000] {dag.py:3047} INFO - Sync 1 DAGs
[2024-03-25T22:43:17.452+0000] {logging_mixin.py:188} INFO - [2024-03-25T22:43:17.452+0000] {dag.py:3834} INFO - Setting next_dagrun for example_sla_dag to 2024-03-25 22:40:00+00:00, run_after=2024-03-25 22:42:00+00:00
[2024-03-25T22:43:17.460+0000] {processor.py:183} INFO - Processing /home/airflow/.local/lib/python3.8/site-packages/airflow/example_dags/example_sla_dag.py took 0.039 seconds
[2024-03-25T23:07:52.815+0000] {processor.py:161} INFO - Started process (PID=3892) to work on /home/airflow/.local/lib/python3.8/site-packages/airflow/example_dags/example_sla_dag.py
[2024-03-25T23:07:52.816+0000] {processor.py:830} INFO - Processing file /home/airflow/.local/lib/python3.8/site-packages/airflow/example_dags/example_sla_dag.py for tasks to queue
[2024-03-25T23:07:52.817+0000] {logging_mixin.py:188} INFO - [2024-03-25T23:07:52.816+0000] {dagbag.py:540} INFO - Filling up the DagBag from /home/airflow/.local/lib/python3.8/site-packages/airflow/example_dags/example_sla_dag.py
[2024-03-25T23:07:52.821+0000] {processor.py:840} INFO - DAG(s) 'example_sla_dag' retrieved from /home/airflow/.local/lib/python3.8/site-packages/airflow/example_dags/example_sla_dag.py
[2024-03-25T23:07:52.833+0000] {logging_mixin.py:188} INFO - [2024-03-25T23:07:52.833+0000] {dag.py:3047} INFO - Sync 1 DAGs
[2024-03-25T23:07:52.844+0000] {logging_mixin.py:188} INFO - [2024-03-25T23:07:52.844+0000] {dag.py:3834} INFO - Setting next_dagrun for example_sla_dag to 2024-03-25 23:04:00+00:00, run_after=2024-03-25 23:06:00+00:00
[2024-03-25T23:07:52.851+0000] {processor.py:183} INFO - Processing /home/airflow/.local/lib/python3.8/site-packages/airflow/example_dags/example_sla_dag.py took 0.038 seconds
