[2024-03-25T22:08:05.125+0000] {processor.py:161} INFO - Started process (PID=33) to work on /home/airflow/.local/lib/python3.8/site-packages/airflow/example_dags/example_latest_only_with_trigger.py
[2024-03-25T22:08:05.126+0000] {processor.py:830} INFO - Processing file /home/airflow/.local/lib/python3.8/site-packages/airflow/example_dags/example_latest_only_with_trigger.py for tasks to queue
[2024-03-25T22:08:05.128+0000] {logging_mixin.py:188} INFO - [2024-03-25T22:08:05.127+0000] {dagbag.py:540} INFO - Filling up the DagBag from /home/airflow/.local/lib/python3.8/site-packages/airflow/example_dags/example_latest_only_with_trigger.py
[2024-03-25T22:08:05.133+0000] {processor.py:840} INFO - DAG(s) 'latest_only_with_trigger' retrieved from /home/airflow/.local/lib/python3.8/site-packages/airflow/example_dags/example_latest_only_with_trigger.py
[2024-03-25T22:08:05.155+0000] {logging_mixin.py:188} INFO - [2024-03-25T22:08:05.155+0000] {dag.py:3047} INFO - Sync 1 DAGs
[2024-03-25T22:08:05.172+0000] {logging_mixin.py:188} INFO - [2024-03-25T22:08:05.172+0000] {dag.py:3834} INFO - Setting next_dagrun for latest_only_with_trigger to 2024-03-25 16:00:00+00:00, run_after=2024-03-25 20:00:00+00:00
[2024-03-25T22:08:05.190+0000] {processor.py:183} INFO - Processing /home/airflow/.local/lib/python3.8/site-packages/airflow/example_dags/example_latest_only_with_trigger.py took 0.068 seconds
[2024-03-25T22:08:35.544+0000] {processor.py:161} INFO - Started process (PID=88) to work on /home/airflow/.local/lib/python3.8/site-packages/airflow/example_dags/example_latest_only_with_trigger.py
[2024-03-25T22:08:35.545+0000] {processor.py:830} INFO - Processing file /home/airflow/.local/lib/python3.8/site-packages/airflow/example_dags/example_latest_only_with_trigger.py for tasks to queue
[2024-03-25T22:08:35.545+0000] {logging_mixin.py:188} INFO - [2024-03-25T22:08:35.545+0000] {dagbag.py:540} INFO - Filling up the DagBag from /home/airflow/.local/lib/python3.8/site-packages/airflow/example_dags/example_latest_only_with_trigger.py
[2024-03-25T22:08:35.549+0000] {processor.py:840} INFO - DAG(s) 'latest_only_with_trigger' retrieved from /home/airflow/.local/lib/python3.8/site-packages/airflow/example_dags/example_latest_only_with_trigger.py
[2024-03-25T22:08:35.561+0000] {logging_mixin.py:188} INFO - [2024-03-25T22:08:35.561+0000] {dag.py:3047} INFO - Sync 1 DAGs
[2024-03-25T22:08:35.571+0000] {logging_mixin.py:188} INFO - [2024-03-25T22:08:35.571+0000] {dag.py:3834} INFO - Setting next_dagrun for latest_only_with_trigger to 2024-03-25 16:00:00+00:00, run_after=2024-03-25 20:00:00+00:00
[2024-03-25T22:08:35.578+0000] {processor.py:183} INFO - Processing /home/airflow/.local/lib/python3.8/site-packages/airflow/example_dags/example_latest_only_with_trigger.py took 0.036 seconds
[2024-03-25T22:09:06.081+0000] {processor.py:161} INFO - Started process (PID=143) to work on /home/airflow/.local/lib/python3.8/site-packages/airflow/example_dags/example_latest_only_with_trigger.py
[2024-03-25T22:09:06.081+0000] {processor.py:830} INFO - Processing file /home/airflow/.local/lib/python3.8/site-packages/airflow/example_dags/example_latest_only_with_trigger.py for tasks to queue
[2024-03-25T22:09:06.083+0000] {logging_mixin.py:188} INFO - [2024-03-25T22:09:06.082+0000] {dagbag.py:540} INFO - Filling up the DagBag from /home/airflow/.local/lib/python3.8/site-packages/airflow/example_dags/example_latest_only_with_trigger.py
[2024-03-25T22:09:06.086+0000] {processor.py:840} INFO - DAG(s) 'latest_only_with_trigger' retrieved from /home/airflow/.local/lib/python3.8/site-packages/airflow/example_dags/example_latest_only_with_trigger.py
[2024-03-25T22:09:06.098+0000] {logging_mixin.py:188} INFO - [2024-03-25T22:09:06.098+0000] {dag.py:3047} INFO - Sync 1 DAGs
[2024-03-25T22:09:06.107+0000] {logging_mixin.py:188} INFO - [2024-03-25T22:09:06.107+0000] {dag.py:3834} INFO - Setting next_dagrun for latest_only_with_trigger to 2024-03-25 16:00:00+00:00, run_after=2024-03-25 20:00:00+00:00
[2024-03-25T22:09:06.115+0000] {processor.py:183} INFO - Processing /home/airflow/.local/lib/python3.8/site-packages/airflow/example_dags/example_latest_only_with_trigger.py took 0.036 seconds
[2024-03-25T22:09:36.613+0000] {processor.py:161} INFO - Started process (PID=198) to work on /home/airflow/.local/lib/python3.8/site-packages/airflow/example_dags/example_latest_only_with_trigger.py
[2024-03-25T22:09:36.613+0000] {processor.py:830} INFO - Processing file /home/airflow/.local/lib/python3.8/site-packages/airflow/example_dags/example_latest_only_with_trigger.py for tasks to queue
[2024-03-25T22:09:36.614+0000] {logging_mixin.py:188} INFO - [2024-03-25T22:09:36.614+0000] {dagbag.py:540} INFO - Filling up the DagBag from /home/airflow/.local/lib/python3.8/site-packages/airflow/example_dags/example_latest_only_with_trigger.py
[2024-03-25T22:09:36.618+0000] {processor.py:840} INFO - DAG(s) 'latest_only_with_trigger' retrieved from /home/airflow/.local/lib/python3.8/site-packages/airflow/example_dags/example_latest_only_with_trigger.py
[2024-03-25T22:09:36.631+0000] {logging_mixin.py:188} INFO - [2024-03-25T22:09:36.631+0000] {dag.py:3047} INFO - Sync 1 DAGs
[2024-03-25T22:09:36.641+0000] {logging_mixin.py:188} INFO - [2024-03-25T22:09:36.641+0000] {dag.py:3834} INFO - Setting next_dagrun for latest_only_with_trigger to 2024-03-25 16:00:00+00:00, run_after=2024-03-25 20:00:00+00:00
[2024-03-25T22:09:36.648+0000] {processor.py:183} INFO - Processing /home/airflow/.local/lib/python3.8/site-packages/airflow/example_dags/example_latest_only_with_trigger.py took 0.037 seconds
[2024-03-25T22:10:07.178+0000] {processor.py:161} INFO - Started process (PID=254) to work on /home/airflow/.local/lib/python3.8/site-packages/airflow/example_dags/example_latest_only_with_trigger.py
[2024-03-25T22:10:07.179+0000] {processor.py:830} INFO - Processing file /home/airflow/.local/lib/python3.8/site-packages/airflow/example_dags/example_latest_only_with_trigger.py for tasks to queue
[2024-03-25T22:10:07.180+0000] {logging_mixin.py:188} INFO - [2024-03-25T22:10:07.180+0000] {dagbag.py:540} INFO - Filling up the DagBag from /home/airflow/.local/lib/python3.8/site-packages/airflow/example_dags/example_latest_only_with_trigger.py
[2024-03-25T22:10:07.183+0000] {processor.py:840} INFO - DAG(s) 'latest_only_with_trigger' retrieved from /home/airflow/.local/lib/python3.8/site-packages/airflow/example_dags/example_latest_only_with_trigger.py
[2024-03-25T22:10:07.195+0000] {logging_mixin.py:188} INFO - [2024-03-25T22:10:07.195+0000] {dag.py:3047} INFO - Sync 1 DAGs
[2024-03-25T22:10:07.205+0000] {logging_mixin.py:188} INFO - [2024-03-25T22:10:07.205+0000] {dag.py:3834} INFO - Setting next_dagrun for latest_only_with_trigger to 2024-03-25 16:00:00+00:00, run_after=2024-03-25 20:00:00+00:00
[2024-03-25T22:10:07.213+0000] {processor.py:183} INFO - Processing /home/airflow/.local/lib/python3.8/site-packages/airflow/example_dags/example_latest_only_with_trigger.py took 0.037 seconds
[2024-03-25T22:10:37.775+0000] {processor.py:161} INFO - Started process (PID=309) to work on /home/airflow/.local/lib/python3.8/site-packages/airflow/example_dags/example_latest_only_with_trigger.py
[2024-03-25T22:10:37.775+0000] {processor.py:830} INFO - Processing file /home/airflow/.local/lib/python3.8/site-packages/airflow/example_dags/example_latest_only_with_trigger.py for tasks to queue
[2024-03-25T22:10:37.776+0000] {logging_mixin.py:188} INFO - [2024-03-25T22:10:37.776+0000] {dagbag.py:540} INFO - Filling up the DagBag from /home/airflow/.local/lib/python3.8/site-packages/airflow/example_dags/example_latest_only_with_trigger.py
[2024-03-25T22:10:37.780+0000] {processor.py:840} INFO - DAG(s) 'latest_only_with_trigger' retrieved from /home/airflow/.local/lib/python3.8/site-packages/airflow/example_dags/example_latest_only_with_trigger.py
[2024-03-25T22:10:37.792+0000] {logging_mixin.py:188} INFO - [2024-03-25T22:10:37.792+0000] {dag.py:3047} INFO - Sync 1 DAGs
[2024-03-25T22:10:37.802+0000] {logging_mixin.py:188} INFO - [2024-03-25T22:10:37.801+0000] {dag.py:3834} INFO - Setting next_dagrun for latest_only_with_trigger to 2024-03-25 16:00:00+00:00, run_after=2024-03-25 20:00:00+00:00
[2024-03-25T22:10:37.809+0000] {processor.py:183} INFO - Processing /home/airflow/.local/lib/python3.8/site-packages/airflow/example_dags/example_latest_only_with_trigger.py took 0.036 seconds
[2024-03-25T22:11:08.359+0000] {processor.py:161} INFO - Started process (PID=364) to work on /home/airflow/.local/lib/python3.8/site-packages/airflow/example_dags/example_latest_only_with_trigger.py
[2024-03-25T22:11:08.360+0000] {processor.py:830} INFO - Processing file /home/airflow/.local/lib/python3.8/site-packages/airflow/example_dags/example_latest_only_with_trigger.py for tasks to queue
[2024-03-25T22:11:08.361+0000] {logging_mixin.py:188} INFO - [2024-03-25T22:11:08.361+0000] {dagbag.py:540} INFO - Filling up the DagBag from /home/airflow/.local/lib/python3.8/site-packages/airflow/example_dags/example_latest_only_with_trigger.py
[2024-03-25T22:11:08.364+0000] {processor.py:840} INFO - DAG(s) 'latest_only_with_trigger' retrieved from /home/airflow/.local/lib/python3.8/site-packages/airflow/example_dags/example_latest_only_with_trigger.py
[2024-03-25T22:11:08.375+0000] {logging_mixin.py:188} INFO - [2024-03-25T22:11:08.375+0000] {dag.py:3047} INFO - Sync 1 DAGs
[2024-03-25T22:11:08.384+0000] {logging_mixin.py:188} INFO - [2024-03-25T22:11:08.384+0000] {dag.py:3834} INFO - Setting next_dagrun for latest_only_with_trigger to 2024-03-25 16:00:00+00:00, run_after=2024-03-25 20:00:00+00:00
[2024-03-25T22:11:08.392+0000] {processor.py:183} INFO - Processing /home/airflow/.local/lib/python3.8/site-packages/airflow/example_dags/example_latest_only_with_trigger.py took 0.035 seconds
[2024-03-25T22:11:38.853+0000] {processor.py:161} INFO - Started process (PID=418) to work on /home/airflow/.local/lib/python3.8/site-packages/airflow/example_dags/example_latest_only_with_trigger.py
[2024-03-25T22:11:38.853+0000] {processor.py:830} INFO - Processing file /home/airflow/.local/lib/python3.8/site-packages/airflow/example_dags/example_latest_only_with_trigger.py for tasks to queue
[2024-03-25T22:11:38.854+0000] {logging_mixin.py:188} INFO - [2024-03-25T22:11:38.854+0000] {dagbag.py:540} INFO - Filling up the DagBag from /home/airflow/.local/lib/python3.8/site-packages/airflow/example_dags/example_latest_only_with_trigger.py
[2024-03-25T22:11:38.858+0000] {processor.py:840} INFO - DAG(s) 'latest_only_with_trigger' retrieved from /home/airflow/.local/lib/python3.8/site-packages/airflow/example_dags/example_latest_only_with_trigger.py
[2024-03-25T22:11:38.870+0000] {logging_mixin.py:188} INFO - [2024-03-25T22:11:38.870+0000] {dag.py:3047} INFO - Sync 1 DAGs
[2024-03-25T22:11:38.879+0000] {logging_mixin.py:188} INFO - [2024-03-25T22:11:38.879+0000] {dag.py:3834} INFO - Setting next_dagrun for latest_only_with_trigger to 2024-03-25 16:00:00+00:00, run_after=2024-03-25 20:00:00+00:00
[2024-03-25T22:11:38.887+0000] {processor.py:183} INFO - Processing /home/airflow/.local/lib/python3.8/site-packages/airflow/example_dags/example_latest_only_with_trigger.py took 0.036 seconds
[2024-03-25T22:12:09.440+0000] {processor.py:161} INFO - Started process (PID=473) to work on /home/airflow/.local/lib/python3.8/site-packages/airflow/example_dags/example_latest_only_with_trigger.py
[2024-03-25T22:12:09.441+0000] {processor.py:830} INFO - Processing file /home/airflow/.local/lib/python3.8/site-packages/airflow/example_dags/example_latest_only_with_trigger.py for tasks to queue
[2024-03-25T22:12:09.442+0000] {logging_mixin.py:188} INFO - [2024-03-25T22:12:09.442+0000] {dagbag.py:540} INFO - Filling up the DagBag from /home/airflow/.local/lib/python3.8/site-packages/airflow/example_dags/example_latest_only_with_trigger.py
[2024-03-25T22:12:09.446+0000] {processor.py:840} INFO - DAG(s) 'latest_only_with_trigger' retrieved from /home/airflow/.local/lib/python3.8/site-packages/airflow/example_dags/example_latest_only_with_trigger.py
[2024-03-25T22:12:09.459+0000] {logging_mixin.py:188} INFO - [2024-03-25T22:12:09.459+0000] {dag.py:3047} INFO - Sync 1 DAGs
[2024-03-25T22:12:09.469+0000] {logging_mixin.py:188} INFO - [2024-03-25T22:12:09.469+0000] {dag.py:3834} INFO - Setting next_dagrun for latest_only_with_trigger to 2024-03-25 16:00:00+00:00, run_after=2024-03-25 20:00:00+00:00
[2024-03-25T22:12:09.478+0000] {processor.py:183} INFO - Processing /home/airflow/.local/lib/python3.8/site-packages/airflow/example_dags/example_latest_only_with_trigger.py took 0.040 seconds
[2024-03-25T22:12:40.147+0000] {processor.py:161} INFO - Started process (PID=528) to work on /home/airflow/.local/lib/python3.8/site-packages/airflow/example_dags/example_latest_only_with_trigger.py
[2024-03-25T22:12:40.147+0000] {processor.py:830} INFO - Processing file /home/airflow/.local/lib/python3.8/site-packages/airflow/example_dags/example_latest_only_with_trigger.py for tasks to queue
[2024-03-25T22:12:40.148+0000] {logging_mixin.py:188} INFO - [2024-03-25T22:12:40.148+0000] {dagbag.py:540} INFO - Filling up the DagBag from /home/airflow/.local/lib/python3.8/site-packages/airflow/example_dags/example_latest_only_with_trigger.py
[2024-03-25T22:12:40.151+0000] {processor.py:840} INFO - DAG(s) 'latest_only_with_trigger' retrieved from /home/airflow/.local/lib/python3.8/site-packages/airflow/example_dags/example_latest_only_with_trigger.py
[2024-03-25T22:12:40.164+0000] {logging_mixin.py:188} INFO - [2024-03-25T22:12:40.164+0000] {dag.py:3047} INFO - Sync 1 DAGs
[2024-03-25T22:12:40.173+0000] {logging_mixin.py:188} INFO - [2024-03-25T22:12:40.173+0000] {dag.py:3834} INFO - Setting next_dagrun for latest_only_with_trigger to 2024-03-25 16:00:00+00:00, run_after=2024-03-25 20:00:00+00:00
[2024-03-25T22:12:40.182+0000] {processor.py:183} INFO - Processing /home/airflow/.local/lib/python3.8/site-packages/airflow/example_dags/example_latest_only_with_trigger.py took 0.037 seconds
[2024-03-25T22:13:10.728+0000] {processor.py:161} INFO - Started process (PID=583) to work on /home/airflow/.local/lib/python3.8/site-packages/airflow/example_dags/example_latest_only_with_trigger.py
[2024-03-25T22:13:10.729+0000] {processor.py:830} INFO - Processing file /home/airflow/.local/lib/python3.8/site-packages/airflow/example_dags/example_latest_only_with_trigger.py for tasks to queue
[2024-03-25T22:13:10.730+0000] {logging_mixin.py:188} INFO - [2024-03-25T22:13:10.730+0000] {dagbag.py:540} INFO - Filling up the DagBag from /home/airflow/.local/lib/python3.8/site-packages/airflow/example_dags/example_latest_only_with_trigger.py
[2024-03-25T22:13:10.734+0000] {processor.py:840} INFO - DAG(s) 'latest_only_with_trigger' retrieved from /home/airflow/.local/lib/python3.8/site-packages/airflow/example_dags/example_latest_only_with_trigger.py
[2024-03-25T22:13:10.746+0000] {logging_mixin.py:188} INFO - [2024-03-25T22:13:10.746+0000] {dag.py:3047} INFO - Sync 1 DAGs
[2024-03-25T22:13:10.756+0000] {logging_mixin.py:188} INFO - [2024-03-25T22:13:10.756+0000] {dag.py:3834} INFO - Setting next_dagrun for latest_only_with_trigger to 2024-03-25 16:00:00+00:00, run_after=2024-03-25 20:00:00+00:00
[2024-03-25T22:13:10.764+0000] {processor.py:183} INFO - Processing /home/airflow/.local/lib/python3.8/site-packages/airflow/example_dags/example_latest_only_with_trigger.py took 0.038 seconds
[2024-03-25T22:13:41.375+0000] {processor.py:161} INFO - Started process (PID=638) to work on /home/airflow/.local/lib/python3.8/site-packages/airflow/example_dags/example_latest_only_with_trigger.py
[2024-03-25T22:13:41.375+0000] {processor.py:830} INFO - Processing file /home/airflow/.local/lib/python3.8/site-packages/airflow/example_dags/example_latest_only_with_trigger.py for tasks to queue
[2024-03-25T22:13:41.377+0000] {logging_mixin.py:188} INFO - [2024-03-25T22:13:41.376+0000] {dagbag.py:540} INFO - Filling up the DagBag from /home/airflow/.local/lib/python3.8/site-packages/airflow/example_dags/example_latest_only_with_trigger.py
[2024-03-25T22:13:41.380+0000] {processor.py:840} INFO - DAG(s) 'latest_only_with_trigger' retrieved from /home/airflow/.local/lib/python3.8/site-packages/airflow/example_dags/example_latest_only_with_trigger.py
[2024-03-25T22:13:41.393+0000] {logging_mixin.py:188} INFO - [2024-03-25T22:13:41.393+0000] {dag.py:3047} INFO - Sync 1 DAGs
[2024-03-25T22:13:41.404+0000] {logging_mixin.py:188} INFO - [2024-03-25T22:13:41.404+0000] {dag.py:3834} INFO - Setting next_dagrun for latest_only_with_trigger to 2024-03-25 16:00:00+00:00, run_after=2024-03-25 20:00:00+00:00
[2024-03-25T22:13:41.412+0000] {processor.py:183} INFO - Processing /home/airflow/.local/lib/python3.8/site-packages/airflow/example_dags/example_latest_only_with_trigger.py took 0.040 seconds
[2024-03-25T22:14:11.970+0000] {processor.py:161} INFO - Started process (PID=694) to work on /home/airflow/.local/lib/python3.8/site-packages/airflow/example_dags/example_latest_only_with_trigger.py
[2024-03-25T22:14:11.970+0000] {processor.py:830} INFO - Processing file /home/airflow/.local/lib/python3.8/site-packages/airflow/example_dags/example_latest_only_with_trigger.py for tasks to queue
[2024-03-25T22:14:11.971+0000] {logging_mixin.py:188} INFO - [2024-03-25T22:14:11.971+0000] {dagbag.py:540} INFO - Filling up the DagBag from /home/airflow/.local/lib/python3.8/site-packages/airflow/example_dags/example_latest_only_with_trigger.py
[2024-03-25T22:14:11.974+0000] {processor.py:840} INFO - DAG(s) 'latest_only_with_trigger' retrieved from /home/airflow/.local/lib/python3.8/site-packages/airflow/example_dags/example_latest_only_with_trigger.py
[2024-03-25T22:14:11.986+0000] {logging_mixin.py:188} INFO - [2024-03-25T22:14:11.986+0000] {dag.py:3047} INFO - Sync 1 DAGs
[2024-03-25T22:14:11.995+0000] {logging_mixin.py:188} INFO - [2024-03-25T22:14:11.995+0000] {dag.py:3834} INFO - Setting next_dagrun for latest_only_with_trigger to 2024-03-25 16:00:00+00:00, run_after=2024-03-25 20:00:00+00:00
[2024-03-25T22:14:12.003+0000] {processor.py:183} INFO - Processing /home/airflow/.local/lib/python3.8/site-packages/airflow/example_dags/example_latest_only_with_trigger.py took 0.034 seconds
[2024-03-25T22:14:42.529+0000] {processor.py:161} INFO - Started process (PID=749) to work on /home/airflow/.local/lib/python3.8/site-packages/airflow/example_dags/example_latest_only_with_trigger.py
[2024-03-25T22:14:42.530+0000] {processor.py:830} INFO - Processing file /home/airflow/.local/lib/python3.8/site-packages/airflow/example_dags/example_latest_only_with_trigger.py for tasks to queue
[2024-03-25T22:14:42.531+0000] {logging_mixin.py:188} INFO - [2024-03-25T22:14:42.531+0000] {dagbag.py:540} INFO - Filling up the DagBag from /home/airflow/.local/lib/python3.8/site-packages/airflow/example_dags/example_latest_only_with_trigger.py
[2024-03-25T22:14:42.535+0000] {processor.py:840} INFO - DAG(s) 'latest_only_with_trigger' retrieved from /home/airflow/.local/lib/python3.8/site-packages/airflow/example_dags/example_latest_only_with_trigger.py
[2024-03-25T22:14:42.548+0000] {logging_mixin.py:188} INFO - [2024-03-25T22:14:42.548+0000] {dag.py:3047} INFO - Sync 1 DAGs
[2024-03-25T22:14:42.557+0000] {logging_mixin.py:188} INFO - [2024-03-25T22:14:42.557+0000] {dag.py:3834} INFO - Setting next_dagrun for latest_only_with_trigger to 2024-03-25 16:00:00+00:00, run_after=2024-03-25 20:00:00+00:00
[2024-03-25T22:14:42.565+0000] {processor.py:183} INFO - Processing /home/airflow/.local/lib/python3.8/site-packages/airflow/example_dags/example_latest_only_with_trigger.py took 0.038 seconds
[2024-03-25T22:15:13.084+0000] {processor.py:161} INFO - Started process (PID=804) to work on /home/airflow/.local/lib/python3.8/site-packages/airflow/example_dags/example_latest_only_with_trigger.py
[2024-03-25T22:15:13.085+0000] {processor.py:830} INFO - Processing file /home/airflow/.local/lib/python3.8/site-packages/airflow/example_dags/example_latest_only_with_trigger.py for tasks to queue
[2024-03-25T22:15:13.086+0000] {logging_mixin.py:188} INFO - [2024-03-25T22:15:13.086+0000] {dagbag.py:540} INFO - Filling up the DagBag from /home/airflow/.local/lib/python3.8/site-packages/airflow/example_dags/example_latest_only_with_trigger.py
[2024-03-25T22:15:13.090+0000] {processor.py:840} INFO - DAG(s) 'latest_only_with_trigger' retrieved from /home/airflow/.local/lib/python3.8/site-packages/airflow/example_dags/example_latest_only_with_trigger.py
[2024-03-25T22:15:13.102+0000] {logging_mixin.py:188} INFO - [2024-03-25T22:15:13.102+0000] {dag.py:3047} INFO - Sync 1 DAGs
[2024-03-25T22:15:13.113+0000] {logging_mixin.py:188} INFO - [2024-03-25T22:15:13.113+0000] {dag.py:3834} INFO - Setting next_dagrun for latest_only_with_trigger to 2024-03-25 16:00:00+00:00, run_after=2024-03-25 20:00:00+00:00
[2024-03-25T22:15:13.121+0000] {processor.py:183} INFO - Processing /home/airflow/.local/lib/python3.8/site-packages/airflow/example_dags/example_latest_only_with_trigger.py took 0.038 seconds
[2024-03-25T22:15:43.692+0000] {processor.py:161} INFO - Started process (PID=859) to work on /home/airflow/.local/lib/python3.8/site-packages/airflow/example_dags/example_latest_only_with_trigger.py
[2024-03-25T22:15:43.693+0000] {processor.py:830} INFO - Processing file /home/airflow/.local/lib/python3.8/site-packages/airflow/example_dags/example_latest_only_with_trigger.py for tasks to queue
[2024-03-25T22:15:43.694+0000] {logging_mixin.py:188} INFO - [2024-03-25T22:15:43.694+0000] {dagbag.py:540} INFO - Filling up the DagBag from /home/airflow/.local/lib/python3.8/site-packages/airflow/example_dags/example_latest_only_with_trigger.py
[2024-03-25T22:15:43.697+0000] {processor.py:840} INFO - DAG(s) 'latest_only_with_trigger' retrieved from /home/airflow/.local/lib/python3.8/site-packages/airflow/example_dags/example_latest_only_with_trigger.py
[2024-03-25T22:15:43.709+0000] {logging_mixin.py:188} INFO - [2024-03-25T22:15:43.709+0000] {dag.py:3047} INFO - Sync 1 DAGs
[2024-03-25T22:15:43.719+0000] {logging_mixin.py:188} INFO - [2024-03-25T22:15:43.719+0000] {dag.py:3834} INFO - Setting next_dagrun for latest_only_with_trigger to 2024-03-25 16:00:00+00:00, run_after=2024-03-25 20:00:00+00:00
[2024-03-25T22:15:43.728+0000] {processor.py:183} INFO - Processing /home/airflow/.local/lib/python3.8/site-packages/airflow/example_dags/example_latest_only_with_trigger.py took 0.037 seconds
[2024-03-25T22:16:14.268+0000] {processor.py:161} INFO - Started process (PID=913) to work on /home/airflow/.local/lib/python3.8/site-packages/airflow/example_dags/example_latest_only_with_trigger.py
[2024-03-25T22:16:14.268+0000] {processor.py:830} INFO - Processing file /home/airflow/.local/lib/python3.8/site-packages/airflow/example_dags/example_latest_only_with_trigger.py for tasks to queue
[2024-03-25T22:16:14.270+0000] {logging_mixin.py:188} INFO - [2024-03-25T22:16:14.269+0000] {dagbag.py:540} INFO - Filling up the DagBag from /home/airflow/.local/lib/python3.8/site-packages/airflow/example_dags/example_latest_only_with_trigger.py
[2024-03-25T22:16:14.274+0000] {processor.py:840} INFO - DAG(s) 'latest_only_with_trigger' retrieved from /home/airflow/.local/lib/python3.8/site-packages/airflow/example_dags/example_latest_only_with_trigger.py
[2024-03-25T22:16:14.289+0000] {logging_mixin.py:188} INFO - [2024-03-25T22:16:14.289+0000] {dag.py:3047} INFO - Sync 1 DAGs
[2024-03-25T22:16:14.300+0000] {logging_mixin.py:188} INFO - [2024-03-25T22:16:14.300+0000] {dag.py:3834} INFO - Setting next_dagrun for latest_only_with_trigger to 2024-03-25 16:00:00+00:00, run_after=2024-03-25 20:00:00+00:00
[2024-03-25T22:16:14.308+0000] {processor.py:183} INFO - Processing /home/airflow/.local/lib/python3.8/site-packages/airflow/example_dags/example_latest_only_with_trigger.py took 0.043 seconds
[2024-03-25T22:16:45.203+0000] {processor.py:161} INFO - Started process (PID=968) to work on /home/airflow/.local/lib/python3.8/site-packages/airflow/example_dags/example_latest_only_with_trigger.py
[2024-03-25T22:16:45.204+0000] {processor.py:830} INFO - Processing file /home/airflow/.local/lib/python3.8/site-packages/airflow/example_dags/example_latest_only_with_trigger.py for tasks to queue
[2024-03-25T22:16:45.206+0000] {logging_mixin.py:188} INFO - [2024-03-25T22:16:45.205+0000] {dagbag.py:540} INFO - Filling up the DagBag from /home/airflow/.local/lib/python3.8/site-packages/airflow/example_dags/example_latest_only_with_trigger.py
[2024-03-25T22:16:45.209+0000] {processor.py:840} INFO - DAG(s) 'latest_only_with_trigger' retrieved from /home/airflow/.local/lib/python3.8/site-packages/airflow/example_dags/example_latest_only_with_trigger.py
[2024-03-25T22:16:45.227+0000] {logging_mixin.py:188} INFO - [2024-03-25T22:16:45.226+0000] {dag.py:3047} INFO - Sync 1 DAGs
[2024-03-25T22:16:45.239+0000] {logging_mixin.py:188} INFO - [2024-03-25T22:16:45.239+0000] {dag.py:3834} INFO - Setting next_dagrun for latest_only_with_trigger to 2024-03-25 16:00:00+00:00, run_after=2024-03-25 20:00:00+00:00
[2024-03-25T22:16:45.248+0000] {processor.py:183} INFO - Processing /home/airflow/.local/lib/python3.8/site-packages/airflow/example_dags/example_latest_only_with_trigger.py took 0.047 seconds
[2024-03-25T22:17:15.507+0000] {processor.py:161} INFO - Started process (PID=1023) to work on /home/airflow/.local/lib/python3.8/site-packages/airflow/example_dags/example_latest_only_with_trigger.py
[2024-03-25T22:17:15.508+0000] {processor.py:830} INFO - Processing file /home/airflow/.local/lib/python3.8/site-packages/airflow/example_dags/example_latest_only_with_trigger.py for tasks to queue
[2024-03-25T22:17:15.509+0000] {logging_mixin.py:188} INFO - [2024-03-25T22:17:15.509+0000] {dagbag.py:540} INFO - Filling up the DagBag from /home/airflow/.local/lib/python3.8/site-packages/airflow/example_dags/example_latest_only_with_trigger.py
[2024-03-25T22:17:15.513+0000] {processor.py:840} INFO - DAG(s) 'latest_only_with_trigger' retrieved from /home/airflow/.local/lib/python3.8/site-packages/airflow/example_dags/example_latest_only_with_trigger.py
[2024-03-25T22:17:15.525+0000] {logging_mixin.py:188} INFO - [2024-03-25T22:17:15.525+0000] {dag.py:3047} INFO - Sync 1 DAGs
[2024-03-25T22:17:15.535+0000] {logging_mixin.py:188} INFO - [2024-03-25T22:17:15.535+0000] {dag.py:3834} INFO - Setting next_dagrun for latest_only_with_trigger to 2024-03-25 16:00:00+00:00, run_after=2024-03-25 20:00:00+00:00
[2024-03-25T22:17:15.543+0000] {processor.py:183} INFO - Processing /home/airflow/.local/lib/python3.8/site-packages/airflow/example_dags/example_latest_only_with_trigger.py took 0.037 seconds
[2024-03-25T22:17:46.125+0000] {processor.py:161} INFO - Started process (PID=1078) to work on /home/airflow/.local/lib/python3.8/site-packages/airflow/example_dags/example_latest_only_with_trigger.py
[2024-03-25T22:17:46.125+0000] {processor.py:830} INFO - Processing file /home/airflow/.local/lib/python3.8/site-packages/airflow/example_dags/example_latest_only_with_trigger.py for tasks to queue
[2024-03-25T22:17:46.126+0000] {logging_mixin.py:188} INFO - [2024-03-25T22:17:46.126+0000] {dagbag.py:540} INFO - Filling up the DagBag from /home/airflow/.local/lib/python3.8/site-packages/airflow/example_dags/example_latest_only_with_trigger.py
[2024-03-25T22:17:46.129+0000] {processor.py:840} INFO - DAG(s) 'latest_only_with_trigger' retrieved from /home/airflow/.local/lib/python3.8/site-packages/airflow/example_dags/example_latest_only_with_trigger.py
[2024-03-25T22:17:46.141+0000] {logging_mixin.py:188} INFO - [2024-03-25T22:17:46.141+0000] {dag.py:3047} INFO - Sync 1 DAGs
[2024-03-25T22:17:46.151+0000] {logging_mixin.py:188} INFO - [2024-03-25T22:17:46.151+0000] {dag.py:3834} INFO - Setting next_dagrun for latest_only_with_trigger to 2024-03-25 16:00:00+00:00, run_after=2024-03-25 20:00:00+00:00
[2024-03-25T22:17:46.159+0000] {processor.py:183} INFO - Processing /home/airflow/.local/lib/python3.8/site-packages/airflow/example_dags/example_latest_only_with_trigger.py took 0.036 seconds
[2024-03-25T22:18:16.759+0000] {processor.py:161} INFO - Started process (PID=1133) to work on /home/airflow/.local/lib/python3.8/site-packages/airflow/example_dags/example_latest_only_with_trigger.py
[2024-03-25T22:18:16.760+0000] {processor.py:830} INFO - Processing file /home/airflow/.local/lib/python3.8/site-packages/airflow/example_dags/example_latest_only_with_trigger.py for tasks to queue
[2024-03-25T22:18:16.761+0000] {logging_mixin.py:188} INFO - [2024-03-25T22:18:16.761+0000] {dagbag.py:540} INFO - Filling up the DagBag from /home/airflow/.local/lib/python3.8/site-packages/airflow/example_dags/example_latest_only_with_trigger.py
[2024-03-25T22:18:16.764+0000] {processor.py:840} INFO - DAG(s) 'latest_only_with_trigger' retrieved from /home/airflow/.local/lib/python3.8/site-packages/airflow/example_dags/example_latest_only_with_trigger.py
[2024-03-25T22:18:16.777+0000] {logging_mixin.py:188} INFO - [2024-03-25T22:18:16.777+0000] {dag.py:3047} INFO - Sync 1 DAGs
[2024-03-25T22:18:16.786+0000] {logging_mixin.py:188} INFO - [2024-03-25T22:18:16.786+0000] {dag.py:3834} INFO - Setting next_dagrun for latest_only_with_trigger to 2024-03-25 16:00:00+00:00, run_after=2024-03-25 20:00:00+00:00
[2024-03-25T22:18:16.794+0000] {processor.py:183} INFO - Processing /home/airflow/.local/lib/python3.8/site-packages/airflow/example_dags/example_latest_only_with_trigger.py took 0.037 seconds
[2024-03-25T22:18:47.318+0000] {processor.py:161} INFO - Started process (PID=1189) to work on /home/airflow/.local/lib/python3.8/site-packages/airflow/example_dags/example_latest_only_with_trigger.py
[2024-03-25T22:18:47.318+0000] {processor.py:830} INFO - Processing file /home/airflow/.local/lib/python3.8/site-packages/airflow/example_dags/example_latest_only_with_trigger.py for tasks to queue
[2024-03-25T22:18:47.319+0000] {logging_mixin.py:188} INFO - [2024-03-25T22:18:47.319+0000] {dagbag.py:540} INFO - Filling up the DagBag from /home/airflow/.local/lib/python3.8/site-packages/airflow/example_dags/example_latest_only_with_trigger.py
[2024-03-25T22:18:47.323+0000] {processor.py:840} INFO - DAG(s) 'latest_only_with_trigger' retrieved from /home/airflow/.local/lib/python3.8/site-packages/airflow/example_dags/example_latest_only_with_trigger.py
[2024-03-25T22:18:47.335+0000] {logging_mixin.py:188} INFO - [2024-03-25T22:18:47.335+0000] {dag.py:3047} INFO - Sync 1 DAGs
[2024-03-25T22:18:47.345+0000] {logging_mixin.py:188} INFO - [2024-03-25T22:18:47.345+0000] {dag.py:3834} INFO - Setting next_dagrun for latest_only_with_trigger to 2024-03-25 16:00:00+00:00, run_after=2024-03-25 20:00:00+00:00
[2024-03-25T22:18:47.352+0000] {processor.py:183} INFO - Processing /home/airflow/.local/lib/python3.8/site-packages/airflow/example_dags/example_latest_only_with_trigger.py took 0.036 seconds
[2024-03-25T22:19:17.923+0000] {processor.py:161} INFO - Started process (PID=1244) to work on /home/airflow/.local/lib/python3.8/site-packages/airflow/example_dags/example_latest_only_with_trigger.py
[2024-03-25T22:19:17.923+0000] {processor.py:830} INFO - Processing file /home/airflow/.local/lib/python3.8/site-packages/airflow/example_dags/example_latest_only_with_trigger.py for tasks to queue
[2024-03-25T22:19:17.924+0000] {logging_mixin.py:188} INFO - [2024-03-25T22:19:17.924+0000] {dagbag.py:540} INFO - Filling up the DagBag from /home/airflow/.local/lib/python3.8/site-packages/airflow/example_dags/example_latest_only_with_trigger.py
[2024-03-25T22:19:17.927+0000] {processor.py:840} INFO - DAG(s) 'latest_only_with_trigger' retrieved from /home/airflow/.local/lib/python3.8/site-packages/airflow/example_dags/example_latest_only_with_trigger.py
[2024-03-25T22:19:17.939+0000] {logging_mixin.py:188} INFO - [2024-03-25T22:19:17.939+0000] {dag.py:3047} INFO - Sync 1 DAGs
[2024-03-25T22:19:17.948+0000] {logging_mixin.py:188} INFO - [2024-03-25T22:19:17.948+0000] {dag.py:3834} INFO - Setting next_dagrun for latest_only_with_trigger to 2024-03-25 16:00:00+00:00, run_after=2024-03-25 20:00:00+00:00
[2024-03-25T22:19:17.955+0000] {processor.py:183} INFO - Processing /home/airflow/.local/lib/python3.8/site-packages/airflow/example_dags/example_latest_only_with_trigger.py took 0.035 seconds
[2024-03-25T22:19:48.520+0000] {processor.py:161} INFO - Started process (PID=1299) to work on /home/airflow/.local/lib/python3.8/site-packages/airflow/example_dags/example_latest_only_with_trigger.py
[2024-03-25T22:19:48.520+0000] {processor.py:830} INFO - Processing file /home/airflow/.local/lib/python3.8/site-packages/airflow/example_dags/example_latest_only_with_trigger.py for tasks to queue
[2024-03-25T22:19:48.521+0000] {logging_mixin.py:188} INFO - [2024-03-25T22:19:48.521+0000] {dagbag.py:540} INFO - Filling up the DagBag from /home/airflow/.local/lib/python3.8/site-packages/airflow/example_dags/example_latest_only_with_trigger.py
[2024-03-25T22:19:48.525+0000] {processor.py:840} INFO - DAG(s) 'latest_only_with_trigger' retrieved from /home/airflow/.local/lib/python3.8/site-packages/airflow/example_dags/example_latest_only_with_trigger.py
[2024-03-25T22:19:48.537+0000] {logging_mixin.py:188} INFO - [2024-03-25T22:19:48.537+0000] {dag.py:3047} INFO - Sync 1 DAGs
[2024-03-25T22:19:48.547+0000] {logging_mixin.py:188} INFO - [2024-03-25T22:19:48.547+0000] {dag.py:3834} INFO - Setting next_dagrun for latest_only_with_trigger to 2024-03-25 16:00:00+00:00, run_after=2024-03-25 20:00:00+00:00
[2024-03-25T22:19:48.554+0000] {processor.py:183} INFO - Processing /home/airflow/.local/lib/python3.8/site-packages/airflow/example_dags/example_latest_only_with_trigger.py took 0.036 seconds
[2024-03-25T22:20:19.034+0000] {processor.py:161} INFO - Started process (PID=1355) to work on /home/airflow/.local/lib/python3.8/site-packages/airflow/example_dags/example_latest_only_with_trigger.py
[2024-03-25T22:20:19.035+0000] {processor.py:830} INFO - Processing file /home/airflow/.local/lib/python3.8/site-packages/airflow/example_dags/example_latest_only_with_trigger.py for tasks to queue
[2024-03-25T22:20:19.036+0000] {logging_mixin.py:188} INFO - [2024-03-25T22:20:19.035+0000] {dagbag.py:540} INFO - Filling up the DagBag from /home/airflow/.local/lib/python3.8/site-packages/airflow/example_dags/example_latest_only_with_trigger.py
[2024-03-25T22:20:19.039+0000] {processor.py:840} INFO - DAG(s) 'latest_only_with_trigger' retrieved from /home/airflow/.local/lib/python3.8/site-packages/airflow/example_dags/example_latest_only_with_trigger.py
[2024-03-25T22:20:19.051+0000] {logging_mixin.py:188} INFO - [2024-03-25T22:20:19.051+0000] {dag.py:3047} INFO - Sync 1 DAGs
[2024-03-25T22:20:19.060+0000] {logging_mixin.py:188} INFO - [2024-03-25T22:20:19.060+0000] {dag.py:3834} INFO - Setting next_dagrun for latest_only_with_trigger to 2024-03-25 16:00:00+00:00, run_after=2024-03-25 20:00:00+00:00
[2024-03-25T22:20:19.068+0000] {processor.py:183} INFO - Processing /home/airflow/.local/lib/python3.8/site-packages/airflow/example_dags/example_latest_only_with_trigger.py took 0.036 seconds
[2024-03-25T22:20:49.648+0000] {processor.py:161} INFO - Started process (PID=1410) to work on /home/airflow/.local/lib/python3.8/site-packages/airflow/example_dags/example_latest_only_with_trigger.py
[2024-03-25T22:20:49.649+0000] {processor.py:830} INFO - Processing file /home/airflow/.local/lib/python3.8/site-packages/airflow/example_dags/example_latest_only_with_trigger.py for tasks to queue
[2024-03-25T22:20:49.650+0000] {logging_mixin.py:188} INFO - [2024-03-25T22:20:49.649+0000] {dagbag.py:540} INFO - Filling up the DagBag from /home/airflow/.local/lib/python3.8/site-packages/airflow/example_dags/example_latest_only_with_trigger.py
[2024-03-25T22:20:49.653+0000] {processor.py:840} INFO - DAG(s) 'latest_only_with_trigger' retrieved from /home/airflow/.local/lib/python3.8/site-packages/airflow/example_dags/example_latest_only_with_trigger.py
[2024-03-25T22:20:49.664+0000] {logging_mixin.py:188} INFO - [2024-03-25T22:20:49.664+0000] {dag.py:3047} INFO - Sync 1 DAGs
[2024-03-25T22:20:49.674+0000] {logging_mixin.py:188} INFO - [2024-03-25T22:20:49.674+0000] {dag.py:3834} INFO - Setting next_dagrun for latest_only_with_trigger to 2024-03-25 16:00:00+00:00, run_after=2024-03-25 20:00:00+00:00
[2024-03-25T22:20:49.682+0000] {processor.py:183} INFO - Processing /home/airflow/.local/lib/python3.8/site-packages/airflow/example_dags/example_latest_only_with_trigger.py took 0.036 seconds
[2024-03-25T22:21:20.265+0000] {processor.py:161} INFO - Started process (PID=1466) to work on /home/airflow/.local/lib/python3.8/site-packages/airflow/example_dags/example_latest_only_with_trigger.py
[2024-03-25T22:21:20.266+0000] {processor.py:830} INFO - Processing file /home/airflow/.local/lib/python3.8/site-packages/airflow/example_dags/example_latest_only_with_trigger.py for tasks to queue
[2024-03-25T22:21:20.267+0000] {logging_mixin.py:188} INFO - [2024-03-25T22:21:20.267+0000] {dagbag.py:540} INFO - Filling up the DagBag from /home/airflow/.local/lib/python3.8/site-packages/airflow/example_dags/example_latest_only_with_trigger.py
[2024-03-25T22:21:20.270+0000] {processor.py:840} INFO - DAG(s) 'latest_only_with_trigger' retrieved from /home/airflow/.local/lib/python3.8/site-packages/airflow/example_dags/example_latest_only_with_trigger.py
[2024-03-25T22:21:20.282+0000] {logging_mixin.py:188} INFO - [2024-03-25T22:21:20.282+0000] {dag.py:3047} INFO - Sync 1 DAGs
[2024-03-25T22:21:20.292+0000] {logging_mixin.py:188} INFO - [2024-03-25T22:21:20.292+0000] {dag.py:3834} INFO - Setting next_dagrun for latest_only_with_trigger to 2024-03-25 16:00:00+00:00, run_after=2024-03-25 20:00:00+00:00
[2024-03-25T22:21:20.299+0000] {processor.py:183} INFO - Processing /home/airflow/.local/lib/python3.8/site-packages/airflow/example_dags/example_latest_only_with_trigger.py took 0.036 seconds
[2024-03-25T22:21:50.881+0000] {processor.py:161} INFO - Started process (PID=1522) to work on /home/airflow/.local/lib/python3.8/site-packages/airflow/example_dags/example_latest_only_with_trigger.py
[2024-03-25T22:21:50.882+0000] {processor.py:830} INFO - Processing file /home/airflow/.local/lib/python3.8/site-packages/airflow/example_dags/example_latest_only_with_trigger.py for tasks to queue
[2024-03-25T22:21:50.883+0000] {logging_mixin.py:188} INFO - [2024-03-25T22:21:50.883+0000] {dagbag.py:540} INFO - Filling up the DagBag from /home/airflow/.local/lib/python3.8/site-packages/airflow/example_dags/example_latest_only_with_trigger.py
[2024-03-25T22:21:50.886+0000] {processor.py:840} INFO - DAG(s) 'latest_only_with_trigger' retrieved from /home/airflow/.local/lib/python3.8/site-packages/airflow/example_dags/example_latest_only_with_trigger.py
[2024-03-25T22:21:50.899+0000] {logging_mixin.py:188} INFO - [2024-03-25T22:21:50.899+0000] {dag.py:3047} INFO - Sync 1 DAGs
[2024-03-25T22:21:50.908+0000] {logging_mixin.py:188} INFO - [2024-03-25T22:21:50.908+0000] {dag.py:3834} INFO - Setting next_dagrun for latest_only_with_trigger to 2024-03-25 16:00:00+00:00, run_after=2024-03-25 20:00:00+00:00
[2024-03-25T22:21:50.917+0000] {processor.py:183} INFO - Processing /home/airflow/.local/lib/python3.8/site-packages/airflow/example_dags/example_latest_only_with_trigger.py took 0.038 seconds
[2024-03-25T22:22:21.513+0000] {processor.py:161} INFO - Started process (PID=1578) to work on /home/airflow/.local/lib/python3.8/site-packages/airflow/example_dags/example_latest_only_with_trigger.py
[2024-03-25T22:22:21.514+0000] {processor.py:830} INFO - Processing file /home/airflow/.local/lib/python3.8/site-packages/airflow/example_dags/example_latest_only_with_trigger.py for tasks to queue
[2024-03-25T22:22:21.515+0000] {logging_mixin.py:188} INFO - [2024-03-25T22:22:21.515+0000] {dagbag.py:540} INFO - Filling up the DagBag from /home/airflow/.local/lib/python3.8/site-packages/airflow/example_dags/example_latest_only_with_trigger.py
[2024-03-25T22:22:21.518+0000] {processor.py:840} INFO - DAG(s) 'latest_only_with_trigger' retrieved from /home/airflow/.local/lib/python3.8/site-packages/airflow/example_dags/example_latest_only_with_trigger.py
[2024-03-25T22:22:21.531+0000] {logging_mixin.py:188} INFO - [2024-03-25T22:22:21.531+0000] {dag.py:3047} INFO - Sync 1 DAGs
[2024-03-25T22:22:21.540+0000] {logging_mixin.py:188} INFO - [2024-03-25T22:22:21.540+0000] {dag.py:3834} INFO - Setting next_dagrun for latest_only_with_trigger to 2024-03-25 16:00:00+00:00, run_after=2024-03-25 20:00:00+00:00
[2024-03-25T22:22:21.548+0000] {processor.py:183} INFO - Processing /home/airflow/.local/lib/python3.8/site-packages/airflow/example_dags/example_latest_only_with_trigger.py took 0.037 seconds
[2024-03-25T22:22:52.130+0000] {processor.py:161} INFO - Started process (PID=1633) to work on /home/airflow/.local/lib/python3.8/site-packages/airflow/example_dags/example_latest_only_with_trigger.py
[2024-03-25T22:22:52.130+0000] {processor.py:830} INFO - Processing file /home/airflow/.local/lib/python3.8/site-packages/airflow/example_dags/example_latest_only_with_trigger.py for tasks to queue
[2024-03-25T22:22:52.131+0000] {logging_mixin.py:188} INFO - [2024-03-25T22:22:52.131+0000] {dagbag.py:540} INFO - Filling up the DagBag from /home/airflow/.local/lib/python3.8/site-packages/airflow/example_dags/example_latest_only_with_trigger.py
[2024-03-25T22:22:52.134+0000] {processor.py:840} INFO - DAG(s) 'latest_only_with_trigger' retrieved from /home/airflow/.local/lib/python3.8/site-packages/airflow/example_dags/example_latest_only_with_trigger.py
[2024-03-25T22:22:52.146+0000] {logging_mixin.py:188} INFO - [2024-03-25T22:22:52.146+0000] {dag.py:3047} INFO - Sync 1 DAGs
[2024-03-25T22:22:52.155+0000] {logging_mixin.py:188} INFO - [2024-03-25T22:22:52.155+0000] {dag.py:3834} INFO - Setting next_dagrun for latest_only_with_trigger to 2024-03-25 16:00:00+00:00, run_after=2024-03-25 20:00:00+00:00
[2024-03-25T22:22:52.163+0000] {processor.py:183} INFO - Processing /home/airflow/.local/lib/python3.8/site-packages/airflow/example_dags/example_latest_only_with_trigger.py took 0.035 seconds
[2024-03-25T22:23:22.768+0000] {processor.py:161} INFO - Started process (PID=1688) to work on /home/airflow/.local/lib/python3.8/site-packages/airflow/example_dags/example_latest_only_with_trigger.py
[2024-03-25T22:23:22.768+0000] {processor.py:830} INFO - Processing file /home/airflow/.local/lib/python3.8/site-packages/airflow/example_dags/example_latest_only_with_trigger.py for tasks to queue
[2024-03-25T22:23:22.769+0000] {logging_mixin.py:188} INFO - [2024-03-25T22:23:22.769+0000] {dagbag.py:540} INFO - Filling up the DagBag from /home/airflow/.local/lib/python3.8/site-packages/airflow/example_dags/example_latest_only_with_trigger.py
[2024-03-25T22:23:22.773+0000] {processor.py:840} INFO - DAG(s) 'latest_only_with_trigger' retrieved from /home/airflow/.local/lib/python3.8/site-packages/airflow/example_dags/example_latest_only_with_trigger.py
[2024-03-25T22:23:22.785+0000] {logging_mixin.py:188} INFO - [2024-03-25T22:23:22.785+0000] {dag.py:3047} INFO - Sync 1 DAGs
[2024-03-25T22:23:22.795+0000] {logging_mixin.py:188} INFO - [2024-03-25T22:23:22.795+0000] {dag.py:3834} INFO - Setting next_dagrun for latest_only_with_trigger to 2024-03-25 16:00:00+00:00, run_after=2024-03-25 20:00:00+00:00
[2024-03-25T22:23:22.804+0000] {processor.py:183} INFO - Processing /home/airflow/.local/lib/python3.8/site-packages/airflow/example_dags/example_latest_only_with_trigger.py took 0.038 seconds
[2024-03-25T22:23:53.328+0000] {processor.py:161} INFO - Started process (PID=1742) to work on /home/airflow/.local/lib/python3.8/site-packages/airflow/example_dags/example_latest_only_with_trigger.py
[2024-03-25T22:23:53.329+0000] {processor.py:830} INFO - Processing file /home/airflow/.local/lib/python3.8/site-packages/airflow/example_dags/example_latest_only_with_trigger.py for tasks to queue
[2024-03-25T22:23:53.330+0000] {logging_mixin.py:188} INFO - [2024-03-25T22:23:53.330+0000] {dagbag.py:540} INFO - Filling up the DagBag from /home/airflow/.local/lib/python3.8/site-packages/airflow/example_dags/example_latest_only_with_trigger.py
[2024-03-25T22:23:53.333+0000] {processor.py:840} INFO - DAG(s) 'latest_only_with_trigger' retrieved from /home/airflow/.local/lib/python3.8/site-packages/airflow/example_dags/example_latest_only_with_trigger.py
[2024-03-25T22:23:53.346+0000] {logging_mixin.py:188} INFO - [2024-03-25T22:23:53.346+0000] {dag.py:3047} INFO - Sync 1 DAGs
[2024-03-25T22:23:53.356+0000] {logging_mixin.py:188} INFO - [2024-03-25T22:23:53.356+0000] {dag.py:3834} INFO - Setting next_dagrun for latest_only_with_trigger to 2024-03-25 16:00:00+00:00, run_after=2024-03-25 20:00:00+00:00
[2024-03-25T22:23:53.364+0000] {processor.py:183} INFO - Processing /home/airflow/.local/lib/python3.8/site-packages/airflow/example_dags/example_latest_only_with_trigger.py took 0.038 seconds
[2024-03-25T22:24:23.855+0000] {processor.py:161} INFO - Started process (PID=1797) to work on /home/airflow/.local/lib/python3.8/site-packages/airflow/example_dags/example_latest_only_with_trigger.py
[2024-03-25T22:24:23.856+0000] {processor.py:830} INFO - Processing file /home/airflow/.local/lib/python3.8/site-packages/airflow/example_dags/example_latest_only_with_trigger.py for tasks to queue
[2024-03-25T22:24:23.857+0000] {logging_mixin.py:188} INFO - [2024-03-25T22:24:23.857+0000] {dagbag.py:540} INFO - Filling up the DagBag from /home/airflow/.local/lib/python3.8/site-packages/airflow/example_dags/example_latest_only_with_trigger.py
[2024-03-25T22:24:23.860+0000] {processor.py:840} INFO - DAG(s) 'latest_only_with_trigger' retrieved from /home/airflow/.local/lib/python3.8/site-packages/airflow/example_dags/example_latest_only_with_trigger.py
[2024-03-25T22:24:23.872+0000] {logging_mixin.py:188} INFO - [2024-03-25T22:24:23.872+0000] {dag.py:3047} INFO - Sync 1 DAGs
[2024-03-25T22:24:23.881+0000] {logging_mixin.py:188} INFO - [2024-03-25T22:24:23.881+0000] {dag.py:3834} INFO - Setting next_dagrun for latest_only_with_trigger to 2024-03-25 16:00:00+00:00, run_after=2024-03-25 20:00:00+00:00
[2024-03-25T22:24:23.888+0000] {processor.py:183} INFO - Processing /home/airflow/.local/lib/python3.8/site-packages/airflow/example_dags/example_latest_only_with_trigger.py took 0.035 seconds
[2024-03-25T22:24:54.401+0000] {processor.py:161} INFO - Started process (PID=1853) to work on /home/airflow/.local/lib/python3.8/site-packages/airflow/example_dags/example_latest_only_with_trigger.py
[2024-03-25T22:24:54.401+0000] {processor.py:830} INFO - Processing file /home/airflow/.local/lib/python3.8/site-packages/airflow/example_dags/example_latest_only_with_trigger.py for tasks to queue
[2024-03-25T22:24:54.402+0000] {logging_mixin.py:188} INFO - [2024-03-25T22:24:54.402+0000] {dagbag.py:540} INFO - Filling up the DagBag from /home/airflow/.local/lib/python3.8/site-packages/airflow/example_dags/example_latest_only_with_trigger.py
[2024-03-25T22:24:54.406+0000] {processor.py:840} INFO - DAG(s) 'latest_only_with_trigger' retrieved from /home/airflow/.local/lib/python3.8/site-packages/airflow/example_dags/example_latest_only_with_trigger.py
[2024-03-25T22:24:54.417+0000] {logging_mixin.py:188} INFO - [2024-03-25T22:24:54.417+0000] {dag.py:3047} INFO - Sync 1 DAGs
[2024-03-25T22:24:54.426+0000] {logging_mixin.py:188} INFO - [2024-03-25T22:24:54.426+0000] {dag.py:3834} INFO - Setting next_dagrun for latest_only_with_trigger to 2024-03-25 16:00:00+00:00, run_after=2024-03-25 20:00:00+00:00
[2024-03-25T22:24:54.433+0000] {processor.py:183} INFO - Processing /home/airflow/.local/lib/python3.8/site-packages/airflow/example_dags/example_latest_only_with_trigger.py took 0.035 seconds
[2024-03-25T22:25:24.904+0000] {processor.py:161} INFO - Started process (PID=1908) to work on /home/airflow/.local/lib/python3.8/site-packages/airflow/example_dags/example_latest_only_with_trigger.py
[2024-03-25T22:25:24.905+0000] {processor.py:830} INFO - Processing file /home/airflow/.local/lib/python3.8/site-packages/airflow/example_dags/example_latest_only_with_trigger.py for tasks to queue
[2024-03-25T22:25:24.906+0000] {logging_mixin.py:188} INFO - [2024-03-25T22:25:24.906+0000] {dagbag.py:540} INFO - Filling up the DagBag from /home/airflow/.local/lib/python3.8/site-packages/airflow/example_dags/example_latest_only_with_trigger.py
[2024-03-25T22:25:24.909+0000] {processor.py:840} INFO - DAG(s) 'latest_only_with_trigger' retrieved from /home/airflow/.local/lib/python3.8/site-packages/airflow/example_dags/example_latest_only_with_trigger.py
[2024-03-25T22:25:24.921+0000] {logging_mixin.py:188} INFO - [2024-03-25T22:25:24.921+0000] {dag.py:3047} INFO - Sync 1 DAGs
[2024-03-25T22:25:24.930+0000] {logging_mixin.py:188} INFO - [2024-03-25T22:25:24.930+0000] {dag.py:3834} INFO - Setting next_dagrun for latest_only_with_trigger to 2024-03-25 16:00:00+00:00, run_after=2024-03-25 20:00:00+00:00
[2024-03-25T22:25:24.938+0000] {processor.py:183} INFO - Processing /home/airflow/.local/lib/python3.8/site-packages/airflow/example_dags/example_latest_only_with_trigger.py took 0.036 seconds
[2024-03-25T22:25:55.453+0000] {processor.py:161} INFO - Started process (PID=1963) to work on /home/airflow/.local/lib/python3.8/site-packages/airflow/example_dags/example_latest_only_with_trigger.py
[2024-03-25T22:25:55.453+0000] {processor.py:830} INFO - Processing file /home/airflow/.local/lib/python3.8/site-packages/airflow/example_dags/example_latest_only_with_trigger.py for tasks to queue
[2024-03-25T22:25:55.454+0000] {logging_mixin.py:188} INFO - [2024-03-25T22:25:55.454+0000] {dagbag.py:540} INFO - Filling up the DagBag from /home/airflow/.local/lib/python3.8/site-packages/airflow/example_dags/example_latest_only_with_trigger.py
[2024-03-25T22:25:55.457+0000] {processor.py:840} INFO - DAG(s) 'latest_only_with_trigger' retrieved from /home/airflow/.local/lib/python3.8/site-packages/airflow/example_dags/example_latest_only_with_trigger.py
[2024-03-25T22:25:55.469+0000] {logging_mixin.py:188} INFO - [2024-03-25T22:25:55.469+0000] {dag.py:3047} INFO - Sync 1 DAGs
[2024-03-25T22:25:55.479+0000] {logging_mixin.py:188} INFO - [2024-03-25T22:25:55.479+0000] {dag.py:3834} INFO - Setting next_dagrun for latest_only_with_trigger to 2024-03-25 16:00:00+00:00, run_after=2024-03-25 20:00:00+00:00
[2024-03-25T22:25:55.486+0000] {processor.py:183} INFO - Processing /home/airflow/.local/lib/python3.8/site-packages/airflow/example_dags/example_latest_only_with_trigger.py took 0.035 seconds
[2024-03-25T22:26:26.018+0000] {processor.py:161} INFO - Started process (PID=2018) to work on /home/airflow/.local/lib/python3.8/site-packages/airflow/example_dags/example_latest_only_with_trigger.py
[2024-03-25T22:26:26.019+0000] {processor.py:830} INFO - Processing file /home/airflow/.local/lib/python3.8/site-packages/airflow/example_dags/example_latest_only_with_trigger.py for tasks to queue
[2024-03-25T22:26:26.020+0000] {logging_mixin.py:188} INFO - [2024-03-25T22:26:26.020+0000] {dagbag.py:540} INFO - Filling up the DagBag from /home/airflow/.local/lib/python3.8/site-packages/airflow/example_dags/example_latest_only_with_trigger.py
[2024-03-25T22:26:26.023+0000] {processor.py:840} INFO - DAG(s) 'latest_only_with_trigger' retrieved from /home/airflow/.local/lib/python3.8/site-packages/airflow/example_dags/example_latest_only_with_trigger.py
[2024-03-25T22:26:26.035+0000] {logging_mixin.py:188} INFO - [2024-03-25T22:26:26.035+0000] {dag.py:3047} INFO - Sync 1 DAGs
[2024-03-25T22:26:26.044+0000] {logging_mixin.py:188} INFO - [2024-03-25T22:26:26.044+0000] {dag.py:3834} INFO - Setting next_dagrun for latest_only_with_trigger to 2024-03-25 16:00:00+00:00, run_after=2024-03-25 20:00:00+00:00
[2024-03-25T22:26:26.053+0000] {processor.py:183} INFO - Processing /home/airflow/.local/lib/python3.8/site-packages/airflow/example_dags/example_latest_only_with_trigger.py took 0.036 seconds
[2024-03-25T22:26:56.621+0000] {processor.py:161} INFO - Started process (PID=2073) to work on /home/airflow/.local/lib/python3.8/site-packages/airflow/example_dags/example_latest_only_with_trigger.py
[2024-03-25T22:26:56.621+0000] {processor.py:830} INFO - Processing file /home/airflow/.local/lib/python3.8/site-packages/airflow/example_dags/example_latest_only_with_trigger.py for tasks to queue
[2024-03-25T22:26:56.622+0000] {logging_mixin.py:188} INFO - [2024-03-25T22:26:56.622+0000] {dagbag.py:540} INFO - Filling up the DagBag from /home/airflow/.local/lib/python3.8/site-packages/airflow/example_dags/example_latest_only_with_trigger.py
[2024-03-25T22:26:56.625+0000] {processor.py:840} INFO - DAG(s) 'latest_only_with_trigger' retrieved from /home/airflow/.local/lib/python3.8/site-packages/airflow/example_dags/example_latest_only_with_trigger.py
[2024-03-25T22:26:56.637+0000] {logging_mixin.py:188} INFO - [2024-03-25T22:26:56.637+0000] {dag.py:3047} INFO - Sync 1 DAGs
[2024-03-25T22:26:56.647+0000] {logging_mixin.py:188} INFO - [2024-03-25T22:26:56.647+0000] {dag.py:3834} INFO - Setting next_dagrun for latest_only_with_trigger to 2024-03-25 16:00:00+00:00, run_after=2024-03-25 20:00:00+00:00
[2024-03-25T22:26:56.654+0000] {processor.py:183} INFO - Processing /home/airflow/.local/lib/python3.8/site-packages/airflow/example_dags/example_latest_only_with_trigger.py took 0.035 seconds
[2024-03-25T22:27:27.266+0000] {processor.py:161} INFO - Started process (PID=2127) to work on /home/airflow/.local/lib/python3.8/site-packages/airflow/example_dags/example_latest_only_with_trigger.py
[2024-03-25T22:27:27.267+0000] {processor.py:830} INFO - Processing file /home/airflow/.local/lib/python3.8/site-packages/airflow/example_dags/example_latest_only_with_trigger.py for tasks to queue
[2024-03-25T22:27:27.268+0000] {logging_mixin.py:188} INFO - [2024-03-25T22:27:27.268+0000] {dagbag.py:540} INFO - Filling up the DagBag from /home/airflow/.local/lib/python3.8/site-packages/airflow/example_dags/example_latest_only_with_trigger.py
[2024-03-25T22:27:27.271+0000] {processor.py:840} INFO - DAG(s) 'latest_only_with_trigger' retrieved from /home/airflow/.local/lib/python3.8/site-packages/airflow/example_dags/example_latest_only_with_trigger.py
[2024-03-25T22:27:27.283+0000] {logging_mixin.py:188} INFO - [2024-03-25T22:27:27.283+0000] {dag.py:3047} INFO - Sync 1 DAGs
[2024-03-25T22:27:27.293+0000] {logging_mixin.py:188} INFO - [2024-03-25T22:27:27.292+0000] {dag.py:3834} INFO - Setting next_dagrun for latest_only_with_trigger to 2024-03-25 16:00:00+00:00, run_after=2024-03-25 20:00:00+00:00
[2024-03-25T22:27:27.300+0000] {processor.py:183} INFO - Processing /home/airflow/.local/lib/python3.8/site-packages/airflow/example_dags/example_latest_only_with_trigger.py took 0.036 seconds
[2024-03-25T22:27:57.872+0000] {processor.py:161} INFO - Started process (PID=2182) to work on /home/airflow/.local/lib/python3.8/site-packages/airflow/example_dags/example_latest_only_with_trigger.py
[2024-03-25T22:27:57.872+0000] {processor.py:830} INFO - Processing file /home/airflow/.local/lib/python3.8/site-packages/airflow/example_dags/example_latest_only_with_trigger.py for tasks to queue
[2024-03-25T22:27:57.873+0000] {logging_mixin.py:188} INFO - [2024-03-25T22:27:57.873+0000] {dagbag.py:540} INFO - Filling up the DagBag from /home/airflow/.local/lib/python3.8/site-packages/airflow/example_dags/example_latest_only_with_trigger.py
[2024-03-25T22:27:57.876+0000] {processor.py:840} INFO - DAG(s) 'latest_only_with_trigger' retrieved from /home/airflow/.local/lib/python3.8/site-packages/airflow/example_dags/example_latest_only_with_trigger.py
[2024-03-25T22:27:57.888+0000] {logging_mixin.py:188} INFO - [2024-03-25T22:27:57.888+0000] {dag.py:3047} INFO - Sync 1 DAGs
[2024-03-25T22:27:57.897+0000] {logging_mixin.py:188} INFO - [2024-03-25T22:27:57.897+0000] {dag.py:3834} INFO - Setting next_dagrun for latest_only_with_trigger to 2024-03-25 16:00:00+00:00, run_after=2024-03-25 20:00:00+00:00
[2024-03-25T22:27:57.904+0000] {processor.py:183} INFO - Processing /home/airflow/.local/lib/python3.8/site-packages/airflow/example_dags/example_latest_only_with_trigger.py took 0.035 seconds
[2024-03-25T22:28:28.437+0000] {processor.py:161} INFO - Started process (PID=2237) to work on /home/airflow/.local/lib/python3.8/site-packages/airflow/example_dags/example_latest_only_with_trigger.py
[2024-03-25T22:28:28.438+0000] {processor.py:830} INFO - Processing file /home/airflow/.local/lib/python3.8/site-packages/airflow/example_dags/example_latest_only_with_trigger.py for tasks to queue
[2024-03-25T22:28:28.439+0000] {logging_mixin.py:188} INFO - [2024-03-25T22:28:28.439+0000] {dagbag.py:540} INFO - Filling up the DagBag from /home/airflow/.local/lib/python3.8/site-packages/airflow/example_dags/example_latest_only_with_trigger.py
[2024-03-25T22:28:28.442+0000] {processor.py:840} INFO - DAG(s) 'latest_only_with_trigger' retrieved from /home/airflow/.local/lib/python3.8/site-packages/airflow/example_dags/example_latest_only_with_trigger.py
[2024-03-25T22:28:28.455+0000] {logging_mixin.py:188} INFO - [2024-03-25T22:28:28.454+0000] {dag.py:3047} INFO - Sync 1 DAGs
[2024-03-25T22:28:28.465+0000] {logging_mixin.py:188} INFO - [2024-03-25T22:28:28.465+0000] {dag.py:3834} INFO - Setting next_dagrun for latest_only_with_trigger to 2024-03-25 16:00:00+00:00, run_after=2024-03-25 20:00:00+00:00
[2024-03-25T22:28:28.473+0000] {processor.py:183} INFO - Processing /home/airflow/.local/lib/python3.8/site-packages/airflow/example_dags/example_latest_only_with_trigger.py took 0.037 seconds
[2024-03-25T22:28:58.984+0000] {processor.py:161} INFO - Started process (PID=2292) to work on /home/airflow/.local/lib/python3.8/site-packages/airflow/example_dags/example_latest_only_with_trigger.py
[2024-03-25T22:28:58.984+0000] {processor.py:830} INFO - Processing file /home/airflow/.local/lib/python3.8/site-packages/airflow/example_dags/example_latest_only_with_trigger.py for tasks to queue
[2024-03-25T22:28:58.986+0000] {logging_mixin.py:188} INFO - [2024-03-25T22:28:58.985+0000] {dagbag.py:540} INFO - Filling up the DagBag from /home/airflow/.local/lib/python3.8/site-packages/airflow/example_dags/example_latest_only_with_trigger.py
[2024-03-25T22:28:58.989+0000] {processor.py:840} INFO - DAG(s) 'latest_only_with_trigger' retrieved from /home/airflow/.local/lib/python3.8/site-packages/airflow/example_dags/example_latest_only_with_trigger.py
[2024-03-25T22:28:59.001+0000] {logging_mixin.py:188} INFO - [2024-03-25T22:28:59.001+0000] {dag.py:3047} INFO - Sync 1 DAGs
[2024-03-25T22:28:59.010+0000] {logging_mixin.py:188} INFO - [2024-03-25T22:28:59.010+0000] {dag.py:3834} INFO - Setting next_dagrun for latest_only_with_trigger to 2024-03-25 16:00:00+00:00, run_after=2024-03-25 20:00:00+00:00
[2024-03-25T22:28:59.017+0000] {processor.py:183} INFO - Processing /home/airflow/.local/lib/python3.8/site-packages/airflow/example_dags/example_latest_only_with_trigger.py took 0.035 seconds
[2024-03-25T22:29:29.635+0000] {processor.py:161} INFO - Started process (PID=2347) to work on /home/airflow/.local/lib/python3.8/site-packages/airflow/example_dags/example_latest_only_with_trigger.py
[2024-03-25T22:29:29.636+0000] {processor.py:830} INFO - Processing file /home/airflow/.local/lib/python3.8/site-packages/airflow/example_dags/example_latest_only_with_trigger.py for tasks to queue
[2024-03-25T22:29:29.637+0000] {logging_mixin.py:188} INFO - [2024-03-25T22:29:29.637+0000] {dagbag.py:540} INFO - Filling up the DagBag from /home/airflow/.local/lib/python3.8/site-packages/airflow/example_dags/example_latest_only_with_trigger.py
[2024-03-25T22:29:29.641+0000] {processor.py:840} INFO - DAG(s) 'latest_only_with_trigger' retrieved from /home/airflow/.local/lib/python3.8/site-packages/airflow/example_dags/example_latest_only_with_trigger.py
[2024-03-25T22:29:29.653+0000] {logging_mixin.py:188} INFO - [2024-03-25T22:29:29.653+0000] {dag.py:3047} INFO - Sync 1 DAGs
[2024-03-25T22:29:29.662+0000] {logging_mixin.py:188} INFO - [2024-03-25T22:29:29.662+0000] {dag.py:3834} INFO - Setting next_dagrun for latest_only_with_trigger to 2024-03-25 16:00:00+00:00, run_after=2024-03-25 20:00:00+00:00
[2024-03-25T22:29:29.669+0000] {processor.py:183} INFO - Processing /home/airflow/.local/lib/python3.8/site-packages/airflow/example_dags/example_latest_only_with_trigger.py took 0.036 seconds
[2024-03-25T22:30:00.225+0000] {processor.py:161} INFO - Started process (PID=2402) to work on /home/airflow/.local/lib/python3.8/site-packages/airflow/example_dags/example_latest_only_with_trigger.py
[2024-03-25T22:30:00.226+0000] {processor.py:830} INFO - Processing file /home/airflow/.local/lib/python3.8/site-packages/airflow/example_dags/example_latest_only_with_trigger.py for tasks to queue
[2024-03-25T22:30:00.227+0000] {logging_mixin.py:188} INFO - [2024-03-25T22:30:00.227+0000] {dagbag.py:540} INFO - Filling up the DagBag from /home/airflow/.local/lib/python3.8/site-packages/airflow/example_dags/example_latest_only_with_trigger.py
[2024-03-25T22:30:00.230+0000] {processor.py:840} INFO - DAG(s) 'latest_only_with_trigger' retrieved from /home/airflow/.local/lib/python3.8/site-packages/airflow/example_dags/example_latest_only_with_trigger.py
[2024-03-25T22:30:00.243+0000] {logging_mixin.py:188} INFO - [2024-03-25T22:30:00.243+0000] {dag.py:3047} INFO - Sync 1 DAGs
[2024-03-25T22:30:00.252+0000] {logging_mixin.py:188} INFO - [2024-03-25T22:30:00.252+0000] {dag.py:3834} INFO - Setting next_dagrun for latest_only_with_trigger to 2024-03-25 16:00:00+00:00, run_after=2024-03-25 20:00:00+00:00
[2024-03-25T22:30:00.260+0000] {processor.py:183} INFO - Processing /home/airflow/.local/lib/python3.8/site-packages/airflow/example_dags/example_latest_only_with_trigger.py took 0.037 seconds
[2024-03-25T22:30:30.851+0000] {processor.py:161} INFO - Started process (PID=2457) to work on /home/airflow/.local/lib/python3.8/site-packages/airflow/example_dags/example_latest_only_with_trigger.py
[2024-03-25T22:30:30.851+0000] {processor.py:830} INFO - Processing file /home/airflow/.local/lib/python3.8/site-packages/airflow/example_dags/example_latest_only_with_trigger.py for tasks to queue
[2024-03-25T22:30:30.852+0000] {logging_mixin.py:188} INFO - [2024-03-25T22:30:30.852+0000] {dagbag.py:540} INFO - Filling up the DagBag from /home/airflow/.local/lib/python3.8/site-packages/airflow/example_dags/example_latest_only_with_trigger.py
[2024-03-25T22:30:30.856+0000] {processor.py:840} INFO - DAG(s) 'latest_only_with_trigger' retrieved from /home/airflow/.local/lib/python3.8/site-packages/airflow/example_dags/example_latest_only_with_trigger.py
[2024-03-25T22:30:30.868+0000] {logging_mixin.py:188} INFO - [2024-03-25T22:30:30.868+0000] {dag.py:3047} INFO - Sync 1 DAGs
[2024-03-25T22:30:30.877+0000] {logging_mixin.py:188} INFO - [2024-03-25T22:30:30.877+0000] {dag.py:3834} INFO - Setting next_dagrun for latest_only_with_trigger to 2024-03-25 16:00:00+00:00, run_after=2024-03-25 20:00:00+00:00
[2024-03-25T22:30:30.885+0000] {processor.py:183} INFO - Processing /home/airflow/.local/lib/python3.8/site-packages/airflow/example_dags/example_latest_only_with_trigger.py took 0.036 seconds
[2024-03-25T22:31:01.403+0000] {processor.py:161} INFO - Started process (PID=2512) to work on /home/airflow/.local/lib/python3.8/site-packages/airflow/example_dags/example_latest_only_with_trigger.py
[2024-03-25T22:31:01.403+0000] {processor.py:830} INFO - Processing file /home/airflow/.local/lib/python3.8/site-packages/airflow/example_dags/example_latest_only_with_trigger.py for tasks to queue
[2024-03-25T22:31:01.405+0000] {logging_mixin.py:188} INFO - [2024-03-25T22:31:01.404+0000] {dagbag.py:540} INFO - Filling up the DagBag from /home/airflow/.local/lib/python3.8/site-packages/airflow/example_dags/example_latest_only_with_trigger.py
[2024-03-25T22:31:01.408+0000] {processor.py:840} INFO - DAG(s) 'latest_only_with_trigger' retrieved from /home/airflow/.local/lib/python3.8/site-packages/airflow/example_dags/example_latest_only_with_trigger.py
[2024-03-25T22:31:01.421+0000] {logging_mixin.py:188} INFO - [2024-03-25T22:31:01.421+0000] {dag.py:3047} INFO - Sync 1 DAGs
[2024-03-25T22:31:01.432+0000] {logging_mixin.py:188} INFO - [2024-03-25T22:31:01.432+0000] {dag.py:3834} INFO - Setting next_dagrun for latest_only_with_trigger to 2024-03-25 16:00:00+00:00, run_after=2024-03-25 20:00:00+00:00
[2024-03-25T22:31:01.441+0000] {processor.py:183} INFO - Processing /home/airflow/.local/lib/python3.8/site-packages/airflow/example_dags/example_latest_only_with_trigger.py took 0.040 seconds
[2024-03-25T22:31:31.991+0000] {processor.py:161} INFO - Started process (PID=2573) to work on /home/airflow/.local/lib/python3.8/site-packages/airflow/example_dags/example_latest_only_with_trigger.py
[2024-03-25T22:31:31.992+0000] {processor.py:830} INFO - Processing file /home/airflow/.local/lib/python3.8/site-packages/airflow/example_dags/example_latest_only_with_trigger.py for tasks to queue
[2024-03-25T22:31:31.993+0000] {logging_mixin.py:188} INFO - [2024-03-25T22:31:31.993+0000] {dagbag.py:540} INFO - Filling up the DagBag from /home/airflow/.local/lib/python3.8/site-packages/airflow/example_dags/example_latest_only_with_trigger.py
[2024-03-25T22:31:31.996+0000] {processor.py:840} INFO - DAG(s) 'latest_only_with_trigger' retrieved from /home/airflow/.local/lib/python3.8/site-packages/airflow/example_dags/example_latest_only_with_trigger.py
[2024-03-25T22:31:32.008+0000] {logging_mixin.py:188} INFO - [2024-03-25T22:31:32.008+0000] {dag.py:3047} INFO - Sync 1 DAGs
[2024-03-25T22:31:32.018+0000] {logging_mixin.py:188} INFO - [2024-03-25T22:31:32.018+0000] {dag.py:3834} INFO - Setting next_dagrun for latest_only_with_trigger to 2024-03-25 16:00:00+00:00, run_after=2024-03-25 20:00:00+00:00
[2024-03-25T22:31:32.025+0000] {processor.py:183} INFO - Processing /home/airflow/.local/lib/python3.8/site-packages/airflow/example_dags/example_latest_only_with_trigger.py took 0.036 seconds
[2024-03-25T22:32:02.662+0000] {processor.py:161} INFO - Started process (PID=2628) to work on /home/airflow/.local/lib/python3.8/site-packages/airflow/example_dags/example_latest_only_with_trigger.py
[2024-03-25T22:32:02.663+0000] {processor.py:830} INFO - Processing file /home/airflow/.local/lib/python3.8/site-packages/airflow/example_dags/example_latest_only_with_trigger.py for tasks to queue
[2024-03-25T22:32:02.664+0000] {logging_mixin.py:188} INFO - [2024-03-25T22:32:02.663+0000] {dagbag.py:540} INFO - Filling up the DagBag from /home/airflow/.local/lib/python3.8/site-packages/airflow/example_dags/example_latest_only_with_trigger.py
[2024-03-25T22:32:02.667+0000] {processor.py:840} INFO - DAG(s) 'latest_only_with_trigger' retrieved from /home/airflow/.local/lib/python3.8/site-packages/airflow/example_dags/example_latest_only_with_trigger.py
[2024-03-25T22:32:02.679+0000] {logging_mixin.py:188} INFO - [2024-03-25T22:32:02.679+0000] {dag.py:3047} INFO - Sync 1 DAGs
[2024-03-25T22:32:02.688+0000] {logging_mixin.py:188} INFO - [2024-03-25T22:32:02.688+0000] {dag.py:3834} INFO - Setting next_dagrun for latest_only_with_trigger to 2024-03-25 16:00:00+00:00, run_after=2024-03-25 20:00:00+00:00
[2024-03-25T22:32:02.695+0000] {processor.py:183} INFO - Processing /home/airflow/.local/lib/python3.8/site-packages/airflow/example_dags/example_latest_only_with_trigger.py took 0.036 seconds
[2024-03-25T22:32:33.348+0000] {processor.py:161} INFO - Started process (PID=2683) to work on /home/airflow/.local/lib/python3.8/site-packages/airflow/example_dags/example_latest_only_with_trigger.py
[2024-03-25T22:32:33.348+0000] {processor.py:830} INFO - Processing file /home/airflow/.local/lib/python3.8/site-packages/airflow/example_dags/example_latest_only_with_trigger.py for tasks to queue
[2024-03-25T22:32:33.349+0000] {logging_mixin.py:188} INFO - [2024-03-25T22:32:33.349+0000] {dagbag.py:540} INFO - Filling up the DagBag from /home/airflow/.local/lib/python3.8/site-packages/airflow/example_dags/example_latest_only_with_trigger.py
[2024-03-25T22:32:33.353+0000] {processor.py:840} INFO - DAG(s) 'latest_only_with_trigger' retrieved from /home/airflow/.local/lib/python3.8/site-packages/airflow/example_dags/example_latest_only_with_trigger.py
[2024-03-25T22:32:33.365+0000] {logging_mixin.py:188} INFO - [2024-03-25T22:32:33.365+0000] {dag.py:3047} INFO - Sync 1 DAGs
[2024-03-25T22:32:33.374+0000] {logging_mixin.py:188} INFO - [2024-03-25T22:32:33.374+0000] {dag.py:3834} INFO - Setting next_dagrun for latest_only_with_trigger to 2024-03-25 16:00:00+00:00, run_after=2024-03-25 20:00:00+00:00
[2024-03-25T22:32:33.381+0000] {processor.py:183} INFO - Processing /home/airflow/.local/lib/python3.8/site-packages/airflow/example_dags/example_latest_only_with_trigger.py took 0.036 seconds
[2024-03-25T22:33:04.163+0000] {processor.py:161} INFO - Started process (PID=2738) to work on /home/airflow/.local/lib/python3.8/site-packages/airflow/example_dags/example_latest_only_with_trigger.py
[2024-03-25T22:33:04.163+0000] {processor.py:830} INFO - Processing file /home/airflow/.local/lib/python3.8/site-packages/airflow/example_dags/example_latest_only_with_trigger.py for tasks to queue
[2024-03-25T22:33:04.164+0000] {logging_mixin.py:188} INFO - [2024-03-25T22:33:04.164+0000] {dagbag.py:540} INFO - Filling up the DagBag from /home/airflow/.local/lib/python3.8/site-packages/airflow/example_dags/example_latest_only_with_trigger.py
[2024-03-25T22:33:04.168+0000] {processor.py:840} INFO - DAG(s) 'latest_only_with_trigger' retrieved from /home/airflow/.local/lib/python3.8/site-packages/airflow/example_dags/example_latest_only_with_trigger.py
[2024-03-25T22:33:04.179+0000] {logging_mixin.py:188} INFO - [2024-03-25T22:33:04.179+0000] {dag.py:3047} INFO - Sync 1 DAGs
[2024-03-25T22:33:04.188+0000] {logging_mixin.py:188} INFO - [2024-03-25T22:33:04.188+0000] {dag.py:3834} INFO - Setting next_dagrun for latest_only_with_trigger to 2024-03-25 16:00:00+00:00, run_after=2024-03-25 20:00:00+00:00
[2024-03-25T22:33:04.195+0000] {processor.py:183} INFO - Processing /home/airflow/.local/lib/python3.8/site-packages/airflow/example_dags/example_latest_only_with_trigger.py took 0.035 seconds
[2024-03-25T22:33:34.982+0000] {processor.py:161} INFO - Started process (PID=2793) to work on /home/airflow/.local/lib/python3.8/site-packages/airflow/example_dags/example_latest_only_with_trigger.py
[2024-03-25T22:33:34.982+0000] {processor.py:830} INFO - Processing file /home/airflow/.local/lib/python3.8/site-packages/airflow/example_dags/example_latest_only_with_trigger.py for tasks to queue
[2024-03-25T22:33:34.984+0000] {logging_mixin.py:188} INFO - [2024-03-25T22:33:34.983+0000] {dagbag.py:540} INFO - Filling up the DagBag from /home/airflow/.local/lib/python3.8/site-packages/airflow/example_dags/example_latest_only_with_trigger.py
[2024-03-25T22:33:34.987+0000] {processor.py:840} INFO - DAG(s) 'latest_only_with_trigger' retrieved from /home/airflow/.local/lib/python3.8/site-packages/airflow/example_dags/example_latest_only_with_trigger.py
[2024-03-25T22:33:34.999+0000] {logging_mixin.py:188} INFO - [2024-03-25T22:33:34.999+0000] {dag.py:3047} INFO - Sync 1 DAGs
[2024-03-25T22:33:35.008+0000] {logging_mixin.py:188} INFO - [2024-03-25T22:33:35.008+0000] {dag.py:3834} INFO - Setting next_dagrun for latest_only_with_trigger to 2024-03-25 16:00:00+00:00, run_after=2024-03-25 20:00:00+00:00
[2024-03-25T22:33:35.016+0000] {processor.py:183} INFO - Processing /home/airflow/.local/lib/python3.8/site-packages/airflow/example_dags/example_latest_only_with_trigger.py took 0.036 seconds
[2024-03-25T22:34:05.185+0000] {processor.py:161} INFO - Started process (PID=2848) to work on /home/airflow/.local/lib/python3.8/site-packages/airflow/example_dags/example_latest_only_with_trigger.py
[2024-03-25T22:34:05.186+0000] {processor.py:830} INFO - Processing file /home/airflow/.local/lib/python3.8/site-packages/airflow/example_dags/example_latest_only_with_trigger.py for tasks to queue
[2024-03-25T22:34:05.187+0000] {logging_mixin.py:188} INFO - [2024-03-25T22:34:05.186+0000] {dagbag.py:540} INFO - Filling up the DagBag from /home/airflow/.local/lib/python3.8/site-packages/airflow/example_dags/example_latest_only_with_trigger.py
[2024-03-25T22:34:05.190+0000] {processor.py:840} INFO - DAG(s) 'latest_only_with_trigger' retrieved from /home/airflow/.local/lib/python3.8/site-packages/airflow/example_dags/example_latest_only_with_trigger.py
[2024-03-25T22:34:05.202+0000] {logging_mixin.py:188} INFO - [2024-03-25T22:34:05.202+0000] {dag.py:3047} INFO - Sync 1 DAGs
[2024-03-25T22:34:05.211+0000] {logging_mixin.py:188} INFO - [2024-03-25T22:34:05.211+0000] {dag.py:3834} INFO - Setting next_dagrun for latest_only_with_trigger to 2024-03-25 16:00:00+00:00, run_after=2024-03-25 20:00:00+00:00
[2024-03-25T22:34:05.219+0000] {processor.py:183} INFO - Processing /home/airflow/.local/lib/python3.8/site-packages/airflow/example_dags/example_latest_only_with_trigger.py took 0.036 seconds
[2024-03-25T22:34:35.291+0000] {processor.py:161} INFO - Started process (PID=2904) to work on /home/airflow/.local/lib/python3.8/site-packages/airflow/example_dags/example_latest_only_with_trigger.py
[2024-03-25T22:34:35.292+0000] {processor.py:830} INFO - Processing file /home/airflow/.local/lib/python3.8/site-packages/airflow/example_dags/example_latest_only_with_trigger.py for tasks to queue
[2024-03-25T22:34:35.293+0000] {logging_mixin.py:188} INFO - [2024-03-25T22:34:35.293+0000] {dagbag.py:540} INFO - Filling up the DagBag from /home/airflow/.local/lib/python3.8/site-packages/airflow/example_dags/example_latest_only_with_trigger.py
[2024-03-25T22:34:35.296+0000] {processor.py:840} INFO - DAG(s) 'latest_only_with_trigger' retrieved from /home/airflow/.local/lib/python3.8/site-packages/airflow/example_dags/example_latest_only_with_trigger.py
[2024-03-25T22:34:35.308+0000] {logging_mixin.py:188} INFO - [2024-03-25T22:34:35.308+0000] {dag.py:3047} INFO - Sync 1 DAGs
[2024-03-25T22:34:35.317+0000] {logging_mixin.py:188} INFO - [2024-03-25T22:34:35.317+0000] {dag.py:3834} INFO - Setting next_dagrun for latest_only_with_trigger to 2024-03-25 16:00:00+00:00, run_after=2024-03-25 20:00:00+00:00
[2024-03-25T22:34:35.324+0000] {processor.py:183} INFO - Processing /home/airflow/.local/lib/python3.8/site-packages/airflow/example_dags/example_latest_only_with_trigger.py took 0.035 seconds
[2024-03-25T22:35:05.583+0000] {processor.py:161} INFO - Started process (PID=2959) to work on /home/airflow/.local/lib/python3.8/site-packages/airflow/example_dags/example_latest_only_with_trigger.py
[2024-03-25T22:35:05.584+0000] {processor.py:830} INFO - Processing file /home/airflow/.local/lib/python3.8/site-packages/airflow/example_dags/example_latest_only_with_trigger.py for tasks to queue
[2024-03-25T22:35:05.585+0000] {logging_mixin.py:188} INFO - [2024-03-25T22:35:05.585+0000] {dagbag.py:540} INFO - Filling up the DagBag from /home/airflow/.local/lib/python3.8/site-packages/airflow/example_dags/example_latest_only_with_trigger.py
[2024-03-25T22:35:05.588+0000] {processor.py:840} INFO - DAG(s) 'latest_only_with_trigger' retrieved from /home/airflow/.local/lib/python3.8/site-packages/airflow/example_dags/example_latest_only_with_trigger.py
[2024-03-25T22:35:05.600+0000] {logging_mixin.py:188} INFO - [2024-03-25T22:35:05.600+0000] {dag.py:3047} INFO - Sync 1 DAGs
[2024-03-25T22:35:05.674+0000] {logging_mixin.py:188} INFO - [2024-03-25T22:35:05.674+0000] {dag.py:3834} INFO - Setting next_dagrun for latest_only_with_trigger to 2024-03-25 16:00:00+00:00, run_after=2024-03-25 20:00:00+00:00
[2024-03-25T22:35:05.681+0000] {processor.py:183} INFO - Processing /home/airflow/.local/lib/python3.8/site-packages/airflow/example_dags/example_latest_only_with_trigger.py took 0.100 seconds
[2024-03-25T22:35:35.935+0000] {processor.py:161} INFO - Started process (PID=3014) to work on /home/airflow/.local/lib/python3.8/site-packages/airflow/example_dags/example_latest_only_with_trigger.py
[2024-03-25T22:35:35.935+0000] {processor.py:830} INFO - Processing file /home/airflow/.local/lib/python3.8/site-packages/airflow/example_dags/example_latest_only_with_trigger.py for tasks to queue
[2024-03-25T22:35:35.936+0000] {logging_mixin.py:188} INFO - [2024-03-25T22:35:35.936+0000] {dagbag.py:540} INFO - Filling up the DagBag from /home/airflow/.local/lib/python3.8/site-packages/airflow/example_dags/example_latest_only_with_trigger.py
[2024-03-25T22:35:35.940+0000] {processor.py:840} INFO - DAG(s) 'latest_only_with_trigger' retrieved from /home/airflow/.local/lib/python3.8/site-packages/airflow/example_dags/example_latest_only_with_trigger.py
[2024-03-25T22:35:35.952+0000] {logging_mixin.py:188} INFO - [2024-03-25T22:35:35.952+0000] {dag.py:3047} INFO - Sync 1 DAGs
[2024-03-25T22:35:36.041+0000] {logging_mixin.py:188} INFO - [2024-03-25T22:35:36.041+0000] {dag.py:3834} INFO - Setting next_dagrun for latest_only_with_trigger to 2024-03-25 16:00:00+00:00, run_after=2024-03-25 20:00:00+00:00
[2024-03-25T22:35:36.049+0000] {processor.py:183} INFO - Processing /home/airflow/.local/lib/python3.8/site-packages/airflow/example_dags/example_latest_only_with_trigger.py took 0.116 seconds
[2024-03-25T22:36:06.775+0000] {processor.py:161} INFO - Started process (PID=3069) to work on /home/airflow/.local/lib/python3.8/site-packages/airflow/example_dags/example_latest_only_with_trigger.py
[2024-03-25T22:36:06.776+0000] {processor.py:830} INFO - Processing file /home/airflow/.local/lib/python3.8/site-packages/airflow/example_dags/example_latest_only_with_trigger.py for tasks to queue
[2024-03-25T22:36:06.777+0000] {logging_mixin.py:188} INFO - [2024-03-25T22:36:06.777+0000] {dagbag.py:540} INFO - Filling up the DagBag from /home/airflow/.local/lib/python3.8/site-packages/airflow/example_dags/example_latest_only_with_trigger.py
[2024-03-25T22:36:06.780+0000] {processor.py:840} INFO - DAG(s) 'latest_only_with_trigger' retrieved from /home/airflow/.local/lib/python3.8/site-packages/airflow/example_dags/example_latest_only_with_trigger.py
[2024-03-25T22:36:06.793+0000] {logging_mixin.py:188} INFO - [2024-03-25T22:36:06.793+0000] {dag.py:3047} INFO - Sync 1 DAGs
[2024-03-25T22:36:06.803+0000] {logging_mixin.py:188} INFO - [2024-03-25T22:36:06.802+0000] {dag.py:3834} INFO - Setting next_dagrun for latest_only_with_trigger to 2024-03-25 16:00:00+00:00, run_after=2024-03-25 20:00:00+00:00
[2024-03-25T22:36:06.810+0000] {processor.py:183} INFO - Processing /home/airflow/.local/lib/python3.8/site-packages/airflow/example_dags/example_latest_only_with_trigger.py took 0.036 seconds
[2024-03-25T22:36:37.498+0000] {processor.py:161} INFO - Started process (PID=3125) to work on /home/airflow/.local/lib/python3.8/site-packages/airflow/example_dags/example_latest_only_with_trigger.py
[2024-03-25T22:36:37.499+0000] {processor.py:830} INFO - Processing file /home/airflow/.local/lib/python3.8/site-packages/airflow/example_dags/example_latest_only_with_trigger.py for tasks to queue
[2024-03-25T22:36:37.500+0000] {logging_mixin.py:188} INFO - [2024-03-25T22:36:37.500+0000] {dagbag.py:540} INFO - Filling up the DagBag from /home/airflow/.local/lib/python3.8/site-packages/airflow/example_dags/example_latest_only_with_trigger.py
[2024-03-25T22:36:37.503+0000] {processor.py:840} INFO - DAG(s) 'latest_only_with_trigger' retrieved from /home/airflow/.local/lib/python3.8/site-packages/airflow/example_dags/example_latest_only_with_trigger.py
[2024-03-25T22:36:37.515+0000] {logging_mixin.py:188} INFO - [2024-03-25T22:36:37.515+0000] {dag.py:3047} INFO - Sync 1 DAGs
[2024-03-25T22:36:37.525+0000] {logging_mixin.py:188} INFO - [2024-03-25T22:36:37.524+0000] {dag.py:3834} INFO - Setting next_dagrun for latest_only_with_trigger to 2024-03-25 16:00:00+00:00, run_after=2024-03-25 20:00:00+00:00
[2024-03-25T22:36:37.532+0000] {processor.py:183} INFO - Processing /home/airflow/.local/lib/python3.8/site-packages/airflow/example_dags/example_latest_only_with_trigger.py took 0.035 seconds
[2024-03-25T22:37:08.208+0000] {processor.py:161} INFO - Started process (PID=3180) to work on /home/airflow/.local/lib/python3.8/site-packages/airflow/example_dags/example_latest_only_with_trigger.py
[2024-03-25T22:37:08.209+0000] {processor.py:830} INFO - Processing file /home/airflow/.local/lib/python3.8/site-packages/airflow/example_dags/example_latest_only_with_trigger.py for tasks to queue
[2024-03-25T22:37:08.210+0000] {logging_mixin.py:188} INFO - [2024-03-25T22:37:08.210+0000] {dagbag.py:540} INFO - Filling up the DagBag from /home/airflow/.local/lib/python3.8/site-packages/airflow/example_dags/example_latest_only_with_trigger.py
[2024-03-25T22:37:08.213+0000] {processor.py:840} INFO - DAG(s) 'latest_only_with_trigger' retrieved from /home/airflow/.local/lib/python3.8/site-packages/airflow/example_dags/example_latest_only_with_trigger.py
[2024-03-25T22:37:08.226+0000] {logging_mixin.py:188} INFO - [2024-03-25T22:37:08.226+0000] {dag.py:3047} INFO - Sync 1 DAGs
[2024-03-25T22:37:08.236+0000] {logging_mixin.py:188} INFO - [2024-03-25T22:37:08.236+0000] {dag.py:3834} INFO - Setting next_dagrun for latest_only_with_trigger to 2024-03-25 16:00:00+00:00, run_after=2024-03-25 20:00:00+00:00
[2024-03-25T22:37:08.243+0000] {processor.py:183} INFO - Processing /home/airflow/.local/lib/python3.8/site-packages/airflow/example_dags/example_latest_only_with_trigger.py took 0.037 seconds
[2024-03-25T22:37:38.883+0000] {processor.py:161} INFO - Started process (PID=3235) to work on /home/airflow/.local/lib/python3.8/site-packages/airflow/example_dags/example_latest_only_with_trigger.py
[2024-03-25T22:37:38.884+0000] {processor.py:830} INFO - Processing file /home/airflow/.local/lib/python3.8/site-packages/airflow/example_dags/example_latest_only_with_trigger.py for tasks to queue
[2024-03-25T22:37:38.885+0000] {logging_mixin.py:188} INFO - [2024-03-25T22:37:38.885+0000] {dagbag.py:540} INFO - Filling up the DagBag from /home/airflow/.local/lib/python3.8/site-packages/airflow/example_dags/example_latest_only_with_trigger.py
[2024-03-25T22:37:38.888+0000] {processor.py:840} INFO - DAG(s) 'latest_only_with_trigger' retrieved from /home/airflow/.local/lib/python3.8/site-packages/airflow/example_dags/example_latest_only_with_trigger.py
[2024-03-25T22:37:38.901+0000] {logging_mixin.py:188} INFO - [2024-03-25T22:37:38.901+0000] {dag.py:3047} INFO - Sync 1 DAGs
[2024-03-25T22:37:38.910+0000] {logging_mixin.py:188} INFO - [2024-03-25T22:37:38.910+0000] {dag.py:3834} INFO - Setting next_dagrun for latest_only_with_trigger to 2024-03-25 16:00:00+00:00, run_after=2024-03-25 20:00:00+00:00
[2024-03-25T22:37:38.917+0000] {processor.py:183} INFO - Processing /home/airflow/.local/lib/python3.8/site-packages/airflow/example_dags/example_latest_only_with_trigger.py took 0.036 seconds
[2024-03-25T22:38:09.600+0000] {processor.py:161} INFO - Started process (PID=3290) to work on /home/airflow/.local/lib/python3.8/site-packages/airflow/example_dags/example_latest_only_with_trigger.py
[2024-03-25T22:38:09.601+0000] {processor.py:830} INFO - Processing file /home/airflow/.local/lib/python3.8/site-packages/airflow/example_dags/example_latest_only_with_trigger.py for tasks to queue
[2024-03-25T22:38:09.602+0000] {logging_mixin.py:188} INFO - [2024-03-25T22:38:09.602+0000] {dagbag.py:540} INFO - Filling up the DagBag from /home/airflow/.local/lib/python3.8/site-packages/airflow/example_dags/example_latest_only_with_trigger.py
[2024-03-25T22:38:09.606+0000] {processor.py:840} INFO - DAG(s) 'latest_only_with_trigger' retrieved from /home/airflow/.local/lib/python3.8/site-packages/airflow/example_dags/example_latest_only_with_trigger.py
[2024-03-25T22:38:09.618+0000] {logging_mixin.py:188} INFO - [2024-03-25T22:38:09.618+0000] {dag.py:3047} INFO - Sync 1 DAGs
[2024-03-25T22:38:09.627+0000] {logging_mixin.py:188} INFO - [2024-03-25T22:38:09.627+0000] {dag.py:3834} INFO - Setting next_dagrun for latest_only_with_trigger to 2024-03-25 16:00:00+00:00, run_after=2024-03-25 20:00:00+00:00
[2024-03-25T22:38:09.635+0000] {processor.py:183} INFO - Processing /home/airflow/.local/lib/python3.8/site-packages/airflow/example_dags/example_latest_only_with_trigger.py took 0.037 seconds
[2024-03-25T22:38:40.272+0000] {processor.py:161} INFO - Started process (PID=3345) to work on /home/airflow/.local/lib/python3.8/site-packages/airflow/example_dags/example_latest_only_with_trigger.py
[2024-03-25T22:38:40.273+0000] {processor.py:830} INFO - Processing file /home/airflow/.local/lib/python3.8/site-packages/airflow/example_dags/example_latest_only_with_trigger.py for tasks to queue
[2024-03-25T22:38:40.274+0000] {logging_mixin.py:188} INFO - [2024-03-25T22:38:40.273+0000] {dagbag.py:540} INFO - Filling up the DagBag from /home/airflow/.local/lib/python3.8/site-packages/airflow/example_dags/example_latest_only_with_trigger.py
[2024-03-25T22:38:40.277+0000] {processor.py:840} INFO - DAG(s) 'latest_only_with_trigger' retrieved from /home/airflow/.local/lib/python3.8/site-packages/airflow/example_dags/example_latest_only_with_trigger.py
[2024-03-25T22:38:40.289+0000] {logging_mixin.py:188} INFO - [2024-03-25T22:38:40.289+0000] {dag.py:3047} INFO - Sync 1 DAGs
[2024-03-25T22:38:40.298+0000] {logging_mixin.py:188} INFO - [2024-03-25T22:38:40.298+0000] {dag.py:3834} INFO - Setting next_dagrun for latest_only_with_trigger to 2024-03-25 16:00:00+00:00, run_after=2024-03-25 20:00:00+00:00
[2024-03-25T22:38:40.305+0000] {processor.py:183} INFO - Processing /home/airflow/.local/lib/python3.8/site-packages/airflow/example_dags/example_latest_only_with_trigger.py took 0.035 seconds
[2024-03-25T22:39:10.997+0000] {processor.py:161} INFO - Started process (PID=3400) to work on /home/airflow/.local/lib/python3.8/site-packages/airflow/example_dags/example_latest_only_with_trigger.py
[2024-03-25T22:39:10.998+0000] {processor.py:830} INFO - Processing file /home/airflow/.local/lib/python3.8/site-packages/airflow/example_dags/example_latest_only_with_trigger.py for tasks to queue
[2024-03-25T22:39:10.999+0000] {logging_mixin.py:188} INFO - [2024-03-25T22:39:10.999+0000] {dagbag.py:540} INFO - Filling up the DagBag from /home/airflow/.local/lib/python3.8/site-packages/airflow/example_dags/example_latest_only_with_trigger.py
[2024-03-25T22:39:11.002+0000] {processor.py:840} INFO - DAG(s) 'latest_only_with_trigger' retrieved from /home/airflow/.local/lib/python3.8/site-packages/airflow/example_dags/example_latest_only_with_trigger.py
[2024-03-25T22:39:11.014+0000] {logging_mixin.py:188} INFO - [2024-03-25T22:39:11.013+0000] {dag.py:3047} INFO - Sync 1 DAGs
[2024-03-25T22:39:11.022+0000] {logging_mixin.py:188} INFO - [2024-03-25T22:39:11.022+0000] {dag.py:3834} INFO - Setting next_dagrun for latest_only_with_trigger to 2024-03-25 16:00:00+00:00, run_after=2024-03-25 20:00:00+00:00
[2024-03-25T22:39:11.029+0000] {processor.py:183} INFO - Processing /home/airflow/.local/lib/python3.8/site-packages/airflow/example_dags/example_latest_only_with_trigger.py took 0.034 seconds
[2024-03-25T22:39:41.729+0000] {processor.py:161} INFO - Started process (PID=3454) to work on /home/airflow/.local/lib/python3.8/site-packages/airflow/example_dags/example_latest_only_with_trigger.py
[2024-03-25T22:39:41.730+0000] {processor.py:830} INFO - Processing file /home/airflow/.local/lib/python3.8/site-packages/airflow/example_dags/example_latest_only_with_trigger.py for tasks to queue
[2024-03-25T22:39:41.731+0000] {logging_mixin.py:188} INFO - [2024-03-25T22:39:41.731+0000] {dagbag.py:540} INFO - Filling up the DagBag from /home/airflow/.local/lib/python3.8/site-packages/airflow/example_dags/example_latest_only_with_trigger.py
[2024-03-25T22:39:41.734+0000] {processor.py:840} INFO - DAG(s) 'latest_only_with_trigger' retrieved from /home/airflow/.local/lib/python3.8/site-packages/airflow/example_dags/example_latest_only_with_trigger.py
[2024-03-25T22:39:41.747+0000] {logging_mixin.py:188} INFO - [2024-03-25T22:39:41.746+0000] {dag.py:3047} INFO - Sync 1 DAGs
[2024-03-25T22:39:41.756+0000] {logging_mixin.py:188} INFO - [2024-03-25T22:39:41.756+0000] {dag.py:3834} INFO - Setting next_dagrun for latest_only_with_trigger to 2024-03-25 16:00:00+00:00, run_after=2024-03-25 20:00:00+00:00
[2024-03-25T22:39:41.763+0000] {processor.py:183} INFO - Processing /home/airflow/.local/lib/python3.8/site-packages/airflow/example_dags/example_latest_only_with_trigger.py took 0.036 seconds
[2024-03-25T22:40:12.520+0000] {processor.py:161} INFO - Started process (PID=3509) to work on /home/airflow/.local/lib/python3.8/site-packages/airflow/example_dags/example_latest_only_with_trigger.py
[2024-03-25T22:40:12.520+0000] {processor.py:830} INFO - Processing file /home/airflow/.local/lib/python3.8/site-packages/airflow/example_dags/example_latest_only_with_trigger.py for tasks to queue
[2024-03-25T22:40:12.521+0000] {logging_mixin.py:188} INFO - [2024-03-25T22:40:12.521+0000] {dagbag.py:540} INFO - Filling up the DagBag from /home/airflow/.local/lib/python3.8/site-packages/airflow/example_dags/example_latest_only_with_trigger.py
[2024-03-25T22:40:12.525+0000] {processor.py:840} INFO - DAG(s) 'latest_only_with_trigger' retrieved from /home/airflow/.local/lib/python3.8/site-packages/airflow/example_dags/example_latest_only_with_trigger.py
[2024-03-25T22:40:12.537+0000] {logging_mixin.py:188} INFO - [2024-03-25T22:40:12.537+0000] {dag.py:3047} INFO - Sync 1 DAGs
[2024-03-25T22:40:12.546+0000] {logging_mixin.py:188} INFO - [2024-03-25T22:40:12.546+0000] {dag.py:3834} INFO - Setting next_dagrun for latest_only_with_trigger to 2024-03-25 16:00:00+00:00, run_after=2024-03-25 20:00:00+00:00
[2024-03-25T22:40:12.554+0000] {processor.py:183} INFO - Processing /home/airflow/.local/lib/python3.8/site-packages/airflow/example_dags/example_latest_only_with_trigger.py took 0.035 seconds
[2024-03-25T22:40:43.258+0000] {processor.py:161} INFO - Started process (PID=3564) to work on /home/airflow/.local/lib/python3.8/site-packages/airflow/example_dags/example_latest_only_with_trigger.py
[2024-03-25T22:40:43.259+0000] {processor.py:830} INFO - Processing file /home/airflow/.local/lib/python3.8/site-packages/airflow/example_dags/example_latest_only_with_trigger.py for tasks to queue
[2024-03-25T22:40:43.260+0000] {logging_mixin.py:188} INFO - [2024-03-25T22:40:43.260+0000] {dagbag.py:540} INFO - Filling up the DagBag from /home/airflow/.local/lib/python3.8/site-packages/airflow/example_dags/example_latest_only_with_trigger.py
[2024-03-25T22:40:43.263+0000] {processor.py:840} INFO - DAG(s) 'latest_only_with_trigger' retrieved from /home/airflow/.local/lib/python3.8/site-packages/airflow/example_dags/example_latest_only_with_trigger.py
[2024-03-25T22:40:43.275+0000] {logging_mixin.py:188} INFO - [2024-03-25T22:40:43.275+0000] {dag.py:3047} INFO - Sync 1 DAGs
[2024-03-25T22:40:43.285+0000] {logging_mixin.py:188} INFO - [2024-03-25T22:40:43.285+0000] {dag.py:3834} INFO - Setting next_dagrun for latest_only_with_trigger to 2024-03-25 16:00:00+00:00, run_after=2024-03-25 20:00:00+00:00
[2024-03-25T22:40:43.292+0000] {processor.py:183} INFO - Processing /home/airflow/.local/lib/python3.8/site-packages/airflow/example_dags/example_latest_only_with_trigger.py took 0.036 seconds
[2024-03-25T22:41:14.036+0000] {processor.py:161} INFO - Started process (PID=3619) to work on /home/airflow/.local/lib/python3.8/site-packages/airflow/example_dags/example_latest_only_with_trigger.py
[2024-03-25T22:41:14.037+0000] {processor.py:830} INFO - Processing file /home/airflow/.local/lib/python3.8/site-packages/airflow/example_dags/example_latest_only_with_trigger.py for tasks to queue
[2024-03-25T22:41:14.038+0000] {logging_mixin.py:188} INFO - [2024-03-25T22:41:14.038+0000] {dagbag.py:540} INFO - Filling up the DagBag from /home/airflow/.local/lib/python3.8/site-packages/airflow/example_dags/example_latest_only_with_trigger.py
[2024-03-25T22:41:14.041+0000] {processor.py:840} INFO - DAG(s) 'latest_only_with_trigger' retrieved from /home/airflow/.local/lib/python3.8/site-packages/airflow/example_dags/example_latest_only_with_trigger.py
[2024-03-25T22:41:14.053+0000] {logging_mixin.py:188} INFO - [2024-03-25T22:41:14.053+0000] {dag.py:3047} INFO - Sync 1 DAGs
[2024-03-25T22:41:14.062+0000] {logging_mixin.py:188} INFO - [2024-03-25T22:41:14.062+0000] {dag.py:3834} INFO - Setting next_dagrun for latest_only_with_trigger to 2024-03-25 16:00:00+00:00, run_after=2024-03-25 20:00:00+00:00
[2024-03-25T22:41:14.069+0000] {processor.py:183} INFO - Processing /home/airflow/.local/lib/python3.8/site-packages/airflow/example_dags/example_latest_only_with_trigger.py took 0.035 seconds
[2024-03-25T22:41:44.844+0000] {processor.py:161} INFO - Started process (PID=3674) to work on /home/airflow/.local/lib/python3.8/site-packages/airflow/example_dags/example_latest_only_with_trigger.py
[2024-03-25T22:41:44.845+0000] {processor.py:830} INFO - Processing file /home/airflow/.local/lib/python3.8/site-packages/airflow/example_dags/example_latest_only_with_trigger.py for tasks to queue
[2024-03-25T22:41:44.846+0000] {logging_mixin.py:188} INFO - [2024-03-25T22:41:44.846+0000] {dagbag.py:540} INFO - Filling up the DagBag from /home/airflow/.local/lib/python3.8/site-packages/airflow/example_dags/example_latest_only_with_trigger.py
[2024-03-25T22:41:44.849+0000] {processor.py:840} INFO - DAG(s) 'latest_only_with_trigger' retrieved from /home/airflow/.local/lib/python3.8/site-packages/airflow/example_dags/example_latest_only_with_trigger.py
[2024-03-25T22:41:44.861+0000] {logging_mixin.py:188} INFO - [2024-03-25T22:41:44.861+0000] {dag.py:3047} INFO - Sync 1 DAGs
[2024-03-25T22:41:44.871+0000] {logging_mixin.py:188} INFO - [2024-03-25T22:41:44.871+0000] {dag.py:3834} INFO - Setting next_dagrun for latest_only_with_trigger to 2024-03-25 16:00:00+00:00, run_after=2024-03-25 20:00:00+00:00
[2024-03-25T22:41:44.878+0000] {processor.py:183} INFO - Processing /home/airflow/.local/lib/python3.8/site-packages/airflow/example_dags/example_latest_only_with_trigger.py took 0.036 seconds
[2024-03-25T22:42:15.623+0000] {processor.py:161} INFO - Started process (PID=3729) to work on /home/airflow/.local/lib/python3.8/site-packages/airflow/example_dags/example_latest_only_with_trigger.py
[2024-03-25T22:42:15.623+0000] {processor.py:830} INFO - Processing file /home/airflow/.local/lib/python3.8/site-packages/airflow/example_dags/example_latest_only_with_trigger.py for tasks to queue
[2024-03-25T22:42:15.624+0000] {logging_mixin.py:188} INFO - [2024-03-25T22:42:15.624+0000] {dagbag.py:540} INFO - Filling up the DagBag from /home/airflow/.local/lib/python3.8/site-packages/airflow/example_dags/example_latest_only_with_trigger.py
[2024-03-25T22:42:15.628+0000] {processor.py:840} INFO - DAG(s) 'latest_only_with_trigger' retrieved from /home/airflow/.local/lib/python3.8/site-packages/airflow/example_dags/example_latest_only_with_trigger.py
[2024-03-25T22:42:15.640+0000] {logging_mixin.py:188} INFO - [2024-03-25T22:42:15.640+0000] {dag.py:3047} INFO - Sync 1 DAGs
[2024-03-25T22:42:15.650+0000] {logging_mixin.py:188} INFO - [2024-03-25T22:42:15.650+0000] {dag.py:3834} INFO - Setting next_dagrun for latest_only_with_trigger to 2024-03-25 16:00:00+00:00, run_after=2024-03-25 20:00:00+00:00
[2024-03-25T22:42:15.657+0000] {processor.py:183} INFO - Processing /home/airflow/.local/lib/python3.8/site-packages/airflow/example_dags/example_latest_only_with_trigger.py took 0.037 seconds
[2024-03-25T22:42:46.528+0000] {processor.py:161} INFO - Started process (PID=3784) to work on /home/airflow/.local/lib/python3.8/site-packages/airflow/example_dags/example_latest_only_with_trigger.py
[2024-03-25T22:42:46.529+0000] {processor.py:830} INFO - Processing file /home/airflow/.local/lib/python3.8/site-packages/airflow/example_dags/example_latest_only_with_trigger.py for tasks to queue
[2024-03-25T22:42:46.531+0000] {logging_mixin.py:188} INFO - [2024-03-25T22:42:46.531+0000] {dagbag.py:540} INFO - Filling up the DagBag from /home/airflow/.local/lib/python3.8/site-packages/airflow/example_dags/example_latest_only_with_trigger.py
[2024-03-25T22:42:46.535+0000] {processor.py:840} INFO - DAG(s) 'latest_only_with_trigger' retrieved from /home/airflow/.local/lib/python3.8/site-packages/airflow/example_dags/example_latest_only_with_trigger.py
[2024-03-25T22:42:46.551+0000] {logging_mixin.py:188} INFO - [2024-03-25T22:42:46.551+0000] {dag.py:3047} INFO - Sync 1 DAGs
[2024-03-25T22:42:46.561+0000] {logging_mixin.py:188} INFO - [2024-03-25T22:42:46.561+0000] {dag.py:3834} INFO - Setting next_dagrun for latest_only_with_trigger to 2024-03-25 16:00:00+00:00, run_after=2024-03-25 20:00:00+00:00
[2024-03-25T22:42:46.568+0000] {processor.py:183} INFO - Processing /home/airflow/.local/lib/python3.8/site-packages/airflow/example_dags/example_latest_only_with_trigger.py took 0.042 seconds
[2024-03-25T22:43:17.324+0000] {processor.py:161} INFO - Started process (PID=3839) to work on /home/airflow/.local/lib/python3.8/site-packages/airflow/example_dags/example_latest_only_with_trigger.py
[2024-03-25T22:43:17.324+0000] {processor.py:830} INFO - Processing file /home/airflow/.local/lib/python3.8/site-packages/airflow/example_dags/example_latest_only_with_trigger.py for tasks to queue
[2024-03-25T22:43:17.326+0000] {logging_mixin.py:188} INFO - [2024-03-25T22:43:17.325+0000] {dagbag.py:540} INFO - Filling up the DagBag from /home/airflow/.local/lib/python3.8/site-packages/airflow/example_dags/example_latest_only_with_trigger.py
[2024-03-25T22:43:17.329+0000] {processor.py:840} INFO - DAG(s) 'latest_only_with_trigger' retrieved from /home/airflow/.local/lib/python3.8/site-packages/airflow/example_dags/example_latest_only_with_trigger.py
[2024-03-25T22:43:17.341+0000] {logging_mixin.py:188} INFO - [2024-03-25T22:43:17.341+0000] {dag.py:3047} INFO - Sync 1 DAGs
[2024-03-25T22:43:17.352+0000] {logging_mixin.py:188} INFO - [2024-03-25T22:43:17.352+0000] {dag.py:3834} INFO - Setting next_dagrun for latest_only_with_trigger to 2024-03-25 16:00:00+00:00, run_after=2024-03-25 20:00:00+00:00
[2024-03-25T22:43:17.360+0000] {processor.py:183} INFO - Processing /home/airflow/.local/lib/python3.8/site-packages/airflow/example_dags/example_latest_only_with_trigger.py took 0.039 seconds
[2024-03-25T23:07:52.716+0000] {processor.py:161} INFO - Started process (PID=3888) to work on /home/airflow/.local/lib/python3.8/site-packages/airflow/example_dags/example_latest_only_with_trigger.py
[2024-03-25T23:07:52.717+0000] {processor.py:830} INFO - Processing file /home/airflow/.local/lib/python3.8/site-packages/airflow/example_dags/example_latest_only_with_trigger.py for tasks to queue
[2024-03-25T23:07:52.718+0000] {logging_mixin.py:188} INFO - [2024-03-25T23:07:52.717+0000] {dagbag.py:540} INFO - Filling up the DagBag from /home/airflow/.local/lib/python3.8/site-packages/airflow/example_dags/example_latest_only_with_trigger.py
[2024-03-25T23:07:52.721+0000] {processor.py:840} INFO - DAG(s) 'latest_only_with_trigger' retrieved from /home/airflow/.local/lib/python3.8/site-packages/airflow/example_dags/example_latest_only_with_trigger.py
[2024-03-25T23:07:52.735+0000] {logging_mixin.py:188} INFO - [2024-03-25T23:07:52.734+0000] {dag.py:3047} INFO - Sync 1 DAGs
[2024-03-25T23:07:52.745+0000] {logging_mixin.py:188} INFO - [2024-03-25T23:07:52.745+0000] {dag.py:3834} INFO - Setting next_dagrun for latest_only_with_trigger to 2024-03-25 16:00:00+00:00, run_after=2024-03-25 20:00:00+00:00
[2024-03-25T23:07:52.753+0000] {processor.py:183} INFO - Processing /home/airflow/.local/lib/python3.8/site-packages/airflow/example_dags/example_latest_only_with_trigger.py took 0.039 seconds
