[2024-03-25T22:08:05.951+0000] {processor.py:161} INFO - Started process (PID=47) to work on /home/airflow/.local/lib/python3.8/site-packages/airflow/example_dags/example_skip_dag.py
[2024-03-25T22:08:05.952+0000] {processor.py:830} INFO - Processing file /home/airflow/.local/lib/python3.8/site-packages/airflow/example_dags/example_skip_dag.py for tasks to queue
[2024-03-25T22:08:05.953+0000] {logging_mixin.py:188} INFO - [2024-03-25T22:08:05.953+0000] {dagbag.py:540} INFO - Filling up the DagBag from /home/airflow/.local/lib/python3.8/site-packages/airflow/example_dags/example_skip_dag.py
[2024-03-25T22:08:05.960+0000] {processor.py:840} INFO - DAG(s) 'example_skip_dag' retrieved from /home/airflow/.local/lib/python3.8/site-packages/airflow/example_dags/example_skip_dag.py
[2024-03-25T22:08:05.994+0000] {logging_mixin.py:188} INFO - [2024-03-25T22:08:05.994+0000] {dag.py:3047} INFO - Sync 1 DAGs
[2024-03-25T22:08:06.010+0000] {logging_mixin.py:188} INFO - [2024-03-25T22:08:06.010+0000] {dag.py:3834} INFO - Setting next_dagrun for example_skip_dag to 2024-03-24 00:00:00+00:00, run_after=2024-03-25 00:00:00+00:00
[2024-03-25T22:08:06.024+0000] {processor.py:183} INFO - Processing /home/airflow/.local/lib/python3.8/site-packages/airflow/example_dags/example_skip_dag.py took 0.075 seconds
[2024-03-25T22:08:36.950+0000] {processor.py:161} INFO - Started process (PID=102) to work on /home/airflow/.local/lib/python3.8/site-packages/airflow/example_dags/example_skip_dag.py
[2024-03-25T22:08:36.951+0000] {processor.py:830} INFO - Processing file /home/airflow/.local/lib/python3.8/site-packages/airflow/example_dags/example_skip_dag.py for tasks to queue
[2024-03-25T22:08:36.952+0000] {logging_mixin.py:188} INFO - [2024-03-25T22:08:36.952+0000] {dagbag.py:540} INFO - Filling up the DagBag from /home/airflow/.local/lib/python3.8/site-packages/airflow/example_dags/example_skip_dag.py
[2024-03-25T22:08:36.956+0000] {processor.py:840} INFO - DAG(s) 'example_skip_dag' retrieved from /home/airflow/.local/lib/python3.8/site-packages/airflow/example_dags/example_skip_dag.py
[2024-03-25T22:08:36.968+0000] {logging_mixin.py:188} INFO - [2024-03-25T22:08:36.968+0000] {dag.py:3047} INFO - Sync 1 DAGs
[2024-03-25T22:08:36.978+0000] {logging_mixin.py:188} INFO - [2024-03-25T22:08:36.978+0000] {dag.py:3834} INFO - Setting next_dagrun for example_skip_dag to 2024-03-24 00:00:00+00:00, run_after=2024-03-25 00:00:00+00:00
[2024-03-25T22:08:36.986+0000] {processor.py:183} INFO - Processing /home/airflow/.local/lib/python3.8/site-packages/airflow/example_dags/example_skip_dag.py took 0.037 seconds
[2024-03-25T22:09:07.518+0000] {processor.py:161} INFO - Started process (PID=157) to work on /home/airflow/.local/lib/python3.8/site-packages/airflow/example_dags/example_skip_dag.py
[2024-03-25T22:09:07.519+0000] {processor.py:830} INFO - Processing file /home/airflow/.local/lib/python3.8/site-packages/airflow/example_dags/example_skip_dag.py for tasks to queue
[2024-03-25T22:09:07.520+0000] {logging_mixin.py:188} INFO - [2024-03-25T22:09:07.520+0000] {dagbag.py:540} INFO - Filling up the DagBag from /home/airflow/.local/lib/python3.8/site-packages/airflow/example_dags/example_skip_dag.py
[2024-03-25T22:09:07.524+0000] {processor.py:840} INFO - DAG(s) 'example_skip_dag' retrieved from /home/airflow/.local/lib/python3.8/site-packages/airflow/example_dags/example_skip_dag.py
[2024-03-25T22:09:07.536+0000] {logging_mixin.py:188} INFO - [2024-03-25T22:09:07.536+0000] {dag.py:3047} INFO - Sync 1 DAGs
[2024-03-25T22:09:07.545+0000] {logging_mixin.py:188} INFO - [2024-03-25T22:09:07.545+0000] {dag.py:3834} INFO - Setting next_dagrun for example_skip_dag to 2024-03-24 00:00:00+00:00, run_after=2024-03-25 00:00:00+00:00
[2024-03-25T22:09:07.553+0000] {processor.py:183} INFO - Processing /home/airflow/.local/lib/python3.8/site-packages/airflow/example_dags/example_skip_dag.py took 0.036 seconds
[2024-03-25T22:09:38.059+0000] {processor.py:161} INFO - Started process (PID=212) to work on /home/airflow/.local/lib/python3.8/site-packages/airflow/example_dags/example_skip_dag.py
[2024-03-25T22:09:38.060+0000] {processor.py:830} INFO - Processing file /home/airflow/.local/lib/python3.8/site-packages/airflow/example_dags/example_skip_dag.py for tasks to queue
[2024-03-25T22:09:38.061+0000] {logging_mixin.py:188} INFO - [2024-03-25T22:09:38.061+0000] {dagbag.py:540} INFO - Filling up the DagBag from /home/airflow/.local/lib/python3.8/site-packages/airflow/example_dags/example_skip_dag.py
[2024-03-25T22:09:38.065+0000] {processor.py:840} INFO - DAG(s) 'example_skip_dag' retrieved from /home/airflow/.local/lib/python3.8/site-packages/airflow/example_dags/example_skip_dag.py
[2024-03-25T22:09:38.077+0000] {logging_mixin.py:188} INFO - [2024-03-25T22:09:38.077+0000] {dag.py:3047} INFO - Sync 1 DAGs
[2024-03-25T22:09:38.087+0000] {logging_mixin.py:188} INFO - [2024-03-25T22:09:38.087+0000] {dag.py:3834} INFO - Setting next_dagrun for example_skip_dag to 2024-03-24 00:00:00+00:00, run_after=2024-03-25 00:00:00+00:00
[2024-03-25T22:09:38.095+0000] {processor.py:183} INFO - Processing /home/airflow/.local/lib/python3.8/site-packages/airflow/example_dags/example_skip_dag.py took 0.037 seconds
[2024-03-25T22:10:08.619+0000] {processor.py:161} INFO - Started process (PID=268) to work on /home/airflow/.local/lib/python3.8/site-packages/airflow/example_dags/example_skip_dag.py
[2024-03-25T22:10:08.620+0000] {processor.py:830} INFO - Processing file /home/airflow/.local/lib/python3.8/site-packages/airflow/example_dags/example_skip_dag.py for tasks to queue
[2024-03-25T22:10:08.621+0000] {logging_mixin.py:188} INFO - [2024-03-25T22:10:08.621+0000] {dagbag.py:540} INFO - Filling up the DagBag from /home/airflow/.local/lib/python3.8/site-packages/airflow/example_dags/example_skip_dag.py
[2024-03-25T22:10:08.625+0000] {processor.py:840} INFO - DAG(s) 'example_skip_dag' retrieved from /home/airflow/.local/lib/python3.8/site-packages/airflow/example_dags/example_skip_dag.py
[2024-03-25T22:10:08.637+0000] {logging_mixin.py:188} INFO - [2024-03-25T22:10:08.637+0000] {dag.py:3047} INFO - Sync 1 DAGs
[2024-03-25T22:10:08.647+0000] {logging_mixin.py:188} INFO - [2024-03-25T22:10:08.647+0000] {dag.py:3834} INFO - Setting next_dagrun for example_skip_dag to 2024-03-24 00:00:00+00:00, run_after=2024-03-25 00:00:00+00:00
[2024-03-25T22:10:08.655+0000] {processor.py:183} INFO - Processing /home/airflow/.local/lib/python3.8/site-packages/airflow/example_dags/example_skip_dag.py took 0.037 seconds
[2024-03-25T22:10:39.211+0000] {processor.py:161} INFO - Started process (PID=323) to work on /home/airflow/.local/lib/python3.8/site-packages/airflow/example_dags/example_skip_dag.py
[2024-03-25T22:10:39.211+0000] {processor.py:830} INFO - Processing file /home/airflow/.local/lib/python3.8/site-packages/airflow/example_dags/example_skip_dag.py for tasks to queue
[2024-03-25T22:10:39.212+0000] {logging_mixin.py:188} INFO - [2024-03-25T22:10:39.212+0000] {dagbag.py:540} INFO - Filling up the DagBag from /home/airflow/.local/lib/python3.8/site-packages/airflow/example_dags/example_skip_dag.py
[2024-03-25T22:10:39.216+0000] {processor.py:840} INFO - DAG(s) 'example_skip_dag' retrieved from /home/airflow/.local/lib/python3.8/site-packages/airflow/example_dags/example_skip_dag.py
[2024-03-25T22:10:39.229+0000] {logging_mixin.py:188} INFO - [2024-03-25T22:10:39.229+0000] {dag.py:3047} INFO - Sync 1 DAGs
[2024-03-25T22:10:39.240+0000] {logging_mixin.py:188} INFO - [2024-03-25T22:10:39.240+0000] {dag.py:3834} INFO - Setting next_dagrun for example_skip_dag to 2024-03-24 00:00:00+00:00, run_after=2024-03-25 00:00:00+00:00
[2024-03-25T22:10:39.248+0000] {processor.py:183} INFO - Processing /home/airflow/.local/lib/python3.8/site-packages/airflow/example_dags/example_skip_dag.py took 0.039 seconds
[2024-03-25T22:11:09.759+0000] {processor.py:161} INFO - Started process (PID=378) to work on /home/airflow/.local/lib/python3.8/site-packages/airflow/example_dags/example_skip_dag.py
[2024-03-25T22:11:09.759+0000] {processor.py:830} INFO - Processing file /home/airflow/.local/lib/python3.8/site-packages/airflow/example_dags/example_skip_dag.py for tasks to queue
[2024-03-25T22:11:09.760+0000] {logging_mixin.py:188} INFO - [2024-03-25T22:11:09.760+0000] {dagbag.py:540} INFO - Filling up the DagBag from /home/airflow/.local/lib/python3.8/site-packages/airflow/example_dags/example_skip_dag.py
[2024-03-25T22:11:09.764+0000] {processor.py:840} INFO - DAG(s) 'example_skip_dag' retrieved from /home/airflow/.local/lib/python3.8/site-packages/airflow/example_dags/example_skip_dag.py
[2024-03-25T22:11:09.776+0000] {logging_mixin.py:188} INFO - [2024-03-25T22:11:09.776+0000] {dag.py:3047} INFO - Sync 1 DAGs
[2024-03-25T22:11:09.786+0000] {logging_mixin.py:188} INFO - [2024-03-25T22:11:09.786+0000] {dag.py:3834} INFO - Setting next_dagrun for example_skip_dag to 2024-03-24 00:00:00+00:00, run_after=2024-03-25 00:00:00+00:00
[2024-03-25T22:11:09.793+0000] {processor.py:183} INFO - Processing /home/airflow/.local/lib/python3.8/site-packages/airflow/example_dags/example_skip_dag.py took 0.036 seconds
[2024-03-25T22:11:40.329+0000] {processor.py:161} INFO - Started process (PID=432) to work on /home/airflow/.local/lib/python3.8/site-packages/airflow/example_dags/example_skip_dag.py
[2024-03-25T22:11:40.330+0000] {processor.py:830} INFO - Processing file /home/airflow/.local/lib/python3.8/site-packages/airflow/example_dags/example_skip_dag.py for tasks to queue
[2024-03-25T22:11:40.331+0000] {logging_mixin.py:188} INFO - [2024-03-25T22:11:40.331+0000] {dagbag.py:540} INFO - Filling up the DagBag from /home/airflow/.local/lib/python3.8/site-packages/airflow/example_dags/example_skip_dag.py
[2024-03-25T22:11:40.335+0000] {processor.py:840} INFO - DAG(s) 'example_skip_dag' retrieved from /home/airflow/.local/lib/python3.8/site-packages/airflow/example_dags/example_skip_dag.py
[2024-03-25T22:11:40.347+0000] {logging_mixin.py:188} INFO - [2024-03-25T22:11:40.347+0000] {dag.py:3047} INFO - Sync 1 DAGs
[2024-03-25T22:11:40.358+0000] {logging_mixin.py:188} INFO - [2024-03-25T22:11:40.358+0000] {dag.py:3834} INFO - Setting next_dagrun for example_skip_dag to 2024-03-24 00:00:00+00:00, run_after=2024-03-25 00:00:00+00:00
[2024-03-25T22:11:40.365+0000] {processor.py:183} INFO - Processing /home/airflow/.local/lib/python3.8/site-packages/airflow/example_dags/example_skip_dag.py took 0.038 seconds
[2024-03-25T22:12:10.885+0000] {processor.py:161} INFO - Started process (PID=487) to work on /home/airflow/.local/lib/python3.8/site-packages/airflow/example_dags/example_skip_dag.py
[2024-03-25T22:12:10.886+0000] {processor.py:830} INFO - Processing file /home/airflow/.local/lib/python3.8/site-packages/airflow/example_dags/example_skip_dag.py for tasks to queue
[2024-03-25T22:12:10.887+0000] {logging_mixin.py:188} INFO - [2024-03-25T22:12:10.887+0000] {dagbag.py:540} INFO - Filling up the DagBag from /home/airflow/.local/lib/python3.8/site-packages/airflow/example_dags/example_skip_dag.py
[2024-03-25T22:12:10.891+0000] {processor.py:840} INFO - DAG(s) 'example_skip_dag' retrieved from /home/airflow/.local/lib/python3.8/site-packages/airflow/example_dags/example_skip_dag.py
[2024-03-25T22:12:10.903+0000] {logging_mixin.py:188} INFO - [2024-03-25T22:12:10.903+0000] {dag.py:3047} INFO - Sync 1 DAGs
[2024-03-25T22:12:10.933+0000] {logging_mixin.py:188} INFO - [2024-03-25T22:12:10.933+0000] {dag.py:3834} INFO - Setting next_dagrun for example_skip_dag to 2024-03-24 00:00:00+00:00, run_after=2024-03-25 00:00:00+00:00
[2024-03-25T22:12:10.946+0000] {processor.py:183} INFO - Processing /home/airflow/.local/lib/python3.8/site-packages/airflow/example_dags/example_skip_dag.py took 0.063 seconds
[2024-03-25T22:12:41.592+0000] {processor.py:161} INFO - Started process (PID=542) to work on /home/airflow/.local/lib/python3.8/site-packages/airflow/example_dags/example_skip_dag.py
[2024-03-25T22:12:41.593+0000] {processor.py:830} INFO - Processing file /home/airflow/.local/lib/python3.8/site-packages/airflow/example_dags/example_skip_dag.py for tasks to queue
[2024-03-25T22:12:41.594+0000] {logging_mixin.py:188} INFO - [2024-03-25T22:12:41.593+0000] {dagbag.py:540} INFO - Filling up the DagBag from /home/airflow/.local/lib/python3.8/site-packages/airflow/example_dags/example_skip_dag.py
[2024-03-25T22:12:41.597+0000] {processor.py:840} INFO - DAG(s) 'example_skip_dag' retrieved from /home/airflow/.local/lib/python3.8/site-packages/airflow/example_dags/example_skip_dag.py
[2024-03-25T22:12:41.610+0000] {logging_mixin.py:188} INFO - [2024-03-25T22:12:41.610+0000] {dag.py:3047} INFO - Sync 1 DAGs
[2024-03-25T22:12:41.620+0000] {logging_mixin.py:188} INFO - [2024-03-25T22:12:41.620+0000] {dag.py:3834} INFO - Setting next_dagrun for example_skip_dag to 2024-03-24 00:00:00+00:00, run_after=2024-03-25 00:00:00+00:00
[2024-03-25T22:12:41.627+0000] {processor.py:183} INFO - Processing /home/airflow/.local/lib/python3.8/site-packages/airflow/example_dags/example_skip_dag.py took 0.037 seconds
[2024-03-25T22:13:12.183+0000] {processor.py:161} INFO - Started process (PID=597) to work on /home/airflow/.local/lib/python3.8/site-packages/airflow/example_dags/example_skip_dag.py
[2024-03-25T22:13:12.183+0000] {processor.py:830} INFO - Processing file /home/airflow/.local/lib/python3.8/site-packages/airflow/example_dags/example_skip_dag.py for tasks to queue
[2024-03-25T22:13:12.184+0000] {logging_mixin.py:188} INFO - [2024-03-25T22:13:12.184+0000] {dagbag.py:540} INFO - Filling up the DagBag from /home/airflow/.local/lib/python3.8/site-packages/airflow/example_dags/example_skip_dag.py
[2024-03-25T22:13:12.188+0000] {processor.py:840} INFO - DAG(s) 'example_skip_dag' retrieved from /home/airflow/.local/lib/python3.8/site-packages/airflow/example_dags/example_skip_dag.py
[2024-03-25T22:13:12.200+0000] {logging_mixin.py:188} INFO - [2024-03-25T22:13:12.200+0000] {dag.py:3047} INFO - Sync 1 DAGs
[2024-03-25T22:13:12.210+0000] {logging_mixin.py:188} INFO - [2024-03-25T22:13:12.210+0000] {dag.py:3834} INFO - Setting next_dagrun for example_skip_dag to 2024-03-24 00:00:00+00:00, run_after=2024-03-25 00:00:00+00:00
[2024-03-25T22:13:12.218+0000] {processor.py:183} INFO - Processing /home/airflow/.local/lib/python3.8/site-packages/airflow/example_dags/example_skip_dag.py took 0.037 seconds
[2024-03-25T22:13:42.912+0000] {processor.py:161} INFO - Started process (PID=652) to work on /home/airflow/.local/lib/python3.8/site-packages/airflow/example_dags/example_skip_dag.py
[2024-03-25T22:13:42.913+0000] {processor.py:830} INFO - Processing file /home/airflow/.local/lib/python3.8/site-packages/airflow/example_dags/example_skip_dag.py for tasks to queue
[2024-03-25T22:13:42.914+0000] {logging_mixin.py:188} INFO - [2024-03-25T22:13:42.914+0000] {dagbag.py:540} INFO - Filling up the DagBag from /home/airflow/.local/lib/python3.8/site-packages/airflow/example_dags/example_skip_dag.py
[2024-03-25T22:13:42.918+0000] {processor.py:840} INFO - DAG(s) 'example_skip_dag' retrieved from /home/airflow/.local/lib/python3.8/site-packages/airflow/example_dags/example_skip_dag.py
[2024-03-25T22:13:42.930+0000] {logging_mixin.py:188} INFO - [2024-03-25T22:13:42.930+0000] {dag.py:3047} INFO - Sync 1 DAGs
[2024-03-25T22:13:42.940+0000] {logging_mixin.py:188} INFO - [2024-03-25T22:13:42.940+0000] {dag.py:3834} INFO - Setting next_dagrun for example_skip_dag to 2024-03-24 00:00:00+00:00, run_after=2024-03-25 00:00:00+00:00
[2024-03-25T22:13:42.948+0000] {processor.py:183} INFO - Processing /home/airflow/.local/lib/python3.8/site-packages/airflow/example_dags/example_skip_dag.py took 0.038 seconds
[2024-03-25T22:14:13.461+0000] {processor.py:161} INFO - Started process (PID=708) to work on /home/airflow/.local/lib/python3.8/site-packages/airflow/example_dags/example_skip_dag.py
[2024-03-25T22:14:13.461+0000] {processor.py:830} INFO - Processing file /home/airflow/.local/lib/python3.8/site-packages/airflow/example_dags/example_skip_dag.py for tasks to queue
[2024-03-25T22:14:13.462+0000] {logging_mixin.py:188} INFO - [2024-03-25T22:14:13.462+0000] {dagbag.py:540} INFO - Filling up the DagBag from /home/airflow/.local/lib/python3.8/site-packages/airflow/example_dags/example_skip_dag.py
[2024-03-25T22:14:13.466+0000] {processor.py:840} INFO - DAG(s) 'example_skip_dag' retrieved from /home/airflow/.local/lib/python3.8/site-packages/airflow/example_dags/example_skip_dag.py
[2024-03-25T22:14:13.478+0000] {logging_mixin.py:188} INFO - [2024-03-25T22:14:13.478+0000] {dag.py:3047} INFO - Sync 1 DAGs
[2024-03-25T22:14:13.488+0000] {logging_mixin.py:188} INFO - [2024-03-25T22:14:13.488+0000] {dag.py:3834} INFO - Setting next_dagrun for example_skip_dag to 2024-03-24 00:00:00+00:00, run_after=2024-03-25 00:00:00+00:00
[2024-03-25T22:14:13.496+0000] {processor.py:183} INFO - Processing /home/airflow/.local/lib/python3.8/site-packages/airflow/example_dags/example_skip_dag.py took 0.037 seconds
[2024-03-25T22:14:43.956+0000] {processor.py:161} INFO - Started process (PID=763) to work on /home/airflow/.local/lib/python3.8/site-packages/airflow/example_dags/example_skip_dag.py
[2024-03-25T22:14:43.958+0000] {processor.py:830} INFO - Processing file /home/airflow/.local/lib/python3.8/site-packages/airflow/example_dags/example_skip_dag.py for tasks to queue
[2024-03-25T22:14:43.960+0000] {logging_mixin.py:188} INFO - [2024-03-25T22:14:43.960+0000] {dagbag.py:540} INFO - Filling up the DagBag from /home/airflow/.local/lib/python3.8/site-packages/airflow/example_dags/example_skip_dag.py
[2024-03-25T22:14:43.964+0000] {processor.py:840} INFO - DAG(s) 'example_skip_dag' retrieved from /home/airflow/.local/lib/python3.8/site-packages/airflow/example_dags/example_skip_dag.py
[2024-03-25T22:14:43.976+0000] {logging_mixin.py:188} INFO - [2024-03-25T22:14:43.976+0000] {dag.py:3047} INFO - Sync 1 DAGs
[2024-03-25T22:14:43.986+0000] {logging_mixin.py:188} INFO - [2024-03-25T22:14:43.986+0000] {dag.py:3834} INFO - Setting next_dagrun for example_skip_dag to 2024-03-24 00:00:00+00:00, run_after=2024-03-25 00:00:00+00:00
[2024-03-25T22:14:43.995+0000] {processor.py:183} INFO - Processing /home/airflow/.local/lib/python3.8/site-packages/airflow/example_dags/example_skip_dag.py took 0.041 seconds
[2024-03-25T22:15:14.530+0000] {processor.py:161} INFO - Started process (PID=818) to work on /home/airflow/.local/lib/python3.8/site-packages/airflow/example_dags/example_skip_dag.py
[2024-03-25T22:15:14.531+0000] {processor.py:830} INFO - Processing file /home/airflow/.local/lib/python3.8/site-packages/airflow/example_dags/example_skip_dag.py for tasks to queue
[2024-03-25T22:15:14.532+0000] {logging_mixin.py:188} INFO - [2024-03-25T22:15:14.532+0000] {dagbag.py:540} INFO - Filling up the DagBag from /home/airflow/.local/lib/python3.8/site-packages/airflow/example_dags/example_skip_dag.py
[2024-03-25T22:15:14.536+0000] {processor.py:840} INFO - DAG(s) 'example_skip_dag' retrieved from /home/airflow/.local/lib/python3.8/site-packages/airflow/example_dags/example_skip_dag.py
[2024-03-25T22:15:14.548+0000] {logging_mixin.py:188} INFO - [2024-03-25T22:15:14.548+0000] {dag.py:3047} INFO - Sync 1 DAGs
[2024-03-25T22:15:14.558+0000] {logging_mixin.py:188} INFO - [2024-03-25T22:15:14.557+0000] {dag.py:3834} INFO - Setting next_dagrun for example_skip_dag to 2024-03-24 00:00:00+00:00, run_after=2024-03-25 00:00:00+00:00
[2024-03-25T22:15:14.565+0000] {processor.py:183} INFO - Processing /home/airflow/.local/lib/python3.8/site-packages/airflow/example_dags/example_skip_dag.py took 0.037 seconds
[2024-03-25T22:15:45.114+0000] {processor.py:161} INFO - Started process (PID=873) to work on /home/airflow/.local/lib/python3.8/site-packages/airflow/example_dags/example_skip_dag.py
[2024-03-25T22:15:45.115+0000] {processor.py:830} INFO - Processing file /home/airflow/.local/lib/python3.8/site-packages/airflow/example_dags/example_skip_dag.py for tasks to queue
[2024-03-25T22:15:45.116+0000] {logging_mixin.py:188} INFO - [2024-03-25T22:15:45.116+0000] {dagbag.py:540} INFO - Filling up the DagBag from /home/airflow/.local/lib/python3.8/site-packages/airflow/example_dags/example_skip_dag.py
[2024-03-25T22:15:45.120+0000] {processor.py:840} INFO - DAG(s) 'example_skip_dag' retrieved from /home/airflow/.local/lib/python3.8/site-packages/airflow/example_dags/example_skip_dag.py
[2024-03-25T22:15:45.132+0000] {logging_mixin.py:188} INFO - [2024-03-25T22:15:45.132+0000] {dag.py:3047} INFO - Sync 1 DAGs
[2024-03-25T22:15:45.141+0000] {logging_mixin.py:188} INFO - [2024-03-25T22:15:45.141+0000] {dag.py:3834} INFO - Setting next_dagrun for example_skip_dag to 2024-03-24 00:00:00+00:00, run_after=2024-03-25 00:00:00+00:00
[2024-03-25T22:15:45.148+0000] {processor.py:183} INFO - Processing /home/airflow/.local/lib/python3.8/site-packages/airflow/example_dags/example_skip_dag.py took 0.036 seconds
[2024-03-25T22:16:15.713+0000] {processor.py:161} INFO - Started process (PID=927) to work on /home/airflow/.local/lib/python3.8/site-packages/airflow/example_dags/example_skip_dag.py
[2024-03-25T22:16:15.714+0000] {processor.py:830} INFO - Processing file /home/airflow/.local/lib/python3.8/site-packages/airflow/example_dags/example_skip_dag.py for tasks to queue
[2024-03-25T22:16:15.716+0000] {logging_mixin.py:188} INFO - [2024-03-25T22:16:15.716+0000] {dagbag.py:540} INFO - Filling up the DagBag from /home/airflow/.local/lib/python3.8/site-packages/airflow/example_dags/example_skip_dag.py
[2024-03-25T22:16:15.723+0000] {processor.py:840} INFO - DAG(s) 'example_skip_dag' retrieved from /home/airflow/.local/lib/python3.8/site-packages/airflow/example_dags/example_skip_dag.py
[2024-03-25T22:16:15.737+0000] {logging_mixin.py:188} INFO - [2024-03-25T22:16:15.737+0000] {dag.py:3047} INFO - Sync 1 DAGs
[2024-03-25T22:16:15.750+0000] {logging_mixin.py:188} INFO - [2024-03-25T22:16:15.750+0000] {dag.py:3834} INFO - Setting next_dagrun for example_skip_dag to 2024-03-24 00:00:00+00:00, run_after=2024-03-25 00:00:00+00:00
[2024-03-25T22:16:15.768+0000] {processor.py:183} INFO - Processing /home/airflow/.local/lib/python3.8/site-packages/airflow/example_dags/example_skip_dag.py took 0.057 seconds
[2024-03-25T22:16:45.912+0000] {processor.py:161} INFO - Started process (PID=982) to work on /home/airflow/.local/lib/python3.8/site-packages/airflow/example_dags/example_skip_dag.py
[2024-03-25T22:16:45.913+0000] {processor.py:830} INFO - Processing file /home/airflow/.local/lib/python3.8/site-packages/airflow/example_dags/example_skip_dag.py for tasks to queue
[2024-03-25T22:16:45.914+0000] {logging_mixin.py:188} INFO - [2024-03-25T22:16:45.914+0000] {dagbag.py:540} INFO - Filling up the DagBag from /home/airflow/.local/lib/python3.8/site-packages/airflow/example_dags/example_skip_dag.py
[2024-03-25T22:16:45.918+0000] {processor.py:840} INFO - DAG(s) 'example_skip_dag' retrieved from /home/airflow/.local/lib/python3.8/site-packages/airflow/example_dags/example_skip_dag.py
[2024-03-25T22:16:45.931+0000] {logging_mixin.py:188} INFO - [2024-03-25T22:16:45.931+0000] {dag.py:3047} INFO - Sync 1 DAGs
[2024-03-25T22:16:45.942+0000] {logging_mixin.py:188} INFO - [2024-03-25T22:16:45.942+0000] {dag.py:3834} INFO - Setting next_dagrun for example_skip_dag to 2024-03-24 00:00:00+00:00, run_after=2024-03-25 00:00:00+00:00
[2024-03-25T22:16:45.950+0000] {processor.py:183} INFO - Processing /home/airflow/.local/lib/python3.8/site-packages/airflow/example_dags/example_skip_dag.py took 0.040 seconds
[2024-03-25T22:17:16.946+0000] {processor.py:161} INFO - Started process (PID=1037) to work on /home/airflow/.local/lib/python3.8/site-packages/airflow/example_dags/example_skip_dag.py
[2024-03-25T22:17:16.947+0000] {processor.py:830} INFO - Processing file /home/airflow/.local/lib/python3.8/site-packages/airflow/example_dags/example_skip_dag.py for tasks to queue
[2024-03-25T22:17:16.948+0000] {logging_mixin.py:188} INFO - [2024-03-25T22:17:16.948+0000] {dagbag.py:540} INFO - Filling up the DagBag from /home/airflow/.local/lib/python3.8/site-packages/airflow/example_dags/example_skip_dag.py
[2024-03-25T22:17:16.952+0000] {processor.py:840} INFO - DAG(s) 'example_skip_dag' retrieved from /home/airflow/.local/lib/python3.8/site-packages/airflow/example_dags/example_skip_dag.py
[2024-03-25T22:17:16.965+0000] {logging_mixin.py:188} INFO - [2024-03-25T22:17:16.965+0000] {dag.py:3047} INFO - Sync 1 DAGs
[2024-03-25T22:17:16.975+0000] {logging_mixin.py:188} INFO - [2024-03-25T22:17:16.975+0000] {dag.py:3834} INFO - Setting next_dagrun for example_skip_dag to 2024-03-24 00:00:00+00:00, run_after=2024-03-25 00:00:00+00:00
[2024-03-25T22:17:16.983+0000] {processor.py:183} INFO - Processing /home/airflow/.local/lib/python3.8/site-packages/airflow/example_dags/example_skip_dag.py took 0.039 seconds
[2024-03-25T22:17:47.567+0000] {processor.py:161} INFO - Started process (PID=1092) to work on /home/airflow/.local/lib/python3.8/site-packages/airflow/example_dags/example_skip_dag.py
[2024-03-25T22:17:47.567+0000] {processor.py:830} INFO - Processing file /home/airflow/.local/lib/python3.8/site-packages/airflow/example_dags/example_skip_dag.py for tasks to queue
[2024-03-25T22:17:47.568+0000] {logging_mixin.py:188} INFO - [2024-03-25T22:17:47.568+0000] {dagbag.py:540} INFO - Filling up the DagBag from /home/airflow/.local/lib/python3.8/site-packages/airflow/example_dags/example_skip_dag.py
[2024-03-25T22:17:47.572+0000] {processor.py:840} INFO - DAG(s) 'example_skip_dag' retrieved from /home/airflow/.local/lib/python3.8/site-packages/airflow/example_dags/example_skip_dag.py
[2024-03-25T22:17:47.585+0000] {logging_mixin.py:188} INFO - [2024-03-25T22:17:47.585+0000] {dag.py:3047} INFO - Sync 1 DAGs
[2024-03-25T22:17:47.595+0000] {logging_mixin.py:188} INFO - [2024-03-25T22:17:47.594+0000] {dag.py:3834} INFO - Setting next_dagrun for example_skip_dag to 2024-03-24 00:00:00+00:00, run_after=2024-03-25 00:00:00+00:00
[2024-03-25T22:17:47.602+0000] {processor.py:183} INFO - Processing /home/airflow/.local/lib/python3.8/site-packages/airflow/example_dags/example_skip_dag.py took 0.037 seconds
[2024-03-25T22:18:18.157+0000] {processor.py:161} INFO - Started process (PID=1147) to work on /home/airflow/.local/lib/python3.8/site-packages/airflow/example_dags/example_skip_dag.py
[2024-03-25T22:18:18.158+0000] {processor.py:830} INFO - Processing file /home/airflow/.local/lib/python3.8/site-packages/airflow/example_dags/example_skip_dag.py for tasks to queue
[2024-03-25T22:18:18.159+0000] {logging_mixin.py:188} INFO - [2024-03-25T22:18:18.159+0000] {dagbag.py:540} INFO - Filling up the DagBag from /home/airflow/.local/lib/python3.8/site-packages/airflow/example_dags/example_skip_dag.py
[2024-03-25T22:18:18.163+0000] {processor.py:840} INFO - DAG(s) 'example_skip_dag' retrieved from /home/airflow/.local/lib/python3.8/site-packages/airflow/example_dags/example_skip_dag.py
[2024-03-25T22:18:18.175+0000] {logging_mixin.py:188} INFO - [2024-03-25T22:18:18.175+0000] {dag.py:3047} INFO - Sync 1 DAGs
[2024-03-25T22:18:18.184+0000] {logging_mixin.py:188} INFO - [2024-03-25T22:18:18.184+0000] {dag.py:3834} INFO - Setting next_dagrun for example_skip_dag to 2024-03-24 00:00:00+00:00, run_after=2024-03-25 00:00:00+00:00
[2024-03-25T22:18:18.192+0000] {processor.py:183} INFO - Processing /home/airflow/.local/lib/python3.8/site-packages/airflow/example_dags/example_skip_dag.py took 0.037 seconds
[2024-03-25T22:18:48.758+0000] {processor.py:161} INFO - Started process (PID=1203) to work on /home/airflow/.local/lib/python3.8/site-packages/airflow/example_dags/example_skip_dag.py
[2024-03-25T22:18:48.759+0000] {processor.py:830} INFO - Processing file /home/airflow/.local/lib/python3.8/site-packages/airflow/example_dags/example_skip_dag.py for tasks to queue
[2024-03-25T22:18:48.760+0000] {logging_mixin.py:188} INFO - [2024-03-25T22:18:48.760+0000] {dagbag.py:540} INFO - Filling up the DagBag from /home/airflow/.local/lib/python3.8/site-packages/airflow/example_dags/example_skip_dag.py
[2024-03-25T22:18:48.764+0000] {processor.py:840} INFO - DAG(s) 'example_skip_dag' retrieved from /home/airflow/.local/lib/python3.8/site-packages/airflow/example_dags/example_skip_dag.py
[2024-03-25T22:18:48.776+0000] {logging_mixin.py:188} INFO - [2024-03-25T22:18:48.776+0000] {dag.py:3047} INFO - Sync 1 DAGs
[2024-03-25T22:18:48.786+0000] {logging_mixin.py:188} INFO - [2024-03-25T22:18:48.786+0000] {dag.py:3834} INFO - Setting next_dagrun for example_skip_dag to 2024-03-24 00:00:00+00:00, run_after=2024-03-25 00:00:00+00:00
[2024-03-25T22:18:48.795+0000] {processor.py:183} INFO - Processing /home/airflow/.local/lib/python3.8/site-packages/airflow/example_dags/example_skip_dag.py took 0.039 seconds
[2024-03-25T22:19:19.354+0000] {processor.py:161} INFO - Started process (PID=1258) to work on /home/airflow/.local/lib/python3.8/site-packages/airflow/example_dags/example_skip_dag.py
[2024-03-25T22:19:19.355+0000] {processor.py:830} INFO - Processing file /home/airflow/.local/lib/python3.8/site-packages/airflow/example_dags/example_skip_dag.py for tasks to queue
[2024-03-25T22:19:19.356+0000] {logging_mixin.py:188} INFO - [2024-03-25T22:19:19.356+0000] {dagbag.py:540} INFO - Filling up the DagBag from /home/airflow/.local/lib/python3.8/site-packages/airflow/example_dags/example_skip_dag.py
[2024-03-25T22:19:19.360+0000] {processor.py:840} INFO - DAG(s) 'example_skip_dag' retrieved from /home/airflow/.local/lib/python3.8/site-packages/airflow/example_dags/example_skip_dag.py
[2024-03-25T22:19:19.372+0000] {logging_mixin.py:188} INFO - [2024-03-25T22:19:19.372+0000] {dag.py:3047} INFO - Sync 1 DAGs
[2024-03-25T22:19:19.382+0000] {logging_mixin.py:188} INFO - [2024-03-25T22:19:19.382+0000] {dag.py:3834} INFO - Setting next_dagrun for example_skip_dag to 2024-03-24 00:00:00+00:00, run_after=2024-03-25 00:00:00+00:00
[2024-03-25T22:19:19.389+0000] {processor.py:183} INFO - Processing /home/airflow/.local/lib/python3.8/site-packages/airflow/example_dags/example_skip_dag.py took 0.037 seconds
[2024-03-25T22:19:49.936+0000] {processor.py:161} INFO - Started process (PID=1313) to work on /home/airflow/.local/lib/python3.8/site-packages/airflow/example_dags/example_skip_dag.py
[2024-03-25T22:19:49.936+0000] {processor.py:830} INFO - Processing file /home/airflow/.local/lib/python3.8/site-packages/airflow/example_dags/example_skip_dag.py for tasks to queue
[2024-03-25T22:19:49.937+0000] {logging_mixin.py:188} INFO - [2024-03-25T22:19:49.937+0000] {dagbag.py:540} INFO - Filling up the DagBag from /home/airflow/.local/lib/python3.8/site-packages/airflow/example_dags/example_skip_dag.py
[2024-03-25T22:19:49.941+0000] {processor.py:840} INFO - DAG(s) 'example_skip_dag' retrieved from /home/airflow/.local/lib/python3.8/site-packages/airflow/example_dags/example_skip_dag.py
[2024-03-25T22:19:49.955+0000] {logging_mixin.py:188} INFO - [2024-03-25T22:19:49.955+0000] {dag.py:3047} INFO - Sync 1 DAGs
[2024-03-25T22:19:49.966+0000] {logging_mixin.py:188} INFO - [2024-03-25T22:19:49.966+0000] {dag.py:3834} INFO - Setting next_dagrun for example_skip_dag to 2024-03-24 00:00:00+00:00, run_after=2024-03-25 00:00:00+00:00
[2024-03-25T22:19:49.974+0000] {processor.py:183} INFO - Processing /home/airflow/.local/lib/python3.8/site-packages/airflow/example_dags/example_skip_dag.py took 0.040 seconds
[2024-03-25T22:20:20.458+0000] {processor.py:161} INFO - Started process (PID=1369) to work on /home/airflow/.local/lib/python3.8/site-packages/airflow/example_dags/example_skip_dag.py
[2024-03-25T22:20:20.459+0000] {processor.py:830} INFO - Processing file /home/airflow/.local/lib/python3.8/site-packages/airflow/example_dags/example_skip_dag.py for tasks to queue
[2024-03-25T22:20:20.460+0000] {logging_mixin.py:188} INFO - [2024-03-25T22:20:20.460+0000] {dagbag.py:540} INFO - Filling up the DagBag from /home/airflow/.local/lib/python3.8/site-packages/airflow/example_dags/example_skip_dag.py
[2024-03-25T22:20:20.464+0000] {processor.py:840} INFO - DAG(s) 'example_skip_dag' retrieved from /home/airflow/.local/lib/python3.8/site-packages/airflow/example_dags/example_skip_dag.py
[2024-03-25T22:20:20.476+0000] {logging_mixin.py:188} INFO - [2024-03-25T22:20:20.476+0000] {dag.py:3047} INFO - Sync 1 DAGs
[2024-03-25T22:20:20.486+0000] {logging_mixin.py:188} INFO - [2024-03-25T22:20:20.486+0000] {dag.py:3834} INFO - Setting next_dagrun for example_skip_dag to 2024-03-24 00:00:00+00:00, run_after=2024-03-25 00:00:00+00:00
[2024-03-25T22:20:20.493+0000] {processor.py:183} INFO - Processing /home/airflow/.local/lib/python3.8/site-packages/airflow/example_dags/example_skip_dag.py took 0.037 seconds
[2024-03-25T22:20:51.051+0000] {processor.py:161} INFO - Started process (PID=1424) to work on /home/airflow/.local/lib/python3.8/site-packages/airflow/example_dags/example_skip_dag.py
[2024-03-25T22:20:51.051+0000] {processor.py:830} INFO - Processing file /home/airflow/.local/lib/python3.8/site-packages/airflow/example_dags/example_skip_dag.py for tasks to queue
[2024-03-25T22:20:51.052+0000] {logging_mixin.py:188} INFO - [2024-03-25T22:20:51.052+0000] {dagbag.py:540} INFO - Filling up the DagBag from /home/airflow/.local/lib/python3.8/site-packages/airflow/example_dags/example_skip_dag.py
[2024-03-25T22:20:51.057+0000] {processor.py:840} INFO - DAG(s) 'example_skip_dag' retrieved from /home/airflow/.local/lib/python3.8/site-packages/airflow/example_dags/example_skip_dag.py
[2024-03-25T22:20:51.070+0000] {logging_mixin.py:188} INFO - [2024-03-25T22:20:51.070+0000] {dag.py:3047} INFO - Sync 1 DAGs
[2024-03-25T22:20:51.081+0000] {logging_mixin.py:188} INFO - [2024-03-25T22:20:51.080+0000] {dag.py:3834} INFO - Setting next_dagrun for example_skip_dag to 2024-03-24 00:00:00+00:00, run_after=2024-03-25 00:00:00+00:00
[2024-03-25T22:20:51.089+0000] {processor.py:183} INFO - Processing /home/airflow/.local/lib/python3.8/site-packages/airflow/example_dags/example_skip_dag.py took 0.040 seconds
[2024-03-25T22:21:21.659+0000] {processor.py:161} INFO - Started process (PID=1480) to work on /home/airflow/.local/lib/python3.8/site-packages/airflow/example_dags/example_skip_dag.py
[2024-03-25T22:21:21.660+0000] {processor.py:830} INFO - Processing file /home/airflow/.local/lib/python3.8/site-packages/airflow/example_dags/example_skip_dag.py for tasks to queue
[2024-03-25T22:21:21.661+0000] {logging_mixin.py:188} INFO - [2024-03-25T22:21:21.661+0000] {dagbag.py:540} INFO - Filling up the DagBag from /home/airflow/.local/lib/python3.8/site-packages/airflow/example_dags/example_skip_dag.py
[2024-03-25T22:21:21.666+0000] {processor.py:840} INFO - DAG(s) 'example_skip_dag' retrieved from /home/airflow/.local/lib/python3.8/site-packages/airflow/example_dags/example_skip_dag.py
[2024-03-25T22:21:21.679+0000] {logging_mixin.py:188} INFO - [2024-03-25T22:21:21.679+0000] {dag.py:3047} INFO - Sync 1 DAGs
[2024-03-25T22:21:21.689+0000] {logging_mixin.py:188} INFO - [2024-03-25T22:21:21.689+0000] {dag.py:3834} INFO - Setting next_dagrun for example_skip_dag to 2024-03-24 00:00:00+00:00, run_after=2024-03-25 00:00:00+00:00
[2024-03-25T22:21:21.697+0000] {processor.py:183} INFO - Processing /home/airflow/.local/lib/python3.8/site-packages/airflow/example_dags/example_skip_dag.py took 0.040 seconds
[2024-03-25T22:21:52.306+0000] {processor.py:161} INFO - Started process (PID=1536) to work on /home/airflow/.local/lib/python3.8/site-packages/airflow/example_dags/example_skip_dag.py
[2024-03-25T22:21:52.306+0000] {processor.py:830} INFO - Processing file /home/airflow/.local/lib/python3.8/site-packages/airflow/example_dags/example_skip_dag.py for tasks to queue
[2024-03-25T22:21:52.307+0000] {logging_mixin.py:188} INFO - [2024-03-25T22:21:52.307+0000] {dagbag.py:540} INFO - Filling up the DagBag from /home/airflow/.local/lib/python3.8/site-packages/airflow/example_dags/example_skip_dag.py
[2024-03-25T22:21:52.311+0000] {processor.py:840} INFO - DAG(s) 'example_skip_dag' retrieved from /home/airflow/.local/lib/python3.8/site-packages/airflow/example_dags/example_skip_dag.py
[2024-03-25T22:21:52.324+0000] {logging_mixin.py:188} INFO - [2024-03-25T22:21:52.324+0000] {dag.py:3047} INFO - Sync 1 DAGs
[2024-03-25T22:21:52.334+0000] {logging_mixin.py:188} INFO - [2024-03-25T22:21:52.334+0000] {dag.py:3834} INFO - Setting next_dagrun for example_skip_dag to 2024-03-24 00:00:00+00:00, run_after=2024-03-25 00:00:00+00:00
[2024-03-25T22:21:52.342+0000] {processor.py:183} INFO - Processing /home/airflow/.local/lib/python3.8/site-packages/airflow/example_dags/example_skip_dag.py took 0.038 seconds
[2024-03-25T22:22:22.955+0000] {processor.py:161} INFO - Started process (PID=1592) to work on /home/airflow/.local/lib/python3.8/site-packages/airflow/example_dags/example_skip_dag.py
[2024-03-25T22:22:22.956+0000] {processor.py:830} INFO - Processing file /home/airflow/.local/lib/python3.8/site-packages/airflow/example_dags/example_skip_dag.py for tasks to queue
[2024-03-25T22:22:22.957+0000] {logging_mixin.py:188} INFO - [2024-03-25T22:22:22.957+0000] {dagbag.py:540} INFO - Filling up the DagBag from /home/airflow/.local/lib/python3.8/site-packages/airflow/example_dags/example_skip_dag.py
[2024-03-25T22:22:22.961+0000] {processor.py:840} INFO - DAG(s) 'example_skip_dag' retrieved from /home/airflow/.local/lib/python3.8/site-packages/airflow/example_dags/example_skip_dag.py
[2024-03-25T22:22:22.974+0000] {logging_mixin.py:188} INFO - [2024-03-25T22:22:22.974+0000] {dag.py:3047} INFO - Sync 1 DAGs
[2024-03-25T22:22:22.984+0000] {logging_mixin.py:188} INFO - [2024-03-25T22:22:22.984+0000] {dag.py:3834} INFO - Setting next_dagrun for example_skip_dag to 2024-03-24 00:00:00+00:00, run_after=2024-03-25 00:00:00+00:00
[2024-03-25T22:22:22.991+0000] {processor.py:183} INFO - Processing /home/airflow/.local/lib/python3.8/site-packages/airflow/example_dags/example_skip_dag.py took 0.038 seconds
[2024-03-25T22:22:53.575+0000] {processor.py:161} INFO - Started process (PID=1647) to work on /home/airflow/.local/lib/python3.8/site-packages/airflow/example_dags/example_skip_dag.py
[2024-03-25T22:22:53.576+0000] {processor.py:830} INFO - Processing file /home/airflow/.local/lib/python3.8/site-packages/airflow/example_dags/example_skip_dag.py for tasks to queue
[2024-03-25T22:22:53.577+0000] {logging_mixin.py:188} INFO - [2024-03-25T22:22:53.577+0000] {dagbag.py:540} INFO - Filling up the DagBag from /home/airflow/.local/lib/python3.8/site-packages/airflow/example_dags/example_skip_dag.py
[2024-03-25T22:22:53.581+0000] {processor.py:840} INFO - DAG(s) 'example_skip_dag' retrieved from /home/airflow/.local/lib/python3.8/site-packages/airflow/example_dags/example_skip_dag.py
[2024-03-25T22:22:53.593+0000] {logging_mixin.py:188} INFO - [2024-03-25T22:22:53.593+0000] {dag.py:3047} INFO - Sync 1 DAGs
[2024-03-25T22:22:53.603+0000] {logging_mixin.py:188} INFO - [2024-03-25T22:22:53.603+0000] {dag.py:3834} INFO - Setting next_dagrun for example_skip_dag to 2024-03-24 00:00:00+00:00, run_after=2024-03-25 00:00:00+00:00
[2024-03-25T22:22:53.611+0000] {processor.py:183} INFO - Processing /home/airflow/.local/lib/python3.8/site-packages/airflow/example_dags/example_skip_dag.py took 0.038 seconds
[2024-03-25T22:23:24.171+0000] {processor.py:161} INFO - Started process (PID=1702) to work on /home/airflow/.local/lib/python3.8/site-packages/airflow/example_dags/example_skip_dag.py
[2024-03-25T22:23:24.171+0000] {processor.py:830} INFO - Processing file /home/airflow/.local/lib/python3.8/site-packages/airflow/example_dags/example_skip_dag.py for tasks to queue
[2024-03-25T22:23:24.172+0000] {logging_mixin.py:188} INFO - [2024-03-25T22:23:24.172+0000] {dagbag.py:540} INFO - Filling up the DagBag from /home/airflow/.local/lib/python3.8/site-packages/airflow/example_dags/example_skip_dag.py
[2024-03-25T22:23:24.176+0000] {processor.py:840} INFO - DAG(s) 'example_skip_dag' retrieved from /home/airflow/.local/lib/python3.8/site-packages/airflow/example_dags/example_skip_dag.py
[2024-03-25T22:23:24.188+0000] {logging_mixin.py:188} INFO - [2024-03-25T22:23:24.188+0000] {dag.py:3047} INFO - Sync 1 DAGs
[2024-03-25T22:23:24.198+0000] {logging_mixin.py:188} INFO - [2024-03-25T22:23:24.198+0000] {dag.py:3834} INFO - Setting next_dagrun for example_skip_dag to 2024-03-24 00:00:00+00:00, run_after=2024-03-25 00:00:00+00:00
[2024-03-25T22:23:24.205+0000] {processor.py:183} INFO - Processing /home/airflow/.local/lib/python3.8/site-packages/airflow/example_dags/example_skip_dag.py took 0.037 seconds
[2024-03-25T22:23:54.727+0000] {processor.py:161} INFO - Started process (PID=1756) to work on /home/airflow/.local/lib/python3.8/site-packages/airflow/example_dags/example_skip_dag.py
[2024-03-25T22:23:54.728+0000] {processor.py:830} INFO - Processing file /home/airflow/.local/lib/python3.8/site-packages/airflow/example_dags/example_skip_dag.py for tasks to queue
[2024-03-25T22:23:54.729+0000] {logging_mixin.py:188} INFO - [2024-03-25T22:23:54.729+0000] {dagbag.py:540} INFO - Filling up the DagBag from /home/airflow/.local/lib/python3.8/site-packages/airflow/example_dags/example_skip_dag.py
[2024-03-25T22:23:54.733+0000] {processor.py:840} INFO - DAG(s) 'example_skip_dag' retrieved from /home/airflow/.local/lib/python3.8/site-packages/airflow/example_dags/example_skip_dag.py
[2024-03-25T22:23:54.745+0000] {logging_mixin.py:188} INFO - [2024-03-25T22:23:54.745+0000] {dag.py:3047} INFO - Sync 1 DAGs
[2024-03-25T22:23:54.755+0000] {logging_mixin.py:188} INFO - [2024-03-25T22:23:54.755+0000] {dag.py:3834} INFO - Setting next_dagrun for example_skip_dag to 2024-03-24 00:00:00+00:00, run_after=2024-03-25 00:00:00+00:00
[2024-03-25T22:23:54.763+0000] {processor.py:183} INFO - Processing /home/airflow/.local/lib/python3.8/site-packages/airflow/example_dags/example_skip_dag.py took 0.037 seconds
[2024-03-25T22:24:25.282+0000] {processor.py:161} INFO - Started process (PID=1811) to work on /home/airflow/.local/lib/python3.8/site-packages/airflow/example_dags/example_skip_dag.py
[2024-03-25T22:24:25.283+0000] {processor.py:830} INFO - Processing file /home/airflow/.local/lib/python3.8/site-packages/airflow/example_dags/example_skip_dag.py for tasks to queue
[2024-03-25T22:24:25.284+0000] {logging_mixin.py:188} INFO - [2024-03-25T22:24:25.284+0000] {dagbag.py:540} INFO - Filling up the DagBag from /home/airflow/.local/lib/python3.8/site-packages/airflow/example_dags/example_skip_dag.py
[2024-03-25T22:24:25.288+0000] {processor.py:840} INFO - DAG(s) 'example_skip_dag' retrieved from /home/airflow/.local/lib/python3.8/site-packages/airflow/example_dags/example_skip_dag.py
[2024-03-25T22:24:25.300+0000] {logging_mixin.py:188} INFO - [2024-03-25T22:24:25.300+0000] {dag.py:3047} INFO - Sync 1 DAGs
[2024-03-25T22:24:25.310+0000] {logging_mixin.py:188} INFO - [2024-03-25T22:24:25.310+0000] {dag.py:3834} INFO - Setting next_dagrun for example_skip_dag to 2024-03-24 00:00:00+00:00, run_after=2024-03-25 00:00:00+00:00
[2024-03-25T22:24:25.318+0000] {processor.py:183} INFO - Processing /home/airflow/.local/lib/python3.8/site-packages/airflow/example_dags/example_skip_dag.py took 0.037 seconds
[2024-03-25T22:24:55.790+0000] {processor.py:161} INFO - Started process (PID=1867) to work on /home/airflow/.local/lib/python3.8/site-packages/airflow/example_dags/example_skip_dag.py
[2024-03-25T22:24:55.791+0000] {processor.py:830} INFO - Processing file /home/airflow/.local/lib/python3.8/site-packages/airflow/example_dags/example_skip_dag.py for tasks to queue
[2024-03-25T22:24:55.792+0000] {logging_mixin.py:188} INFO - [2024-03-25T22:24:55.792+0000] {dagbag.py:540} INFO - Filling up the DagBag from /home/airflow/.local/lib/python3.8/site-packages/airflow/example_dags/example_skip_dag.py
[2024-03-25T22:24:55.796+0000] {processor.py:840} INFO - DAG(s) 'example_skip_dag' retrieved from /home/airflow/.local/lib/python3.8/site-packages/airflow/example_dags/example_skip_dag.py
[2024-03-25T22:24:55.809+0000] {logging_mixin.py:188} INFO - [2024-03-25T22:24:55.809+0000] {dag.py:3047} INFO - Sync 1 DAGs
[2024-03-25T22:24:55.821+0000] {logging_mixin.py:188} INFO - [2024-03-25T22:24:55.821+0000] {dag.py:3834} INFO - Setting next_dagrun for example_skip_dag to 2024-03-24 00:00:00+00:00, run_after=2024-03-25 00:00:00+00:00
[2024-03-25T22:24:55.828+0000] {processor.py:183} INFO - Processing /home/airflow/.local/lib/python3.8/site-packages/airflow/example_dags/example_skip_dag.py took 0.040 seconds
[2024-03-25T22:25:26.300+0000] {processor.py:161} INFO - Started process (PID=1922) to work on /home/airflow/.local/lib/python3.8/site-packages/airflow/example_dags/example_skip_dag.py
[2024-03-25T22:25:26.300+0000] {processor.py:830} INFO - Processing file /home/airflow/.local/lib/python3.8/site-packages/airflow/example_dags/example_skip_dag.py for tasks to queue
[2024-03-25T22:25:26.301+0000] {logging_mixin.py:188} INFO - [2024-03-25T22:25:26.301+0000] {dagbag.py:540} INFO - Filling up the DagBag from /home/airflow/.local/lib/python3.8/site-packages/airflow/example_dags/example_skip_dag.py
[2024-03-25T22:25:26.305+0000] {processor.py:840} INFO - DAG(s) 'example_skip_dag' retrieved from /home/airflow/.local/lib/python3.8/site-packages/airflow/example_dags/example_skip_dag.py
[2024-03-25T22:25:26.318+0000] {logging_mixin.py:188} INFO - [2024-03-25T22:25:26.318+0000] {dag.py:3047} INFO - Sync 1 DAGs
[2024-03-25T22:25:26.328+0000] {logging_mixin.py:188} INFO - [2024-03-25T22:25:26.328+0000] {dag.py:3834} INFO - Setting next_dagrun for example_skip_dag to 2024-03-24 00:00:00+00:00, run_after=2024-03-25 00:00:00+00:00
[2024-03-25T22:25:26.335+0000] {processor.py:183} INFO - Processing /home/airflow/.local/lib/python3.8/site-packages/airflow/example_dags/example_skip_dag.py took 0.038 seconds
[2024-03-25T22:25:56.901+0000] {processor.py:161} INFO - Started process (PID=1977) to work on /home/airflow/.local/lib/python3.8/site-packages/airflow/example_dags/example_skip_dag.py
[2024-03-25T22:25:56.902+0000] {processor.py:830} INFO - Processing file /home/airflow/.local/lib/python3.8/site-packages/airflow/example_dags/example_skip_dag.py for tasks to queue
[2024-03-25T22:25:56.903+0000] {logging_mixin.py:188} INFO - [2024-03-25T22:25:56.902+0000] {dagbag.py:540} INFO - Filling up the DagBag from /home/airflow/.local/lib/python3.8/site-packages/airflow/example_dags/example_skip_dag.py
[2024-03-25T22:25:56.907+0000] {processor.py:840} INFO - DAG(s) 'example_skip_dag' retrieved from /home/airflow/.local/lib/python3.8/site-packages/airflow/example_dags/example_skip_dag.py
[2024-03-25T22:25:56.919+0000] {logging_mixin.py:188} INFO - [2024-03-25T22:25:56.919+0000] {dag.py:3047} INFO - Sync 1 DAGs
[2024-03-25T22:25:56.929+0000] {logging_mixin.py:188} INFO - [2024-03-25T22:25:56.929+0000] {dag.py:3834} INFO - Setting next_dagrun for example_skip_dag to 2024-03-24 00:00:00+00:00, run_after=2024-03-25 00:00:00+00:00
[2024-03-25T22:25:56.936+0000] {processor.py:183} INFO - Processing /home/airflow/.local/lib/python3.8/site-packages/airflow/example_dags/example_skip_dag.py took 0.037 seconds
[2024-03-25T22:26:27.496+0000] {processor.py:161} INFO - Started process (PID=2032) to work on /home/airflow/.local/lib/python3.8/site-packages/airflow/example_dags/example_skip_dag.py
[2024-03-25T22:26:27.497+0000] {processor.py:830} INFO - Processing file /home/airflow/.local/lib/python3.8/site-packages/airflow/example_dags/example_skip_dag.py for tasks to queue
[2024-03-25T22:26:27.498+0000] {logging_mixin.py:188} INFO - [2024-03-25T22:26:27.498+0000] {dagbag.py:540} INFO - Filling up the DagBag from /home/airflow/.local/lib/python3.8/site-packages/airflow/example_dags/example_skip_dag.py
[2024-03-25T22:26:27.502+0000] {processor.py:840} INFO - DAG(s) 'example_skip_dag' retrieved from /home/airflow/.local/lib/python3.8/site-packages/airflow/example_dags/example_skip_dag.py
[2024-03-25T22:26:27.515+0000] {logging_mixin.py:188} INFO - [2024-03-25T22:26:27.515+0000] {dag.py:3047} INFO - Sync 1 DAGs
[2024-03-25T22:26:27.525+0000] {logging_mixin.py:188} INFO - [2024-03-25T22:26:27.525+0000] {dag.py:3834} INFO - Setting next_dagrun for example_skip_dag to 2024-03-24 00:00:00+00:00, run_after=2024-03-25 00:00:00+00:00
[2024-03-25T22:26:27.535+0000] {processor.py:183} INFO - Processing /home/airflow/.local/lib/python3.8/site-packages/airflow/example_dags/example_skip_dag.py took 0.040 seconds
[2024-03-25T22:26:58.090+0000] {processor.py:161} INFO - Started process (PID=2087) to work on /home/airflow/.local/lib/python3.8/site-packages/airflow/example_dags/example_skip_dag.py
[2024-03-25T22:26:58.091+0000] {processor.py:830} INFO - Processing file /home/airflow/.local/lib/python3.8/site-packages/airflow/example_dags/example_skip_dag.py for tasks to queue
[2024-03-25T22:26:58.092+0000] {logging_mixin.py:188} INFO - [2024-03-25T22:26:58.092+0000] {dagbag.py:540} INFO - Filling up the DagBag from /home/airflow/.local/lib/python3.8/site-packages/airflow/example_dags/example_skip_dag.py
[2024-03-25T22:26:58.096+0000] {processor.py:840} INFO - DAG(s) 'example_skip_dag' retrieved from /home/airflow/.local/lib/python3.8/site-packages/airflow/example_dags/example_skip_dag.py
[2024-03-25T22:26:58.108+0000] {logging_mixin.py:188} INFO - [2024-03-25T22:26:58.108+0000] {dag.py:3047} INFO - Sync 1 DAGs
[2024-03-25T22:26:58.118+0000] {logging_mixin.py:188} INFO - [2024-03-25T22:26:58.118+0000] {dag.py:3834} INFO - Setting next_dagrun for example_skip_dag to 2024-03-24 00:00:00+00:00, run_after=2024-03-25 00:00:00+00:00
[2024-03-25T22:26:58.125+0000] {processor.py:183} INFO - Processing /home/airflow/.local/lib/python3.8/site-packages/airflow/example_dags/example_skip_dag.py took 0.037 seconds
[2024-03-25T22:27:28.680+0000] {processor.py:161} INFO - Started process (PID=2141) to work on /home/airflow/.local/lib/python3.8/site-packages/airflow/example_dags/example_skip_dag.py
[2024-03-25T22:27:28.681+0000] {processor.py:830} INFO - Processing file /home/airflow/.local/lib/python3.8/site-packages/airflow/example_dags/example_skip_dag.py for tasks to queue
[2024-03-25T22:27:28.682+0000] {logging_mixin.py:188} INFO - [2024-03-25T22:27:28.682+0000] {dagbag.py:540} INFO - Filling up the DagBag from /home/airflow/.local/lib/python3.8/site-packages/airflow/example_dags/example_skip_dag.py
[2024-03-25T22:27:28.686+0000] {processor.py:840} INFO - DAG(s) 'example_skip_dag' retrieved from /home/airflow/.local/lib/python3.8/site-packages/airflow/example_dags/example_skip_dag.py
[2024-03-25T22:27:28.698+0000] {logging_mixin.py:188} INFO - [2024-03-25T22:27:28.698+0000] {dag.py:3047} INFO - Sync 1 DAGs
[2024-03-25T22:27:28.708+0000] {logging_mixin.py:188} INFO - [2024-03-25T22:27:28.708+0000] {dag.py:3834} INFO - Setting next_dagrun for example_skip_dag to 2024-03-24 00:00:00+00:00, run_after=2024-03-25 00:00:00+00:00
[2024-03-25T22:27:28.715+0000] {processor.py:183} INFO - Processing /home/airflow/.local/lib/python3.8/site-packages/airflow/example_dags/example_skip_dag.py took 0.037 seconds
[2024-03-25T22:27:59.306+0000] {processor.py:161} INFO - Started process (PID=2196) to work on /home/airflow/.local/lib/python3.8/site-packages/airflow/example_dags/example_skip_dag.py
[2024-03-25T22:27:59.306+0000] {processor.py:830} INFO - Processing file /home/airflow/.local/lib/python3.8/site-packages/airflow/example_dags/example_skip_dag.py for tasks to queue
[2024-03-25T22:27:59.307+0000] {logging_mixin.py:188} INFO - [2024-03-25T22:27:59.307+0000] {dagbag.py:540} INFO - Filling up the DagBag from /home/airflow/.local/lib/python3.8/site-packages/airflow/example_dags/example_skip_dag.py
[2024-03-25T22:27:59.311+0000] {processor.py:840} INFO - DAG(s) 'example_skip_dag' retrieved from /home/airflow/.local/lib/python3.8/site-packages/airflow/example_dags/example_skip_dag.py
[2024-03-25T22:27:59.323+0000] {logging_mixin.py:188} INFO - [2024-03-25T22:27:59.323+0000] {dag.py:3047} INFO - Sync 1 DAGs
[2024-03-25T22:27:59.332+0000] {logging_mixin.py:188} INFO - [2024-03-25T22:27:59.332+0000] {dag.py:3834} INFO - Setting next_dagrun for example_skip_dag to 2024-03-24 00:00:00+00:00, run_after=2024-03-25 00:00:00+00:00
[2024-03-25T22:27:59.340+0000] {processor.py:183} INFO - Processing /home/airflow/.local/lib/python3.8/site-packages/airflow/example_dags/example_skip_dag.py took 0.036 seconds
[2024-03-25T22:28:29.856+0000] {processor.py:161} INFO - Started process (PID=2251) to work on /home/airflow/.local/lib/python3.8/site-packages/airflow/example_dags/example_skip_dag.py
[2024-03-25T22:28:29.857+0000] {processor.py:830} INFO - Processing file /home/airflow/.local/lib/python3.8/site-packages/airflow/example_dags/example_skip_dag.py for tasks to queue
[2024-03-25T22:28:29.858+0000] {logging_mixin.py:188} INFO - [2024-03-25T22:28:29.858+0000] {dagbag.py:540} INFO - Filling up the DagBag from /home/airflow/.local/lib/python3.8/site-packages/airflow/example_dags/example_skip_dag.py
[2024-03-25T22:28:29.862+0000] {processor.py:840} INFO - DAG(s) 'example_skip_dag' retrieved from /home/airflow/.local/lib/python3.8/site-packages/airflow/example_dags/example_skip_dag.py
[2024-03-25T22:28:29.874+0000] {logging_mixin.py:188} INFO - [2024-03-25T22:28:29.874+0000] {dag.py:3047} INFO - Sync 1 DAGs
[2024-03-25T22:28:29.884+0000] {logging_mixin.py:188} INFO - [2024-03-25T22:28:29.884+0000] {dag.py:3834} INFO - Setting next_dagrun for example_skip_dag to 2024-03-24 00:00:00+00:00, run_after=2024-03-25 00:00:00+00:00
[2024-03-25T22:28:29.891+0000] {processor.py:183} INFO - Processing /home/airflow/.local/lib/python3.8/site-packages/airflow/example_dags/example_skip_dag.py took 0.037 seconds
[2024-03-25T22:29:00.474+0000] {processor.py:161} INFO - Started process (PID=2306) to work on /home/airflow/.local/lib/python3.8/site-packages/airflow/example_dags/example_skip_dag.py
[2024-03-25T22:29:00.474+0000] {processor.py:830} INFO - Processing file /home/airflow/.local/lib/python3.8/site-packages/airflow/example_dags/example_skip_dag.py for tasks to queue
[2024-03-25T22:29:00.475+0000] {logging_mixin.py:188} INFO - [2024-03-25T22:29:00.475+0000] {dagbag.py:540} INFO - Filling up the DagBag from /home/airflow/.local/lib/python3.8/site-packages/airflow/example_dags/example_skip_dag.py
[2024-03-25T22:29:00.479+0000] {processor.py:840} INFO - DAG(s) 'example_skip_dag' retrieved from /home/airflow/.local/lib/python3.8/site-packages/airflow/example_dags/example_skip_dag.py
[2024-03-25T22:29:00.492+0000] {logging_mixin.py:188} INFO - [2024-03-25T22:29:00.492+0000] {dag.py:3047} INFO - Sync 1 DAGs
[2024-03-25T22:29:00.501+0000] {logging_mixin.py:188} INFO - [2024-03-25T22:29:00.501+0000] {dag.py:3834} INFO - Setting next_dagrun for example_skip_dag to 2024-03-24 00:00:00+00:00, run_after=2024-03-25 00:00:00+00:00
[2024-03-25T22:29:00.509+0000] {processor.py:183} INFO - Processing /home/airflow/.local/lib/python3.8/site-packages/airflow/example_dags/example_skip_dag.py took 0.037 seconds
[2024-03-25T22:29:31.068+0000] {processor.py:161} INFO - Started process (PID=2361) to work on /home/airflow/.local/lib/python3.8/site-packages/airflow/example_dags/example_skip_dag.py
[2024-03-25T22:29:31.069+0000] {processor.py:830} INFO - Processing file /home/airflow/.local/lib/python3.8/site-packages/airflow/example_dags/example_skip_dag.py for tasks to queue
[2024-03-25T22:29:31.070+0000] {logging_mixin.py:188} INFO - [2024-03-25T22:29:31.070+0000] {dagbag.py:540} INFO - Filling up the DagBag from /home/airflow/.local/lib/python3.8/site-packages/airflow/example_dags/example_skip_dag.py
[2024-03-25T22:29:31.074+0000] {processor.py:840} INFO - DAG(s) 'example_skip_dag' retrieved from /home/airflow/.local/lib/python3.8/site-packages/airflow/example_dags/example_skip_dag.py
[2024-03-25T22:29:31.086+0000] {logging_mixin.py:188} INFO - [2024-03-25T22:29:31.086+0000] {dag.py:3047} INFO - Sync 1 DAGs
[2024-03-25T22:29:31.096+0000] {logging_mixin.py:188} INFO - [2024-03-25T22:29:31.096+0000] {dag.py:3834} INFO - Setting next_dagrun for example_skip_dag to 2024-03-24 00:00:00+00:00, run_after=2024-03-25 00:00:00+00:00
[2024-03-25T22:29:31.103+0000] {processor.py:183} INFO - Processing /home/airflow/.local/lib/python3.8/site-packages/airflow/example_dags/example_skip_dag.py took 0.036 seconds
[2024-03-25T22:30:01.655+0000] {processor.py:161} INFO - Started process (PID=2422) to work on /home/airflow/.local/lib/python3.8/site-packages/airflow/example_dags/example_skip_dag.py
[2024-03-25T22:30:01.656+0000] {processor.py:830} INFO - Processing file /home/airflow/.local/lib/python3.8/site-packages/airflow/example_dags/example_skip_dag.py for tasks to queue
[2024-03-25T22:30:01.657+0000] {logging_mixin.py:188} INFO - [2024-03-25T22:30:01.657+0000] {dagbag.py:540} INFO - Filling up the DagBag from /home/airflow/.local/lib/python3.8/site-packages/airflow/example_dags/example_skip_dag.py
[2024-03-25T22:30:01.661+0000] {processor.py:840} INFO - DAG(s) 'example_skip_dag' retrieved from /home/airflow/.local/lib/python3.8/site-packages/airflow/example_dags/example_skip_dag.py
[2024-03-25T22:30:01.673+0000] {logging_mixin.py:188} INFO - [2024-03-25T22:30:01.673+0000] {dag.py:3047} INFO - Sync 1 DAGs
[2024-03-25T22:30:01.683+0000] {logging_mixin.py:188} INFO - [2024-03-25T22:30:01.683+0000] {dag.py:3834} INFO - Setting next_dagrun for example_skip_dag to 2024-03-24 00:00:00+00:00, run_after=2024-03-25 00:00:00+00:00
[2024-03-25T22:30:01.691+0000] {processor.py:183} INFO - Processing /home/airflow/.local/lib/python3.8/site-packages/airflow/example_dags/example_skip_dag.py took 0.038 seconds
[2024-03-25T22:30:32.296+0000] {processor.py:161} INFO - Started process (PID=2477) to work on /home/airflow/.local/lib/python3.8/site-packages/airflow/example_dags/example_skip_dag.py
[2024-03-25T22:30:32.297+0000] {processor.py:830} INFO - Processing file /home/airflow/.local/lib/python3.8/site-packages/airflow/example_dags/example_skip_dag.py for tasks to queue
[2024-03-25T22:30:32.298+0000] {logging_mixin.py:188} INFO - [2024-03-25T22:30:32.298+0000] {dagbag.py:540} INFO - Filling up the DagBag from /home/airflow/.local/lib/python3.8/site-packages/airflow/example_dags/example_skip_dag.py
[2024-03-25T22:30:32.302+0000] {processor.py:840} INFO - DAG(s) 'example_skip_dag' retrieved from /home/airflow/.local/lib/python3.8/site-packages/airflow/example_dags/example_skip_dag.py
[2024-03-25T22:30:32.315+0000] {logging_mixin.py:188} INFO - [2024-03-25T22:30:32.314+0000] {dag.py:3047} INFO - Sync 1 DAGs
[2024-03-25T22:30:32.324+0000] {logging_mixin.py:188} INFO - [2024-03-25T22:30:32.324+0000] {dag.py:3834} INFO - Setting next_dagrun for example_skip_dag to 2024-03-24 00:00:00+00:00, run_after=2024-03-25 00:00:00+00:00
[2024-03-25T22:30:32.332+0000] {processor.py:183} INFO - Processing /home/airflow/.local/lib/python3.8/site-packages/airflow/example_dags/example_skip_dag.py took 0.038 seconds
[2024-03-25T22:31:02.853+0000] {processor.py:161} INFO - Started process (PID=2532) to work on /home/airflow/.local/lib/python3.8/site-packages/airflow/example_dags/example_skip_dag.py
[2024-03-25T22:31:02.854+0000] {processor.py:830} INFO - Processing file /home/airflow/.local/lib/python3.8/site-packages/airflow/example_dags/example_skip_dag.py for tasks to queue
[2024-03-25T22:31:02.855+0000] {logging_mixin.py:188} INFO - [2024-03-25T22:31:02.855+0000] {dagbag.py:540} INFO - Filling up the DagBag from /home/airflow/.local/lib/python3.8/site-packages/airflow/example_dags/example_skip_dag.py
[2024-03-25T22:31:02.859+0000] {processor.py:840} INFO - DAG(s) 'example_skip_dag' retrieved from /home/airflow/.local/lib/python3.8/site-packages/airflow/example_dags/example_skip_dag.py
[2024-03-25T22:31:02.871+0000] {logging_mixin.py:188} INFO - [2024-03-25T22:31:02.871+0000] {dag.py:3047} INFO - Sync 1 DAGs
[2024-03-25T22:31:02.881+0000] {logging_mixin.py:188} INFO - [2024-03-25T22:31:02.881+0000] {dag.py:3834} INFO - Setting next_dagrun for example_skip_dag to 2024-03-24 00:00:00+00:00, run_after=2024-03-25 00:00:00+00:00
[2024-03-25T22:31:02.888+0000] {processor.py:183} INFO - Processing /home/airflow/.local/lib/python3.8/site-packages/airflow/example_dags/example_skip_dag.py took 0.037 seconds
[2024-03-25T22:31:33.433+0000] {processor.py:161} INFO - Started process (PID=2587) to work on /home/airflow/.local/lib/python3.8/site-packages/airflow/example_dags/example_skip_dag.py
[2024-03-25T22:31:33.434+0000] {processor.py:830} INFO - Processing file /home/airflow/.local/lib/python3.8/site-packages/airflow/example_dags/example_skip_dag.py for tasks to queue
[2024-03-25T22:31:33.435+0000] {logging_mixin.py:188} INFO - [2024-03-25T22:31:33.435+0000] {dagbag.py:540} INFO - Filling up the DagBag from /home/airflow/.local/lib/python3.8/site-packages/airflow/example_dags/example_skip_dag.py
[2024-03-25T22:31:33.439+0000] {processor.py:840} INFO - DAG(s) 'example_skip_dag' retrieved from /home/airflow/.local/lib/python3.8/site-packages/airflow/example_dags/example_skip_dag.py
[2024-03-25T22:31:33.451+0000] {logging_mixin.py:188} INFO - [2024-03-25T22:31:33.451+0000] {dag.py:3047} INFO - Sync 1 DAGs
[2024-03-25T22:31:33.461+0000] {logging_mixin.py:188} INFO - [2024-03-25T22:31:33.461+0000] {dag.py:3834} INFO - Setting next_dagrun for example_skip_dag to 2024-03-24 00:00:00+00:00, run_after=2024-03-25 00:00:00+00:00
[2024-03-25T22:31:33.469+0000] {processor.py:183} INFO - Processing /home/airflow/.local/lib/python3.8/site-packages/airflow/example_dags/example_skip_dag.py took 0.038 seconds
[2024-03-25T22:32:04.108+0000] {processor.py:161} INFO - Started process (PID=2642) to work on /home/airflow/.local/lib/python3.8/site-packages/airflow/example_dags/example_skip_dag.py
[2024-03-25T22:32:04.109+0000] {processor.py:830} INFO - Processing file /home/airflow/.local/lib/python3.8/site-packages/airflow/example_dags/example_skip_dag.py for tasks to queue
[2024-03-25T22:32:04.110+0000] {logging_mixin.py:188} INFO - [2024-03-25T22:32:04.109+0000] {dagbag.py:540} INFO - Filling up the DagBag from /home/airflow/.local/lib/python3.8/site-packages/airflow/example_dags/example_skip_dag.py
[2024-03-25T22:32:04.113+0000] {processor.py:840} INFO - DAG(s) 'example_skip_dag' retrieved from /home/airflow/.local/lib/python3.8/site-packages/airflow/example_dags/example_skip_dag.py
[2024-03-25T22:32:04.126+0000] {logging_mixin.py:188} INFO - [2024-03-25T22:32:04.126+0000] {dag.py:3047} INFO - Sync 1 DAGs
[2024-03-25T22:32:04.135+0000] {logging_mixin.py:188} INFO - [2024-03-25T22:32:04.135+0000] {dag.py:3834} INFO - Setting next_dagrun for example_skip_dag to 2024-03-24 00:00:00+00:00, run_after=2024-03-25 00:00:00+00:00
[2024-03-25T22:32:04.143+0000] {processor.py:183} INFO - Processing /home/airflow/.local/lib/python3.8/site-packages/airflow/example_dags/example_skip_dag.py took 0.037 seconds
[2024-03-25T22:32:34.784+0000] {processor.py:161} INFO - Started process (PID=2697) to work on /home/airflow/.local/lib/python3.8/site-packages/airflow/example_dags/example_skip_dag.py
[2024-03-25T22:32:34.785+0000] {processor.py:830} INFO - Processing file /home/airflow/.local/lib/python3.8/site-packages/airflow/example_dags/example_skip_dag.py for tasks to queue
[2024-03-25T22:32:34.786+0000] {logging_mixin.py:188} INFO - [2024-03-25T22:32:34.786+0000] {dagbag.py:540} INFO - Filling up the DagBag from /home/airflow/.local/lib/python3.8/site-packages/airflow/example_dags/example_skip_dag.py
[2024-03-25T22:32:34.790+0000] {processor.py:840} INFO - DAG(s) 'example_skip_dag' retrieved from /home/airflow/.local/lib/python3.8/site-packages/airflow/example_dags/example_skip_dag.py
[2024-03-25T22:32:34.802+0000] {logging_mixin.py:188} INFO - [2024-03-25T22:32:34.802+0000] {dag.py:3047} INFO - Sync 1 DAGs
[2024-03-25T22:32:34.812+0000] {logging_mixin.py:188} INFO - [2024-03-25T22:32:34.811+0000] {dag.py:3834} INFO - Setting next_dagrun for example_skip_dag to 2024-03-24 00:00:00+00:00, run_after=2024-03-25 00:00:00+00:00
[2024-03-25T22:32:34.819+0000] {processor.py:183} INFO - Processing /home/airflow/.local/lib/python3.8/site-packages/airflow/example_dags/example_skip_dag.py took 0.037 seconds
[2024-03-25T22:33:05.604+0000] {processor.py:161} INFO - Started process (PID=2752) to work on /home/airflow/.local/lib/python3.8/site-packages/airflow/example_dags/example_skip_dag.py
[2024-03-25T22:33:05.604+0000] {processor.py:830} INFO - Processing file /home/airflow/.local/lib/python3.8/site-packages/airflow/example_dags/example_skip_dag.py for tasks to queue
[2024-03-25T22:33:05.605+0000] {logging_mixin.py:188} INFO - [2024-03-25T22:33:05.605+0000] {dagbag.py:540} INFO - Filling up the DagBag from /home/airflow/.local/lib/python3.8/site-packages/airflow/example_dags/example_skip_dag.py
[2024-03-25T22:33:05.609+0000] {processor.py:840} INFO - DAG(s) 'example_skip_dag' retrieved from /home/airflow/.local/lib/python3.8/site-packages/airflow/example_dags/example_skip_dag.py
[2024-03-25T22:33:05.622+0000] {logging_mixin.py:188} INFO - [2024-03-25T22:33:05.621+0000] {dag.py:3047} INFO - Sync 1 DAGs
[2024-03-25T22:33:05.631+0000] {logging_mixin.py:188} INFO - [2024-03-25T22:33:05.631+0000] {dag.py:3834} INFO - Setting next_dagrun for example_skip_dag to 2024-03-24 00:00:00+00:00, run_after=2024-03-25 00:00:00+00:00
[2024-03-25T22:33:05.639+0000] {processor.py:183} INFO - Processing /home/airflow/.local/lib/python3.8/site-packages/airflow/example_dags/example_skip_dag.py took 0.037 seconds
[2024-03-25T22:33:36.455+0000] {processor.py:161} INFO - Started process (PID=2807) to work on /home/airflow/.local/lib/python3.8/site-packages/airflow/example_dags/example_skip_dag.py
[2024-03-25T22:33:36.456+0000] {processor.py:830} INFO - Processing file /home/airflow/.local/lib/python3.8/site-packages/airflow/example_dags/example_skip_dag.py for tasks to queue
[2024-03-25T22:33:36.457+0000] {logging_mixin.py:188} INFO - [2024-03-25T22:33:36.457+0000] {dagbag.py:540} INFO - Filling up the DagBag from /home/airflow/.local/lib/python3.8/site-packages/airflow/example_dags/example_skip_dag.py
[2024-03-25T22:33:36.461+0000] {processor.py:840} INFO - DAG(s) 'example_skip_dag' retrieved from /home/airflow/.local/lib/python3.8/site-packages/airflow/example_dags/example_skip_dag.py
[2024-03-25T22:33:36.474+0000] {logging_mixin.py:188} INFO - [2024-03-25T22:33:36.473+0000] {dag.py:3047} INFO - Sync 1 DAGs
[2024-03-25T22:33:36.483+0000] {logging_mixin.py:188} INFO - [2024-03-25T22:33:36.483+0000] {dag.py:3834} INFO - Setting next_dagrun for example_skip_dag to 2024-03-24 00:00:00+00:00, run_after=2024-03-25 00:00:00+00:00
[2024-03-25T22:33:36.490+0000] {processor.py:183} INFO - Processing /home/airflow/.local/lib/python3.8/site-packages/airflow/example_dags/example_skip_dag.py took 0.037 seconds
[2024-03-25T22:34:06.663+0000] {processor.py:161} INFO - Started process (PID=2862) to work on /home/airflow/.local/lib/python3.8/site-packages/airflow/example_dags/example_skip_dag.py
[2024-03-25T22:34:06.663+0000] {processor.py:830} INFO - Processing file /home/airflow/.local/lib/python3.8/site-packages/airflow/example_dags/example_skip_dag.py for tasks to queue
[2024-03-25T22:34:06.664+0000] {logging_mixin.py:188} INFO - [2024-03-25T22:34:06.664+0000] {dagbag.py:540} INFO - Filling up the DagBag from /home/airflow/.local/lib/python3.8/site-packages/airflow/example_dags/example_skip_dag.py
[2024-03-25T22:34:06.668+0000] {processor.py:840} INFO - DAG(s) 'example_skip_dag' retrieved from /home/airflow/.local/lib/python3.8/site-packages/airflow/example_dags/example_skip_dag.py
[2024-03-25T22:34:06.680+0000] {logging_mixin.py:188} INFO - [2024-03-25T22:34:06.680+0000] {dag.py:3047} INFO - Sync 1 DAGs
[2024-03-25T22:34:06.690+0000] {logging_mixin.py:188} INFO - [2024-03-25T22:34:06.689+0000] {dag.py:3834} INFO - Setting next_dagrun for example_skip_dag to 2024-03-24 00:00:00+00:00, run_after=2024-03-25 00:00:00+00:00
[2024-03-25T22:34:06.697+0000] {processor.py:183} INFO - Processing /home/airflow/.local/lib/python3.8/site-packages/airflow/example_dags/example_skip_dag.py took 0.036 seconds
[2024-03-25T22:34:36.793+0000] {processor.py:161} INFO - Started process (PID=2918) to work on /home/airflow/.local/lib/python3.8/site-packages/airflow/example_dags/example_skip_dag.py
[2024-03-25T22:34:36.794+0000] {processor.py:830} INFO - Processing file /home/airflow/.local/lib/python3.8/site-packages/airflow/example_dags/example_skip_dag.py for tasks to queue
[2024-03-25T22:34:36.795+0000] {logging_mixin.py:188} INFO - [2024-03-25T22:34:36.795+0000] {dagbag.py:540} INFO - Filling up the DagBag from /home/airflow/.local/lib/python3.8/site-packages/airflow/example_dags/example_skip_dag.py
[2024-03-25T22:34:36.798+0000] {processor.py:840} INFO - DAG(s) 'example_skip_dag' retrieved from /home/airflow/.local/lib/python3.8/site-packages/airflow/example_dags/example_skip_dag.py
[2024-03-25T22:34:36.811+0000] {logging_mixin.py:188} INFO - [2024-03-25T22:34:36.811+0000] {dag.py:3047} INFO - Sync 1 DAGs
[2024-03-25T22:34:36.820+0000] {logging_mixin.py:188} INFO - [2024-03-25T22:34:36.820+0000] {dag.py:3834} INFO - Setting next_dagrun for example_skip_dag to 2024-03-24 00:00:00+00:00, run_after=2024-03-25 00:00:00+00:00
[2024-03-25T22:34:36.828+0000] {processor.py:183} INFO - Processing /home/airflow/.local/lib/python3.8/site-packages/airflow/example_dags/example_skip_dag.py took 0.036 seconds
[2024-03-25T22:35:07.385+0000] {processor.py:161} INFO - Started process (PID=2973) to work on /home/airflow/.local/lib/python3.8/site-packages/airflow/example_dags/example_skip_dag.py
[2024-03-25T22:35:07.386+0000] {processor.py:830} INFO - Processing file /home/airflow/.local/lib/python3.8/site-packages/airflow/example_dags/example_skip_dag.py for tasks to queue
[2024-03-25T22:35:07.387+0000] {logging_mixin.py:188} INFO - [2024-03-25T22:35:07.387+0000] {dagbag.py:540} INFO - Filling up the DagBag from /home/airflow/.local/lib/python3.8/site-packages/airflow/example_dags/example_skip_dag.py
[2024-03-25T22:35:07.391+0000] {processor.py:840} INFO - DAG(s) 'example_skip_dag' retrieved from /home/airflow/.local/lib/python3.8/site-packages/airflow/example_dags/example_skip_dag.py
[2024-03-25T22:35:07.404+0000] {logging_mixin.py:188} INFO - [2024-03-25T22:35:07.404+0000] {dag.py:3047} INFO - Sync 1 DAGs
[2024-03-25T22:35:07.413+0000] {logging_mixin.py:188} INFO - [2024-03-25T22:35:07.413+0000] {dag.py:3834} INFO - Setting next_dagrun for example_skip_dag to 2024-03-24 00:00:00+00:00, run_after=2024-03-25 00:00:00+00:00
[2024-03-25T22:35:07.420+0000] {processor.py:183} INFO - Processing /home/airflow/.local/lib/python3.8/site-packages/airflow/example_dags/example_skip_dag.py took 0.037 seconds
[2024-03-25T22:35:37.876+0000] {processor.py:161} INFO - Started process (PID=3028) to work on /home/airflow/.local/lib/python3.8/site-packages/airflow/example_dags/example_skip_dag.py
[2024-03-25T22:35:37.877+0000] {processor.py:830} INFO - Processing file /home/airflow/.local/lib/python3.8/site-packages/airflow/example_dags/example_skip_dag.py for tasks to queue
[2024-03-25T22:35:37.878+0000] {logging_mixin.py:188} INFO - [2024-03-25T22:35:37.878+0000] {dagbag.py:540} INFO - Filling up the DagBag from /home/airflow/.local/lib/python3.8/site-packages/airflow/example_dags/example_skip_dag.py
[2024-03-25T22:35:37.882+0000] {processor.py:840} INFO - DAG(s) 'example_skip_dag' retrieved from /home/airflow/.local/lib/python3.8/site-packages/airflow/example_dags/example_skip_dag.py
[2024-03-25T22:35:37.977+0000] {logging_mixin.py:188} INFO - [2024-03-25T22:35:37.977+0000] {dag.py:3047} INFO - Sync 1 DAGs
[2024-03-25T22:35:37.986+0000] {logging_mixin.py:188} INFO - [2024-03-25T22:35:37.986+0000] {dag.py:3834} INFO - Setting next_dagrun for example_skip_dag to 2024-03-24 00:00:00+00:00, run_after=2024-03-25 00:00:00+00:00
[2024-03-25T22:35:37.993+0000] {processor.py:183} INFO - Processing /home/airflow/.local/lib/python3.8/site-packages/airflow/example_dags/example_skip_dag.py took 0.119 seconds
[2024-03-25T22:36:08.181+0000] {processor.py:161} INFO - Started process (PID=3083) to work on /home/airflow/.local/lib/python3.8/site-packages/airflow/example_dags/example_skip_dag.py
[2024-03-25T22:36:08.182+0000] {processor.py:830} INFO - Processing file /home/airflow/.local/lib/python3.8/site-packages/airflow/example_dags/example_skip_dag.py for tasks to queue
[2024-03-25T22:36:08.183+0000] {logging_mixin.py:188} INFO - [2024-03-25T22:36:08.183+0000] {dagbag.py:540} INFO - Filling up the DagBag from /home/airflow/.local/lib/python3.8/site-packages/airflow/example_dags/example_skip_dag.py
[2024-03-25T22:36:08.187+0000] {processor.py:840} INFO - DAG(s) 'example_skip_dag' retrieved from /home/airflow/.local/lib/python3.8/site-packages/airflow/example_dags/example_skip_dag.py
[2024-03-25T22:36:08.200+0000] {logging_mixin.py:188} INFO - [2024-03-25T22:36:08.200+0000] {dag.py:3047} INFO - Sync 1 DAGs
[2024-03-25T22:36:08.210+0000] {logging_mixin.py:188} INFO - [2024-03-25T22:36:08.209+0000] {dag.py:3834} INFO - Setting next_dagrun for example_skip_dag to 2024-03-24 00:00:00+00:00, run_after=2024-03-25 00:00:00+00:00
[2024-03-25T22:36:08.217+0000] {processor.py:183} INFO - Processing /home/airflow/.local/lib/python3.8/site-packages/airflow/example_dags/example_skip_dag.py took 0.038 seconds
[2024-03-25T22:36:38.897+0000] {processor.py:161} INFO - Started process (PID=3139) to work on /home/airflow/.local/lib/python3.8/site-packages/airflow/example_dags/example_skip_dag.py
[2024-03-25T22:36:38.897+0000] {processor.py:830} INFO - Processing file /home/airflow/.local/lib/python3.8/site-packages/airflow/example_dags/example_skip_dag.py for tasks to queue
[2024-03-25T22:36:38.899+0000] {logging_mixin.py:188} INFO - [2024-03-25T22:36:38.898+0000] {dagbag.py:540} INFO - Filling up the DagBag from /home/airflow/.local/lib/python3.8/site-packages/airflow/example_dags/example_skip_dag.py
[2024-03-25T22:36:38.903+0000] {processor.py:840} INFO - DAG(s) 'example_skip_dag' retrieved from /home/airflow/.local/lib/python3.8/site-packages/airflow/example_dags/example_skip_dag.py
[2024-03-25T22:36:38.915+0000] {logging_mixin.py:188} INFO - [2024-03-25T22:36:38.915+0000] {dag.py:3047} INFO - Sync 1 DAGs
[2024-03-25T22:36:38.924+0000] {logging_mixin.py:188} INFO - [2024-03-25T22:36:38.924+0000] {dag.py:3834} INFO - Setting next_dagrun for example_skip_dag to 2024-03-24 00:00:00+00:00, run_after=2024-03-25 00:00:00+00:00
[2024-03-25T22:36:38.932+0000] {processor.py:183} INFO - Processing /home/airflow/.local/lib/python3.8/site-packages/airflow/example_dags/example_skip_dag.py took 0.037 seconds
[2024-03-25T22:37:09.569+0000] {processor.py:161} INFO - Started process (PID=3194) to work on /home/airflow/.local/lib/python3.8/site-packages/airflow/example_dags/example_skip_dag.py
[2024-03-25T22:37:09.570+0000] {processor.py:830} INFO - Processing file /home/airflow/.local/lib/python3.8/site-packages/airflow/example_dags/example_skip_dag.py for tasks to queue
[2024-03-25T22:37:09.571+0000] {logging_mixin.py:188} INFO - [2024-03-25T22:37:09.571+0000] {dagbag.py:540} INFO - Filling up the DagBag from /home/airflow/.local/lib/python3.8/site-packages/airflow/example_dags/example_skip_dag.py
[2024-03-25T22:37:09.575+0000] {processor.py:840} INFO - DAG(s) 'example_skip_dag' retrieved from /home/airflow/.local/lib/python3.8/site-packages/airflow/example_dags/example_skip_dag.py
[2024-03-25T22:37:09.586+0000] {logging_mixin.py:188} INFO - [2024-03-25T22:37:09.586+0000] {dag.py:3047} INFO - Sync 1 DAGs
[2024-03-25T22:37:09.596+0000] {logging_mixin.py:188} INFO - [2024-03-25T22:37:09.596+0000] {dag.py:3834} INFO - Setting next_dagrun for example_skip_dag to 2024-03-24 00:00:00+00:00, run_after=2024-03-25 00:00:00+00:00
[2024-03-25T22:37:09.603+0000] {processor.py:183} INFO - Processing /home/airflow/.local/lib/python3.8/site-packages/airflow/example_dags/example_skip_dag.py took 0.035 seconds
[2024-03-25T22:37:40.310+0000] {processor.py:161} INFO - Started process (PID=3249) to work on /home/airflow/.local/lib/python3.8/site-packages/airflow/example_dags/example_skip_dag.py
[2024-03-25T22:37:40.310+0000] {processor.py:830} INFO - Processing file /home/airflow/.local/lib/python3.8/site-packages/airflow/example_dags/example_skip_dag.py for tasks to queue
[2024-03-25T22:37:40.311+0000] {logging_mixin.py:188} INFO - [2024-03-25T22:37:40.311+0000] {dagbag.py:540} INFO - Filling up the DagBag from /home/airflow/.local/lib/python3.8/site-packages/airflow/example_dags/example_skip_dag.py
[2024-03-25T22:37:40.315+0000] {processor.py:840} INFO - DAG(s) 'example_skip_dag' retrieved from /home/airflow/.local/lib/python3.8/site-packages/airflow/example_dags/example_skip_dag.py
[2024-03-25T22:37:40.327+0000] {logging_mixin.py:188} INFO - [2024-03-25T22:37:40.327+0000] {dag.py:3047} INFO - Sync 1 DAGs
[2024-03-25T22:37:40.337+0000] {logging_mixin.py:188} INFO - [2024-03-25T22:37:40.337+0000] {dag.py:3834} INFO - Setting next_dagrun for example_skip_dag to 2024-03-24 00:00:00+00:00, run_after=2024-03-25 00:00:00+00:00
[2024-03-25T22:37:40.344+0000] {processor.py:183} INFO - Processing /home/airflow/.local/lib/python3.8/site-packages/airflow/example_dags/example_skip_dag.py took 0.036 seconds
[2024-03-25T22:38:10.999+0000] {processor.py:161} INFO - Started process (PID=3304) to work on /home/airflow/.local/lib/python3.8/site-packages/airflow/example_dags/example_skip_dag.py
[2024-03-25T22:38:11.000+0000] {processor.py:830} INFO - Processing file /home/airflow/.local/lib/python3.8/site-packages/airflow/example_dags/example_skip_dag.py for tasks to queue
[2024-03-25T22:38:11.001+0000] {logging_mixin.py:188} INFO - [2024-03-25T22:38:11.000+0000] {dagbag.py:540} INFO - Filling up the DagBag from /home/airflow/.local/lib/python3.8/site-packages/airflow/example_dags/example_skip_dag.py
[2024-03-25T22:38:11.004+0000] {processor.py:840} INFO - DAG(s) 'example_skip_dag' retrieved from /home/airflow/.local/lib/python3.8/site-packages/airflow/example_dags/example_skip_dag.py
[2024-03-25T22:38:11.017+0000] {logging_mixin.py:188} INFO - [2024-03-25T22:38:11.016+0000] {dag.py:3047} INFO - Sync 1 DAGs
[2024-03-25T22:38:11.026+0000] {logging_mixin.py:188} INFO - [2024-03-25T22:38:11.026+0000] {dag.py:3834} INFO - Setting next_dagrun for example_skip_dag to 2024-03-24 00:00:00+00:00, run_after=2024-03-25 00:00:00+00:00
[2024-03-25T22:38:11.032+0000] {processor.py:183} INFO - Processing /home/airflow/.local/lib/python3.8/site-packages/airflow/example_dags/example_skip_dag.py took 0.035 seconds
[2024-03-25T22:38:41.704+0000] {processor.py:161} INFO - Started process (PID=3359) to work on /home/airflow/.local/lib/python3.8/site-packages/airflow/example_dags/example_skip_dag.py
[2024-03-25T22:38:41.704+0000] {processor.py:830} INFO - Processing file /home/airflow/.local/lib/python3.8/site-packages/airflow/example_dags/example_skip_dag.py for tasks to queue
[2024-03-25T22:38:41.705+0000] {logging_mixin.py:188} INFO - [2024-03-25T22:38:41.705+0000] {dagbag.py:540} INFO - Filling up the DagBag from /home/airflow/.local/lib/python3.8/site-packages/airflow/example_dags/example_skip_dag.py
[2024-03-25T22:38:41.709+0000] {processor.py:840} INFO - DAG(s) 'example_skip_dag' retrieved from /home/airflow/.local/lib/python3.8/site-packages/airflow/example_dags/example_skip_dag.py
[2024-03-25T22:38:41.721+0000] {logging_mixin.py:188} INFO - [2024-03-25T22:38:41.721+0000] {dag.py:3047} INFO - Sync 1 DAGs
[2024-03-25T22:38:41.731+0000] {logging_mixin.py:188} INFO - [2024-03-25T22:38:41.731+0000] {dag.py:3834} INFO - Setting next_dagrun for example_skip_dag to 2024-03-24 00:00:00+00:00, run_after=2024-03-25 00:00:00+00:00
[2024-03-25T22:38:41.738+0000] {processor.py:183} INFO - Processing /home/airflow/.local/lib/python3.8/site-packages/airflow/example_dags/example_skip_dag.py took 0.037 seconds
[2024-03-25T22:39:12.403+0000] {processor.py:161} INFO - Started process (PID=3414) to work on /home/airflow/.local/lib/python3.8/site-packages/airflow/example_dags/example_skip_dag.py
[2024-03-25T22:39:12.403+0000] {processor.py:830} INFO - Processing file /home/airflow/.local/lib/python3.8/site-packages/airflow/example_dags/example_skip_dag.py for tasks to queue
[2024-03-25T22:39:12.404+0000] {logging_mixin.py:188} INFO - [2024-03-25T22:39:12.404+0000] {dagbag.py:540} INFO - Filling up the DagBag from /home/airflow/.local/lib/python3.8/site-packages/airflow/example_dags/example_skip_dag.py
[2024-03-25T22:39:12.408+0000] {processor.py:840} INFO - DAG(s) 'example_skip_dag' retrieved from /home/airflow/.local/lib/python3.8/site-packages/airflow/example_dags/example_skip_dag.py
[2024-03-25T22:39:12.421+0000] {logging_mixin.py:188} INFO - [2024-03-25T22:39:12.420+0000] {dag.py:3047} INFO - Sync 1 DAGs
[2024-03-25T22:39:12.430+0000] {logging_mixin.py:188} INFO - [2024-03-25T22:39:12.430+0000] {dag.py:3834} INFO - Setting next_dagrun for example_skip_dag to 2024-03-24 00:00:00+00:00, run_after=2024-03-25 00:00:00+00:00
[2024-03-25T22:39:12.438+0000] {processor.py:183} INFO - Processing /home/airflow/.local/lib/python3.8/site-packages/airflow/example_dags/example_skip_dag.py took 0.037 seconds
[2024-03-25T22:39:43.145+0000] {processor.py:161} INFO - Started process (PID=3468) to work on /home/airflow/.local/lib/python3.8/site-packages/airflow/example_dags/example_skip_dag.py
[2024-03-25T22:39:43.146+0000] {processor.py:830} INFO - Processing file /home/airflow/.local/lib/python3.8/site-packages/airflow/example_dags/example_skip_dag.py for tasks to queue
[2024-03-25T22:39:43.147+0000] {logging_mixin.py:188} INFO - [2024-03-25T22:39:43.146+0000] {dagbag.py:540} INFO - Filling up the DagBag from /home/airflow/.local/lib/python3.8/site-packages/airflow/example_dags/example_skip_dag.py
[2024-03-25T22:39:43.150+0000] {processor.py:840} INFO - DAG(s) 'example_skip_dag' retrieved from /home/airflow/.local/lib/python3.8/site-packages/airflow/example_dags/example_skip_dag.py
[2024-03-25T22:39:43.162+0000] {logging_mixin.py:188} INFO - [2024-03-25T22:39:43.162+0000] {dag.py:3047} INFO - Sync 1 DAGs
[2024-03-25T22:39:43.172+0000] {logging_mixin.py:188} INFO - [2024-03-25T22:39:43.172+0000] {dag.py:3834} INFO - Setting next_dagrun for example_skip_dag to 2024-03-24 00:00:00+00:00, run_after=2024-03-25 00:00:00+00:00
[2024-03-25T22:39:43.180+0000] {processor.py:183} INFO - Processing /home/airflow/.local/lib/python3.8/site-packages/airflow/example_dags/example_skip_dag.py took 0.036 seconds
[2024-03-25T22:40:13.904+0000] {processor.py:161} INFO - Started process (PID=3523) to work on /home/airflow/.local/lib/python3.8/site-packages/airflow/example_dags/example_skip_dag.py
[2024-03-25T22:40:13.905+0000] {processor.py:830} INFO - Processing file /home/airflow/.local/lib/python3.8/site-packages/airflow/example_dags/example_skip_dag.py for tasks to queue
[2024-03-25T22:40:13.906+0000] {logging_mixin.py:188} INFO - [2024-03-25T22:40:13.905+0000] {dagbag.py:540} INFO - Filling up the DagBag from /home/airflow/.local/lib/python3.8/site-packages/airflow/example_dags/example_skip_dag.py
[2024-03-25T22:40:13.909+0000] {processor.py:840} INFO - DAG(s) 'example_skip_dag' retrieved from /home/airflow/.local/lib/python3.8/site-packages/airflow/example_dags/example_skip_dag.py
[2024-03-25T22:40:13.922+0000] {logging_mixin.py:188} INFO - [2024-03-25T22:40:13.922+0000] {dag.py:3047} INFO - Sync 1 DAGs
[2024-03-25T22:40:13.931+0000] {logging_mixin.py:188} INFO - [2024-03-25T22:40:13.931+0000] {dag.py:3834} INFO - Setting next_dagrun for example_skip_dag to 2024-03-24 00:00:00+00:00, run_after=2024-03-25 00:00:00+00:00
[2024-03-25T22:40:13.939+0000] {processor.py:183} INFO - Processing /home/airflow/.local/lib/python3.8/site-packages/airflow/example_dags/example_skip_dag.py took 0.037 seconds
[2024-03-25T22:40:44.633+0000] {processor.py:161} INFO - Started process (PID=3578) to work on /home/airflow/.local/lib/python3.8/site-packages/airflow/example_dags/example_skip_dag.py
[2024-03-25T22:40:44.633+0000] {processor.py:830} INFO - Processing file /home/airflow/.local/lib/python3.8/site-packages/airflow/example_dags/example_skip_dag.py for tasks to queue
[2024-03-25T22:40:44.634+0000] {logging_mixin.py:188} INFO - [2024-03-25T22:40:44.634+0000] {dagbag.py:540} INFO - Filling up the DagBag from /home/airflow/.local/lib/python3.8/site-packages/airflow/example_dags/example_skip_dag.py
[2024-03-25T22:40:44.638+0000] {processor.py:840} INFO - DAG(s) 'example_skip_dag' retrieved from /home/airflow/.local/lib/python3.8/site-packages/airflow/example_dags/example_skip_dag.py
[2024-03-25T22:40:44.651+0000] {logging_mixin.py:188} INFO - [2024-03-25T22:40:44.651+0000] {dag.py:3047} INFO - Sync 1 DAGs
[2024-03-25T22:40:44.660+0000] {logging_mixin.py:188} INFO - [2024-03-25T22:40:44.660+0000] {dag.py:3834} INFO - Setting next_dagrun for example_skip_dag to 2024-03-24 00:00:00+00:00, run_after=2024-03-25 00:00:00+00:00
[2024-03-25T22:40:44.667+0000] {processor.py:183} INFO - Processing /home/airflow/.local/lib/python3.8/site-packages/airflow/example_dags/example_skip_dag.py took 0.037 seconds
[2024-03-25T22:41:15.479+0000] {processor.py:161} INFO - Started process (PID=3633) to work on /home/airflow/.local/lib/python3.8/site-packages/airflow/example_dags/example_skip_dag.py
[2024-03-25T22:41:15.479+0000] {processor.py:830} INFO - Processing file /home/airflow/.local/lib/python3.8/site-packages/airflow/example_dags/example_skip_dag.py for tasks to queue
[2024-03-25T22:41:15.480+0000] {logging_mixin.py:188} INFO - [2024-03-25T22:41:15.480+0000] {dagbag.py:540} INFO - Filling up the DagBag from /home/airflow/.local/lib/python3.8/site-packages/airflow/example_dags/example_skip_dag.py
[2024-03-25T22:41:15.484+0000] {processor.py:840} INFO - DAG(s) 'example_skip_dag' retrieved from /home/airflow/.local/lib/python3.8/site-packages/airflow/example_dags/example_skip_dag.py
[2024-03-25T22:41:15.497+0000] {logging_mixin.py:188} INFO - [2024-03-25T22:41:15.496+0000] {dag.py:3047} INFO - Sync 1 DAGs
[2024-03-25T22:41:15.506+0000] {logging_mixin.py:188} INFO - [2024-03-25T22:41:15.506+0000] {dag.py:3834} INFO - Setting next_dagrun for example_skip_dag to 2024-03-24 00:00:00+00:00, run_after=2024-03-25 00:00:00+00:00
[2024-03-25T22:41:15.513+0000] {processor.py:183} INFO - Processing /home/airflow/.local/lib/python3.8/site-packages/airflow/example_dags/example_skip_dag.py took 0.036 seconds
[2024-03-25T22:41:46.213+0000] {processor.py:161} INFO - Started process (PID=3688) to work on /home/airflow/.local/lib/python3.8/site-packages/airflow/example_dags/example_skip_dag.py
[2024-03-25T22:41:46.214+0000] {processor.py:830} INFO - Processing file /home/airflow/.local/lib/python3.8/site-packages/airflow/example_dags/example_skip_dag.py for tasks to queue
[2024-03-25T22:41:46.215+0000] {logging_mixin.py:188} INFO - [2024-03-25T22:41:46.214+0000] {dagbag.py:540} INFO - Filling up the DagBag from /home/airflow/.local/lib/python3.8/site-packages/airflow/example_dags/example_skip_dag.py
[2024-03-25T22:41:46.218+0000] {processor.py:840} INFO - DAG(s) 'example_skip_dag' retrieved from /home/airflow/.local/lib/python3.8/site-packages/airflow/example_dags/example_skip_dag.py
[2024-03-25T22:41:46.231+0000] {logging_mixin.py:188} INFO - [2024-03-25T22:41:46.230+0000] {dag.py:3047} INFO - Sync 1 DAGs
[2024-03-25T22:41:46.240+0000] {logging_mixin.py:188} INFO - [2024-03-25T22:41:46.240+0000] {dag.py:3834} INFO - Setting next_dagrun for example_skip_dag to 2024-03-24 00:00:00+00:00, run_after=2024-03-25 00:00:00+00:00
[2024-03-25T22:41:46.247+0000] {processor.py:183} INFO - Processing /home/airflow/.local/lib/python3.8/site-packages/airflow/example_dags/example_skip_dag.py took 0.035 seconds
[2024-03-25T22:42:17.033+0000] {processor.py:161} INFO - Started process (PID=3743) to work on /home/airflow/.local/lib/python3.8/site-packages/airflow/example_dags/example_skip_dag.py
[2024-03-25T22:42:17.034+0000] {processor.py:830} INFO - Processing file /home/airflow/.local/lib/python3.8/site-packages/airflow/example_dags/example_skip_dag.py for tasks to queue
[2024-03-25T22:42:17.035+0000] {logging_mixin.py:188} INFO - [2024-03-25T22:42:17.035+0000] {dagbag.py:540} INFO - Filling up the DagBag from /home/airflow/.local/lib/python3.8/site-packages/airflow/example_dags/example_skip_dag.py
[2024-03-25T22:42:17.039+0000] {processor.py:840} INFO - DAG(s) 'example_skip_dag' retrieved from /home/airflow/.local/lib/python3.8/site-packages/airflow/example_dags/example_skip_dag.py
[2024-03-25T22:42:17.051+0000] {logging_mixin.py:188} INFO - [2024-03-25T22:42:17.051+0000] {dag.py:3047} INFO - Sync 1 DAGs
[2024-03-25T22:42:17.061+0000] {logging_mixin.py:188} INFO - [2024-03-25T22:42:17.061+0000] {dag.py:3834} INFO - Setting next_dagrun for example_skip_dag to 2024-03-24 00:00:00+00:00, run_after=2024-03-25 00:00:00+00:00
[2024-03-25T22:42:17.068+0000] {processor.py:183} INFO - Processing /home/airflow/.local/lib/python3.8/site-packages/airflow/example_dags/example_skip_dag.py took 0.036 seconds
[2024-03-25T22:42:47.891+0000] {processor.py:161} INFO - Started process (PID=3798) to work on /home/airflow/.local/lib/python3.8/site-packages/airflow/example_dags/example_skip_dag.py
[2024-03-25T22:42:47.891+0000] {processor.py:830} INFO - Processing file /home/airflow/.local/lib/python3.8/site-packages/airflow/example_dags/example_skip_dag.py for tasks to queue
[2024-03-25T22:42:47.892+0000] {logging_mixin.py:188} INFO - [2024-03-25T22:42:47.892+0000] {dagbag.py:540} INFO - Filling up the DagBag from /home/airflow/.local/lib/python3.8/site-packages/airflow/example_dags/example_skip_dag.py
[2024-03-25T22:42:47.896+0000] {processor.py:840} INFO - DAG(s) 'example_skip_dag' retrieved from /home/airflow/.local/lib/python3.8/site-packages/airflow/example_dags/example_skip_dag.py
[2024-03-25T22:42:47.909+0000] {logging_mixin.py:188} INFO - [2024-03-25T22:42:47.909+0000] {dag.py:3047} INFO - Sync 1 DAGs
[2024-03-25T22:42:47.918+0000] {logging_mixin.py:188} INFO - [2024-03-25T22:42:47.918+0000] {dag.py:3834} INFO - Setting next_dagrun for example_skip_dag to 2024-03-24 00:00:00+00:00, run_after=2024-03-25 00:00:00+00:00
[2024-03-25T22:42:47.925+0000] {processor.py:183} INFO - Processing /home/airflow/.local/lib/python3.8/site-packages/airflow/example_dags/example_skip_dag.py took 0.036 seconds
[2024-03-25T22:43:18.720+0000] {processor.py:161} INFO - Started process (PID=3853) to work on /home/airflow/.local/lib/python3.8/site-packages/airflow/example_dags/example_skip_dag.py
[2024-03-25T22:43:18.721+0000] {processor.py:830} INFO - Processing file /home/airflow/.local/lib/python3.8/site-packages/airflow/example_dags/example_skip_dag.py for tasks to queue
[2024-03-25T22:43:18.722+0000] {logging_mixin.py:188} INFO - [2024-03-25T22:43:18.722+0000] {dagbag.py:540} INFO - Filling up the DagBag from /home/airflow/.local/lib/python3.8/site-packages/airflow/example_dags/example_skip_dag.py
[2024-03-25T22:43:18.725+0000] {processor.py:840} INFO - DAG(s) 'example_skip_dag' retrieved from /home/airflow/.local/lib/python3.8/site-packages/airflow/example_dags/example_skip_dag.py
[2024-03-25T22:43:18.738+0000] {logging_mixin.py:188} INFO - [2024-03-25T22:43:18.738+0000] {dag.py:3047} INFO - Sync 1 DAGs
[2024-03-25T22:43:18.748+0000] {logging_mixin.py:188} INFO - [2024-03-25T22:43:18.747+0000] {dag.py:3834} INFO - Setting next_dagrun for example_skip_dag to 2024-03-24 00:00:00+00:00, run_after=2024-03-25 00:00:00+00:00
[2024-03-25T22:43:18.755+0000] {processor.py:183} INFO - Processing /home/airflow/.local/lib/python3.8/site-packages/airflow/example_dags/example_skip_dag.py took 0.037 seconds
[2024-03-25T23:07:53.111+0000] {processor.py:161} INFO - Started process (PID=3902) to work on /home/airflow/.local/lib/python3.8/site-packages/airflow/example_dags/example_skip_dag.py
[2024-03-25T23:07:53.112+0000] {processor.py:830} INFO - Processing file /home/airflow/.local/lib/python3.8/site-packages/airflow/example_dags/example_skip_dag.py for tasks to queue
[2024-03-25T23:07:53.112+0000] {logging_mixin.py:188} INFO - [2024-03-25T23:07:53.112+0000] {dagbag.py:540} INFO - Filling up the DagBag from /home/airflow/.local/lib/python3.8/site-packages/airflow/example_dags/example_skip_dag.py
[2024-03-25T23:07:53.116+0000] {processor.py:840} INFO - DAG(s) 'example_skip_dag' retrieved from /home/airflow/.local/lib/python3.8/site-packages/airflow/example_dags/example_skip_dag.py
[2024-03-25T23:07:53.129+0000] {logging_mixin.py:188} INFO - [2024-03-25T23:07:53.129+0000] {dag.py:3047} INFO - Sync 1 DAGs
[2024-03-25T23:07:53.139+0000] {logging_mixin.py:188} INFO - [2024-03-25T23:07:53.139+0000] {dag.py:3834} INFO - Setting next_dagrun for example_skip_dag to 2024-03-24 00:00:00+00:00, run_after=2024-03-25 00:00:00+00:00
[2024-03-25T23:07:53.146+0000] {processor.py:183} INFO - Processing /home/airflow/.local/lib/python3.8/site-packages/airflow/example_dags/example_skip_dag.py took 0.037 seconds
