[2024-03-26T00:04:40.368+0000] {processor.py:161} INFO - Started process (PID=3951) to work on /home/airflow/.local/lib/python3.8/site-packages/airflow/example_dags/example_sensor_decorator.py
[2024-03-26T00:04:40.368+0000] {processor.py:830} INFO - Processing file /home/airflow/.local/lib/python3.8/site-packages/airflow/example_dags/example_sensor_decorator.py for tasks to queue
[2024-03-26T00:04:40.370+0000] {logging_mixin.py:188} INFO - [2024-03-26T00:04:40.369+0000] {dagbag.py:540} INFO - Filling up the DagBag from /home/airflow/.local/lib/python3.8/site-packages/airflow/example_dags/example_sensor_decorator.py
[2024-03-26T00:04:40.374+0000] {processor.py:840} INFO - DAG(s) 'example_sensor_decorator' retrieved from /home/airflow/.local/lib/python3.8/site-packages/airflow/example_dags/example_sensor_decorator.py
[2024-03-26T00:04:40.396+0000] {logging_mixin.py:188} INFO - [2024-03-26T00:04:40.391+0000] {dag.py:3047} INFO - Sync 1 DAGs
[2024-03-26T00:04:40.409+0000] {logging_mixin.py:188} INFO - [2024-03-26T00:04:40.409+0000] {dag.py:3834} INFO - Setting next_dagrun for example_sensor_decorator to None, run_after=None
[2024-03-26T00:04:40.428+0000] {processor.py:183} INFO - Processing /home/airflow/.local/lib/python3.8/site-packages/airflow/example_dags/example_sensor_decorator.py took 0.063 seconds
[2024-03-26T00:58:59.009+0000] {processor.py:161} INFO - Started process (PID=4006) to work on /home/airflow/.local/lib/python3.8/site-packages/airflow/example_dags/example_sensor_decorator.py
[2024-03-26T00:58:59.013+0000] {processor.py:830} INFO - Processing file /home/airflow/.local/lib/python3.8/site-packages/airflow/example_dags/example_sensor_decorator.py for tasks to queue
[2024-03-26T00:58:59.014+0000] {logging_mixin.py:188} INFO - [2024-03-26T00:58:59.014+0000] {dagbag.py:540} INFO - Filling up the DagBag from /home/airflow/.local/lib/python3.8/site-packages/airflow/example_dags/example_sensor_decorator.py
[2024-03-26T00:58:59.019+0000] {processor.py:840} INFO - DAG(s) 'example_sensor_decorator' retrieved from /home/airflow/.local/lib/python3.8/site-packages/airflow/example_dags/example_sensor_decorator.py
[2024-03-26T00:58:59.044+0000] {logging_mixin.py:188} INFO - [2024-03-26T00:58:59.043+0000] {dag.py:3047} INFO - Sync 1 DAGs
[2024-03-26T00:58:59.051+0000] {logging_mixin.py:188} INFO - [2024-03-26T00:58:59.050+0000] {dag.py:3834} INFO - Setting next_dagrun for example_sensor_decorator to None, run_after=None
[2024-03-26T00:58:59.066+0000] {processor.py:183} INFO - Processing /home/airflow/.local/lib/python3.8/site-packages/airflow/example_dags/example_sensor_decorator.py took 0.060 seconds
[2024-03-26T00:59:29.170+0000] {processor.py:161} INFO - Started process (PID=4061) to work on /home/airflow/.local/lib/python3.8/site-packages/airflow/example_dags/example_sensor_decorator.py
[2024-03-26T00:59:29.171+0000] {processor.py:830} INFO - Processing file /home/airflow/.local/lib/python3.8/site-packages/airflow/example_dags/example_sensor_decorator.py for tasks to queue
[2024-03-26T00:59:29.172+0000] {logging_mixin.py:188} INFO - [2024-03-26T00:59:29.172+0000] {dagbag.py:540} INFO - Filling up the DagBag from /home/airflow/.local/lib/python3.8/site-packages/airflow/example_dags/example_sensor_decorator.py
[2024-03-26T00:59:29.177+0000] {processor.py:840} INFO - DAG(s) 'example_sensor_decorator' retrieved from /home/airflow/.local/lib/python3.8/site-packages/airflow/example_dags/example_sensor_decorator.py
[2024-03-26T00:59:29.190+0000] {logging_mixin.py:188} INFO - [2024-03-26T00:59:29.190+0000] {dag.py:3047} INFO - Sync 1 DAGs
[2024-03-26T00:59:29.195+0000] {logging_mixin.py:188} INFO - [2024-03-26T00:59:29.195+0000] {dag.py:3834} INFO - Setting next_dagrun for example_sensor_decorator to None, run_after=None
[2024-03-26T00:59:29.204+0000] {processor.py:183} INFO - Processing /home/airflow/.local/lib/python3.8/site-packages/airflow/example_dags/example_sensor_decorator.py took 0.036 seconds
[2024-03-26T00:59:59.876+0000] {processor.py:161} INFO - Started process (PID=4116) to work on /home/airflow/.local/lib/python3.8/site-packages/airflow/example_dags/example_sensor_decorator.py
[2024-03-26T00:59:59.877+0000] {processor.py:830} INFO - Processing file /home/airflow/.local/lib/python3.8/site-packages/airflow/example_dags/example_sensor_decorator.py for tasks to queue
[2024-03-26T00:59:59.878+0000] {logging_mixin.py:188} INFO - [2024-03-26T00:59:59.878+0000] {dagbag.py:540} INFO - Filling up the DagBag from /home/airflow/.local/lib/python3.8/site-packages/airflow/example_dags/example_sensor_decorator.py
[2024-03-26T00:59:59.882+0000] {processor.py:840} INFO - DAG(s) 'example_sensor_decorator' retrieved from /home/airflow/.local/lib/python3.8/site-packages/airflow/example_dags/example_sensor_decorator.py
[2024-03-26T00:59:59.895+0000] {logging_mixin.py:188} INFO - [2024-03-26T00:59:59.895+0000] {dag.py:3047} INFO - Sync 1 DAGs
[2024-03-26T00:59:59.901+0000] {logging_mixin.py:188} INFO - [2024-03-26T00:59:59.901+0000] {dag.py:3834} INFO - Setting next_dagrun for example_sensor_decorator to None, run_after=None
[2024-03-26T00:59:59.910+0000] {processor.py:183} INFO - Processing /home/airflow/.local/lib/python3.8/site-packages/airflow/example_dags/example_sensor_decorator.py took 0.036 seconds
[2024-03-26T01:00:30.487+0000] {processor.py:161} INFO - Started process (PID=4171) to work on /home/airflow/.local/lib/python3.8/site-packages/airflow/example_dags/example_sensor_decorator.py
[2024-03-26T01:00:30.487+0000] {processor.py:830} INFO - Processing file /home/airflow/.local/lib/python3.8/site-packages/airflow/example_dags/example_sensor_decorator.py for tasks to queue
[2024-03-26T01:00:30.488+0000] {logging_mixin.py:188} INFO - [2024-03-26T01:00:30.488+0000] {dagbag.py:540} INFO - Filling up the DagBag from /home/airflow/.local/lib/python3.8/site-packages/airflow/example_dags/example_sensor_decorator.py
[2024-03-26T01:00:30.492+0000] {processor.py:840} INFO - DAG(s) 'example_sensor_decorator' retrieved from /home/airflow/.local/lib/python3.8/site-packages/airflow/example_dags/example_sensor_decorator.py
[2024-03-26T01:00:30.505+0000] {logging_mixin.py:188} INFO - [2024-03-26T01:00:30.505+0000] {dag.py:3047} INFO - Sync 1 DAGs
[2024-03-26T01:00:30.511+0000] {logging_mixin.py:188} INFO - [2024-03-26T01:00:30.511+0000] {dag.py:3834} INFO - Setting next_dagrun for example_sensor_decorator to None, run_after=None
[2024-03-26T01:00:30.519+0000] {processor.py:183} INFO - Processing /home/airflow/.local/lib/python3.8/site-packages/airflow/example_dags/example_sensor_decorator.py took 0.034 seconds
[2024-03-26T01:01:01.043+0000] {processor.py:161} INFO - Started process (PID=4226) to work on /home/airflow/.local/lib/python3.8/site-packages/airflow/example_dags/example_sensor_decorator.py
[2024-03-26T01:01:01.043+0000] {processor.py:830} INFO - Processing file /home/airflow/.local/lib/python3.8/site-packages/airflow/example_dags/example_sensor_decorator.py for tasks to queue
[2024-03-26T01:01:01.045+0000] {logging_mixin.py:188} INFO - [2024-03-26T01:01:01.044+0000] {dagbag.py:540} INFO - Filling up the DagBag from /home/airflow/.local/lib/python3.8/site-packages/airflow/example_dags/example_sensor_decorator.py
[2024-03-26T01:01:01.048+0000] {processor.py:840} INFO - DAG(s) 'example_sensor_decorator' retrieved from /home/airflow/.local/lib/python3.8/site-packages/airflow/example_dags/example_sensor_decorator.py
[2024-03-26T01:01:01.060+0000] {logging_mixin.py:188} INFO - [2024-03-26T01:01:01.060+0000] {dag.py:3047} INFO - Sync 1 DAGs
[2024-03-26T01:01:01.066+0000] {logging_mixin.py:188} INFO - [2024-03-26T01:01:01.065+0000] {dag.py:3834} INFO - Setting next_dagrun for example_sensor_decorator to None, run_after=None
[2024-03-26T01:01:01.074+0000] {processor.py:183} INFO - Processing /home/airflow/.local/lib/python3.8/site-packages/airflow/example_dags/example_sensor_decorator.py took 0.033 seconds
[2024-03-26T01:01:31.629+0000] {processor.py:161} INFO - Started process (PID=4282) to work on /home/airflow/.local/lib/python3.8/site-packages/airflow/example_dags/example_sensor_decorator.py
[2024-03-26T01:01:31.630+0000] {processor.py:830} INFO - Processing file /home/airflow/.local/lib/python3.8/site-packages/airflow/example_dags/example_sensor_decorator.py for tasks to queue
[2024-03-26T01:01:31.631+0000] {logging_mixin.py:188} INFO - [2024-03-26T01:01:31.630+0000] {dagbag.py:540} INFO - Filling up the DagBag from /home/airflow/.local/lib/python3.8/site-packages/airflow/example_dags/example_sensor_decorator.py
[2024-03-26T01:01:31.634+0000] {processor.py:840} INFO - DAG(s) 'example_sensor_decorator' retrieved from /home/airflow/.local/lib/python3.8/site-packages/airflow/example_dags/example_sensor_decorator.py
[2024-03-26T01:01:31.647+0000] {logging_mixin.py:188} INFO - [2024-03-26T01:01:31.647+0000] {dag.py:3047} INFO - Sync 1 DAGs
[2024-03-26T01:01:31.652+0000] {logging_mixin.py:188} INFO - [2024-03-26T01:01:31.652+0000] {dag.py:3834} INFO - Setting next_dagrun for example_sensor_decorator to None, run_after=None
[2024-03-26T01:01:31.660+0000] {processor.py:183} INFO - Processing /home/airflow/.local/lib/python3.8/site-packages/airflow/example_dags/example_sensor_decorator.py took 0.033 seconds
[2024-03-26T01:02:02.375+0000] {processor.py:161} INFO - Started process (PID=4337) to work on /home/airflow/.local/lib/python3.8/site-packages/airflow/example_dags/example_sensor_decorator.py
[2024-03-26T01:02:02.376+0000] {processor.py:830} INFO - Processing file /home/airflow/.local/lib/python3.8/site-packages/airflow/example_dags/example_sensor_decorator.py for tasks to queue
[2024-03-26T01:02:02.377+0000] {logging_mixin.py:188} INFO - [2024-03-26T01:02:02.377+0000] {dagbag.py:540} INFO - Filling up the DagBag from /home/airflow/.local/lib/python3.8/site-packages/airflow/example_dags/example_sensor_decorator.py
[2024-03-26T01:02:02.381+0000] {processor.py:840} INFO - DAG(s) 'example_sensor_decorator' retrieved from /home/airflow/.local/lib/python3.8/site-packages/airflow/example_dags/example_sensor_decorator.py
[2024-03-26T01:02:02.393+0000] {logging_mixin.py:188} INFO - [2024-03-26T01:02:02.393+0000] {dag.py:3047} INFO - Sync 1 DAGs
[2024-03-26T01:02:02.399+0000] {logging_mixin.py:188} INFO - [2024-03-26T01:02:02.399+0000] {dag.py:3834} INFO - Setting next_dagrun for example_sensor_decorator to None, run_after=None
[2024-03-26T01:02:02.409+0000] {processor.py:183} INFO - Processing /home/airflow/.local/lib/python3.8/site-packages/airflow/example_dags/example_sensor_decorator.py took 0.035 seconds
[2024-03-26T01:02:33.139+0000] {processor.py:161} INFO - Started process (PID=4391) to work on /home/airflow/.local/lib/python3.8/site-packages/airflow/example_dags/example_sensor_decorator.py
[2024-03-26T01:02:33.139+0000] {processor.py:830} INFO - Processing file /home/airflow/.local/lib/python3.8/site-packages/airflow/example_dags/example_sensor_decorator.py for tasks to queue
[2024-03-26T01:02:33.140+0000] {logging_mixin.py:188} INFO - [2024-03-26T01:02:33.140+0000] {dagbag.py:540} INFO - Filling up the DagBag from /home/airflow/.local/lib/python3.8/site-packages/airflow/example_dags/example_sensor_decorator.py
[2024-03-26T01:02:33.144+0000] {processor.py:840} INFO - DAG(s) 'example_sensor_decorator' retrieved from /home/airflow/.local/lib/python3.8/site-packages/airflow/example_dags/example_sensor_decorator.py
[2024-03-26T01:02:33.156+0000] {logging_mixin.py:188} INFO - [2024-03-26T01:02:33.156+0000] {dag.py:3047} INFO - Sync 1 DAGs
[2024-03-26T01:02:33.161+0000] {logging_mixin.py:188} INFO - [2024-03-26T01:02:33.161+0000] {dag.py:3834} INFO - Setting next_dagrun for example_sensor_decorator to None, run_after=None
[2024-03-26T01:02:33.169+0000] {processor.py:183} INFO - Processing /home/airflow/.local/lib/python3.8/site-packages/airflow/example_dags/example_sensor_decorator.py took 0.032 seconds
[2024-03-26T01:03:03.818+0000] {processor.py:161} INFO - Started process (PID=4445) to work on /home/airflow/.local/lib/python3.8/site-packages/airflow/example_dags/example_sensor_decorator.py
[2024-03-26T01:03:03.819+0000] {processor.py:830} INFO - Processing file /home/airflow/.local/lib/python3.8/site-packages/airflow/example_dags/example_sensor_decorator.py for tasks to queue
[2024-03-26T01:03:03.821+0000] {logging_mixin.py:188} INFO - [2024-03-26T01:03:03.820+0000] {dagbag.py:540} INFO - Filling up the DagBag from /home/airflow/.local/lib/python3.8/site-packages/airflow/example_dags/example_sensor_decorator.py
[2024-03-26T01:03:03.825+0000] {processor.py:840} INFO - DAG(s) 'example_sensor_decorator' retrieved from /home/airflow/.local/lib/python3.8/site-packages/airflow/example_dags/example_sensor_decorator.py
[2024-03-26T01:03:03.838+0000] {logging_mixin.py:188} INFO - [2024-03-26T01:03:03.838+0000] {dag.py:3047} INFO - Sync 1 DAGs
[2024-03-26T01:03:03.844+0000] {logging_mixin.py:188} INFO - [2024-03-26T01:03:03.844+0000] {dag.py:3834} INFO - Setting next_dagrun for example_sensor_decorator to None, run_after=None
[2024-03-26T01:03:03.852+0000] {processor.py:183} INFO - Processing /home/airflow/.local/lib/python3.8/site-packages/airflow/example_dags/example_sensor_decorator.py took 0.036 seconds
[2024-03-26T01:06:28.346+0000] {processor.py:161} INFO - Started process (PID=4500) to work on /home/airflow/.local/lib/python3.8/site-packages/airflow/example_dags/example_sensor_decorator.py
[2024-03-26T01:06:28.347+0000] {processor.py:830} INFO - Processing file /home/airflow/.local/lib/python3.8/site-packages/airflow/example_dags/example_sensor_decorator.py for tasks to queue
[2024-03-26T01:06:28.348+0000] {logging_mixin.py:188} INFO - [2024-03-26T01:06:28.348+0000] {dagbag.py:540} INFO - Filling up the DagBag from /home/airflow/.local/lib/python3.8/site-packages/airflow/example_dags/example_sensor_decorator.py
[2024-03-26T01:06:28.352+0000] {processor.py:840} INFO - DAG(s) 'example_sensor_decorator' retrieved from /home/airflow/.local/lib/python3.8/site-packages/airflow/example_dags/example_sensor_decorator.py
[2024-03-26T01:06:28.364+0000] {logging_mixin.py:188} INFO - [2024-03-26T01:06:28.364+0000] {dag.py:3047} INFO - Sync 1 DAGs
[2024-03-26T01:06:28.370+0000] {logging_mixin.py:188} INFO - [2024-03-26T01:06:28.370+0000] {dag.py:3834} INFO - Setting next_dagrun for example_sensor_decorator to None, run_after=None
[2024-03-26T01:06:28.379+0000] {processor.py:183} INFO - Processing /home/airflow/.local/lib/python3.8/site-packages/airflow/example_dags/example_sensor_decorator.py took 0.034 seconds
[2024-03-26T01:40:00.694+0000] {processor.py:161} INFO - Started process (PID=4555) to work on /home/airflow/.local/lib/python3.8/site-packages/airflow/example_dags/example_sensor_decorator.py
[2024-03-26T01:40:00.695+0000] {processor.py:830} INFO - Processing file /home/airflow/.local/lib/python3.8/site-packages/airflow/example_dags/example_sensor_decorator.py for tasks to queue
[2024-03-26T01:40:00.697+0000] {logging_mixin.py:188} INFO - [2024-03-26T01:40:00.696+0000] {dagbag.py:540} INFO - Filling up the DagBag from /home/airflow/.local/lib/python3.8/site-packages/airflow/example_dags/example_sensor_decorator.py
[2024-03-26T01:40:00.702+0000] {processor.py:840} INFO - DAG(s) 'example_sensor_decorator' retrieved from /home/airflow/.local/lib/python3.8/site-packages/airflow/example_dags/example_sensor_decorator.py
[2024-03-26T01:40:00.721+0000] {logging_mixin.py:188} INFO - [2024-03-26T01:40:00.721+0000] {dag.py:3047} INFO - Sync 1 DAGs
[2024-03-26T01:40:00.729+0000] {logging_mixin.py:188} INFO - [2024-03-26T01:40:00.729+0000] {dag.py:3834} INFO - Setting next_dagrun for example_sensor_decorator to None, run_after=None
[2024-03-26T01:40:00.746+0000] {processor.py:183} INFO - Processing /home/airflow/.local/lib/python3.8/site-packages/airflow/example_dags/example_sensor_decorator.py took 0.056 seconds
[2024-03-26T01:54:00.032+0000] {processor.py:161} INFO - Started process (PID=4610) to work on /home/airflow/.local/lib/python3.8/site-packages/airflow/example_dags/example_sensor_decorator.py
[2024-03-26T01:54:00.033+0000] {processor.py:830} INFO - Processing file /home/airflow/.local/lib/python3.8/site-packages/airflow/example_dags/example_sensor_decorator.py for tasks to queue
[2024-03-26T01:54:00.034+0000] {logging_mixin.py:188} INFO - [2024-03-26T01:54:00.033+0000] {dagbag.py:540} INFO - Filling up the DagBag from /home/airflow/.local/lib/python3.8/site-packages/airflow/example_dags/example_sensor_decorator.py
[2024-03-26T01:54:00.037+0000] {processor.py:840} INFO - DAG(s) 'example_sensor_decorator' retrieved from /home/airflow/.local/lib/python3.8/site-packages/airflow/example_dags/example_sensor_decorator.py
[2024-03-26T01:54:00.049+0000] {logging_mixin.py:188} INFO - [2024-03-26T01:54:00.049+0000] {dag.py:3047} INFO - Sync 1 DAGs
[2024-03-26T01:54:00.055+0000] {logging_mixin.py:188} INFO - [2024-03-26T01:54:00.055+0000] {dag.py:3834} INFO - Setting next_dagrun for example_sensor_decorator to None, run_after=None
[2024-03-26T01:54:00.063+0000] {processor.py:183} INFO - Processing /home/airflow/.local/lib/python3.8/site-packages/airflow/example_dags/example_sensor_decorator.py took 0.033 seconds
[2024-03-26T01:54:30.836+0000] {processor.py:161} INFO - Started process (PID=4665) to work on /home/airflow/.local/lib/python3.8/site-packages/airflow/example_dags/example_sensor_decorator.py
[2024-03-26T01:54:30.837+0000] {processor.py:830} INFO - Processing file /home/airflow/.local/lib/python3.8/site-packages/airflow/example_dags/example_sensor_decorator.py for tasks to queue
[2024-03-26T01:54:30.838+0000] {logging_mixin.py:188} INFO - [2024-03-26T01:54:30.838+0000] {dagbag.py:540} INFO - Filling up the DagBag from /home/airflow/.local/lib/python3.8/site-packages/airflow/example_dags/example_sensor_decorator.py
[2024-03-26T01:54:30.842+0000] {processor.py:840} INFO - DAG(s) 'example_sensor_decorator' retrieved from /home/airflow/.local/lib/python3.8/site-packages/airflow/example_dags/example_sensor_decorator.py
[2024-03-26T01:54:30.855+0000] {logging_mixin.py:188} INFO - [2024-03-26T01:54:30.855+0000] {dag.py:3047} INFO - Sync 1 DAGs
[2024-03-26T01:54:30.861+0000] {logging_mixin.py:188} INFO - [2024-03-26T01:54:30.861+0000] {dag.py:3834} INFO - Setting next_dagrun for example_sensor_decorator to None, run_after=None
[2024-03-26T01:54:30.871+0000] {processor.py:183} INFO - Processing /home/airflow/.local/lib/python3.8/site-packages/airflow/example_dags/example_sensor_decorator.py took 0.037 seconds
[2024-03-26T01:55:01.594+0000] {processor.py:161} INFO - Started process (PID=4720) to work on /home/airflow/.local/lib/python3.8/site-packages/airflow/example_dags/example_sensor_decorator.py
[2024-03-26T01:55:01.594+0000] {processor.py:830} INFO - Processing file /home/airflow/.local/lib/python3.8/site-packages/airflow/example_dags/example_sensor_decorator.py for tasks to queue
[2024-03-26T01:55:01.595+0000] {logging_mixin.py:188} INFO - [2024-03-26T01:55:01.595+0000] {dagbag.py:540} INFO - Filling up the DagBag from /home/airflow/.local/lib/python3.8/site-packages/airflow/example_dags/example_sensor_decorator.py
[2024-03-26T01:55:01.599+0000] {processor.py:840} INFO - DAG(s) 'example_sensor_decorator' retrieved from /home/airflow/.local/lib/python3.8/site-packages/airflow/example_dags/example_sensor_decorator.py
[2024-03-26T01:55:01.611+0000] {logging_mixin.py:188} INFO - [2024-03-26T01:55:01.611+0000] {dag.py:3047} INFO - Sync 1 DAGs
[2024-03-26T01:55:01.617+0000] {logging_mixin.py:188} INFO - [2024-03-26T01:55:01.616+0000] {dag.py:3834} INFO - Setting next_dagrun for example_sensor_decorator to None, run_after=None
[2024-03-26T01:55:01.624+0000] {processor.py:183} INFO - Processing /home/airflow/.local/lib/python3.8/site-packages/airflow/example_dags/example_sensor_decorator.py took 0.032 seconds
[2024-03-26T01:55:32.279+0000] {processor.py:161} INFO - Started process (PID=4775) to work on /home/airflow/.local/lib/python3.8/site-packages/airflow/example_dags/example_sensor_decorator.py
[2024-03-26T01:55:32.280+0000] {processor.py:830} INFO - Processing file /home/airflow/.local/lib/python3.8/site-packages/airflow/example_dags/example_sensor_decorator.py for tasks to queue
[2024-03-26T01:55:32.281+0000] {logging_mixin.py:188} INFO - [2024-03-26T01:55:32.281+0000] {dagbag.py:540} INFO - Filling up the DagBag from /home/airflow/.local/lib/python3.8/site-packages/airflow/example_dags/example_sensor_decorator.py
[2024-03-26T01:55:32.285+0000] {processor.py:840} INFO - DAG(s) 'example_sensor_decorator' retrieved from /home/airflow/.local/lib/python3.8/site-packages/airflow/example_dags/example_sensor_decorator.py
[2024-03-26T01:55:32.300+0000] {logging_mixin.py:188} INFO - [2024-03-26T01:55:32.300+0000] {dag.py:3047} INFO - Sync 1 DAGs
[2024-03-26T01:55:32.305+0000] {logging_mixin.py:188} INFO - [2024-03-26T01:55:32.305+0000] {dag.py:3834} INFO - Setting next_dagrun for example_sensor_decorator to None, run_after=None
[2024-03-26T01:55:32.313+0000] {processor.py:183} INFO - Processing /home/airflow/.local/lib/python3.8/site-packages/airflow/example_dags/example_sensor_decorator.py took 0.036 seconds
[2024-03-26T01:56:02.999+0000] {processor.py:161} INFO - Started process (PID=4830) to work on /home/airflow/.local/lib/python3.8/site-packages/airflow/example_dags/example_sensor_decorator.py
[2024-03-26T01:56:03.000+0000] {processor.py:830} INFO - Processing file /home/airflow/.local/lib/python3.8/site-packages/airflow/example_dags/example_sensor_decorator.py for tasks to queue
[2024-03-26T01:56:03.001+0000] {logging_mixin.py:188} INFO - [2024-03-26T01:56:03.001+0000] {dagbag.py:540} INFO - Filling up the DagBag from /home/airflow/.local/lib/python3.8/site-packages/airflow/example_dags/example_sensor_decorator.py
[2024-03-26T01:56:03.005+0000] {processor.py:840} INFO - DAG(s) 'example_sensor_decorator' retrieved from /home/airflow/.local/lib/python3.8/site-packages/airflow/example_dags/example_sensor_decorator.py
[2024-03-26T01:56:03.017+0000] {logging_mixin.py:188} INFO - [2024-03-26T01:56:03.017+0000] {dag.py:3047} INFO - Sync 1 DAGs
[2024-03-26T01:56:03.023+0000] {logging_mixin.py:188} INFO - [2024-03-26T01:56:03.023+0000] {dag.py:3834} INFO - Setting next_dagrun for example_sensor_decorator to None, run_after=None
[2024-03-26T01:56:03.030+0000] {processor.py:183} INFO - Processing /home/airflow/.local/lib/python3.8/site-packages/airflow/example_dags/example_sensor_decorator.py took 0.033 seconds
[2024-03-26T01:56:33.687+0000] {processor.py:161} INFO - Started process (PID=4885) to work on /home/airflow/.local/lib/python3.8/site-packages/airflow/example_dags/example_sensor_decorator.py
[2024-03-26T01:56:33.687+0000] {processor.py:830} INFO - Processing file /home/airflow/.local/lib/python3.8/site-packages/airflow/example_dags/example_sensor_decorator.py for tasks to queue
[2024-03-26T01:56:33.689+0000] {logging_mixin.py:188} INFO - [2024-03-26T01:56:33.688+0000] {dagbag.py:540} INFO - Filling up the DagBag from /home/airflow/.local/lib/python3.8/site-packages/airflow/example_dags/example_sensor_decorator.py
[2024-03-26T01:56:33.692+0000] {processor.py:840} INFO - DAG(s) 'example_sensor_decorator' retrieved from /home/airflow/.local/lib/python3.8/site-packages/airflow/example_dags/example_sensor_decorator.py
[2024-03-26T01:56:33.705+0000] {logging_mixin.py:188} INFO - [2024-03-26T01:56:33.705+0000] {dag.py:3047} INFO - Sync 1 DAGs
[2024-03-26T01:56:33.711+0000] {logging_mixin.py:188} INFO - [2024-03-26T01:56:33.711+0000] {dag.py:3834} INFO - Setting next_dagrun for example_sensor_decorator to None, run_after=None
[2024-03-26T01:56:33.719+0000] {processor.py:183} INFO - Processing /home/airflow/.local/lib/python3.8/site-packages/airflow/example_dags/example_sensor_decorator.py took 0.035 seconds
[2024-03-26T01:57:04.417+0000] {processor.py:161} INFO - Started process (PID=4940) to work on /home/airflow/.local/lib/python3.8/site-packages/airflow/example_dags/example_sensor_decorator.py
[2024-03-26T01:57:04.417+0000] {processor.py:830} INFO - Processing file /home/airflow/.local/lib/python3.8/site-packages/airflow/example_dags/example_sensor_decorator.py for tasks to queue
[2024-03-26T01:57:04.419+0000] {logging_mixin.py:188} INFO - [2024-03-26T01:57:04.418+0000] {dagbag.py:540} INFO - Filling up the DagBag from /home/airflow/.local/lib/python3.8/site-packages/airflow/example_dags/example_sensor_decorator.py
[2024-03-26T01:57:04.422+0000] {processor.py:840} INFO - DAG(s) 'example_sensor_decorator' retrieved from /home/airflow/.local/lib/python3.8/site-packages/airflow/example_dags/example_sensor_decorator.py
[2024-03-26T01:57:04.435+0000] {logging_mixin.py:188} INFO - [2024-03-26T01:57:04.434+0000] {dag.py:3047} INFO - Sync 1 DAGs
[2024-03-26T01:57:04.440+0000] {logging_mixin.py:188} INFO - [2024-03-26T01:57:04.440+0000] {dag.py:3834} INFO - Setting next_dagrun for example_sensor_decorator to None, run_after=None
[2024-03-26T01:57:04.448+0000] {processor.py:183} INFO - Processing /home/airflow/.local/lib/python3.8/site-packages/airflow/example_dags/example_sensor_decorator.py took 0.033 seconds
[2024-03-26T01:57:34.989+0000] {processor.py:161} INFO - Started process (PID=4995) to work on /home/airflow/.local/lib/python3.8/site-packages/airflow/example_dags/example_sensor_decorator.py
[2024-03-26T01:57:34.989+0000] {processor.py:830} INFO - Processing file /home/airflow/.local/lib/python3.8/site-packages/airflow/example_dags/example_sensor_decorator.py for tasks to queue
[2024-03-26T01:57:34.990+0000] {logging_mixin.py:188} INFO - [2024-03-26T01:57:34.990+0000] {dagbag.py:540} INFO - Filling up the DagBag from /home/airflow/.local/lib/python3.8/site-packages/airflow/example_dags/example_sensor_decorator.py
[2024-03-26T01:57:34.994+0000] {processor.py:840} INFO - DAG(s) 'example_sensor_decorator' retrieved from /home/airflow/.local/lib/python3.8/site-packages/airflow/example_dags/example_sensor_decorator.py
[2024-03-26T01:57:35.009+0000] {logging_mixin.py:188} INFO - [2024-03-26T01:57:35.009+0000] {dag.py:3047} INFO - Sync 1 DAGs
[2024-03-26T01:57:35.020+0000] {logging_mixin.py:188} INFO - [2024-03-26T01:57:35.019+0000] {dag.py:3834} INFO - Setting next_dagrun for example_sensor_decorator to None, run_after=None
[2024-03-26T01:57:35.037+0000] {processor.py:183} INFO - Processing /home/airflow/.local/lib/python3.8/site-packages/airflow/example_dags/example_sensor_decorator.py took 0.050 seconds
[2024-03-26T01:58:05.729+0000] {processor.py:161} INFO - Started process (PID=5050) to work on /home/airflow/.local/lib/python3.8/site-packages/airflow/example_dags/example_sensor_decorator.py
[2024-03-26T01:58:05.730+0000] {processor.py:830} INFO - Processing file /home/airflow/.local/lib/python3.8/site-packages/airflow/example_dags/example_sensor_decorator.py for tasks to queue
[2024-03-26T01:58:05.732+0000] {logging_mixin.py:188} INFO - [2024-03-26T01:58:05.731+0000] {dagbag.py:540} INFO - Filling up the DagBag from /home/airflow/.local/lib/python3.8/site-packages/airflow/example_dags/example_sensor_decorator.py
[2024-03-26T01:58:05.736+0000] {processor.py:840} INFO - DAG(s) 'example_sensor_decorator' retrieved from /home/airflow/.local/lib/python3.8/site-packages/airflow/example_dags/example_sensor_decorator.py
[2024-03-26T01:58:05.749+0000] {logging_mixin.py:188} INFO - [2024-03-26T01:58:05.749+0000] {dag.py:3047} INFO - Sync 1 DAGs
[2024-03-26T01:58:05.756+0000] {logging_mixin.py:188} INFO - [2024-03-26T01:58:05.756+0000] {dag.py:3834} INFO - Setting next_dagrun for example_sensor_decorator to None, run_after=None
[2024-03-26T01:58:05.764+0000] {processor.py:183} INFO - Processing /home/airflow/.local/lib/python3.8/site-packages/airflow/example_dags/example_sensor_decorator.py took 0.037 seconds
[2024-03-26T01:58:36.398+0000] {processor.py:161} INFO - Started process (PID=5111) to work on /home/airflow/.local/lib/python3.8/site-packages/airflow/example_dags/example_sensor_decorator.py
[2024-03-26T01:58:36.399+0000] {processor.py:830} INFO - Processing file /home/airflow/.local/lib/python3.8/site-packages/airflow/example_dags/example_sensor_decorator.py for tasks to queue
[2024-03-26T01:58:36.400+0000] {logging_mixin.py:188} INFO - [2024-03-26T01:58:36.400+0000] {dagbag.py:540} INFO - Filling up the DagBag from /home/airflow/.local/lib/python3.8/site-packages/airflow/example_dags/example_sensor_decorator.py
[2024-03-26T01:58:36.404+0000] {processor.py:840} INFO - DAG(s) 'example_sensor_decorator' retrieved from /home/airflow/.local/lib/python3.8/site-packages/airflow/example_dags/example_sensor_decorator.py
[2024-03-26T01:58:36.418+0000] {logging_mixin.py:188} INFO - [2024-03-26T01:58:36.418+0000] {dag.py:3047} INFO - Sync 1 DAGs
[2024-03-26T01:58:36.425+0000] {logging_mixin.py:188} INFO - [2024-03-26T01:58:36.425+0000] {dag.py:3834} INFO - Setting next_dagrun for example_sensor_decorator to None, run_after=None
[2024-03-26T01:58:36.433+0000] {processor.py:183} INFO - Processing /home/airflow/.local/lib/python3.8/site-packages/airflow/example_dags/example_sensor_decorator.py took 0.037 seconds
[2024-03-26T01:59:07.211+0000] {processor.py:161} INFO - Started process (PID=5166) to work on /home/airflow/.local/lib/python3.8/site-packages/airflow/example_dags/example_sensor_decorator.py
[2024-03-26T01:59:07.211+0000] {processor.py:830} INFO - Processing file /home/airflow/.local/lib/python3.8/site-packages/airflow/example_dags/example_sensor_decorator.py for tasks to queue
[2024-03-26T01:59:07.212+0000] {logging_mixin.py:188} INFO - [2024-03-26T01:59:07.212+0000] {dagbag.py:540} INFO - Filling up the DagBag from /home/airflow/.local/lib/python3.8/site-packages/airflow/example_dags/example_sensor_decorator.py
[2024-03-26T01:59:07.216+0000] {processor.py:840} INFO - DAG(s) 'example_sensor_decorator' retrieved from /home/airflow/.local/lib/python3.8/site-packages/airflow/example_dags/example_sensor_decorator.py
[2024-03-26T01:59:07.229+0000] {logging_mixin.py:188} INFO - [2024-03-26T01:59:07.228+0000] {dag.py:3047} INFO - Sync 1 DAGs
[2024-03-26T01:59:07.234+0000] {logging_mixin.py:188} INFO - [2024-03-26T01:59:07.234+0000] {dag.py:3834} INFO - Setting next_dagrun for example_sensor_decorator to None, run_after=None
[2024-03-26T01:59:07.243+0000] {processor.py:183} INFO - Processing /home/airflow/.local/lib/python3.8/site-packages/airflow/example_dags/example_sensor_decorator.py took 0.035 seconds
[2024-03-26T01:59:38.041+0000] {processor.py:161} INFO - Started process (PID=5221) to work on /home/airflow/.local/lib/python3.8/site-packages/airflow/example_dags/example_sensor_decorator.py
[2024-03-26T01:59:38.041+0000] {processor.py:830} INFO - Processing file /home/airflow/.local/lib/python3.8/site-packages/airflow/example_dags/example_sensor_decorator.py for tasks to queue
[2024-03-26T01:59:38.042+0000] {logging_mixin.py:188} INFO - [2024-03-26T01:59:38.042+0000] {dagbag.py:540} INFO - Filling up the DagBag from /home/airflow/.local/lib/python3.8/site-packages/airflow/example_dags/example_sensor_decorator.py
[2024-03-26T01:59:38.046+0000] {processor.py:840} INFO - DAG(s) 'example_sensor_decorator' retrieved from /home/airflow/.local/lib/python3.8/site-packages/airflow/example_dags/example_sensor_decorator.py
[2024-03-26T01:59:38.059+0000] {logging_mixin.py:188} INFO - [2024-03-26T01:59:38.058+0000] {dag.py:3047} INFO - Sync 1 DAGs
[2024-03-26T01:59:38.064+0000] {logging_mixin.py:188} INFO - [2024-03-26T01:59:38.064+0000] {dag.py:3834} INFO - Setting next_dagrun for example_sensor_decorator to None, run_after=None
[2024-03-26T01:59:38.073+0000] {processor.py:183} INFO - Processing /home/airflow/.local/lib/python3.8/site-packages/airflow/example_dags/example_sensor_decorator.py took 0.034 seconds
[2024-03-26T02:00:08.939+0000] {processor.py:161} INFO - Started process (PID=5276) to work on /home/airflow/.local/lib/python3.8/site-packages/airflow/example_dags/example_sensor_decorator.py
[2024-03-26T02:00:08.940+0000] {processor.py:830} INFO - Processing file /home/airflow/.local/lib/python3.8/site-packages/airflow/example_dags/example_sensor_decorator.py for tasks to queue
[2024-03-26T02:00:08.941+0000] {logging_mixin.py:188} INFO - [2024-03-26T02:00:08.940+0000] {dagbag.py:540} INFO - Filling up the DagBag from /home/airflow/.local/lib/python3.8/site-packages/airflow/example_dags/example_sensor_decorator.py
[2024-03-26T02:00:08.945+0000] {processor.py:840} INFO - DAG(s) 'example_sensor_decorator' retrieved from /home/airflow/.local/lib/python3.8/site-packages/airflow/example_dags/example_sensor_decorator.py
[2024-03-26T02:00:08.957+0000] {logging_mixin.py:188} INFO - [2024-03-26T02:00:08.957+0000] {dag.py:3047} INFO - Sync 1 DAGs
[2024-03-26T02:00:08.963+0000] {logging_mixin.py:188} INFO - [2024-03-26T02:00:08.963+0000] {dag.py:3834} INFO - Setting next_dagrun for example_sensor_decorator to None, run_after=None
[2024-03-26T02:00:08.972+0000] {processor.py:183} INFO - Processing /home/airflow/.local/lib/python3.8/site-packages/airflow/example_dags/example_sensor_decorator.py took 0.035 seconds
[2024-03-26T02:00:39.546+0000] {processor.py:161} INFO - Started process (PID=5331) to work on /home/airflow/.local/lib/python3.8/site-packages/airflow/example_dags/example_sensor_decorator.py
[2024-03-26T02:00:39.547+0000] {processor.py:830} INFO - Processing file /home/airflow/.local/lib/python3.8/site-packages/airflow/example_dags/example_sensor_decorator.py for tasks to queue
[2024-03-26T02:00:39.548+0000] {logging_mixin.py:188} INFO - [2024-03-26T02:00:39.547+0000] {dagbag.py:540} INFO - Filling up the DagBag from /home/airflow/.local/lib/python3.8/site-packages/airflow/example_dags/example_sensor_decorator.py
[2024-03-26T02:00:39.551+0000] {processor.py:840} INFO - DAG(s) 'example_sensor_decorator' retrieved from /home/airflow/.local/lib/python3.8/site-packages/airflow/example_dags/example_sensor_decorator.py
[2024-03-26T02:00:39.563+0000] {logging_mixin.py:188} INFO - [2024-03-26T02:00:39.563+0000] {dag.py:3047} INFO - Sync 1 DAGs
[2024-03-26T02:00:39.569+0000] {logging_mixin.py:188} INFO - [2024-03-26T02:00:39.569+0000] {dag.py:3834} INFO - Setting next_dagrun for example_sensor_decorator to None, run_after=None
[2024-03-26T02:00:39.576+0000] {processor.py:183} INFO - Processing /home/airflow/.local/lib/python3.8/site-packages/airflow/example_dags/example_sensor_decorator.py took 0.032 seconds
[2024-03-26T02:01:10.288+0000] {processor.py:161} INFO - Started process (PID=5386) to work on /home/airflow/.local/lib/python3.8/site-packages/airflow/example_dags/example_sensor_decorator.py
[2024-03-26T02:01:10.289+0000] {processor.py:830} INFO - Processing file /home/airflow/.local/lib/python3.8/site-packages/airflow/example_dags/example_sensor_decorator.py for tasks to queue
[2024-03-26T02:01:10.290+0000] {logging_mixin.py:188} INFO - [2024-03-26T02:01:10.290+0000] {dagbag.py:540} INFO - Filling up the DagBag from /home/airflow/.local/lib/python3.8/site-packages/airflow/example_dags/example_sensor_decorator.py
[2024-03-26T02:01:10.294+0000] {processor.py:840} INFO - DAG(s) 'example_sensor_decorator' retrieved from /home/airflow/.local/lib/python3.8/site-packages/airflow/example_dags/example_sensor_decorator.py
[2024-03-26T02:01:10.306+0000] {logging_mixin.py:188} INFO - [2024-03-26T02:01:10.306+0000] {dag.py:3047} INFO - Sync 1 DAGs
[2024-03-26T02:01:10.311+0000] {logging_mixin.py:188} INFO - [2024-03-26T02:01:10.311+0000] {dag.py:3834} INFO - Setting next_dagrun for example_sensor_decorator to None, run_after=None
[2024-03-26T02:01:10.319+0000] {processor.py:183} INFO - Processing /home/airflow/.local/lib/python3.8/site-packages/airflow/example_dags/example_sensor_decorator.py took 0.032 seconds
[2024-03-26T02:01:40.845+0000] {processor.py:161} INFO - Started process (PID=5441) to work on /home/airflow/.local/lib/python3.8/site-packages/airflow/example_dags/example_sensor_decorator.py
[2024-03-26T02:01:40.846+0000] {processor.py:830} INFO - Processing file /home/airflow/.local/lib/python3.8/site-packages/airflow/example_dags/example_sensor_decorator.py for tasks to queue
[2024-03-26T02:01:40.847+0000] {logging_mixin.py:188} INFO - [2024-03-26T02:01:40.847+0000] {dagbag.py:540} INFO - Filling up the DagBag from /home/airflow/.local/lib/python3.8/site-packages/airflow/example_dags/example_sensor_decorator.py
[2024-03-26T02:01:40.852+0000] {processor.py:840} INFO - DAG(s) 'example_sensor_decorator' retrieved from /home/airflow/.local/lib/python3.8/site-packages/airflow/example_dags/example_sensor_decorator.py
[2024-03-26T02:01:40.864+0000] {logging_mixin.py:188} INFO - [2024-03-26T02:01:40.864+0000] {dag.py:3047} INFO - Sync 1 DAGs
[2024-03-26T02:01:40.869+0000] {logging_mixin.py:188} INFO - [2024-03-26T02:01:40.869+0000] {dag.py:3834} INFO - Setting next_dagrun for example_sensor_decorator to None, run_after=None
[2024-03-26T02:01:40.877+0000] {processor.py:183} INFO - Processing /home/airflow/.local/lib/python3.8/site-packages/airflow/example_dags/example_sensor_decorator.py took 0.034 seconds
[2024-03-26T02:02:11.460+0000] {processor.py:161} INFO - Started process (PID=5496) to work on /home/airflow/.local/lib/python3.8/site-packages/airflow/example_dags/example_sensor_decorator.py
[2024-03-26T02:02:11.461+0000] {processor.py:830} INFO - Processing file /home/airflow/.local/lib/python3.8/site-packages/airflow/example_dags/example_sensor_decorator.py for tasks to queue
[2024-03-26T02:02:11.462+0000] {logging_mixin.py:188} INFO - [2024-03-26T02:02:11.462+0000] {dagbag.py:540} INFO - Filling up the DagBag from /home/airflow/.local/lib/python3.8/site-packages/airflow/example_dags/example_sensor_decorator.py
[2024-03-26T02:02:11.466+0000] {processor.py:840} INFO - DAG(s) 'example_sensor_decorator' retrieved from /home/airflow/.local/lib/python3.8/site-packages/airflow/example_dags/example_sensor_decorator.py
[2024-03-26T02:02:11.478+0000] {logging_mixin.py:188} INFO - [2024-03-26T02:02:11.478+0000] {dag.py:3047} INFO - Sync 1 DAGs
[2024-03-26T02:02:11.484+0000] {logging_mixin.py:188} INFO - [2024-03-26T02:02:11.484+0000] {dag.py:3834} INFO - Setting next_dagrun for example_sensor_decorator to None, run_after=None
[2024-03-26T02:02:11.492+0000] {processor.py:183} INFO - Processing /home/airflow/.local/lib/python3.8/site-packages/airflow/example_dags/example_sensor_decorator.py took 0.034 seconds
[2024-03-26T02:02:42.196+0000] {processor.py:161} INFO - Started process (PID=5551) to work on /home/airflow/.local/lib/python3.8/site-packages/airflow/example_dags/example_sensor_decorator.py
[2024-03-26T02:02:42.197+0000] {processor.py:830} INFO - Processing file /home/airflow/.local/lib/python3.8/site-packages/airflow/example_dags/example_sensor_decorator.py for tasks to queue
[2024-03-26T02:02:42.198+0000] {logging_mixin.py:188} INFO - [2024-03-26T02:02:42.198+0000] {dagbag.py:540} INFO - Filling up the DagBag from /home/airflow/.local/lib/python3.8/site-packages/airflow/example_dags/example_sensor_decorator.py
[2024-03-26T02:02:42.204+0000] {processor.py:840} INFO - DAG(s) 'example_sensor_decorator' retrieved from /home/airflow/.local/lib/python3.8/site-packages/airflow/example_dags/example_sensor_decorator.py
[2024-03-26T02:02:42.218+0000] {logging_mixin.py:188} INFO - [2024-03-26T02:02:42.218+0000] {dag.py:3047} INFO - Sync 1 DAGs
[2024-03-26T02:02:42.224+0000] {logging_mixin.py:188} INFO - [2024-03-26T02:02:42.224+0000] {dag.py:3834} INFO - Setting next_dagrun for example_sensor_decorator to None, run_after=None
[2024-03-26T02:02:42.233+0000] {processor.py:183} INFO - Processing /home/airflow/.local/lib/python3.8/site-packages/airflow/example_dags/example_sensor_decorator.py took 0.039 seconds
[2024-03-26T02:03:13.028+0000] {processor.py:161} INFO - Started process (PID=5606) to work on /home/airflow/.local/lib/python3.8/site-packages/airflow/example_dags/example_sensor_decorator.py
[2024-03-26T02:03:13.028+0000] {processor.py:830} INFO - Processing file /home/airflow/.local/lib/python3.8/site-packages/airflow/example_dags/example_sensor_decorator.py for tasks to queue
[2024-03-26T02:03:13.029+0000] {logging_mixin.py:188} INFO - [2024-03-26T02:03:13.029+0000] {dagbag.py:540} INFO - Filling up the DagBag from /home/airflow/.local/lib/python3.8/site-packages/airflow/example_dags/example_sensor_decorator.py
[2024-03-26T02:03:13.033+0000] {processor.py:840} INFO - DAG(s) 'example_sensor_decorator' retrieved from /home/airflow/.local/lib/python3.8/site-packages/airflow/example_dags/example_sensor_decorator.py
[2024-03-26T02:03:13.046+0000] {logging_mixin.py:188} INFO - [2024-03-26T02:03:13.045+0000] {dag.py:3047} INFO - Sync 1 DAGs
[2024-03-26T02:03:13.052+0000] {logging_mixin.py:188} INFO - [2024-03-26T02:03:13.051+0000] {dag.py:3834} INFO - Setting next_dagrun for example_sensor_decorator to None, run_after=None
[2024-03-26T02:03:13.061+0000] {processor.py:183} INFO - Processing /home/airflow/.local/lib/python3.8/site-packages/airflow/example_dags/example_sensor_decorator.py took 0.035 seconds
[2024-03-26T02:03:43.837+0000] {processor.py:161} INFO - Started process (PID=5661) to work on /home/airflow/.local/lib/python3.8/site-packages/airflow/example_dags/example_sensor_decorator.py
[2024-03-26T02:03:43.838+0000] {processor.py:830} INFO - Processing file /home/airflow/.local/lib/python3.8/site-packages/airflow/example_dags/example_sensor_decorator.py for tasks to queue
[2024-03-26T02:03:43.839+0000] {logging_mixin.py:188} INFO - [2024-03-26T02:03:43.839+0000] {dagbag.py:540} INFO - Filling up the DagBag from /home/airflow/.local/lib/python3.8/site-packages/airflow/example_dags/example_sensor_decorator.py
[2024-03-26T02:03:43.843+0000] {processor.py:840} INFO - DAG(s) 'example_sensor_decorator' retrieved from /home/airflow/.local/lib/python3.8/site-packages/airflow/example_dags/example_sensor_decorator.py
[2024-03-26T02:03:43.856+0000] {logging_mixin.py:188} INFO - [2024-03-26T02:03:43.856+0000] {dag.py:3047} INFO - Sync 1 DAGs
[2024-03-26T02:03:43.862+0000] {logging_mixin.py:188} INFO - [2024-03-26T02:03:43.862+0000] {dag.py:3834} INFO - Setting next_dagrun for example_sensor_decorator to None, run_after=None
[2024-03-26T02:03:43.869+0000] {processor.py:183} INFO - Processing /home/airflow/.local/lib/python3.8/site-packages/airflow/example_dags/example_sensor_decorator.py took 0.034 seconds
[2024-03-26T02:04:14.538+0000] {processor.py:161} INFO - Started process (PID=5716) to work on /home/airflow/.local/lib/python3.8/site-packages/airflow/example_dags/example_sensor_decorator.py
[2024-03-26T02:04:14.539+0000] {processor.py:830} INFO - Processing file /home/airflow/.local/lib/python3.8/site-packages/airflow/example_dags/example_sensor_decorator.py for tasks to queue
[2024-03-26T02:04:14.540+0000] {logging_mixin.py:188} INFO - [2024-03-26T02:04:14.540+0000] {dagbag.py:540} INFO - Filling up the DagBag from /home/airflow/.local/lib/python3.8/site-packages/airflow/example_dags/example_sensor_decorator.py
[2024-03-26T02:04:14.545+0000] {processor.py:840} INFO - DAG(s) 'example_sensor_decorator' retrieved from /home/airflow/.local/lib/python3.8/site-packages/airflow/example_dags/example_sensor_decorator.py
[2024-03-26T02:04:14.559+0000] {logging_mixin.py:188} INFO - [2024-03-26T02:04:14.559+0000] {dag.py:3047} INFO - Sync 1 DAGs
[2024-03-26T02:04:14.565+0000] {logging_mixin.py:188} INFO - [2024-03-26T02:04:14.565+0000] {dag.py:3834} INFO - Setting next_dagrun for example_sensor_decorator to None, run_after=None
[2024-03-26T02:04:14.575+0000] {processor.py:183} INFO - Processing /home/airflow/.local/lib/python3.8/site-packages/airflow/example_dags/example_sensor_decorator.py took 0.039 seconds
[2024-03-26T02:04:45.222+0000] {processor.py:161} INFO - Started process (PID=5771) to work on /home/airflow/.local/lib/python3.8/site-packages/airflow/example_dags/example_sensor_decorator.py
[2024-03-26T02:04:45.223+0000] {processor.py:830} INFO - Processing file /home/airflow/.local/lib/python3.8/site-packages/airflow/example_dags/example_sensor_decorator.py for tasks to queue
[2024-03-26T02:04:45.224+0000] {logging_mixin.py:188} INFO - [2024-03-26T02:04:45.223+0000] {dagbag.py:540} INFO - Filling up the DagBag from /home/airflow/.local/lib/python3.8/site-packages/airflow/example_dags/example_sensor_decorator.py
[2024-03-26T02:04:45.227+0000] {processor.py:840} INFO - DAG(s) 'example_sensor_decorator' retrieved from /home/airflow/.local/lib/python3.8/site-packages/airflow/example_dags/example_sensor_decorator.py
[2024-03-26T02:04:45.240+0000] {logging_mixin.py:188} INFO - [2024-03-26T02:04:45.240+0000] {dag.py:3047} INFO - Sync 1 DAGs
[2024-03-26T02:04:45.245+0000] {logging_mixin.py:188} INFO - [2024-03-26T02:04:45.245+0000] {dag.py:3834} INFO - Setting next_dagrun for example_sensor_decorator to None, run_after=None
[2024-03-26T02:04:45.252+0000] {processor.py:183} INFO - Processing /home/airflow/.local/lib/python3.8/site-packages/airflow/example_dags/example_sensor_decorator.py took 0.032 seconds
[2024-03-26T02:05:15.931+0000] {processor.py:161} INFO - Started process (PID=5826) to work on /home/airflow/.local/lib/python3.8/site-packages/airflow/example_dags/example_sensor_decorator.py
[2024-03-26T02:05:15.931+0000] {processor.py:830} INFO - Processing file /home/airflow/.local/lib/python3.8/site-packages/airflow/example_dags/example_sensor_decorator.py for tasks to queue
[2024-03-26T02:05:15.932+0000] {logging_mixin.py:188} INFO - [2024-03-26T02:05:15.932+0000] {dagbag.py:540} INFO - Filling up the DagBag from /home/airflow/.local/lib/python3.8/site-packages/airflow/example_dags/example_sensor_decorator.py
[2024-03-26T02:05:15.936+0000] {processor.py:840} INFO - DAG(s) 'example_sensor_decorator' retrieved from /home/airflow/.local/lib/python3.8/site-packages/airflow/example_dags/example_sensor_decorator.py
[2024-03-26T02:05:15.949+0000] {logging_mixin.py:188} INFO - [2024-03-26T02:05:15.948+0000] {dag.py:3047} INFO - Sync 1 DAGs
[2024-03-26T02:05:15.954+0000] {logging_mixin.py:188} INFO - [2024-03-26T02:05:15.954+0000] {dag.py:3834} INFO - Setting next_dagrun for example_sensor_decorator to None, run_after=None
[2024-03-26T02:05:15.961+0000] {processor.py:183} INFO - Processing /home/airflow/.local/lib/python3.8/site-packages/airflow/example_dags/example_sensor_decorator.py took 0.033 seconds
[2024-03-26T02:05:46.555+0000] {processor.py:161} INFO - Started process (PID=5881) to work on /home/airflow/.local/lib/python3.8/site-packages/airflow/example_dags/example_sensor_decorator.py
[2024-03-26T02:05:46.556+0000] {processor.py:830} INFO - Processing file /home/airflow/.local/lib/python3.8/site-packages/airflow/example_dags/example_sensor_decorator.py for tasks to queue
[2024-03-26T02:05:46.557+0000] {logging_mixin.py:188} INFO - [2024-03-26T02:05:46.557+0000] {dagbag.py:540} INFO - Filling up the DagBag from /home/airflow/.local/lib/python3.8/site-packages/airflow/example_dags/example_sensor_decorator.py
[2024-03-26T02:05:46.561+0000] {processor.py:840} INFO - DAG(s) 'example_sensor_decorator' retrieved from /home/airflow/.local/lib/python3.8/site-packages/airflow/example_dags/example_sensor_decorator.py
[2024-03-26T02:05:46.573+0000] {logging_mixin.py:188} INFO - [2024-03-26T02:05:46.573+0000] {dag.py:3047} INFO - Sync 1 DAGs
[2024-03-26T02:05:46.579+0000] {logging_mixin.py:188} INFO - [2024-03-26T02:05:46.578+0000] {dag.py:3834} INFO - Setting next_dagrun for example_sensor_decorator to None, run_after=None
[2024-03-26T02:05:46.587+0000] {processor.py:183} INFO - Processing /home/airflow/.local/lib/python3.8/site-packages/airflow/example_dags/example_sensor_decorator.py took 0.034 seconds
[2024-03-26T02:06:17.281+0000] {processor.py:161} INFO - Started process (PID=5936) to work on /home/airflow/.local/lib/python3.8/site-packages/airflow/example_dags/example_sensor_decorator.py
[2024-03-26T02:06:17.282+0000] {processor.py:830} INFO - Processing file /home/airflow/.local/lib/python3.8/site-packages/airflow/example_dags/example_sensor_decorator.py for tasks to queue
[2024-03-26T02:06:17.283+0000] {logging_mixin.py:188} INFO - [2024-03-26T02:06:17.283+0000] {dagbag.py:540} INFO - Filling up the DagBag from /home/airflow/.local/lib/python3.8/site-packages/airflow/example_dags/example_sensor_decorator.py
[2024-03-26T02:06:17.287+0000] {processor.py:840} INFO - DAG(s) 'example_sensor_decorator' retrieved from /home/airflow/.local/lib/python3.8/site-packages/airflow/example_dags/example_sensor_decorator.py
[2024-03-26T02:06:17.301+0000] {logging_mixin.py:188} INFO - [2024-03-26T02:06:17.301+0000] {dag.py:3047} INFO - Sync 1 DAGs
[2024-03-26T02:06:17.307+0000] {logging_mixin.py:188} INFO - [2024-03-26T02:06:17.307+0000] {dag.py:3834} INFO - Setting next_dagrun for example_sensor_decorator to None, run_after=None
[2024-03-26T02:06:17.318+0000] {processor.py:183} INFO - Processing /home/airflow/.local/lib/python3.8/site-packages/airflow/example_dags/example_sensor_decorator.py took 0.039 seconds
[2024-03-26T02:06:48.039+0000] {processor.py:161} INFO - Started process (PID=5991) to work on /home/airflow/.local/lib/python3.8/site-packages/airflow/example_dags/example_sensor_decorator.py
[2024-03-26T02:06:48.039+0000] {processor.py:830} INFO - Processing file /home/airflow/.local/lib/python3.8/site-packages/airflow/example_dags/example_sensor_decorator.py for tasks to queue
[2024-03-26T02:06:48.040+0000] {logging_mixin.py:188} INFO - [2024-03-26T02:06:48.040+0000] {dagbag.py:540} INFO - Filling up the DagBag from /home/airflow/.local/lib/python3.8/site-packages/airflow/example_dags/example_sensor_decorator.py
[2024-03-26T02:06:48.044+0000] {processor.py:840} INFO - DAG(s) 'example_sensor_decorator' retrieved from /home/airflow/.local/lib/python3.8/site-packages/airflow/example_dags/example_sensor_decorator.py
[2024-03-26T02:06:48.056+0000] {logging_mixin.py:188} INFO - [2024-03-26T02:06:48.055+0000] {dag.py:3047} INFO - Sync 1 DAGs
[2024-03-26T02:06:48.061+0000] {logging_mixin.py:188} INFO - [2024-03-26T02:06:48.061+0000] {dag.py:3834} INFO - Setting next_dagrun for example_sensor_decorator to None, run_after=None
[2024-03-26T02:06:48.069+0000] {processor.py:183} INFO - Processing /home/airflow/.local/lib/python3.8/site-packages/airflow/example_dags/example_sensor_decorator.py took 0.032 seconds
[2024-03-26T02:07:18.674+0000] {processor.py:161} INFO - Started process (PID=6046) to work on /home/airflow/.local/lib/python3.8/site-packages/airflow/example_dags/example_sensor_decorator.py
[2024-03-26T02:07:18.674+0000] {processor.py:830} INFO - Processing file /home/airflow/.local/lib/python3.8/site-packages/airflow/example_dags/example_sensor_decorator.py for tasks to queue
[2024-03-26T02:07:18.675+0000] {logging_mixin.py:188} INFO - [2024-03-26T02:07:18.675+0000] {dagbag.py:540} INFO - Filling up the DagBag from /home/airflow/.local/lib/python3.8/site-packages/airflow/example_dags/example_sensor_decorator.py
[2024-03-26T02:07:18.679+0000] {processor.py:840} INFO - DAG(s) 'example_sensor_decorator' retrieved from /home/airflow/.local/lib/python3.8/site-packages/airflow/example_dags/example_sensor_decorator.py
[2024-03-26T02:07:18.691+0000] {logging_mixin.py:188} INFO - [2024-03-26T02:07:18.691+0000] {dag.py:3047} INFO - Sync 1 DAGs
[2024-03-26T02:07:18.696+0000] {logging_mixin.py:188} INFO - [2024-03-26T02:07:18.696+0000] {dag.py:3834} INFO - Setting next_dagrun for example_sensor_decorator to None, run_after=None
[2024-03-26T02:07:18.704+0000] {processor.py:183} INFO - Processing /home/airflow/.local/lib/python3.8/site-packages/airflow/example_dags/example_sensor_decorator.py took 0.032 seconds
[2024-03-26T02:07:49.276+0000] {processor.py:161} INFO - Started process (PID=6101) to work on /home/airflow/.local/lib/python3.8/site-packages/airflow/example_dags/example_sensor_decorator.py
[2024-03-26T02:07:49.277+0000] {processor.py:830} INFO - Processing file /home/airflow/.local/lib/python3.8/site-packages/airflow/example_dags/example_sensor_decorator.py for tasks to queue
[2024-03-26T02:07:49.278+0000] {logging_mixin.py:188} INFO - [2024-03-26T02:07:49.277+0000] {dagbag.py:540} INFO - Filling up the DagBag from /home/airflow/.local/lib/python3.8/site-packages/airflow/example_dags/example_sensor_decorator.py
[2024-03-26T02:07:49.281+0000] {processor.py:840} INFO - DAG(s) 'example_sensor_decorator' retrieved from /home/airflow/.local/lib/python3.8/site-packages/airflow/example_dags/example_sensor_decorator.py
[2024-03-26T02:07:49.293+0000] {logging_mixin.py:188} INFO - [2024-03-26T02:07:49.293+0000] {dag.py:3047} INFO - Sync 1 DAGs
[2024-03-26T02:07:49.299+0000] {logging_mixin.py:188} INFO - [2024-03-26T02:07:49.299+0000] {dag.py:3834} INFO - Setting next_dagrun for example_sensor_decorator to None, run_after=None
[2024-03-26T02:07:49.307+0000] {processor.py:183} INFO - Processing /home/airflow/.local/lib/python3.8/site-packages/airflow/example_dags/example_sensor_decorator.py took 0.033 seconds
[2024-03-26T02:08:19.922+0000] {processor.py:161} INFO - Started process (PID=6156) to work on /home/airflow/.local/lib/python3.8/site-packages/airflow/example_dags/example_sensor_decorator.py
[2024-03-26T02:08:19.922+0000] {processor.py:830} INFO - Processing file /home/airflow/.local/lib/python3.8/site-packages/airflow/example_dags/example_sensor_decorator.py for tasks to queue
[2024-03-26T02:08:19.923+0000] {logging_mixin.py:188} INFO - [2024-03-26T02:08:19.923+0000] {dagbag.py:540} INFO - Filling up the DagBag from /home/airflow/.local/lib/python3.8/site-packages/airflow/example_dags/example_sensor_decorator.py
[2024-03-26T02:08:19.927+0000] {processor.py:840} INFO - DAG(s) 'example_sensor_decorator' retrieved from /home/airflow/.local/lib/python3.8/site-packages/airflow/example_dags/example_sensor_decorator.py
[2024-03-26T02:08:19.939+0000] {logging_mixin.py:188} INFO - [2024-03-26T02:08:19.939+0000] {dag.py:3047} INFO - Sync 1 DAGs
[2024-03-26T02:08:19.946+0000] {logging_mixin.py:188} INFO - [2024-03-26T02:08:19.946+0000] {dag.py:3834} INFO - Setting next_dagrun for example_sensor_decorator to None, run_after=None
[2024-03-26T02:08:19.954+0000] {processor.py:183} INFO - Processing /home/airflow/.local/lib/python3.8/site-packages/airflow/example_dags/example_sensor_decorator.py took 0.034 seconds
[2024-03-26T02:08:50.579+0000] {processor.py:161} INFO - Started process (PID=6211) to work on /home/airflow/.local/lib/python3.8/site-packages/airflow/example_dags/example_sensor_decorator.py
[2024-03-26T02:08:50.579+0000] {processor.py:830} INFO - Processing file /home/airflow/.local/lib/python3.8/site-packages/airflow/example_dags/example_sensor_decorator.py for tasks to queue
[2024-03-26T02:08:50.580+0000] {logging_mixin.py:188} INFO - [2024-03-26T02:08:50.580+0000] {dagbag.py:540} INFO - Filling up the DagBag from /home/airflow/.local/lib/python3.8/site-packages/airflow/example_dags/example_sensor_decorator.py
[2024-03-26T02:08:50.584+0000] {processor.py:840} INFO - DAG(s) 'example_sensor_decorator' retrieved from /home/airflow/.local/lib/python3.8/site-packages/airflow/example_dags/example_sensor_decorator.py
[2024-03-26T02:08:50.596+0000] {logging_mixin.py:188} INFO - [2024-03-26T02:08:50.596+0000] {dag.py:3047} INFO - Sync 1 DAGs
[2024-03-26T02:08:50.601+0000] {logging_mixin.py:188} INFO - [2024-03-26T02:08:50.601+0000] {dag.py:3834} INFO - Setting next_dagrun for example_sensor_decorator to None, run_after=None
[2024-03-26T02:08:50.609+0000] {processor.py:183} INFO - Processing /home/airflow/.local/lib/python3.8/site-packages/airflow/example_dags/example_sensor_decorator.py took 0.032 seconds
[2024-03-26T02:09:21.293+0000] {processor.py:161} INFO - Started process (PID=6266) to work on /home/airflow/.local/lib/python3.8/site-packages/airflow/example_dags/example_sensor_decorator.py
[2024-03-26T02:09:21.294+0000] {processor.py:830} INFO - Processing file /home/airflow/.local/lib/python3.8/site-packages/airflow/example_dags/example_sensor_decorator.py for tasks to queue
[2024-03-26T02:09:21.295+0000] {logging_mixin.py:188} INFO - [2024-03-26T02:09:21.295+0000] {dagbag.py:540} INFO - Filling up the DagBag from /home/airflow/.local/lib/python3.8/site-packages/airflow/example_dags/example_sensor_decorator.py
[2024-03-26T02:09:21.299+0000] {processor.py:840} INFO - DAG(s) 'example_sensor_decorator' retrieved from /home/airflow/.local/lib/python3.8/site-packages/airflow/example_dags/example_sensor_decorator.py
[2024-03-26T02:09:21.314+0000] {logging_mixin.py:188} INFO - [2024-03-26T02:09:21.314+0000] {dag.py:3047} INFO - Sync 1 DAGs
[2024-03-26T02:09:21.323+0000] {logging_mixin.py:188} INFO - [2024-03-26T02:09:21.323+0000] {dag.py:3834} INFO - Setting next_dagrun for example_sensor_decorator to None, run_after=None
[2024-03-26T02:09:21.333+0000] {processor.py:183} INFO - Processing /home/airflow/.local/lib/python3.8/site-packages/airflow/example_dags/example_sensor_decorator.py took 0.043 seconds
[2024-03-26T02:09:51.356+0000] {processor.py:161} INFO - Started process (PID=6320) to work on /home/airflow/.local/lib/python3.8/site-packages/airflow/example_dags/example_sensor_decorator.py
[2024-03-26T02:09:51.357+0000] {processor.py:830} INFO - Processing file /home/airflow/.local/lib/python3.8/site-packages/airflow/example_dags/example_sensor_decorator.py for tasks to queue
[2024-03-26T02:09:51.358+0000] {logging_mixin.py:188} INFO - [2024-03-26T02:09:51.358+0000] {dagbag.py:540} INFO - Filling up the DagBag from /home/airflow/.local/lib/python3.8/site-packages/airflow/example_dags/example_sensor_decorator.py
[2024-03-26T02:09:51.362+0000] {processor.py:840} INFO - DAG(s) 'example_sensor_decorator' retrieved from /home/airflow/.local/lib/python3.8/site-packages/airflow/example_dags/example_sensor_decorator.py
[2024-03-26T02:09:51.374+0000] {logging_mixin.py:188} INFO - [2024-03-26T02:09:51.374+0000] {dag.py:3047} INFO - Sync 1 DAGs
[2024-03-26T02:09:51.380+0000] {logging_mixin.py:188} INFO - [2024-03-26T02:09:51.380+0000] {dag.py:3834} INFO - Setting next_dagrun for example_sensor_decorator to None, run_after=None
[2024-03-26T02:09:51.388+0000] {processor.py:183} INFO - Processing /home/airflow/.local/lib/python3.8/site-packages/airflow/example_dags/example_sensor_decorator.py took 0.034 seconds
[2024-03-26T02:10:21.440+0000] {processor.py:161} INFO - Started process (PID=6374) to work on /home/airflow/.local/lib/python3.8/site-packages/airflow/example_dags/example_sensor_decorator.py
[2024-03-26T02:10:21.441+0000] {processor.py:830} INFO - Processing file /home/airflow/.local/lib/python3.8/site-packages/airflow/example_dags/example_sensor_decorator.py for tasks to queue
[2024-03-26T02:10:21.442+0000] {logging_mixin.py:188} INFO - [2024-03-26T02:10:21.442+0000] {dagbag.py:540} INFO - Filling up the DagBag from /home/airflow/.local/lib/python3.8/site-packages/airflow/example_dags/example_sensor_decorator.py
[2024-03-26T02:10:21.447+0000] {processor.py:840} INFO - DAG(s) 'example_sensor_decorator' retrieved from /home/airflow/.local/lib/python3.8/site-packages/airflow/example_dags/example_sensor_decorator.py
[2024-03-26T02:10:21.459+0000] {logging_mixin.py:188} INFO - [2024-03-26T02:10:21.459+0000] {dag.py:3047} INFO - Sync 1 DAGs
[2024-03-26T02:10:21.464+0000] {logging_mixin.py:188} INFO - [2024-03-26T02:10:21.464+0000] {dag.py:3834} INFO - Setting next_dagrun for example_sensor_decorator to None, run_after=None
[2024-03-26T02:10:21.472+0000] {processor.py:183} INFO - Processing /home/airflow/.local/lib/python3.8/site-packages/airflow/example_dags/example_sensor_decorator.py took 0.034 seconds
[2024-03-26T02:10:52.316+0000] {processor.py:161} INFO - Started process (PID=6431) to work on /home/airflow/.local/lib/python3.8/site-packages/airflow/example_dags/example_sensor_decorator.py
[2024-03-26T02:10:52.317+0000] {processor.py:830} INFO - Processing file /home/airflow/.local/lib/python3.8/site-packages/airflow/example_dags/example_sensor_decorator.py for tasks to queue
[2024-03-26T02:10:52.318+0000] {logging_mixin.py:188} INFO - [2024-03-26T02:10:52.318+0000] {dagbag.py:540} INFO - Filling up the DagBag from /home/airflow/.local/lib/python3.8/site-packages/airflow/example_dags/example_sensor_decorator.py
[2024-03-26T02:10:52.323+0000] {processor.py:840} INFO - DAG(s) 'example_sensor_decorator' retrieved from /home/airflow/.local/lib/python3.8/site-packages/airflow/example_dags/example_sensor_decorator.py
[2024-03-26T02:10:52.336+0000] {logging_mixin.py:188} INFO - [2024-03-26T02:10:52.336+0000] {dag.py:3047} INFO - Sync 1 DAGs
[2024-03-26T02:10:52.342+0000] {logging_mixin.py:188} INFO - [2024-03-26T02:10:52.342+0000] {dag.py:3834} INFO - Setting next_dagrun for example_sensor_decorator to None, run_after=None
[2024-03-26T02:10:52.351+0000] {processor.py:183} INFO - Processing /home/airflow/.local/lib/python3.8/site-packages/airflow/example_dags/example_sensor_decorator.py took 0.037 seconds
[2024-03-26T02:11:23.217+0000] {processor.py:161} INFO - Started process (PID=6486) to work on /home/airflow/.local/lib/python3.8/site-packages/airflow/example_dags/example_sensor_decorator.py
[2024-03-26T02:11:23.217+0000] {processor.py:830} INFO - Processing file /home/airflow/.local/lib/python3.8/site-packages/airflow/example_dags/example_sensor_decorator.py for tasks to queue
[2024-03-26T02:11:23.219+0000] {logging_mixin.py:188} INFO - [2024-03-26T02:11:23.219+0000] {dagbag.py:540} INFO - Filling up the DagBag from /home/airflow/.local/lib/python3.8/site-packages/airflow/example_dags/example_sensor_decorator.py
[2024-03-26T02:11:23.225+0000] {processor.py:840} INFO - DAG(s) 'example_sensor_decorator' retrieved from /home/airflow/.local/lib/python3.8/site-packages/airflow/example_dags/example_sensor_decorator.py
[2024-03-26T02:11:23.248+0000] {logging_mixin.py:188} INFO - [2024-03-26T02:11:23.248+0000] {dag.py:3047} INFO - Sync 1 DAGs
[2024-03-26T02:11:23.256+0000] {logging_mixin.py:188} INFO - [2024-03-26T02:11:23.256+0000] {dag.py:3834} INFO - Setting next_dagrun for example_sensor_decorator to None, run_after=None
[2024-03-26T02:11:23.271+0000] {processor.py:183} INFO - Processing /home/airflow/.local/lib/python3.8/site-packages/airflow/example_dags/example_sensor_decorator.py took 0.057 seconds
[2024-03-26T02:11:53.407+0000] {processor.py:161} INFO - Started process (PID=6541) to work on /home/airflow/.local/lib/python3.8/site-packages/airflow/example_dags/example_sensor_decorator.py
[2024-03-26T02:11:53.408+0000] {processor.py:830} INFO - Processing file /home/airflow/.local/lib/python3.8/site-packages/airflow/example_dags/example_sensor_decorator.py for tasks to queue
[2024-03-26T02:11:53.409+0000] {logging_mixin.py:188} INFO - [2024-03-26T02:11:53.409+0000] {dagbag.py:540} INFO - Filling up the DagBag from /home/airflow/.local/lib/python3.8/site-packages/airflow/example_dags/example_sensor_decorator.py
[2024-03-26T02:11:53.413+0000] {processor.py:840} INFO - DAG(s) 'example_sensor_decorator' retrieved from /home/airflow/.local/lib/python3.8/site-packages/airflow/example_dags/example_sensor_decorator.py
[2024-03-26T02:11:53.426+0000] {logging_mixin.py:188} INFO - [2024-03-26T02:11:53.426+0000] {dag.py:3047} INFO - Sync 1 DAGs
[2024-03-26T02:11:53.431+0000] {logging_mixin.py:188} INFO - [2024-03-26T02:11:53.431+0000] {dag.py:3834} INFO - Setting next_dagrun for example_sensor_decorator to None, run_after=None
[2024-03-26T02:11:53.440+0000] {processor.py:183} INFO - Processing /home/airflow/.local/lib/python3.8/site-packages/airflow/example_dags/example_sensor_decorator.py took 0.035 seconds
[2024-03-26T02:12:24.082+0000] {processor.py:161} INFO - Started process (PID=6597) to work on /home/airflow/.local/lib/python3.8/site-packages/airflow/example_dags/example_sensor_decorator.py
[2024-03-26T02:12:24.083+0000] {processor.py:830} INFO - Processing file /home/airflow/.local/lib/python3.8/site-packages/airflow/example_dags/example_sensor_decorator.py for tasks to queue
[2024-03-26T02:12:24.084+0000] {logging_mixin.py:188} INFO - [2024-03-26T02:12:24.084+0000] {dagbag.py:540} INFO - Filling up the DagBag from /home/airflow/.local/lib/python3.8/site-packages/airflow/example_dags/example_sensor_decorator.py
[2024-03-26T02:12:24.088+0000] {processor.py:840} INFO - DAG(s) 'example_sensor_decorator' retrieved from /home/airflow/.local/lib/python3.8/site-packages/airflow/example_dags/example_sensor_decorator.py
[2024-03-26T02:12:24.101+0000] {logging_mixin.py:188} INFO - [2024-03-26T02:12:24.101+0000] {dag.py:3047} INFO - Sync 1 DAGs
[2024-03-26T02:12:24.107+0000] {logging_mixin.py:188} INFO - [2024-03-26T02:12:24.107+0000] {dag.py:3834} INFO - Setting next_dagrun for example_sensor_decorator to None, run_after=None
[2024-03-26T02:12:24.116+0000] {processor.py:183} INFO - Processing /home/airflow/.local/lib/python3.8/site-packages/airflow/example_dags/example_sensor_decorator.py took 0.036 seconds
[2024-03-26T02:12:54.999+0000] {processor.py:161} INFO - Started process (PID=6652) to work on /home/airflow/.local/lib/python3.8/site-packages/airflow/example_dags/example_sensor_decorator.py
[2024-03-26T02:12:55.001+0000] {processor.py:830} INFO - Processing file /home/airflow/.local/lib/python3.8/site-packages/airflow/example_dags/example_sensor_decorator.py for tasks to queue
[2024-03-26T02:12:55.004+0000] {logging_mixin.py:188} INFO - [2024-03-26T02:12:55.003+0000] {dagbag.py:540} INFO - Filling up the DagBag from /home/airflow/.local/lib/python3.8/site-packages/airflow/example_dags/example_sensor_decorator.py
[2024-03-26T02:12:55.013+0000] {processor.py:840} INFO - DAG(s) 'example_sensor_decorator' retrieved from /home/airflow/.local/lib/python3.8/site-packages/airflow/example_dags/example_sensor_decorator.py
[2024-03-26T02:12:55.058+0000] {logging_mixin.py:188} INFO - [2024-03-26T02:12:55.058+0000] {dag.py:3047} INFO - Sync 1 DAGs
[2024-03-26T02:12:55.067+0000] {logging_mixin.py:188} INFO - [2024-03-26T02:12:55.067+0000] {dag.py:3834} INFO - Setting next_dagrun for example_sensor_decorator to None, run_after=None
[2024-03-26T02:12:55.078+0000] {processor.py:183} INFO - Processing /home/airflow/.local/lib/python3.8/site-packages/airflow/example_dags/example_sensor_decorator.py took 0.082 seconds
[2024-03-26T02:13:25.182+0000] {processor.py:161} INFO - Started process (PID=6707) to work on /home/airflow/.local/lib/python3.8/site-packages/airflow/example_dags/example_sensor_decorator.py
[2024-03-26T02:13:25.183+0000] {processor.py:830} INFO - Processing file /home/airflow/.local/lib/python3.8/site-packages/airflow/example_dags/example_sensor_decorator.py for tasks to queue
[2024-03-26T02:13:25.184+0000] {logging_mixin.py:188} INFO - [2024-03-26T02:13:25.184+0000] {dagbag.py:540} INFO - Filling up the DagBag from /home/airflow/.local/lib/python3.8/site-packages/airflow/example_dags/example_sensor_decorator.py
[2024-03-26T02:13:25.188+0000] {processor.py:840} INFO - DAG(s) 'example_sensor_decorator' retrieved from /home/airflow/.local/lib/python3.8/site-packages/airflow/example_dags/example_sensor_decorator.py
[2024-03-26T02:13:25.200+0000] {logging_mixin.py:188} INFO - [2024-03-26T02:13:25.200+0000] {dag.py:3047} INFO - Sync 1 DAGs
[2024-03-26T02:13:25.206+0000] {logging_mixin.py:188} INFO - [2024-03-26T02:13:25.206+0000] {dag.py:3834} INFO - Setting next_dagrun for example_sensor_decorator to None, run_after=None
[2024-03-26T02:13:25.216+0000] {processor.py:183} INFO - Processing /home/airflow/.local/lib/python3.8/site-packages/airflow/example_dags/example_sensor_decorator.py took 0.036 seconds
[2024-03-26T02:13:55.967+0000] {processor.py:161} INFO - Started process (PID=6762) to work on /home/airflow/.local/lib/python3.8/site-packages/airflow/example_dags/example_sensor_decorator.py
[2024-03-26T02:13:55.967+0000] {processor.py:830} INFO - Processing file /home/airflow/.local/lib/python3.8/site-packages/airflow/example_dags/example_sensor_decorator.py for tasks to queue
[2024-03-26T02:13:55.968+0000] {logging_mixin.py:188} INFO - [2024-03-26T02:13:55.968+0000] {dagbag.py:540} INFO - Filling up the DagBag from /home/airflow/.local/lib/python3.8/site-packages/airflow/example_dags/example_sensor_decorator.py
[2024-03-26T02:13:55.972+0000] {processor.py:840} INFO - DAG(s) 'example_sensor_decorator' retrieved from /home/airflow/.local/lib/python3.8/site-packages/airflow/example_dags/example_sensor_decorator.py
[2024-03-26T02:13:55.984+0000] {logging_mixin.py:188} INFO - [2024-03-26T02:13:55.984+0000] {dag.py:3047} INFO - Sync 1 DAGs
[2024-03-26T02:13:55.990+0000] {logging_mixin.py:188} INFO - [2024-03-26T02:13:55.990+0000] {dag.py:3834} INFO - Setting next_dagrun for example_sensor_decorator to None, run_after=None
[2024-03-26T02:13:55.998+0000] {processor.py:183} INFO - Processing /home/airflow/.local/lib/python3.8/site-packages/airflow/example_dags/example_sensor_decorator.py took 0.033 seconds
[2024-03-26T02:14:26.636+0000] {processor.py:161} INFO - Started process (PID=6817) to work on /home/airflow/.local/lib/python3.8/site-packages/airflow/example_dags/example_sensor_decorator.py
[2024-03-26T02:14:26.637+0000] {processor.py:830} INFO - Processing file /home/airflow/.local/lib/python3.8/site-packages/airflow/example_dags/example_sensor_decorator.py for tasks to queue
[2024-03-26T02:14:26.638+0000] {logging_mixin.py:188} INFO - [2024-03-26T02:14:26.638+0000] {dagbag.py:540} INFO - Filling up the DagBag from /home/airflow/.local/lib/python3.8/site-packages/airflow/example_dags/example_sensor_decorator.py
[2024-03-26T02:14:26.642+0000] {processor.py:840} INFO - DAG(s) 'example_sensor_decorator' retrieved from /home/airflow/.local/lib/python3.8/site-packages/airflow/example_dags/example_sensor_decorator.py
[2024-03-26T02:14:26.653+0000] {logging_mixin.py:188} INFO - [2024-03-26T02:14:26.653+0000] {dag.py:3047} INFO - Sync 1 DAGs
[2024-03-26T02:14:26.659+0000] {logging_mixin.py:188} INFO - [2024-03-26T02:14:26.659+0000] {dag.py:3834} INFO - Setting next_dagrun for example_sensor_decorator to None, run_after=None
[2024-03-26T02:14:26.667+0000] {processor.py:183} INFO - Processing /home/airflow/.local/lib/python3.8/site-packages/airflow/example_dags/example_sensor_decorator.py took 0.033 seconds
[2024-03-26T02:14:57.161+0000] {processor.py:161} INFO - Started process (PID=6872) to work on /home/airflow/.local/lib/python3.8/site-packages/airflow/example_dags/example_sensor_decorator.py
[2024-03-26T02:14:57.162+0000] {processor.py:830} INFO - Processing file /home/airflow/.local/lib/python3.8/site-packages/airflow/example_dags/example_sensor_decorator.py for tasks to queue
[2024-03-26T02:14:57.163+0000] {logging_mixin.py:188} INFO - [2024-03-26T02:14:57.162+0000] {dagbag.py:540} INFO - Filling up the DagBag from /home/airflow/.local/lib/python3.8/site-packages/airflow/example_dags/example_sensor_decorator.py
[2024-03-26T02:14:57.166+0000] {processor.py:840} INFO - DAG(s) 'example_sensor_decorator' retrieved from /home/airflow/.local/lib/python3.8/site-packages/airflow/example_dags/example_sensor_decorator.py
[2024-03-26T02:14:57.178+0000] {logging_mixin.py:188} INFO - [2024-03-26T02:14:57.178+0000] {dag.py:3047} INFO - Sync 1 DAGs
[2024-03-26T02:14:57.184+0000] {logging_mixin.py:188} INFO - [2024-03-26T02:14:57.184+0000] {dag.py:3834} INFO - Setting next_dagrun for example_sensor_decorator to None, run_after=None
[2024-03-26T02:14:57.191+0000] {processor.py:183} INFO - Processing /home/airflow/.local/lib/python3.8/site-packages/airflow/example_dags/example_sensor_decorator.py took 0.032 seconds
[2024-03-26T02:15:27.874+0000] {processor.py:161} INFO - Started process (PID=6927) to work on /home/airflow/.local/lib/python3.8/site-packages/airflow/example_dags/example_sensor_decorator.py
[2024-03-26T02:15:27.875+0000] {processor.py:830} INFO - Processing file /home/airflow/.local/lib/python3.8/site-packages/airflow/example_dags/example_sensor_decorator.py for tasks to queue
[2024-03-26T02:15:27.876+0000] {logging_mixin.py:188} INFO - [2024-03-26T02:15:27.876+0000] {dagbag.py:540} INFO - Filling up the DagBag from /home/airflow/.local/lib/python3.8/site-packages/airflow/example_dags/example_sensor_decorator.py
[2024-03-26T02:15:27.880+0000] {processor.py:840} INFO - DAG(s) 'example_sensor_decorator' retrieved from /home/airflow/.local/lib/python3.8/site-packages/airflow/example_dags/example_sensor_decorator.py
[2024-03-26T02:15:27.893+0000] {logging_mixin.py:188} INFO - [2024-03-26T02:15:27.892+0000] {dag.py:3047} INFO - Sync 1 DAGs
[2024-03-26T02:15:27.898+0000] {logging_mixin.py:188} INFO - [2024-03-26T02:15:27.898+0000] {dag.py:3834} INFO - Setting next_dagrun for example_sensor_decorator to None, run_after=None
[2024-03-26T02:15:27.906+0000] {processor.py:183} INFO - Processing /home/airflow/.local/lib/python3.8/site-packages/airflow/example_dags/example_sensor_decorator.py took 0.034 seconds
[2024-03-26T02:15:58.501+0000] {processor.py:161} INFO - Started process (PID=6982) to work on /home/airflow/.local/lib/python3.8/site-packages/airflow/example_dags/example_sensor_decorator.py
[2024-03-26T02:15:58.501+0000] {processor.py:830} INFO - Processing file /home/airflow/.local/lib/python3.8/site-packages/airflow/example_dags/example_sensor_decorator.py for tasks to queue
[2024-03-26T02:15:58.502+0000] {logging_mixin.py:188} INFO - [2024-03-26T02:15:58.502+0000] {dagbag.py:540} INFO - Filling up the DagBag from /home/airflow/.local/lib/python3.8/site-packages/airflow/example_dags/example_sensor_decorator.py
[2024-03-26T02:15:58.506+0000] {processor.py:840} INFO - DAG(s) 'example_sensor_decorator' retrieved from /home/airflow/.local/lib/python3.8/site-packages/airflow/example_dags/example_sensor_decorator.py
[2024-03-26T02:15:58.518+0000] {logging_mixin.py:188} INFO - [2024-03-26T02:15:58.518+0000] {dag.py:3047} INFO - Sync 1 DAGs
[2024-03-26T02:15:58.524+0000] {logging_mixin.py:188} INFO - [2024-03-26T02:15:58.524+0000] {dag.py:3834} INFO - Setting next_dagrun for example_sensor_decorator to None, run_after=None
[2024-03-26T02:15:58.532+0000] {processor.py:183} INFO - Processing /home/airflow/.local/lib/python3.8/site-packages/airflow/example_dags/example_sensor_decorator.py took 0.033 seconds
[2024-03-26T02:16:29.139+0000] {processor.py:161} INFO - Started process (PID=7037) to work on /home/airflow/.local/lib/python3.8/site-packages/airflow/example_dags/example_sensor_decorator.py
[2024-03-26T02:16:29.140+0000] {processor.py:830} INFO - Processing file /home/airflow/.local/lib/python3.8/site-packages/airflow/example_dags/example_sensor_decorator.py for tasks to queue
[2024-03-26T02:16:29.141+0000] {logging_mixin.py:188} INFO - [2024-03-26T02:16:29.141+0000] {dagbag.py:540} INFO - Filling up the DagBag from /home/airflow/.local/lib/python3.8/site-packages/airflow/example_dags/example_sensor_decorator.py
[2024-03-26T02:16:29.145+0000] {processor.py:840} INFO - DAG(s) 'example_sensor_decorator' retrieved from /home/airflow/.local/lib/python3.8/site-packages/airflow/example_dags/example_sensor_decorator.py
[2024-03-26T02:16:29.156+0000] {logging_mixin.py:188} INFO - [2024-03-26T02:16:29.156+0000] {dag.py:3047} INFO - Sync 1 DAGs
[2024-03-26T02:16:29.162+0000] {logging_mixin.py:188} INFO - [2024-03-26T02:16:29.162+0000] {dag.py:3834} INFO - Setting next_dagrun for example_sensor_decorator to None, run_after=None
[2024-03-26T02:16:29.170+0000] {processor.py:183} INFO - Processing /home/airflow/.local/lib/python3.8/site-packages/airflow/example_dags/example_sensor_decorator.py took 0.032 seconds
[2024-03-26T02:16:59.875+0000] {processor.py:161} INFO - Started process (PID=7092) to work on /home/airflow/.local/lib/python3.8/site-packages/airflow/example_dags/example_sensor_decorator.py
[2024-03-26T02:16:59.875+0000] {processor.py:830} INFO - Processing file /home/airflow/.local/lib/python3.8/site-packages/airflow/example_dags/example_sensor_decorator.py for tasks to queue
[2024-03-26T02:16:59.877+0000] {logging_mixin.py:188} INFO - [2024-03-26T02:16:59.876+0000] {dagbag.py:540} INFO - Filling up the DagBag from /home/airflow/.local/lib/python3.8/site-packages/airflow/example_dags/example_sensor_decorator.py
[2024-03-26T02:16:59.881+0000] {processor.py:840} INFO - DAG(s) 'example_sensor_decorator' retrieved from /home/airflow/.local/lib/python3.8/site-packages/airflow/example_dags/example_sensor_decorator.py
[2024-03-26T02:16:59.893+0000] {logging_mixin.py:188} INFO - [2024-03-26T02:16:59.893+0000] {dag.py:3047} INFO - Sync 1 DAGs
[2024-03-26T02:16:59.898+0000] {logging_mixin.py:188} INFO - [2024-03-26T02:16:59.898+0000] {dag.py:3834} INFO - Setting next_dagrun for example_sensor_decorator to None, run_after=None
[2024-03-26T02:16:59.906+0000] {processor.py:183} INFO - Processing /home/airflow/.local/lib/python3.8/site-packages/airflow/example_dags/example_sensor_decorator.py took 0.034 seconds
[2024-03-26T02:17:30.492+0000] {processor.py:161} INFO - Started process (PID=7147) to work on /home/airflow/.local/lib/python3.8/site-packages/airflow/example_dags/example_sensor_decorator.py
[2024-03-26T02:17:30.493+0000] {processor.py:830} INFO - Processing file /home/airflow/.local/lib/python3.8/site-packages/airflow/example_dags/example_sensor_decorator.py for tasks to queue
[2024-03-26T02:17:30.495+0000] {logging_mixin.py:188} INFO - [2024-03-26T02:17:30.494+0000] {dagbag.py:540} INFO - Filling up the DagBag from /home/airflow/.local/lib/python3.8/site-packages/airflow/example_dags/example_sensor_decorator.py
[2024-03-26T02:17:30.499+0000] {processor.py:840} INFO - DAG(s) 'example_sensor_decorator' retrieved from /home/airflow/.local/lib/python3.8/site-packages/airflow/example_dags/example_sensor_decorator.py
[2024-03-26T02:17:30.512+0000] {logging_mixin.py:188} INFO - [2024-03-26T02:17:30.512+0000] {dag.py:3047} INFO - Sync 1 DAGs
[2024-03-26T02:17:30.518+0000] {logging_mixin.py:188} INFO - [2024-03-26T02:17:30.518+0000] {dag.py:3834} INFO - Setting next_dagrun for example_sensor_decorator to None, run_after=None
[2024-03-26T02:17:30.527+0000] {processor.py:183} INFO - Processing /home/airflow/.local/lib/python3.8/site-packages/airflow/example_dags/example_sensor_decorator.py took 0.037 seconds
[2024-03-26T02:18:01.167+0000] {processor.py:161} INFO - Started process (PID=7202) to work on /home/airflow/.local/lib/python3.8/site-packages/airflow/example_dags/example_sensor_decorator.py
[2024-03-26T02:18:01.168+0000] {processor.py:830} INFO - Processing file /home/airflow/.local/lib/python3.8/site-packages/airflow/example_dags/example_sensor_decorator.py for tasks to queue
[2024-03-26T02:18:01.169+0000] {logging_mixin.py:188} INFO - [2024-03-26T02:18:01.169+0000] {dagbag.py:540} INFO - Filling up the DagBag from /home/airflow/.local/lib/python3.8/site-packages/airflow/example_dags/example_sensor_decorator.py
[2024-03-26T02:18:01.174+0000] {processor.py:840} INFO - DAG(s) 'example_sensor_decorator' retrieved from /home/airflow/.local/lib/python3.8/site-packages/airflow/example_dags/example_sensor_decorator.py
[2024-03-26T02:18:01.194+0000] {logging_mixin.py:188} INFO - [2024-03-26T02:18:01.194+0000] {dag.py:3047} INFO - Sync 1 DAGs
[2024-03-26T02:18:01.200+0000] {logging_mixin.py:188} INFO - [2024-03-26T02:18:01.200+0000] {dag.py:3834} INFO - Setting next_dagrun for example_sensor_decorator to None, run_after=None
[2024-03-26T02:18:01.209+0000] {processor.py:183} INFO - Processing /home/airflow/.local/lib/python3.8/site-packages/airflow/example_dags/example_sensor_decorator.py took 0.044 seconds
[2024-03-26T02:18:31.789+0000] {processor.py:161} INFO - Started process (PID=7257) to work on /home/airflow/.local/lib/python3.8/site-packages/airflow/example_dags/example_sensor_decorator.py
[2024-03-26T02:18:31.789+0000] {processor.py:830} INFO - Processing file /home/airflow/.local/lib/python3.8/site-packages/airflow/example_dags/example_sensor_decorator.py for tasks to queue
[2024-03-26T02:18:31.790+0000] {logging_mixin.py:188} INFO - [2024-03-26T02:18:31.790+0000] {dagbag.py:540} INFO - Filling up the DagBag from /home/airflow/.local/lib/python3.8/site-packages/airflow/example_dags/example_sensor_decorator.py
[2024-03-26T02:18:31.794+0000] {processor.py:840} INFO - DAG(s) 'example_sensor_decorator' retrieved from /home/airflow/.local/lib/python3.8/site-packages/airflow/example_dags/example_sensor_decorator.py
[2024-03-26T02:18:31.806+0000] {logging_mixin.py:188} INFO - [2024-03-26T02:18:31.806+0000] {dag.py:3047} INFO - Sync 1 DAGs
[2024-03-26T02:18:31.811+0000] {logging_mixin.py:188} INFO - [2024-03-26T02:18:31.811+0000] {dag.py:3834} INFO - Setting next_dagrun for example_sensor_decorator to None, run_after=None
[2024-03-26T02:18:31.819+0000] {processor.py:183} INFO - Processing /home/airflow/.local/lib/python3.8/site-packages/airflow/example_dags/example_sensor_decorator.py took 0.033 seconds
[2024-03-26T02:19:02.464+0000] {processor.py:161} INFO - Started process (PID=7312) to work on /home/airflow/.local/lib/python3.8/site-packages/airflow/example_dags/example_sensor_decorator.py
[2024-03-26T02:19:02.464+0000] {processor.py:830} INFO - Processing file /home/airflow/.local/lib/python3.8/site-packages/airflow/example_dags/example_sensor_decorator.py for tasks to queue
[2024-03-26T02:19:02.465+0000] {logging_mixin.py:188} INFO - [2024-03-26T02:19:02.465+0000] {dagbag.py:540} INFO - Filling up the DagBag from /home/airflow/.local/lib/python3.8/site-packages/airflow/example_dags/example_sensor_decorator.py
[2024-03-26T02:19:02.469+0000] {processor.py:840} INFO - DAG(s) 'example_sensor_decorator' retrieved from /home/airflow/.local/lib/python3.8/site-packages/airflow/example_dags/example_sensor_decorator.py
[2024-03-26T02:19:02.481+0000] {logging_mixin.py:188} INFO - [2024-03-26T02:19:02.481+0000] {dag.py:3047} INFO - Sync 1 DAGs
[2024-03-26T02:19:02.486+0000] {logging_mixin.py:188} INFO - [2024-03-26T02:19:02.486+0000] {dag.py:3834} INFO - Setting next_dagrun for example_sensor_decorator to None, run_after=None
[2024-03-26T02:19:02.494+0000] {processor.py:183} INFO - Processing /home/airflow/.local/lib/python3.8/site-packages/airflow/example_dags/example_sensor_decorator.py took 0.032 seconds
