[2024-03-26T00:04:40.396+0000] {processor.py:161} INFO - Started process (PID=3952) to work on /home/airflow/.local/lib/python3.8/site-packages/airflow/example_dags/example_setup_teardown.py
[2024-03-26T00:04:40.397+0000] {processor.py:830} INFO - Processing file /home/airflow/.local/lib/python3.8/site-packages/airflow/example_dags/example_setup_teardown.py for tasks to queue
[2024-03-26T00:04:40.399+0000] {logging_mixin.py:188} INFO - [2024-03-26T00:04:40.398+0000] {dagbag.py:540} INFO - Filling up the DagBag from /home/airflow/.local/lib/python3.8/site-packages/airflow/example_dags/example_setup_teardown.py
[2024-03-26T00:04:40.404+0000] {processor.py:840} INFO - DAG(s) 'example_setup_teardown' retrieved from /home/airflow/.local/lib/python3.8/site-packages/airflow/example_dags/example_setup_teardown.py
[2024-03-26T00:04:40.423+0000] {logging_mixin.py:188} INFO - [2024-03-26T00:04:40.423+0000] {dag.py:3047} INFO - Sync 1 DAGs
[2024-03-26T00:04:40.439+0000] {logging_mixin.py:188} INFO - [2024-03-26T00:04:40.438+0000] {dag.py:3834} INFO - Setting next_dagrun for example_setup_teardown to 2024-03-25 00:00:00+00:00, run_after=2024-03-26 00:00:00+00:00
[2024-03-26T00:04:40.448+0000] {processor.py:183} INFO - Processing /home/airflow/.local/lib/python3.8/site-packages/airflow/example_dags/example_setup_teardown.py took 0.056 seconds
[2024-03-26T00:58:59.043+0000] {processor.py:161} INFO - Started process (PID=4007) to work on /home/airflow/.local/lib/python3.8/site-packages/airflow/example_dags/example_setup_teardown.py
[2024-03-26T00:58:59.047+0000] {processor.py:830} INFO - Processing file /home/airflow/.local/lib/python3.8/site-packages/airflow/example_dags/example_setup_teardown.py for tasks to queue
[2024-03-26T00:58:59.048+0000] {logging_mixin.py:188} INFO - [2024-03-26T00:58:59.048+0000] {dagbag.py:540} INFO - Filling up the DagBag from /home/airflow/.local/lib/python3.8/site-packages/airflow/example_dags/example_setup_teardown.py
[2024-03-26T00:58:59.056+0000] {processor.py:840} INFO - DAG(s) 'example_setup_teardown' retrieved from /home/airflow/.local/lib/python3.8/site-packages/airflow/example_dags/example_setup_teardown.py
[2024-03-26T00:58:59.070+0000] {logging_mixin.py:188} INFO - [2024-03-26T00:58:59.070+0000] {dag.py:3047} INFO - Sync 1 DAGs
[2024-03-26T00:58:59.082+0000] {logging_mixin.py:188} INFO - [2024-03-26T00:58:59.081+0000] {dag.py:3834} INFO - Setting next_dagrun for example_setup_teardown to 2024-03-25 00:00:00+00:00, run_after=2024-03-26 00:00:00+00:00
[2024-03-26T00:58:59.090+0000] {processor.py:183} INFO - Processing /home/airflow/.local/lib/python3.8/site-packages/airflow/example_dags/example_setup_teardown.py took 0.050 seconds
[2024-03-26T00:59:29.173+0000] {processor.py:161} INFO - Started process (PID=4062) to work on /home/airflow/.local/lib/python3.8/site-packages/airflow/example_dags/example_setup_teardown.py
[2024-03-26T00:59:29.174+0000] {processor.py:830} INFO - Processing file /home/airflow/.local/lib/python3.8/site-packages/airflow/example_dags/example_setup_teardown.py for tasks to queue
[2024-03-26T00:59:29.175+0000] {logging_mixin.py:188} INFO - [2024-03-26T00:59:29.175+0000] {dagbag.py:540} INFO - Filling up the DagBag from /home/airflow/.local/lib/python3.8/site-packages/airflow/example_dags/example_setup_teardown.py
[2024-03-26T00:59:29.179+0000] {processor.py:840} INFO - DAG(s) 'example_setup_teardown' retrieved from /home/airflow/.local/lib/python3.8/site-packages/airflow/example_dags/example_setup_teardown.py
[2024-03-26T00:59:29.191+0000] {logging_mixin.py:188} INFO - [2024-03-26T00:59:29.191+0000] {dag.py:3047} INFO - Sync 1 DAGs
[2024-03-26T00:59:29.200+0000] {logging_mixin.py:188} INFO - [2024-03-26T00:59:29.200+0000] {dag.py:3834} INFO - Setting next_dagrun for example_setup_teardown to 2024-03-25 00:00:00+00:00, run_after=2024-03-26 00:00:00+00:00
[2024-03-26T00:59:29.208+0000] {processor.py:183} INFO - Processing /home/airflow/.local/lib/python3.8/site-packages/airflow/example_dags/example_setup_teardown.py took 0.037 seconds
[2024-03-26T00:59:59.920+0000] {processor.py:161} INFO - Started process (PID=4117) to work on /home/airflow/.local/lib/python3.8/site-packages/airflow/example_dags/example_setup_teardown.py
[2024-03-26T00:59:59.920+0000] {processor.py:830} INFO - Processing file /home/airflow/.local/lib/python3.8/site-packages/airflow/example_dags/example_setup_teardown.py for tasks to queue
[2024-03-26T00:59:59.921+0000] {logging_mixin.py:188} INFO - [2024-03-26T00:59:59.921+0000] {dagbag.py:540} INFO - Filling up the DagBag from /home/airflow/.local/lib/python3.8/site-packages/airflow/example_dags/example_setup_teardown.py
[2024-03-26T00:59:59.925+0000] {processor.py:840} INFO - DAG(s) 'example_setup_teardown' retrieved from /home/airflow/.local/lib/python3.8/site-packages/airflow/example_dags/example_setup_teardown.py
[2024-03-26T00:59:59.938+0000] {logging_mixin.py:188} INFO - [2024-03-26T00:59:59.937+0000] {dag.py:3047} INFO - Sync 1 DAGs
[2024-03-26T00:59:59.947+0000] {logging_mixin.py:188} INFO - [2024-03-26T00:59:59.947+0000] {dag.py:3834} INFO - Setting next_dagrun for example_setup_teardown to 2024-03-25 00:00:00+00:00, run_after=2024-03-26 00:00:00+00:00
[2024-03-26T00:59:59.954+0000] {processor.py:183} INFO - Processing /home/airflow/.local/lib/python3.8/site-packages/airflow/example_dags/example_setup_teardown.py took 0.036 seconds
[2024-03-26T01:00:30.533+0000] {processor.py:161} INFO - Started process (PID=4172) to work on /home/airflow/.local/lib/python3.8/site-packages/airflow/example_dags/example_setup_teardown.py
[2024-03-26T01:00:30.534+0000] {processor.py:830} INFO - Processing file /home/airflow/.local/lib/python3.8/site-packages/airflow/example_dags/example_setup_teardown.py for tasks to queue
[2024-03-26T01:00:30.535+0000] {logging_mixin.py:188} INFO - [2024-03-26T01:00:30.534+0000] {dagbag.py:540} INFO - Filling up the DagBag from /home/airflow/.local/lib/python3.8/site-packages/airflow/example_dags/example_setup_teardown.py
[2024-03-26T01:00:30.539+0000] {processor.py:840} INFO - DAG(s) 'example_setup_teardown' retrieved from /home/airflow/.local/lib/python3.8/site-packages/airflow/example_dags/example_setup_teardown.py
[2024-03-26T01:00:30.552+0000] {logging_mixin.py:188} INFO - [2024-03-26T01:00:30.552+0000] {dag.py:3047} INFO - Sync 1 DAGs
[2024-03-26T01:00:30.563+0000] {logging_mixin.py:188} INFO - [2024-03-26T01:00:30.562+0000] {dag.py:3834} INFO - Setting next_dagrun for example_setup_teardown to 2024-03-25 00:00:00+00:00, run_after=2024-03-26 00:00:00+00:00
[2024-03-26T01:00:30.570+0000] {processor.py:183} INFO - Processing /home/airflow/.local/lib/python3.8/site-packages/airflow/example_dags/example_setup_teardown.py took 0.039 seconds
[2024-03-26T01:01:01.054+0000] {processor.py:161} INFO - Started process (PID=4227) to work on /home/airflow/.local/lib/python3.8/site-packages/airflow/example_dags/example_setup_teardown.py
[2024-03-26T01:01:01.055+0000] {processor.py:830} INFO - Processing file /home/airflow/.local/lib/python3.8/site-packages/airflow/example_dags/example_setup_teardown.py for tasks to queue
[2024-03-26T01:01:01.056+0000] {logging_mixin.py:188} INFO - [2024-03-26T01:01:01.055+0000] {dagbag.py:540} INFO - Filling up the DagBag from /home/airflow/.local/lib/python3.8/site-packages/airflow/example_dags/example_setup_teardown.py
[2024-03-26T01:01:01.059+0000] {processor.py:840} INFO - DAG(s) 'example_setup_teardown' retrieved from /home/airflow/.local/lib/python3.8/site-packages/airflow/example_dags/example_setup_teardown.py
[2024-03-26T01:01:01.072+0000] {logging_mixin.py:188} INFO - [2024-03-26T01:01:01.071+0000] {dag.py:3047} INFO - Sync 1 DAGs
[2024-03-26T01:01:01.082+0000] {logging_mixin.py:188} INFO - [2024-03-26T01:01:01.081+0000] {dag.py:3834} INFO - Setting next_dagrun for example_setup_teardown to 2024-03-25 00:00:00+00:00, run_after=2024-03-26 00:00:00+00:00
[2024-03-26T01:01:01.089+0000] {processor.py:183} INFO - Processing /home/airflow/.local/lib/python3.8/site-packages/airflow/example_dags/example_setup_teardown.py took 0.037 seconds
[2024-03-26T01:01:31.674+0000] {processor.py:161} INFO - Started process (PID=4283) to work on /home/airflow/.local/lib/python3.8/site-packages/airflow/example_dags/example_setup_teardown.py
[2024-03-26T01:01:31.674+0000] {processor.py:830} INFO - Processing file /home/airflow/.local/lib/python3.8/site-packages/airflow/example_dags/example_setup_teardown.py for tasks to queue
[2024-03-26T01:01:31.675+0000] {logging_mixin.py:188} INFO - [2024-03-26T01:01:31.675+0000] {dagbag.py:540} INFO - Filling up the DagBag from /home/airflow/.local/lib/python3.8/site-packages/airflow/example_dags/example_setup_teardown.py
[2024-03-26T01:01:31.679+0000] {processor.py:840} INFO - DAG(s) 'example_setup_teardown' retrieved from /home/airflow/.local/lib/python3.8/site-packages/airflow/example_dags/example_setup_teardown.py
[2024-03-26T01:01:31.692+0000] {logging_mixin.py:188} INFO - [2024-03-26T01:01:31.691+0000] {dag.py:3047} INFO - Sync 1 DAGs
[2024-03-26T01:01:31.701+0000] {logging_mixin.py:188} INFO - [2024-03-26T01:01:31.701+0000] {dag.py:3834} INFO - Setting next_dagrun for example_setup_teardown to 2024-03-25 00:00:00+00:00, run_after=2024-03-26 00:00:00+00:00
[2024-03-26T01:01:31.708+0000] {processor.py:183} INFO - Processing /home/airflow/.local/lib/python3.8/site-packages/airflow/example_dags/example_setup_teardown.py took 0.036 seconds
[2024-03-26T01:02:02.417+0000] {processor.py:161} INFO - Started process (PID=4338) to work on /home/airflow/.local/lib/python3.8/site-packages/airflow/example_dags/example_setup_teardown.py
[2024-03-26T01:02:02.418+0000] {processor.py:830} INFO - Processing file /home/airflow/.local/lib/python3.8/site-packages/airflow/example_dags/example_setup_teardown.py for tasks to queue
[2024-03-26T01:02:02.419+0000] {logging_mixin.py:188} INFO - [2024-03-26T01:02:02.419+0000] {dagbag.py:540} INFO - Filling up the DagBag from /home/airflow/.local/lib/python3.8/site-packages/airflow/example_dags/example_setup_teardown.py
[2024-03-26T01:02:02.423+0000] {processor.py:840} INFO - DAG(s) 'example_setup_teardown' retrieved from /home/airflow/.local/lib/python3.8/site-packages/airflow/example_dags/example_setup_teardown.py
[2024-03-26T01:02:02.436+0000] {logging_mixin.py:188} INFO - [2024-03-26T01:02:02.435+0000] {dag.py:3047} INFO - Sync 1 DAGs
[2024-03-26T01:02:02.445+0000] {logging_mixin.py:188} INFO - [2024-03-26T01:02:02.445+0000] {dag.py:3834} INFO - Setting next_dagrun for example_setup_teardown to 2024-03-25 00:00:00+00:00, run_after=2024-03-26 00:00:00+00:00
[2024-03-26T01:02:02.453+0000] {processor.py:183} INFO - Processing /home/airflow/.local/lib/python3.8/site-packages/airflow/example_dags/example_setup_teardown.py took 0.038 seconds
[2024-03-26T01:02:33.146+0000] {processor.py:161} INFO - Started process (PID=4392) to work on /home/airflow/.local/lib/python3.8/site-packages/airflow/example_dags/example_setup_teardown.py
[2024-03-26T01:02:33.147+0000] {processor.py:830} INFO - Processing file /home/airflow/.local/lib/python3.8/site-packages/airflow/example_dags/example_setup_teardown.py for tasks to queue
[2024-03-26T01:02:33.148+0000] {logging_mixin.py:188} INFO - [2024-03-26T01:02:33.147+0000] {dagbag.py:540} INFO - Filling up the DagBag from /home/airflow/.local/lib/python3.8/site-packages/airflow/example_dags/example_setup_teardown.py
[2024-03-26T01:02:33.151+0000] {processor.py:840} INFO - DAG(s) 'example_setup_teardown' retrieved from /home/airflow/.local/lib/python3.8/site-packages/airflow/example_dags/example_setup_teardown.py
[2024-03-26T01:02:33.163+0000] {logging_mixin.py:188} INFO - [2024-03-26T01:02:33.163+0000] {dag.py:3047} INFO - Sync 1 DAGs
[2024-03-26T01:02:33.173+0000] {logging_mixin.py:188} INFO - [2024-03-26T01:02:33.173+0000] {dag.py:3834} INFO - Setting next_dagrun for example_setup_teardown to 2024-03-25 00:00:00+00:00, run_after=2024-03-26 00:00:00+00:00
[2024-03-26T01:02:33.181+0000] {processor.py:183} INFO - Processing /home/airflow/.local/lib/python3.8/site-packages/airflow/example_dags/example_setup_teardown.py took 0.037 seconds
[2024-03-26T01:03:03.864+0000] {processor.py:161} INFO - Started process (PID=4446) to work on /home/airflow/.local/lib/python3.8/site-packages/airflow/example_dags/example_setup_teardown.py
[2024-03-26T01:03:03.865+0000] {processor.py:830} INFO - Processing file /home/airflow/.local/lib/python3.8/site-packages/airflow/example_dags/example_setup_teardown.py for tasks to queue
[2024-03-26T01:03:03.866+0000] {logging_mixin.py:188} INFO - [2024-03-26T01:03:03.866+0000] {dagbag.py:540} INFO - Filling up the DagBag from /home/airflow/.local/lib/python3.8/site-packages/airflow/example_dags/example_setup_teardown.py
[2024-03-26T01:03:03.870+0000] {processor.py:840} INFO - DAG(s) 'example_setup_teardown' retrieved from /home/airflow/.local/lib/python3.8/site-packages/airflow/example_dags/example_setup_teardown.py
[2024-03-26T01:03:03.884+0000] {logging_mixin.py:188} INFO - [2024-03-26T01:03:03.884+0000] {dag.py:3047} INFO - Sync 1 DAGs
[2024-03-26T01:03:03.894+0000] {logging_mixin.py:188} INFO - [2024-03-26T01:03:03.894+0000] {dag.py:3834} INFO - Setting next_dagrun for example_setup_teardown to 2024-03-25 00:00:00+00:00, run_after=2024-03-26 00:00:00+00:00
[2024-03-26T01:03:03.902+0000] {processor.py:183} INFO - Processing /home/airflow/.local/lib/python3.8/site-packages/airflow/example_dags/example_setup_teardown.py took 0.040 seconds
[2024-03-26T01:06:28.355+0000] {processor.py:161} INFO - Started process (PID=4501) to work on /home/airflow/.local/lib/python3.8/site-packages/airflow/example_dags/example_setup_teardown.py
[2024-03-26T01:06:28.356+0000] {processor.py:830} INFO - Processing file /home/airflow/.local/lib/python3.8/site-packages/airflow/example_dags/example_setup_teardown.py for tasks to queue
[2024-03-26T01:06:28.357+0000] {logging_mixin.py:188} INFO - [2024-03-26T01:06:28.357+0000] {dagbag.py:540} INFO - Filling up the DagBag from /home/airflow/.local/lib/python3.8/site-packages/airflow/example_dags/example_setup_teardown.py
[2024-03-26T01:06:28.361+0000] {processor.py:840} INFO - DAG(s) 'example_setup_teardown' retrieved from /home/airflow/.local/lib/python3.8/site-packages/airflow/example_dags/example_setup_teardown.py
[2024-03-26T01:06:28.374+0000] {logging_mixin.py:188} INFO - [2024-03-26T01:06:28.374+0000] {dag.py:3047} INFO - Sync 1 DAGs
[2024-03-26T01:06:28.385+0000] {logging_mixin.py:188} INFO - [2024-03-26T01:06:28.384+0000] {dag.py:3834} INFO - Setting next_dagrun for example_setup_teardown to 2024-03-25 00:00:00+00:00, run_after=2024-03-26 00:00:00+00:00
[2024-03-26T01:06:28.393+0000] {processor.py:183} INFO - Processing /home/airflow/.local/lib/python3.8/site-packages/airflow/example_dags/example_setup_teardown.py took 0.040 seconds
[2024-03-26T01:40:00.739+0000] {processor.py:161} INFO - Started process (PID=4556) to work on /home/airflow/.local/lib/python3.8/site-packages/airflow/example_dags/example_setup_teardown.py
[2024-03-26T01:40:00.741+0000] {processor.py:830} INFO - Processing file /home/airflow/.local/lib/python3.8/site-packages/airflow/example_dags/example_setup_teardown.py for tasks to queue
[2024-03-26T01:40:00.743+0000] {logging_mixin.py:188} INFO - [2024-03-26T01:40:00.743+0000] {dagbag.py:540} INFO - Filling up the DagBag from /home/airflow/.local/lib/python3.8/site-packages/airflow/example_dags/example_setup_teardown.py
[2024-03-26T01:40:00.753+0000] {processor.py:840} INFO - DAG(s) 'example_setup_teardown' retrieved from /home/airflow/.local/lib/python3.8/site-packages/airflow/example_dags/example_setup_teardown.py
[2024-03-26T01:40:00.773+0000] {logging_mixin.py:188} INFO - [2024-03-26T01:40:00.773+0000] {dag.py:3047} INFO - Sync 1 DAGs
[2024-03-26T01:40:00.794+0000] {logging_mixin.py:188} INFO - [2024-03-26T01:40:00.794+0000] {dag.py:3834} INFO - Setting next_dagrun for example_setup_teardown to 2024-03-25 00:00:00+00:00, run_after=2024-03-26 00:00:00+00:00
[2024-03-26T01:40:00.805+0000] {processor.py:183} INFO - Processing /home/airflow/.local/lib/python3.8/site-packages/airflow/example_dags/example_setup_teardown.py took 0.071 seconds
[2024-03-26T01:54:00.051+0000] {processor.py:161} INFO - Started process (PID=4611) to work on /home/airflow/.local/lib/python3.8/site-packages/airflow/example_dags/example_setup_teardown.py
[2024-03-26T01:54:00.052+0000] {processor.py:830} INFO - Processing file /home/airflow/.local/lib/python3.8/site-packages/airflow/example_dags/example_setup_teardown.py for tasks to queue
[2024-03-26T01:54:00.053+0000] {logging_mixin.py:188} INFO - [2024-03-26T01:54:00.052+0000] {dagbag.py:540} INFO - Filling up the DagBag from /home/airflow/.local/lib/python3.8/site-packages/airflow/example_dags/example_setup_teardown.py
[2024-03-26T01:54:00.057+0000] {processor.py:840} INFO - DAG(s) 'example_setup_teardown' retrieved from /home/airflow/.local/lib/python3.8/site-packages/airflow/example_dags/example_setup_teardown.py
[2024-03-26T01:54:00.069+0000] {logging_mixin.py:188} INFO - [2024-03-26T01:54:00.068+0000] {dag.py:3047} INFO - Sync 1 DAGs
[2024-03-26T01:54:00.079+0000] {logging_mixin.py:188} INFO - [2024-03-26T01:54:00.079+0000] {dag.py:3834} INFO - Setting next_dagrun for example_setup_teardown to 2024-03-25 00:00:00+00:00, run_after=2024-03-26 00:00:00+00:00
[2024-03-26T01:54:00.086+0000] {processor.py:183} INFO - Processing /home/airflow/.local/lib/python3.8/site-packages/airflow/example_dags/example_setup_teardown.py took 0.037 seconds
[2024-03-26T01:54:30.887+0000] {processor.py:161} INFO - Started process (PID=4666) to work on /home/airflow/.local/lib/python3.8/site-packages/airflow/example_dags/example_setup_teardown.py
[2024-03-26T01:54:30.888+0000] {processor.py:830} INFO - Processing file /home/airflow/.local/lib/python3.8/site-packages/airflow/example_dags/example_setup_teardown.py for tasks to queue
[2024-03-26T01:54:30.892+0000] {logging_mixin.py:188} INFO - [2024-03-26T01:54:30.891+0000] {dagbag.py:540} INFO - Filling up the DagBag from /home/airflow/.local/lib/python3.8/site-packages/airflow/example_dags/example_setup_teardown.py
[2024-03-26T01:54:30.897+0000] {processor.py:840} INFO - DAG(s) 'example_setup_teardown' retrieved from /home/airflow/.local/lib/python3.8/site-packages/airflow/example_dags/example_setup_teardown.py
[2024-03-26T01:54:30.914+0000] {logging_mixin.py:188} INFO - [2024-03-26T01:54:30.914+0000] {dag.py:3047} INFO - Sync 1 DAGs
[2024-03-26T01:54:30.927+0000] {logging_mixin.py:188} INFO - [2024-03-26T01:54:30.927+0000] {dag.py:3834} INFO - Setting next_dagrun for example_setup_teardown to 2024-03-25 00:00:00+00:00, run_after=2024-03-26 00:00:00+00:00
[2024-03-26T01:54:30.936+0000] {processor.py:183} INFO - Processing /home/airflow/.local/lib/python3.8/site-packages/airflow/example_dags/example_setup_teardown.py took 0.053 seconds
[2024-03-26T01:55:01.639+0000] {processor.py:161} INFO - Started process (PID=4721) to work on /home/airflow/.local/lib/python3.8/site-packages/airflow/example_dags/example_setup_teardown.py
[2024-03-26T01:55:01.639+0000] {processor.py:830} INFO - Processing file /home/airflow/.local/lib/python3.8/site-packages/airflow/example_dags/example_setup_teardown.py for tasks to queue
[2024-03-26T01:55:01.640+0000] {logging_mixin.py:188} INFO - [2024-03-26T01:55:01.640+0000] {dagbag.py:540} INFO - Filling up the DagBag from /home/airflow/.local/lib/python3.8/site-packages/airflow/example_dags/example_setup_teardown.py
[2024-03-26T01:55:01.644+0000] {processor.py:840} INFO - DAG(s) 'example_setup_teardown' retrieved from /home/airflow/.local/lib/python3.8/site-packages/airflow/example_dags/example_setup_teardown.py
[2024-03-26T01:55:01.657+0000] {logging_mixin.py:188} INFO - [2024-03-26T01:55:01.656+0000] {dag.py:3047} INFO - Sync 1 DAGs
[2024-03-26T01:55:01.666+0000] {logging_mixin.py:188} INFO - [2024-03-26T01:55:01.666+0000] {dag.py:3834} INFO - Setting next_dagrun for example_setup_teardown to 2024-03-25 00:00:00+00:00, run_after=2024-03-26 00:00:00+00:00
[2024-03-26T01:55:01.673+0000] {processor.py:183} INFO - Processing /home/airflow/.local/lib/python3.8/site-packages/airflow/example_dags/example_setup_teardown.py took 0.036 seconds
[2024-03-26T01:55:32.293+0000] {processor.py:161} INFO - Started process (PID=4776) to work on /home/airflow/.local/lib/python3.8/site-packages/airflow/example_dags/example_setup_teardown.py
[2024-03-26T01:55:32.293+0000] {processor.py:830} INFO - Processing file /home/airflow/.local/lib/python3.8/site-packages/airflow/example_dags/example_setup_teardown.py for tasks to queue
[2024-03-26T01:55:32.295+0000] {logging_mixin.py:188} INFO - [2024-03-26T01:55:32.294+0000] {dagbag.py:540} INFO - Filling up the DagBag from /home/airflow/.local/lib/python3.8/site-packages/airflow/example_dags/example_setup_teardown.py
[2024-03-26T01:55:32.298+0000] {processor.py:840} INFO - DAG(s) 'example_setup_teardown' retrieved from /home/airflow/.local/lib/python3.8/site-packages/airflow/example_dags/example_setup_teardown.py
[2024-03-26T01:55:32.311+0000] {logging_mixin.py:188} INFO - [2024-03-26T01:55:32.311+0000] {dag.py:3047} INFO - Sync 1 DAGs
[2024-03-26T01:55:32.321+0000] {logging_mixin.py:188} INFO - [2024-03-26T01:55:32.321+0000] {dag.py:3834} INFO - Setting next_dagrun for example_setup_teardown to 2024-03-25 00:00:00+00:00, run_after=2024-03-26 00:00:00+00:00
[2024-03-26T01:55:32.328+0000] {processor.py:183} INFO - Processing /home/airflow/.local/lib/python3.8/site-packages/airflow/example_dags/example_setup_teardown.py took 0.037 seconds
[2024-03-26T01:56:03.042+0000] {processor.py:161} INFO - Started process (PID=4831) to work on /home/airflow/.local/lib/python3.8/site-packages/airflow/example_dags/example_setup_teardown.py
[2024-03-26T01:56:03.043+0000] {processor.py:830} INFO - Processing file /home/airflow/.local/lib/python3.8/site-packages/airflow/example_dags/example_setup_teardown.py for tasks to queue
[2024-03-26T01:56:03.044+0000] {logging_mixin.py:188} INFO - [2024-03-26T01:56:03.044+0000] {dagbag.py:540} INFO - Filling up the DagBag from /home/airflow/.local/lib/python3.8/site-packages/airflow/example_dags/example_setup_teardown.py
[2024-03-26T01:56:03.048+0000] {processor.py:840} INFO - DAG(s) 'example_setup_teardown' retrieved from /home/airflow/.local/lib/python3.8/site-packages/airflow/example_dags/example_setup_teardown.py
[2024-03-26T01:56:03.060+0000] {logging_mixin.py:188} INFO - [2024-03-26T01:56:03.060+0000] {dag.py:3047} INFO - Sync 1 DAGs
[2024-03-26T01:56:03.070+0000] {logging_mixin.py:188} INFO - [2024-03-26T01:56:03.070+0000] {dag.py:3834} INFO - Setting next_dagrun for example_setup_teardown to 2024-03-25 00:00:00+00:00, run_after=2024-03-26 00:00:00+00:00
[2024-03-26T01:56:03.077+0000] {processor.py:183} INFO - Processing /home/airflow/.local/lib/python3.8/site-packages/airflow/example_dags/example_setup_teardown.py took 0.037 seconds
[2024-03-26T01:56:33.734+0000] {processor.py:161} INFO - Started process (PID=4886) to work on /home/airflow/.local/lib/python3.8/site-packages/airflow/example_dags/example_setup_teardown.py
[2024-03-26T01:56:33.734+0000] {processor.py:830} INFO - Processing file /home/airflow/.local/lib/python3.8/site-packages/airflow/example_dags/example_setup_teardown.py for tasks to queue
[2024-03-26T01:56:33.735+0000] {logging_mixin.py:188} INFO - [2024-03-26T01:56:33.735+0000] {dagbag.py:540} INFO - Filling up the DagBag from /home/airflow/.local/lib/python3.8/site-packages/airflow/example_dags/example_setup_teardown.py
[2024-03-26T01:56:33.739+0000] {processor.py:840} INFO - DAG(s) 'example_setup_teardown' retrieved from /home/airflow/.local/lib/python3.8/site-packages/airflow/example_dags/example_setup_teardown.py
[2024-03-26T01:56:33.752+0000] {logging_mixin.py:188} INFO - [2024-03-26T01:56:33.752+0000] {dag.py:3047} INFO - Sync 1 DAGs
[2024-03-26T01:56:33.762+0000] {logging_mixin.py:188} INFO - [2024-03-26T01:56:33.762+0000] {dag.py:3834} INFO - Setting next_dagrun for example_setup_teardown to 2024-03-25 00:00:00+00:00, run_after=2024-03-26 00:00:00+00:00
[2024-03-26T01:56:33.769+0000] {processor.py:183} INFO - Processing /home/airflow/.local/lib/python3.8/site-packages/airflow/example_dags/example_setup_teardown.py took 0.037 seconds
[2024-03-26T01:57:04.427+0000] {processor.py:161} INFO - Started process (PID=4941) to work on /home/airflow/.local/lib/python3.8/site-packages/airflow/example_dags/example_setup_teardown.py
[2024-03-26T01:57:04.427+0000] {processor.py:830} INFO - Processing file /home/airflow/.local/lib/python3.8/site-packages/airflow/example_dags/example_setup_teardown.py for tasks to queue
[2024-03-26T01:57:04.428+0000] {logging_mixin.py:188} INFO - [2024-03-26T01:57:04.428+0000] {dagbag.py:540} INFO - Filling up the DagBag from /home/airflow/.local/lib/python3.8/site-packages/airflow/example_dags/example_setup_teardown.py
[2024-03-26T01:57:04.432+0000] {processor.py:840} INFO - DAG(s) 'example_setup_teardown' retrieved from /home/airflow/.local/lib/python3.8/site-packages/airflow/example_dags/example_setup_teardown.py
[2024-03-26T01:57:04.444+0000] {logging_mixin.py:188} INFO - [2024-03-26T01:57:04.444+0000] {dag.py:3047} INFO - Sync 1 DAGs
[2024-03-26T01:57:04.454+0000] {logging_mixin.py:188} INFO - [2024-03-26T01:57:04.454+0000] {dag.py:3834} INFO - Setting next_dagrun for example_setup_teardown to 2024-03-25 00:00:00+00:00, run_after=2024-03-26 00:00:00+00:00
[2024-03-26T01:57:04.462+0000] {processor.py:183} INFO - Processing /home/airflow/.local/lib/python3.8/site-packages/airflow/example_dags/example_setup_teardown.py took 0.037 seconds
[2024-03-26T01:57:35.062+0000] {processor.py:161} INFO - Started process (PID=4996) to work on /home/airflow/.local/lib/python3.8/site-packages/airflow/example_dags/example_setup_teardown.py
[2024-03-26T01:57:35.063+0000] {processor.py:830} INFO - Processing file /home/airflow/.local/lib/python3.8/site-packages/airflow/example_dags/example_setup_teardown.py for tasks to queue
[2024-03-26T01:57:35.064+0000] {logging_mixin.py:188} INFO - [2024-03-26T01:57:35.064+0000] {dagbag.py:540} INFO - Filling up the DagBag from /home/airflow/.local/lib/python3.8/site-packages/airflow/example_dags/example_setup_teardown.py
[2024-03-26T01:57:35.069+0000] {processor.py:840} INFO - DAG(s) 'example_setup_teardown' retrieved from /home/airflow/.local/lib/python3.8/site-packages/airflow/example_dags/example_setup_teardown.py
[2024-03-26T01:57:35.085+0000] {logging_mixin.py:188} INFO - [2024-03-26T01:57:35.084+0000] {dag.py:3047} INFO - Sync 1 DAGs
[2024-03-26T01:57:35.095+0000] {logging_mixin.py:188} INFO - [2024-03-26T01:57:35.095+0000] {dag.py:3834} INFO - Setting next_dagrun for example_setup_teardown to 2024-03-25 00:00:00+00:00, run_after=2024-03-26 00:00:00+00:00
[2024-03-26T01:57:35.103+0000] {processor.py:183} INFO - Processing /home/airflow/.local/lib/python3.8/site-packages/airflow/example_dags/example_setup_teardown.py took 0.043 seconds
[2024-03-26T01:58:05.758+0000] {processor.py:161} INFO - Started process (PID=5051) to work on /home/airflow/.local/lib/python3.8/site-packages/airflow/example_dags/example_setup_teardown.py
[2024-03-26T01:58:05.759+0000] {processor.py:830} INFO - Processing file /home/airflow/.local/lib/python3.8/site-packages/airflow/example_dags/example_setup_teardown.py for tasks to queue
[2024-03-26T01:58:05.760+0000] {logging_mixin.py:188} INFO - [2024-03-26T01:58:05.760+0000] {dagbag.py:540} INFO - Filling up the DagBag from /home/airflow/.local/lib/python3.8/site-packages/airflow/example_dags/example_setup_teardown.py
[2024-03-26T01:58:05.765+0000] {processor.py:840} INFO - DAG(s) 'example_setup_teardown' retrieved from /home/airflow/.local/lib/python3.8/site-packages/airflow/example_dags/example_setup_teardown.py
[2024-03-26T01:58:05.777+0000] {logging_mixin.py:188} INFO - [2024-03-26T01:58:05.777+0000] {dag.py:3047} INFO - Sync 1 DAGs
[2024-03-26T01:58:05.789+0000] {logging_mixin.py:188} INFO - [2024-03-26T01:58:05.789+0000] {dag.py:3834} INFO - Setting next_dagrun for example_setup_teardown to 2024-03-25 00:00:00+00:00, run_after=2024-03-26 00:00:00+00:00
[2024-03-26T01:58:05.797+0000] {processor.py:183} INFO - Processing /home/airflow/.local/lib/python3.8/site-packages/airflow/example_dags/example_setup_teardown.py took 0.041 seconds
[2024-03-26T01:58:36.436+0000] {processor.py:161} INFO - Started process (PID=5112) to work on /home/airflow/.local/lib/python3.8/site-packages/airflow/example_dags/example_setup_teardown.py
[2024-03-26T01:58:36.436+0000] {processor.py:830} INFO - Processing file /home/airflow/.local/lib/python3.8/site-packages/airflow/example_dags/example_setup_teardown.py for tasks to queue
[2024-03-26T01:58:36.438+0000] {logging_mixin.py:188} INFO - [2024-03-26T01:58:36.438+0000] {dagbag.py:540} INFO - Filling up the DagBag from /home/airflow/.local/lib/python3.8/site-packages/airflow/example_dags/example_setup_teardown.py
[2024-03-26T01:58:36.442+0000] {processor.py:840} INFO - DAG(s) 'example_setup_teardown' retrieved from /home/airflow/.local/lib/python3.8/site-packages/airflow/example_dags/example_setup_teardown.py
[2024-03-26T01:58:36.454+0000] {logging_mixin.py:188} INFO - [2024-03-26T01:58:36.454+0000] {dag.py:3047} INFO - Sync 1 DAGs
[2024-03-26T01:58:36.464+0000] {logging_mixin.py:188} INFO - [2024-03-26T01:58:36.464+0000] {dag.py:3834} INFO - Setting next_dagrun for example_setup_teardown to 2024-03-25 00:00:00+00:00, run_after=2024-03-26 00:00:00+00:00
[2024-03-26T01:58:36.472+0000] {processor.py:183} INFO - Processing /home/airflow/.local/lib/python3.8/site-packages/airflow/example_dags/example_setup_teardown.py took 0.038 seconds
[2024-03-26T01:59:07.257+0000] {processor.py:161} INFO - Started process (PID=5167) to work on /home/airflow/.local/lib/python3.8/site-packages/airflow/example_dags/example_setup_teardown.py
[2024-03-26T01:59:07.257+0000] {processor.py:830} INFO - Processing file /home/airflow/.local/lib/python3.8/site-packages/airflow/example_dags/example_setup_teardown.py for tasks to queue
[2024-03-26T01:59:07.258+0000] {logging_mixin.py:188} INFO - [2024-03-26T01:59:07.258+0000] {dagbag.py:540} INFO - Filling up the DagBag from /home/airflow/.local/lib/python3.8/site-packages/airflow/example_dags/example_setup_teardown.py
[2024-03-26T01:59:07.262+0000] {processor.py:840} INFO - DAG(s) 'example_setup_teardown' retrieved from /home/airflow/.local/lib/python3.8/site-packages/airflow/example_dags/example_setup_teardown.py
[2024-03-26T01:59:07.275+0000] {logging_mixin.py:188} INFO - [2024-03-26T01:59:07.275+0000] {dag.py:3047} INFO - Sync 1 DAGs
[2024-03-26T01:59:07.284+0000] {logging_mixin.py:188} INFO - [2024-03-26T01:59:07.284+0000] {dag.py:3834} INFO - Setting next_dagrun for example_setup_teardown to 2024-03-25 00:00:00+00:00, run_after=2024-03-26 00:00:00+00:00
[2024-03-26T01:59:07.293+0000] {processor.py:183} INFO - Processing /home/airflow/.local/lib/python3.8/site-packages/airflow/example_dags/example_setup_teardown.py took 0.038 seconds
[2024-03-26T01:59:38.057+0000] {processor.py:161} INFO - Started process (PID=5222) to work on /home/airflow/.local/lib/python3.8/site-packages/airflow/example_dags/example_setup_teardown.py
[2024-03-26T01:59:38.057+0000] {processor.py:830} INFO - Processing file /home/airflow/.local/lib/python3.8/site-packages/airflow/example_dags/example_setup_teardown.py for tasks to queue
[2024-03-26T01:59:38.059+0000] {logging_mixin.py:188} INFO - [2024-03-26T01:59:38.058+0000] {dagbag.py:540} INFO - Filling up the DagBag from /home/airflow/.local/lib/python3.8/site-packages/airflow/example_dags/example_setup_teardown.py
[2024-03-26T01:59:38.063+0000] {processor.py:840} INFO - DAG(s) 'example_setup_teardown' retrieved from /home/airflow/.local/lib/python3.8/site-packages/airflow/example_dags/example_setup_teardown.py
[2024-03-26T01:59:38.075+0000] {logging_mixin.py:188} INFO - [2024-03-26T01:59:38.075+0000] {dag.py:3047} INFO - Sync 1 DAGs
[2024-03-26T01:59:38.085+0000] {logging_mixin.py:188} INFO - [2024-03-26T01:59:38.085+0000] {dag.py:3834} INFO - Setting next_dagrun for example_setup_teardown to 2024-03-25 00:00:00+00:00, run_after=2024-03-26 00:00:00+00:00
[2024-03-26T01:59:38.095+0000] {processor.py:183} INFO - Processing /home/airflow/.local/lib/python3.8/site-packages/airflow/example_dags/example_setup_teardown.py took 0.040 seconds
[2024-03-26T02:00:08.947+0000] {processor.py:161} INFO - Started process (PID=5277) to work on /home/airflow/.local/lib/python3.8/site-packages/airflow/example_dags/example_setup_teardown.py
[2024-03-26T02:00:08.948+0000] {processor.py:830} INFO - Processing file /home/airflow/.local/lib/python3.8/site-packages/airflow/example_dags/example_setup_teardown.py for tasks to queue
[2024-03-26T02:00:08.949+0000] {logging_mixin.py:188} INFO - [2024-03-26T02:00:08.948+0000] {dagbag.py:540} INFO - Filling up the DagBag from /home/airflow/.local/lib/python3.8/site-packages/airflow/example_dags/example_setup_teardown.py
[2024-03-26T02:00:08.952+0000] {processor.py:840} INFO - DAG(s) 'example_setup_teardown' retrieved from /home/airflow/.local/lib/python3.8/site-packages/airflow/example_dags/example_setup_teardown.py
[2024-03-26T02:00:08.965+0000] {logging_mixin.py:188} INFO - [2024-03-26T02:00:08.965+0000] {dag.py:3047} INFO - Sync 1 DAGs
[2024-03-26T02:00:08.976+0000] {logging_mixin.py:188} INFO - [2024-03-26T02:00:08.976+0000] {dag.py:3834} INFO - Setting next_dagrun for example_setup_teardown to 2024-03-25 00:00:00+00:00, run_after=2024-03-26 00:00:00+00:00
[2024-03-26T02:00:08.983+0000] {processor.py:183} INFO - Processing /home/airflow/.local/lib/python3.8/site-packages/airflow/example_dags/example_setup_teardown.py took 0.038 seconds
[2024-03-26T02:00:39.557+0000] {processor.py:161} INFO - Started process (PID=5332) to work on /home/airflow/.local/lib/python3.8/site-packages/airflow/example_dags/example_setup_teardown.py
[2024-03-26T02:00:39.557+0000] {processor.py:830} INFO - Processing file /home/airflow/.local/lib/python3.8/site-packages/airflow/example_dags/example_setup_teardown.py for tasks to queue
[2024-03-26T02:00:39.558+0000] {logging_mixin.py:188} INFO - [2024-03-26T02:00:39.558+0000] {dagbag.py:540} INFO - Filling up the DagBag from /home/airflow/.local/lib/python3.8/site-packages/airflow/example_dags/example_setup_teardown.py
[2024-03-26T02:00:39.562+0000] {processor.py:840} INFO - DAG(s) 'example_setup_teardown' retrieved from /home/airflow/.local/lib/python3.8/site-packages/airflow/example_dags/example_setup_teardown.py
[2024-03-26T02:00:39.574+0000] {logging_mixin.py:188} INFO - [2024-03-26T02:00:39.574+0000] {dag.py:3047} INFO - Sync 1 DAGs
[2024-03-26T02:00:39.584+0000] {logging_mixin.py:188} INFO - [2024-03-26T02:00:39.584+0000] {dag.py:3834} INFO - Setting next_dagrun for example_setup_teardown to 2024-03-25 00:00:00+00:00, run_after=2024-03-26 00:00:00+00:00
[2024-03-26T02:00:39.591+0000] {processor.py:183} INFO - Processing /home/airflow/.local/lib/python3.8/site-packages/airflow/example_dags/example_setup_teardown.py took 0.036 seconds
[2024-03-26T02:01:10.332+0000] {processor.py:161} INFO - Started process (PID=5387) to work on /home/airflow/.local/lib/python3.8/site-packages/airflow/example_dags/example_setup_teardown.py
[2024-03-26T02:01:10.333+0000] {processor.py:830} INFO - Processing file /home/airflow/.local/lib/python3.8/site-packages/airflow/example_dags/example_setup_teardown.py for tasks to queue
[2024-03-26T02:01:10.334+0000] {logging_mixin.py:188} INFO - [2024-03-26T02:01:10.334+0000] {dagbag.py:540} INFO - Filling up the DagBag from /home/airflow/.local/lib/python3.8/site-packages/airflow/example_dags/example_setup_teardown.py
[2024-03-26T02:01:10.338+0000] {processor.py:840} INFO - DAG(s) 'example_setup_teardown' retrieved from /home/airflow/.local/lib/python3.8/site-packages/airflow/example_dags/example_setup_teardown.py
[2024-03-26T02:01:10.350+0000] {logging_mixin.py:188} INFO - [2024-03-26T02:01:10.350+0000] {dag.py:3047} INFO - Sync 1 DAGs
[2024-03-26T02:01:10.359+0000] {logging_mixin.py:188} INFO - [2024-03-26T02:01:10.359+0000] {dag.py:3834} INFO - Setting next_dagrun for example_setup_teardown to 2024-03-25 00:00:00+00:00, run_after=2024-03-26 00:00:00+00:00
[2024-03-26T02:01:10.366+0000] {processor.py:183} INFO - Processing /home/airflow/.local/lib/python3.8/site-packages/airflow/example_dags/example_setup_teardown.py took 0.036 seconds
[2024-03-26T02:01:40.889+0000] {processor.py:161} INFO - Started process (PID=5442) to work on /home/airflow/.local/lib/python3.8/site-packages/airflow/example_dags/example_setup_teardown.py
[2024-03-26T02:01:40.889+0000] {processor.py:830} INFO - Processing file /home/airflow/.local/lib/python3.8/site-packages/airflow/example_dags/example_setup_teardown.py for tasks to queue
[2024-03-26T02:01:40.890+0000] {logging_mixin.py:188} INFO - [2024-03-26T02:01:40.890+0000] {dagbag.py:540} INFO - Filling up the DagBag from /home/airflow/.local/lib/python3.8/site-packages/airflow/example_dags/example_setup_teardown.py
[2024-03-26T02:01:40.894+0000] {processor.py:840} INFO - DAG(s) 'example_setup_teardown' retrieved from /home/airflow/.local/lib/python3.8/site-packages/airflow/example_dags/example_setup_teardown.py
[2024-03-26T02:01:40.907+0000] {logging_mixin.py:188} INFO - [2024-03-26T02:01:40.907+0000] {dag.py:3047} INFO - Sync 1 DAGs
[2024-03-26T02:01:40.917+0000] {logging_mixin.py:188} INFO - [2024-03-26T02:01:40.917+0000] {dag.py:3834} INFO - Setting next_dagrun for example_setup_teardown to 2024-03-25 00:00:00+00:00, run_after=2024-03-26 00:00:00+00:00
[2024-03-26T02:01:40.924+0000] {processor.py:183} INFO - Processing /home/airflow/.local/lib/python3.8/site-packages/airflow/example_dags/example_setup_teardown.py took 0.037 seconds
[2024-03-26T02:02:11.470+0000] {processor.py:161} INFO - Started process (PID=5497) to work on /home/airflow/.local/lib/python3.8/site-packages/airflow/example_dags/example_setup_teardown.py
[2024-03-26T02:02:11.470+0000] {processor.py:830} INFO - Processing file /home/airflow/.local/lib/python3.8/site-packages/airflow/example_dags/example_setup_teardown.py for tasks to queue
[2024-03-26T02:02:11.471+0000] {logging_mixin.py:188} INFO - [2024-03-26T02:02:11.471+0000] {dagbag.py:540} INFO - Filling up the DagBag from /home/airflow/.local/lib/python3.8/site-packages/airflow/example_dags/example_setup_teardown.py
[2024-03-26T02:02:11.475+0000] {processor.py:840} INFO - DAG(s) 'example_setup_teardown' retrieved from /home/airflow/.local/lib/python3.8/site-packages/airflow/example_dags/example_setup_teardown.py
[2024-03-26T02:02:11.488+0000] {logging_mixin.py:188} INFO - [2024-03-26T02:02:11.488+0000] {dag.py:3047} INFO - Sync 1 DAGs
[2024-03-26T02:02:11.498+0000] {logging_mixin.py:188} INFO - [2024-03-26T02:02:11.498+0000] {dag.py:3834} INFO - Setting next_dagrun for example_setup_teardown to 2024-03-25 00:00:00+00:00, run_after=2024-03-26 00:00:00+00:00
[2024-03-26T02:02:11.506+0000] {processor.py:183} INFO - Processing /home/airflow/.local/lib/python3.8/site-packages/airflow/example_dags/example_setup_teardown.py took 0.038 seconds
[2024-03-26T02:02:42.227+0000] {processor.py:161} INFO - Started process (PID=5552) to work on /home/airflow/.local/lib/python3.8/site-packages/airflow/example_dags/example_setup_teardown.py
[2024-03-26T02:02:42.227+0000] {processor.py:830} INFO - Processing file /home/airflow/.local/lib/python3.8/site-packages/airflow/example_dags/example_setup_teardown.py for tasks to queue
[2024-03-26T02:02:42.229+0000] {logging_mixin.py:188} INFO - [2024-03-26T02:02:42.228+0000] {dagbag.py:540} INFO - Filling up the DagBag from /home/airflow/.local/lib/python3.8/site-packages/airflow/example_dags/example_setup_teardown.py
[2024-03-26T02:02:42.233+0000] {processor.py:840} INFO - DAG(s) 'example_setup_teardown' retrieved from /home/airflow/.local/lib/python3.8/site-packages/airflow/example_dags/example_setup_teardown.py
[2024-03-26T02:02:42.247+0000] {logging_mixin.py:188} INFO - [2024-03-26T02:02:42.247+0000] {dag.py:3047} INFO - Sync 1 DAGs
[2024-03-26T02:02:42.257+0000] {logging_mixin.py:188} INFO - [2024-03-26T02:02:42.257+0000] {dag.py:3834} INFO - Setting next_dagrun for example_setup_teardown to 2024-03-25 00:00:00+00:00, run_after=2024-03-26 00:00:00+00:00
[2024-03-26T02:02:42.266+0000] {processor.py:183} INFO - Processing /home/airflow/.local/lib/python3.8/site-packages/airflow/example_dags/example_setup_teardown.py took 0.041 seconds
[2024-03-26T02:03:13.044+0000] {processor.py:161} INFO - Started process (PID=5607) to work on /home/airflow/.local/lib/python3.8/site-packages/airflow/example_dags/example_setup_teardown.py
[2024-03-26T02:03:13.044+0000] {processor.py:830} INFO - Processing file /home/airflow/.local/lib/python3.8/site-packages/airflow/example_dags/example_setup_teardown.py for tasks to queue
[2024-03-26T02:03:13.046+0000] {logging_mixin.py:188} INFO - [2024-03-26T02:03:13.045+0000] {dagbag.py:540} INFO - Filling up the DagBag from /home/airflow/.local/lib/python3.8/site-packages/airflow/example_dags/example_setup_teardown.py
[2024-03-26T02:03:13.050+0000] {processor.py:840} INFO - DAG(s) 'example_setup_teardown' retrieved from /home/airflow/.local/lib/python3.8/site-packages/airflow/example_dags/example_setup_teardown.py
[2024-03-26T02:03:13.063+0000] {logging_mixin.py:188} INFO - [2024-03-26T02:03:13.063+0000] {dag.py:3047} INFO - Sync 1 DAGs
[2024-03-26T02:03:13.074+0000] {logging_mixin.py:188} INFO - [2024-03-26T02:03:13.074+0000] {dag.py:3834} INFO - Setting next_dagrun for example_setup_teardown to 2024-03-25 00:00:00+00:00, run_after=2024-03-26 00:00:00+00:00
[2024-03-26T02:03:13.081+0000] {processor.py:183} INFO - Processing /home/airflow/.local/lib/python3.8/site-packages/airflow/example_dags/example_setup_teardown.py took 0.039 seconds
[2024-03-26T02:03:43.882+0000] {processor.py:161} INFO - Started process (PID=5662) to work on /home/airflow/.local/lib/python3.8/site-packages/airflow/example_dags/example_setup_teardown.py
[2024-03-26T02:03:43.883+0000] {processor.py:830} INFO - Processing file /home/airflow/.local/lib/python3.8/site-packages/airflow/example_dags/example_setup_teardown.py for tasks to queue
[2024-03-26T02:03:43.884+0000] {logging_mixin.py:188} INFO - [2024-03-26T02:03:43.883+0000] {dagbag.py:540} INFO - Filling up the DagBag from /home/airflow/.local/lib/python3.8/site-packages/airflow/example_dags/example_setup_teardown.py
[2024-03-26T02:03:43.887+0000] {processor.py:840} INFO - DAG(s) 'example_setup_teardown' retrieved from /home/airflow/.local/lib/python3.8/site-packages/airflow/example_dags/example_setup_teardown.py
[2024-03-26T02:03:43.900+0000] {logging_mixin.py:188} INFO - [2024-03-26T02:03:43.900+0000] {dag.py:3047} INFO - Sync 1 DAGs
[2024-03-26T02:03:43.910+0000] {logging_mixin.py:188} INFO - [2024-03-26T02:03:43.910+0000] {dag.py:3834} INFO - Setting next_dagrun for example_setup_teardown to 2024-03-25 00:00:00+00:00, run_after=2024-03-26 00:00:00+00:00
[2024-03-26T02:03:43.917+0000] {processor.py:183} INFO - Processing /home/airflow/.local/lib/python3.8/site-packages/airflow/example_dags/example_setup_teardown.py took 0.037 seconds
[2024-03-26T02:04:14.553+0000] {processor.py:161} INFO - Started process (PID=5717) to work on /home/airflow/.local/lib/python3.8/site-packages/airflow/example_dags/example_setup_teardown.py
[2024-03-26T02:04:14.555+0000] {processor.py:830} INFO - Processing file /home/airflow/.local/lib/python3.8/site-packages/airflow/example_dags/example_setup_teardown.py for tasks to queue
[2024-03-26T02:04:14.556+0000] {logging_mixin.py:188} INFO - [2024-03-26T02:04:14.556+0000] {dagbag.py:540} INFO - Filling up the DagBag from /home/airflow/.local/lib/python3.8/site-packages/airflow/example_dags/example_setup_teardown.py
[2024-03-26T02:04:14.560+0000] {processor.py:840} INFO - DAG(s) 'example_setup_teardown' retrieved from /home/airflow/.local/lib/python3.8/site-packages/airflow/example_dags/example_setup_teardown.py
[2024-03-26T02:04:14.575+0000] {logging_mixin.py:188} INFO - [2024-03-26T02:04:14.575+0000] {dag.py:3047} INFO - Sync 1 DAGs
[2024-03-26T02:04:14.586+0000] {logging_mixin.py:188} INFO - [2024-03-26T02:04:14.586+0000] {dag.py:3834} INFO - Setting next_dagrun for example_setup_teardown to 2024-03-25 00:00:00+00:00, run_after=2024-03-26 00:00:00+00:00
[2024-03-26T02:04:14.595+0000] {processor.py:183} INFO - Processing /home/airflow/.local/lib/python3.8/site-packages/airflow/example_dags/example_setup_teardown.py took 0.044 seconds
[2024-03-26T02:04:45.261+0000] {processor.py:161} INFO - Started process (PID=5772) to work on /home/airflow/.local/lib/python3.8/site-packages/airflow/example_dags/example_setup_teardown.py
[2024-03-26T02:04:45.262+0000] {processor.py:830} INFO - Processing file /home/airflow/.local/lib/python3.8/site-packages/airflow/example_dags/example_setup_teardown.py for tasks to queue
[2024-03-26T02:04:45.263+0000] {logging_mixin.py:188} INFO - [2024-03-26T02:04:45.263+0000] {dagbag.py:540} INFO - Filling up the DagBag from /home/airflow/.local/lib/python3.8/site-packages/airflow/example_dags/example_setup_teardown.py
[2024-03-26T02:04:45.266+0000] {processor.py:840} INFO - DAG(s) 'example_setup_teardown' retrieved from /home/airflow/.local/lib/python3.8/site-packages/airflow/example_dags/example_setup_teardown.py
[2024-03-26T02:04:45.279+0000] {logging_mixin.py:188} INFO - [2024-03-26T02:04:45.278+0000] {dag.py:3047} INFO - Sync 1 DAGs
[2024-03-26T02:04:45.288+0000] {logging_mixin.py:188} INFO - [2024-03-26T02:04:45.288+0000] {dag.py:3834} INFO - Setting next_dagrun for example_setup_teardown to 2024-03-25 00:00:00+00:00, run_after=2024-03-26 00:00:00+00:00
[2024-03-26T02:04:45.294+0000] {processor.py:183} INFO - Processing /home/airflow/.local/lib/python3.8/site-packages/airflow/example_dags/example_setup_teardown.py took 0.035 seconds
[2024-03-26T02:05:15.973+0000] {processor.py:161} INFO - Started process (PID=5827) to work on /home/airflow/.local/lib/python3.8/site-packages/airflow/example_dags/example_setup_teardown.py
[2024-03-26T02:05:15.974+0000] {processor.py:830} INFO - Processing file /home/airflow/.local/lib/python3.8/site-packages/airflow/example_dags/example_setup_teardown.py for tasks to queue
[2024-03-26T02:05:15.975+0000] {logging_mixin.py:188} INFO - [2024-03-26T02:05:15.975+0000] {dagbag.py:540} INFO - Filling up the DagBag from /home/airflow/.local/lib/python3.8/site-packages/airflow/example_dags/example_setup_teardown.py
[2024-03-26T02:05:15.979+0000] {processor.py:840} INFO - DAG(s) 'example_setup_teardown' retrieved from /home/airflow/.local/lib/python3.8/site-packages/airflow/example_dags/example_setup_teardown.py
[2024-03-26T02:05:15.992+0000] {logging_mixin.py:188} INFO - [2024-03-26T02:05:15.992+0000] {dag.py:3047} INFO - Sync 1 DAGs
[2024-03-26T02:05:16.002+0000] {logging_mixin.py:188} INFO - [2024-03-26T02:05:16.002+0000] {dag.py:3834} INFO - Setting next_dagrun for example_setup_teardown to 2024-03-25 00:00:00+00:00, run_after=2024-03-26 00:00:00+00:00
[2024-03-26T02:05:16.010+0000] {processor.py:183} INFO - Processing /home/airflow/.local/lib/python3.8/site-packages/airflow/example_dags/example_setup_teardown.py took 0.039 seconds
[2024-03-26T02:05:46.599+0000] {processor.py:161} INFO - Started process (PID=5882) to work on /home/airflow/.local/lib/python3.8/site-packages/airflow/example_dags/example_setup_teardown.py
[2024-03-26T02:05:46.599+0000] {processor.py:830} INFO - Processing file /home/airflow/.local/lib/python3.8/site-packages/airflow/example_dags/example_setup_teardown.py for tasks to queue
[2024-03-26T02:05:46.600+0000] {logging_mixin.py:188} INFO - [2024-03-26T02:05:46.600+0000] {dagbag.py:540} INFO - Filling up the DagBag from /home/airflow/.local/lib/python3.8/site-packages/airflow/example_dags/example_setup_teardown.py
[2024-03-26T02:05:46.604+0000] {processor.py:840} INFO - DAG(s) 'example_setup_teardown' retrieved from /home/airflow/.local/lib/python3.8/site-packages/airflow/example_dags/example_setup_teardown.py
[2024-03-26T02:05:46.618+0000] {logging_mixin.py:188} INFO - [2024-03-26T02:05:46.618+0000] {dag.py:3047} INFO - Sync 1 DAGs
[2024-03-26T02:05:46.628+0000] {logging_mixin.py:188} INFO - [2024-03-26T02:05:46.628+0000] {dag.py:3834} INFO - Setting next_dagrun for example_setup_teardown to 2024-03-25 00:00:00+00:00, run_after=2024-03-26 00:00:00+00:00
[2024-03-26T02:05:46.635+0000] {processor.py:183} INFO - Processing /home/airflow/.local/lib/python3.8/site-packages/airflow/example_dags/example_setup_teardown.py took 0.038 seconds
[2024-03-26T02:06:17.335+0000] {processor.py:161} INFO - Started process (PID=5937) to work on /home/airflow/.local/lib/python3.8/site-packages/airflow/example_dags/example_setup_teardown.py
[2024-03-26T02:06:17.336+0000] {processor.py:830} INFO - Processing file /home/airflow/.local/lib/python3.8/site-packages/airflow/example_dags/example_setup_teardown.py for tasks to queue
[2024-03-26T02:06:17.337+0000] {logging_mixin.py:188} INFO - [2024-03-26T02:06:17.337+0000] {dagbag.py:540} INFO - Filling up the DagBag from /home/airflow/.local/lib/python3.8/site-packages/airflow/example_dags/example_setup_teardown.py
[2024-03-26T02:06:17.342+0000] {processor.py:840} INFO - DAG(s) 'example_setup_teardown' retrieved from /home/airflow/.local/lib/python3.8/site-packages/airflow/example_dags/example_setup_teardown.py
[2024-03-26T02:06:17.356+0000] {logging_mixin.py:188} INFO - [2024-03-26T02:06:17.356+0000] {dag.py:3047} INFO - Sync 1 DAGs
[2024-03-26T02:06:17.367+0000] {logging_mixin.py:188} INFO - [2024-03-26T02:06:17.367+0000] {dag.py:3834} INFO - Setting next_dagrun for example_setup_teardown to 2024-03-25 00:00:00+00:00, run_after=2024-03-26 00:00:00+00:00
[2024-03-26T02:06:17.375+0000] {processor.py:183} INFO - Processing /home/airflow/.local/lib/python3.8/site-packages/airflow/example_dags/example_setup_teardown.py took 0.042 seconds
[2024-03-26T02:06:48.046+0000] {processor.py:161} INFO - Started process (PID=5992) to work on /home/airflow/.local/lib/python3.8/site-packages/airflow/example_dags/example_setup_teardown.py
[2024-03-26T02:06:48.047+0000] {processor.py:830} INFO - Processing file /home/airflow/.local/lib/python3.8/site-packages/airflow/example_dags/example_setup_teardown.py for tasks to queue
[2024-03-26T02:06:48.048+0000] {logging_mixin.py:188} INFO - [2024-03-26T02:06:48.047+0000] {dagbag.py:540} INFO - Filling up the DagBag from /home/airflow/.local/lib/python3.8/site-packages/airflow/example_dags/example_setup_teardown.py
[2024-03-26T02:06:48.051+0000] {processor.py:840} INFO - DAG(s) 'example_setup_teardown' retrieved from /home/airflow/.local/lib/python3.8/site-packages/airflow/example_dags/example_setup_teardown.py
[2024-03-26T02:06:48.063+0000] {logging_mixin.py:188} INFO - [2024-03-26T02:06:48.063+0000] {dag.py:3047} INFO - Sync 1 DAGs
[2024-03-26T02:06:48.073+0000] {logging_mixin.py:188} INFO - [2024-03-26T02:06:48.073+0000] {dag.py:3834} INFO - Setting next_dagrun for example_setup_teardown to 2024-03-25 00:00:00+00:00, run_after=2024-03-26 00:00:00+00:00
[2024-03-26T02:06:48.080+0000] {processor.py:183} INFO - Processing /home/airflow/.local/lib/python3.8/site-packages/airflow/example_dags/example_setup_teardown.py took 0.036 seconds
[2024-03-26T02:07:18.714+0000] {processor.py:161} INFO - Started process (PID=6047) to work on /home/airflow/.local/lib/python3.8/site-packages/airflow/example_dags/example_setup_teardown.py
[2024-03-26T02:07:18.715+0000] {processor.py:830} INFO - Processing file /home/airflow/.local/lib/python3.8/site-packages/airflow/example_dags/example_setup_teardown.py for tasks to queue
[2024-03-26T02:07:18.716+0000] {logging_mixin.py:188} INFO - [2024-03-26T02:07:18.716+0000] {dagbag.py:540} INFO - Filling up the DagBag from /home/airflow/.local/lib/python3.8/site-packages/airflow/example_dags/example_setup_teardown.py
[2024-03-26T02:07:18.720+0000] {processor.py:840} INFO - DAG(s) 'example_setup_teardown' retrieved from /home/airflow/.local/lib/python3.8/site-packages/airflow/example_dags/example_setup_teardown.py
[2024-03-26T02:07:18.732+0000] {logging_mixin.py:188} INFO - [2024-03-26T02:07:18.732+0000] {dag.py:3047} INFO - Sync 1 DAGs
[2024-03-26T02:07:18.741+0000] {logging_mixin.py:188} INFO - [2024-03-26T02:07:18.741+0000] {dag.py:3834} INFO - Setting next_dagrun for example_setup_teardown to 2024-03-25 00:00:00+00:00, run_after=2024-03-26 00:00:00+00:00
[2024-03-26T02:07:18.748+0000] {processor.py:183} INFO - Processing /home/airflow/.local/lib/python3.8/site-packages/airflow/example_dags/example_setup_teardown.py took 0.036 seconds
[2024-03-26T02:07:49.291+0000] {processor.py:161} INFO - Started process (PID=6102) to work on /home/airflow/.local/lib/python3.8/site-packages/airflow/example_dags/example_setup_teardown.py
[2024-03-26T02:07:49.291+0000] {processor.py:830} INFO - Processing file /home/airflow/.local/lib/python3.8/site-packages/airflow/example_dags/example_setup_teardown.py for tasks to queue
[2024-03-26T02:07:49.292+0000] {logging_mixin.py:188} INFO - [2024-03-26T02:07:49.292+0000] {dagbag.py:540} INFO - Filling up the DagBag from /home/airflow/.local/lib/python3.8/site-packages/airflow/example_dags/example_setup_teardown.py
[2024-03-26T02:07:49.296+0000] {processor.py:840} INFO - DAG(s) 'example_setup_teardown' retrieved from /home/airflow/.local/lib/python3.8/site-packages/airflow/example_dags/example_setup_teardown.py
[2024-03-26T02:07:49.309+0000] {logging_mixin.py:188} INFO - [2024-03-26T02:07:49.309+0000] {dag.py:3047} INFO - Sync 1 DAGs
[2024-03-26T02:07:49.318+0000] {logging_mixin.py:188} INFO - [2024-03-26T02:07:49.318+0000] {dag.py:3834} INFO - Setting next_dagrun for example_setup_teardown to 2024-03-25 00:00:00+00:00, run_after=2024-03-26 00:00:00+00:00
[2024-03-26T02:07:49.326+0000] {processor.py:183} INFO - Processing /home/airflow/.local/lib/python3.8/site-packages/airflow/example_dags/example_setup_teardown.py took 0.037 seconds
[2024-03-26T02:08:19.970+0000] {processor.py:161} INFO - Started process (PID=6157) to work on /home/airflow/.local/lib/python3.8/site-packages/airflow/example_dags/example_setup_teardown.py
[2024-03-26T02:08:19.970+0000] {processor.py:830} INFO - Processing file /home/airflow/.local/lib/python3.8/site-packages/airflow/example_dags/example_setup_teardown.py for tasks to queue
[2024-03-26T02:08:19.971+0000] {logging_mixin.py:188} INFO - [2024-03-26T02:08:19.971+0000] {dagbag.py:540} INFO - Filling up the DagBag from /home/airflow/.local/lib/python3.8/site-packages/airflow/example_dags/example_setup_teardown.py
[2024-03-26T02:08:19.975+0000] {processor.py:840} INFO - DAG(s) 'example_setup_teardown' retrieved from /home/airflow/.local/lib/python3.8/site-packages/airflow/example_dags/example_setup_teardown.py
[2024-03-26T02:08:19.987+0000] {logging_mixin.py:188} INFO - [2024-03-26T02:08:19.987+0000] {dag.py:3047} INFO - Sync 1 DAGs
[2024-03-26T02:08:19.997+0000] {logging_mixin.py:188} INFO - [2024-03-26T02:08:19.996+0000] {dag.py:3834} INFO - Setting next_dagrun for example_setup_teardown to 2024-03-25 00:00:00+00:00, run_after=2024-03-26 00:00:00+00:00
[2024-03-26T02:08:20.003+0000] {processor.py:183} INFO - Processing /home/airflow/.local/lib/python3.8/site-packages/airflow/example_dags/example_setup_teardown.py took 0.036 seconds
[2024-03-26T02:08:50.591+0000] {processor.py:161} INFO - Started process (PID=6212) to work on /home/airflow/.local/lib/python3.8/site-packages/airflow/example_dags/example_setup_teardown.py
[2024-03-26T02:08:50.592+0000] {processor.py:830} INFO - Processing file /home/airflow/.local/lib/python3.8/site-packages/airflow/example_dags/example_setup_teardown.py for tasks to queue
[2024-03-26T02:08:50.593+0000] {logging_mixin.py:188} INFO - [2024-03-26T02:08:50.593+0000] {dagbag.py:540} INFO - Filling up the DagBag from /home/airflow/.local/lib/python3.8/site-packages/airflow/example_dags/example_setup_teardown.py
[2024-03-26T02:08:50.597+0000] {processor.py:840} INFO - DAG(s) 'example_setup_teardown' retrieved from /home/airflow/.local/lib/python3.8/site-packages/airflow/example_dags/example_setup_teardown.py
[2024-03-26T02:08:50.609+0000] {logging_mixin.py:188} INFO - [2024-03-26T02:08:50.609+0000] {dag.py:3047} INFO - Sync 1 DAGs
[2024-03-26T02:08:50.619+0000] {logging_mixin.py:188} INFO - [2024-03-26T02:08:50.619+0000] {dag.py:3834} INFO - Setting next_dagrun for example_setup_teardown to 2024-03-25 00:00:00+00:00, run_after=2024-03-26 00:00:00+00:00
[2024-03-26T02:08:50.626+0000] {processor.py:183} INFO - Processing /home/airflow/.local/lib/python3.8/site-packages/airflow/example_dags/example_setup_teardown.py took 0.037 seconds
[2024-03-26T02:09:21.338+0000] {processor.py:161} INFO - Started process (PID=6267) to work on /home/airflow/.local/lib/python3.8/site-packages/airflow/example_dags/example_setup_teardown.py
[2024-03-26T02:09:21.338+0000] {processor.py:830} INFO - Processing file /home/airflow/.local/lib/python3.8/site-packages/airflow/example_dags/example_setup_teardown.py for tasks to queue
[2024-03-26T02:09:21.340+0000] {logging_mixin.py:188} INFO - [2024-03-26T02:09:21.339+0000] {dagbag.py:540} INFO - Filling up the DagBag from /home/airflow/.local/lib/python3.8/site-packages/airflow/example_dags/example_setup_teardown.py
[2024-03-26T02:09:21.344+0000] {processor.py:840} INFO - DAG(s) 'example_setup_teardown' retrieved from /home/airflow/.local/lib/python3.8/site-packages/airflow/example_dags/example_setup_teardown.py
[2024-03-26T02:09:21.358+0000] {logging_mixin.py:188} INFO - [2024-03-26T02:09:21.358+0000] {dag.py:3047} INFO - Sync 1 DAGs
[2024-03-26T02:09:21.370+0000] {logging_mixin.py:188} INFO - [2024-03-26T02:09:21.370+0000] {dag.py:3834} INFO - Setting next_dagrun for example_setup_teardown to 2024-03-25 00:00:00+00:00, run_after=2024-03-26 00:00:00+00:00
[2024-03-26T02:09:21.381+0000] {processor.py:183} INFO - Processing /home/airflow/.local/lib/python3.8/site-packages/airflow/example_dags/example_setup_teardown.py took 0.046 seconds
[2024-03-26T02:09:51.402+0000] {processor.py:161} INFO - Started process (PID=6321) to work on /home/airflow/.local/lib/python3.8/site-packages/airflow/example_dags/example_setup_teardown.py
[2024-03-26T02:09:51.402+0000] {processor.py:830} INFO - Processing file /home/airflow/.local/lib/python3.8/site-packages/airflow/example_dags/example_setup_teardown.py for tasks to queue
[2024-03-26T02:09:51.403+0000] {logging_mixin.py:188} INFO - [2024-03-26T02:09:51.403+0000] {dagbag.py:540} INFO - Filling up the DagBag from /home/airflow/.local/lib/python3.8/site-packages/airflow/example_dags/example_setup_teardown.py
[2024-03-26T02:09:51.407+0000] {processor.py:840} INFO - DAG(s) 'example_setup_teardown' retrieved from /home/airflow/.local/lib/python3.8/site-packages/airflow/example_dags/example_setup_teardown.py
[2024-03-26T02:09:51.419+0000] {logging_mixin.py:188} INFO - [2024-03-26T02:09:51.419+0000] {dag.py:3047} INFO - Sync 1 DAGs
[2024-03-26T02:09:51.430+0000] {logging_mixin.py:188} INFO - [2024-03-26T02:09:51.430+0000] {dag.py:3834} INFO - Setting next_dagrun for example_setup_teardown to 2024-03-25 00:00:00+00:00, run_after=2024-03-26 00:00:00+00:00
[2024-03-26T02:09:51.438+0000] {processor.py:183} INFO - Processing /home/airflow/.local/lib/python3.8/site-packages/airflow/example_dags/example_setup_teardown.py took 0.038 seconds
[2024-03-26T02:10:21.489+0000] {processor.py:161} INFO - Started process (PID=6376) to work on /home/airflow/.local/lib/python3.8/site-packages/airflow/example_dags/example_setup_teardown.py
[2024-03-26T02:10:21.490+0000] {processor.py:830} INFO - Processing file /home/airflow/.local/lib/python3.8/site-packages/airflow/example_dags/example_setup_teardown.py for tasks to queue
[2024-03-26T02:10:21.491+0000] {logging_mixin.py:188} INFO - [2024-03-26T02:10:21.491+0000] {dagbag.py:540} INFO - Filling up the DagBag from /home/airflow/.local/lib/python3.8/site-packages/airflow/example_dags/example_setup_teardown.py
[2024-03-26T02:10:21.495+0000] {processor.py:840} INFO - DAG(s) 'example_setup_teardown' retrieved from /home/airflow/.local/lib/python3.8/site-packages/airflow/example_dags/example_setup_teardown.py
[2024-03-26T02:10:21.510+0000] {logging_mixin.py:188} INFO - [2024-03-26T02:10:21.510+0000] {dag.py:3047} INFO - Sync 1 DAGs
[2024-03-26T02:10:21.520+0000] {logging_mixin.py:188} INFO - [2024-03-26T02:10:21.520+0000] {dag.py:3834} INFO - Setting next_dagrun for example_setup_teardown to 2024-03-25 00:00:00+00:00, run_after=2024-03-26 00:00:00+00:00
[2024-03-26T02:10:21.529+0000] {processor.py:183} INFO - Processing /home/airflow/.local/lib/python3.8/site-packages/airflow/example_dags/example_setup_teardown.py took 0.042 seconds
[2024-03-26T02:10:52.366+0000] {processor.py:161} INFO - Started process (PID=6432) to work on /home/airflow/.local/lib/python3.8/site-packages/airflow/example_dags/example_setup_teardown.py
[2024-03-26T02:10:52.366+0000] {processor.py:830} INFO - Processing file /home/airflow/.local/lib/python3.8/site-packages/airflow/example_dags/example_setup_teardown.py for tasks to queue
[2024-03-26T02:10:52.368+0000] {logging_mixin.py:188} INFO - [2024-03-26T02:10:52.367+0000] {dagbag.py:540} INFO - Filling up the DagBag from /home/airflow/.local/lib/python3.8/site-packages/airflow/example_dags/example_setup_teardown.py
[2024-03-26T02:10:52.372+0000] {processor.py:840} INFO - DAG(s) 'example_setup_teardown' retrieved from /home/airflow/.local/lib/python3.8/site-packages/airflow/example_dags/example_setup_teardown.py
[2024-03-26T02:10:52.386+0000] {logging_mixin.py:188} INFO - [2024-03-26T02:10:52.386+0000] {dag.py:3047} INFO - Sync 1 DAGs
[2024-03-26T02:10:52.398+0000] {logging_mixin.py:188} INFO - [2024-03-26T02:10:52.398+0000] {dag.py:3834} INFO - Setting next_dagrun for example_setup_teardown to 2024-03-25 00:00:00+00:00, run_after=2024-03-26 00:00:00+00:00
[2024-03-26T02:10:52.406+0000] {processor.py:183} INFO - Processing /home/airflow/.local/lib/python3.8/site-packages/airflow/example_dags/example_setup_teardown.py took 0.042 seconds
[2024-03-26T02:11:23.238+0000] {processor.py:161} INFO - Started process (PID=6487) to work on /home/airflow/.local/lib/python3.8/site-packages/airflow/example_dags/example_setup_teardown.py
[2024-03-26T02:11:23.239+0000] {processor.py:830} INFO - Processing file /home/airflow/.local/lib/python3.8/site-packages/airflow/example_dags/example_setup_teardown.py for tasks to queue
[2024-03-26T02:11:23.242+0000] {logging_mixin.py:188} INFO - [2024-03-26T02:11:23.242+0000] {dagbag.py:540} INFO - Filling up the DagBag from /home/airflow/.local/lib/python3.8/site-packages/airflow/example_dags/example_setup_teardown.py
[2024-03-26T02:11:23.249+0000] {processor.py:840} INFO - DAG(s) 'example_setup_teardown' retrieved from /home/airflow/.local/lib/python3.8/site-packages/airflow/example_dags/example_setup_teardown.py
[2024-03-26T02:11:23.270+0000] {logging_mixin.py:188} INFO - [2024-03-26T02:11:23.269+0000] {dag.py:3047} INFO - Sync 1 DAGs
[2024-03-26T02:11:23.281+0000] {logging_mixin.py:188} INFO - [2024-03-26T02:11:23.281+0000] {dag.py:3834} INFO - Setting next_dagrun for example_setup_teardown to 2024-03-25 00:00:00+00:00, run_after=2024-03-26 00:00:00+00:00
[2024-03-26T02:11:23.289+0000] {processor.py:183} INFO - Processing /home/airflow/.local/lib/python3.8/site-packages/airflow/example_dags/example_setup_teardown.py took 0.054 seconds
[2024-03-26T02:11:53.410+0000] {processor.py:161} INFO - Started process (PID=6542) to work on /home/airflow/.local/lib/python3.8/site-packages/airflow/example_dags/example_setup_teardown.py
[2024-03-26T02:11:53.411+0000] {processor.py:830} INFO - Processing file /home/airflow/.local/lib/python3.8/site-packages/airflow/example_dags/example_setup_teardown.py for tasks to queue
[2024-03-26T02:11:53.412+0000] {logging_mixin.py:188} INFO - [2024-03-26T02:11:53.412+0000] {dagbag.py:540} INFO - Filling up the DagBag from /home/airflow/.local/lib/python3.8/site-packages/airflow/example_dags/example_setup_teardown.py
[2024-03-26T02:11:53.416+0000] {processor.py:840} INFO - DAG(s) 'example_setup_teardown' retrieved from /home/airflow/.local/lib/python3.8/site-packages/airflow/example_dags/example_setup_teardown.py
[2024-03-26T02:11:53.427+0000] {logging_mixin.py:188} INFO - [2024-03-26T02:11:53.427+0000] {dag.py:3047} INFO - Sync 1 DAGs
[2024-03-26T02:11:53.438+0000] {logging_mixin.py:188} INFO - [2024-03-26T02:11:53.438+0000] {dag.py:3834} INFO - Setting next_dagrun for example_setup_teardown to 2024-03-25 00:00:00+00:00, run_after=2024-03-26 00:00:00+00:00
[2024-03-26T02:11:53.446+0000] {processor.py:183} INFO - Processing /home/airflow/.local/lib/python3.8/site-packages/airflow/example_dags/example_setup_teardown.py took 0.038 seconds
[2024-03-26T02:12:24.130+0000] {processor.py:161} INFO - Started process (PID=6598) to work on /home/airflow/.local/lib/python3.8/site-packages/airflow/example_dags/example_setup_teardown.py
[2024-03-26T02:12:24.131+0000] {processor.py:830} INFO - Processing file /home/airflow/.local/lib/python3.8/site-packages/airflow/example_dags/example_setup_teardown.py for tasks to queue
[2024-03-26T02:12:24.132+0000] {logging_mixin.py:188} INFO - [2024-03-26T02:12:24.132+0000] {dagbag.py:540} INFO - Filling up the DagBag from /home/airflow/.local/lib/python3.8/site-packages/airflow/example_dags/example_setup_teardown.py
[2024-03-26T02:12:24.137+0000] {processor.py:840} INFO - DAG(s) 'example_setup_teardown' retrieved from /home/airflow/.local/lib/python3.8/site-packages/airflow/example_dags/example_setup_teardown.py
[2024-03-26T02:12:24.149+0000] {logging_mixin.py:188} INFO - [2024-03-26T02:12:24.149+0000] {dag.py:3047} INFO - Sync 1 DAGs
[2024-03-26T02:12:24.159+0000] {logging_mixin.py:188} INFO - [2024-03-26T02:12:24.159+0000] {dag.py:3834} INFO - Setting next_dagrun for example_setup_teardown to 2024-03-25 00:00:00+00:00, run_after=2024-03-26 00:00:00+00:00
[2024-03-26T02:12:24.167+0000] {processor.py:183} INFO - Processing /home/airflow/.local/lib/python3.8/site-packages/airflow/example_dags/example_setup_teardown.py took 0.038 seconds
[2024-03-26T02:12:55.095+0000] {processor.py:161} INFO - Started process (PID=6653) to work on /home/airflow/.local/lib/python3.8/site-packages/airflow/example_dags/example_setup_teardown.py
[2024-03-26T02:12:55.099+0000] {processor.py:830} INFO - Processing file /home/airflow/.local/lib/python3.8/site-packages/airflow/example_dags/example_setup_teardown.py for tasks to queue
[2024-03-26T02:12:55.101+0000] {logging_mixin.py:188} INFO - [2024-03-26T02:12:55.101+0000] {dagbag.py:540} INFO - Filling up the DagBag from /home/airflow/.local/lib/python3.8/site-packages/airflow/example_dags/example_setup_teardown.py
[2024-03-26T02:12:55.105+0000] {processor.py:840} INFO - DAG(s) 'example_setup_teardown' retrieved from /home/airflow/.local/lib/python3.8/site-packages/airflow/example_dags/example_setup_teardown.py
[2024-03-26T02:12:55.119+0000] {logging_mixin.py:188} INFO - [2024-03-26T02:12:55.119+0000] {dag.py:3047} INFO - Sync 1 DAGs
[2024-03-26T02:12:55.131+0000] {logging_mixin.py:188} INFO - [2024-03-26T02:12:55.131+0000] {dag.py:3834} INFO - Setting next_dagrun for example_setup_teardown to 2024-03-25 00:00:00+00:00, run_after=2024-03-26 00:00:00+00:00
[2024-03-26T02:12:55.139+0000] {processor.py:183} INFO - Processing /home/airflow/.local/lib/python3.8/site-packages/airflow/example_dags/example_setup_teardown.py took 0.047 seconds
[2024-03-26T02:13:25.230+0000] {processor.py:161} INFO - Started process (PID=6708) to work on /home/airflow/.local/lib/python3.8/site-packages/airflow/example_dags/example_setup_teardown.py
[2024-03-26T02:13:25.230+0000] {processor.py:830} INFO - Processing file /home/airflow/.local/lib/python3.8/site-packages/airflow/example_dags/example_setup_teardown.py for tasks to queue
[2024-03-26T02:13:25.231+0000] {logging_mixin.py:188} INFO - [2024-03-26T02:13:25.231+0000] {dagbag.py:540} INFO - Filling up the DagBag from /home/airflow/.local/lib/python3.8/site-packages/airflow/example_dags/example_setup_teardown.py
[2024-03-26T02:13:25.236+0000] {processor.py:840} INFO - DAG(s) 'example_setup_teardown' retrieved from /home/airflow/.local/lib/python3.8/site-packages/airflow/example_dags/example_setup_teardown.py
[2024-03-26T02:13:25.248+0000] {logging_mixin.py:188} INFO - [2024-03-26T02:13:25.248+0000] {dag.py:3047} INFO - Sync 1 DAGs
[2024-03-26T02:13:25.258+0000] {logging_mixin.py:188} INFO - [2024-03-26T02:13:25.258+0000] {dag.py:3834} INFO - Setting next_dagrun for example_setup_teardown to 2024-03-25 00:00:00+00:00, run_after=2024-03-26 00:00:00+00:00
[2024-03-26T02:13:25.266+0000] {processor.py:183} INFO - Processing /home/airflow/.local/lib/python3.8/site-packages/airflow/example_dags/example_setup_teardown.py took 0.038 seconds
[2024-03-26T02:13:55.978+0000] {processor.py:161} INFO - Started process (PID=6763) to work on /home/airflow/.local/lib/python3.8/site-packages/airflow/example_dags/example_setup_teardown.py
[2024-03-26T02:13:55.979+0000] {processor.py:830} INFO - Processing file /home/airflow/.local/lib/python3.8/site-packages/airflow/example_dags/example_setup_teardown.py for tasks to queue
[2024-03-26T02:13:55.980+0000] {logging_mixin.py:188} INFO - [2024-03-26T02:13:55.979+0000] {dagbag.py:540} INFO - Filling up the DagBag from /home/airflow/.local/lib/python3.8/site-packages/airflow/example_dags/example_setup_teardown.py
[2024-03-26T02:13:55.983+0000] {processor.py:840} INFO - DAG(s) 'example_setup_teardown' retrieved from /home/airflow/.local/lib/python3.8/site-packages/airflow/example_dags/example_setup_teardown.py
[2024-03-26T02:13:55.996+0000] {logging_mixin.py:188} INFO - [2024-03-26T02:13:55.996+0000] {dag.py:3047} INFO - Sync 1 DAGs
[2024-03-26T02:13:56.006+0000] {logging_mixin.py:188} INFO - [2024-03-26T02:13:56.006+0000] {dag.py:3834} INFO - Setting next_dagrun for example_setup_teardown to 2024-03-25 00:00:00+00:00, run_after=2024-03-26 00:00:00+00:00
[2024-03-26T02:13:56.013+0000] {processor.py:183} INFO - Processing /home/airflow/.local/lib/python3.8/site-packages/airflow/example_dags/example_setup_teardown.py took 0.037 seconds
[2024-03-26T02:14:26.651+0000] {processor.py:161} INFO - Started process (PID=6818) to work on /home/airflow/.local/lib/python3.8/site-packages/airflow/example_dags/example_setup_teardown.py
[2024-03-26T02:14:26.652+0000] {processor.py:830} INFO - Processing file /home/airflow/.local/lib/python3.8/site-packages/airflow/example_dags/example_setup_teardown.py for tasks to queue
[2024-03-26T02:14:26.653+0000] {logging_mixin.py:188} INFO - [2024-03-26T02:14:26.653+0000] {dagbag.py:540} INFO - Filling up the DagBag from /home/airflow/.local/lib/python3.8/site-packages/airflow/example_dags/example_setup_teardown.py
[2024-03-26T02:14:26.657+0000] {processor.py:840} INFO - DAG(s) 'example_setup_teardown' retrieved from /home/airflow/.local/lib/python3.8/site-packages/airflow/example_dags/example_setup_teardown.py
[2024-03-26T02:14:26.669+0000] {logging_mixin.py:188} INFO - [2024-03-26T02:14:26.669+0000] {dag.py:3047} INFO - Sync 1 DAGs
[2024-03-26T02:14:26.679+0000] {logging_mixin.py:188} INFO - [2024-03-26T02:14:26.679+0000] {dag.py:3834} INFO - Setting next_dagrun for example_setup_teardown to 2024-03-25 00:00:00+00:00, run_after=2024-03-26 00:00:00+00:00
[2024-03-26T02:14:26.687+0000] {processor.py:183} INFO - Processing /home/airflow/.local/lib/python3.8/site-packages/airflow/example_dags/example_setup_teardown.py took 0.037 seconds
[2024-03-26T02:14:57.169+0000] {processor.py:161} INFO - Started process (PID=6873) to work on /home/airflow/.local/lib/python3.8/site-packages/airflow/example_dags/example_setup_teardown.py
[2024-03-26T02:14:57.170+0000] {processor.py:830} INFO - Processing file /home/airflow/.local/lib/python3.8/site-packages/airflow/example_dags/example_setup_teardown.py for tasks to queue
[2024-03-26T02:14:57.171+0000] {logging_mixin.py:188} INFO - [2024-03-26T02:14:57.171+0000] {dagbag.py:540} INFO - Filling up the DagBag from /home/airflow/.local/lib/python3.8/site-packages/airflow/example_dags/example_setup_teardown.py
[2024-03-26T02:14:57.175+0000] {processor.py:840} INFO - DAG(s) 'example_setup_teardown' retrieved from /home/airflow/.local/lib/python3.8/site-packages/airflow/example_dags/example_setup_teardown.py
[2024-03-26T02:14:57.187+0000] {logging_mixin.py:188} INFO - [2024-03-26T02:14:57.187+0000] {dag.py:3047} INFO - Sync 1 DAGs
[2024-03-26T02:14:57.196+0000] {logging_mixin.py:188} INFO - [2024-03-26T02:14:57.196+0000] {dag.py:3834} INFO - Setting next_dagrun for example_setup_teardown to 2024-03-25 00:00:00+00:00, run_after=2024-03-26 00:00:00+00:00
[2024-03-26T02:14:57.203+0000] {processor.py:183} INFO - Processing /home/airflow/.local/lib/python3.8/site-packages/airflow/example_dags/example_setup_teardown.py took 0.036 seconds
[2024-03-26T02:15:27.901+0000] {processor.py:161} INFO - Started process (PID=6928) to work on /home/airflow/.local/lib/python3.8/site-packages/airflow/example_dags/example_setup_teardown.py
[2024-03-26T02:15:27.901+0000] {processor.py:830} INFO - Processing file /home/airflow/.local/lib/python3.8/site-packages/airflow/example_dags/example_setup_teardown.py for tasks to queue
[2024-03-26T02:15:27.902+0000] {logging_mixin.py:188} INFO - [2024-03-26T02:15:27.902+0000] {dagbag.py:540} INFO - Filling up the DagBag from /home/airflow/.local/lib/python3.8/site-packages/airflow/example_dags/example_setup_teardown.py
[2024-03-26T02:15:27.906+0000] {processor.py:840} INFO - DAG(s) 'example_setup_teardown' retrieved from /home/airflow/.local/lib/python3.8/site-packages/airflow/example_dags/example_setup_teardown.py
[2024-03-26T02:15:27.919+0000] {logging_mixin.py:188} INFO - [2024-03-26T02:15:27.919+0000] {dag.py:3047} INFO - Sync 1 DAGs
[2024-03-26T02:15:27.929+0000] {logging_mixin.py:188} INFO - [2024-03-26T02:15:27.929+0000] {dag.py:3834} INFO - Setting next_dagrun for example_setup_teardown to 2024-03-25 00:00:00+00:00, run_after=2024-03-26 00:00:00+00:00
[2024-03-26T02:15:27.937+0000] {processor.py:183} INFO - Processing /home/airflow/.local/lib/python3.8/site-packages/airflow/example_dags/example_setup_teardown.py took 0.038 seconds
[2024-03-26T02:15:58.515+0000] {processor.py:161} INFO - Started process (PID=6983) to work on /home/airflow/.local/lib/python3.8/site-packages/airflow/example_dags/example_setup_teardown.py
[2024-03-26T02:15:58.516+0000] {processor.py:830} INFO - Processing file /home/airflow/.local/lib/python3.8/site-packages/airflow/example_dags/example_setup_teardown.py for tasks to queue
[2024-03-26T02:15:58.517+0000] {logging_mixin.py:188} INFO - [2024-03-26T02:15:58.516+0000] {dagbag.py:540} INFO - Filling up the DagBag from /home/airflow/.local/lib/python3.8/site-packages/airflow/example_dags/example_setup_teardown.py
[2024-03-26T02:15:58.520+0000] {processor.py:840} INFO - DAG(s) 'example_setup_teardown' retrieved from /home/airflow/.local/lib/python3.8/site-packages/airflow/example_dags/example_setup_teardown.py
[2024-03-26T02:15:58.533+0000] {logging_mixin.py:188} INFO - [2024-03-26T02:15:58.533+0000] {dag.py:3047} INFO - Sync 1 DAGs
[2024-03-26T02:15:58.543+0000] {logging_mixin.py:188} INFO - [2024-03-26T02:15:58.542+0000] {dag.py:3834} INFO - Setting next_dagrun for example_setup_teardown to 2024-03-25 00:00:00+00:00, run_after=2024-03-26 00:00:00+00:00
[2024-03-26T02:15:58.551+0000] {processor.py:183} INFO - Processing /home/airflow/.local/lib/python3.8/site-packages/airflow/example_dags/example_setup_teardown.py took 0.037 seconds
[2024-03-26T02:16:29.156+0000] {processor.py:161} INFO - Started process (PID=7038) to work on /home/airflow/.local/lib/python3.8/site-packages/airflow/example_dags/example_setup_teardown.py
[2024-03-26T02:16:29.157+0000] {processor.py:830} INFO - Processing file /home/airflow/.local/lib/python3.8/site-packages/airflow/example_dags/example_setup_teardown.py for tasks to queue
[2024-03-26T02:16:29.158+0000] {logging_mixin.py:188} INFO - [2024-03-26T02:16:29.158+0000] {dagbag.py:540} INFO - Filling up the DagBag from /home/airflow/.local/lib/python3.8/site-packages/airflow/example_dags/example_setup_teardown.py
[2024-03-26T02:16:29.162+0000] {processor.py:840} INFO - DAG(s) 'example_setup_teardown' retrieved from /home/airflow/.local/lib/python3.8/site-packages/airflow/example_dags/example_setup_teardown.py
[2024-03-26T02:16:29.175+0000] {logging_mixin.py:188} INFO - [2024-03-26T02:16:29.174+0000] {dag.py:3047} INFO - Sync 1 DAGs
[2024-03-26T02:16:29.185+0000] {logging_mixin.py:188} INFO - [2024-03-26T02:16:29.185+0000] {dag.py:3834} INFO - Setting next_dagrun for example_setup_teardown to 2024-03-25 00:00:00+00:00, run_after=2024-03-26 00:00:00+00:00
[2024-03-26T02:16:29.194+0000] {processor.py:183} INFO - Processing /home/airflow/.local/lib/python3.8/site-packages/airflow/example_dags/example_setup_teardown.py took 0.040 seconds
[2024-03-26T02:16:59.888+0000] {processor.py:161} INFO - Started process (PID=7093) to work on /home/airflow/.local/lib/python3.8/site-packages/airflow/example_dags/example_setup_teardown.py
[2024-03-26T02:16:59.889+0000] {processor.py:830} INFO - Processing file /home/airflow/.local/lib/python3.8/site-packages/airflow/example_dags/example_setup_teardown.py for tasks to queue
[2024-03-26T02:16:59.890+0000] {logging_mixin.py:188} INFO - [2024-03-26T02:16:59.890+0000] {dagbag.py:540} INFO - Filling up the DagBag from /home/airflow/.local/lib/python3.8/site-packages/airflow/example_dags/example_setup_teardown.py
[2024-03-26T02:16:59.894+0000] {processor.py:840} INFO - DAG(s) 'example_setup_teardown' retrieved from /home/airflow/.local/lib/python3.8/site-packages/airflow/example_dags/example_setup_teardown.py
[2024-03-26T02:16:59.907+0000] {logging_mixin.py:188} INFO - [2024-03-26T02:16:59.907+0000] {dag.py:3047} INFO - Sync 1 DAGs
[2024-03-26T02:16:59.917+0000] {logging_mixin.py:188} INFO - [2024-03-26T02:16:59.917+0000] {dag.py:3834} INFO - Setting next_dagrun for example_setup_teardown to 2024-03-25 00:00:00+00:00, run_after=2024-03-26 00:00:00+00:00
[2024-03-26T02:16:59.924+0000] {processor.py:183} INFO - Processing /home/airflow/.local/lib/python3.8/site-packages/airflow/example_dags/example_setup_teardown.py took 0.038 seconds
[2024-03-26T02:17:30.503+0000] {processor.py:161} INFO - Started process (PID=7148) to work on /home/airflow/.local/lib/python3.8/site-packages/airflow/example_dags/example_setup_teardown.py
[2024-03-26T02:17:30.503+0000] {processor.py:830} INFO - Processing file /home/airflow/.local/lib/python3.8/site-packages/airflow/example_dags/example_setup_teardown.py for tasks to queue
[2024-03-26T02:17:30.505+0000] {logging_mixin.py:188} INFO - [2024-03-26T02:17:30.504+0000] {dagbag.py:540} INFO - Filling up the DagBag from /home/airflow/.local/lib/python3.8/site-packages/airflow/example_dags/example_setup_teardown.py
[2024-03-26T02:17:30.509+0000] {processor.py:840} INFO - DAG(s) 'example_setup_teardown' retrieved from /home/airflow/.local/lib/python3.8/site-packages/airflow/example_dags/example_setup_teardown.py
[2024-03-26T02:17:30.523+0000] {logging_mixin.py:188} INFO - [2024-03-26T02:17:30.523+0000] {dag.py:3047} INFO - Sync 1 DAGs
[2024-03-26T02:17:30.533+0000] {logging_mixin.py:188} INFO - [2024-03-26T02:17:30.533+0000] {dag.py:3834} INFO - Setting next_dagrun for example_setup_teardown to 2024-03-25 00:00:00+00:00, run_after=2024-03-26 00:00:00+00:00
[2024-03-26T02:17:30.542+0000] {processor.py:183} INFO - Processing /home/airflow/.local/lib/python3.8/site-packages/airflow/example_dags/example_setup_teardown.py took 0.041 seconds
[2024-03-26T02:18:01.219+0000] {processor.py:161} INFO - Started process (PID=7203) to work on /home/airflow/.local/lib/python3.8/site-packages/airflow/example_dags/example_setup_teardown.py
[2024-03-26T02:18:01.219+0000] {processor.py:830} INFO - Processing file /home/airflow/.local/lib/python3.8/site-packages/airflow/example_dags/example_setup_teardown.py for tasks to queue
[2024-03-26T02:18:01.220+0000] {logging_mixin.py:188} INFO - [2024-03-26T02:18:01.220+0000] {dagbag.py:540} INFO - Filling up the DagBag from /home/airflow/.local/lib/python3.8/site-packages/airflow/example_dags/example_setup_teardown.py
[2024-03-26T02:18:01.224+0000] {processor.py:840} INFO - DAG(s) 'example_setup_teardown' retrieved from /home/airflow/.local/lib/python3.8/site-packages/airflow/example_dags/example_setup_teardown.py
[2024-03-26T02:18:01.236+0000] {logging_mixin.py:188} INFO - [2024-03-26T02:18:01.236+0000] {dag.py:3047} INFO - Sync 1 DAGs
[2024-03-26T02:18:01.246+0000] {logging_mixin.py:188} INFO - [2024-03-26T02:18:01.246+0000] {dag.py:3834} INFO - Setting next_dagrun for example_setup_teardown to 2024-03-25 00:00:00+00:00, run_after=2024-03-26 00:00:00+00:00
[2024-03-26T02:18:01.253+0000] {processor.py:183} INFO - Processing /home/airflow/.local/lib/python3.8/site-packages/airflow/example_dags/example_setup_teardown.py took 0.036 seconds
[2024-03-26T02:18:31.803+0000] {processor.py:161} INFO - Started process (PID=7258) to work on /home/airflow/.local/lib/python3.8/site-packages/airflow/example_dags/example_setup_teardown.py
[2024-03-26T02:18:31.804+0000] {processor.py:830} INFO - Processing file /home/airflow/.local/lib/python3.8/site-packages/airflow/example_dags/example_setup_teardown.py for tasks to queue
[2024-03-26T02:18:31.805+0000] {logging_mixin.py:188} INFO - [2024-03-26T02:18:31.805+0000] {dagbag.py:540} INFO - Filling up the DagBag from /home/airflow/.local/lib/python3.8/site-packages/airflow/example_dags/example_setup_teardown.py
[2024-03-26T02:18:31.809+0000] {processor.py:840} INFO - DAG(s) 'example_setup_teardown' retrieved from /home/airflow/.local/lib/python3.8/site-packages/airflow/example_dags/example_setup_teardown.py
[2024-03-26T02:18:31.822+0000] {logging_mixin.py:188} INFO - [2024-03-26T02:18:31.822+0000] {dag.py:3047} INFO - Sync 1 DAGs
[2024-03-26T02:18:31.831+0000] {logging_mixin.py:188} INFO - [2024-03-26T02:18:31.831+0000] {dag.py:3834} INFO - Setting next_dagrun for example_setup_teardown to 2024-03-25 00:00:00+00:00, run_after=2024-03-26 00:00:00+00:00
[2024-03-26T02:18:31.839+0000] {processor.py:183} INFO - Processing /home/airflow/.local/lib/python3.8/site-packages/airflow/example_dags/example_setup_teardown.py took 0.038 seconds
[2024-03-26T02:19:02.475+0000] {processor.py:161} INFO - Started process (PID=7313) to work on /home/airflow/.local/lib/python3.8/site-packages/airflow/example_dags/example_setup_teardown.py
[2024-03-26T02:19:02.475+0000] {processor.py:830} INFO - Processing file /home/airflow/.local/lib/python3.8/site-packages/airflow/example_dags/example_setup_teardown.py for tasks to queue
[2024-03-26T02:19:02.476+0000] {logging_mixin.py:188} INFO - [2024-03-26T02:19:02.476+0000] {dagbag.py:540} INFO - Filling up the DagBag from /home/airflow/.local/lib/python3.8/site-packages/airflow/example_dags/example_setup_teardown.py
[2024-03-26T02:19:02.480+0000] {processor.py:840} INFO - DAG(s) 'example_setup_teardown' retrieved from /home/airflow/.local/lib/python3.8/site-packages/airflow/example_dags/example_setup_teardown.py
[2024-03-26T02:19:02.492+0000] {logging_mixin.py:188} INFO - [2024-03-26T02:19:02.492+0000] {dag.py:3047} INFO - Sync 1 DAGs
[2024-03-26T02:19:02.502+0000] {logging_mixin.py:188} INFO - [2024-03-26T02:19:02.502+0000] {dag.py:3834} INFO - Setting next_dagrun for example_setup_teardown to 2024-03-25 00:00:00+00:00, run_after=2024-03-26 00:00:00+00:00
[2024-03-26T02:19:02.509+0000] {processor.py:183} INFO - Processing /home/airflow/.local/lib/python3.8/site-packages/airflow/example_dags/example_setup_teardown.py took 0.037 seconds
