[2024-03-26T00:04:41.659+0000] {processor.py:161} INFO - Started process (PID=3984) to work on /home/airflow/.local/lib/python3.8/site-packages/airflow/example_dags/example_branch_labels.py
[2024-03-26T00:04:41.660+0000] {processor.py:830} INFO - Processing file /home/airflow/.local/lib/python3.8/site-packages/airflow/example_dags/example_branch_labels.py for tasks to queue
[2024-03-26T00:04:41.661+0000] {logging_mixin.py:188} INFO - [2024-03-26T00:04:41.661+0000] {dagbag.py:540} INFO - Filling up the DagBag from /home/airflow/.local/lib/python3.8/site-packages/airflow/example_dags/example_branch_labels.py
[2024-03-26T00:04:41.667+0000] {processor.py:840} INFO - DAG(s) 'example_branch_labels' retrieved from /home/airflow/.local/lib/python3.8/site-packages/airflow/example_dags/example_branch_labels.py
[2024-03-26T00:04:41.688+0000] {logging_mixin.py:188} INFO - [2024-03-26T00:04:41.688+0000] {dag.py:3047} INFO - Sync 1 DAGs
[2024-03-26T00:04:41.701+0000] {logging_mixin.py:188} INFO - [2024-03-26T00:04:41.701+0000] {dag.py:3834} INFO - Setting next_dagrun for example_branch_labels to 2024-03-25 00:00:00+00:00, run_after=2024-03-26 00:00:00+00:00
[2024-03-26T00:04:41.710+0000] {processor.py:183} INFO - Processing /home/airflow/.local/lib/python3.8/site-packages/airflow/example_dags/example_branch_labels.py took 0.053 seconds
[2024-03-26T00:59:00.308+0000] {processor.py:161} INFO - Started process (PID=4039) to work on /home/airflow/.local/lib/python3.8/site-packages/airflow/example_dags/example_branch_labels.py
[2024-03-26T00:59:00.309+0000] {processor.py:830} INFO - Processing file /home/airflow/.local/lib/python3.8/site-packages/airflow/example_dags/example_branch_labels.py for tasks to queue
[2024-03-26T00:59:00.310+0000] {logging_mixin.py:188} INFO - [2024-03-26T00:59:00.309+0000] {dagbag.py:540} INFO - Filling up the DagBag from /home/airflow/.local/lib/python3.8/site-packages/airflow/example_dags/example_branch_labels.py
[2024-03-26T00:59:00.314+0000] {processor.py:840} INFO - DAG(s) 'example_branch_labels' retrieved from /home/airflow/.local/lib/python3.8/site-packages/airflow/example_dags/example_branch_labels.py
[2024-03-26T00:59:00.326+0000] {logging_mixin.py:188} INFO - [2024-03-26T00:59:00.326+0000] {dag.py:3047} INFO - Sync 1 DAGs
[2024-03-26T00:59:00.336+0000] {logging_mixin.py:188} INFO - [2024-03-26T00:59:00.336+0000] {dag.py:3834} INFO - Setting next_dagrun for example_branch_labels to 2024-03-25 00:00:00+00:00, run_after=2024-03-26 00:00:00+00:00
[2024-03-26T00:59:00.344+0000] {processor.py:183} INFO - Processing /home/airflow/.local/lib/python3.8/site-packages/airflow/example_dags/example_branch_labels.py took 0.038 seconds
[2024-03-26T00:59:31.127+0000] {processor.py:161} INFO - Started process (PID=4094) to work on /home/airflow/.local/lib/python3.8/site-packages/airflow/example_dags/example_branch_labels.py
[2024-03-26T00:59:31.128+0000] {processor.py:830} INFO - Processing file /home/airflow/.local/lib/python3.8/site-packages/airflow/example_dags/example_branch_labels.py for tasks to queue
[2024-03-26T00:59:31.129+0000] {logging_mixin.py:188} INFO - [2024-03-26T00:59:31.129+0000] {dagbag.py:540} INFO - Filling up the DagBag from /home/airflow/.local/lib/python3.8/site-packages/airflow/example_dags/example_branch_labels.py
[2024-03-26T00:59:31.134+0000] {processor.py:840} INFO - DAG(s) 'example_branch_labels' retrieved from /home/airflow/.local/lib/python3.8/site-packages/airflow/example_dags/example_branch_labels.py
[2024-03-26T00:59:31.147+0000] {logging_mixin.py:188} INFO - [2024-03-26T00:59:31.147+0000] {dag.py:3047} INFO - Sync 1 DAGs
[2024-03-26T00:59:31.157+0000] {logging_mixin.py:188} INFO - [2024-03-26T00:59:31.157+0000] {dag.py:3834} INFO - Setting next_dagrun for example_branch_labels to 2024-03-25 00:00:00+00:00, run_after=2024-03-26 00:00:00+00:00
[2024-03-26T00:59:31.165+0000] {processor.py:183} INFO - Processing /home/airflow/.local/lib/python3.8/site-packages/airflow/example_dags/example_branch_labels.py took 0.040 seconds
[2024-03-26T01:00:01.756+0000] {processor.py:161} INFO - Started process (PID=4149) to work on /home/airflow/.local/lib/python3.8/site-packages/airflow/example_dags/example_branch_labels.py
[2024-03-26T01:00:01.756+0000] {processor.py:830} INFO - Processing file /home/airflow/.local/lib/python3.8/site-packages/airflow/example_dags/example_branch_labels.py for tasks to queue
[2024-03-26T01:00:01.757+0000] {logging_mixin.py:188} INFO - [2024-03-26T01:00:01.757+0000] {dagbag.py:540} INFO - Filling up the DagBag from /home/airflow/.local/lib/python3.8/site-packages/airflow/example_dags/example_branch_labels.py
[2024-03-26T01:00:01.762+0000] {processor.py:840} INFO - DAG(s) 'example_branch_labels' retrieved from /home/airflow/.local/lib/python3.8/site-packages/airflow/example_dags/example_branch_labels.py
[2024-03-26T01:00:01.775+0000] {logging_mixin.py:188} INFO - [2024-03-26T01:00:01.775+0000] {dag.py:3047} INFO - Sync 1 DAGs
[2024-03-26T01:00:01.786+0000] {logging_mixin.py:188} INFO - [2024-03-26T01:00:01.785+0000] {dag.py:3834} INFO - Setting next_dagrun for example_branch_labels to 2024-03-25 00:00:00+00:00, run_after=2024-03-26 00:00:00+00:00
[2024-03-26T01:00:01.794+0000] {processor.py:183} INFO - Processing /home/airflow/.local/lib/python3.8/site-packages/airflow/example_dags/example_branch_labels.py took 0.040 seconds
[2024-03-26T01:00:32.382+0000] {processor.py:161} INFO - Started process (PID=4204) to work on /home/airflow/.local/lib/python3.8/site-packages/airflow/example_dags/example_branch_labels.py
[2024-03-26T01:00:32.382+0000] {processor.py:830} INFO - Processing file /home/airflow/.local/lib/python3.8/site-packages/airflow/example_dags/example_branch_labels.py for tasks to queue
[2024-03-26T01:00:32.383+0000] {logging_mixin.py:188} INFO - [2024-03-26T01:00:32.383+0000] {dagbag.py:540} INFO - Filling up the DagBag from /home/airflow/.local/lib/python3.8/site-packages/airflow/example_dags/example_branch_labels.py
[2024-03-26T01:00:32.388+0000] {processor.py:840} INFO - DAG(s) 'example_branch_labels' retrieved from /home/airflow/.local/lib/python3.8/site-packages/airflow/example_dags/example_branch_labels.py
[2024-03-26T01:00:32.400+0000] {logging_mixin.py:188} INFO - [2024-03-26T01:00:32.400+0000] {dag.py:3047} INFO - Sync 1 DAGs
[2024-03-26T01:00:32.411+0000] {logging_mixin.py:188} INFO - [2024-03-26T01:00:32.411+0000] {dag.py:3834} INFO - Setting next_dagrun for example_branch_labels to 2024-03-25 00:00:00+00:00, run_after=2024-03-26 00:00:00+00:00
[2024-03-26T01:00:32.418+0000] {processor.py:183} INFO - Processing /home/airflow/.local/lib/python3.8/site-packages/airflow/example_dags/example_branch_labels.py took 0.039 seconds
[2024-03-26T01:01:02.935+0000] {processor.py:161} INFO - Started process (PID=4259) to work on /home/airflow/.local/lib/python3.8/site-packages/airflow/example_dags/example_branch_labels.py
[2024-03-26T01:01:02.936+0000] {processor.py:830} INFO - Processing file /home/airflow/.local/lib/python3.8/site-packages/airflow/example_dags/example_branch_labels.py for tasks to queue
[2024-03-26T01:01:02.937+0000] {logging_mixin.py:188} INFO - [2024-03-26T01:01:02.936+0000] {dagbag.py:540} INFO - Filling up the DagBag from /home/airflow/.local/lib/python3.8/site-packages/airflow/example_dags/example_branch_labels.py
[2024-03-26T01:01:02.942+0000] {processor.py:840} INFO - DAG(s) 'example_branch_labels' retrieved from /home/airflow/.local/lib/python3.8/site-packages/airflow/example_dags/example_branch_labels.py
[2024-03-26T01:01:02.954+0000] {logging_mixin.py:188} INFO - [2024-03-26T01:01:02.954+0000] {dag.py:3047} INFO - Sync 1 DAGs
[2024-03-26T01:01:02.964+0000] {logging_mixin.py:188} INFO - [2024-03-26T01:01:02.964+0000] {dag.py:3834} INFO - Setting next_dagrun for example_branch_labels to 2024-03-25 00:00:00+00:00, run_after=2024-03-26 00:00:00+00:00
[2024-03-26T01:01:02.972+0000] {processor.py:183} INFO - Processing /home/airflow/.local/lib/python3.8/site-packages/airflow/example_dags/example_branch_labels.py took 0.039 seconds
[2024-03-26T01:01:33.583+0000] {processor.py:161} INFO - Started process (PID=4315) to work on /home/airflow/.local/lib/python3.8/site-packages/airflow/example_dags/example_branch_labels.py
[2024-03-26T01:01:33.583+0000] {processor.py:830} INFO - Processing file /home/airflow/.local/lib/python3.8/site-packages/airflow/example_dags/example_branch_labels.py for tasks to queue
[2024-03-26T01:01:33.584+0000] {logging_mixin.py:188} INFO - [2024-03-26T01:01:33.584+0000] {dagbag.py:540} INFO - Filling up the DagBag from /home/airflow/.local/lib/python3.8/site-packages/airflow/example_dags/example_branch_labels.py
[2024-03-26T01:01:33.589+0000] {processor.py:840} INFO - DAG(s) 'example_branch_labels' retrieved from /home/airflow/.local/lib/python3.8/site-packages/airflow/example_dags/example_branch_labels.py
[2024-03-26T01:01:33.602+0000] {logging_mixin.py:188} INFO - [2024-03-26T01:01:33.602+0000] {dag.py:3047} INFO - Sync 1 DAGs
[2024-03-26T01:01:33.613+0000] {logging_mixin.py:188} INFO - [2024-03-26T01:01:33.613+0000] {dag.py:3834} INFO - Setting next_dagrun for example_branch_labels to 2024-03-25 00:00:00+00:00, run_after=2024-03-26 00:00:00+00:00
[2024-03-26T01:01:33.620+0000] {processor.py:183} INFO - Processing /home/airflow/.local/lib/python3.8/site-packages/airflow/example_dags/example_branch_labels.py took 0.040 seconds
[2024-03-26T01:02:04.405+0000] {processor.py:161} INFO - Started process (PID=4375) to work on /home/airflow/.local/lib/python3.8/site-packages/airflow/example_dags/example_branch_labels.py
[2024-03-26T01:02:04.406+0000] {processor.py:830} INFO - Processing file /home/airflow/.local/lib/python3.8/site-packages/airflow/example_dags/example_branch_labels.py for tasks to queue
[2024-03-26T01:02:04.407+0000] {logging_mixin.py:188} INFO - [2024-03-26T01:02:04.407+0000] {dagbag.py:540} INFO - Filling up the DagBag from /home/airflow/.local/lib/python3.8/site-packages/airflow/example_dags/example_branch_labels.py
[2024-03-26T01:02:04.414+0000] {processor.py:840} INFO - DAG(s) 'example_branch_labels' retrieved from /home/airflow/.local/lib/python3.8/site-packages/airflow/example_dags/example_branch_labels.py
[2024-03-26T01:02:04.427+0000] {logging_mixin.py:188} INFO - [2024-03-26T01:02:04.427+0000] {dag.py:3047} INFO - Sync 1 DAGs
[2024-03-26T01:02:04.437+0000] {logging_mixin.py:188} INFO - [2024-03-26T01:02:04.437+0000] {dag.py:3834} INFO - Setting next_dagrun for example_branch_labels to 2024-03-25 00:00:00+00:00, run_after=2024-03-26 00:00:00+00:00
[2024-03-26T01:02:04.445+0000] {processor.py:183} INFO - Processing /home/airflow/.local/lib/python3.8/site-packages/airflow/example_dags/example_branch_labels.py took 0.042 seconds
[2024-03-26T01:02:35.099+0000] {processor.py:161} INFO - Started process (PID=4429) to work on /home/airflow/.local/lib/python3.8/site-packages/airflow/example_dags/example_branch_labels.py
[2024-03-26T01:02:35.099+0000] {processor.py:830} INFO - Processing file /home/airflow/.local/lib/python3.8/site-packages/airflow/example_dags/example_branch_labels.py for tasks to queue
[2024-03-26T01:02:35.100+0000] {logging_mixin.py:188} INFO - [2024-03-26T01:02:35.100+0000] {dagbag.py:540} INFO - Filling up the DagBag from /home/airflow/.local/lib/python3.8/site-packages/airflow/example_dags/example_branch_labels.py
[2024-03-26T01:02:35.105+0000] {processor.py:840} INFO - DAG(s) 'example_branch_labels' retrieved from /home/airflow/.local/lib/python3.8/site-packages/airflow/example_dags/example_branch_labels.py
[2024-03-26T01:02:35.118+0000] {logging_mixin.py:188} INFO - [2024-03-26T01:02:35.117+0000] {dag.py:3047} INFO - Sync 1 DAGs
[2024-03-26T01:02:35.127+0000] {logging_mixin.py:188} INFO - [2024-03-26T01:02:35.127+0000] {dag.py:3834} INFO - Setting next_dagrun for example_branch_labels to 2024-03-25 00:00:00+00:00, run_after=2024-03-26 00:00:00+00:00
[2024-03-26T01:02:35.135+0000] {processor.py:183} INFO - Processing /home/airflow/.local/lib/python3.8/site-packages/airflow/example_dags/example_branch_labels.py took 0.038 seconds
[2024-03-26T01:03:05.822+0000] {processor.py:161} INFO - Started process (PID=4484) to work on /home/airflow/.local/lib/python3.8/site-packages/airflow/example_dags/example_branch_labels.py
[2024-03-26T01:03:05.822+0000] {processor.py:830} INFO - Processing file /home/airflow/.local/lib/python3.8/site-packages/airflow/example_dags/example_branch_labels.py for tasks to queue
[2024-03-26T01:03:05.824+0000] {logging_mixin.py:188} INFO - [2024-03-26T01:03:05.823+0000] {dagbag.py:540} INFO - Filling up the DagBag from /home/airflow/.local/lib/python3.8/site-packages/airflow/example_dags/example_branch_labels.py
[2024-03-26T01:03:05.828+0000] {processor.py:840} INFO - DAG(s) 'example_branch_labels' retrieved from /home/airflow/.local/lib/python3.8/site-packages/airflow/example_dags/example_branch_labels.py
[2024-03-26T01:03:05.841+0000] {logging_mixin.py:188} INFO - [2024-03-26T01:03:05.841+0000] {dag.py:3047} INFO - Sync 1 DAGs
[2024-03-26T01:03:05.852+0000] {logging_mixin.py:188} INFO - [2024-03-26T01:03:05.852+0000] {dag.py:3834} INFO - Setting next_dagrun for example_branch_labels to 2024-03-25 00:00:00+00:00, run_after=2024-03-26 00:00:00+00:00
[2024-03-26T01:03:05.859+0000] {processor.py:183} INFO - Processing /home/airflow/.local/lib/python3.8/site-packages/airflow/example_dags/example_branch_labels.py took 0.039 seconds
[2024-03-26T01:06:29.903+0000] {processor.py:161} INFO - Started process (PID=4533) to work on /home/airflow/.local/lib/python3.8/site-packages/airflow/example_dags/example_branch_labels.py
[2024-03-26T01:06:29.904+0000] {processor.py:830} INFO - Processing file /home/airflow/.local/lib/python3.8/site-packages/airflow/example_dags/example_branch_labels.py for tasks to queue
[2024-03-26T01:06:29.905+0000] {logging_mixin.py:188} INFO - [2024-03-26T01:06:29.905+0000] {dagbag.py:540} INFO - Filling up the DagBag from /home/airflow/.local/lib/python3.8/site-packages/airflow/example_dags/example_branch_labels.py
[2024-03-26T01:06:29.910+0000] {processor.py:840} INFO - DAG(s) 'example_branch_labels' retrieved from /home/airflow/.local/lib/python3.8/site-packages/airflow/example_dags/example_branch_labels.py
[2024-03-26T01:06:29.925+0000] {logging_mixin.py:188} INFO - [2024-03-26T01:06:29.925+0000] {dag.py:3047} INFO - Sync 1 DAGs
[2024-03-26T01:06:29.936+0000] {logging_mixin.py:188} INFO - [2024-03-26T01:06:29.936+0000] {dag.py:3834} INFO - Setting next_dagrun for example_branch_labels to 2024-03-25 00:00:00+00:00, run_after=2024-03-26 00:00:00+00:00
[2024-03-26T01:06:29.946+0000] {processor.py:183} INFO - Processing /home/airflow/.local/lib/python3.8/site-packages/airflow/example_dags/example_branch_labels.py took 0.045 seconds
[2024-03-26T01:40:02.158+0000] {processor.py:161} INFO - Started process (PID=4588) to work on /home/airflow/.local/lib/python3.8/site-packages/airflow/example_dags/example_branch_labels.py
[2024-03-26T01:40:02.161+0000] {processor.py:830} INFO - Processing file /home/airflow/.local/lib/python3.8/site-packages/airflow/example_dags/example_branch_labels.py for tasks to queue
[2024-03-26T01:40:02.164+0000] {logging_mixin.py:188} INFO - [2024-03-26T01:40:02.163+0000] {dagbag.py:540} INFO - Filling up the DagBag from /home/airflow/.local/lib/python3.8/site-packages/airflow/example_dags/example_branch_labels.py
[2024-03-26T01:40:02.173+0000] {processor.py:840} INFO - DAG(s) 'example_branch_labels' retrieved from /home/airflow/.local/lib/python3.8/site-packages/airflow/example_dags/example_branch_labels.py
[2024-03-26T01:40:02.199+0000] {logging_mixin.py:188} INFO - [2024-03-26T01:40:02.198+0000] {dag.py:3047} INFO - Sync 1 DAGs
[2024-03-26T01:40:02.213+0000] {logging_mixin.py:188} INFO - [2024-03-26T01:40:02.213+0000] {dag.py:3834} INFO - Setting next_dagrun for example_branch_labels to 2024-03-25 00:00:00+00:00, run_after=2024-03-26 00:00:00+00:00
[2024-03-26T01:40:02.232+0000] {processor.py:183} INFO - Processing /home/airflow/.local/lib/python3.8/site-packages/airflow/example_dags/example_branch_labels.py took 0.082 seconds
[2024-03-26T01:54:00.989+0000] {processor.py:161} INFO - Started process (PID=4643) to work on /home/airflow/.local/lib/python3.8/site-packages/airflow/example_dags/example_branch_labels.py
[2024-03-26T01:54:00.990+0000] {processor.py:830} INFO - Processing file /home/airflow/.local/lib/python3.8/site-packages/airflow/example_dags/example_branch_labels.py for tasks to queue
[2024-03-26T01:54:00.991+0000] {logging_mixin.py:188} INFO - [2024-03-26T01:54:00.990+0000] {dagbag.py:540} INFO - Filling up the DagBag from /home/airflow/.local/lib/python3.8/site-packages/airflow/example_dags/example_branch_labels.py
[2024-03-26T01:54:00.995+0000] {processor.py:840} INFO - DAG(s) 'example_branch_labels' retrieved from /home/airflow/.local/lib/python3.8/site-packages/airflow/example_dags/example_branch_labels.py
[2024-03-26T01:54:01.008+0000] {logging_mixin.py:188} INFO - [2024-03-26T01:54:01.008+0000] {dag.py:3047} INFO - Sync 1 DAGs
[2024-03-26T01:54:01.018+0000] {logging_mixin.py:188} INFO - [2024-03-26T01:54:01.018+0000] {dag.py:3834} INFO - Setting next_dagrun for example_branch_labels to 2024-03-25 00:00:00+00:00, run_after=2024-03-26 00:00:00+00:00
[2024-03-26T01:54:01.025+0000] {processor.py:183} INFO - Processing /home/airflow/.local/lib/python3.8/site-packages/airflow/example_dags/example_branch_labels.py took 0.039 seconds
[2024-03-26T01:54:31.906+0000] {processor.py:161} INFO - Started process (PID=4698) to work on /home/airflow/.local/lib/python3.8/site-packages/airflow/example_dags/example_branch_labels.py
[2024-03-26T01:54:31.907+0000] {processor.py:830} INFO - Processing file /home/airflow/.local/lib/python3.8/site-packages/airflow/example_dags/example_branch_labels.py for tasks to queue
[2024-03-26T01:54:31.908+0000] {logging_mixin.py:188} INFO - [2024-03-26T01:54:31.908+0000] {dagbag.py:540} INFO - Filling up the DagBag from /home/airflow/.local/lib/python3.8/site-packages/airflow/example_dags/example_branch_labels.py
[2024-03-26T01:54:31.913+0000] {processor.py:840} INFO - DAG(s) 'example_branch_labels' retrieved from /home/airflow/.local/lib/python3.8/site-packages/airflow/example_dags/example_branch_labels.py
[2024-03-26T01:54:31.925+0000] {logging_mixin.py:188} INFO - [2024-03-26T01:54:31.925+0000] {dag.py:3047} INFO - Sync 1 DAGs
[2024-03-26T01:54:31.935+0000] {logging_mixin.py:188} INFO - [2024-03-26T01:54:31.935+0000] {dag.py:3834} INFO - Setting next_dagrun for example_branch_labels to 2024-03-25 00:00:00+00:00, run_after=2024-03-26 00:00:00+00:00
[2024-03-26T01:54:31.943+0000] {processor.py:183} INFO - Processing /home/airflow/.local/lib/python3.8/site-packages/airflow/example_dags/example_branch_labels.py took 0.039 seconds
[2024-03-26T01:55:02.531+0000] {processor.py:161} INFO - Started process (PID=4753) to work on /home/airflow/.local/lib/python3.8/site-packages/airflow/example_dags/example_branch_labels.py
[2024-03-26T01:55:02.532+0000] {processor.py:830} INFO - Processing file /home/airflow/.local/lib/python3.8/site-packages/airflow/example_dags/example_branch_labels.py for tasks to queue
[2024-03-26T01:55:02.533+0000] {logging_mixin.py:188} INFO - [2024-03-26T01:55:02.533+0000] {dagbag.py:540} INFO - Filling up the DagBag from /home/airflow/.local/lib/python3.8/site-packages/airflow/example_dags/example_branch_labels.py
[2024-03-26T01:55:02.538+0000] {processor.py:840} INFO - DAG(s) 'example_branch_labels' retrieved from /home/airflow/.local/lib/python3.8/site-packages/airflow/example_dags/example_branch_labels.py
[2024-03-26T01:55:02.550+0000] {logging_mixin.py:188} INFO - [2024-03-26T01:55:02.550+0000] {dag.py:3047} INFO - Sync 1 DAGs
[2024-03-26T01:55:02.561+0000] {logging_mixin.py:188} INFO - [2024-03-26T01:55:02.561+0000] {dag.py:3834} INFO - Setting next_dagrun for example_branch_labels to 2024-03-25 00:00:00+00:00, run_after=2024-03-26 00:00:00+00:00
[2024-03-26T01:55:02.568+0000] {processor.py:183} INFO - Processing /home/airflow/.local/lib/python3.8/site-packages/airflow/example_dags/example_branch_labels.py took 0.039 seconds
[2024-03-26T01:55:33.233+0000] {processor.py:161} INFO - Started process (PID=4808) to work on /home/airflow/.local/lib/python3.8/site-packages/airflow/example_dags/example_branch_labels.py
[2024-03-26T01:55:33.234+0000] {processor.py:830} INFO - Processing file /home/airflow/.local/lib/python3.8/site-packages/airflow/example_dags/example_branch_labels.py for tasks to queue
[2024-03-26T01:55:33.235+0000] {logging_mixin.py:188} INFO - [2024-03-26T01:55:33.234+0000] {dagbag.py:540} INFO - Filling up the DagBag from /home/airflow/.local/lib/python3.8/site-packages/airflow/example_dags/example_branch_labels.py
[2024-03-26T01:55:33.240+0000] {processor.py:840} INFO - DAG(s) 'example_branch_labels' retrieved from /home/airflow/.local/lib/python3.8/site-packages/airflow/example_dags/example_branch_labels.py
[2024-03-26T01:55:33.253+0000] {logging_mixin.py:188} INFO - [2024-03-26T01:55:33.253+0000] {dag.py:3047} INFO - Sync 1 DAGs
[2024-03-26T01:55:33.263+0000] {logging_mixin.py:188} INFO - [2024-03-26T01:55:33.263+0000] {dag.py:3834} INFO - Setting next_dagrun for example_branch_labels to 2024-03-25 00:00:00+00:00, run_after=2024-03-26 00:00:00+00:00
[2024-03-26T01:55:33.274+0000] {processor.py:183} INFO - Processing /home/airflow/.local/lib/python3.8/site-packages/airflow/example_dags/example_branch_labels.py took 0.043 seconds
[2024-03-26T01:56:03.918+0000] {processor.py:161} INFO - Started process (PID=4863) to work on /home/airflow/.local/lib/python3.8/site-packages/airflow/example_dags/example_branch_labels.py
[2024-03-26T01:56:03.919+0000] {processor.py:830} INFO - Processing file /home/airflow/.local/lib/python3.8/site-packages/airflow/example_dags/example_branch_labels.py for tasks to queue
[2024-03-26T01:56:03.919+0000] {logging_mixin.py:188} INFO - [2024-03-26T01:56:03.919+0000] {dagbag.py:540} INFO - Filling up the DagBag from /home/airflow/.local/lib/python3.8/site-packages/airflow/example_dags/example_branch_labels.py
[2024-03-26T01:56:03.924+0000] {processor.py:840} INFO - DAG(s) 'example_branch_labels' retrieved from /home/airflow/.local/lib/python3.8/site-packages/airflow/example_dags/example_branch_labels.py
[2024-03-26T01:56:03.937+0000] {logging_mixin.py:188} INFO - [2024-03-26T01:56:03.937+0000] {dag.py:3047} INFO - Sync 1 DAGs
[2024-03-26T01:56:03.948+0000] {logging_mixin.py:188} INFO - [2024-03-26T01:56:03.948+0000] {dag.py:3834} INFO - Setting next_dagrun for example_branch_labels to 2024-03-25 00:00:00+00:00, run_after=2024-03-26 00:00:00+00:00
[2024-03-26T01:56:03.957+0000] {processor.py:183} INFO - Processing /home/airflow/.local/lib/python3.8/site-packages/airflow/example_dags/example_branch_labels.py took 0.040 seconds
[2024-03-26T01:56:34.604+0000] {processor.py:161} INFO - Started process (PID=4918) to work on /home/airflow/.local/lib/python3.8/site-packages/airflow/example_dags/example_branch_labels.py
[2024-03-26T01:56:34.605+0000] {processor.py:830} INFO - Processing file /home/airflow/.local/lib/python3.8/site-packages/airflow/example_dags/example_branch_labels.py for tasks to queue
[2024-03-26T01:56:34.606+0000] {logging_mixin.py:188} INFO - [2024-03-26T01:56:34.606+0000] {dagbag.py:540} INFO - Filling up the DagBag from /home/airflow/.local/lib/python3.8/site-packages/airflow/example_dags/example_branch_labels.py
[2024-03-26T01:56:34.611+0000] {processor.py:840} INFO - DAG(s) 'example_branch_labels' retrieved from /home/airflow/.local/lib/python3.8/site-packages/airflow/example_dags/example_branch_labels.py
[2024-03-26T01:56:34.625+0000] {logging_mixin.py:188} INFO - [2024-03-26T01:56:34.625+0000] {dag.py:3047} INFO - Sync 1 DAGs
[2024-03-26T01:56:34.640+0000] {logging_mixin.py:188} INFO - [2024-03-26T01:56:34.639+0000] {dag.py:3834} INFO - Setting next_dagrun for example_branch_labels to 2024-03-25 00:00:00+00:00, run_after=2024-03-26 00:00:00+00:00
[2024-03-26T01:56:34.658+0000] {processor.py:183} INFO - Processing /home/airflow/.local/lib/python3.8/site-packages/airflow/example_dags/example_branch_labels.py took 0.056 seconds
[2024-03-26T01:57:05.316+0000] {processor.py:161} INFO - Started process (PID=4973) to work on /home/airflow/.local/lib/python3.8/site-packages/airflow/example_dags/example_branch_labels.py
[2024-03-26T01:57:05.316+0000] {processor.py:830} INFO - Processing file /home/airflow/.local/lib/python3.8/site-packages/airflow/example_dags/example_branch_labels.py for tasks to queue
[2024-03-26T01:57:05.317+0000] {logging_mixin.py:188} INFO - [2024-03-26T01:57:05.317+0000] {dagbag.py:540} INFO - Filling up the DagBag from /home/airflow/.local/lib/python3.8/site-packages/airflow/example_dags/example_branch_labels.py
[2024-03-26T01:57:05.322+0000] {processor.py:840} INFO - DAG(s) 'example_branch_labels' retrieved from /home/airflow/.local/lib/python3.8/site-packages/airflow/example_dags/example_branch_labels.py
[2024-03-26T01:57:05.334+0000] {logging_mixin.py:188} INFO - [2024-03-26T01:57:05.334+0000] {dag.py:3047} INFO - Sync 1 DAGs
[2024-03-26T01:57:05.344+0000] {logging_mixin.py:188} INFO - [2024-03-26T01:57:05.344+0000] {dag.py:3834} INFO - Setting next_dagrun for example_branch_labels to 2024-03-25 00:00:00+00:00, run_after=2024-03-26 00:00:00+00:00
[2024-03-26T01:57:05.351+0000] {processor.py:183} INFO - Processing /home/airflow/.local/lib/python3.8/site-packages/airflow/example_dags/example_branch_labels.py took 0.038 seconds
[2024-03-26T01:57:35.971+0000] {processor.py:161} INFO - Started process (PID=5028) to work on /home/airflow/.local/lib/python3.8/site-packages/airflow/example_dags/example_branch_labels.py
[2024-03-26T01:57:35.972+0000] {processor.py:830} INFO - Processing file /home/airflow/.local/lib/python3.8/site-packages/airflow/example_dags/example_branch_labels.py for tasks to queue
[2024-03-26T01:57:35.973+0000] {logging_mixin.py:188} INFO - [2024-03-26T01:57:35.973+0000] {dagbag.py:540} INFO - Filling up the DagBag from /home/airflow/.local/lib/python3.8/site-packages/airflow/example_dags/example_branch_labels.py
[2024-03-26T01:57:35.978+0000] {processor.py:840} INFO - DAG(s) 'example_branch_labels' retrieved from /home/airflow/.local/lib/python3.8/site-packages/airflow/example_dags/example_branch_labels.py
[2024-03-26T01:57:35.990+0000] {logging_mixin.py:188} INFO - [2024-03-26T01:57:35.990+0000] {dag.py:3047} INFO - Sync 1 DAGs
[2024-03-26T01:57:36.001+0000] {logging_mixin.py:188} INFO - [2024-03-26T01:57:36.001+0000] {dag.py:3834} INFO - Setting next_dagrun for example_branch_labels to 2024-03-25 00:00:00+00:00, run_after=2024-03-26 00:00:00+00:00
[2024-03-26T01:57:36.009+0000] {processor.py:183} INFO - Processing /home/airflow/.local/lib/python3.8/site-packages/airflow/example_dags/example_branch_labels.py took 0.040 seconds
[2024-03-26T01:58:06.699+0000] {processor.py:161} INFO - Started process (PID=5089) to work on /home/airflow/.local/lib/python3.8/site-packages/airflow/example_dags/example_branch_labels.py
[2024-03-26T01:58:06.700+0000] {processor.py:830} INFO - Processing file /home/airflow/.local/lib/python3.8/site-packages/airflow/example_dags/example_branch_labels.py for tasks to queue
[2024-03-26T01:58:06.701+0000] {logging_mixin.py:188} INFO - [2024-03-26T01:58:06.701+0000] {dagbag.py:540} INFO - Filling up the DagBag from /home/airflow/.local/lib/python3.8/site-packages/airflow/example_dags/example_branch_labels.py
[2024-03-26T01:58:06.706+0000] {processor.py:840} INFO - DAG(s) 'example_branch_labels' retrieved from /home/airflow/.local/lib/python3.8/site-packages/airflow/example_dags/example_branch_labels.py
[2024-03-26T01:58:06.718+0000] {logging_mixin.py:188} INFO - [2024-03-26T01:58:06.718+0000] {dag.py:3047} INFO - Sync 1 DAGs
[2024-03-26T01:58:06.728+0000] {logging_mixin.py:188} INFO - [2024-03-26T01:58:06.728+0000] {dag.py:3834} INFO - Setting next_dagrun for example_branch_labels to 2024-03-25 00:00:00+00:00, run_after=2024-03-26 00:00:00+00:00
[2024-03-26T01:58:06.736+0000] {processor.py:183} INFO - Processing /home/airflow/.local/lib/python3.8/site-packages/airflow/example_dags/example_branch_labels.py took 0.038 seconds
[2024-03-26T01:58:37.436+0000] {processor.py:161} INFO - Started process (PID=5144) to work on /home/airflow/.local/lib/python3.8/site-packages/airflow/example_dags/example_branch_labels.py
[2024-03-26T01:58:37.437+0000] {processor.py:830} INFO - Processing file /home/airflow/.local/lib/python3.8/site-packages/airflow/example_dags/example_branch_labels.py for tasks to queue
[2024-03-26T01:58:37.438+0000] {logging_mixin.py:188} INFO - [2024-03-26T01:58:37.437+0000] {dagbag.py:540} INFO - Filling up the DagBag from /home/airflow/.local/lib/python3.8/site-packages/airflow/example_dags/example_branch_labels.py
[2024-03-26T01:58:37.443+0000] {processor.py:840} INFO - DAG(s) 'example_branch_labels' retrieved from /home/airflow/.local/lib/python3.8/site-packages/airflow/example_dags/example_branch_labels.py
[2024-03-26T01:58:37.455+0000] {logging_mixin.py:188} INFO - [2024-03-26T01:58:37.455+0000] {dag.py:3047} INFO - Sync 1 DAGs
[2024-03-26T01:58:37.465+0000] {logging_mixin.py:188} INFO - [2024-03-26T01:58:37.465+0000] {dag.py:3834} INFO - Setting next_dagrun for example_branch_labels to 2024-03-25 00:00:00+00:00, run_after=2024-03-26 00:00:00+00:00
[2024-03-26T01:58:37.472+0000] {processor.py:183} INFO - Processing /home/airflow/.local/lib/python3.8/site-packages/airflow/example_dags/example_branch_labels.py took 0.037 seconds
[2024-03-26T01:59:08.273+0000] {processor.py:161} INFO - Started process (PID=5199) to work on /home/airflow/.local/lib/python3.8/site-packages/airflow/example_dags/example_branch_labels.py
[2024-03-26T01:59:08.273+0000] {processor.py:830} INFO - Processing file /home/airflow/.local/lib/python3.8/site-packages/airflow/example_dags/example_branch_labels.py for tasks to queue
[2024-03-26T01:59:08.274+0000] {logging_mixin.py:188} INFO - [2024-03-26T01:59:08.274+0000] {dagbag.py:540} INFO - Filling up the DagBag from /home/airflow/.local/lib/python3.8/site-packages/airflow/example_dags/example_branch_labels.py
[2024-03-26T01:59:08.279+0000] {processor.py:840} INFO - DAG(s) 'example_branch_labels' retrieved from /home/airflow/.local/lib/python3.8/site-packages/airflow/example_dags/example_branch_labels.py
[2024-03-26T01:59:08.291+0000] {logging_mixin.py:188} INFO - [2024-03-26T01:59:08.291+0000] {dag.py:3047} INFO - Sync 1 DAGs
[2024-03-26T01:59:08.301+0000] {logging_mixin.py:188} INFO - [2024-03-26T01:59:08.301+0000] {dag.py:3834} INFO - Setting next_dagrun for example_branch_labels to 2024-03-25 00:00:00+00:00, run_after=2024-03-26 00:00:00+00:00
[2024-03-26T01:59:08.308+0000] {processor.py:183} INFO - Processing /home/airflow/.local/lib/python3.8/site-packages/airflow/example_dags/example_branch_labels.py took 0.037 seconds
[2024-03-26T01:59:39.162+0000] {processor.py:161} INFO - Started process (PID=5254) to work on /home/airflow/.local/lib/python3.8/site-packages/airflow/example_dags/example_branch_labels.py
[2024-03-26T01:59:39.163+0000] {processor.py:830} INFO - Processing file /home/airflow/.local/lib/python3.8/site-packages/airflow/example_dags/example_branch_labels.py for tasks to queue
[2024-03-26T01:59:39.164+0000] {logging_mixin.py:188} INFO - [2024-03-26T01:59:39.164+0000] {dagbag.py:540} INFO - Filling up the DagBag from /home/airflow/.local/lib/python3.8/site-packages/airflow/example_dags/example_branch_labels.py
[2024-03-26T01:59:39.170+0000] {processor.py:840} INFO - DAG(s) 'example_branch_labels' retrieved from /home/airflow/.local/lib/python3.8/site-packages/airflow/example_dags/example_branch_labels.py
[2024-03-26T01:59:39.186+0000] {logging_mixin.py:188} INFO - [2024-03-26T01:59:39.186+0000] {dag.py:3047} INFO - Sync 1 DAGs
[2024-03-26T01:59:39.197+0000] {logging_mixin.py:188} INFO - [2024-03-26T01:59:39.197+0000] {dag.py:3834} INFO - Setting next_dagrun for example_branch_labels to 2024-03-25 00:00:00+00:00, run_after=2024-03-26 00:00:00+00:00
[2024-03-26T01:59:39.206+0000] {processor.py:183} INFO - Processing /home/airflow/.local/lib/python3.8/site-packages/airflow/example_dags/example_branch_labels.py took 0.046 seconds
[2024-03-26T02:00:09.810+0000] {processor.py:161} INFO - Started process (PID=5309) to work on /home/airflow/.local/lib/python3.8/site-packages/airflow/example_dags/example_branch_labels.py
[2024-03-26T02:00:09.811+0000] {processor.py:830} INFO - Processing file /home/airflow/.local/lib/python3.8/site-packages/airflow/example_dags/example_branch_labels.py for tasks to queue
[2024-03-26T02:00:09.812+0000] {logging_mixin.py:188} INFO - [2024-03-26T02:00:09.811+0000] {dagbag.py:540} INFO - Filling up the DagBag from /home/airflow/.local/lib/python3.8/site-packages/airflow/example_dags/example_branch_labels.py
[2024-03-26T02:00:09.817+0000] {processor.py:840} INFO - DAG(s) 'example_branch_labels' retrieved from /home/airflow/.local/lib/python3.8/site-packages/airflow/example_dags/example_branch_labels.py
[2024-03-26T02:00:09.830+0000] {logging_mixin.py:188} INFO - [2024-03-26T02:00:09.830+0000] {dag.py:3047} INFO - Sync 1 DAGs
[2024-03-26T02:00:09.841+0000] {logging_mixin.py:188} INFO - [2024-03-26T02:00:09.841+0000] {dag.py:3834} INFO - Setting next_dagrun for example_branch_labels to 2024-03-25 00:00:00+00:00, run_after=2024-03-26 00:00:00+00:00
[2024-03-26T02:00:09.850+0000] {processor.py:183} INFO - Processing /home/airflow/.local/lib/python3.8/site-packages/airflow/example_dags/example_branch_labels.py took 0.042 seconds
[2024-03-26T02:00:40.473+0000] {processor.py:161} INFO - Started process (PID=5364) to work on /home/airflow/.local/lib/python3.8/site-packages/airflow/example_dags/example_branch_labels.py
[2024-03-26T02:00:40.474+0000] {processor.py:830} INFO - Processing file /home/airflow/.local/lib/python3.8/site-packages/airflow/example_dags/example_branch_labels.py for tasks to queue
[2024-03-26T02:00:40.475+0000] {logging_mixin.py:188} INFO - [2024-03-26T02:00:40.474+0000] {dagbag.py:540} INFO - Filling up the DagBag from /home/airflow/.local/lib/python3.8/site-packages/airflow/example_dags/example_branch_labels.py
[2024-03-26T02:00:40.479+0000] {processor.py:840} INFO - DAG(s) 'example_branch_labels' retrieved from /home/airflow/.local/lib/python3.8/site-packages/airflow/example_dags/example_branch_labels.py
[2024-03-26T02:00:40.492+0000] {logging_mixin.py:188} INFO - [2024-03-26T02:00:40.492+0000] {dag.py:3047} INFO - Sync 1 DAGs
[2024-03-26T02:00:40.503+0000] {logging_mixin.py:188} INFO - [2024-03-26T02:00:40.503+0000] {dag.py:3834} INFO - Setting next_dagrun for example_branch_labels to 2024-03-25 00:00:00+00:00, run_after=2024-03-26 00:00:00+00:00
[2024-03-26T02:00:40.512+0000] {processor.py:183} INFO - Processing /home/airflow/.local/lib/python3.8/site-packages/airflow/example_dags/example_branch_labels.py took 0.041 seconds
[2024-03-26T02:01:11.214+0000] {processor.py:161} INFO - Started process (PID=5419) to work on /home/airflow/.local/lib/python3.8/site-packages/airflow/example_dags/example_branch_labels.py
[2024-03-26T02:01:11.215+0000] {processor.py:830} INFO - Processing file /home/airflow/.local/lib/python3.8/site-packages/airflow/example_dags/example_branch_labels.py for tasks to queue
[2024-03-26T02:01:11.216+0000] {logging_mixin.py:188} INFO - [2024-03-26T02:01:11.215+0000] {dagbag.py:540} INFO - Filling up the DagBag from /home/airflow/.local/lib/python3.8/site-packages/airflow/example_dags/example_branch_labels.py
[2024-03-26T02:01:11.220+0000] {processor.py:840} INFO - DAG(s) 'example_branch_labels' retrieved from /home/airflow/.local/lib/python3.8/site-packages/airflow/example_dags/example_branch_labels.py
[2024-03-26T02:01:11.232+0000] {logging_mixin.py:188} INFO - [2024-03-26T02:01:11.232+0000] {dag.py:3047} INFO - Sync 1 DAGs
[2024-03-26T02:01:11.243+0000] {logging_mixin.py:188} INFO - [2024-03-26T02:01:11.243+0000] {dag.py:3834} INFO - Setting next_dagrun for example_branch_labels to 2024-03-25 00:00:00+00:00, run_after=2024-03-26 00:00:00+00:00
[2024-03-26T02:01:11.250+0000] {processor.py:183} INFO - Processing /home/airflow/.local/lib/python3.8/site-packages/airflow/example_dags/example_branch_labels.py took 0.038 seconds
[2024-03-26T02:01:41.745+0000] {processor.py:161} INFO - Started process (PID=5474) to work on /home/airflow/.local/lib/python3.8/site-packages/airflow/example_dags/example_branch_labels.py
[2024-03-26T02:01:41.746+0000] {processor.py:830} INFO - Processing file /home/airflow/.local/lib/python3.8/site-packages/airflow/example_dags/example_branch_labels.py for tasks to queue
[2024-03-26T02:01:41.747+0000] {logging_mixin.py:188} INFO - [2024-03-26T02:01:41.747+0000] {dagbag.py:540} INFO - Filling up the DagBag from /home/airflow/.local/lib/python3.8/site-packages/airflow/example_dags/example_branch_labels.py
[2024-03-26T02:01:41.752+0000] {processor.py:840} INFO - DAG(s) 'example_branch_labels' retrieved from /home/airflow/.local/lib/python3.8/site-packages/airflow/example_dags/example_branch_labels.py
[2024-03-26T02:01:41.764+0000] {logging_mixin.py:188} INFO - [2024-03-26T02:01:41.764+0000] {dag.py:3047} INFO - Sync 1 DAGs
[2024-03-26T02:01:41.774+0000] {logging_mixin.py:188} INFO - [2024-03-26T02:01:41.774+0000] {dag.py:3834} INFO - Setting next_dagrun for example_branch_labels to 2024-03-25 00:00:00+00:00, run_after=2024-03-26 00:00:00+00:00
[2024-03-26T02:01:41.782+0000] {processor.py:183} INFO - Processing /home/airflow/.local/lib/python3.8/site-packages/airflow/example_dags/example_branch_labels.py took 0.039 seconds
[2024-03-26T02:02:12.408+0000] {processor.py:161} INFO - Started process (PID=5529) to work on /home/airflow/.local/lib/python3.8/site-packages/airflow/example_dags/example_branch_labels.py
[2024-03-26T02:02:12.409+0000] {processor.py:830} INFO - Processing file /home/airflow/.local/lib/python3.8/site-packages/airflow/example_dags/example_branch_labels.py for tasks to queue
[2024-03-26T02:02:12.410+0000] {logging_mixin.py:188} INFO - [2024-03-26T02:02:12.410+0000] {dagbag.py:540} INFO - Filling up the DagBag from /home/airflow/.local/lib/python3.8/site-packages/airflow/example_dags/example_branch_labels.py
[2024-03-26T02:02:12.415+0000] {processor.py:840} INFO - DAG(s) 'example_branch_labels' retrieved from /home/airflow/.local/lib/python3.8/site-packages/airflow/example_dags/example_branch_labels.py
[2024-03-26T02:02:12.428+0000] {logging_mixin.py:188} INFO - [2024-03-26T02:02:12.428+0000] {dag.py:3047} INFO - Sync 1 DAGs
[2024-03-26T02:02:12.438+0000] {logging_mixin.py:188} INFO - [2024-03-26T02:02:12.438+0000] {dag.py:3834} INFO - Setting next_dagrun for example_branch_labels to 2024-03-25 00:00:00+00:00, run_after=2024-03-26 00:00:00+00:00
[2024-03-26T02:02:12.446+0000] {processor.py:183} INFO - Processing /home/airflow/.local/lib/python3.8/site-packages/airflow/example_dags/example_branch_labels.py took 0.040 seconds
[2024-03-26T02:02:43.248+0000] {processor.py:161} INFO - Started process (PID=5584) to work on /home/airflow/.local/lib/python3.8/site-packages/airflow/example_dags/example_branch_labels.py
[2024-03-26T02:02:43.249+0000] {processor.py:830} INFO - Processing file /home/airflow/.local/lib/python3.8/site-packages/airflow/example_dags/example_branch_labels.py for tasks to queue
[2024-03-26T02:02:43.251+0000] {logging_mixin.py:188} INFO - [2024-03-26T02:02:43.250+0000] {dagbag.py:540} INFO - Filling up the DagBag from /home/airflow/.local/lib/python3.8/site-packages/airflow/example_dags/example_branch_labels.py
[2024-03-26T02:02:43.256+0000] {processor.py:840} INFO - DAG(s) 'example_branch_labels' retrieved from /home/airflow/.local/lib/python3.8/site-packages/airflow/example_dags/example_branch_labels.py
[2024-03-26T02:02:43.269+0000] {logging_mixin.py:188} INFO - [2024-03-26T02:02:43.269+0000] {dag.py:3047} INFO - Sync 1 DAGs
[2024-03-26T02:02:43.279+0000] {logging_mixin.py:188} INFO - [2024-03-26T02:02:43.279+0000] {dag.py:3834} INFO - Setting next_dagrun for example_branch_labels to 2024-03-25 00:00:00+00:00, run_after=2024-03-26 00:00:00+00:00
[2024-03-26T02:02:43.288+0000] {processor.py:183} INFO - Processing /home/airflow/.local/lib/python3.8/site-packages/airflow/example_dags/example_branch_labels.py took 0.042 seconds
[2024-03-26T02:03:14.043+0000] {processor.py:161} INFO - Started process (PID=5639) to work on /home/airflow/.local/lib/python3.8/site-packages/airflow/example_dags/example_branch_labels.py
[2024-03-26T02:03:14.043+0000] {processor.py:830} INFO - Processing file /home/airflow/.local/lib/python3.8/site-packages/airflow/example_dags/example_branch_labels.py for tasks to queue
[2024-03-26T02:03:14.044+0000] {logging_mixin.py:188} INFO - [2024-03-26T02:03:14.044+0000] {dagbag.py:540} INFO - Filling up the DagBag from /home/airflow/.local/lib/python3.8/site-packages/airflow/example_dags/example_branch_labels.py
[2024-03-26T02:03:14.049+0000] {processor.py:840} INFO - DAG(s) 'example_branch_labels' retrieved from /home/airflow/.local/lib/python3.8/site-packages/airflow/example_dags/example_branch_labels.py
[2024-03-26T02:03:14.061+0000] {logging_mixin.py:188} INFO - [2024-03-26T02:03:14.061+0000] {dag.py:3047} INFO - Sync 1 DAGs
[2024-03-26T02:03:14.071+0000] {logging_mixin.py:188} INFO - [2024-03-26T02:03:14.071+0000] {dag.py:3834} INFO - Setting next_dagrun for example_branch_labels to 2024-03-25 00:00:00+00:00, run_after=2024-03-26 00:00:00+00:00
[2024-03-26T02:03:14.078+0000] {processor.py:183} INFO - Processing /home/airflow/.local/lib/python3.8/site-packages/airflow/example_dags/example_branch_labels.py took 0.037 seconds
[2024-03-26T02:03:44.820+0000] {processor.py:161} INFO - Started process (PID=5694) to work on /home/airflow/.local/lib/python3.8/site-packages/airflow/example_dags/example_branch_labels.py
[2024-03-26T02:03:44.820+0000] {processor.py:830} INFO - Processing file /home/airflow/.local/lib/python3.8/site-packages/airflow/example_dags/example_branch_labels.py for tasks to queue
[2024-03-26T02:03:44.821+0000] {logging_mixin.py:188} INFO - [2024-03-26T02:03:44.821+0000] {dagbag.py:540} INFO - Filling up the DagBag from /home/airflow/.local/lib/python3.8/site-packages/airflow/example_dags/example_branch_labels.py
[2024-03-26T02:03:44.826+0000] {processor.py:840} INFO - DAG(s) 'example_branch_labels' retrieved from /home/airflow/.local/lib/python3.8/site-packages/airflow/example_dags/example_branch_labels.py
[2024-03-26T02:03:44.839+0000] {logging_mixin.py:188} INFO - [2024-03-26T02:03:44.839+0000] {dag.py:3047} INFO - Sync 1 DAGs
[2024-03-26T02:03:44.849+0000] {logging_mixin.py:188} INFO - [2024-03-26T02:03:44.849+0000] {dag.py:3834} INFO - Setting next_dagrun for example_branch_labels to 2024-03-25 00:00:00+00:00, run_after=2024-03-26 00:00:00+00:00
[2024-03-26T02:03:44.857+0000] {processor.py:183} INFO - Processing /home/airflow/.local/lib/python3.8/site-packages/airflow/example_dags/example_branch_labels.py took 0.040 seconds
[2024-03-26T02:04:15.521+0000] {processor.py:161} INFO - Started process (PID=5749) to work on /home/airflow/.local/lib/python3.8/site-packages/airflow/example_dags/example_branch_labels.py
[2024-03-26T02:04:15.521+0000] {processor.py:830} INFO - Processing file /home/airflow/.local/lib/python3.8/site-packages/airflow/example_dags/example_branch_labels.py for tasks to queue
[2024-03-26T02:04:15.523+0000] {logging_mixin.py:188} INFO - [2024-03-26T02:04:15.522+0000] {dagbag.py:540} INFO - Filling up the DagBag from /home/airflow/.local/lib/python3.8/site-packages/airflow/example_dags/example_branch_labels.py
[2024-03-26T02:04:15.528+0000] {processor.py:840} INFO - DAG(s) 'example_branch_labels' retrieved from /home/airflow/.local/lib/python3.8/site-packages/airflow/example_dags/example_branch_labels.py
[2024-03-26T02:04:15.542+0000] {logging_mixin.py:188} INFO - [2024-03-26T02:04:15.541+0000] {dag.py:3047} INFO - Sync 1 DAGs
[2024-03-26T02:04:15.552+0000] {logging_mixin.py:188} INFO - [2024-03-26T02:04:15.551+0000] {dag.py:3834} INFO - Setting next_dagrun for example_branch_labels to 2024-03-25 00:00:00+00:00, run_after=2024-03-26 00:00:00+00:00
[2024-03-26T02:04:15.559+0000] {processor.py:183} INFO - Processing /home/airflow/.local/lib/python3.8/site-packages/airflow/example_dags/example_branch_labels.py took 0.040 seconds
[2024-03-26T02:04:46.180+0000] {processor.py:161} INFO - Started process (PID=5804) to work on /home/airflow/.local/lib/python3.8/site-packages/airflow/example_dags/example_branch_labels.py
[2024-03-26T02:04:46.181+0000] {processor.py:830} INFO - Processing file /home/airflow/.local/lib/python3.8/site-packages/airflow/example_dags/example_branch_labels.py for tasks to queue
[2024-03-26T02:04:46.182+0000] {logging_mixin.py:188} INFO - [2024-03-26T02:04:46.182+0000] {dagbag.py:540} INFO - Filling up the DagBag from /home/airflow/.local/lib/python3.8/site-packages/airflow/example_dags/example_branch_labels.py
[2024-03-26T02:04:46.186+0000] {processor.py:840} INFO - DAG(s) 'example_branch_labels' retrieved from /home/airflow/.local/lib/python3.8/site-packages/airflow/example_dags/example_branch_labels.py
[2024-03-26T02:04:46.199+0000] {logging_mixin.py:188} INFO - [2024-03-26T02:04:46.199+0000] {dag.py:3047} INFO - Sync 1 DAGs
[2024-03-26T02:04:46.209+0000] {logging_mixin.py:188} INFO - [2024-03-26T02:04:46.208+0000] {dag.py:3834} INFO - Setting next_dagrun for example_branch_labels to 2024-03-25 00:00:00+00:00, run_after=2024-03-26 00:00:00+00:00
[2024-03-26T02:04:46.216+0000] {processor.py:183} INFO - Processing /home/airflow/.local/lib/python3.8/site-packages/airflow/example_dags/example_branch_labels.py took 0.038 seconds
[2024-03-26T02:05:16.841+0000] {processor.py:161} INFO - Started process (PID=5859) to work on /home/airflow/.local/lib/python3.8/site-packages/airflow/example_dags/example_branch_labels.py
[2024-03-26T02:05:16.842+0000] {processor.py:830} INFO - Processing file /home/airflow/.local/lib/python3.8/site-packages/airflow/example_dags/example_branch_labels.py for tasks to queue
[2024-03-26T02:05:16.843+0000] {logging_mixin.py:188} INFO - [2024-03-26T02:05:16.842+0000] {dagbag.py:540} INFO - Filling up the DagBag from /home/airflow/.local/lib/python3.8/site-packages/airflow/example_dags/example_branch_labels.py
[2024-03-26T02:05:16.848+0000] {processor.py:840} INFO - DAG(s) 'example_branch_labels' retrieved from /home/airflow/.local/lib/python3.8/site-packages/airflow/example_dags/example_branch_labels.py
[2024-03-26T02:05:16.860+0000] {logging_mixin.py:188} INFO - [2024-03-26T02:05:16.860+0000] {dag.py:3047} INFO - Sync 1 DAGs
[2024-03-26T02:05:16.871+0000] {logging_mixin.py:188} INFO - [2024-03-26T02:05:16.870+0000] {dag.py:3834} INFO - Setting next_dagrun for example_branch_labels to 2024-03-25 00:00:00+00:00, run_after=2024-03-26 00:00:00+00:00
[2024-03-26T02:05:16.878+0000] {processor.py:183} INFO - Processing /home/airflow/.local/lib/python3.8/site-packages/airflow/example_dags/example_branch_labels.py took 0.039 seconds
[2024-03-26T02:05:47.550+0000] {processor.py:161} INFO - Started process (PID=5915) to work on /home/airflow/.local/lib/python3.8/site-packages/airflow/example_dags/example_branch_labels.py
[2024-03-26T02:05:47.551+0000] {processor.py:830} INFO - Processing file /home/airflow/.local/lib/python3.8/site-packages/airflow/example_dags/example_branch_labels.py for tasks to queue
[2024-03-26T02:05:47.552+0000] {logging_mixin.py:188} INFO - [2024-03-26T02:05:47.552+0000] {dagbag.py:540} INFO - Filling up the DagBag from /home/airflow/.local/lib/python3.8/site-packages/airflow/example_dags/example_branch_labels.py
[2024-03-26T02:05:47.556+0000] {processor.py:840} INFO - DAG(s) 'example_branch_labels' retrieved from /home/airflow/.local/lib/python3.8/site-packages/airflow/example_dags/example_branch_labels.py
[2024-03-26T02:05:47.569+0000] {logging_mixin.py:188} INFO - [2024-03-26T02:05:47.569+0000] {dag.py:3047} INFO - Sync 1 DAGs
[2024-03-26T02:05:47.579+0000] {logging_mixin.py:188} INFO - [2024-03-26T02:05:47.579+0000] {dag.py:3834} INFO - Setting next_dagrun for example_branch_labels to 2024-03-25 00:00:00+00:00, run_after=2024-03-26 00:00:00+00:00
[2024-03-26T02:05:47.587+0000] {processor.py:183} INFO - Processing /home/airflow/.local/lib/python3.8/site-packages/airflow/example_dags/example_branch_labels.py took 0.039 seconds
[2024-03-26T02:06:18.328+0000] {processor.py:161} INFO - Started process (PID=5969) to work on /home/airflow/.local/lib/python3.8/site-packages/airflow/example_dags/example_branch_labels.py
[2024-03-26T02:06:18.328+0000] {processor.py:830} INFO - Processing file /home/airflow/.local/lib/python3.8/site-packages/airflow/example_dags/example_branch_labels.py for tasks to queue
[2024-03-26T02:06:18.329+0000] {logging_mixin.py:188} INFO - [2024-03-26T02:06:18.329+0000] {dagbag.py:540} INFO - Filling up the DagBag from /home/airflow/.local/lib/python3.8/site-packages/airflow/example_dags/example_branch_labels.py
[2024-03-26T02:06:18.334+0000] {processor.py:840} INFO - DAG(s) 'example_branch_labels' retrieved from /home/airflow/.local/lib/python3.8/site-packages/airflow/example_dags/example_branch_labels.py
[2024-03-26T02:06:18.346+0000] {logging_mixin.py:188} INFO - [2024-03-26T02:06:18.346+0000] {dag.py:3047} INFO - Sync 1 DAGs
[2024-03-26T02:06:18.356+0000] {logging_mixin.py:188} INFO - [2024-03-26T02:06:18.356+0000] {dag.py:3834} INFO - Setting next_dagrun for example_branch_labels to 2024-03-25 00:00:00+00:00, run_after=2024-03-26 00:00:00+00:00
[2024-03-26T02:06:18.364+0000] {processor.py:183} INFO - Processing /home/airflow/.local/lib/python3.8/site-packages/airflow/example_dags/example_branch_labels.py took 0.038 seconds
[2024-03-26T02:06:48.939+0000] {processor.py:161} INFO - Started process (PID=6024) to work on /home/airflow/.local/lib/python3.8/site-packages/airflow/example_dags/example_branch_labels.py
[2024-03-26T02:06:48.940+0000] {processor.py:830} INFO - Processing file /home/airflow/.local/lib/python3.8/site-packages/airflow/example_dags/example_branch_labels.py for tasks to queue
[2024-03-26T02:06:48.941+0000] {logging_mixin.py:188} INFO - [2024-03-26T02:06:48.941+0000] {dagbag.py:540} INFO - Filling up the DagBag from /home/airflow/.local/lib/python3.8/site-packages/airflow/example_dags/example_branch_labels.py
[2024-03-26T02:06:48.946+0000] {processor.py:840} INFO - DAG(s) 'example_branch_labels' retrieved from /home/airflow/.local/lib/python3.8/site-packages/airflow/example_dags/example_branch_labels.py
[2024-03-26T02:06:48.959+0000] {logging_mixin.py:188} INFO - [2024-03-26T02:06:48.959+0000] {dag.py:3047} INFO - Sync 1 DAGs
[2024-03-26T02:06:48.969+0000] {logging_mixin.py:188} INFO - [2024-03-26T02:06:48.969+0000] {dag.py:3834} INFO - Setting next_dagrun for example_branch_labels to 2024-03-25 00:00:00+00:00, run_after=2024-03-26 00:00:00+00:00
[2024-03-26T02:06:48.977+0000] {processor.py:183} INFO - Processing /home/airflow/.local/lib/python3.8/site-packages/airflow/example_dags/example_branch_labels.py took 0.040 seconds
[2024-03-26T02:07:19.588+0000] {processor.py:161} INFO - Started process (PID=6079) to work on /home/airflow/.local/lib/python3.8/site-packages/airflow/example_dags/example_branch_labels.py
[2024-03-26T02:07:19.589+0000] {processor.py:830} INFO - Processing file /home/airflow/.local/lib/python3.8/site-packages/airflow/example_dags/example_branch_labels.py for tasks to queue
[2024-03-26T02:07:19.590+0000] {logging_mixin.py:188} INFO - [2024-03-26T02:07:19.589+0000] {dagbag.py:540} INFO - Filling up the DagBag from /home/airflow/.local/lib/python3.8/site-packages/airflow/example_dags/example_branch_labels.py
[2024-03-26T02:07:19.594+0000] {processor.py:840} INFO - DAG(s) 'example_branch_labels' retrieved from /home/airflow/.local/lib/python3.8/site-packages/airflow/example_dags/example_branch_labels.py
[2024-03-26T02:07:19.607+0000] {logging_mixin.py:188} INFO - [2024-03-26T02:07:19.607+0000] {dag.py:3047} INFO - Sync 1 DAGs
[2024-03-26T02:07:19.617+0000] {logging_mixin.py:188} INFO - [2024-03-26T02:07:19.617+0000] {dag.py:3834} INFO - Setting next_dagrun for example_branch_labels to 2024-03-25 00:00:00+00:00, run_after=2024-03-26 00:00:00+00:00
[2024-03-26T02:07:19.624+0000] {processor.py:183} INFO - Processing /home/airflow/.local/lib/python3.8/site-packages/airflow/example_dags/example_branch_labels.py took 0.038 seconds
[2024-03-26T02:07:50.193+0000] {processor.py:161} INFO - Started process (PID=6134) to work on /home/airflow/.local/lib/python3.8/site-packages/airflow/example_dags/example_branch_labels.py
[2024-03-26T02:07:50.194+0000] {processor.py:830} INFO - Processing file /home/airflow/.local/lib/python3.8/site-packages/airflow/example_dags/example_branch_labels.py for tasks to queue
[2024-03-26T02:07:50.195+0000] {logging_mixin.py:188} INFO - [2024-03-26T02:07:50.195+0000] {dagbag.py:540} INFO - Filling up the DagBag from /home/airflow/.local/lib/python3.8/site-packages/airflow/example_dags/example_branch_labels.py
[2024-03-26T02:07:50.200+0000] {processor.py:840} INFO - DAG(s) 'example_branch_labels' retrieved from /home/airflow/.local/lib/python3.8/site-packages/airflow/example_dags/example_branch_labels.py
[2024-03-26T02:07:50.212+0000] {logging_mixin.py:188} INFO - [2024-03-26T02:07:50.212+0000] {dag.py:3047} INFO - Sync 1 DAGs
[2024-03-26T02:07:50.223+0000] {logging_mixin.py:188} INFO - [2024-03-26T02:07:50.223+0000] {dag.py:3834} INFO - Setting next_dagrun for example_branch_labels to 2024-03-25 00:00:00+00:00, run_after=2024-03-26 00:00:00+00:00
[2024-03-26T02:07:50.230+0000] {processor.py:183} INFO - Processing /home/airflow/.local/lib/python3.8/site-packages/airflow/example_dags/example_branch_labels.py took 0.039 seconds
[2024-03-26T02:08:20.834+0000] {processor.py:161} INFO - Started process (PID=6189) to work on /home/airflow/.local/lib/python3.8/site-packages/airflow/example_dags/example_branch_labels.py
[2024-03-26T02:08:20.834+0000] {processor.py:830} INFO - Processing file /home/airflow/.local/lib/python3.8/site-packages/airflow/example_dags/example_branch_labels.py for tasks to queue
[2024-03-26T02:08:20.835+0000] {logging_mixin.py:188} INFO - [2024-03-26T02:08:20.835+0000] {dagbag.py:540} INFO - Filling up the DagBag from /home/airflow/.local/lib/python3.8/site-packages/airflow/example_dags/example_branch_labels.py
[2024-03-26T02:08:20.840+0000] {processor.py:840} INFO - DAG(s) 'example_branch_labels' retrieved from /home/airflow/.local/lib/python3.8/site-packages/airflow/example_dags/example_branch_labels.py
[2024-03-26T02:08:20.852+0000] {logging_mixin.py:188} INFO - [2024-03-26T02:08:20.852+0000] {dag.py:3047} INFO - Sync 1 DAGs
[2024-03-26T02:08:20.863+0000] {logging_mixin.py:188} INFO - [2024-03-26T02:08:20.863+0000] {dag.py:3834} INFO - Setting next_dagrun for example_branch_labels to 2024-03-25 00:00:00+00:00, run_after=2024-03-26 00:00:00+00:00
[2024-03-26T02:08:20.871+0000] {processor.py:183} INFO - Processing /home/airflow/.local/lib/python3.8/site-packages/airflow/example_dags/example_branch_labels.py took 0.039 seconds
[2024-03-26T02:08:51.506+0000] {processor.py:161} INFO - Started process (PID=6244) to work on /home/airflow/.local/lib/python3.8/site-packages/airflow/example_dags/example_branch_labels.py
[2024-03-26T02:08:51.507+0000] {processor.py:830} INFO - Processing file /home/airflow/.local/lib/python3.8/site-packages/airflow/example_dags/example_branch_labels.py for tasks to queue
[2024-03-26T02:08:51.508+0000] {logging_mixin.py:188} INFO - [2024-03-26T02:08:51.508+0000] {dagbag.py:540} INFO - Filling up the DagBag from /home/airflow/.local/lib/python3.8/site-packages/airflow/example_dags/example_branch_labels.py
[2024-03-26T02:08:51.513+0000] {processor.py:840} INFO - DAG(s) 'example_branch_labels' retrieved from /home/airflow/.local/lib/python3.8/site-packages/airflow/example_dags/example_branch_labels.py
[2024-03-26T02:08:51.525+0000] {logging_mixin.py:188} INFO - [2024-03-26T02:08:51.525+0000] {dag.py:3047} INFO - Sync 1 DAGs
[2024-03-26T02:08:51.535+0000] {logging_mixin.py:188} INFO - [2024-03-26T02:08:51.535+0000] {dag.py:3834} INFO - Setting next_dagrun for example_branch_labels to 2024-03-25 00:00:00+00:00, run_after=2024-03-26 00:00:00+00:00
[2024-03-26T02:08:51.544+0000] {processor.py:183} INFO - Processing /home/airflow/.local/lib/python3.8/site-packages/airflow/example_dags/example_branch_labels.py took 0.039 seconds
[2024-03-26T02:09:22.607+0000] {processor.py:161} INFO - Started process (PID=6299) to work on /home/airflow/.local/lib/python3.8/site-packages/airflow/example_dags/example_branch_labels.py
[2024-03-26T02:09:22.607+0000] {processor.py:830} INFO - Processing file /home/airflow/.local/lib/python3.8/site-packages/airflow/example_dags/example_branch_labels.py for tasks to queue
[2024-03-26T02:09:22.609+0000] {logging_mixin.py:188} INFO - [2024-03-26T02:09:22.609+0000] {dagbag.py:540} INFO - Filling up the DagBag from /home/airflow/.local/lib/python3.8/site-packages/airflow/example_dags/example_branch_labels.py
[2024-03-26T02:09:22.615+0000] {processor.py:840} INFO - DAG(s) 'example_branch_labels' retrieved from /home/airflow/.local/lib/python3.8/site-packages/airflow/example_dags/example_branch_labels.py
[2024-03-26T02:09:22.630+0000] {logging_mixin.py:188} INFO - [2024-03-26T02:09:22.630+0000] {dag.py:3047} INFO - Sync 1 DAGs
[2024-03-26T02:09:22.641+0000] {logging_mixin.py:188} INFO - [2024-03-26T02:09:22.641+0000] {dag.py:3834} INFO - Setting next_dagrun for example_branch_labels to 2024-03-25 00:00:00+00:00, run_after=2024-03-26 00:00:00+00:00
[2024-03-26T02:09:22.651+0000] {processor.py:183} INFO - Processing /home/airflow/.local/lib/python3.8/site-packages/airflow/example_dags/example_branch_labels.py took 0.047 seconds
[2024-03-26T02:09:53.552+0000] {processor.py:161} INFO - Started process (PID=6353) to work on /home/airflow/.local/lib/python3.8/site-packages/airflow/example_dags/example_branch_labels.py
[2024-03-26T02:09:53.553+0000] {processor.py:830} INFO - Processing file /home/airflow/.local/lib/python3.8/site-packages/airflow/example_dags/example_branch_labels.py for tasks to queue
[2024-03-26T02:09:53.554+0000] {logging_mixin.py:188} INFO - [2024-03-26T02:09:53.554+0000] {dagbag.py:540} INFO - Filling up the DagBag from /home/airflow/.local/lib/python3.8/site-packages/airflow/example_dags/example_branch_labels.py
[2024-03-26T02:09:53.559+0000] {processor.py:840} INFO - DAG(s) 'example_branch_labels' retrieved from /home/airflow/.local/lib/python3.8/site-packages/airflow/example_dags/example_branch_labels.py
[2024-03-26T02:09:53.575+0000] {logging_mixin.py:188} INFO - [2024-03-26T02:09:53.575+0000] {dag.py:3047} INFO - Sync 1 DAGs
[2024-03-26T02:09:53.585+0000] {logging_mixin.py:188} INFO - [2024-03-26T02:09:53.585+0000] {dag.py:3834} INFO - Setting next_dagrun for example_branch_labels to 2024-03-25 00:00:00+00:00, run_after=2024-03-26 00:00:00+00:00
[2024-03-26T02:09:53.595+0000] {processor.py:183} INFO - Processing /home/airflow/.local/lib/python3.8/site-packages/airflow/example_dags/example_branch_labels.py took 0.045 seconds
[2024-03-26T02:10:23.615+0000] {processor.py:161} INFO - Started process (PID=6408) to work on /home/airflow/.local/lib/python3.8/site-packages/airflow/example_dags/example_branch_labels.py
[2024-03-26T02:10:23.615+0000] {processor.py:830} INFO - Processing file /home/airflow/.local/lib/python3.8/site-packages/airflow/example_dags/example_branch_labels.py for tasks to queue
[2024-03-26T02:10:23.616+0000] {logging_mixin.py:188} INFO - [2024-03-26T02:10:23.616+0000] {dagbag.py:540} INFO - Filling up the DagBag from /home/airflow/.local/lib/python3.8/site-packages/airflow/example_dags/example_branch_labels.py
[2024-03-26T02:10:23.621+0000] {processor.py:840} INFO - DAG(s) 'example_branch_labels' retrieved from /home/airflow/.local/lib/python3.8/site-packages/airflow/example_dags/example_branch_labels.py
[2024-03-26T02:10:23.634+0000] {logging_mixin.py:188} INFO - [2024-03-26T02:10:23.634+0000] {dag.py:3047} INFO - Sync 1 DAGs
[2024-03-26T02:10:23.644+0000] {logging_mixin.py:188} INFO - [2024-03-26T02:10:23.644+0000] {dag.py:3834} INFO - Setting next_dagrun for example_branch_labels to 2024-03-25 00:00:00+00:00, run_after=2024-03-26 00:00:00+00:00
[2024-03-26T02:10:23.653+0000] {processor.py:183} INFO - Processing /home/airflow/.local/lib/python3.8/site-packages/airflow/example_dags/example_branch_labels.py took 0.040 seconds
[2024-03-26T02:10:54.420+0000] {processor.py:161} INFO - Started process (PID=6464) to work on /home/airflow/.local/lib/python3.8/site-packages/airflow/example_dags/example_branch_labels.py
[2024-03-26T02:10:54.420+0000] {processor.py:830} INFO - Processing file /home/airflow/.local/lib/python3.8/site-packages/airflow/example_dags/example_branch_labels.py for tasks to queue
[2024-03-26T02:10:54.421+0000] {logging_mixin.py:188} INFO - [2024-03-26T02:10:54.421+0000] {dagbag.py:540} INFO - Filling up the DagBag from /home/airflow/.local/lib/python3.8/site-packages/airflow/example_dags/example_branch_labels.py
[2024-03-26T02:10:54.426+0000] {processor.py:840} INFO - DAG(s) 'example_branch_labels' retrieved from /home/airflow/.local/lib/python3.8/site-packages/airflow/example_dags/example_branch_labels.py
[2024-03-26T02:10:54.440+0000] {logging_mixin.py:188} INFO - [2024-03-26T02:10:54.440+0000] {dag.py:3047} INFO - Sync 1 DAGs
[2024-03-26T02:10:54.450+0000] {logging_mixin.py:188} INFO - [2024-03-26T02:10:54.450+0000] {dag.py:3834} INFO - Setting next_dagrun for example_branch_labels to 2024-03-25 00:00:00+00:00, run_after=2024-03-26 00:00:00+00:00
[2024-03-26T02:10:54.458+0000] {processor.py:183} INFO - Processing /home/airflow/.local/lib/python3.8/site-packages/airflow/example_dags/example_branch_labels.py took 0.041 seconds
[2024-03-26T02:11:25.285+0000] {processor.py:161} INFO - Started process (PID=6519) to work on /home/airflow/.local/lib/python3.8/site-packages/airflow/example_dags/example_branch_labels.py
[2024-03-26T02:11:25.288+0000] {processor.py:830} INFO - Processing file /home/airflow/.local/lib/python3.8/site-packages/airflow/example_dags/example_branch_labels.py for tasks to queue
[2024-03-26T02:11:25.289+0000] {logging_mixin.py:188} INFO - [2024-03-26T02:11:25.289+0000] {dagbag.py:540} INFO - Filling up the DagBag from /home/airflow/.local/lib/python3.8/site-packages/airflow/example_dags/example_branch_labels.py
[2024-03-26T02:11:25.295+0000] {processor.py:840} INFO - DAG(s) 'example_branch_labels' retrieved from /home/airflow/.local/lib/python3.8/site-packages/airflow/example_dags/example_branch_labels.py
[2024-03-26T02:11:25.310+0000] {logging_mixin.py:188} INFO - [2024-03-26T02:11:25.309+0000] {dag.py:3047} INFO - Sync 1 DAGs
[2024-03-26T02:11:25.322+0000] {logging_mixin.py:188} INFO - [2024-03-26T02:11:25.322+0000] {dag.py:3834} INFO - Setting next_dagrun for example_branch_labels to 2024-03-25 00:00:00+00:00, run_after=2024-03-26 00:00:00+00:00
[2024-03-26T02:11:25.338+0000] {processor.py:183} INFO - Processing /home/airflow/.local/lib/python3.8/site-packages/airflow/example_dags/example_branch_labels.py took 0.055 seconds
[2024-03-26T02:11:55.396+0000] {processor.py:161} INFO - Started process (PID=6574) to work on /home/airflow/.local/lib/python3.8/site-packages/airflow/example_dags/example_branch_labels.py
[2024-03-26T02:11:55.396+0000] {processor.py:830} INFO - Processing file /home/airflow/.local/lib/python3.8/site-packages/airflow/example_dags/example_branch_labels.py for tasks to queue
[2024-03-26T02:11:55.397+0000] {logging_mixin.py:188} INFO - [2024-03-26T02:11:55.397+0000] {dagbag.py:540} INFO - Filling up the DagBag from /home/airflow/.local/lib/python3.8/site-packages/airflow/example_dags/example_branch_labels.py
[2024-03-26T02:11:55.402+0000] {processor.py:840} INFO - DAG(s) 'example_branch_labels' retrieved from /home/airflow/.local/lib/python3.8/site-packages/airflow/example_dags/example_branch_labels.py
[2024-03-26T02:11:55.415+0000] {logging_mixin.py:188} INFO - [2024-03-26T02:11:55.415+0000] {dag.py:3047} INFO - Sync 1 DAGs
[2024-03-26T02:11:55.425+0000] {logging_mixin.py:188} INFO - [2024-03-26T02:11:55.425+0000] {dag.py:3834} INFO - Setting next_dagrun for example_branch_labels to 2024-03-25 00:00:00+00:00, run_after=2024-03-26 00:00:00+00:00
[2024-03-26T02:11:55.432+0000] {processor.py:183} INFO - Processing /home/airflow/.local/lib/python3.8/site-packages/airflow/example_dags/example_branch_labels.py took 0.039 seconds
[2024-03-26T02:12:26.103+0000] {processor.py:161} INFO - Started process (PID=6630) to work on /home/airflow/.local/lib/python3.8/site-packages/airflow/example_dags/example_branch_labels.py
[2024-03-26T02:12:26.104+0000] {processor.py:830} INFO - Processing file /home/airflow/.local/lib/python3.8/site-packages/airflow/example_dags/example_branch_labels.py for tasks to queue
[2024-03-26T02:12:26.105+0000] {logging_mixin.py:188} INFO - [2024-03-26T02:12:26.104+0000] {dagbag.py:540} INFO - Filling up the DagBag from /home/airflow/.local/lib/python3.8/site-packages/airflow/example_dags/example_branch_labels.py
[2024-03-26T02:12:26.109+0000] {processor.py:840} INFO - DAG(s) 'example_branch_labels' retrieved from /home/airflow/.local/lib/python3.8/site-packages/airflow/example_dags/example_branch_labels.py
[2024-03-26T02:12:26.121+0000] {logging_mixin.py:188} INFO - [2024-03-26T02:12:26.121+0000] {dag.py:3047} INFO - Sync 1 DAGs
[2024-03-26T02:12:26.131+0000] {logging_mixin.py:188} INFO - [2024-03-26T02:12:26.131+0000] {dag.py:3834} INFO - Setting next_dagrun for example_branch_labels to 2024-03-25 00:00:00+00:00, run_after=2024-03-26 00:00:00+00:00
[2024-03-26T02:12:26.139+0000] {processor.py:183} INFO - Processing /home/airflow/.local/lib/python3.8/site-packages/airflow/example_dags/example_branch_labels.py took 0.038 seconds
[2024-03-26T02:12:57.087+0000] {processor.py:161} INFO - Started process (PID=6685) to work on /home/airflow/.local/lib/python3.8/site-packages/airflow/example_dags/example_branch_labels.py
[2024-03-26T02:12:57.087+0000] {processor.py:830} INFO - Processing file /home/airflow/.local/lib/python3.8/site-packages/airflow/example_dags/example_branch_labels.py for tasks to queue
[2024-03-26T02:12:57.089+0000] {logging_mixin.py:188} INFO - [2024-03-26T02:12:57.089+0000] {dagbag.py:540} INFO - Filling up the DagBag from /home/airflow/.local/lib/python3.8/site-packages/airflow/example_dags/example_branch_labels.py
[2024-03-26T02:12:57.094+0000] {processor.py:840} INFO - DAG(s) 'example_branch_labels' retrieved from /home/airflow/.local/lib/python3.8/site-packages/airflow/example_dags/example_branch_labels.py
[2024-03-26T02:12:57.108+0000] {logging_mixin.py:188} INFO - [2024-03-26T02:12:57.108+0000] {dag.py:3047} INFO - Sync 1 DAGs
[2024-03-26T02:12:57.121+0000] {logging_mixin.py:188} INFO - [2024-03-26T02:12:57.121+0000] {dag.py:3834} INFO - Setting next_dagrun for example_branch_labels to 2024-03-25 00:00:00+00:00, run_after=2024-03-26 00:00:00+00:00
[2024-03-26T02:12:57.129+0000] {processor.py:183} INFO - Processing /home/airflow/.local/lib/python3.8/site-packages/airflow/example_dags/example_branch_labels.py took 0.045 seconds
[2024-03-26T02:13:27.221+0000] {processor.py:161} INFO - Started process (PID=6740) to work on /home/airflow/.local/lib/python3.8/site-packages/airflow/example_dags/example_branch_labels.py
[2024-03-26T02:13:27.222+0000] {processor.py:830} INFO - Processing file /home/airflow/.local/lib/python3.8/site-packages/airflow/example_dags/example_branch_labels.py for tasks to queue
[2024-03-26T02:13:27.223+0000] {logging_mixin.py:188} INFO - [2024-03-26T02:13:27.222+0000] {dagbag.py:540} INFO - Filling up the DagBag from /home/airflow/.local/lib/python3.8/site-packages/airflow/example_dags/example_branch_labels.py
[2024-03-26T02:13:27.227+0000] {processor.py:840} INFO - DAG(s) 'example_branch_labels' retrieved from /home/airflow/.local/lib/python3.8/site-packages/airflow/example_dags/example_branch_labels.py
[2024-03-26T02:13:27.240+0000] {logging_mixin.py:188} INFO - [2024-03-26T02:13:27.240+0000] {dag.py:3047} INFO - Sync 1 DAGs
[2024-03-26T02:13:27.250+0000] {logging_mixin.py:188} INFO - [2024-03-26T02:13:27.250+0000] {dag.py:3834} INFO - Setting next_dagrun for example_branch_labels to 2024-03-25 00:00:00+00:00, run_after=2024-03-26 00:00:00+00:00
[2024-03-26T02:13:27.257+0000] {processor.py:183} INFO - Processing /home/airflow/.local/lib/python3.8/site-packages/airflow/example_dags/example_branch_labels.py took 0.038 seconds
[2024-03-26T02:13:57.856+0000] {processor.py:161} INFO - Started process (PID=6795) to work on /home/airflow/.local/lib/python3.8/site-packages/airflow/example_dags/example_branch_labels.py
[2024-03-26T02:13:57.857+0000] {processor.py:830} INFO - Processing file /home/airflow/.local/lib/python3.8/site-packages/airflow/example_dags/example_branch_labels.py for tasks to queue
[2024-03-26T02:13:57.858+0000] {logging_mixin.py:188} INFO - [2024-03-26T02:13:57.858+0000] {dagbag.py:540} INFO - Filling up the DagBag from /home/airflow/.local/lib/python3.8/site-packages/airflow/example_dags/example_branch_labels.py
[2024-03-26T02:13:57.863+0000] {processor.py:840} INFO - DAG(s) 'example_branch_labels' retrieved from /home/airflow/.local/lib/python3.8/site-packages/airflow/example_dags/example_branch_labels.py
[2024-03-26T02:13:57.875+0000] {logging_mixin.py:188} INFO - [2024-03-26T02:13:57.875+0000] {dag.py:3047} INFO - Sync 1 DAGs
[2024-03-26T02:13:57.886+0000] {logging_mixin.py:188} INFO - [2024-03-26T02:13:57.885+0000] {dag.py:3834} INFO - Setting next_dagrun for example_branch_labels to 2024-03-25 00:00:00+00:00, run_after=2024-03-26 00:00:00+00:00
[2024-03-26T02:13:57.894+0000] {processor.py:183} INFO - Processing /home/airflow/.local/lib/python3.8/site-packages/airflow/example_dags/example_branch_labels.py took 0.039 seconds
[2024-03-26T02:14:28.512+0000] {processor.py:161} INFO - Started process (PID=6850) to work on /home/airflow/.local/lib/python3.8/site-packages/airflow/example_dags/example_branch_labels.py
[2024-03-26T02:14:28.512+0000] {processor.py:830} INFO - Processing file /home/airflow/.local/lib/python3.8/site-packages/airflow/example_dags/example_branch_labels.py for tasks to queue
[2024-03-26T02:14:28.513+0000] {logging_mixin.py:188} INFO - [2024-03-26T02:14:28.513+0000] {dagbag.py:540} INFO - Filling up the DagBag from /home/airflow/.local/lib/python3.8/site-packages/airflow/example_dags/example_branch_labels.py
[2024-03-26T02:14:28.518+0000] {processor.py:840} INFO - DAG(s) 'example_branch_labels' retrieved from /home/airflow/.local/lib/python3.8/site-packages/airflow/example_dags/example_branch_labels.py
[2024-03-26T02:14:28.531+0000] {logging_mixin.py:188} INFO - [2024-03-26T02:14:28.531+0000] {dag.py:3047} INFO - Sync 1 DAGs
[2024-03-26T02:14:28.541+0000] {logging_mixin.py:188} INFO - [2024-03-26T02:14:28.541+0000] {dag.py:3834} INFO - Setting next_dagrun for example_branch_labels to 2024-03-25 00:00:00+00:00, run_after=2024-03-26 00:00:00+00:00
[2024-03-26T02:14:28.549+0000] {processor.py:183} INFO - Processing /home/airflow/.local/lib/python3.8/site-packages/airflow/example_dags/example_branch_labels.py took 0.039 seconds
[2024-03-26T02:14:59.163+0000] {processor.py:161} INFO - Started process (PID=6905) to work on /home/airflow/.local/lib/python3.8/site-packages/airflow/example_dags/example_branch_labels.py
[2024-03-26T02:14:59.163+0000] {processor.py:830} INFO - Processing file /home/airflow/.local/lib/python3.8/site-packages/airflow/example_dags/example_branch_labels.py for tasks to queue
[2024-03-26T02:14:59.164+0000] {logging_mixin.py:188} INFO - [2024-03-26T02:14:59.164+0000] {dagbag.py:540} INFO - Filling up the DagBag from /home/airflow/.local/lib/python3.8/site-packages/airflow/example_dags/example_branch_labels.py
[2024-03-26T02:14:59.169+0000] {processor.py:840} INFO - DAG(s) 'example_branch_labels' retrieved from /home/airflow/.local/lib/python3.8/site-packages/airflow/example_dags/example_branch_labels.py
[2024-03-26T02:14:59.181+0000] {logging_mixin.py:188} INFO - [2024-03-26T02:14:59.181+0000] {dag.py:3047} INFO - Sync 1 DAGs
[2024-03-26T02:14:59.191+0000] {logging_mixin.py:188} INFO - [2024-03-26T02:14:59.191+0000] {dag.py:3834} INFO - Setting next_dagrun for example_branch_labels to 2024-03-25 00:00:00+00:00, run_after=2024-03-26 00:00:00+00:00
[2024-03-26T02:14:59.199+0000] {processor.py:183} INFO - Processing /home/airflow/.local/lib/python3.8/site-packages/airflow/example_dags/example_branch_labels.py took 0.038 seconds
[2024-03-26T02:15:29.777+0000] {processor.py:161} INFO - Started process (PID=6960) to work on /home/airflow/.local/lib/python3.8/site-packages/airflow/example_dags/example_branch_labels.py
[2024-03-26T02:15:29.778+0000] {processor.py:830} INFO - Processing file /home/airflow/.local/lib/python3.8/site-packages/airflow/example_dags/example_branch_labels.py for tasks to queue
[2024-03-26T02:15:29.779+0000] {logging_mixin.py:188} INFO - [2024-03-26T02:15:29.779+0000] {dagbag.py:540} INFO - Filling up the DagBag from /home/airflow/.local/lib/python3.8/site-packages/airflow/example_dags/example_branch_labels.py
[2024-03-26T02:15:29.783+0000] {processor.py:840} INFO - DAG(s) 'example_branch_labels' retrieved from /home/airflow/.local/lib/python3.8/site-packages/airflow/example_dags/example_branch_labels.py
[2024-03-26T02:15:29.796+0000] {logging_mixin.py:188} INFO - [2024-03-26T02:15:29.796+0000] {dag.py:3047} INFO - Sync 1 DAGs
[2024-03-26T02:15:29.807+0000] {logging_mixin.py:188} INFO - [2024-03-26T02:15:29.806+0000] {dag.py:3834} INFO - Setting next_dagrun for example_branch_labels to 2024-03-25 00:00:00+00:00, run_after=2024-03-26 00:00:00+00:00
[2024-03-26T02:15:29.815+0000] {processor.py:183} INFO - Processing /home/airflow/.local/lib/python3.8/site-packages/airflow/example_dags/example_branch_labels.py took 0.040 seconds
[2024-03-26T02:16:00.389+0000] {processor.py:161} INFO - Started process (PID=7015) to work on /home/airflow/.local/lib/python3.8/site-packages/airflow/example_dags/example_branch_labels.py
[2024-03-26T02:16:00.389+0000] {processor.py:830} INFO - Processing file /home/airflow/.local/lib/python3.8/site-packages/airflow/example_dags/example_branch_labels.py for tasks to queue
[2024-03-26T02:16:00.390+0000] {logging_mixin.py:188} INFO - [2024-03-26T02:16:00.390+0000] {dagbag.py:540} INFO - Filling up the DagBag from /home/airflow/.local/lib/python3.8/site-packages/airflow/example_dags/example_branch_labels.py
[2024-03-26T02:16:00.395+0000] {processor.py:840} INFO - DAG(s) 'example_branch_labels' retrieved from /home/airflow/.local/lib/python3.8/site-packages/airflow/example_dags/example_branch_labels.py
[2024-03-26T02:16:00.407+0000] {logging_mixin.py:188} INFO - [2024-03-26T02:16:00.407+0000] {dag.py:3047} INFO - Sync 1 DAGs
[2024-03-26T02:16:00.418+0000] {logging_mixin.py:188} INFO - [2024-03-26T02:16:00.417+0000] {dag.py:3834} INFO - Setting next_dagrun for example_branch_labels to 2024-03-25 00:00:00+00:00, run_after=2024-03-26 00:00:00+00:00
[2024-03-26T02:16:00.426+0000] {processor.py:183} INFO - Processing /home/airflow/.local/lib/python3.8/site-packages/airflow/example_dags/example_branch_labels.py took 0.039 seconds
[2024-03-26T02:16:31.176+0000] {processor.py:161} INFO - Started process (PID=7070) to work on /home/airflow/.local/lib/python3.8/site-packages/airflow/example_dags/example_branch_labels.py
[2024-03-26T02:16:31.177+0000] {processor.py:830} INFO - Processing file /home/airflow/.local/lib/python3.8/site-packages/airflow/example_dags/example_branch_labels.py for tasks to queue
[2024-03-26T02:16:31.178+0000] {logging_mixin.py:188} INFO - [2024-03-26T02:16:31.178+0000] {dagbag.py:540} INFO - Filling up the DagBag from /home/airflow/.local/lib/python3.8/site-packages/airflow/example_dags/example_branch_labels.py
[2024-03-26T02:16:31.183+0000] {processor.py:840} INFO - DAG(s) 'example_branch_labels' retrieved from /home/airflow/.local/lib/python3.8/site-packages/airflow/example_dags/example_branch_labels.py
[2024-03-26T02:16:31.196+0000] {logging_mixin.py:188} INFO - [2024-03-26T02:16:31.196+0000] {dag.py:3047} INFO - Sync 1 DAGs
[2024-03-26T02:16:31.206+0000] {logging_mixin.py:188} INFO - [2024-03-26T02:16:31.206+0000] {dag.py:3834} INFO - Setting next_dagrun for example_branch_labels to 2024-03-25 00:00:00+00:00, run_after=2024-03-26 00:00:00+00:00
[2024-03-26T02:16:31.214+0000] {processor.py:183} INFO - Processing /home/airflow/.local/lib/python3.8/site-packages/airflow/example_dags/example_branch_labels.py took 0.040 seconds
[2024-03-26T02:17:01.775+0000] {processor.py:161} INFO - Started process (PID=7125) to work on /home/airflow/.local/lib/python3.8/site-packages/airflow/example_dags/example_branch_labels.py
[2024-03-26T02:17:01.775+0000] {processor.py:830} INFO - Processing file /home/airflow/.local/lib/python3.8/site-packages/airflow/example_dags/example_branch_labels.py for tasks to queue
[2024-03-26T02:17:01.776+0000] {logging_mixin.py:188} INFO - [2024-03-26T02:17:01.776+0000] {dagbag.py:540} INFO - Filling up the DagBag from /home/airflow/.local/lib/python3.8/site-packages/airflow/example_dags/example_branch_labels.py
[2024-03-26T02:17:01.781+0000] {processor.py:840} INFO - DAG(s) 'example_branch_labels' retrieved from /home/airflow/.local/lib/python3.8/site-packages/airflow/example_dags/example_branch_labels.py
[2024-03-26T02:17:01.794+0000] {logging_mixin.py:188} INFO - [2024-03-26T02:17:01.794+0000] {dag.py:3047} INFO - Sync 1 DAGs
[2024-03-26T02:17:01.805+0000] {logging_mixin.py:188} INFO - [2024-03-26T02:17:01.805+0000] {dag.py:3834} INFO - Setting next_dagrun for example_branch_labels to 2024-03-25 00:00:00+00:00, run_after=2024-03-26 00:00:00+00:00
[2024-03-26T02:17:01.813+0000] {processor.py:183} INFO - Processing /home/airflow/.local/lib/python3.8/site-packages/airflow/example_dags/example_branch_labels.py took 0.041 seconds
[2024-03-26T02:17:32.386+0000] {processor.py:161} INFO - Started process (PID=7180) to work on /home/airflow/.local/lib/python3.8/site-packages/airflow/example_dags/example_branch_labels.py
[2024-03-26T02:17:32.387+0000] {processor.py:830} INFO - Processing file /home/airflow/.local/lib/python3.8/site-packages/airflow/example_dags/example_branch_labels.py for tasks to queue
[2024-03-26T02:17:32.388+0000] {logging_mixin.py:188} INFO - [2024-03-26T02:17:32.388+0000] {dagbag.py:540} INFO - Filling up the DagBag from /home/airflow/.local/lib/python3.8/site-packages/airflow/example_dags/example_branch_labels.py
[2024-03-26T02:17:32.393+0000] {processor.py:840} INFO - DAG(s) 'example_branch_labels' retrieved from /home/airflow/.local/lib/python3.8/site-packages/airflow/example_dags/example_branch_labels.py
[2024-03-26T02:17:32.406+0000] {logging_mixin.py:188} INFO - [2024-03-26T02:17:32.406+0000] {dag.py:3047} INFO - Sync 1 DAGs
[2024-03-26T02:17:32.417+0000] {logging_mixin.py:188} INFO - [2024-03-26T02:17:32.417+0000] {dag.py:3834} INFO - Setting next_dagrun for example_branch_labels to 2024-03-25 00:00:00+00:00, run_after=2024-03-26 00:00:00+00:00
[2024-03-26T02:17:32.425+0000] {processor.py:183} INFO - Processing /home/airflow/.local/lib/python3.8/site-packages/airflow/example_dags/example_branch_labels.py took 0.041 seconds
[2024-03-26T02:18:03.073+0000] {processor.py:161} INFO - Started process (PID=7235) to work on /home/airflow/.local/lib/python3.8/site-packages/airflow/example_dags/example_branch_labels.py
[2024-03-26T02:18:03.074+0000] {processor.py:830} INFO - Processing file /home/airflow/.local/lib/python3.8/site-packages/airflow/example_dags/example_branch_labels.py for tasks to queue
[2024-03-26T02:18:03.075+0000] {logging_mixin.py:188} INFO - [2024-03-26T02:18:03.075+0000] {dagbag.py:540} INFO - Filling up the DagBag from /home/airflow/.local/lib/python3.8/site-packages/airflow/example_dags/example_branch_labels.py
[2024-03-26T02:18:03.080+0000] {processor.py:840} INFO - DAG(s) 'example_branch_labels' retrieved from /home/airflow/.local/lib/python3.8/site-packages/airflow/example_dags/example_branch_labels.py
[2024-03-26T02:18:03.093+0000] {logging_mixin.py:188} INFO - [2024-03-26T02:18:03.093+0000] {dag.py:3047} INFO - Sync 1 DAGs
[2024-03-26T02:18:03.103+0000] {logging_mixin.py:188} INFO - [2024-03-26T02:18:03.103+0000] {dag.py:3834} INFO - Setting next_dagrun for example_branch_labels to 2024-03-25 00:00:00+00:00, run_after=2024-03-26 00:00:00+00:00
[2024-03-26T02:18:03.111+0000] {processor.py:183} INFO - Processing /home/airflow/.local/lib/python3.8/site-packages/airflow/example_dags/example_branch_labels.py took 0.039 seconds
[2024-03-26T02:18:33.688+0000] {processor.py:161} INFO - Started process (PID=7290) to work on /home/airflow/.local/lib/python3.8/site-packages/airflow/example_dags/example_branch_labels.py
[2024-03-26T02:18:33.689+0000] {processor.py:830} INFO - Processing file /home/airflow/.local/lib/python3.8/site-packages/airflow/example_dags/example_branch_labels.py for tasks to queue
[2024-03-26T02:18:33.690+0000] {logging_mixin.py:188} INFO - [2024-03-26T02:18:33.690+0000] {dagbag.py:540} INFO - Filling up the DagBag from /home/airflow/.local/lib/python3.8/site-packages/airflow/example_dags/example_branch_labels.py
[2024-03-26T02:18:33.695+0000] {processor.py:840} INFO - DAG(s) 'example_branch_labels' retrieved from /home/airflow/.local/lib/python3.8/site-packages/airflow/example_dags/example_branch_labels.py
[2024-03-26T02:18:33.708+0000] {logging_mixin.py:188} INFO - [2024-03-26T02:18:33.708+0000] {dag.py:3047} INFO - Sync 1 DAGs
[2024-03-26T02:18:33.720+0000] {logging_mixin.py:188} INFO - [2024-03-26T02:18:33.719+0000] {dag.py:3834} INFO - Setting next_dagrun for example_branch_labels to 2024-03-25 00:00:00+00:00, run_after=2024-03-26 00:00:00+00:00
[2024-03-26T02:18:33.728+0000] {processor.py:183} INFO - Processing /home/airflow/.local/lib/python3.8/site-packages/airflow/example_dags/example_branch_labels.py took 0.043 seconds
[2024-03-26T02:19:04.446+0000] {processor.py:161} INFO - Started process (PID=7345) to work on /home/airflow/.local/lib/python3.8/site-packages/airflow/example_dags/example_branch_labels.py
[2024-03-26T02:19:04.446+0000] {processor.py:830} INFO - Processing file /home/airflow/.local/lib/python3.8/site-packages/airflow/example_dags/example_branch_labels.py for tasks to queue
[2024-03-26T02:19:04.447+0000] {logging_mixin.py:188} INFO - [2024-03-26T02:19:04.447+0000] {dagbag.py:540} INFO - Filling up the DagBag from /home/airflow/.local/lib/python3.8/site-packages/airflow/example_dags/example_branch_labels.py
[2024-03-26T02:19:04.452+0000] {processor.py:840} INFO - DAG(s) 'example_branch_labels' retrieved from /home/airflow/.local/lib/python3.8/site-packages/airflow/example_dags/example_branch_labels.py
[2024-03-26T02:19:04.465+0000] {logging_mixin.py:188} INFO - [2024-03-26T02:19:04.464+0000] {dag.py:3047} INFO - Sync 1 DAGs
[2024-03-26T02:19:04.474+0000] {logging_mixin.py:188} INFO - [2024-03-26T02:19:04.474+0000] {dag.py:3834} INFO - Setting next_dagrun for example_branch_labels to 2024-03-25 00:00:00+00:00, run_after=2024-03-26 00:00:00+00:00
[2024-03-26T02:19:04.481+0000] {processor.py:183} INFO - Processing /home/airflow/.local/lib/python3.8/site-packages/airflow/example_dags/example_branch_labels.py took 0.037 seconds
