[2024-03-26T00:04:40.567+0000] {processor.py:161} INFO - Started process (PID=3955) to work on /home/airflow/.local/lib/python3.8/site-packages/airflow/example_dags/example_xcomargs.py
[2024-03-26T00:04:40.573+0000] {processor.py:830} INFO - Processing file /home/airflow/.local/lib/python3.8/site-packages/airflow/example_dags/example_xcomargs.py for tasks to queue
[2024-03-26T00:04:40.574+0000] {logging_mixin.py:188} INFO - [2024-03-26T00:04:40.574+0000] {dagbag.py:540} INFO - Filling up the DagBag from /home/airflow/.local/lib/python3.8/site-packages/airflow/example_dags/example_xcomargs.py
[2024-03-26T00:04:40.580+0000] {processor.py:840} INFO - DAG(s) 'example_xcom_args_with_operators', 'example_xcom_args' retrieved from /home/airflow/.local/lib/python3.8/site-packages/airflow/example_dags/example_xcomargs.py
[2024-03-26T00:04:40.598+0000] {logging_mixin.py:188} INFO - [2024-03-26T00:04:40.598+0000] {dag.py:3047} INFO - Sync 2 DAGs
[2024-03-26T00:04:40.605+0000] {logging_mixin.py:188} INFO - [2024-03-26T00:04:40.605+0000] {dag.py:3834} INFO - Setting next_dagrun for example_xcom_args to None, run_after=None
[2024-03-26T00:04:40.607+0000] {logging_mixin.py:188} INFO - [2024-03-26T00:04:40.607+0000] {dag.py:3834} INFO - Setting next_dagrun for example_xcom_args_with_operators to None, run_after=None
[2024-03-26T00:04:40.614+0000] {processor.py:183} INFO - Processing /home/airflow/.local/lib/python3.8/site-packages/airflow/example_dags/example_xcomargs.py took 0.050 seconds
[2024-03-26T00:58:59.210+0000] {processor.py:161} INFO - Started process (PID=4010) to work on /home/airflow/.local/lib/python3.8/site-packages/airflow/example_dags/example_xcomargs.py
[2024-03-26T00:58:59.217+0000] {processor.py:830} INFO - Processing file /home/airflow/.local/lib/python3.8/site-packages/airflow/example_dags/example_xcomargs.py for tasks to queue
[2024-03-26T00:58:59.227+0000] {logging_mixin.py:188} INFO - [2024-03-26T00:58:59.227+0000] {dagbag.py:540} INFO - Filling up the DagBag from /home/airflow/.local/lib/python3.8/site-packages/airflow/example_dags/example_xcomargs.py
[2024-03-26T00:58:59.235+0000] {processor.py:840} INFO - DAG(s) 'example_xcom_args', 'example_xcom_args_with_operators' retrieved from /home/airflow/.local/lib/python3.8/site-packages/airflow/example_dags/example_xcomargs.py
[2024-03-26T00:58:59.265+0000] {logging_mixin.py:188} INFO - [2024-03-26T00:58:59.265+0000] {dag.py:3047} INFO - Sync 2 DAGs
[2024-03-26T00:58:59.278+0000] {logging_mixin.py:188} INFO - [2024-03-26T00:58:59.278+0000] {dag.py:3834} INFO - Setting next_dagrun for example_xcom_args to None, run_after=None
[2024-03-26T00:58:59.283+0000] {logging_mixin.py:188} INFO - [2024-03-26T00:58:59.283+0000] {dag.py:3834} INFO - Setting next_dagrun for example_xcom_args_with_operators to None, run_after=None
[2024-03-26T00:58:59.305+0000] {processor.py:183} INFO - Processing /home/airflow/.local/lib/python3.8/site-packages/airflow/example_dags/example_xcomargs.py took 0.100 seconds
[2024-03-26T00:59:30.298+0000] {processor.py:161} INFO - Started process (PID=4065) to work on /home/airflow/.local/lib/python3.8/site-packages/airflow/example_dags/example_xcomargs.py
[2024-03-26T00:59:30.299+0000] {processor.py:830} INFO - Processing file /home/airflow/.local/lib/python3.8/site-packages/airflow/example_dags/example_xcomargs.py for tasks to queue
[2024-03-26T00:59:30.302+0000] {logging_mixin.py:188} INFO - [2024-03-26T00:59:30.301+0000] {dagbag.py:540} INFO - Filling up the DagBag from /home/airflow/.local/lib/python3.8/site-packages/airflow/example_dags/example_xcomargs.py
[2024-03-26T00:59:30.313+0000] {processor.py:840} INFO - DAG(s) 'example_xcom_args_with_operators', 'example_xcom_args' retrieved from /home/airflow/.local/lib/python3.8/site-packages/airflow/example_dags/example_xcomargs.py
[2024-03-26T00:59:30.338+0000] {logging_mixin.py:188} INFO - [2024-03-26T00:59:30.338+0000] {dag.py:3047} INFO - Sync 2 DAGs
[2024-03-26T00:59:30.348+0000] {logging_mixin.py:188} INFO - [2024-03-26T00:59:30.347+0000] {dag.py:3834} INFO - Setting next_dagrun for example_xcom_args to None, run_after=None
[2024-03-26T00:59:30.350+0000] {logging_mixin.py:188} INFO - [2024-03-26T00:59:30.350+0000] {dag.py:3834} INFO - Setting next_dagrun for example_xcom_args_with_operators to None, run_after=None
[2024-03-26T00:59:30.359+0000] {processor.py:183} INFO - Processing /home/airflow/.local/lib/python3.8/site-packages/airflow/example_dags/example_xcomargs.py took 0.066 seconds
[2024-03-26T01:00:01.002+0000] {processor.py:161} INFO - Started process (PID=4120) to work on /home/airflow/.local/lib/python3.8/site-packages/airflow/example_dags/example_xcomargs.py
[2024-03-26T01:00:01.005+0000] {processor.py:830} INFO - Processing file /home/airflow/.local/lib/python3.8/site-packages/airflow/example_dags/example_xcomargs.py for tasks to queue
[2024-03-26T01:00:01.007+0000] {logging_mixin.py:188} INFO - [2024-03-26T01:00:01.007+0000] {dagbag.py:540} INFO - Filling up the DagBag from /home/airflow/.local/lib/python3.8/site-packages/airflow/example_dags/example_xcomargs.py
[2024-03-26T01:00:01.015+0000] {processor.py:840} INFO - DAG(s) 'example_xcom_args_with_operators', 'example_xcom_args' retrieved from /home/airflow/.local/lib/python3.8/site-packages/airflow/example_dags/example_xcomargs.py
[2024-03-26T01:00:01.036+0000] {logging_mixin.py:188} INFO - [2024-03-26T01:00:01.036+0000] {dag.py:3047} INFO - Sync 2 DAGs
[2024-03-26T01:00:01.045+0000] {logging_mixin.py:188} INFO - [2024-03-26T01:00:01.045+0000] {dag.py:3834} INFO - Setting next_dagrun for example_xcom_args to None, run_after=None
[2024-03-26T01:00:01.047+0000] {logging_mixin.py:188} INFO - [2024-03-26T01:00:01.047+0000] {dag.py:3834} INFO - Setting next_dagrun for example_xcom_args_with_operators to None, run_after=None
[2024-03-26T01:00:01.055+0000] {processor.py:183} INFO - Processing /home/airflow/.local/lib/python3.8/site-packages/airflow/example_dags/example_xcomargs.py took 0.058 seconds
[2024-03-26T01:00:31.612+0000] {processor.py:161} INFO - Started process (PID=4175) to work on /home/airflow/.local/lib/python3.8/site-packages/airflow/example_dags/example_xcomargs.py
[2024-03-26T01:00:31.614+0000] {processor.py:830} INFO - Processing file /home/airflow/.local/lib/python3.8/site-packages/airflow/example_dags/example_xcomargs.py for tasks to queue
[2024-03-26T01:00:31.615+0000] {logging_mixin.py:188} INFO - [2024-03-26T01:00:31.615+0000] {dagbag.py:540} INFO - Filling up the DagBag from /home/airflow/.local/lib/python3.8/site-packages/airflow/example_dags/example_xcomargs.py
[2024-03-26T01:00:31.622+0000] {processor.py:840} INFO - DAG(s) 'example_xcom_args', 'example_xcom_args_with_operators' retrieved from /home/airflow/.local/lib/python3.8/site-packages/airflow/example_dags/example_xcomargs.py
[2024-03-26T01:00:31.642+0000] {logging_mixin.py:188} INFO - [2024-03-26T01:00:31.642+0000] {dag.py:3047} INFO - Sync 2 DAGs
[2024-03-26T01:00:31.651+0000] {logging_mixin.py:188} INFO - [2024-03-26T01:00:31.651+0000] {dag.py:3834} INFO - Setting next_dagrun for example_xcom_args to None, run_after=None
[2024-03-26T01:00:31.654+0000] {logging_mixin.py:188} INFO - [2024-03-26T01:00:31.653+0000] {dag.py:3834} INFO - Setting next_dagrun for example_xcom_args_with_operators to None, run_after=None
[2024-03-26T01:00:31.664+0000] {processor.py:183} INFO - Processing /home/airflow/.local/lib/python3.8/site-packages/airflow/example_dags/example_xcomargs.py took 0.056 seconds
[2024-03-26T01:01:02.152+0000] {processor.py:161} INFO - Started process (PID=4230) to work on /home/airflow/.local/lib/python3.8/site-packages/airflow/example_dags/example_xcomargs.py
[2024-03-26T01:01:02.154+0000] {processor.py:830} INFO - Processing file /home/airflow/.local/lib/python3.8/site-packages/airflow/example_dags/example_xcomargs.py for tasks to queue
[2024-03-26T01:01:02.156+0000] {logging_mixin.py:188} INFO - [2024-03-26T01:01:02.156+0000] {dagbag.py:540} INFO - Filling up the DagBag from /home/airflow/.local/lib/python3.8/site-packages/airflow/example_dags/example_xcomargs.py
[2024-03-26T01:01:02.165+0000] {processor.py:840} INFO - DAG(s) 'example_xcom_args', 'example_xcom_args_with_operators' retrieved from /home/airflow/.local/lib/python3.8/site-packages/airflow/example_dags/example_xcomargs.py
[2024-03-26T01:01:02.184+0000] {logging_mixin.py:188} INFO - [2024-03-26T01:01:02.184+0000] {dag.py:3047} INFO - Sync 2 DAGs
[2024-03-26T01:01:02.191+0000] {logging_mixin.py:188} INFO - [2024-03-26T01:01:02.191+0000] {dag.py:3834} INFO - Setting next_dagrun for example_xcom_args to None, run_after=None
[2024-03-26T01:01:02.193+0000] {logging_mixin.py:188} INFO - [2024-03-26T01:01:02.193+0000] {dag.py:3834} INFO - Setting next_dagrun for example_xcom_args_with_operators to None, run_after=None
[2024-03-26T01:01:02.201+0000] {processor.py:183} INFO - Processing /home/airflow/.local/lib/python3.8/site-packages/airflow/example_dags/example_xcomargs.py took 0.053 seconds
[2024-03-26T01:01:32.757+0000] {processor.py:161} INFO - Started process (PID=4286) to work on /home/airflow/.local/lib/python3.8/site-packages/airflow/example_dags/example_xcomargs.py
[2024-03-26T01:01:32.759+0000] {processor.py:830} INFO - Processing file /home/airflow/.local/lib/python3.8/site-packages/airflow/example_dags/example_xcomargs.py for tasks to queue
[2024-03-26T01:01:32.763+0000] {logging_mixin.py:188} INFO - [2024-03-26T01:01:32.762+0000] {dagbag.py:540} INFO - Filling up the DagBag from /home/airflow/.local/lib/python3.8/site-packages/airflow/example_dags/example_xcomargs.py
[2024-03-26T01:01:32.772+0000] {processor.py:840} INFO - DAG(s) 'example_xcom_args_with_operators', 'example_xcom_args' retrieved from /home/airflow/.local/lib/python3.8/site-packages/airflow/example_dags/example_xcomargs.py
[2024-03-26T01:01:32.792+0000] {logging_mixin.py:188} INFO - [2024-03-26T01:01:32.792+0000] {dag.py:3047} INFO - Sync 2 DAGs
[2024-03-26T01:01:32.799+0000] {logging_mixin.py:188} INFO - [2024-03-26T01:01:32.799+0000] {dag.py:3834} INFO - Setting next_dagrun for example_xcom_args to None, run_after=None
[2024-03-26T01:01:32.801+0000] {logging_mixin.py:188} INFO - [2024-03-26T01:01:32.801+0000] {dag.py:3834} INFO - Setting next_dagrun for example_xcom_args_with_operators to None, run_after=None
[2024-03-26T01:01:32.810+0000] {processor.py:183} INFO - Processing /home/airflow/.local/lib/python3.8/site-packages/airflow/example_dags/example_xcomargs.py took 0.058 seconds
[2024-03-26T01:02:03.485+0000] {processor.py:161} INFO - Started process (PID=4341) to work on /home/airflow/.local/lib/python3.8/site-packages/airflow/example_dags/example_xcomargs.py
[2024-03-26T01:02:03.487+0000] {processor.py:830} INFO - Processing file /home/airflow/.local/lib/python3.8/site-packages/airflow/example_dags/example_xcomargs.py for tasks to queue
[2024-03-26T01:02:03.489+0000] {logging_mixin.py:188} INFO - [2024-03-26T01:02:03.489+0000] {dagbag.py:540} INFO - Filling up the DagBag from /home/airflow/.local/lib/python3.8/site-packages/airflow/example_dags/example_xcomargs.py
[2024-03-26T01:02:03.495+0000] {processor.py:840} INFO - DAG(s) 'example_xcom_args_with_operators', 'example_xcom_args' retrieved from /home/airflow/.local/lib/python3.8/site-packages/airflow/example_dags/example_xcomargs.py
[2024-03-26T01:02:03.512+0000] {logging_mixin.py:188} INFO - [2024-03-26T01:02:03.512+0000] {dag.py:3047} INFO - Sync 2 DAGs
[2024-03-26T01:02:03.519+0000] {logging_mixin.py:188} INFO - [2024-03-26T01:02:03.519+0000] {dag.py:3834} INFO - Setting next_dagrun for example_xcom_args to None, run_after=None
[2024-03-26T01:02:03.521+0000] {logging_mixin.py:188} INFO - [2024-03-26T01:02:03.521+0000] {dag.py:3834} INFO - Setting next_dagrun for example_xcom_args_with_operators to None, run_after=None
[2024-03-26T01:02:03.528+0000] {processor.py:183} INFO - Processing /home/airflow/.local/lib/python3.8/site-packages/airflow/example_dags/example_xcomargs.py took 0.047 seconds
[2024-03-26T01:02:34.270+0000] {processor.py:161} INFO - Started process (PID=4395) to work on /home/airflow/.local/lib/python3.8/site-packages/airflow/example_dags/example_xcomargs.py
[2024-03-26T01:02:34.272+0000] {processor.py:830} INFO - Processing file /home/airflow/.local/lib/python3.8/site-packages/airflow/example_dags/example_xcomargs.py for tasks to queue
[2024-03-26T01:02:34.275+0000] {logging_mixin.py:188} INFO - [2024-03-26T01:02:34.275+0000] {dagbag.py:540} INFO - Filling up the DagBag from /home/airflow/.local/lib/python3.8/site-packages/airflow/example_dags/example_xcomargs.py
[2024-03-26T01:02:34.285+0000] {processor.py:840} INFO - DAG(s) 'example_xcom_args_with_operators', 'example_xcom_args' retrieved from /home/airflow/.local/lib/python3.8/site-packages/airflow/example_dags/example_xcomargs.py
[2024-03-26T01:02:34.307+0000] {logging_mixin.py:188} INFO - [2024-03-26T01:02:34.306+0000] {dag.py:3047} INFO - Sync 2 DAGs
[2024-03-26T01:02:34.315+0000] {logging_mixin.py:188} INFO - [2024-03-26T01:02:34.314+0000] {dag.py:3834} INFO - Setting next_dagrun for example_xcom_args to None, run_after=None
[2024-03-26T01:02:34.317+0000] {logging_mixin.py:188} INFO - [2024-03-26T01:02:34.317+0000] {dag.py:3834} INFO - Setting next_dagrun for example_xcom_args_with_operators to None, run_after=None
[2024-03-26T01:02:34.325+0000] {processor.py:183} INFO - Processing /home/airflow/.local/lib/python3.8/site-packages/airflow/example_dags/example_xcomargs.py took 0.060 seconds
[2024-03-26T01:03:05.001+0000] {processor.py:161} INFO - Started process (PID=4455) to work on /home/airflow/.local/lib/python3.8/site-packages/airflow/example_dags/example_xcomargs.py
[2024-03-26T01:03:05.003+0000] {processor.py:830} INFO - Processing file /home/airflow/.local/lib/python3.8/site-packages/airflow/example_dags/example_xcomargs.py for tasks to queue
[2024-03-26T01:03:05.006+0000] {logging_mixin.py:188} INFO - [2024-03-26T01:03:05.005+0000] {dagbag.py:540} INFO - Filling up the DagBag from /home/airflow/.local/lib/python3.8/site-packages/airflow/example_dags/example_xcomargs.py
[2024-03-26T01:03:05.016+0000] {processor.py:840} INFO - DAG(s) 'example_xcom_args', 'example_xcom_args_with_operators' retrieved from /home/airflow/.local/lib/python3.8/site-packages/airflow/example_dags/example_xcomargs.py
[2024-03-26T01:03:05.037+0000] {logging_mixin.py:188} INFO - [2024-03-26T01:03:05.037+0000] {dag.py:3047} INFO - Sync 2 DAGs
[2024-03-26T01:03:05.044+0000] {logging_mixin.py:188} INFO - [2024-03-26T01:03:05.044+0000] {dag.py:3834} INFO - Setting next_dagrun for example_xcom_args to None, run_after=None
[2024-03-26T01:03:05.046+0000] {logging_mixin.py:188} INFO - [2024-03-26T01:03:05.046+0000] {dag.py:3834} INFO - Setting next_dagrun for example_xcom_args_with_operators to None, run_after=None
[2024-03-26T01:03:05.054+0000] {processor.py:183} INFO - Processing /home/airflow/.local/lib/python3.8/site-packages/airflow/example_dags/example_xcomargs.py took 0.058 seconds
[2024-03-26T01:06:28.449+0000] {processor.py:161} INFO - Started process (PID=4504) to work on /home/airflow/.local/lib/python3.8/site-packages/airflow/example_dags/example_xcomargs.py
[2024-03-26T01:06:28.449+0000] {processor.py:830} INFO - Processing file /home/airflow/.local/lib/python3.8/site-packages/airflow/example_dags/example_xcomargs.py for tasks to queue
[2024-03-26T01:06:28.450+0000] {logging_mixin.py:188} INFO - [2024-03-26T01:06:28.450+0000] {dagbag.py:540} INFO - Filling up the DagBag from /home/airflow/.local/lib/python3.8/site-packages/airflow/example_dags/example_xcomargs.py
[2024-03-26T01:06:28.455+0000] {processor.py:840} INFO - DAG(s) 'example_xcom_args', 'example_xcom_args_with_operators' retrieved from /home/airflow/.local/lib/python3.8/site-packages/airflow/example_dags/example_xcomargs.py
[2024-03-26T01:06:28.485+0000] {logging_mixin.py:188} INFO - [2024-03-26T01:06:28.484+0000] {dag.py:3047} INFO - Sync 2 DAGs
[2024-03-26T01:06:28.496+0000] {logging_mixin.py:188} INFO - [2024-03-26T01:06:28.496+0000] {dag.py:3834} INFO - Setting next_dagrun for example_xcom_args to None, run_after=None
[2024-03-26T01:06:28.498+0000] {logging_mixin.py:188} INFO - [2024-03-26T01:06:28.498+0000] {dag.py:3834} INFO - Setting next_dagrun for example_xcom_args_with_operators to None, run_after=None
[2024-03-26T01:06:28.514+0000] {processor.py:183} INFO - Processing /home/airflow/.local/lib/python3.8/site-packages/airflow/example_dags/example_xcomargs.py took 0.068 seconds
[2024-03-26T01:40:00.867+0000] {processor.py:161} INFO - Started process (PID=4559) to work on /home/airflow/.local/lib/python3.8/site-packages/airflow/example_dags/example_xcomargs.py
[2024-03-26T01:40:00.868+0000] {processor.py:830} INFO - Processing file /home/airflow/.local/lib/python3.8/site-packages/airflow/example_dags/example_xcomargs.py for tasks to queue
[2024-03-26T01:40:00.869+0000] {logging_mixin.py:188} INFO - [2024-03-26T01:40:00.869+0000] {dagbag.py:540} INFO - Filling up the DagBag from /home/airflow/.local/lib/python3.8/site-packages/airflow/example_dags/example_xcomargs.py
[2024-03-26T01:40:00.875+0000] {processor.py:840} INFO - DAG(s) 'example_xcom_args_with_operators', 'example_xcom_args' retrieved from /home/airflow/.local/lib/python3.8/site-packages/airflow/example_dags/example_xcomargs.py
[2024-03-26T01:40:00.895+0000] {logging_mixin.py:188} INFO - [2024-03-26T01:40:00.895+0000] {dag.py:3047} INFO - Sync 2 DAGs
[2024-03-26T01:40:00.903+0000] {logging_mixin.py:188} INFO - [2024-03-26T01:40:00.903+0000] {dag.py:3834} INFO - Setting next_dagrun for example_xcom_args to None, run_after=None
[2024-03-26T01:40:00.905+0000] {logging_mixin.py:188} INFO - [2024-03-26T01:40:00.905+0000] {dag.py:3834} INFO - Setting next_dagrun for example_xcom_args_with_operators to None, run_after=None
[2024-03-26T01:40:00.917+0000] {processor.py:183} INFO - Processing /home/airflow/.local/lib/python3.8/site-packages/airflow/example_dags/example_xcomargs.py took 0.052 seconds
[2024-03-26T01:54:00.125+0000] {processor.py:161} INFO - Started process (PID=4614) to work on /home/airflow/.local/lib/python3.8/site-packages/airflow/example_dags/example_xcomargs.py
[2024-03-26T01:54:00.125+0000] {processor.py:830} INFO - Processing file /home/airflow/.local/lib/python3.8/site-packages/airflow/example_dags/example_xcomargs.py for tasks to queue
[2024-03-26T01:54:00.126+0000] {logging_mixin.py:188} INFO - [2024-03-26T01:54:00.126+0000] {dagbag.py:540} INFO - Filling up the DagBag from /home/airflow/.local/lib/python3.8/site-packages/airflow/example_dags/example_xcomargs.py
[2024-03-26T01:54:00.131+0000] {processor.py:840} INFO - DAG(s) 'example_xcom_args_with_operators', 'example_xcom_args' retrieved from /home/airflow/.local/lib/python3.8/site-packages/airflow/example_dags/example_xcomargs.py
[2024-03-26T01:54:00.145+0000] {logging_mixin.py:188} INFO - [2024-03-26T01:54:00.145+0000] {dag.py:3047} INFO - Sync 2 DAGs
[2024-03-26T01:54:00.151+0000] {logging_mixin.py:188} INFO - [2024-03-26T01:54:00.151+0000] {dag.py:3834} INFO - Setting next_dagrun for example_xcom_args to None, run_after=None
[2024-03-26T01:54:00.153+0000] {logging_mixin.py:188} INFO - [2024-03-26T01:54:00.153+0000] {dag.py:3834} INFO - Setting next_dagrun for example_xcom_args_with_operators to None, run_after=None
[2024-03-26T01:54:00.160+0000] {processor.py:183} INFO - Processing /home/airflow/.local/lib/python3.8/site-packages/airflow/example_dags/example_xcomargs.py took 0.037 seconds
[2024-03-26T01:54:31.011+0000] {processor.py:161} INFO - Started process (PID=4669) to work on /home/airflow/.local/lib/python3.8/site-packages/airflow/example_dags/example_xcomargs.py
[2024-03-26T01:54:31.011+0000] {processor.py:830} INFO - Processing file /home/airflow/.local/lib/python3.8/site-packages/airflow/example_dags/example_xcomargs.py for tasks to queue
[2024-03-26T01:54:31.013+0000] {logging_mixin.py:188} INFO - [2024-03-26T01:54:31.012+0000] {dagbag.py:540} INFO - Filling up the DagBag from /home/airflow/.local/lib/python3.8/site-packages/airflow/example_dags/example_xcomargs.py
[2024-03-26T01:54:31.018+0000] {processor.py:840} INFO - DAG(s) 'example_xcom_args', 'example_xcom_args_with_operators' retrieved from /home/airflow/.local/lib/python3.8/site-packages/airflow/example_dags/example_xcomargs.py
[2024-03-26T01:54:31.032+0000] {logging_mixin.py:188} INFO - [2024-03-26T01:54:31.032+0000] {dag.py:3047} INFO - Sync 2 DAGs
[2024-03-26T01:54:31.039+0000] {logging_mixin.py:188} INFO - [2024-03-26T01:54:31.039+0000] {dag.py:3834} INFO - Setting next_dagrun for example_xcom_args to None, run_after=None
[2024-03-26T01:54:31.041+0000] {logging_mixin.py:188} INFO - [2024-03-26T01:54:31.041+0000] {dag.py:3834} INFO - Setting next_dagrun for example_xcom_args_with_operators to None, run_after=None
[2024-03-26T01:54:31.048+0000] {processor.py:183} INFO - Processing /home/airflow/.local/lib/python3.8/site-packages/airflow/example_dags/example_xcomargs.py took 0.039 seconds
[2024-03-26T01:55:01.736+0000] {processor.py:161} INFO - Started process (PID=4724) to work on /home/airflow/.local/lib/python3.8/site-packages/airflow/example_dags/example_xcomargs.py
[2024-03-26T01:55:01.736+0000] {processor.py:830} INFO - Processing file /home/airflow/.local/lib/python3.8/site-packages/airflow/example_dags/example_xcomargs.py for tasks to queue
[2024-03-26T01:55:01.737+0000] {logging_mixin.py:188} INFO - [2024-03-26T01:55:01.737+0000] {dagbag.py:540} INFO - Filling up the DagBag from /home/airflow/.local/lib/python3.8/site-packages/airflow/example_dags/example_xcomargs.py
[2024-03-26T01:55:01.742+0000] {processor.py:840} INFO - DAG(s) 'example_xcom_args_with_operators', 'example_xcom_args' retrieved from /home/airflow/.local/lib/python3.8/site-packages/airflow/example_dags/example_xcomargs.py
[2024-03-26T01:55:01.756+0000] {logging_mixin.py:188} INFO - [2024-03-26T01:55:01.756+0000] {dag.py:3047} INFO - Sync 2 DAGs
[2024-03-26T01:55:01.762+0000] {logging_mixin.py:188} INFO - [2024-03-26T01:55:01.762+0000] {dag.py:3834} INFO - Setting next_dagrun for example_xcom_args to None, run_after=None
[2024-03-26T01:55:01.763+0000] {logging_mixin.py:188} INFO - [2024-03-26T01:55:01.763+0000] {dag.py:3834} INFO - Setting next_dagrun for example_xcom_args_with_operators to None, run_after=None
[2024-03-26T01:55:01.770+0000] {processor.py:183} INFO - Processing /home/airflow/.local/lib/python3.8/site-packages/airflow/example_dags/example_xcomargs.py took 0.036 seconds
[2024-03-26T01:55:32.374+0000] {processor.py:161} INFO - Started process (PID=4779) to work on /home/airflow/.local/lib/python3.8/site-packages/airflow/example_dags/example_xcomargs.py
[2024-03-26T01:55:32.375+0000] {processor.py:830} INFO - Processing file /home/airflow/.local/lib/python3.8/site-packages/airflow/example_dags/example_xcomargs.py for tasks to queue
[2024-03-26T01:55:32.376+0000] {logging_mixin.py:188} INFO - [2024-03-26T01:55:32.376+0000] {dagbag.py:540} INFO - Filling up the DagBag from /home/airflow/.local/lib/python3.8/site-packages/airflow/example_dags/example_xcomargs.py
[2024-03-26T01:55:32.381+0000] {processor.py:840} INFO - DAG(s) 'example_xcom_args', 'example_xcom_args_with_operators' retrieved from /home/airflow/.local/lib/python3.8/site-packages/airflow/example_dags/example_xcomargs.py
[2024-03-26T01:55:32.394+0000] {logging_mixin.py:188} INFO - [2024-03-26T01:55:32.394+0000] {dag.py:3047} INFO - Sync 2 DAGs
[2024-03-26T01:55:32.400+0000] {logging_mixin.py:188} INFO - [2024-03-26T01:55:32.400+0000] {dag.py:3834} INFO - Setting next_dagrun for example_xcom_args to None, run_after=None
[2024-03-26T01:55:32.401+0000] {logging_mixin.py:188} INFO - [2024-03-26T01:55:32.401+0000] {dag.py:3834} INFO - Setting next_dagrun for example_xcom_args_with_operators to None, run_after=None
[2024-03-26T01:55:32.408+0000] {processor.py:183} INFO - Processing /home/airflow/.local/lib/python3.8/site-packages/airflow/example_dags/example_xcomargs.py took 0.036 seconds
[2024-03-26T01:56:03.134+0000] {processor.py:161} INFO - Started process (PID=4834) to work on /home/airflow/.local/lib/python3.8/site-packages/airflow/example_dags/example_xcomargs.py
[2024-03-26T01:56:03.135+0000] {processor.py:830} INFO - Processing file /home/airflow/.local/lib/python3.8/site-packages/airflow/example_dags/example_xcomargs.py for tasks to queue
[2024-03-26T01:56:03.136+0000] {logging_mixin.py:188} INFO - [2024-03-26T01:56:03.136+0000] {dagbag.py:540} INFO - Filling up the DagBag from /home/airflow/.local/lib/python3.8/site-packages/airflow/example_dags/example_xcomargs.py
[2024-03-26T01:56:03.141+0000] {processor.py:840} INFO - DAG(s) 'example_xcom_args_with_operators', 'example_xcom_args' retrieved from /home/airflow/.local/lib/python3.8/site-packages/airflow/example_dags/example_xcomargs.py
[2024-03-26T01:56:03.155+0000] {logging_mixin.py:188} INFO - [2024-03-26T01:56:03.154+0000] {dag.py:3047} INFO - Sync 2 DAGs
[2024-03-26T01:56:03.160+0000] {logging_mixin.py:188} INFO - [2024-03-26T01:56:03.160+0000] {dag.py:3834} INFO - Setting next_dagrun for example_xcom_args to None, run_after=None
[2024-03-26T01:56:03.162+0000] {logging_mixin.py:188} INFO - [2024-03-26T01:56:03.162+0000] {dag.py:3834} INFO - Setting next_dagrun for example_xcom_args_with_operators to None, run_after=None
[2024-03-26T01:56:03.169+0000] {processor.py:183} INFO - Processing /home/airflow/.local/lib/python3.8/site-packages/airflow/example_dags/example_xcomargs.py took 0.036 seconds
[2024-03-26T01:56:33.828+0000] {processor.py:161} INFO - Started process (PID=4889) to work on /home/airflow/.local/lib/python3.8/site-packages/airflow/example_dags/example_xcomargs.py
[2024-03-26T01:56:33.829+0000] {processor.py:830} INFO - Processing file /home/airflow/.local/lib/python3.8/site-packages/airflow/example_dags/example_xcomargs.py for tasks to queue
[2024-03-26T01:56:33.830+0000] {logging_mixin.py:188} INFO - [2024-03-26T01:56:33.829+0000] {dagbag.py:540} INFO - Filling up the DagBag from /home/airflow/.local/lib/python3.8/site-packages/airflow/example_dags/example_xcomargs.py
[2024-03-26T01:56:33.834+0000] {processor.py:840} INFO - DAG(s) 'example_xcom_args', 'example_xcom_args_with_operators' retrieved from /home/airflow/.local/lib/python3.8/site-packages/airflow/example_dags/example_xcomargs.py
[2024-03-26T01:56:33.847+0000] {logging_mixin.py:188} INFO - [2024-03-26T01:56:33.847+0000] {dag.py:3047} INFO - Sync 2 DAGs
[2024-03-26T01:56:33.853+0000] {logging_mixin.py:188} INFO - [2024-03-26T01:56:33.853+0000] {dag.py:3834} INFO - Setting next_dagrun for example_xcom_args to None, run_after=None
[2024-03-26T01:56:33.855+0000] {logging_mixin.py:188} INFO - [2024-03-26T01:56:33.855+0000] {dag.py:3834} INFO - Setting next_dagrun for example_xcom_args_with_operators to None, run_after=None
[2024-03-26T01:56:33.861+0000] {processor.py:183} INFO - Processing /home/airflow/.local/lib/python3.8/site-packages/airflow/example_dags/example_xcomargs.py took 0.035 seconds
[2024-03-26T01:57:04.507+0000] {processor.py:161} INFO - Started process (PID=4944) to work on /home/airflow/.local/lib/python3.8/site-packages/airflow/example_dags/example_xcomargs.py
[2024-03-26T01:57:04.507+0000] {processor.py:830} INFO - Processing file /home/airflow/.local/lib/python3.8/site-packages/airflow/example_dags/example_xcomargs.py for tasks to queue
[2024-03-26T01:57:04.509+0000] {logging_mixin.py:188} INFO - [2024-03-26T01:57:04.508+0000] {dagbag.py:540} INFO - Filling up the DagBag from /home/airflow/.local/lib/python3.8/site-packages/airflow/example_dags/example_xcomargs.py
[2024-03-26T01:57:04.513+0000] {processor.py:840} INFO - DAG(s) 'example_xcom_args', 'example_xcom_args_with_operators' retrieved from /home/airflow/.local/lib/python3.8/site-packages/airflow/example_dags/example_xcomargs.py
[2024-03-26T01:57:04.526+0000] {logging_mixin.py:188} INFO - [2024-03-26T01:57:04.526+0000] {dag.py:3047} INFO - Sync 2 DAGs
[2024-03-26T01:57:04.533+0000] {logging_mixin.py:188} INFO - [2024-03-26T01:57:04.533+0000] {dag.py:3834} INFO - Setting next_dagrun for example_xcom_args to None, run_after=None
[2024-03-26T01:57:04.534+0000] {logging_mixin.py:188} INFO - [2024-03-26T01:57:04.534+0000] {dag.py:3834} INFO - Setting next_dagrun for example_xcom_args_with_operators to None, run_after=None
[2024-03-26T01:57:04.542+0000] {processor.py:183} INFO - Processing /home/airflow/.local/lib/python3.8/site-packages/airflow/example_dags/example_xcomargs.py took 0.037 seconds
[2024-03-26T01:57:35.170+0000] {processor.py:161} INFO - Started process (PID=4999) to work on /home/airflow/.local/lib/python3.8/site-packages/airflow/example_dags/example_xcomargs.py
[2024-03-26T01:57:35.170+0000] {processor.py:830} INFO - Processing file /home/airflow/.local/lib/python3.8/site-packages/airflow/example_dags/example_xcomargs.py for tasks to queue
[2024-03-26T01:57:35.172+0000] {logging_mixin.py:188} INFO - [2024-03-26T01:57:35.172+0000] {dagbag.py:540} INFO - Filling up the DagBag from /home/airflow/.local/lib/python3.8/site-packages/airflow/example_dags/example_xcomargs.py
[2024-03-26T01:57:35.177+0000] {processor.py:840} INFO - DAG(s) 'example_xcom_args', 'example_xcom_args_with_operators' retrieved from /home/airflow/.local/lib/python3.8/site-packages/airflow/example_dags/example_xcomargs.py
[2024-03-26T01:57:35.192+0000] {logging_mixin.py:188} INFO - [2024-03-26T01:57:35.192+0000] {dag.py:3047} INFO - Sync 2 DAGs
[2024-03-26T01:57:35.199+0000] {logging_mixin.py:188} INFO - [2024-03-26T01:57:35.199+0000] {dag.py:3834} INFO - Setting next_dagrun for example_xcom_args to None, run_after=None
[2024-03-26T01:57:35.200+0000] {logging_mixin.py:188} INFO - [2024-03-26T01:57:35.200+0000] {dag.py:3834} INFO - Setting next_dagrun for example_xcom_args_with_operators to None, run_after=None
[2024-03-26T01:57:35.207+0000] {processor.py:183} INFO - Processing /home/airflow/.local/lib/python3.8/site-packages/airflow/example_dags/example_xcomargs.py took 0.040 seconds
[2024-03-26T01:58:05.829+0000] {processor.py:161} INFO - Started process (PID=5054) to work on /home/airflow/.local/lib/python3.8/site-packages/airflow/example_dags/example_xcomargs.py
[2024-03-26T01:58:05.830+0000] {processor.py:830} INFO - Processing file /home/airflow/.local/lib/python3.8/site-packages/airflow/example_dags/example_xcomargs.py for tasks to queue
[2024-03-26T01:58:05.831+0000] {logging_mixin.py:188} INFO - [2024-03-26T01:58:05.831+0000] {dagbag.py:540} INFO - Filling up the DagBag from /home/airflow/.local/lib/python3.8/site-packages/airflow/example_dags/example_xcomargs.py
[2024-03-26T01:58:05.836+0000] {processor.py:840} INFO - DAG(s) 'example_xcom_args', 'example_xcom_args_with_operators' retrieved from /home/airflow/.local/lib/python3.8/site-packages/airflow/example_dags/example_xcomargs.py
[2024-03-26T01:58:05.850+0000] {logging_mixin.py:188} INFO - [2024-03-26T01:58:05.850+0000] {dag.py:3047} INFO - Sync 2 DAGs
[2024-03-26T01:58:05.856+0000] {logging_mixin.py:188} INFO - [2024-03-26T01:58:05.856+0000] {dag.py:3834} INFO - Setting next_dagrun for example_xcom_args to None, run_after=None
[2024-03-26T01:58:05.858+0000] {logging_mixin.py:188} INFO - [2024-03-26T01:58:05.858+0000] {dag.py:3834} INFO - Setting next_dagrun for example_xcom_args_with_operators to None, run_after=None
[2024-03-26T01:58:05.865+0000] {processor.py:183} INFO - Processing /home/airflow/.local/lib/python3.8/site-packages/airflow/example_dags/example_xcomargs.py took 0.038 seconds
[2024-03-26T01:58:36.495+0000] {processor.py:161} INFO - Started process (PID=5115) to work on /home/airflow/.local/lib/python3.8/site-packages/airflow/example_dags/example_xcomargs.py
[2024-03-26T01:58:36.496+0000] {processor.py:830} INFO - Processing file /home/airflow/.local/lib/python3.8/site-packages/airflow/example_dags/example_xcomargs.py for tasks to queue
[2024-03-26T01:58:36.497+0000] {logging_mixin.py:188} INFO - [2024-03-26T01:58:36.496+0000] {dagbag.py:540} INFO - Filling up the DagBag from /home/airflow/.local/lib/python3.8/site-packages/airflow/example_dags/example_xcomargs.py
[2024-03-26T01:58:36.501+0000] {processor.py:840} INFO - DAG(s) 'example_xcom_args_with_operators', 'example_xcom_args' retrieved from /home/airflow/.local/lib/python3.8/site-packages/airflow/example_dags/example_xcomargs.py
[2024-03-26T01:58:36.514+0000] {logging_mixin.py:188} INFO - [2024-03-26T01:58:36.514+0000] {dag.py:3047} INFO - Sync 2 DAGs
[2024-03-26T01:58:36.521+0000] {logging_mixin.py:188} INFO - [2024-03-26T01:58:36.521+0000] {dag.py:3834} INFO - Setting next_dagrun for example_xcom_args to None, run_after=None
[2024-03-26T01:58:36.522+0000] {logging_mixin.py:188} INFO - [2024-03-26T01:58:36.522+0000] {dag.py:3834} INFO - Setting next_dagrun for example_xcom_args_with_operators to None, run_after=None
[2024-03-26T01:58:36.529+0000] {processor.py:183} INFO - Processing /home/airflow/.local/lib/python3.8/site-packages/airflow/example_dags/example_xcomargs.py took 0.036 seconds
[2024-03-26T01:59:07.318+0000] {processor.py:161} INFO - Started process (PID=5170) to work on /home/airflow/.local/lib/python3.8/site-packages/airflow/example_dags/example_xcomargs.py
[2024-03-26T01:59:07.318+0000] {processor.py:830} INFO - Processing file /home/airflow/.local/lib/python3.8/site-packages/airflow/example_dags/example_xcomargs.py for tasks to queue
[2024-03-26T01:59:07.319+0000] {logging_mixin.py:188} INFO - [2024-03-26T01:59:07.319+0000] {dagbag.py:540} INFO - Filling up the DagBag from /home/airflow/.local/lib/python3.8/site-packages/airflow/example_dags/example_xcomargs.py
[2024-03-26T01:59:07.324+0000] {processor.py:840} INFO - DAG(s) 'example_xcom_args', 'example_xcom_args_with_operators' retrieved from /home/airflow/.local/lib/python3.8/site-packages/airflow/example_dags/example_xcomargs.py
[2024-03-26T01:59:07.337+0000] {logging_mixin.py:188} INFO - [2024-03-26T01:59:07.337+0000] {dag.py:3047} INFO - Sync 2 DAGs
[2024-03-26T01:59:07.343+0000] {logging_mixin.py:188} INFO - [2024-03-26T01:59:07.343+0000] {dag.py:3834} INFO - Setting next_dagrun for example_xcom_args to None, run_after=None
[2024-03-26T01:59:07.345+0000] {logging_mixin.py:188} INFO - [2024-03-26T01:59:07.345+0000] {dag.py:3834} INFO - Setting next_dagrun for example_xcom_args_with_operators to None, run_after=None
[2024-03-26T01:59:07.353+0000] {processor.py:183} INFO - Processing /home/airflow/.local/lib/python3.8/site-packages/airflow/example_dags/example_xcomargs.py took 0.037 seconds
[2024-03-26T01:59:38.138+0000] {processor.py:161} INFO - Started process (PID=5225) to work on /home/airflow/.local/lib/python3.8/site-packages/airflow/example_dags/example_xcomargs.py
[2024-03-26T01:59:38.139+0000] {processor.py:830} INFO - Processing file /home/airflow/.local/lib/python3.8/site-packages/airflow/example_dags/example_xcomargs.py for tasks to queue
[2024-03-26T01:59:38.140+0000] {logging_mixin.py:188} INFO - [2024-03-26T01:59:38.140+0000] {dagbag.py:540} INFO - Filling up the DagBag from /home/airflow/.local/lib/python3.8/site-packages/airflow/example_dags/example_xcomargs.py
[2024-03-26T01:59:38.145+0000] {processor.py:840} INFO - DAG(s) 'example_xcom_args_with_operators', 'example_xcom_args' retrieved from /home/airflow/.local/lib/python3.8/site-packages/airflow/example_dags/example_xcomargs.py
[2024-03-26T01:59:38.161+0000] {logging_mixin.py:188} INFO - [2024-03-26T01:59:38.161+0000] {dag.py:3047} INFO - Sync 2 DAGs
[2024-03-26T01:59:38.167+0000] {logging_mixin.py:188} INFO - [2024-03-26T01:59:38.167+0000] {dag.py:3834} INFO - Setting next_dagrun for example_xcom_args to None, run_after=None
[2024-03-26T01:59:38.169+0000] {logging_mixin.py:188} INFO - [2024-03-26T01:59:38.169+0000] {dag.py:3834} INFO - Setting next_dagrun for example_xcom_args_with_operators to None, run_after=None
[2024-03-26T01:59:38.177+0000] {processor.py:183} INFO - Processing /home/airflow/.local/lib/python3.8/site-packages/airflow/example_dags/example_xcomargs.py took 0.041 seconds
[2024-03-26T02:00:09.034+0000] {processor.py:161} INFO - Started process (PID=5280) to work on /home/airflow/.local/lib/python3.8/site-packages/airflow/example_dags/example_xcomargs.py
[2024-03-26T02:00:09.035+0000] {processor.py:830} INFO - Processing file /home/airflow/.local/lib/python3.8/site-packages/airflow/example_dags/example_xcomargs.py for tasks to queue
[2024-03-26T02:00:09.036+0000] {logging_mixin.py:188} INFO - [2024-03-26T02:00:09.035+0000] {dagbag.py:540} INFO - Filling up the DagBag from /home/airflow/.local/lib/python3.8/site-packages/airflow/example_dags/example_xcomargs.py
[2024-03-26T02:00:09.040+0000] {processor.py:840} INFO - DAG(s) 'example_xcom_args_with_operators', 'example_xcom_args' retrieved from /home/airflow/.local/lib/python3.8/site-packages/airflow/example_dags/example_xcomargs.py
[2024-03-26T02:00:09.053+0000] {logging_mixin.py:188} INFO - [2024-03-26T02:00:09.053+0000] {dag.py:3047} INFO - Sync 2 DAGs
[2024-03-26T02:00:09.059+0000] {logging_mixin.py:188} INFO - [2024-03-26T02:00:09.059+0000] {dag.py:3834} INFO - Setting next_dagrun for example_xcom_args to None, run_after=None
[2024-03-26T02:00:09.061+0000] {logging_mixin.py:188} INFO - [2024-03-26T02:00:09.061+0000] {dag.py:3834} INFO - Setting next_dagrun for example_xcom_args_with_operators to None, run_after=None
[2024-03-26T02:00:09.068+0000] {processor.py:183} INFO - Processing /home/airflow/.local/lib/python3.8/site-packages/airflow/example_dags/example_xcomargs.py took 0.036 seconds
[2024-03-26T02:00:39.635+0000] {processor.py:161} INFO - Started process (PID=5335) to work on /home/airflow/.local/lib/python3.8/site-packages/airflow/example_dags/example_xcomargs.py
[2024-03-26T02:00:39.635+0000] {processor.py:830} INFO - Processing file /home/airflow/.local/lib/python3.8/site-packages/airflow/example_dags/example_xcomargs.py for tasks to queue
[2024-03-26T02:00:39.636+0000] {logging_mixin.py:188} INFO - [2024-03-26T02:00:39.636+0000] {dagbag.py:540} INFO - Filling up the DagBag from /home/airflow/.local/lib/python3.8/site-packages/airflow/example_dags/example_xcomargs.py
[2024-03-26T02:00:39.641+0000] {processor.py:840} INFO - DAG(s) 'example_xcom_args_with_operators', 'example_xcom_args' retrieved from /home/airflow/.local/lib/python3.8/site-packages/airflow/example_dags/example_xcomargs.py
[2024-03-26T02:00:39.654+0000] {logging_mixin.py:188} INFO - [2024-03-26T02:00:39.654+0000] {dag.py:3047} INFO - Sync 2 DAGs
[2024-03-26T02:00:39.661+0000] {logging_mixin.py:188} INFO - [2024-03-26T02:00:39.661+0000] {dag.py:3834} INFO - Setting next_dagrun for example_xcom_args to None, run_after=None
[2024-03-26T02:00:39.662+0000] {logging_mixin.py:188} INFO - [2024-03-26T02:00:39.662+0000] {dag.py:3834} INFO - Setting next_dagrun for example_xcom_args_with_operators to None, run_after=None
[2024-03-26T02:00:39.670+0000] {processor.py:183} INFO - Processing /home/airflow/.local/lib/python3.8/site-packages/airflow/example_dags/example_xcomargs.py took 0.037 seconds
[2024-03-26T02:01:10.424+0000] {processor.py:161} INFO - Started process (PID=5390) to work on /home/airflow/.local/lib/python3.8/site-packages/airflow/example_dags/example_xcomargs.py
[2024-03-26T02:01:10.424+0000] {processor.py:830} INFO - Processing file /home/airflow/.local/lib/python3.8/site-packages/airflow/example_dags/example_xcomargs.py for tasks to queue
[2024-03-26T02:01:10.425+0000] {logging_mixin.py:188} INFO - [2024-03-26T02:01:10.425+0000] {dagbag.py:540} INFO - Filling up the DagBag from /home/airflow/.local/lib/python3.8/site-packages/airflow/example_dags/example_xcomargs.py
[2024-03-26T02:01:10.430+0000] {processor.py:840} INFO - DAG(s) 'example_xcom_args', 'example_xcom_args_with_operators' retrieved from /home/airflow/.local/lib/python3.8/site-packages/airflow/example_dags/example_xcomargs.py
[2024-03-26T02:01:10.443+0000] {logging_mixin.py:188} INFO - [2024-03-26T02:01:10.443+0000] {dag.py:3047} INFO - Sync 2 DAGs
[2024-03-26T02:01:10.449+0000] {logging_mixin.py:188} INFO - [2024-03-26T02:01:10.448+0000] {dag.py:3834} INFO - Setting next_dagrun for example_xcom_args to None, run_after=None
[2024-03-26T02:01:10.450+0000] {logging_mixin.py:188} INFO - [2024-03-26T02:01:10.450+0000] {dag.py:3834} INFO - Setting next_dagrun for example_xcom_args_with_operators to None, run_after=None
[2024-03-26T02:01:10.456+0000] {processor.py:183} INFO - Processing /home/airflow/.local/lib/python3.8/site-packages/airflow/example_dags/example_xcomargs.py took 0.034 seconds
[2024-03-26T02:01:40.981+0000] {processor.py:161} INFO - Started process (PID=5445) to work on /home/airflow/.local/lib/python3.8/site-packages/airflow/example_dags/example_xcomargs.py
[2024-03-26T02:01:40.981+0000] {processor.py:830} INFO - Processing file /home/airflow/.local/lib/python3.8/site-packages/airflow/example_dags/example_xcomargs.py for tasks to queue
[2024-03-26T02:01:40.982+0000] {logging_mixin.py:188} INFO - [2024-03-26T02:01:40.982+0000] {dagbag.py:540} INFO - Filling up the DagBag from /home/airflow/.local/lib/python3.8/site-packages/airflow/example_dags/example_xcomargs.py
[2024-03-26T02:01:40.987+0000] {processor.py:840} INFO - DAG(s) 'example_xcom_args', 'example_xcom_args_with_operators' retrieved from /home/airflow/.local/lib/python3.8/site-packages/airflow/example_dags/example_xcomargs.py
[2024-03-26T02:01:41.001+0000] {logging_mixin.py:188} INFO - [2024-03-26T02:01:41.000+0000] {dag.py:3047} INFO - Sync 2 DAGs
[2024-03-26T02:01:41.006+0000] {logging_mixin.py:188} INFO - [2024-03-26T02:01:41.006+0000] {dag.py:3834} INFO - Setting next_dagrun for example_xcom_args to None, run_after=None
[2024-03-26T02:01:41.008+0000] {logging_mixin.py:188} INFO - [2024-03-26T02:01:41.008+0000] {dag.py:3834} INFO - Setting next_dagrun for example_xcom_args_with_operators to None, run_after=None
[2024-03-26T02:01:41.014+0000] {processor.py:183} INFO - Processing /home/airflow/.local/lib/python3.8/site-packages/airflow/example_dags/example_xcomargs.py took 0.035 seconds
[2024-03-26T02:02:11.565+0000] {processor.py:161} INFO - Started process (PID=5500) to work on /home/airflow/.local/lib/python3.8/site-packages/airflow/example_dags/example_xcomargs.py
[2024-03-26T02:02:11.565+0000] {processor.py:830} INFO - Processing file /home/airflow/.local/lib/python3.8/site-packages/airflow/example_dags/example_xcomargs.py for tasks to queue
[2024-03-26T02:02:11.567+0000] {logging_mixin.py:188} INFO - [2024-03-26T02:02:11.566+0000] {dagbag.py:540} INFO - Filling up the DagBag from /home/airflow/.local/lib/python3.8/site-packages/airflow/example_dags/example_xcomargs.py
[2024-03-26T02:02:11.572+0000] {processor.py:840} INFO - DAG(s) 'example_xcom_args', 'example_xcom_args_with_operators' retrieved from /home/airflow/.local/lib/python3.8/site-packages/airflow/example_dags/example_xcomargs.py
[2024-03-26T02:02:11.585+0000] {logging_mixin.py:188} INFO - [2024-03-26T02:02:11.585+0000] {dag.py:3047} INFO - Sync 2 DAGs
[2024-03-26T02:02:11.592+0000] {logging_mixin.py:188} INFO - [2024-03-26T02:02:11.592+0000] {dag.py:3834} INFO - Setting next_dagrun for example_xcom_args to None, run_after=None
[2024-03-26T02:02:11.594+0000] {logging_mixin.py:188} INFO - [2024-03-26T02:02:11.593+0000] {dag.py:3834} INFO - Setting next_dagrun for example_xcom_args_with_operators to None, run_after=None
[2024-03-26T02:02:11.601+0000] {processor.py:183} INFO - Processing /home/airflow/.local/lib/python3.8/site-packages/airflow/example_dags/example_xcomargs.py took 0.038 seconds
[2024-03-26T02:02:42.301+0000] {processor.py:161} INFO - Started process (PID=5555) to work on /home/airflow/.local/lib/python3.8/site-packages/airflow/example_dags/example_xcomargs.py
[2024-03-26T02:02:42.302+0000] {processor.py:830} INFO - Processing file /home/airflow/.local/lib/python3.8/site-packages/airflow/example_dags/example_xcomargs.py for tasks to queue
[2024-03-26T02:02:42.303+0000] {logging_mixin.py:188} INFO - [2024-03-26T02:02:42.303+0000] {dagbag.py:540} INFO - Filling up the DagBag from /home/airflow/.local/lib/python3.8/site-packages/airflow/example_dags/example_xcomargs.py
[2024-03-26T02:02:42.309+0000] {processor.py:840} INFO - DAG(s) 'example_xcom_args_with_operators', 'example_xcom_args' retrieved from /home/airflow/.local/lib/python3.8/site-packages/airflow/example_dags/example_xcomargs.py
[2024-03-26T02:02:42.337+0000] {logging_mixin.py:188} INFO - [2024-03-26T02:02:42.337+0000] {dag.py:3047} INFO - Sync 2 DAGs
[2024-03-26T02:02:42.346+0000] {logging_mixin.py:188} INFO - [2024-03-26T02:02:42.345+0000] {dag.py:3834} INFO - Setting next_dagrun for example_xcom_args to None, run_after=None
[2024-03-26T02:02:42.347+0000] {logging_mixin.py:188} INFO - [2024-03-26T02:02:42.347+0000] {dag.py:3834} INFO - Setting next_dagrun for example_xcom_args_with_operators to None, run_after=None
[2024-03-26T02:02:42.356+0000] {processor.py:183} INFO - Processing /home/airflow/.local/lib/python3.8/site-packages/airflow/example_dags/example_xcomargs.py took 0.058 seconds
[2024-03-26T02:03:13.122+0000] {processor.py:161} INFO - Started process (PID=5610) to work on /home/airflow/.local/lib/python3.8/site-packages/airflow/example_dags/example_xcomargs.py
[2024-03-26T02:03:13.122+0000] {processor.py:830} INFO - Processing file /home/airflow/.local/lib/python3.8/site-packages/airflow/example_dags/example_xcomargs.py for tasks to queue
[2024-03-26T02:03:13.124+0000] {logging_mixin.py:188} INFO - [2024-03-26T02:03:13.123+0000] {dagbag.py:540} INFO - Filling up the DagBag from /home/airflow/.local/lib/python3.8/site-packages/airflow/example_dags/example_xcomargs.py
[2024-03-26T02:03:13.129+0000] {processor.py:840} INFO - DAG(s) 'example_xcom_args_with_operators', 'example_xcom_args' retrieved from /home/airflow/.local/lib/python3.8/site-packages/airflow/example_dags/example_xcomargs.py
[2024-03-26T02:03:13.143+0000] {logging_mixin.py:188} INFO - [2024-03-26T02:03:13.143+0000] {dag.py:3047} INFO - Sync 2 DAGs
[2024-03-26T02:03:13.149+0000] {logging_mixin.py:188} INFO - [2024-03-26T02:03:13.149+0000] {dag.py:3834} INFO - Setting next_dagrun for example_xcom_args to None, run_after=None
[2024-03-26T02:03:13.151+0000] {logging_mixin.py:188} INFO - [2024-03-26T02:03:13.151+0000] {dag.py:3834} INFO - Setting next_dagrun for example_xcom_args_with_operators to None, run_after=None
[2024-03-26T02:03:13.160+0000] {processor.py:183} INFO - Processing /home/airflow/.local/lib/python3.8/site-packages/airflow/example_dags/example_xcomargs.py took 0.040 seconds
[2024-03-26T02:03:43.984+0000] {processor.py:161} INFO - Started process (PID=5665) to work on /home/airflow/.local/lib/python3.8/site-packages/airflow/example_dags/example_xcomargs.py
[2024-03-26T02:03:43.985+0000] {processor.py:830} INFO - Processing file /home/airflow/.local/lib/python3.8/site-packages/airflow/example_dags/example_xcomargs.py for tasks to queue
[2024-03-26T02:03:43.986+0000] {logging_mixin.py:188} INFO - [2024-03-26T02:03:43.986+0000] {dagbag.py:540} INFO - Filling up the DagBag from /home/airflow/.local/lib/python3.8/site-packages/airflow/example_dags/example_xcomargs.py
[2024-03-26T02:03:43.991+0000] {processor.py:840} INFO - DAG(s) 'example_xcom_args_with_operators', 'example_xcom_args' retrieved from /home/airflow/.local/lib/python3.8/site-packages/airflow/example_dags/example_xcomargs.py
[2024-03-26T02:03:44.007+0000] {logging_mixin.py:188} INFO - [2024-03-26T02:03:44.007+0000] {dag.py:3047} INFO - Sync 2 DAGs
[2024-03-26T02:03:44.013+0000] {logging_mixin.py:188} INFO - [2024-03-26T02:03:44.013+0000] {dag.py:3834} INFO - Setting next_dagrun for example_xcom_args to None, run_after=None
[2024-03-26T02:03:44.015+0000] {logging_mixin.py:188} INFO - [2024-03-26T02:03:44.015+0000] {dag.py:3834} INFO - Setting next_dagrun for example_xcom_args_with_operators to None, run_after=None
[2024-03-26T02:03:44.022+0000] {processor.py:183} INFO - Processing /home/airflow/.local/lib/python3.8/site-packages/airflow/example_dags/example_xcomargs.py took 0.040 seconds
[2024-03-26T02:04:14.648+0000] {processor.py:161} INFO - Started process (PID=5720) to work on /home/airflow/.local/lib/python3.8/site-packages/airflow/example_dags/example_xcomargs.py
[2024-03-26T02:04:14.648+0000] {processor.py:830} INFO - Processing file /home/airflow/.local/lib/python3.8/site-packages/airflow/example_dags/example_xcomargs.py for tasks to queue
[2024-03-26T02:04:14.650+0000] {logging_mixin.py:188} INFO - [2024-03-26T02:04:14.649+0000] {dagbag.py:540} INFO - Filling up the DagBag from /home/airflow/.local/lib/python3.8/site-packages/airflow/example_dags/example_xcomargs.py
[2024-03-26T02:04:14.655+0000] {processor.py:840} INFO - DAG(s) 'example_xcom_args', 'example_xcom_args_with_operators' retrieved from /home/airflow/.local/lib/python3.8/site-packages/airflow/example_dags/example_xcomargs.py
[2024-03-26T02:04:14.671+0000] {logging_mixin.py:188} INFO - [2024-03-26T02:04:14.671+0000] {dag.py:3047} INFO - Sync 2 DAGs
[2024-03-26T02:04:14.678+0000] {logging_mixin.py:188} INFO - [2024-03-26T02:04:14.678+0000] {dag.py:3834} INFO - Setting next_dagrun for example_xcom_args to None, run_after=None
[2024-03-26T02:04:14.680+0000] {logging_mixin.py:188} INFO - [2024-03-26T02:04:14.680+0000] {dag.py:3834} INFO - Setting next_dagrun for example_xcom_args_with_operators to None, run_after=None
[2024-03-26T02:04:14.689+0000] {processor.py:183} INFO - Processing /home/airflow/.local/lib/python3.8/site-packages/airflow/example_dags/example_xcomargs.py took 0.043 seconds
[2024-03-26T02:04:45.352+0000] {processor.py:161} INFO - Started process (PID=5775) to work on /home/airflow/.local/lib/python3.8/site-packages/airflow/example_dags/example_xcomargs.py
[2024-03-26T02:04:45.352+0000] {processor.py:830} INFO - Processing file /home/airflow/.local/lib/python3.8/site-packages/airflow/example_dags/example_xcomargs.py for tasks to queue
[2024-03-26T02:04:45.353+0000] {logging_mixin.py:188} INFO - [2024-03-26T02:04:45.353+0000] {dagbag.py:540} INFO - Filling up the DagBag from /home/airflow/.local/lib/python3.8/site-packages/airflow/example_dags/example_xcomargs.py
[2024-03-26T02:04:45.358+0000] {processor.py:840} INFO - DAG(s) 'example_xcom_args', 'example_xcom_args_with_operators' retrieved from /home/airflow/.local/lib/python3.8/site-packages/airflow/example_dags/example_xcomargs.py
[2024-03-26T02:04:45.371+0000] {logging_mixin.py:188} INFO - [2024-03-26T02:04:45.371+0000] {dag.py:3047} INFO - Sync 2 DAGs
[2024-03-26T02:04:45.377+0000] {logging_mixin.py:188} INFO - [2024-03-26T02:04:45.377+0000] {dag.py:3834} INFO - Setting next_dagrun for example_xcom_args to None, run_after=None
[2024-03-26T02:04:45.378+0000] {logging_mixin.py:188} INFO - [2024-03-26T02:04:45.378+0000] {dag.py:3834} INFO - Setting next_dagrun for example_xcom_args_with_operators to None, run_after=None
[2024-03-26T02:04:45.385+0000] {processor.py:183} INFO - Processing /home/airflow/.local/lib/python3.8/site-packages/airflow/example_dags/example_xcomargs.py took 0.035 seconds
[2024-03-26T02:05:16.069+0000] {processor.py:161} INFO - Started process (PID=5830) to work on /home/airflow/.local/lib/python3.8/site-packages/airflow/example_dags/example_xcomargs.py
[2024-03-26T02:05:16.070+0000] {processor.py:830} INFO - Processing file /home/airflow/.local/lib/python3.8/site-packages/airflow/example_dags/example_xcomargs.py for tasks to queue
[2024-03-26T02:05:16.071+0000] {logging_mixin.py:188} INFO - [2024-03-26T02:05:16.071+0000] {dagbag.py:540} INFO - Filling up the DagBag from /home/airflow/.local/lib/python3.8/site-packages/airflow/example_dags/example_xcomargs.py
[2024-03-26T02:05:16.075+0000] {processor.py:840} INFO - DAG(s) 'example_xcom_args', 'example_xcom_args_with_operators' retrieved from /home/airflow/.local/lib/python3.8/site-packages/airflow/example_dags/example_xcomargs.py
[2024-03-26T02:05:16.090+0000] {logging_mixin.py:188} INFO - [2024-03-26T02:05:16.090+0000] {dag.py:3047} INFO - Sync 2 DAGs
[2024-03-26T02:05:16.096+0000] {logging_mixin.py:188} INFO - [2024-03-26T02:05:16.096+0000] {dag.py:3834} INFO - Setting next_dagrun for example_xcom_args to None, run_after=None
[2024-03-26T02:05:16.098+0000] {logging_mixin.py:188} INFO - [2024-03-26T02:05:16.098+0000] {dag.py:3834} INFO - Setting next_dagrun for example_xcom_args_with_operators to None, run_after=None
[2024-03-26T02:05:16.105+0000] {processor.py:183} INFO - Processing /home/airflow/.local/lib/python3.8/site-packages/airflow/example_dags/example_xcomargs.py took 0.038 seconds
[2024-03-26T02:05:46.693+0000] {processor.py:161} INFO - Started process (PID=5885) to work on /home/airflow/.local/lib/python3.8/site-packages/airflow/example_dags/example_xcomargs.py
[2024-03-26T02:05:46.694+0000] {processor.py:830} INFO - Processing file /home/airflow/.local/lib/python3.8/site-packages/airflow/example_dags/example_xcomargs.py for tasks to queue
[2024-03-26T02:05:46.695+0000] {logging_mixin.py:188} INFO - [2024-03-26T02:05:46.695+0000] {dagbag.py:540} INFO - Filling up the DagBag from /home/airflow/.local/lib/python3.8/site-packages/airflow/example_dags/example_xcomargs.py
[2024-03-26T02:05:46.699+0000] {processor.py:840} INFO - DAG(s) 'example_xcom_args_with_operators', 'example_xcom_args' retrieved from /home/airflow/.local/lib/python3.8/site-packages/airflow/example_dags/example_xcomargs.py
[2024-03-26T02:05:46.713+0000] {logging_mixin.py:188} INFO - [2024-03-26T02:05:46.713+0000] {dag.py:3047} INFO - Sync 2 DAGs
[2024-03-26T02:05:46.719+0000] {logging_mixin.py:188} INFO - [2024-03-26T02:05:46.719+0000] {dag.py:3834} INFO - Setting next_dagrun for example_xcom_args to None, run_after=None
[2024-03-26T02:05:46.720+0000] {logging_mixin.py:188} INFO - [2024-03-26T02:05:46.720+0000] {dag.py:3834} INFO - Setting next_dagrun for example_xcom_args_with_operators to None, run_after=None
[2024-03-26T02:05:46.727+0000] {processor.py:183} INFO - Processing /home/airflow/.local/lib/python3.8/site-packages/airflow/example_dags/example_xcomargs.py took 0.036 seconds
[2024-03-26T02:06:17.393+0000] {processor.py:161} INFO - Started process (PID=5940) to work on /home/airflow/.local/lib/python3.8/site-packages/airflow/example_dags/example_xcomargs.py
[2024-03-26T02:06:17.394+0000] {processor.py:830} INFO - Processing file /home/airflow/.local/lib/python3.8/site-packages/airflow/example_dags/example_xcomargs.py for tasks to queue
[2024-03-26T02:06:17.395+0000] {logging_mixin.py:188} INFO - [2024-03-26T02:06:17.395+0000] {dagbag.py:540} INFO - Filling up the DagBag from /home/airflow/.local/lib/python3.8/site-packages/airflow/example_dags/example_xcomargs.py
[2024-03-26T02:06:17.400+0000] {processor.py:840} INFO - DAG(s) 'example_xcom_args', 'example_xcom_args_with_operators' retrieved from /home/airflow/.local/lib/python3.8/site-packages/airflow/example_dags/example_xcomargs.py
[2024-03-26T02:06:17.414+0000] {logging_mixin.py:188} INFO - [2024-03-26T02:06:17.414+0000] {dag.py:3047} INFO - Sync 2 DAGs
[2024-03-26T02:06:17.420+0000] {logging_mixin.py:188} INFO - [2024-03-26T02:06:17.420+0000] {dag.py:3834} INFO - Setting next_dagrun for example_xcom_args to None, run_after=None
[2024-03-26T02:06:17.422+0000] {logging_mixin.py:188} INFO - [2024-03-26T02:06:17.422+0000] {dag.py:3834} INFO - Setting next_dagrun for example_xcom_args_with_operators to None, run_after=None
[2024-03-26T02:06:17.430+0000] {processor.py:183} INFO - Processing /home/airflow/.local/lib/python3.8/site-packages/airflow/example_dags/example_xcomargs.py took 0.039 seconds
[2024-03-26T02:06:48.128+0000] {processor.py:161} INFO - Started process (PID=5995) to work on /home/airflow/.local/lib/python3.8/site-packages/airflow/example_dags/example_xcomargs.py
[2024-03-26T02:06:48.128+0000] {processor.py:830} INFO - Processing file /home/airflow/.local/lib/python3.8/site-packages/airflow/example_dags/example_xcomargs.py for tasks to queue
[2024-03-26T02:06:48.129+0000] {logging_mixin.py:188} INFO - [2024-03-26T02:06:48.129+0000] {dagbag.py:540} INFO - Filling up the DagBag from /home/airflow/.local/lib/python3.8/site-packages/airflow/example_dags/example_xcomargs.py
[2024-03-26T02:06:48.134+0000] {processor.py:840} INFO - DAG(s) 'example_xcom_args_with_operators', 'example_xcom_args' retrieved from /home/airflow/.local/lib/python3.8/site-packages/airflow/example_dags/example_xcomargs.py
[2024-03-26T02:06:48.147+0000] {logging_mixin.py:188} INFO - [2024-03-26T02:06:48.147+0000] {dag.py:3047} INFO - Sync 2 DAGs
[2024-03-26T02:06:48.154+0000] {logging_mixin.py:188} INFO - [2024-03-26T02:06:48.154+0000] {dag.py:3834} INFO - Setting next_dagrun for example_xcom_args to None, run_after=None
[2024-03-26T02:06:48.155+0000] {logging_mixin.py:188} INFO - [2024-03-26T02:06:48.155+0000] {dag.py:3834} INFO - Setting next_dagrun for example_xcom_args_with_operators to None, run_after=None
[2024-03-26T02:06:48.162+0000] {processor.py:183} INFO - Processing /home/airflow/.local/lib/python3.8/site-packages/airflow/example_dags/example_xcomargs.py took 0.037 seconds
[2024-03-26T02:07:18.807+0000] {processor.py:161} INFO - Started process (PID=6050) to work on /home/airflow/.local/lib/python3.8/site-packages/airflow/example_dags/example_xcomargs.py
[2024-03-26T02:07:18.808+0000] {processor.py:830} INFO - Processing file /home/airflow/.local/lib/python3.8/site-packages/airflow/example_dags/example_xcomargs.py for tasks to queue
[2024-03-26T02:07:18.809+0000] {logging_mixin.py:188} INFO - [2024-03-26T02:07:18.809+0000] {dagbag.py:540} INFO - Filling up the DagBag from /home/airflow/.local/lib/python3.8/site-packages/airflow/example_dags/example_xcomargs.py
[2024-03-26T02:07:18.814+0000] {processor.py:840} INFO - DAG(s) 'example_xcom_args', 'example_xcom_args_with_operators' retrieved from /home/airflow/.local/lib/python3.8/site-packages/airflow/example_dags/example_xcomargs.py
[2024-03-26T02:07:18.828+0000] {logging_mixin.py:188} INFO - [2024-03-26T02:07:18.827+0000] {dag.py:3047} INFO - Sync 2 DAGs
[2024-03-26T02:07:18.833+0000] {logging_mixin.py:188} INFO - [2024-03-26T02:07:18.833+0000] {dag.py:3834} INFO - Setting next_dagrun for example_xcom_args to None, run_after=None
[2024-03-26T02:07:18.835+0000] {logging_mixin.py:188} INFO - [2024-03-26T02:07:18.835+0000] {dag.py:3834} INFO - Setting next_dagrun for example_xcom_args_with_operators to None, run_after=None
[2024-03-26T02:07:18.841+0000] {processor.py:183} INFO - Processing /home/airflow/.local/lib/python3.8/site-packages/airflow/example_dags/example_xcomargs.py took 0.036 seconds
[2024-03-26T02:07:49.365+0000] {processor.py:161} INFO - Started process (PID=6105) to work on /home/airflow/.local/lib/python3.8/site-packages/airflow/example_dags/example_xcomargs.py
[2024-03-26T02:07:49.366+0000] {processor.py:830} INFO - Processing file /home/airflow/.local/lib/python3.8/site-packages/airflow/example_dags/example_xcomargs.py for tasks to queue
[2024-03-26T02:07:49.367+0000] {logging_mixin.py:188} INFO - [2024-03-26T02:07:49.367+0000] {dagbag.py:540} INFO - Filling up the DagBag from /home/airflow/.local/lib/python3.8/site-packages/airflow/example_dags/example_xcomargs.py
[2024-03-26T02:07:49.372+0000] {processor.py:840} INFO - DAG(s) 'example_xcom_args_with_operators', 'example_xcom_args' retrieved from /home/airflow/.local/lib/python3.8/site-packages/airflow/example_dags/example_xcomargs.py
[2024-03-26T02:07:49.385+0000] {logging_mixin.py:188} INFO - [2024-03-26T02:07:49.385+0000] {dag.py:3047} INFO - Sync 2 DAGs
[2024-03-26T02:07:49.391+0000] {logging_mixin.py:188} INFO - [2024-03-26T02:07:49.391+0000] {dag.py:3834} INFO - Setting next_dagrun for example_xcom_args to None, run_after=None
[2024-03-26T02:07:49.393+0000] {logging_mixin.py:188} INFO - [2024-03-26T02:07:49.393+0000] {dag.py:3834} INFO - Setting next_dagrun for example_xcom_args_with_operators to None, run_after=None
[2024-03-26T02:07:49.400+0000] {processor.py:183} INFO - Processing /home/airflow/.local/lib/python3.8/site-packages/airflow/example_dags/example_xcomargs.py took 0.036 seconds
[2024-03-26T02:08:20.061+0000] {processor.py:161} INFO - Started process (PID=6160) to work on /home/airflow/.local/lib/python3.8/site-packages/airflow/example_dags/example_xcomargs.py
[2024-03-26T02:08:20.061+0000] {processor.py:830} INFO - Processing file /home/airflow/.local/lib/python3.8/site-packages/airflow/example_dags/example_xcomargs.py for tasks to queue
[2024-03-26T02:08:20.062+0000] {logging_mixin.py:188} INFO - [2024-03-26T02:08:20.062+0000] {dagbag.py:540} INFO - Filling up the DagBag from /home/airflow/.local/lib/python3.8/site-packages/airflow/example_dags/example_xcomargs.py
[2024-03-26T02:08:20.067+0000] {processor.py:840} INFO - DAG(s) 'example_xcom_args_with_operators', 'example_xcom_args' retrieved from /home/airflow/.local/lib/python3.8/site-packages/airflow/example_dags/example_xcomargs.py
[2024-03-26T02:08:20.080+0000] {logging_mixin.py:188} INFO - [2024-03-26T02:08:20.080+0000] {dag.py:3047} INFO - Sync 2 DAGs
[2024-03-26T02:08:20.085+0000] {logging_mixin.py:188} INFO - [2024-03-26T02:08:20.085+0000] {dag.py:3834} INFO - Setting next_dagrun for example_xcom_args to None, run_after=None
[2024-03-26T02:08:20.087+0000] {logging_mixin.py:188} INFO - [2024-03-26T02:08:20.087+0000] {dag.py:3834} INFO - Setting next_dagrun for example_xcom_args_with_operators to None, run_after=None
[2024-03-26T02:08:20.093+0000] {processor.py:183} INFO - Processing /home/airflow/.local/lib/python3.8/site-packages/airflow/example_dags/example_xcomargs.py took 0.034 seconds
[2024-03-26T02:08:50.667+0000] {processor.py:161} INFO - Started process (PID=6215) to work on /home/airflow/.local/lib/python3.8/site-packages/airflow/example_dags/example_xcomargs.py
[2024-03-26T02:08:50.668+0000] {processor.py:830} INFO - Processing file /home/airflow/.local/lib/python3.8/site-packages/airflow/example_dags/example_xcomargs.py for tasks to queue
[2024-03-26T02:08:50.669+0000] {logging_mixin.py:188} INFO - [2024-03-26T02:08:50.669+0000] {dagbag.py:540} INFO - Filling up the DagBag from /home/airflow/.local/lib/python3.8/site-packages/airflow/example_dags/example_xcomargs.py
[2024-03-26T02:08:50.673+0000] {processor.py:840} INFO - DAG(s) 'example_xcom_args_with_operators', 'example_xcom_args' retrieved from /home/airflow/.local/lib/python3.8/site-packages/airflow/example_dags/example_xcomargs.py
[2024-03-26T02:08:50.687+0000] {logging_mixin.py:188} INFO - [2024-03-26T02:08:50.686+0000] {dag.py:3047} INFO - Sync 2 DAGs
[2024-03-26T02:08:50.692+0000] {logging_mixin.py:188} INFO - [2024-03-26T02:08:50.692+0000] {dag.py:3834} INFO - Setting next_dagrun for example_xcom_args to None, run_after=None
[2024-03-26T02:08:50.694+0000] {logging_mixin.py:188} INFO - [2024-03-26T02:08:50.694+0000] {dag.py:3834} INFO - Setting next_dagrun for example_xcom_args_with_operators to None, run_after=None
[2024-03-26T02:08:50.701+0000] {processor.py:183} INFO - Processing /home/airflow/.local/lib/python3.8/site-packages/airflow/example_dags/example_xcomargs.py took 0.035 seconds
[2024-03-26T02:09:21.412+0000] {processor.py:161} INFO - Started process (PID=6270) to work on /home/airflow/.local/lib/python3.8/site-packages/airflow/example_dags/example_xcomargs.py
[2024-03-26T02:09:21.413+0000] {processor.py:830} INFO - Processing file /home/airflow/.local/lib/python3.8/site-packages/airflow/example_dags/example_xcomargs.py for tasks to queue
[2024-03-26T02:09:21.414+0000] {logging_mixin.py:188} INFO - [2024-03-26T02:09:21.414+0000] {dagbag.py:540} INFO - Filling up the DagBag from /home/airflow/.local/lib/python3.8/site-packages/airflow/example_dags/example_xcomargs.py
[2024-03-26T02:09:21.420+0000] {processor.py:840} INFO - DAG(s) 'example_xcom_args', 'example_xcom_args_with_operators' retrieved from /home/airflow/.local/lib/python3.8/site-packages/airflow/example_dags/example_xcomargs.py
[2024-03-26T02:09:21.437+0000] {logging_mixin.py:188} INFO - [2024-03-26T02:09:21.437+0000] {dag.py:3047} INFO - Sync 2 DAGs
[2024-03-26T02:09:21.444+0000] {logging_mixin.py:188} INFO - [2024-03-26T02:09:21.444+0000] {dag.py:3834} INFO - Setting next_dagrun for example_xcom_args to None, run_after=None
[2024-03-26T02:09:21.446+0000] {logging_mixin.py:188} INFO - [2024-03-26T02:09:21.446+0000] {dag.py:3834} INFO - Setting next_dagrun for example_xcom_args_with_operators to None, run_after=None
[2024-03-26T02:09:21.460+0000] {processor.py:183} INFO - Processing /home/airflow/.local/lib/python3.8/site-packages/airflow/example_dags/example_xcomargs.py took 0.050 seconds
[2024-03-26T02:09:51.497+0000] {processor.py:161} INFO - Started process (PID=6324) to work on /home/airflow/.local/lib/python3.8/site-packages/airflow/example_dags/example_xcomargs.py
[2024-03-26T02:09:51.498+0000] {processor.py:830} INFO - Processing file /home/airflow/.local/lib/python3.8/site-packages/airflow/example_dags/example_xcomargs.py for tasks to queue
[2024-03-26T02:09:51.499+0000] {logging_mixin.py:188} INFO - [2024-03-26T02:09:51.499+0000] {dagbag.py:540} INFO - Filling up the DagBag from /home/airflow/.local/lib/python3.8/site-packages/airflow/example_dags/example_xcomargs.py
[2024-03-26T02:09:51.504+0000] {processor.py:840} INFO - DAG(s) 'example_xcom_args', 'example_xcom_args_with_operators' retrieved from /home/airflow/.local/lib/python3.8/site-packages/airflow/example_dags/example_xcomargs.py
[2024-03-26T02:09:51.517+0000] {logging_mixin.py:188} INFO - [2024-03-26T02:09:51.517+0000] {dag.py:3047} INFO - Sync 2 DAGs
[2024-03-26T02:09:51.522+0000] {logging_mixin.py:188} INFO - [2024-03-26T02:09:51.522+0000] {dag.py:3834} INFO - Setting next_dagrun for example_xcom_args to None, run_after=None
[2024-03-26T02:09:51.524+0000] {logging_mixin.py:188} INFO - [2024-03-26T02:09:51.524+0000] {dag.py:3834} INFO - Setting next_dagrun for example_xcom_args_with_operators to None, run_after=None
[2024-03-26T02:09:51.531+0000] {processor.py:183} INFO - Processing /home/airflow/.local/lib/python3.8/site-packages/airflow/example_dags/example_xcomargs.py took 0.035 seconds
[2024-03-26T02:10:21.608+0000] {processor.py:161} INFO - Started process (PID=6379) to work on /home/airflow/.local/lib/python3.8/site-packages/airflow/example_dags/example_xcomargs.py
[2024-03-26T02:10:21.609+0000] {processor.py:830} INFO - Processing file /home/airflow/.local/lib/python3.8/site-packages/airflow/example_dags/example_xcomargs.py for tasks to queue
[2024-03-26T02:10:21.610+0000] {logging_mixin.py:188} INFO - [2024-03-26T02:10:21.610+0000] {dagbag.py:540} INFO - Filling up the DagBag from /home/airflow/.local/lib/python3.8/site-packages/airflow/example_dags/example_xcomargs.py
[2024-03-26T02:10:21.616+0000] {processor.py:840} INFO - DAG(s) 'example_xcom_args', 'example_xcom_args_with_operators' retrieved from /home/airflow/.local/lib/python3.8/site-packages/airflow/example_dags/example_xcomargs.py
[2024-03-26T02:10:21.630+0000] {logging_mixin.py:188} INFO - [2024-03-26T02:10:21.630+0000] {dag.py:3047} INFO - Sync 2 DAGs
[2024-03-26T02:10:21.636+0000] {logging_mixin.py:188} INFO - [2024-03-26T02:10:21.636+0000] {dag.py:3834} INFO - Setting next_dagrun for example_xcom_args to None, run_after=None
[2024-03-26T02:10:21.638+0000] {logging_mixin.py:188} INFO - [2024-03-26T02:10:21.637+0000] {dag.py:3834} INFO - Setting next_dagrun for example_xcom_args_with_operators to None, run_after=None
[2024-03-26T02:10:21.645+0000] {processor.py:183} INFO - Processing /home/airflow/.local/lib/python3.8/site-packages/airflow/example_dags/example_xcomargs.py took 0.038 seconds
[2024-03-26T02:10:52.429+0000] {processor.py:161} INFO - Started process (PID=6435) to work on /home/airflow/.local/lib/python3.8/site-packages/airflow/example_dags/example_xcomargs.py
[2024-03-26T02:10:52.429+0000] {processor.py:830} INFO - Processing file /home/airflow/.local/lib/python3.8/site-packages/airflow/example_dags/example_xcomargs.py for tasks to queue
[2024-03-26T02:10:52.431+0000] {logging_mixin.py:188} INFO - [2024-03-26T02:10:52.430+0000] {dagbag.py:540} INFO - Filling up the DagBag from /home/airflow/.local/lib/python3.8/site-packages/airflow/example_dags/example_xcomargs.py
[2024-03-26T02:10:52.436+0000] {processor.py:840} INFO - DAG(s) 'example_xcom_args_with_operators', 'example_xcom_args' retrieved from /home/airflow/.local/lib/python3.8/site-packages/airflow/example_dags/example_xcomargs.py
[2024-03-26T02:10:52.450+0000] {logging_mixin.py:188} INFO - [2024-03-26T02:10:52.450+0000] {dag.py:3047} INFO - Sync 2 DAGs
[2024-03-26T02:10:52.457+0000] {logging_mixin.py:188} INFO - [2024-03-26T02:10:52.457+0000] {dag.py:3834} INFO - Setting next_dagrun for example_xcom_args to None, run_after=None
[2024-03-26T02:10:52.459+0000] {logging_mixin.py:188} INFO - [2024-03-26T02:10:52.459+0000] {dag.py:3834} INFO - Setting next_dagrun for example_xcom_args_with_operators to None, run_after=None
[2024-03-26T02:10:52.466+0000] {processor.py:183} INFO - Processing /home/airflow/.local/lib/python3.8/site-packages/airflow/example_dags/example_xcomargs.py took 0.039 seconds
[2024-03-26T02:11:23.356+0000] {processor.py:161} INFO - Started process (PID=6490) to work on /home/airflow/.local/lib/python3.8/site-packages/airflow/example_dags/example_xcomargs.py
[2024-03-26T02:11:23.357+0000] {processor.py:830} INFO - Processing file /home/airflow/.local/lib/python3.8/site-packages/airflow/example_dags/example_xcomargs.py for tasks to queue
[2024-03-26T02:11:23.358+0000] {logging_mixin.py:188} INFO - [2024-03-26T02:11:23.358+0000] {dagbag.py:540} INFO - Filling up the DagBag from /home/airflow/.local/lib/python3.8/site-packages/airflow/example_dags/example_xcomargs.py
[2024-03-26T02:11:23.363+0000] {processor.py:840} INFO - DAG(s) 'example_xcom_args_with_operators', 'example_xcom_args' retrieved from /home/airflow/.local/lib/python3.8/site-packages/airflow/example_dags/example_xcomargs.py
[2024-03-26T02:11:23.376+0000] {logging_mixin.py:188} INFO - [2024-03-26T02:11:23.376+0000] {dag.py:3047} INFO - Sync 2 DAGs
[2024-03-26T02:11:23.382+0000] {logging_mixin.py:188} INFO - [2024-03-26T02:11:23.382+0000] {dag.py:3834} INFO - Setting next_dagrun for example_xcom_args to None, run_after=None
[2024-03-26T02:11:23.384+0000] {logging_mixin.py:188} INFO - [2024-03-26T02:11:23.384+0000] {dag.py:3834} INFO - Setting next_dagrun for example_xcom_args_with_operators to None, run_after=None
[2024-03-26T02:11:23.391+0000] {processor.py:183} INFO - Processing /home/airflow/.local/lib/python3.8/site-packages/airflow/example_dags/example_xcomargs.py took 0.038 seconds
[2024-03-26T02:11:53.508+0000] {processor.py:161} INFO - Started process (PID=6545) to work on /home/airflow/.local/lib/python3.8/site-packages/airflow/example_dags/example_xcomargs.py
[2024-03-26T02:11:53.509+0000] {processor.py:830} INFO - Processing file /home/airflow/.local/lib/python3.8/site-packages/airflow/example_dags/example_xcomargs.py for tasks to queue
[2024-03-26T02:11:53.511+0000] {logging_mixin.py:188} INFO - [2024-03-26T02:11:53.510+0000] {dagbag.py:540} INFO - Filling up the DagBag from /home/airflow/.local/lib/python3.8/site-packages/airflow/example_dags/example_xcomargs.py
[2024-03-26T02:11:53.516+0000] {processor.py:840} INFO - DAG(s) 'example_xcom_args', 'example_xcom_args_with_operators' retrieved from /home/airflow/.local/lib/python3.8/site-packages/airflow/example_dags/example_xcomargs.py
[2024-03-26T02:11:53.529+0000] {logging_mixin.py:188} INFO - [2024-03-26T02:11:53.529+0000] {dag.py:3047} INFO - Sync 2 DAGs
[2024-03-26T02:11:53.535+0000] {logging_mixin.py:188} INFO - [2024-03-26T02:11:53.535+0000] {dag.py:3834} INFO - Setting next_dagrun for example_xcom_args to None, run_after=None
[2024-03-26T02:11:53.536+0000] {logging_mixin.py:188} INFO - [2024-03-26T02:11:53.536+0000] {dag.py:3834} INFO - Setting next_dagrun for example_xcom_args_with_operators to None, run_after=None
[2024-03-26T02:11:53.544+0000] {processor.py:183} INFO - Processing /home/airflow/.local/lib/python3.8/site-packages/airflow/example_dags/example_xcomargs.py took 0.038 seconds
[2024-03-26T02:12:24.229+0000] {processor.py:161} INFO - Started process (PID=6601) to work on /home/airflow/.local/lib/python3.8/site-packages/airflow/example_dags/example_xcomargs.py
[2024-03-26T02:12:24.229+0000] {processor.py:830} INFO - Processing file /home/airflow/.local/lib/python3.8/site-packages/airflow/example_dags/example_xcomargs.py for tasks to queue
[2024-03-26T02:12:24.230+0000] {logging_mixin.py:188} INFO - [2024-03-26T02:12:24.230+0000] {dagbag.py:540} INFO - Filling up the DagBag from /home/airflow/.local/lib/python3.8/site-packages/airflow/example_dags/example_xcomargs.py
[2024-03-26T02:12:24.235+0000] {processor.py:840} INFO - DAG(s) 'example_xcom_args', 'example_xcom_args_with_operators' retrieved from /home/airflow/.local/lib/python3.8/site-packages/airflow/example_dags/example_xcomargs.py
[2024-03-26T02:12:24.249+0000] {logging_mixin.py:188} INFO - [2024-03-26T02:12:24.249+0000] {dag.py:3047} INFO - Sync 2 DAGs
[2024-03-26T02:12:24.256+0000] {logging_mixin.py:188} INFO - [2024-03-26T02:12:24.256+0000] {dag.py:3834} INFO - Setting next_dagrun for example_xcom_args to None, run_after=None
[2024-03-26T02:12:24.258+0000] {logging_mixin.py:188} INFO - [2024-03-26T02:12:24.258+0000] {dag.py:3834} INFO - Setting next_dagrun for example_xcom_args_with_operators to None, run_after=None
[2024-03-26T02:12:24.265+0000] {processor.py:183} INFO - Processing /home/airflow/.local/lib/python3.8/site-packages/airflow/example_dags/example_xcomargs.py took 0.038 seconds
[2024-03-26T02:12:55.175+0000] {processor.py:161} INFO - Started process (PID=6656) to work on /home/airflow/.local/lib/python3.8/site-packages/airflow/example_dags/example_xcomargs.py
[2024-03-26T02:12:55.180+0000] {processor.py:830} INFO - Processing file /home/airflow/.local/lib/python3.8/site-packages/airflow/example_dags/example_xcomargs.py for tasks to queue
[2024-03-26T02:12:55.181+0000] {logging_mixin.py:188} INFO - [2024-03-26T02:12:55.181+0000] {dagbag.py:540} INFO - Filling up the DagBag from /home/airflow/.local/lib/python3.8/site-packages/airflow/example_dags/example_xcomargs.py
[2024-03-26T02:12:55.187+0000] {processor.py:840} INFO - DAG(s) 'example_xcom_args', 'example_xcom_args_with_operators' retrieved from /home/airflow/.local/lib/python3.8/site-packages/airflow/example_dags/example_xcomargs.py
[2024-03-26T02:12:55.202+0000] {logging_mixin.py:188} INFO - [2024-03-26T02:12:55.202+0000] {dag.py:3047} INFO - Sync 2 DAGs
[2024-03-26T02:12:55.208+0000] {logging_mixin.py:188} INFO - [2024-03-26T02:12:55.207+0000] {dag.py:3834} INFO - Setting next_dagrun for example_xcom_args to None, run_after=None
[2024-03-26T02:12:55.209+0000] {logging_mixin.py:188} INFO - [2024-03-26T02:12:55.209+0000] {dag.py:3834} INFO - Setting next_dagrun for example_xcom_args_with_operators to None, run_after=None
[2024-03-26T02:12:55.216+0000] {processor.py:183} INFO - Processing /home/airflow/.local/lib/python3.8/site-packages/airflow/example_dags/example_xcomargs.py took 0.043 seconds
[2024-03-26T02:13:25.315+0000] {processor.py:161} INFO - Started process (PID=6711) to work on /home/airflow/.local/lib/python3.8/site-packages/airflow/example_dags/example_xcomargs.py
[2024-03-26T02:13:25.316+0000] {processor.py:830} INFO - Processing file /home/airflow/.local/lib/python3.8/site-packages/airflow/example_dags/example_xcomargs.py for tasks to queue
[2024-03-26T02:13:25.317+0000] {logging_mixin.py:188} INFO - [2024-03-26T02:13:25.317+0000] {dagbag.py:540} INFO - Filling up the DagBag from /home/airflow/.local/lib/python3.8/site-packages/airflow/example_dags/example_xcomargs.py
[2024-03-26T02:13:25.322+0000] {processor.py:840} INFO - DAG(s) 'example_xcom_args_with_operators', 'example_xcom_args' retrieved from /home/airflow/.local/lib/python3.8/site-packages/airflow/example_dags/example_xcomargs.py
[2024-03-26T02:13:25.335+0000] {logging_mixin.py:188} INFO - [2024-03-26T02:13:25.335+0000] {dag.py:3047} INFO - Sync 2 DAGs
[2024-03-26T02:13:25.341+0000] {logging_mixin.py:188} INFO - [2024-03-26T02:13:25.341+0000] {dag.py:3834} INFO - Setting next_dagrun for example_xcom_args to None, run_after=None
[2024-03-26T02:13:25.343+0000] {logging_mixin.py:188} INFO - [2024-03-26T02:13:25.343+0000] {dag.py:3834} INFO - Setting next_dagrun for example_xcom_args_with_operators to None, run_after=None
[2024-03-26T02:13:25.350+0000] {processor.py:183} INFO - Processing /home/airflow/.local/lib/python3.8/site-packages/airflow/example_dags/example_xcomargs.py took 0.037 seconds
[2024-03-26T02:13:56.057+0000] {processor.py:161} INFO - Started process (PID=6766) to work on /home/airflow/.local/lib/python3.8/site-packages/airflow/example_dags/example_xcomargs.py
[2024-03-26T02:13:56.057+0000] {processor.py:830} INFO - Processing file /home/airflow/.local/lib/python3.8/site-packages/airflow/example_dags/example_xcomargs.py for tasks to queue
[2024-03-26T02:13:56.058+0000] {logging_mixin.py:188} INFO - [2024-03-26T02:13:56.058+0000] {dagbag.py:540} INFO - Filling up the DagBag from /home/airflow/.local/lib/python3.8/site-packages/airflow/example_dags/example_xcomargs.py
[2024-03-26T02:13:56.063+0000] {processor.py:840} INFO - DAG(s) 'example_xcom_args_with_operators', 'example_xcom_args' retrieved from /home/airflow/.local/lib/python3.8/site-packages/airflow/example_dags/example_xcomargs.py
[2024-03-26T02:13:56.076+0000] {logging_mixin.py:188} INFO - [2024-03-26T02:13:56.076+0000] {dag.py:3047} INFO - Sync 2 DAGs
[2024-03-26T02:13:56.082+0000] {logging_mixin.py:188} INFO - [2024-03-26T02:13:56.082+0000] {dag.py:3834} INFO - Setting next_dagrun for example_xcom_args to None, run_after=None
[2024-03-26T02:13:56.084+0000] {logging_mixin.py:188} INFO - [2024-03-26T02:13:56.084+0000] {dag.py:3834} INFO - Setting next_dagrun for example_xcom_args_with_operators to None, run_after=None
[2024-03-26T02:13:56.091+0000] {processor.py:183} INFO - Processing /home/airflow/.local/lib/python3.8/site-packages/airflow/example_dags/example_xcomargs.py took 0.036 seconds
[2024-03-26T02:14:26.727+0000] {processor.py:161} INFO - Started process (PID=6821) to work on /home/airflow/.local/lib/python3.8/site-packages/airflow/example_dags/example_xcomargs.py
[2024-03-26T02:14:26.727+0000] {processor.py:830} INFO - Processing file /home/airflow/.local/lib/python3.8/site-packages/airflow/example_dags/example_xcomargs.py for tasks to queue
[2024-03-26T02:14:26.728+0000] {logging_mixin.py:188} INFO - [2024-03-26T02:14:26.728+0000] {dagbag.py:540} INFO - Filling up the DagBag from /home/airflow/.local/lib/python3.8/site-packages/airflow/example_dags/example_xcomargs.py
[2024-03-26T02:14:26.733+0000] {processor.py:840} INFO - DAG(s) 'example_xcom_args_with_operators', 'example_xcom_args' retrieved from /home/airflow/.local/lib/python3.8/site-packages/airflow/example_dags/example_xcomargs.py
[2024-03-26T02:14:26.746+0000] {logging_mixin.py:188} INFO - [2024-03-26T02:14:26.745+0000] {dag.py:3047} INFO - Sync 2 DAGs
[2024-03-26T02:14:26.751+0000] {logging_mixin.py:188} INFO - [2024-03-26T02:14:26.751+0000] {dag.py:3834} INFO - Setting next_dagrun for example_xcom_args to None, run_after=None
[2024-03-26T02:14:26.753+0000] {logging_mixin.py:188} INFO - [2024-03-26T02:14:26.753+0000] {dag.py:3834} INFO - Setting next_dagrun for example_xcom_args_with_operators to None, run_after=None
[2024-03-26T02:14:26.759+0000] {processor.py:183} INFO - Processing /home/airflow/.local/lib/python3.8/site-packages/airflow/example_dags/example_xcomargs.py took 0.034 seconds
[2024-03-26T02:14:57.249+0000] {processor.py:161} INFO - Started process (PID=6876) to work on /home/airflow/.local/lib/python3.8/site-packages/airflow/example_dags/example_xcomargs.py
[2024-03-26T02:14:57.249+0000] {processor.py:830} INFO - Processing file /home/airflow/.local/lib/python3.8/site-packages/airflow/example_dags/example_xcomargs.py for tasks to queue
[2024-03-26T02:14:57.250+0000] {logging_mixin.py:188} INFO - [2024-03-26T02:14:57.250+0000] {dagbag.py:540} INFO - Filling up the DagBag from /home/airflow/.local/lib/python3.8/site-packages/airflow/example_dags/example_xcomargs.py
[2024-03-26T02:14:57.255+0000] {processor.py:840} INFO - DAG(s) 'example_xcom_args', 'example_xcom_args_with_operators' retrieved from /home/airflow/.local/lib/python3.8/site-packages/airflow/example_dags/example_xcomargs.py
[2024-03-26T02:14:57.268+0000] {logging_mixin.py:188} INFO - [2024-03-26T02:14:57.268+0000] {dag.py:3047} INFO - Sync 2 DAGs
[2024-03-26T02:14:57.273+0000] {logging_mixin.py:188} INFO - [2024-03-26T02:14:57.273+0000] {dag.py:3834} INFO - Setting next_dagrun for example_xcom_args to None, run_after=None
[2024-03-26T02:14:57.275+0000] {logging_mixin.py:188} INFO - [2024-03-26T02:14:57.275+0000] {dag.py:3834} INFO - Setting next_dagrun for example_xcom_args_with_operators to None, run_after=None
[2024-03-26T02:14:57.281+0000] {processor.py:183} INFO - Processing /home/airflow/.local/lib/python3.8/site-packages/airflow/example_dags/example_xcomargs.py took 0.034 seconds
[2024-03-26T02:15:27.965+0000] {processor.py:161} INFO - Started process (PID=6931) to work on /home/airflow/.local/lib/python3.8/site-packages/airflow/example_dags/example_xcomargs.py
[2024-03-26T02:15:27.966+0000] {processor.py:830} INFO - Processing file /home/airflow/.local/lib/python3.8/site-packages/airflow/example_dags/example_xcomargs.py for tasks to queue
[2024-03-26T02:15:27.967+0000] {logging_mixin.py:188} INFO - [2024-03-26T02:15:27.967+0000] {dagbag.py:540} INFO - Filling up the DagBag from /home/airflow/.local/lib/python3.8/site-packages/airflow/example_dags/example_xcomargs.py
[2024-03-26T02:15:27.972+0000] {processor.py:840} INFO - DAG(s) 'example_xcom_args_with_operators', 'example_xcom_args' retrieved from /home/airflow/.local/lib/python3.8/site-packages/airflow/example_dags/example_xcomargs.py
[2024-03-26T02:15:27.986+0000] {logging_mixin.py:188} INFO - [2024-03-26T02:15:27.986+0000] {dag.py:3047} INFO - Sync 2 DAGs
[2024-03-26T02:15:27.991+0000] {logging_mixin.py:188} INFO - [2024-03-26T02:15:27.991+0000] {dag.py:3834} INFO - Setting next_dagrun for example_xcom_args to None, run_after=None
[2024-03-26T02:15:27.993+0000] {logging_mixin.py:188} INFO - [2024-03-26T02:15:27.993+0000] {dag.py:3834} INFO - Setting next_dagrun for example_xcom_args_with_operators to None, run_after=None
[2024-03-26T02:15:27.999+0000] {processor.py:183} INFO - Processing /home/airflow/.local/lib/python3.8/site-packages/airflow/example_dags/example_xcomargs.py took 0.036 seconds
[2024-03-26T02:15:58.591+0000] {processor.py:161} INFO - Started process (PID=6986) to work on /home/airflow/.local/lib/python3.8/site-packages/airflow/example_dags/example_xcomargs.py
[2024-03-26T02:15:58.591+0000] {processor.py:830} INFO - Processing file /home/airflow/.local/lib/python3.8/site-packages/airflow/example_dags/example_xcomargs.py for tasks to queue
[2024-03-26T02:15:58.592+0000] {logging_mixin.py:188} INFO - [2024-03-26T02:15:58.592+0000] {dagbag.py:540} INFO - Filling up the DagBag from /home/airflow/.local/lib/python3.8/site-packages/airflow/example_dags/example_xcomargs.py
[2024-03-26T02:15:58.597+0000] {processor.py:840} INFO - DAG(s) 'example_xcom_args', 'example_xcom_args_with_operators' retrieved from /home/airflow/.local/lib/python3.8/site-packages/airflow/example_dags/example_xcomargs.py
[2024-03-26T02:15:58.609+0000] {logging_mixin.py:188} INFO - [2024-03-26T02:15:58.609+0000] {dag.py:3047} INFO - Sync 2 DAGs
[2024-03-26T02:15:58.615+0000] {logging_mixin.py:188} INFO - [2024-03-26T02:15:58.615+0000] {dag.py:3834} INFO - Setting next_dagrun for example_xcom_args to None, run_after=None
[2024-03-26T02:15:58.617+0000] {logging_mixin.py:188} INFO - [2024-03-26T02:15:58.616+0000] {dag.py:3834} INFO - Setting next_dagrun for example_xcom_args_with_operators to None, run_after=None
[2024-03-26T02:15:58.623+0000] {processor.py:183} INFO - Processing /home/airflow/.local/lib/python3.8/site-packages/airflow/example_dags/example_xcomargs.py took 0.034 seconds
[2024-03-26T02:16:29.234+0000] {processor.py:161} INFO - Started process (PID=7041) to work on /home/airflow/.local/lib/python3.8/site-packages/airflow/example_dags/example_xcomargs.py
[2024-03-26T02:16:29.234+0000] {processor.py:830} INFO - Processing file /home/airflow/.local/lib/python3.8/site-packages/airflow/example_dags/example_xcomargs.py for tasks to queue
[2024-03-26T02:16:29.235+0000] {logging_mixin.py:188} INFO - [2024-03-26T02:16:29.235+0000] {dagbag.py:540} INFO - Filling up the DagBag from /home/airflow/.local/lib/python3.8/site-packages/airflow/example_dags/example_xcomargs.py
[2024-03-26T02:16:29.240+0000] {processor.py:840} INFO - DAG(s) 'example_xcom_args_with_operators', 'example_xcom_args' retrieved from /home/airflow/.local/lib/python3.8/site-packages/airflow/example_dags/example_xcomargs.py
[2024-03-26T02:16:29.253+0000] {logging_mixin.py:188} INFO - [2024-03-26T02:16:29.253+0000] {dag.py:3047} INFO - Sync 2 DAGs
[2024-03-26T02:16:29.259+0000] {logging_mixin.py:188} INFO - [2024-03-26T02:16:29.259+0000] {dag.py:3834} INFO - Setting next_dagrun for example_xcom_args to None, run_after=None
[2024-03-26T02:16:29.261+0000] {logging_mixin.py:188} INFO - [2024-03-26T02:16:29.260+0000] {dag.py:3834} INFO - Setting next_dagrun for example_xcom_args_with_operators to None, run_after=None
[2024-03-26T02:16:29.267+0000] {processor.py:183} INFO - Processing /home/airflow/.local/lib/python3.8/site-packages/airflow/example_dags/example_xcomargs.py took 0.035 seconds
[2024-03-26T02:16:59.967+0000] {processor.py:161} INFO - Started process (PID=7096) to work on /home/airflow/.local/lib/python3.8/site-packages/airflow/example_dags/example_xcomargs.py
[2024-03-26T02:16:59.967+0000] {processor.py:830} INFO - Processing file /home/airflow/.local/lib/python3.8/site-packages/airflow/example_dags/example_xcomargs.py for tasks to queue
[2024-03-26T02:16:59.968+0000] {logging_mixin.py:188} INFO - [2024-03-26T02:16:59.968+0000] {dagbag.py:540} INFO - Filling up the DagBag from /home/airflow/.local/lib/python3.8/site-packages/airflow/example_dags/example_xcomargs.py
[2024-03-26T02:16:59.973+0000] {processor.py:840} INFO - DAG(s) 'example_xcom_args', 'example_xcom_args_with_operators' retrieved from /home/airflow/.local/lib/python3.8/site-packages/airflow/example_dags/example_xcomargs.py
[2024-03-26T02:16:59.986+0000] {logging_mixin.py:188} INFO - [2024-03-26T02:16:59.986+0000] {dag.py:3047} INFO - Sync 2 DAGs
[2024-03-26T02:16:59.992+0000] {logging_mixin.py:188} INFO - [2024-03-26T02:16:59.992+0000] {dag.py:3834} INFO - Setting next_dagrun for example_xcom_args to None, run_after=None
[2024-03-26T02:16:59.993+0000] {logging_mixin.py:188} INFO - [2024-03-26T02:16:59.993+0000] {dag.py:3834} INFO - Setting next_dagrun for example_xcom_args_with_operators to None, run_after=None
[2024-03-26T02:17:00.000+0000] {processor.py:183} INFO - Processing /home/airflow/.local/lib/python3.8/site-packages/airflow/example_dags/example_xcomargs.py took 0.035 seconds
[2024-03-26T02:17:30.594+0000] {processor.py:161} INFO - Started process (PID=7151) to work on /home/airflow/.local/lib/python3.8/site-packages/airflow/example_dags/example_xcomargs.py
[2024-03-26T02:17:30.595+0000] {processor.py:830} INFO - Processing file /home/airflow/.local/lib/python3.8/site-packages/airflow/example_dags/example_xcomargs.py for tasks to queue
[2024-03-26T02:17:30.596+0000] {logging_mixin.py:188} INFO - [2024-03-26T02:17:30.596+0000] {dagbag.py:540} INFO - Filling up the DagBag from /home/airflow/.local/lib/python3.8/site-packages/airflow/example_dags/example_xcomargs.py
[2024-03-26T02:17:30.601+0000] {processor.py:840} INFO - DAG(s) 'example_xcom_args', 'example_xcom_args_with_operators' retrieved from /home/airflow/.local/lib/python3.8/site-packages/airflow/example_dags/example_xcomargs.py
[2024-03-26T02:17:30.616+0000] {logging_mixin.py:188} INFO - [2024-03-26T02:17:30.616+0000] {dag.py:3047} INFO - Sync 2 DAGs
[2024-03-26T02:17:30.622+0000] {logging_mixin.py:188} INFO - [2024-03-26T02:17:30.622+0000] {dag.py:3834} INFO - Setting next_dagrun for example_xcom_args to None, run_after=None
[2024-03-26T02:17:30.623+0000] {logging_mixin.py:188} INFO - [2024-03-26T02:17:30.623+0000] {dag.py:3834} INFO - Setting next_dagrun for example_xcom_args_with_operators to None, run_after=None
[2024-03-26T02:17:30.631+0000] {processor.py:183} INFO - Processing /home/airflow/.local/lib/python3.8/site-packages/airflow/example_dags/example_xcomargs.py took 0.038 seconds
[2024-03-26T02:18:01.320+0000] {processor.py:161} INFO - Started process (PID=7206) to work on /home/airflow/.local/lib/python3.8/site-packages/airflow/example_dags/example_xcomargs.py
[2024-03-26T02:18:01.321+0000] {processor.py:830} INFO - Processing file /home/airflow/.local/lib/python3.8/site-packages/airflow/example_dags/example_xcomargs.py for tasks to queue
[2024-03-26T02:18:01.322+0000] {logging_mixin.py:188} INFO - [2024-03-26T02:18:01.322+0000] {dagbag.py:540} INFO - Filling up the DagBag from /home/airflow/.local/lib/python3.8/site-packages/airflow/example_dags/example_xcomargs.py
[2024-03-26T02:18:01.327+0000] {processor.py:840} INFO - DAG(s) 'example_xcom_args_with_operators', 'example_xcom_args' retrieved from /home/airflow/.local/lib/python3.8/site-packages/airflow/example_dags/example_xcomargs.py
[2024-03-26T02:18:01.341+0000] {logging_mixin.py:188} INFO - [2024-03-26T02:18:01.341+0000] {dag.py:3047} INFO - Sync 2 DAGs
[2024-03-26T02:18:01.348+0000] {logging_mixin.py:188} INFO - [2024-03-26T02:18:01.348+0000] {dag.py:3834} INFO - Setting next_dagrun for example_xcom_args to None, run_after=None
[2024-03-26T02:18:01.349+0000] {logging_mixin.py:188} INFO - [2024-03-26T02:18:01.349+0000] {dag.py:3834} INFO - Setting next_dagrun for example_xcom_args_with_operators to None, run_after=None
[2024-03-26T02:18:01.357+0000] {processor.py:183} INFO - Processing /home/airflow/.local/lib/python3.8/site-packages/airflow/example_dags/example_xcomargs.py took 0.039 seconds
[2024-03-26T02:18:31.877+0000] {processor.py:161} INFO - Started process (PID=7261) to work on /home/airflow/.local/lib/python3.8/site-packages/airflow/example_dags/example_xcomargs.py
[2024-03-26T02:18:31.878+0000] {processor.py:830} INFO - Processing file /home/airflow/.local/lib/python3.8/site-packages/airflow/example_dags/example_xcomargs.py for tasks to queue
[2024-03-26T02:18:31.879+0000] {logging_mixin.py:188} INFO - [2024-03-26T02:18:31.879+0000] {dagbag.py:540} INFO - Filling up the DagBag from /home/airflow/.local/lib/python3.8/site-packages/airflow/example_dags/example_xcomargs.py
[2024-03-26T02:18:31.884+0000] {processor.py:840} INFO - DAG(s) 'example_xcom_args', 'example_xcom_args_with_operators' retrieved from /home/airflow/.local/lib/python3.8/site-packages/airflow/example_dags/example_xcomargs.py
[2024-03-26T02:18:31.897+0000] {logging_mixin.py:188} INFO - [2024-03-26T02:18:31.897+0000] {dag.py:3047} INFO - Sync 2 DAGs
[2024-03-26T02:18:31.903+0000] {logging_mixin.py:188} INFO - [2024-03-26T02:18:31.902+0000] {dag.py:3834} INFO - Setting next_dagrun for example_xcom_args to None, run_after=None
[2024-03-26T02:18:31.904+0000] {logging_mixin.py:188} INFO - [2024-03-26T02:18:31.904+0000] {dag.py:3834} INFO - Setting next_dagrun for example_xcom_args_with_operators to None, run_after=None
[2024-03-26T02:18:31.911+0000] {processor.py:183} INFO - Processing /home/airflow/.local/lib/python3.8/site-packages/airflow/example_dags/example_xcomargs.py took 0.035 seconds
[2024-03-26T02:19:02.556+0000] {processor.py:161} INFO - Started process (PID=7316) to work on /home/airflow/.local/lib/python3.8/site-packages/airflow/example_dags/example_xcomargs.py
[2024-03-26T02:19:02.557+0000] {processor.py:830} INFO - Processing file /home/airflow/.local/lib/python3.8/site-packages/airflow/example_dags/example_xcomargs.py for tasks to queue
[2024-03-26T02:19:02.558+0000] {logging_mixin.py:188} INFO - [2024-03-26T02:19:02.558+0000] {dagbag.py:540} INFO - Filling up the DagBag from /home/airflow/.local/lib/python3.8/site-packages/airflow/example_dags/example_xcomargs.py
[2024-03-26T02:19:02.563+0000] {processor.py:840} INFO - DAG(s) 'example_xcom_args_with_operators', 'example_xcom_args' retrieved from /home/airflow/.local/lib/python3.8/site-packages/airflow/example_dags/example_xcomargs.py
[2024-03-26T02:19:02.576+0000] {logging_mixin.py:188} INFO - [2024-03-26T02:19:02.576+0000] {dag.py:3047} INFO - Sync 2 DAGs
[2024-03-26T02:19:02.582+0000] {logging_mixin.py:188} INFO - [2024-03-26T02:19:02.582+0000] {dag.py:3834} INFO - Setting next_dagrun for example_xcom_args to None, run_after=None
[2024-03-26T02:19:02.584+0000] {logging_mixin.py:188} INFO - [2024-03-26T02:19:02.584+0000] {dag.py:3834} INFO - Setting next_dagrun for example_xcom_args_with_operators to None, run_after=None
[2024-03-26T02:19:02.590+0000] {processor.py:183} INFO - Processing /home/airflow/.local/lib/python3.8/site-packages/airflow/example_dags/example_xcomargs.py took 0.036 seconds
