[2024-03-26T00:04:40.923+0000] {processor.py:161} INFO - Started process (PID=3962) to work on /home/airflow/.local/lib/python3.8/site-packages/airflow/example_dags/example_python_decorator.py
[2024-03-26T00:04:40.928+0000] {processor.py:830} INFO - Processing file /home/airflow/.local/lib/python3.8/site-packages/airflow/example_dags/example_python_decorator.py for tasks to queue
[2024-03-26T00:04:40.930+0000] {logging_mixin.py:188} INFO - [2024-03-26T00:04:40.929+0000] {dagbag.py:540} INFO - Filling up the DagBag from /home/airflow/.local/lib/python3.8/site-packages/airflow/example_dags/example_python_decorator.py
[2024-03-26T00:04:40.941+0000] {processor.py:840} INFO - DAG(s) 'example_python_decorator' retrieved from /home/airflow/.local/lib/python3.8/site-packages/airflow/example_dags/example_python_decorator.py
[2024-03-26T00:04:40.963+0000] {logging_mixin.py:188} INFO - [2024-03-26T00:04:40.963+0000] {dag.py:3047} INFO - Sync 1 DAGs
[2024-03-26T00:04:40.970+0000] {logging_mixin.py:188} INFO - [2024-03-26T00:04:40.970+0000] {dag.py:3834} INFO - Setting next_dagrun for example_python_decorator to None, run_after=None
[2024-03-26T00:04:40.979+0000] {processor.py:183} INFO - Processing /home/airflow/.local/lib/python3.8/site-packages/airflow/example_dags/example_python_decorator.py took 0.061 seconds
[2024-03-26T00:58:59.641+0000] {processor.py:161} INFO - Started process (PID=4017) to work on /home/airflow/.local/lib/python3.8/site-packages/airflow/example_dags/example_python_decorator.py
[2024-03-26T00:58:59.642+0000] {processor.py:830} INFO - Processing file /home/airflow/.local/lib/python3.8/site-packages/airflow/example_dags/example_python_decorator.py for tasks to queue
[2024-03-26T00:58:59.643+0000] {logging_mixin.py:188} INFO - [2024-03-26T00:58:59.643+0000] {dagbag.py:540} INFO - Filling up the DagBag from /home/airflow/.local/lib/python3.8/site-packages/airflow/example_dags/example_python_decorator.py
[2024-03-26T00:58:59.650+0000] {processor.py:840} INFO - DAG(s) 'example_python_decorator' retrieved from /home/airflow/.local/lib/python3.8/site-packages/airflow/example_dags/example_python_decorator.py
[2024-03-26T00:58:59.663+0000] {logging_mixin.py:188} INFO - [2024-03-26T00:58:59.663+0000] {dag.py:3047} INFO - Sync 1 DAGs
[2024-03-26T00:58:59.669+0000] {logging_mixin.py:188} INFO - [2024-03-26T00:58:59.668+0000] {dag.py:3834} INFO - Setting next_dagrun for example_python_decorator to None, run_after=None
[2024-03-26T00:58:59.676+0000] {processor.py:183} INFO - Processing /home/airflow/.local/lib/python3.8/site-packages/airflow/example_dags/example_python_decorator.py took 0.037 seconds
[2024-03-26T00:59:30.487+0000] {processor.py:161} INFO - Started process (PID=4072) to work on /home/airflow/.local/lib/python3.8/site-packages/airflow/example_dags/example_python_decorator.py
[2024-03-26T00:59:30.487+0000] {processor.py:830} INFO - Processing file /home/airflow/.local/lib/python3.8/site-packages/airflow/example_dags/example_python_decorator.py for tasks to queue
[2024-03-26T00:59:30.488+0000] {logging_mixin.py:188} INFO - [2024-03-26T00:59:30.488+0000] {dagbag.py:540} INFO - Filling up the DagBag from /home/airflow/.local/lib/python3.8/site-packages/airflow/example_dags/example_python_decorator.py
[2024-03-26T00:59:30.495+0000] {processor.py:840} INFO - DAG(s) 'example_python_decorator' retrieved from /home/airflow/.local/lib/python3.8/site-packages/airflow/example_dags/example_python_decorator.py
[2024-03-26T00:59:30.509+0000] {logging_mixin.py:188} INFO - [2024-03-26T00:59:30.509+0000] {dag.py:3047} INFO - Sync 1 DAGs
[2024-03-26T00:59:30.514+0000] {logging_mixin.py:188} INFO - [2024-03-26T00:59:30.514+0000] {dag.py:3834} INFO - Setting next_dagrun for example_python_decorator to None, run_after=None
[2024-03-26T00:59:30.522+0000] {processor.py:183} INFO - Processing /home/airflow/.local/lib/python3.8/site-packages/airflow/example_dags/example_python_decorator.py took 0.037 seconds
[2024-03-26T01:00:01.180+0000] {processor.py:161} INFO - Started process (PID=4127) to work on /home/airflow/.local/lib/python3.8/site-packages/airflow/example_dags/example_python_decorator.py
[2024-03-26T01:00:01.180+0000] {processor.py:830} INFO - Processing file /home/airflow/.local/lib/python3.8/site-packages/airflow/example_dags/example_python_decorator.py for tasks to queue
[2024-03-26T01:00:01.181+0000] {logging_mixin.py:188} INFO - [2024-03-26T01:00:01.181+0000] {dagbag.py:540} INFO - Filling up the DagBag from /home/airflow/.local/lib/python3.8/site-packages/airflow/example_dags/example_python_decorator.py
[2024-03-26T01:00:01.188+0000] {processor.py:840} INFO - DAG(s) 'example_python_decorator' retrieved from /home/airflow/.local/lib/python3.8/site-packages/airflow/example_dags/example_python_decorator.py
[2024-03-26T01:00:01.202+0000] {logging_mixin.py:188} INFO - [2024-03-26T01:00:01.202+0000] {dag.py:3047} INFO - Sync 1 DAGs
[2024-03-26T01:00:01.207+0000] {logging_mixin.py:188} INFO - [2024-03-26T01:00:01.207+0000] {dag.py:3834} INFO - Setting next_dagrun for example_python_decorator to None, run_after=None
[2024-03-26T01:00:01.215+0000] {processor.py:183} INFO - Processing /home/airflow/.local/lib/python3.8/site-packages/airflow/example_dags/example_python_decorator.py took 0.037 seconds
[2024-03-26T01:00:31.799+0000] {processor.py:161} INFO - Started process (PID=4182) to work on /home/airflow/.local/lib/python3.8/site-packages/airflow/example_dags/example_python_decorator.py
[2024-03-26T01:00:31.800+0000] {processor.py:830} INFO - Processing file /home/airflow/.local/lib/python3.8/site-packages/airflow/example_dags/example_python_decorator.py for tasks to queue
[2024-03-26T01:00:31.801+0000] {logging_mixin.py:188} INFO - [2024-03-26T01:00:31.801+0000] {dagbag.py:540} INFO - Filling up the DagBag from /home/airflow/.local/lib/python3.8/site-packages/airflow/example_dags/example_python_decorator.py
[2024-03-26T01:00:31.807+0000] {processor.py:840} INFO - DAG(s) 'example_python_decorator' retrieved from /home/airflow/.local/lib/python3.8/site-packages/airflow/example_dags/example_python_decorator.py
[2024-03-26T01:00:31.821+0000] {logging_mixin.py:188} INFO - [2024-03-26T01:00:31.821+0000] {dag.py:3047} INFO - Sync 1 DAGs
[2024-03-26T01:00:31.826+0000] {logging_mixin.py:188} INFO - [2024-03-26T01:00:31.826+0000] {dag.py:3834} INFO - Setting next_dagrun for example_python_decorator to None, run_after=None
[2024-03-26T01:00:31.834+0000] {processor.py:183} INFO - Processing /home/airflow/.local/lib/python3.8/site-packages/airflow/example_dags/example_python_decorator.py took 0.037 seconds
[2024-03-26T01:01:02.325+0000] {processor.py:161} INFO - Started process (PID=4237) to work on /home/airflow/.local/lib/python3.8/site-packages/airflow/example_dags/example_python_decorator.py
[2024-03-26T01:01:02.325+0000] {processor.py:830} INFO - Processing file /home/airflow/.local/lib/python3.8/site-packages/airflow/example_dags/example_python_decorator.py for tasks to queue
[2024-03-26T01:01:02.326+0000] {logging_mixin.py:188} INFO - [2024-03-26T01:01:02.326+0000] {dagbag.py:540} INFO - Filling up the DagBag from /home/airflow/.local/lib/python3.8/site-packages/airflow/example_dags/example_python_decorator.py
[2024-03-26T01:01:02.333+0000] {processor.py:840} INFO - DAG(s) 'example_python_decorator' retrieved from /home/airflow/.local/lib/python3.8/site-packages/airflow/example_dags/example_python_decorator.py
[2024-03-26T01:01:02.347+0000] {logging_mixin.py:188} INFO - [2024-03-26T01:01:02.347+0000] {dag.py:3047} INFO - Sync 1 DAGs
[2024-03-26T01:01:02.352+0000] {logging_mixin.py:188} INFO - [2024-03-26T01:01:02.352+0000] {dag.py:3834} INFO - Setting next_dagrun for example_python_decorator to None, run_after=None
[2024-03-26T01:01:02.360+0000] {processor.py:183} INFO - Processing /home/airflow/.local/lib/python3.8/site-packages/airflow/example_dags/example_python_decorator.py took 0.037 seconds
[2024-03-26T01:01:32.935+0000] {processor.py:161} INFO - Started process (PID=4293) to work on /home/airflow/.local/lib/python3.8/site-packages/airflow/example_dags/example_python_decorator.py
[2024-03-26T01:01:32.936+0000] {processor.py:830} INFO - Processing file /home/airflow/.local/lib/python3.8/site-packages/airflow/example_dags/example_python_decorator.py for tasks to queue
[2024-03-26T01:01:32.937+0000] {logging_mixin.py:188} INFO - [2024-03-26T01:01:32.936+0000] {dagbag.py:540} INFO - Filling up the DagBag from /home/airflow/.local/lib/python3.8/site-packages/airflow/example_dags/example_python_decorator.py
[2024-03-26T01:01:32.943+0000] {processor.py:840} INFO - DAG(s) 'example_python_decorator' retrieved from /home/airflow/.local/lib/python3.8/site-packages/airflow/example_dags/example_python_decorator.py
[2024-03-26T01:01:32.956+0000] {logging_mixin.py:188} INFO - [2024-03-26T01:01:32.956+0000] {dag.py:3047} INFO - Sync 1 DAGs
[2024-03-26T01:01:32.962+0000] {logging_mixin.py:188} INFO - [2024-03-26T01:01:32.962+0000] {dag.py:3834} INFO - Setting next_dagrun for example_python_decorator to None, run_after=None
[2024-03-26T01:01:32.970+0000] {processor.py:183} INFO - Processing /home/airflow/.local/lib/python3.8/site-packages/airflow/example_dags/example_python_decorator.py took 0.037 seconds
[2024-03-26T01:02:03.723+0000] {processor.py:161} INFO - Started process (PID=4348) to work on /home/airflow/.local/lib/python3.8/site-packages/airflow/example_dags/example_python_decorator.py
[2024-03-26T01:02:03.724+0000] {processor.py:830} INFO - Processing file /home/airflow/.local/lib/python3.8/site-packages/airflow/example_dags/example_python_decorator.py for tasks to queue
[2024-03-26T01:02:03.725+0000] {logging_mixin.py:188} INFO - [2024-03-26T01:02:03.725+0000] {dagbag.py:540} INFO - Filling up the DagBag from /home/airflow/.local/lib/python3.8/site-packages/airflow/example_dags/example_python_decorator.py
[2024-03-26T01:02:03.735+0000] {processor.py:840} INFO - DAG(s) 'example_python_decorator' retrieved from /home/airflow/.local/lib/python3.8/site-packages/airflow/example_dags/example_python_decorator.py
[2024-03-26T01:02:03.757+0000] {logging_mixin.py:188} INFO - [2024-03-26T01:02:03.757+0000] {dag.py:3047} INFO - Sync 1 DAGs
[2024-03-26T01:02:03.771+0000] {logging_mixin.py:188} INFO - [2024-03-26T01:02:03.771+0000] {dag.py:3834} INFO - Setting next_dagrun for example_python_decorator to None, run_after=None
[2024-03-26T01:02:03.787+0000] {processor.py:183} INFO - Processing /home/airflow/.local/lib/python3.8/site-packages/airflow/example_dags/example_python_decorator.py took 0.067 seconds
[2024-03-26T01:02:34.475+0000] {processor.py:161} INFO - Started process (PID=4407) to work on /home/airflow/.local/lib/python3.8/site-packages/airflow/example_dags/example_python_decorator.py
[2024-03-26T01:02:34.475+0000] {processor.py:830} INFO - Processing file /home/airflow/.local/lib/python3.8/site-packages/airflow/example_dags/example_python_decorator.py for tasks to queue
[2024-03-26T01:02:34.476+0000] {logging_mixin.py:188} INFO - [2024-03-26T01:02:34.476+0000] {dagbag.py:540} INFO - Filling up the DagBag from /home/airflow/.local/lib/python3.8/site-packages/airflow/example_dags/example_python_decorator.py
[2024-03-26T01:02:34.483+0000] {processor.py:840} INFO - DAG(s) 'example_python_decorator' retrieved from /home/airflow/.local/lib/python3.8/site-packages/airflow/example_dags/example_python_decorator.py
[2024-03-26T01:02:34.496+0000] {logging_mixin.py:188} INFO - [2024-03-26T01:02:34.496+0000] {dag.py:3047} INFO - Sync 1 DAGs
[2024-03-26T01:02:34.502+0000] {logging_mixin.py:188} INFO - [2024-03-26T01:02:34.502+0000] {dag.py:3834} INFO - Setting next_dagrun for example_python_decorator to None, run_after=None
[2024-03-26T01:02:34.510+0000] {processor.py:183} INFO - Processing /home/airflow/.local/lib/python3.8/site-packages/airflow/example_dags/example_python_decorator.py took 0.037 seconds
[2024-03-26T01:03:05.180+0000] {processor.py:161} INFO - Started process (PID=4462) to work on /home/airflow/.local/lib/python3.8/site-packages/airflow/example_dags/example_python_decorator.py
[2024-03-26T01:03:05.181+0000] {processor.py:830} INFO - Processing file /home/airflow/.local/lib/python3.8/site-packages/airflow/example_dags/example_python_decorator.py for tasks to queue
[2024-03-26T01:03:05.182+0000] {logging_mixin.py:188} INFO - [2024-03-26T01:03:05.182+0000] {dagbag.py:540} INFO - Filling up the DagBag from /home/airflow/.local/lib/python3.8/site-packages/airflow/example_dags/example_python_decorator.py
[2024-03-26T01:03:05.189+0000] {processor.py:840} INFO - DAG(s) 'example_python_decorator' retrieved from /home/airflow/.local/lib/python3.8/site-packages/airflow/example_dags/example_python_decorator.py
[2024-03-26T01:03:05.202+0000] {logging_mixin.py:188} INFO - [2024-03-26T01:03:05.202+0000] {dag.py:3047} INFO - Sync 1 DAGs
[2024-03-26T01:03:05.207+0000] {logging_mixin.py:188} INFO - [2024-03-26T01:03:05.207+0000] {dag.py:3834} INFO - Setting next_dagrun for example_python_decorator to None, run_after=None
[2024-03-26T01:03:05.215+0000] {processor.py:183} INFO - Processing /home/airflow/.local/lib/python3.8/site-packages/airflow/example_dags/example_python_decorator.py took 0.037 seconds
[2024-03-26T01:06:28.979+0000] {processor.py:161} INFO - Started process (PID=4511) to work on /home/airflow/.local/lib/python3.8/site-packages/airflow/example_dags/example_python_decorator.py
[2024-03-26T01:06:28.988+0000] {processor.py:830} INFO - Processing file /home/airflow/.local/lib/python3.8/site-packages/airflow/example_dags/example_python_decorator.py for tasks to queue
[2024-03-26T01:06:28.993+0000] {logging_mixin.py:188} INFO - [2024-03-26T01:06:28.993+0000] {dagbag.py:540} INFO - Filling up the DagBag from /home/airflow/.local/lib/python3.8/site-packages/airflow/example_dags/example_python_decorator.py
[2024-03-26T01:06:29.009+0000] {processor.py:840} INFO - DAG(s) 'example_python_decorator' retrieved from /home/airflow/.local/lib/python3.8/site-packages/airflow/example_dags/example_python_decorator.py
[2024-03-26T01:06:29.037+0000] {logging_mixin.py:188} INFO - [2024-03-26T01:06:29.037+0000] {dag.py:3047} INFO - Sync 1 DAGs
[2024-03-26T01:06:29.046+0000] {logging_mixin.py:188} INFO - [2024-03-26T01:06:29.046+0000] {dag.py:3834} INFO - Setting next_dagrun for example_python_decorator to None, run_after=None
[2024-03-26T01:06:29.058+0000] {processor.py:183} INFO - Processing /home/airflow/.local/lib/python3.8/site-packages/airflow/example_dags/example_python_decorator.py took 0.083 seconds
[2024-03-26T01:40:01.127+0000] {processor.py:161} INFO - Started process (PID=4566) to work on /home/airflow/.local/lib/python3.8/site-packages/airflow/example_dags/example_python_decorator.py
[2024-03-26T01:40:01.128+0000] {processor.py:830} INFO - Processing file /home/airflow/.local/lib/python3.8/site-packages/airflow/example_dags/example_python_decorator.py for tasks to queue
[2024-03-26T01:40:01.129+0000] {logging_mixin.py:188} INFO - [2024-03-26T01:40:01.128+0000] {dagbag.py:540} INFO - Filling up the DagBag from /home/airflow/.local/lib/python3.8/site-packages/airflow/example_dags/example_python_decorator.py
[2024-03-26T01:40:01.142+0000] {processor.py:840} INFO - DAG(s) 'example_python_decorator' retrieved from /home/airflow/.local/lib/python3.8/site-packages/airflow/example_dags/example_python_decorator.py
[2024-03-26T01:40:01.158+0000] {logging_mixin.py:188} INFO - [2024-03-26T01:40:01.158+0000] {dag.py:3047} INFO - Sync 1 DAGs
[2024-03-26T01:40:01.164+0000] {logging_mixin.py:188} INFO - [2024-03-26T01:40:01.164+0000] {dag.py:3834} INFO - Setting next_dagrun for example_python_decorator to None, run_after=None
[2024-03-26T01:40:01.174+0000] {processor.py:183} INFO - Processing /home/airflow/.local/lib/python3.8/site-packages/airflow/example_dags/example_python_decorator.py took 0.049 seconds
[2024-03-26T01:54:00.312+0000] {processor.py:161} INFO - Started process (PID=4621) to work on /home/airflow/.local/lib/python3.8/site-packages/airflow/example_dags/example_python_decorator.py
[2024-03-26T01:54:00.313+0000] {processor.py:830} INFO - Processing file /home/airflow/.local/lib/python3.8/site-packages/airflow/example_dags/example_python_decorator.py for tasks to queue
[2024-03-26T01:54:00.314+0000] {logging_mixin.py:188} INFO - [2024-03-26T01:54:00.313+0000] {dagbag.py:540} INFO - Filling up the DagBag from /home/airflow/.local/lib/python3.8/site-packages/airflow/example_dags/example_python_decorator.py
[2024-03-26T01:54:00.321+0000] {processor.py:840} INFO - DAG(s) 'example_python_decorator' retrieved from /home/airflow/.local/lib/python3.8/site-packages/airflow/example_dags/example_python_decorator.py
[2024-03-26T01:54:00.334+0000] {logging_mixin.py:188} INFO - [2024-03-26T01:54:00.334+0000] {dag.py:3047} INFO - Sync 1 DAGs
[2024-03-26T01:54:00.339+0000] {logging_mixin.py:188} INFO - [2024-03-26T01:54:00.339+0000] {dag.py:3834} INFO - Setting next_dagrun for example_python_decorator to None, run_after=None
[2024-03-26T01:54:00.347+0000] {processor.py:183} INFO - Processing /home/airflow/.local/lib/python3.8/site-packages/airflow/example_dags/example_python_decorator.py took 0.036 seconds
[2024-03-26T01:54:31.179+0000] {processor.py:161} INFO - Started process (PID=4676) to work on /home/airflow/.local/lib/python3.8/site-packages/airflow/example_dags/example_python_decorator.py
[2024-03-26T01:54:31.179+0000] {processor.py:830} INFO - Processing file /home/airflow/.local/lib/python3.8/site-packages/airflow/example_dags/example_python_decorator.py for tasks to queue
[2024-03-26T01:54:31.181+0000] {logging_mixin.py:188} INFO - [2024-03-26T01:54:31.180+0000] {dagbag.py:540} INFO - Filling up the DagBag from /home/airflow/.local/lib/python3.8/site-packages/airflow/example_dags/example_python_decorator.py
[2024-03-26T01:54:31.188+0000] {processor.py:840} INFO - DAG(s) 'example_python_decorator' retrieved from /home/airflow/.local/lib/python3.8/site-packages/airflow/example_dags/example_python_decorator.py
[2024-03-26T01:54:31.201+0000] {logging_mixin.py:188} INFO - [2024-03-26T01:54:31.201+0000] {dag.py:3047} INFO - Sync 1 DAGs
[2024-03-26T01:54:31.207+0000] {logging_mixin.py:188} INFO - [2024-03-26T01:54:31.207+0000] {dag.py:3834} INFO - Setting next_dagrun for example_python_decorator to None, run_after=None
[2024-03-26T01:54:31.217+0000] {processor.py:183} INFO - Processing /home/airflow/.local/lib/python3.8/site-packages/airflow/example_dags/example_python_decorator.py took 0.040 seconds
[2024-03-26T01:55:01.945+0000] {processor.py:161} INFO - Started process (PID=4731) to work on /home/airflow/.local/lib/python3.8/site-packages/airflow/example_dags/example_python_decorator.py
[2024-03-26T01:55:01.945+0000] {processor.py:830} INFO - Processing file /home/airflow/.local/lib/python3.8/site-packages/airflow/example_dags/example_python_decorator.py for tasks to queue
[2024-03-26T01:55:01.946+0000] {logging_mixin.py:188} INFO - [2024-03-26T01:55:01.946+0000] {dagbag.py:540} INFO - Filling up the DagBag from /home/airflow/.local/lib/python3.8/site-packages/airflow/example_dags/example_python_decorator.py
[2024-03-26T01:55:01.953+0000] {processor.py:840} INFO - DAG(s) 'example_python_decorator' retrieved from /home/airflow/.local/lib/python3.8/site-packages/airflow/example_dags/example_python_decorator.py
[2024-03-26T01:55:01.966+0000] {logging_mixin.py:188} INFO - [2024-03-26T01:55:01.966+0000] {dag.py:3047} INFO - Sync 1 DAGs
[2024-03-26T01:55:01.971+0000] {logging_mixin.py:188} INFO - [2024-03-26T01:55:01.971+0000] {dag.py:3834} INFO - Setting next_dagrun for example_python_decorator to None, run_after=None
[2024-03-26T01:55:01.979+0000] {processor.py:183} INFO - Processing /home/airflow/.local/lib/python3.8/site-packages/airflow/example_dags/example_python_decorator.py took 0.036 seconds
[2024-03-26T01:55:32.551+0000] {processor.py:161} INFO - Started process (PID=4786) to work on /home/airflow/.local/lib/python3.8/site-packages/airflow/example_dags/example_python_decorator.py
[2024-03-26T01:55:32.552+0000] {processor.py:830} INFO - Processing file /home/airflow/.local/lib/python3.8/site-packages/airflow/example_dags/example_python_decorator.py for tasks to queue
[2024-03-26T01:55:32.554+0000] {logging_mixin.py:188} INFO - [2024-03-26T01:55:32.553+0000] {dagbag.py:540} INFO - Filling up the DagBag from /home/airflow/.local/lib/python3.8/site-packages/airflow/example_dags/example_python_decorator.py
[2024-03-26T01:55:32.561+0000] {processor.py:840} INFO - DAG(s) 'example_python_decorator' retrieved from /home/airflow/.local/lib/python3.8/site-packages/airflow/example_dags/example_python_decorator.py
[2024-03-26T01:55:32.575+0000] {logging_mixin.py:188} INFO - [2024-03-26T01:55:32.575+0000] {dag.py:3047} INFO - Sync 1 DAGs
[2024-03-26T01:55:32.581+0000] {logging_mixin.py:188} INFO - [2024-03-26T01:55:32.581+0000] {dag.py:3834} INFO - Setting next_dagrun for example_python_decorator to None, run_after=None
[2024-03-26T01:55:32.590+0000] {processor.py:183} INFO - Processing /home/airflow/.local/lib/python3.8/site-packages/airflow/example_dags/example_python_decorator.py took 0.041 seconds
[2024-03-26T01:56:03.302+0000] {processor.py:161} INFO - Started process (PID=4841) to work on /home/airflow/.local/lib/python3.8/site-packages/airflow/example_dags/example_python_decorator.py
[2024-03-26T01:56:03.303+0000] {processor.py:830} INFO - Processing file /home/airflow/.local/lib/python3.8/site-packages/airflow/example_dags/example_python_decorator.py for tasks to queue
[2024-03-26T01:56:03.304+0000] {logging_mixin.py:188} INFO - [2024-03-26T01:56:03.304+0000] {dagbag.py:540} INFO - Filling up the DagBag from /home/airflow/.local/lib/python3.8/site-packages/airflow/example_dags/example_python_decorator.py
[2024-03-26T01:56:03.311+0000] {processor.py:840} INFO - DAG(s) 'example_python_decorator' retrieved from /home/airflow/.local/lib/python3.8/site-packages/airflow/example_dags/example_python_decorator.py
[2024-03-26T01:56:03.324+0000] {logging_mixin.py:188} INFO - [2024-03-26T01:56:03.324+0000] {dag.py:3047} INFO - Sync 1 DAGs
[2024-03-26T01:56:03.330+0000] {logging_mixin.py:188} INFO - [2024-03-26T01:56:03.330+0000] {dag.py:3834} INFO - Setting next_dagrun for example_python_decorator to None, run_after=None
[2024-03-26T01:56:03.338+0000] {processor.py:183} INFO - Processing /home/airflow/.local/lib/python3.8/site-packages/airflow/example_dags/example_python_decorator.py took 0.038 seconds
[2024-03-26T01:56:34.024+0000] {processor.py:161} INFO - Started process (PID=4896) to work on /home/airflow/.local/lib/python3.8/site-packages/airflow/example_dags/example_python_decorator.py
[2024-03-26T01:56:34.024+0000] {processor.py:830} INFO - Processing file /home/airflow/.local/lib/python3.8/site-packages/airflow/example_dags/example_python_decorator.py for tasks to queue
[2024-03-26T01:56:34.025+0000] {logging_mixin.py:188} INFO - [2024-03-26T01:56:34.025+0000] {dagbag.py:540} INFO - Filling up the DagBag from /home/airflow/.local/lib/python3.8/site-packages/airflow/example_dags/example_python_decorator.py
[2024-03-26T01:56:34.032+0000] {processor.py:840} INFO - DAG(s) 'example_python_decorator' retrieved from /home/airflow/.local/lib/python3.8/site-packages/airflow/example_dags/example_python_decorator.py
[2024-03-26T01:56:34.045+0000] {logging_mixin.py:188} INFO - [2024-03-26T01:56:34.045+0000] {dag.py:3047} INFO - Sync 1 DAGs
[2024-03-26T01:56:34.050+0000] {logging_mixin.py:188} INFO - [2024-03-26T01:56:34.050+0000] {dag.py:3834} INFO - Setting next_dagrun for example_python_decorator to None, run_after=None
[2024-03-26T01:56:34.057+0000] {processor.py:183} INFO - Processing /home/airflow/.local/lib/python3.8/site-packages/airflow/example_dags/example_python_decorator.py took 0.035 seconds
[2024-03-26T01:57:04.698+0000] {processor.py:161} INFO - Started process (PID=4951) to work on /home/airflow/.local/lib/python3.8/site-packages/airflow/example_dags/example_python_decorator.py
[2024-03-26T01:57:04.699+0000] {processor.py:830} INFO - Processing file /home/airflow/.local/lib/python3.8/site-packages/airflow/example_dags/example_python_decorator.py for tasks to queue
[2024-03-26T01:57:04.700+0000] {logging_mixin.py:188} INFO - [2024-03-26T01:57:04.700+0000] {dagbag.py:540} INFO - Filling up the DagBag from /home/airflow/.local/lib/python3.8/site-packages/airflow/example_dags/example_python_decorator.py
[2024-03-26T01:57:04.707+0000] {processor.py:840} INFO - DAG(s) 'example_python_decorator' retrieved from /home/airflow/.local/lib/python3.8/site-packages/airflow/example_dags/example_python_decorator.py
[2024-03-26T01:57:04.721+0000] {logging_mixin.py:188} INFO - [2024-03-26T01:57:04.720+0000] {dag.py:3047} INFO - Sync 1 DAGs
[2024-03-26T01:57:04.726+0000] {logging_mixin.py:188} INFO - [2024-03-26T01:57:04.726+0000] {dag.py:3834} INFO - Setting next_dagrun for example_python_decorator to None, run_after=None
[2024-03-26T01:57:04.734+0000] {processor.py:183} INFO - Processing /home/airflow/.local/lib/python3.8/site-packages/airflow/example_dags/example_python_decorator.py took 0.037 seconds
[2024-03-26T01:57:35.338+0000] {processor.py:161} INFO - Started process (PID=5006) to work on /home/airflow/.local/lib/python3.8/site-packages/airflow/example_dags/example_python_decorator.py
[2024-03-26T01:57:35.339+0000] {processor.py:830} INFO - Processing file /home/airflow/.local/lib/python3.8/site-packages/airflow/example_dags/example_python_decorator.py for tasks to queue
[2024-03-26T01:57:35.340+0000] {logging_mixin.py:188} INFO - [2024-03-26T01:57:35.340+0000] {dagbag.py:540} INFO - Filling up the DagBag from /home/airflow/.local/lib/python3.8/site-packages/airflow/example_dags/example_python_decorator.py
[2024-03-26T01:57:35.347+0000] {processor.py:840} INFO - DAG(s) 'example_python_decorator' retrieved from /home/airflow/.local/lib/python3.8/site-packages/airflow/example_dags/example_python_decorator.py
[2024-03-26T01:57:35.360+0000] {logging_mixin.py:188} INFO - [2024-03-26T01:57:35.360+0000] {dag.py:3047} INFO - Sync 1 DAGs
[2024-03-26T01:57:35.366+0000] {logging_mixin.py:188} INFO - [2024-03-26T01:57:35.366+0000] {dag.py:3834} INFO - Setting next_dagrun for example_python_decorator to None, run_after=None
[2024-03-26T01:57:35.373+0000] {processor.py:183} INFO - Processing /home/airflow/.local/lib/python3.8/site-packages/airflow/example_dags/example_python_decorator.py took 0.037 seconds
[2024-03-26T01:58:06.079+0000] {processor.py:161} INFO - Started process (PID=5061) to work on /home/airflow/.local/lib/python3.8/site-packages/airflow/example_dags/example_python_decorator.py
[2024-03-26T01:58:06.080+0000] {processor.py:830} INFO - Processing file /home/airflow/.local/lib/python3.8/site-packages/airflow/example_dags/example_python_decorator.py for tasks to queue
[2024-03-26T01:58:06.081+0000] {logging_mixin.py:188} INFO - [2024-03-26T01:58:06.081+0000] {dagbag.py:540} INFO - Filling up the DagBag from /home/airflow/.local/lib/python3.8/site-packages/airflow/example_dags/example_python_decorator.py
[2024-03-26T01:58:06.088+0000] {processor.py:840} INFO - DAG(s) 'example_python_decorator' retrieved from /home/airflow/.local/lib/python3.8/site-packages/airflow/example_dags/example_python_decorator.py
[2024-03-26T01:58:06.101+0000] {logging_mixin.py:188} INFO - [2024-03-26T01:58:06.101+0000] {dag.py:3047} INFO - Sync 1 DAGs
[2024-03-26T01:58:06.106+0000] {logging_mixin.py:188} INFO - [2024-03-26T01:58:06.106+0000] {dag.py:3834} INFO - Setting next_dagrun for example_python_decorator to None, run_after=None
[2024-03-26T01:58:06.114+0000] {processor.py:183} INFO - Processing /home/airflow/.local/lib/python3.8/site-packages/airflow/example_dags/example_python_decorator.py took 0.037 seconds
[2024-03-26T01:58:36.764+0000] {processor.py:161} INFO - Started process (PID=5122) to work on /home/airflow/.local/lib/python3.8/site-packages/airflow/example_dags/example_python_decorator.py
[2024-03-26T01:58:36.765+0000] {processor.py:830} INFO - Processing file /home/airflow/.local/lib/python3.8/site-packages/airflow/example_dags/example_python_decorator.py for tasks to queue
[2024-03-26T01:58:36.766+0000] {logging_mixin.py:188} INFO - [2024-03-26T01:58:36.766+0000] {dagbag.py:540} INFO - Filling up the DagBag from /home/airflow/.local/lib/python3.8/site-packages/airflow/example_dags/example_python_decorator.py
[2024-03-26T01:58:36.776+0000] {processor.py:840} INFO - DAG(s) 'example_python_decorator' retrieved from /home/airflow/.local/lib/python3.8/site-packages/airflow/example_dags/example_python_decorator.py
[2024-03-26T01:58:36.793+0000] {logging_mixin.py:188} INFO - [2024-03-26T01:58:36.793+0000] {dag.py:3047} INFO - Sync 1 DAGs
[2024-03-26T01:58:36.800+0000] {logging_mixin.py:188} INFO - [2024-03-26T01:58:36.800+0000] {dag.py:3834} INFO - Setting next_dagrun for example_python_decorator to None, run_after=None
[2024-03-26T01:58:36.809+0000] {processor.py:183} INFO - Processing /home/airflow/.local/lib/python3.8/site-packages/airflow/example_dags/example_python_decorator.py took 0.048 seconds
[2024-03-26T01:59:07.521+0000] {processor.py:161} INFO - Started process (PID=5177) to work on /home/airflow/.local/lib/python3.8/site-packages/airflow/example_dags/example_python_decorator.py
[2024-03-26T01:59:07.522+0000] {processor.py:830} INFO - Processing file /home/airflow/.local/lib/python3.8/site-packages/airflow/example_dags/example_python_decorator.py for tasks to queue
[2024-03-26T01:59:07.523+0000] {logging_mixin.py:188} INFO - [2024-03-26T01:59:07.523+0000] {dagbag.py:540} INFO - Filling up the DagBag from /home/airflow/.local/lib/python3.8/site-packages/airflow/example_dags/example_python_decorator.py
[2024-03-26T01:59:07.530+0000] {processor.py:840} INFO - DAG(s) 'example_python_decorator' retrieved from /home/airflow/.local/lib/python3.8/site-packages/airflow/example_dags/example_python_decorator.py
[2024-03-26T01:59:07.543+0000] {logging_mixin.py:188} INFO - [2024-03-26T01:59:07.543+0000] {dag.py:3047} INFO - Sync 1 DAGs
[2024-03-26T01:59:07.549+0000] {logging_mixin.py:188} INFO - [2024-03-26T01:59:07.548+0000] {dag.py:3834} INFO - Setting next_dagrun for example_python_decorator to None, run_after=None
[2024-03-26T01:59:07.557+0000] {processor.py:183} INFO - Processing /home/airflow/.local/lib/python3.8/site-packages/airflow/example_dags/example_python_decorator.py took 0.039 seconds
[2024-03-26T01:59:38.358+0000] {processor.py:161} INFO - Started process (PID=5232) to work on /home/airflow/.local/lib/python3.8/site-packages/airflow/example_dags/example_python_decorator.py
[2024-03-26T01:59:38.359+0000] {processor.py:830} INFO - Processing file /home/airflow/.local/lib/python3.8/site-packages/airflow/example_dags/example_python_decorator.py for tasks to queue
[2024-03-26T01:59:38.360+0000] {logging_mixin.py:188} INFO - [2024-03-26T01:59:38.360+0000] {dagbag.py:540} INFO - Filling up the DagBag from /home/airflow/.local/lib/python3.8/site-packages/airflow/example_dags/example_python_decorator.py
[2024-03-26T01:59:38.368+0000] {processor.py:840} INFO - DAG(s) 'example_python_decorator' retrieved from /home/airflow/.local/lib/python3.8/site-packages/airflow/example_dags/example_python_decorator.py
[2024-03-26T01:59:38.382+0000] {logging_mixin.py:188} INFO - [2024-03-26T01:59:38.382+0000] {dag.py:3047} INFO - Sync 1 DAGs
[2024-03-26T01:59:38.390+0000] {logging_mixin.py:188} INFO - [2024-03-26T01:59:38.390+0000] {dag.py:3834} INFO - Setting next_dagrun for example_python_decorator to None, run_after=None
[2024-03-26T01:59:38.400+0000] {processor.py:183} INFO - Processing /home/airflow/.local/lib/python3.8/site-packages/airflow/example_dags/example_python_decorator.py took 0.044 seconds
[2024-03-26T02:00:09.206+0000] {processor.py:161} INFO - Started process (PID=5287) to work on /home/airflow/.local/lib/python3.8/site-packages/airflow/example_dags/example_python_decorator.py
[2024-03-26T02:00:09.207+0000] {processor.py:830} INFO - Processing file /home/airflow/.local/lib/python3.8/site-packages/airflow/example_dags/example_python_decorator.py for tasks to queue
[2024-03-26T02:00:09.208+0000] {logging_mixin.py:188} INFO - [2024-03-26T02:00:09.208+0000] {dagbag.py:540} INFO - Filling up the DagBag from /home/airflow/.local/lib/python3.8/site-packages/airflow/example_dags/example_python_decorator.py
[2024-03-26T02:00:09.215+0000] {processor.py:840} INFO - DAG(s) 'example_python_decorator' retrieved from /home/airflow/.local/lib/python3.8/site-packages/airflow/example_dags/example_python_decorator.py
[2024-03-26T02:00:09.228+0000] {logging_mixin.py:188} INFO - [2024-03-26T02:00:09.228+0000] {dag.py:3047} INFO - Sync 1 DAGs
[2024-03-26T02:00:09.233+0000] {logging_mixin.py:188} INFO - [2024-03-26T02:00:09.233+0000] {dag.py:3834} INFO - Setting next_dagrun for example_python_decorator to None, run_after=None
[2024-03-26T02:00:09.242+0000] {processor.py:183} INFO - Processing /home/airflow/.local/lib/python3.8/site-packages/airflow/example_dags/example_python_decorator.py took 0.037 seconds
[2024-03-26T02:00:39.814+0000] {processor.py:161} INFO - Started process (PID=5342) to work on /home/airflow/.local/lib/python3.8/site-packages/airflow/example_dags/example_python_decorator.py
[2024-03-26T02:00:39.814+0000] {processor.py:830} INFO - Processing file /home/airflow/.local/lib/python3.8/site-packages/airflow/example_dags/example_python_decorator.py for tasks to queue
[2024-03-26T02:00:39.815+0000] {logging_mixin.py:188} INFO - [2024-03-26T02:00:39.815+0000] {dagbag.py:540} INFO - Filling up the DagBag from /home/airflow/.local/lib/python3.8/site-packages/airflow/example_dags/example_python_decorator.py
[2024-03-26T02:00:39.822+0000] {processor.py:840} INFO - DAG(s) 'example_python_decorator' retrieved from /home/airflow/.local/lib/python3.8/site-packages/airflow/example_dags/example_python_decorator.py
[2024-03-26T02:00:39.835+0000] {logging_mixin.py:188} INFO - [2024-03-26T02:00:39.835+0000] {dag.py:3047} INFO - Sync 1 DAGs
[2024-03-26T02:00:39.840+0000] {logging_mixin.py:188} INFO - [2024-03-26T02:00:39.840+0000] {dag.py:3834} INFO - Setting next_dagrun for example_python_decorator to None, run_after=None
[2024-03-26T02:00:39.848+0000] {processor.py:183} INFO - Processing /home/airflow/.local/lib/python3.8/site-packages/airflow/example_dags/example_python_decorator.py took 0.036 seconds
[2024-03-26T02:01:10.618+0000] {processor.py:161} INFO - Started process (PID=5397) to work on /home/airflow/.local/lib/python3.8/site-packages/airflow/example_dags/example_python_decorator.py
[2024-03-26T02:01:10.618+0000] {processor.py:830} INFO - Processing file /home/airflow/.local/lib/python3.8/site-packages/airflow/example_dags/example_python_decorator.py for tasks to queue
[2024-03-26T02:01:10.619+0000] {logging_mixin.py:188} INFO - [2024-03-26T02:01:10.619+0000] {dagbag.py:540} INFO - Filling up the DagBag from /home/airflow/.local/lib/python3.8/site-packages/airflow/example_dags/example_python_decorator.py
[2024-03-26T02:01:10.626+0000] {processor.py:840} INFO - DAG(s) 'example_python_decorator' retrieved from /home/airflow/.local/lib/python3.8/site-packages/airflow/example_dags/example_python_decorator.py
[2024-03-26T02:01:10.638+0000] {logging_mixin.py:188} INFO - [2024-03-26T02:01:10.638+0000] {dag.py:3047} INFO - Sync 1 DAGs
[2024-03-26T02:01:10.644+0000] {logging_mixin.py:188} INFO - [2024-03-26T02:01:10.643+0000] {dag.py:3834} INFO - Setting next_dagrun for example_python_decorator to None, run_after=None
[2024-03-26T02:01:10.651+0000] {processor.py:183} INFO - Processing /home/airflow/.local/lib/python3.8/site-packages/airflow/example_dags/example_python_decorator.py took 0.035 seconds
[2024-03-26T02:01:41.179+0000] {processor.py:161} INFO - Started process (PID=5452) to work on /home/airflow/.local/lib/python3.8/site-packages/airflow/example_dags/example_python_decorator.py
[2024-03-26T02:01:41.180+0000] {processor.py:830} INFO - Processing file /home/airflow/.local/lib/python3.8/site-packages/airflow/example_dags/example_python_decorator.py for tasks to queue
[2024-03-26T02:01:41.181+0000] {logging_mixin.py:188} INFO - [2024-03-26T02:01:41.181+0000] {dagbag.py:540} INFO - Filling up the DagBag from /home/airflow/.local/lib/python3.8/site-packages/airflow/example_dags/example_python_decorator.py
[2024-03-26T02:01:41.188+0000] {processor.py:840} INFO - DAG(s) 'example_python_decorator' retrieved from /home/airflow/.local/lib/python3.8/site-packages/airflow/example_dags/example_python_decorator.py
[2024-03-26T02:01:41.201+0000] {logging_mixin.py:188} INFO - [2024-03-26T02:01:41.201+0000] {dag.py:3047} INFO - Sync 1 DAGs
[2024-03-26T02:01:41.206+0000] {logging_mixin.py:188} INFO - [2024-03-26T02:01:41.206+0000] {dag.py:3834} INFO - Setting next_dagrun for example_python_decorator to None, run_after=None
[2024-03-26T02:01:41.213+0000] {processor.py:183} INFO - Processing /home/airflow/.local/lib/python3.8/site-packages/airflow/example_dags/example_python_decorator.py took 0.036 seconds
[2024-03-26T02:02:11.748+0000] {processor.py:161} INFO - Started process (PID=5507) to work on /home/airflow/.local/lib/python3.8/site-packages/airflow/example_dags/example_python_decorator.py
[2024-03-26T02:02:11.749+0000] {processor.py:830} INFO - Processing file /home/airflow/.local/lib/python3.8/site-packages/airflow/example_dags/example_python_decorator.py for tasks to queue
[2024-03-26T02:02:11.750+0000] {logging_mixin.py:188} INFO - [2024-03-26T02:02:11.750+0000] {dagbag.py:540} INFO - Filling up the DagBag from /home/airflow/.local/lib/python3.8/site-packages/airflow/example_dags/example_python_decorator.py
[2024-03-26T02:02:11.757+0000] {processor.py:840} INFO - DAG(s) 'example_python_decorator' retrieved from /home/airflow/.local/lib/python3.8/site-packages/airflow/example_dags/example_python_decorator.py
[2024-03-26T02:02:11.772+0000] {logging_mixin.py:188} INFO - [2024-03-26T02:02:11.772+0000] {dag.py:3047} INFO - Sync 1 DAGs
[2024-03-26T02:02:11.778+0000] {logging_mixin.py:188} INFO - [2024-03-26T02:02:11.778+0000] {dag.py:3834} INFO - Setting next_dagrun for example_python_decorator to None, run_after=None
[2024-03-26T02:02:11.787+0000] {processor.py:183} INFO - Processing /home/airflow/.local/lib/python3.8/site-packages/airflow/example_dags/example_python_decorator.py took 0.041 seconds
[2024-03-26T02:02:42.600+0000] {processor.py:161} INFO - Started process (PID=5562) to work on /home/airflow/.local/lib/python3.8/site-packages/airflow/example_dags/example_python_decorator.py
[2024-03-26T02:02:42.601+0000] {processor.py:830} INFO - Processing file /home/airflow/.local/lib/python3.8/site-packages/airflow/example_dags/example_python_decorator.py for tasks to queue
[2024-03-26T02:02:42.602+0000] {logging_mixin.py:188} INFO - [2024-03-26T02:02:42.602+0000] {dagbag.py:540} INFO - Filling up the DagBag from /home/airflow/.local/lib/python3.8/site-packages/airflow/example_dags/example_python_decorator.py
[2024-03-26T02:02:42.610+0000] {processor.py:840} INFO - DAG(s) 'example_python_decorator' retrieved from /home/airflow/.local/lib/python3.8/site-packages/airflow/example_dags/example_python_decorator.py
[2024-03-26T02:02:42.623+0000] {logging_mixin.py:188} INFO - [2024-03-26T02:02:42.623+0000] {dag.py:3047} INFO - Sync 1 DAGs
[2024-03-26T02:02:42.628+0000] {logging_mixin.py:188} INFO - [2024-03-26T02:02:42.628+0000] {dag.py:3834} INFO - Setting next_dagrun for example_python_decorator to None, run_after=None
[2024-03-26T02:02:42.636+0000] {processor.py:183} INFO - Processing /home/airflow/.local/lib/python3.8/site-packages/airflow/example_dags/example_python_decorator.py took 0.038 seconds
[2024-03-26T02:03:13.318+0000] {processor.py:161} INFO - Started process (PID=5617) to work on /home/airflow/.local/lib/python3.8/site-packages/airflow/example_dags/example_python_decorator.py
[2024-03-26T02:03:13.318+0000] {processor.py:830} INFO - Processing file /home/airflow/.local/lib/python3.8/site-packages/airflow/example_dags/example_python_decorator.py for tasks to queue
[2024-03-26T02:03:13.319+0000] {logging_mixin.py:188} INFO - [2024-03-26T02:03:13.319+0000] {dagbag.py:540} INFO - Filling up the DagBag from /home/airflow/.local/lib/python3.8/site-packages/airflow/example_dags/example_python_decorator.py
[2024-03-26T02:03:13.327+0000] {processor.py:840} INFO - DAG(s) 'example_python_decorator' retrieved from /home/airflow/.local/lib/python3.8/site-packages/airflow/example_dags/example_python_decorator.py
[2024-03-26T02:03:13.341+0000] {logging_mixin.py:188} INFO - [2024-03-26T02:03:13.341+0000] {dag.py:3047} INFO - Sync 1 DAGs
[2024-03-26T02:03:13.347+0000] {logging_mixin.py:188} INFO - [2024-03-26T02:03:13.347+0000] {dag.py:3834} INFO - Setting next_dagrun for example_python_decorator to None, run_after=None
[2024-03-26T02:03:13.354+0000] {processor.py:183} INFO - Processing /home/airflow/.local/lib/python3.8/site-packages/airflow/example_dags/example_python_decorator.py took 0.039 seconds
[2024-03-26T02:03:44.222+0000] {processor.py:161} INFO - Started process (PID=5672) to work on /home/airflow/.local/lib/python3.8/site-packages/airflow/example_dags/example_python_decorator.py
[2024-03-26T02:03:44.223+0000] {processor.py:830} INFO - Processing file /home/airflow/.local/lib/python3.8/site-packages/airflow/example_dags/example_python_decorator.py for tasks to queue
[2024-03-26T02:03:44.224+0000] {logging_mixin.py:188} INFO - [2024-03-26T02:03:44.224+0000] {dagbag.py:540} INFO - Filling up the DagBag from /home/airflow/.local/lib/python3.8/site-packages/airflow/example_dags/example_python_decorator.py
[2024-03-26T02:03:44.232+0000] {processor.py:840} INFO - DAG(s) 'example_python_decorator' retrieved from /home/airflow/.local/lib/python3.8/site-packages/airflow/example_dags/example_python_decorator.py
[2024-03-26T02:03:44.246+0000] {logging_mixin.py:188} INFO - [2024-03-26T02:03:44.246+0000] {dag.py:3047} INFO - Sync 1 DAGs
[2024-03-26T02:03:44.252+0000] {logging_mixin.py:188} INFO - [2024-03-26T02:03:44.252+0000] {dag.py:3834} INFO - Setting next_dagrun for example_python_decorator to None, run_after=None
[2024-03-26T02:03:44.261+0000] {processor.py:183} INFO - Processing /home/airflow/.local/lib/python3.8/site-packages/airflow/example_dags/example_python_decorator.py took 0.041 seconds
[2024-03-26T02:04:14.847+0000] {processor.py:161} INFO - Started process (PID=5727) to work on /home/airflow/.local/lib/python3.8/site-packages/airflow/example_dags/example_python_decorator.py
[2024-03-26T02:04:14.848+0000] {processor.py:830} INFO - Processing file /home/airflow/.local/lib/python3.8/site-packages/airflow/example_dags/example_python_decorator.py for tasks to queue
[2024-03-26T02:04:14.849+0000] {logging_mixin.py:188} INFO - [2024-03-26T02:04:14.849+0000] {dagbag.py:540} INFO - Filling up the DagBag from /home/airflow/.local/lib/python3.8/site-packages/airflow/example_dags/example_python_decorator.py
[2024-03-26T02:04:14.857+0000] {processor.py:840} INFO - DAG(s) 'example_python_decorator' retrieved from /home/airflow/.local/lib/python3.8/site-packages/airflow/example_dags/example_python_decorator.py
[2024-03-26T02:04:14.870+0000] {logging_mixin.py:188} INFO - [2024-03-26T02:04:14.870+0000] {dag.py:3047} INFO - Sync 1 DAGs
[2024-03-26T02:04:14.876+0000] {logging_mixin.py:188} INFO - [2024-03-26T02:04:14.876+0000] {dag.py:3834} INFO - Setting next_dagrun for example_python_decorator to None, run_after=None
[2024-03-26T02:04:14.885+0000] {processor.py:183} INFO - Processing /home/airflow/.local/lib/python3.8/site-packages/airflow/example_dags/example_python_decorator.py took 0.040 seconds
[2024-03-26T02:04:45.552+0000] {processor.py:161} INFO - Started process (PID=5782) to work on /home/airflow/.local/lib/python3.8/site-packages/airflow/example_dags/example_python_decorator.py
[2024-03-26T02:04:45.552+0000] {processor.py:830} INFO - Processing file /home/airflow/.local/lib/python3.8/site-packages/airflow/example_dags/example_python_decorator.py for tasks to queue
[2024-03-26T02:04:45.553+0000] {logging_mixin.py:188} INFO - [2024-03-26T02:04:45.553+0000] {dagbag.py:540} INFO - Filling up the DagBag from /home/airflow/.local/lib/python3.8/site-packages/airflow/example_dags/example_python_decorator.py
[2024-03-26T02:04:45.560+0000] {processor.py:840} INFO - DAG(s) 'example_python_decorator' retrieved from /home/airflow/.local/lib/python3.8/site-packages/airflow/example_dags/example_python_decorator.py
[2024-03-26T02:04:45.573+0000] {logging_mixin.py:188} INFO - [2024-03-26T02:04:45.573+0000] {dag.py:3047} INFO - Sync 1 DAGs
[2024-03-26T02:04:45.578+0000] {logging_mixin.py:188} INFO - [2024-03-26T02:04:45.578+0000] {dag.py:3834} INFO - Setting next_dagrun for example_python_decorator to None, run_after=None
[2024-03-26T02:04:45.585+0000] {processor.py:183} INFO - Processing /home/airflow/.local/lib/python3.8/site-packages/airflow/example_dags/example_python_decorator.py took 0.036 seconds
[2024-03-26T02:05:16.231+0000] {processor.py:161} INFO - Started process (PID=5837) to work on /home/airflow/.local/lib/python3.8/site-packages/airflow/example_dags/example_python_decorator.py
[2024-03-26T02:05:16.232+0000] {processor.py:830} INFO - Processing file /home/airflow/.local/lib/python3.8/site-packages/airflow/example_dags/example_python_decorator.py for tasks to queue
[2024-03-26T02:05:16.233+0000] {logging_mixin.py:188} INFO - [2024-03-26T02:05:16.233+0000] {dagbag.py:540} INFO - Filling up the DagBag from /home/airflow/.local/lib/python3.8/site-packages/airflow/example_dags/example_python_decorator.py
[2024-03-26T02:05:16.240+0000] {processor.py:840} INFO - DAG(s) 'example_python_decorator' retrieved from /home/airflow/.local/lib/python3.8/site-packages/airflow/example_dags/example_python_decorator.py
[2024-03-26T02:05:16.253+0000] {logging_mixin.py:188} INFO - [2024-03-26T02:05:16.253+0000] {dag.py:3047} INFO - Sync 1 DAGs
[2024-03-26T02:05:16.259+0000] {logging_mixin.py:188} INFO - [2024-03-26T02:05:16.259+0000] {dag.py:3834} INFO - Setting next_dagrun for example_python_decorator to None, run_after=None
[2024-03-26T02:05:16.266+0000] {processor.py:183} INFO - Processing /home/airflow/.local/lib/python3.8/site-packages/airflow/example_dags/example_python_decorator.py took 0.037 seconds
[2024-03-26T02:05:46.893+0000] {processor.py:161} INFO - Started process (PID=5892) to work on /home/airflow/.local/lib/python3.8/site-packages/airflow/example_dags/example_python_decorator.py
[2024-03-26T02:05:46.894+0000] {processor.py:830} INFO - Processing file /home/airflow/.local/lib/python3.8/site-packages/airflow/example_dags/example_python_decorator.py for tasks to queue
[2024-03-26T02:05:46.895+0000] {logging_mixin.py:188} INFO - [2024-03-26T02:05:46.894+0000] {dagbag.py:540} INFO - Filling up the DagBag from /home/airflow/.local/lib/python3.8/site-packages/airflow/example_dags/example_python_decorator.py
[2024-03-26T02:05:46.901+0000] {processor.py:840} INFO - DAG(s) 'example_python_decorator' retrieved from /home/airflow/.local/lib/python3.8/site-packages/airflow/example_dags/example_python_decorator.py
[2024-03-26T02:05:46.915+0000] {logging_mixin.py:188} INFO - [2024-03-26T02:05:46.914+0000] {dag.py:3047} INFO - Sync 1 DAGs
[2024-03-26T02:05:46.920+0000] {logging_mixin.py:188} INFO - [2024-03-26T02:05:46.920+0000] {dag.py:3834} INFO - Setting next_dagrun for example_python_decorator to None, run_after=None
[2024-03-26T02:05:46.927+0000] {processor.py:183} INFO - Processing /home/airflow/.local/lib/python3.8/site-packages/airflow/example_dags/example_python_decorator.py took 0.036 seconds
[2024-03-26T02:06:17.627+0000] {processor.py:161} INFO - Started process (PID=5947) to work on /home/airflow/.local/lib/python3.8/site-packages/airflow/example_dags/example_python_decorator.py
[2024-03-26T02:06:17.628+0000] {processor.py:830} INFO - Processing file /home/airflow/.local/lib/python3.8/site-packages/airflow/example_dags/example_python_decorator.py for tasks to queue
[2024-03-26T02:06:17.629+0000] {logging_mixin.py:188} INFO - [2024-03-26T02:06:17.629+0000] {dagbag.py:540} INFO - Filling up the DagBag from /home/airflow/.local/lib/python3.8/site-packages/airflow/example_dags/example_python_decorator.py
[2024-03-26T02:06:17.636+0000] {processor.py:840} INFO - DAG(s) 'example_python_decorator' retrieved from /home/airflow/.local/lib/python3.8/site-packages/airflow/example_dags/example_python_decorator.py
[2024-03-26T02:06:17.650+0000] {logging_mixin.py:188} INFO - [2024-03-26T02:06:17.650+0000] {dag.py:3047} INFO - Sync 1 DAGs
[2024-03-26T02:06:17.656+0000] {logging_mixin.py:188} INFO - [2024-03-26T02:06:17.655+0000] {dag.py:3834} INFO - Setting next_dagrun for example_python_decorator to None, run_after=None
[2024-03-26T02:06:17.663+0000] {processor.py:183} INFO - Processing /home/airflow/.local/lib/python3.8/site-packages/airflow/example_dags/example_python_decorator.py took 0.038 seconds
[2024-03-26T02:06:48.304+0000] {processor.py:161} INFO - Started process (PID=6002) to work on /home/airflow/.local/lib/python3.8/site-packages/airflow/example_dags/example_python_decorator.py
[2024-03-26T02:06:48.305+0000] {processor.py:830} INFO - Processing file /home/airflow/.local/lib/python3.8/site-packages/airflow/example_dags/example_python_decorator.py for tasks to queue
[2024-03-26T02:06:48.306+0000] {logging_mixin.py:188} INFO - [2024-03-26T02:06:48.306+0000] {dagbag.py:540} INFO - Filling up the DagBag from /home/airflow/.local/lib/python3.8/site-packages/airflow/example_dags/example_python_decorator.py
[2024-03-26T02:06:48.313+0000] {processor.py:840} INFO - DAG(s) 'example_python_decorator' retrieved from /home/airflow/.local/lib/python3.8/site-packages/airflow/example_dags/example_python_decorator.py
[2024-03-26T02:06:48.326+0000] {logging_mixin.py:188} INFO - [2024-03-26T02:06:48.326+0000] {dag.py:3047} INFO - Sync 1 DAGs
[2024-03-26T02:06:48.332+0000] {logging_mixin.py:188} INFO - [2024-03-26T02:06:48.332+0000] {dag.py:3834} INFO - Setting next_dagrun for example_python_decorator to None, run_after=None
[2024-03-26T02:06:48.340+0000] {processor.py:183} INFO - Processing /home/airflow/.local/lib/python3.8/site-packages/airflow/example_dags/example_python_decorator.py took 0.038 seconds
[2024-03-26T02:07:19.010+0000] {processor.py:161} INFO - Started process (PID=6057) to work on /home/airflow/.local/lib/python3.8/site-packages/airflow/example_dags/example_python_decorator.py
[2024-03-26T02:07:19.010+0000] {processor.py:830} INFO - Processing file /home/airflow/.local/lib/python3.8/site-packages/airflow/example_dags/example_python_decorator.py for tasks to queue
[2024-03-26T02:07:19.011+0000] {logging_mixin.py:188} INFO - [2024-03-26T02:07:19.011+0000] {dagbag.py:540} INFO - Filling up the DagBag from /home/airflow/.local/lib/python3.8/site-packages/airflow/example_dags/example_python_decorator.py
[2024-03-26T02:07:19.018+0000] {processor.py:840} INFO - DAG(s) 'example_python_decorator' retrieved from /home/airflow/.local/lib/python3.8/site-packages/airflow/example_dags/example_python_decorator.py
[2024-03-26T02:07:19.031+0000] {logging_mixin.py:188} INFO - [2024-03-26T02:07:19.031+0000] {dag.py:3047} INFO - Sync 1 DAGs
[2024-03-26T02:07:19.036+0000] {logging_mixin.py:188} INFO - [2024-03-26T02:07:19.036+0000] {dag.py:3834} INFO - Setting next_dagrun for example_python_decorator to None, run_after=None
[2024-03-26T02:07:19.045+0000] {processor.py:183} INFO - Processing /home/airflow/.local/lib/python3.8/site-packages/airflow/example_dags/example_python_decorator.py took 0.037 seconds
[2024-03-26T02:07:49.545+0000] {processor.py:161} INFO - Started process (PID=6112) to work on /home/airflow/.local/lib/python3.8/site-packages/airflow/example_dags/example_python_decorator.py
[2024-03-26T02:07:49.545+0000] {processor.py:830} INFO - Processing file /home/airflow/.local/lib/python3.8/site-packages/airflow/example_dags/example_python_decorator.py for tasks to queue
[2024-03-26T02:07:49.547+0000] {logging_mixin.py:188} INFO - [2024-03-26T02:07:49.546+0000] {dagbag.py:540} INFO - Filling up the DagBag from /home/airflow/.local/lib/python3.8/site-packages/airflow/example_dags/example_python_decorator.py
[2024-03-26T02:07:49.554+0000] {processor.py:840} INFO - DAG(s) 'example_python_decorator' retrieved from /home/airflow/.local/lib/python3.8/site-packages/airflow/example_dags/example_python_decorator.py
[2024-03-26T02:07:49.566+0000] {logging_mixin.py:188} INFO - [2024-03-26T02:07:49.566+0000] {dag.py:3047} INFO - Sync 1 DAGs
[2024-03-26T02:07:49.572+0000] {logging_mixin.py:188} INFO - [2024-03-26T02:07:49.571+0000] {dag.py:3834} INFO - Setting next_dagrun for example_python_decorator to None, run_after=None
[2024-03-26T02:07:49.579+0000] {processor.py:183} INFO - Processing /home/airflow/.local/lib/python3.8/site-packages/airflow/example_dags/example_python_decorator.py took 0.036 seconds
[2024-03-26T02:08:20.258+0000] {processor.py:161} INFO - Started process (PID=6167) to work on /home/airflow/.local/lib/python3.8/site-packages/airflow/example_dags/example_python_decorator.py
[2024-03-26T02:08:20.259+0000] {processor.py:830} INFO - Processing file /home/airflow/.local/lib/python3.8/site-packages/airflow/example_dags/example_python_decorator.py for tasks to queue
[2024-03-26T02:08:20.260+0000] {logging_mixin.py:188} INFO - [2024-03-26T02:08:20.260+0000] {dagbag.py:540} INFO - Filling up the DagBag from /home/airflow/.local/lib/python3.8/site-packages/airflow/example_dags/example_python_decorator.py
[2024-03-26T02:08:20.267+0000] {processor.py:840} INFO - DAG(s) 'example_python_decorator' retrieved from /home/airflow/.local/lib/python3.8/site-packages/airflow/example_dags/example_python_decorator.py
[2024-03-26T02:08:20.280+0000] {logging_mixin.py:188} INFO - [2024-03-26T02:08:20.279+0000] {dag.py:3047} INFO - Sync 1 DAGs
[2024-03-26T02:08:20.285+0000] {logging_mixin.py:188} INFO - [2024-03-26T02:08:20.285+0000] {dag.py:3834} INFO - Setting next_dagrun for example_python_decorator to None, run_after=None
[2024-03-26T02:08:20.293+0000] {processor.py:183} INFO - Processing /home/airflow/.local/lib/python3.8/site-packages/airflow/example_dags/example_python_decorator.py took 0.036 seconds
[2024-03-26T02:08:50.843+0000] {processor.py:161} INFO - Started process (PID=6222) to work on /home/airflow/.local/lib/python3.8/site-packages/airflow/example_dags/example_python_decorator.py
[2024-03-26T02:08:50.844+0000] {processor.py:830} INFO - Processing file /home/airflow/.local/lib/python3.8/site-packages/airflow/example_dags/example_python_decorator.py for tasks to queue
[2024-03-26T02:08:50.845+0000] {logging_mixin.py:188} INFO - [2024-03-26T02:08:50.845+0000] {dagbag.py:540} INFO - Filling up the DagBag from /home/airflow/.local/lib/python3.8/site-packages/airflow/example_dags/example_python_decorator.py
[2024-03-26T02:08:50.852+0000] {processor.py:840} INFO - DAG(s) 'example_python_decorator' retrieved from /home/airflow/.local/lib/python3.8/site-packages/airflow/example_dags/example_python_decorator.py
[2024-03-26T02:08:50.865+0000] {logging_mixin.py:188} INFO - [2024-03-26T02:08:50.865+0000] {dag.py:3047} INFO - Sync 1 DAGs
[2024-03-26T02:08:50.870+0000] {logging_mixin.py:188} INFO - [2024-03-26T02:08:50.870+0000] {dag.py:3834} INFO - Setting next_dagrun for example_python_decorator to None, run_after=None
[2024-03-26T02:08:50.878+0000] {processor.py:183} INFO - Processing /home/airflow/.local/lib/python3.8/site-packages/airflow/example_dags/example_python_decorator.py took 0.036 seconds
[2024-03-26T02:09:21.687+0000] {processor.py:161} INFO - Started process (PID=6277) to work on /home/airflow/.local/lib/python3.8/site-packages/airflow/example_dags/example_python_decorator.py
[2024-03-26T02:09:21.688+0000] {processor.py:830} INFO - Processing file /home/airflow/.local/lib/python3.8/site-packages/airflow/example_dags/example_python_decorator.py for tasks to queue
[2024-03-26T02:09:21.689+0000] {logging_mixin.py:188} INFO - [2024-03-26T02:09:21.689+0000] {dagbag.py:540} INFO - Filling up the DagBag from /home/airflow/.local/lib/python3.8/site-packages/airflow/example_dags/example_python_decorator.py
[2024-03-26T02:09:21.699+0000] {processor.py:840} INFO - DAG(s) 'example_python_decorator' retrieved from /home/airflow/.local/lib/python3.8/site-packages/airflow/example_dags/example_python_decorator.py
[2024-03-26T02:09:21.716+0000] {logging_mixin.py:188} INFO - [2024-03-26T02:09:21.715+0000] {dag.py:3047} INFO - Sync 1 DAGs
[2024-03-26T02:09:21.725+0000] {logging_mixin.py:188} INFO - [2024-03-26T02:09:21.725+0000] {dag.py:3834} INFO - Setting next_dagrun for example_python_decorator to None, run_after=None
[2024-03-26T02:09:21.737+0000] {processor.py:183} INFO - Processing /home/airflow/.local/lib/python3.8/site-packages/airflow/example_dags/example_python_decorator.py took 0.052 seconds
[2024-03-26T02:09:52.725+0000] {processor.py:161} INFO - Started process (PID=6331) to work on /home/airflow/.local/lib/python3.8/site-packages/airflow/example_dags/example_python_decorator.py
[2024-03-26T02:09:52.726+0000] {processor.py:830} INFO - Processing file /home/airflow/.local/lib/python3.8/site-packages/airflow/example_dags/example_python_decorator.py for tasks to queue
[2024-03-26T02:09:52.727+0000] {logging_mixin.py:188} INFO - [2024-03-26T02:09:52.727+0000] {dagbag.py:540} INFO - Filling up the DagBag from /home/airflow/.local/lib/python3.8/site-packages/airflow/example_dags/example_python_decorator.py
[2024-03-26T02:09:52.737+0000] {processor.py:840} INFO - DAG(s) 'example_python_decorator' retrieved from /home/airflow/.local/lib/python3.8/site-packages/airflow/example_dags/example_python_decorator.py
[2024-03-26T02:09:52.752+0000] {logging_mixin.py:188} INFO - [2024-03-26T02:09:52.752+0000] {dag.py:3047} INFO - Sync 1 DAGs
[2024-03-26T02:09:52.758+0000] {logging_mixin.py:188} INFO - [2024-03-26T02:09:52.758+0000] {dag.py:3834} INFO - Setting next_dagrun for example_python_decorator to None, run_after=None
[2024-03-26T02:09:52.767+0000] {processor.py:183} INFO - Processing /home/airflow/.local/lib/python3.8/site-packages/airflow/example_dags/example_python_decorator.py took 0.044 seconds
[2024-03-26T02:10:22.849+0000] {processor.py:161} INFO - Started process (PID=6386) to work on /home/airflow/.local/lib/python3.8/site-packages/airflow/example_dags/example_python_decorator.py
[2024-03-26T02:10:22.850+0000] {processor.py:830} INFO - Processing file /home/airflow/.local/lib/python3.8/site-packages/airflow/example_dags/example_python_decorator.py for tasks to queue
[2024-03-26T02:10:22.851+0000] {logging_mixin.py:188} INFO - [2024-03-26T02:10:22.850+0000] {dagbag.py:540} INFO - Filling up the DagBag from /home/airflow/.local/lib/python3.8/site-packages/airflow/example_dags/example_python_decorator.py
[2024-03-26T02:10:22.858+0000] {processor.py:840} INFO - DAG(s) 'example_python_decorator' retrieved from /home/airflow/.local/lib/python3.8/site-packages/airflow/example_dags/example_python_decorator.py
[2024-03-26T02:10:22.871+0000] {logging_mixin.py:188} INFO - [2024-03-26T02:10:22.870+0000] {dag.py:3047} INFO - Sync 1 DAGs
[2024-03-26T02:10:22.876+0000] {logging_mixin.py:188} INFO - [2024-03-26T02:10:22.876+0000] {dag.py:3834} INFO - Setting next_dagrun for example_python_decorator to None, run_after=None
[2024-03-26T02:10:22.884+0000] {processor.py:183} INFO - Processing /home/airflow/.local/lib/python3.8/site-packages/airflow/example_dags/example_python_decorator.py took 0.037 seconds
[2024-03-26T02:10:53.696+0000] {processor.py:161} INFO - Started process (PID=6442) to work on /home/airflow/.local/lib/python3.8/site-packages/airflow/example_dags/example_python_decorator.py
[2024-03-26T02:10:53.697+0000] {processor.py:830} INFO - Processing file /home/airflow/.local/lib/python3.8/site-packages/airflow/example_dags/example_python_decorator.py for tasks to queue
[2024-03-26T02:10:53.698+0000] {logging_mixin.py:188} INFO - [2024-03-26T02:10:53.698+0000] {dagbag.py:540} INFO - Filling up the DagBag from /home/airflow/.local/lib/python3.8/site-packages/airflow/example_dags/example_python_decorator.py
[2024-03-26T02:10:53.705+0000] {processor.py:840} INFO - DAG(s) 'example_python_decorator' retrieved from /home/airflow/.local/lib/python3.8/site-packages/airflow/example_dags/example_python_decorator.py
[2024-03-26T02:10:53.719+0000] {logging_mixin.py:188} INFO - [2024-03-26T02:10:53.719+0000] {dag.py:3047} INFO - Sync 1 DAGs
[2024-03-26T02:10:53.724+0000] {logging_mixin.py:188} INFO - [2024-03-26T02:10:53.724+0000] {dag.py:3834} INFO - Setting next_dagrun for example_python_decorator to None, run_after=None
[2024-03-26T02:10:53.732+0000] {processor.py:183} INFO - Processing /home/airflow/.local/lib/python3.8/site-packages/airflow/example_dags/example_python_decorator.py took 0.038 seconds
[2024-03-26T02:11:24.559+0000] {processor.py:161} INFO - Started process (PID=6497) to work on /home/airflow/.local/lib/python3.8/site-packages/airflow/example_dags/example_python_decorator.py
[2024-03-26T02:11:24.560+0000] {processor.py:830} INFO - Processing file /home/airflow/.local/lib/python3.8/site-packages/airflow/example_dags/example_python_decorator.py for tasks to queue
[2024-03-26T02:11:24.561+0000] {logging_mixin.py:188} INFO - [2024-03-26T02:11:24.561+0000] {dagbag.py:540} INFO - Filling up the DagBag from /home/airflow/.local/lib/python3.8/site-packages/airflow/example_dags/example_python_decorator.py
[2024-03-26T02:11:24.568+0000] {processor.py:840} INFO - DAG(s) 'example_python_decorator' retrieved from /home/airflow/.local/lib/python3.8/site-packages/airflow/example_dags/example_python_decorator.py
[2024-03-26T02:11:24.582+0000] {logging_mixin.py:188} INFO - [2024-03-26T02:11:24.582+0000] {dag.py:3047} INFO - Sync 1 DAGs
[2024-03-26T02:11:24.587+0000] {logging_mixin.py:188} INFO - [2024-03-26T02:11:24.587+0000] {dag.py:3834} INFO - Setting next_dagrun for example_python_decorator to None, run_after=None
[2024-03-26T02:11:24.597+0000] {processor.py:183} INFO - Processing /home/airflow/.local/lib/python3.8/site-packages/airflow/example_dags/example_python_decorator.py took 0.040 seconds
[2024-03-26T02:11:54.730+0000] {processor.py:161} INFO - Started process (PID=6552) to work on /home/airflow/.local/lib/python3.8/site-packages/airflow/example_dags/example_python_decorator.py
[2024-03-26T02:11:54.731+0000] {processor.py:830} INFO - Processing file /home/airflow/.local/lib/python3.8/site-packages/airflow/example_dags/example_python_decorator.py for tasks to queue
[2024-03-26T02:11:54.732+0000] {logging_mixin.py:188} INFO - [2024-03-26T02:11:54.732+0000] {dagbag.py:540} INFO - Filling up the DagBag from /home/airflow/.local/lib/python3.8/site-packages/airflow/example_dags/example_python_decorator.py
[2024-03-26T02:11:54.738+0000] {processor.py:840} INFO - DAG(s) 'example_python_decorator' retrieved from /home/airflow/.local/lib/python3.8/site-packages/airflow/example_dags/example_python_decorator.py
[2024-03-26T02:11:54.751+0000] {logging_mixin.py:188} INFO - [2024-03-26T02:11:54.751+0000] {dag.py:3047} INFO - Sync 1 DAGs
[2024-03-26T02:11:54.756+0000] {logging_mixin.py:188} INFO - [2024-03-26T02:11:54.756+0000] {dag.py:3834} INFO - Setting next_dagrun for example_python_decorator to None, run_after=None
[2024-03-26T02:11:54.764+0000] {processor.py:183} INFO - Processing /home/airflow/.local/lib/python3.8/site-packages/airflow/example_dags/example_python_decorator.py took 0.036 seconds
[2024-03-26T02:12:25.443+0000] {processor.py:161} INFO - Started process (PID=6608) to work on /home/airflow/.local/lib/python3.8/site-packages/airflow/example_dags/example_python_decorator.py
[2024-03-26T02:12:25.444+0000] {processor.py:830} INFO - Processing file /home/airflow/.local/lib/python3.8/site-packages/airflow/example_dags/example_python_decorator.py for tasks to queue
[2024-03-26T02:12:25.445+0000] {logging_mixin.py:188} INFO - [2024-03-26T02:12:25.444+0000] {dagbag.py:540} INFO - Filling up the DagBag from /home/airflow/.local/lib/python3.8/site-packages/airflow/example_dags/example_python_decorator.py
[2024-03-26T02:12:25.451+0000] {processor.py:840} INFO - DAG(s) 'example_python_decorator' retrieved from /home/airflow/.local/lib/python3.8/site-packages/airflow/example_dags/example_python_decorator.py
[2024-03-26T02:12:25.465+0000] {logging_mixin.py:188} INFO - [2024-03-26T02:12:25.464+0000] {dag.py:3047} INFO - Sync 1 DAGs
[2024-03-26T02:12:25.470+0000] {logging_mixin.py:188} INFO - [2024-03-26T02:12:25.470+0000] {dag.py:3834} INFO - Setting next_dagrun for example_python_decorator to None, run_after=None
[2024-03-26T02:12:25.477+0000] {processor.py:183} INFO - Processing /home/airflow/.local/lib/python3.8/site-packages/airflow/example_dags/example_python_decorator.py took 0.036 seconds
[2024-03-26T02:12:56.436+0000] {processor.py:161} INFO - Started process (PID=6663) to work on /home/airflow/.local/lib/python3.8/site-packages/airflow/example_dags/example_python_decorator.py
[2024-03-26T02:12:56.437+0000] {processor.py:830} INFO - Processing file /home/airflow/.local/lib/python3.8/site-packages/airflow/example_dags/example_python_decorator.py for tasks to queue
[2024-03-26T02:12:56.438+0000] {logging_mixin.py:188} INFO - [2024-03-26T02:12:56.438+0000] {dagbag.py:540} INFO - Filling up the DagBag from /home/airflow/.local/lib/python3.8/site-packages/airflow/example_dags/example_python_decorator.py
[2024-03-26T02:12:56.444+0000] {processor.py:840} INFO - DAG(s) 'example_python_decorator' retrieved from /home/airflow/.local/lib/python3.8/site-packages/airflow/example_dags/example_python_decorator.py
[2024-03-26T02:12:56.456+0000] {logging_mixin.py:188} INFO - [2024-03-26T02:12:56.456+0000] {dag.py:3047} INFO - Sync 1 DAGs
[2024-03-26T02:12:56.462+0000] {logging_mixin.py:188} INFO - [2024-03-26T02:12:56.462+0000] {dag.py:3834} INFO - Setting next_dagrun for example_python_decorator to None, run_after=None
[2024-03-26T02:12:56.470+0000] {processor.py:183} INFO - Processing /home/airflow/.local/lib/python3.8/site-packages/airflow/example_dags/example_python_decorator.py took 0.036 seconds
[2024-03-26T02:13:26.560+0000] {processor.py:161} INFO - Started process (PID=6718) to work on /home/airflow/.local/lib/python3.8/site-packages/airflow/example_dags/example_python_decorator.py
[2024-03-26T02:13:26.561+0000] {processor.py:830} INFO - Processing file /home/airflow/.local/lib/python3.8/site-packages/airflow/example_dags/example_python_decorator.py for tasks to queue
[2024-03-26T02:13:26.562+0000] {logging_mixin.py:188} INFO - [2024-03-26T02:13:26.562+0000] {dagbag.py:540} INFO - Filling up the DagBag from /home/airflow/.local/lib/python3.8/site-packages/airflow/example_dags/example_python_decorator.py
[2024-03-26T02:13:26.569+0000] {processor.py:840} INFO - DAG(s) 'example_python_decorator' retrieved from /home/airflow/.local/lib/python3.8/site-packages/airflow/example_dags/example_python_decorator.py
[2024-03-26T02:13:26.582+0000] {logging_mixin.py:188} INFO - [2024-03-26T02:13:26.582+0000] {dag.py:3047} INFO - Sync 1 DAGs
[2024-03-26T02:13:26.587+0000] {logging_mixin.py:188} INFO - [2024-03-26T02:13:26.587+0000] {dag.py:3834} INFO - Setting next_dagrun for example_python_decorator to None, run_after=None
[2024-03-26T02:13:26.595+0000] {processor.py:183} INFO - Processing /home/airflow/.local/lib/python3.8/site-packages/airflow/example_dags/example_python_decorator.py took 0.037 seconds
[2024-03-26T02:13:57.286+0000] {processor.py:161} INFO - Started process (PID=6773) to work on /home/airflow/.local/lib/python3.8/site-packages/airflow/example_dags/example_python_decorator.py
[2024-03-26T02:13:57.287+0000] {processor.py:830} INFO - Processing file /home/airflow/.local/lib/python3.8/site-packages/airflow/example_dags/example_python_decorator.py for tasks to queue
[2024-03-26T02:13:57.288+0000] {logging_mixin.py:188} INFO - [2024-03-26T02:13:57.287+0000] {dagbag.py:540} INFO - Filling up the DagBag from /home/airflow/.local/lib/python3.8/site-packages/airflow/example_dags/example_python_decorator.py
[2024-03-26T02:13:57.295+0000] {processor.py:840} INFO - DAG(s) 'example_python_decorator' retrieved from /home/airflow/.local/lib/python3.8/site-packages/airflow/example_dags/example_python_decorator.py
[2024-03-26T02:13:57.308+0000] {logging_mixin.py:188} INFO - [2024-03-26T02:13:57.308+0000] {dag.py:3047} INFO - Sync 1 DAGs
[2024-03-26T02:13:57.313+0000] {logging_mixin.py:188} INFO - [2024-03-26T02:13:57.313+0000] {dag.py:3834} INFO - Setting next_dagrun for example_python_decorator to None, run_after=None
[2024-03-26T02:13:57.321+0000] {processor.py:183} INFO - Processing /home/airflow/.local/lib/python3.8/site-packages/airflow/example_dags/example_python_decorator.py took 0.037 seconds
[2024-03-26T02:14:27.951+0000] {processor.py:161} INFO - Started process (PID=6828) to work on /home/airflow/.local/lib/python3.8/site-packages/airflow/example_dags/example_python_decorator.py
[2024-03-26T02:14:27.951+0000] {processor.py:830} INFO - Processing file /home/airflow/.local/lib/python3.8/site-packages/airflow/example_dags/example_python_decorator.py for tasks to queue
[2024-03-26T02:14:27.952+0000] {logging_mixin.py:188} INFO - [2024-03-26T02:14:27.952+0000] {dagbag.py:540} INFO - Filling up the DagBag from /home/airflow/.local/lib/python3.8/site-packages/airflow/example_dags/example_python_decorator.py
[2024-03-26T02:14:27.959+0000] {processor.py:840} INFO - DAG(s) 'example_python_decorator' retrieved from /home/airflow/.local/lib/python3.8/site-packages/airflow/example_dags/example_python_decorator.py
[2024-03-26T02:14:27.972+0000] {logging_mixin.py:188} INFO - [2024-03-26T02:14:27.972+0000] {dag.py:3047} INFO - Sync 1 DAGs
[2024-03-26T02:14:27.977+0000] {logging_mixin.py:188} INFO - [2024-03-26T02:14:27.977+0000] {dag.py:3834} INFO - Setting next_dagrun for example_python_decorator to None, run_after=None
[2024-03-26T02:14:27.984+0000] {processor.py:183} INFO - Processing /home/airflow/.local/lib/python3.8/site-packages/airflow/example_dags/example_python_decorator.py took 0.035 seconds
[2024-03-26T02:14:58.474+0000] {processor.py:161} INFO - Started process (PID=6883) to work on /home/airflow/.local/lib/python3.8/site-packages/airflow/example_dags/example_python_decorator.py
[2024-03-26T02:14:58.475+0000] {processor.py:830} INFO - Processing file /home/airflow/.local/lib/python3.8/site-packages/airflow/example_dags/example_python_decorator.py for tasks to queue
[2024-03-26T02:14:58.476+0000] {logging_mixin.py:188} INFO - [2024-03-26T02:14:58.475+0000] {dagbag.py:540} INFO - Filling up the DagBag from /home/airflow/.local/lib/python3.8/site-packages/airflow/example_dags/example_python_decorator.py
[2024-03-26T02:14:58.482+0000] {processor.py:840} INFO - DAG(s) 'example_python_decorator' retrieved from /home/airflow/.local/lib/python3.8/site-packages/airflow/example_dags/example_python_decorator.py
[2024-03-26T02:14:58.496+0000] {logging_mixin.py:188} INFO - [2024-03-26T02:14:58.496+0000] {dag.py:3047} INFO - Sync 1 DAGs
[2024-03-26T02:14:58.502+0000] {logging_mixin.py:188} INFO - [2024-03-26T02:14:58.502+0000] {dag.py:3834} INFO - Setting next_dagrun for example_python_decorator to None, run_after=None
[2024-03-26T02:14:58.511+0000] {processor.py:183} INFO - Processing /home/airflow/.local/lib/python3.8/site-packages/airflow/example_dags/example_python_decorator.py took 0.039 seconds
[2024-03-26T02:15:29.205+0000] {processor.py:161} INFO - Started process (PID=6938) to work on /home/airflow/.local/lib/python3.8/site-packages/airflow/example_dags/example_python_decorator.py
[2024-03-26T02:15:29.206+0000] {processor.py:830} INFO - Processing file /home/airflow/.local/lib/python3.8/site-packages/airflow/example_dags/example_python_decorator.py for tasks to queue
[2024-03-26T02:15:29.207+0000] {logging_mixin.py:188} INFO - [2024-03-26T02:15:29.207+0000] {dagbag.py:540} INFO - Filling up the DagBag from /home/airflow/.local/lib/python3.8/site-packages/airflow/example_dags/example_python_decorator.py
[2024-03-26T02:15:29.214+0000] {processor.py:840} INFO - DAG(s) 'example_python_decorator' retrieved from /home/airflow/.local/lib/python3.8/site-packages/airflow/example_dags/example_python_decorator.py
[2024-03-26T02:15:29.227+0000] {logging_mixin.py:188} INFO - [2024-03-26T02:15:29.227+0000] {dag.py:3047} INFO - Sync 1 DAGs
[2024-03-26T02:15:29.232+0000] {logging_mixin.py:188} INFO - [2024-03-26T02:15:29.232+0000] {dag.py:3834} INFO - Setting next_dagrun for example_python_decorator to None, run_after=None
[2024-03-26T02:15:29.240+0000] {processor.py:183} INFO - Processing /home/airflow/.local/lib/python3.8/site-packages/airflow/example_dags/example_python_decorator.py took 0.037 seconds
[2024-03-26T02:15:59.817+0000] {processor.py:161} INFO - Started process (PID=6993) to work on /home/airflow/.local/lib/python3.8/site-packages/airflow/example_dags/example_python_decorator.py
[2024-03-26T02:15:59.817+0000] {processor.py:830} INFO - Processing file /home/airflow/.local/lib/python3.8/site-packages/airflow/example_dags/example_python_decorator.py for tasks to queue
[2024-03-26T02:15:59.818+0000] {logging_mixin.py:188} INFO - [2024-03-26T02:15:59.818+0000] {dagbag.py:540} INFO - Filling up the DagBag from /home/airflow/.local/lib/python3.8/site-packages/airflow/example_dags/example_python_decorator.py
[2024-03-26T02:15:59.825+0000] {processor.py:840} INFO - DAG(s) 'example_python_decorator' retrieved from /home/airflow/.local/lib/python3.8/site-packages/airflow/example_dags/example_python_decorator.py
[2024-03-26T02:15:59.837+0000] {logging_mixin.py:188} INFO - [2024-03-26T02:15:59.837+0000] {dag.py:3047} INFO - Sync 1 DAGs
[2024-03-26T02:15:59.843+0000] {logging_mixin.py:188} INFO - [2024-03-26T02:15:59.842+0000] {dag.py:3834} INFO - Setting next_dagrun for example_python_decorator to None, run_after=None
[2024-03-26T02:15:59.850+0000] {processor.py:183} INFO - Processing /home/airflow/.local/lib/python3.8/site-packages/airflow/example_dags/example_python_decorator.py took 0.035 seconds
[2024-03-26T02:16:30.483+0000] {processor.py:161} INFO - Started process (PID=7048) to work on /home/airflow/.local/lib/python3.8/site-packages/airflow/example_dags/example_python_decorator.py
[2024-03-26T02:16:30.484+0000] {processor.py:830} INFO - Processing file /home/airflow/.local/lib/python3.8/site-packages/airflow/example_dags/example_python_decorator.py for tasks to queue
[2024-03-26T02:16:30.485+0000] {logging_mixin.py:188} INFO - [2024-03-26T02:16:30.484+0000] {dagbag.py:540} INFO - Filling up the DagBag from /home/airflow/.local/lib/python3.8/site-packages/airflow/example_dags/example_python_decorator.py
[2024-03-26T02:16:30.492+0000] {processor.py:840} INFO - DAG(s) 'example_python_decorator' retrieved from /home/airflow/.local/lib/python3.8/site-packages/airflow/example_dags/example_python_decorator.py
[2024-03-26T02:16:30.504+0000] {logging_mixin.py:188} INFO - [2024-03-26T02:16:30.504+0000] {dag.py:3047} INFO - Sync 1 DAGs
[2024-03-26T02:16:30.509+0000] {logging_mixin.py:188} INFO - [2024-03-26T02:16:30.509+0000] {dag.py:3834} INFO - Setting next_dagrun for example_python_decorator to None, run_after=None
[2024-03-26T02:16:30.517+0000] {processor.py:183} INFO - Processing /home/airflow/.local/lib/python3.8/site-packages/airflow/example_dags/example_python_decorator.py took 0.036 seconds
[2024-03-26T02:17:01.202+0000] {processor.py:161} INFO - Started process (PID=7103) to work on /home/airflow/.local/lib/python3.8/site-packages/airflow/example_dags/example_python_decorator.py
[2024-03-26T02:17:01.203+0000] {processor.py:830} INFO - Processing file /home/airflow/.local/lib/python3.8/site-packages/airflow/example_dags/example_python_decorator.py for tasks to queue
[2024-03-26T02:17:01.204+0000] {logging_mixin.py:188} INFO - [2024-03-26T02:17:01.204+0000] {dagbag.py:540} INFO - Filling up the DagBag from /home/airflow/.local/lib/python3.8/site-packages/airflow/example_dags/example_python_decorator.py
[2024-03-26T02:17:01.211+0000] {processor.py:840} INFO - DAG(s) 'example_python_decorator' retrieved from /home/airflow/.local/lib/python3.8/site-packages/airflow/example_dags/example_python_decorator.py
[2024-03-26T02:17:01.224+0000] {logging_mixin.py:188} INFO - [2024-03-26T02:17:01.224+0000] {dag.py:3047} INFO - Sync 1 DAGs
[2024-03-26T02:17:01.229+0000] {logging_mixin.py:188} INFO - [2024-03-26T02:17:01.229+0000] {dag.py:3834} INFO - Setting next_dagrun for example_python_decorator to None, run_after=None
[2024-03-26T02:17:01.236+0000] {processor.py:183} INFO - Processing /home/airflow/.local/lib/python3.8/site-packages/airflow/example_dags/example_python_decorator.py took 0.036 seconds
[2024-03-26T02:17:31.815+0000] {processor.py:161} INFO - Started process (PID=7158) to work on /home/airflow/.local/lib/python3.8/site-packages/airflow/example_dags/example_python_decorator.py
[2024-03-26T02:17:31.816+0000] {processor.py:830} INFO - Processing file /home/airflow/.local/lib/python3.8/site-packages/airflow/example_dags/example_python_decorator.py for tasks to queue
[2024-03-26T02:17:31.817+0000] {logging_mixin.py:188} INFO - [2024-03-26T02:17:31.817+0000] {dagbag.py:540} INFO - Filling up the DagBag from /home/airflow/.local/lib/python3.8/site-packages/airflow/example_dags/example_python_decorator.py
[2024-03-26T02:17:31.824+0000] {processor.py:840} INFO - DAG(s) 'example_python_decorator' retrieved from /home/airflow/.local/lib/python3.8/site-packages/airflow/example_dags/example_python_decorator.py
[2024-03-26T02:17:31.837+0000] {logging_mixin.py:188} INFO - [2024-03-26T02:17:31.837+0000] {dag.py:3047} INFO - Sync 1 DAGs
[2024-03-26T02:17:31.842+0000] {logging_mixin.py:188} INFO - [2024-03-26T02:17:31.842+0000] {dag.py:3834} INFO - Setting next_dagrun for example_python_decorator to None, run_after=None
[2024-03-26T02:17:31.850+0000] {processor.py:183} INFO - Processing /home/airflow/.local/lib/python3.8/site-packages/airflow/example_dags/example_python_decorator.py took 0.037 seconds
[2024-03-26T02:18:02.500+0000] {processor.py:161} INFO - Started process (PID=7213) to work on /home/airflow/.local/lib/python3.8/site-packages/airflow/example_dags/example_python_decorator.py
[2024-03-26T02:18:02.500+0000] {processor.py:830} INFO - Processing file /home/airflow/.local/lib/python3.8/site-packages/airflow/example_dags/example_python_decorator.py for tasks to queue
[2024-03-26T02:18:02.502+0000] {logging_mixin.py:188} INFO - [2024-03-26T02:18:02.501+0000] {dagbag.py:540} INFO - Filling up the DagBag from /home/airflow/.local/lib/python3.8/site-packages/airflow/example_dags/example_python_decorator.py
[2024-03-26T02:18:02.509+0000] {processor.py:840} INFO - DAG(s) 'example_python_decorator' retrieved from /home/airflow/.local/lib/python3.8/site-packages/airflow/example_dags/example_python_decorator.py
[2024-03-26T02:18:02.525+0000] {logging_mixin.py:188} INFO - [2024-03-26T02:18:02.524+0000] {dag.py:3047} INFO - Sync 1 DAGs
[2024-03-26T02:18:02.531+0000] {logging_mixin.py:188} INFO - [2024-03-26T02:18:02.531+0000] {dag.py:3834} INFO - Setting next_dagrun for example_python_decorator to None, run_after=None
[2024-03-26T02:18:02.539+0000] {processor.py:183} INFO - Processing /home/airflow/.local/lib/python3.8/site-packages/airflow/example_dags/example_python_decorator.py took 0.042 seconds
[2024-03-26T02:18:33.105+0000] {processor.py:161} INFO - Started process (PID=7268) to work on /home/airflow/.local/lib/python3.8/site-packages/airflow/example_dags/example_python_decorator.py
[2024-03-26T02:18:33.105+0000] {processor.py:830} INFO - Processing file /home/airflow/.local/lib/python3.8/site-packages/airflow/example_dags/example_python_decorator.py for tasks to queue
[2024-03-26T02:18:33.106+0000] {logging_mixin.py:188} INFO - [2024-03-26T02:18:33.106+0000] {dagbag.py:540} INFO - Filling up the DagBag from /home/airflow/.local/lib/python3.8/site-packages/airflow/example_dags/example_python_decorator.py
[2024-03-26T02:18:33.113+0000] {processor.py:840} INFO - DAG(s) 'example_python_decorator' retrieved from /home/airflow/.local/lib/python3.8/site-packages/airflow/example_dags/example_python_decorator.py
[2024-03-26T02:18:33.127+0000] {logging_mixin.py:188} INFO - [2024-03-26T02:18:33.126+0000] {dag.py:3047} INFO - Sync 1 DAGs
[2024-03-26T02:18:33.132+0000] {logging_mixin.py:188} INFO - [2024-03-26T02:18:33.132+0000] {dag.py:3834} INFO - Setting next_dagrun for example_python_decorator to None, run_after=None
[2024-03-26T02:18:33.140+0000] {processor.py:183} INFO - Processing /home/airflow/.local/lib/python3.8/site-packages/airflow/example_dags/example_python_decorator.py took 0.037 seconds
[2024-03-26T02:19:03.793+0000] {processor.py:161} INFO - Started process (PID=7323) to work on /home/airflow/.local/lib/python3.8/site-packages/airflow/example_dags/example_python_decorator.py
[2024-03-26T02:19:03.794+0000] {processor.py:830} INFO - Processing file /home/airflow/.local/lib/python3.8/site-packages/airflow/example_dags/example_python_decorator.py for tasks to queue
[2024-03-26T02:19:03.795+0000] {logging_mixin.py:188} INFO - [2024-03-26T02:19:03.795+0000] {dagbag.py:540} INFO - Filling up the DagBag from /home/airflow/.local/lib/python3.8/site-packages/airflow/example_dags/example_python_decorator.py
[2024-03-26T02:19:03.802+0000] {processor.py:840} INFO - DAG(s) 'example_python_decorator' retrieved from /home/airflow/.local/lib/python3.8/site-packages/airflow/example_dags/example_python_decorator.py
[2024-03-26T02:19:03.815+0000] {logging_mixin.py:188} INFO - [2024-03-26T02:19:03.815+0000] {dag.py:3047} INFO - Sync 1 DAGs
[2024-03-26T02:19:03.820+0000] {logging_mixin.py:188} INFO - [2024-03-26T02:19:03.820+0000] {dag.py:3834} INFO - Setting next_dagrun for example_python_decorator to None, run_after=None
[2024-03-26T02:19:03.828+0000] {processor.py:183} INFO - Processing /home/airflow/.local/lib/python3.8/site-packages/airflow/example_dags/example_python_decorator.py took 0.037 seconds
