[2024-03-26T00:04:41.008+0000] {processor.py:161} INFO - Started process (PID=3964) to work on /home/airflow/.local/lib/python3.8/site-packages/airflow/example_dags/example_short_circuit_operator.py
[2024-03-26T00:04:41.008+0000] {processor.py:830} INFO - Processing file /home/airflow/.local/lib/python3.8/site-packages/airflow/example_dags/example_short_circuit_operator.py for tasks to queue
[2024-03-26T00:04:41.013+0000] {logging_mixin.py:188} INFO - [2024-03-26T00:04:41.013+0000] {dagbag.py:540} INFO - Filling up the DagBag from /home/airflow/.local/lib/python3.8/site-packages/airflow/example_dags/example_short_circuit_operator.py
[2024-03-26T00:04:41.022+0000] {processor.py:840} INFO - DAG(s) 'example_short_circuit_operator' retrieved from /home/airflow/.local/lib/python3.8/site-packages/airflow/example_dags/example_short_circuit_operator.py
[2024-03-26T00:04:41.042+0000] {logging_mixin.py:188} INFO - [2024-03-26T00:04:41.042+0000] {dag.py:3047} INFO - Sync 1 DAGs
[2024-03-26T00:04:41.069+0000] {logging_mixin.py:188} INFO - [2024-03-26T00:04:41.069+0000] {dag.py:3834} INFO - Setting next_dagrun for example_short_circuit_operator to 2024-03-25 00:00:00+00:00, run_after=2024-03-26 00:00:00+00:00
[2024-03-26T00:04:41.086+0000] {processor.py:183} INFO - Processing /home/airflow/.local/lib/python3.8/site-packages/airflow/example_dags/example_short_circuit_operator.py took 0.085 seconds
[2024-03-26T00:58:59.689+0000] {processor.py:161} INFO - Started process (PID=4019) to work on /home/airflow/.local/lib/python3.8/site-packages/airflow/example_dags/example_short_circuit_operator.py
[2024-03-26T00:58:59.690+0000] {processor.py:830} INFO - Processing file /home/airflow/.local/lib/python3.8/site-packages/airflow/example_dags/example_short_circuit_operator.py for tasks to queue
[2024-03-26T00:58:59.691+0000] {logging_mixin.py:188} INFO - [2024-03-26T00:58:59.691+0000] {dagbag.py:540} INFO - Filling up the DagBag from /home/airflow/.local/lib/python3.8/site-packages/airflow/example_dags/example_short_circuit_operator.py
[2024-03-26T00:58:59.695+0000] {processor.py:840} INFO - DAG(s) 'example_short_circuit_operator' retrieved from /home/airflow/.local/lib/python3.8/site-packages/airflow/example_dags/example_short_circuit_operator.py
[2024-03-26T00:58:59.709+0000] {logging_mixin.py:188} INFO - [2024-03-26T00:58:59.709+0000] {dag.py:3047} INFO - Sync 1 DAGs
[2024-03-26T00:58:59.719+0000] {logging_mixin.py:188} INFO - [2024-03-26T00:58:59.719+0000] {dag.py:3834} INFO - Setting next_dagrun for example_short_circuit_operator to 2024-03-25 00:00:00+00:00, run_after=2024-03-26 00:00:00+00:00
[2024-03-26T00:58:59.727+0000] {processor.py:183} INFO - Processing /home/airflow/.local/lib/python3.8/site-packages/airflow/example_dags/example_short_circuit_operator.py took 0.040 seconds
[2024-03-26T00:59:30.537+0000] {processor.py:161} INFO - Started process (PID=4074) to work on /home/airflow/.local/lib/python3.8/site-packages/airflow/example_dags/example_short_circuit_operator.py
[2024-03-26T00:59:30.537+0000] {processor.py:830} INFO - Processing file /home/airflow/.local/lib/python3.8/site-packages/airflow/example_dags/example_short_circuit_operator.py for tasks to queue
[2024-03-26T00:59:30.538+0000] {logging_mixin.py:188} INFO - [2024-03-26T00:59:30.538+0000] {dagbag.py:540} INFO - Filling up the DagBag from /home/airflow/.local/lib/python3.8/site-packages/airflow/example_dags/example_short_circuit_operator.py
[2024-03-26T00:59:30.542+0000] {processor.py:840} INFO - DAG(s) 'example_short_circuit_operator' retrieved from /home/airflow/.local/lib/python3.8/site-packages/airflow/example_dags/example_short_circuit_operator.py
[2024-03-26T00:59:30.556+0000] {logging_mixin.py:188} INFO - [2024-03-26T00:59:30.556+0000] {dag.py:3047} INFO - Sync 1 DAGs
[2024-03-26T00:59:30.567+0000] {logging_mixin.py:188} INFO - [2024-03-26T00:59:30.567+0000] {dag.py:3834} INFO - Setting next_dagrun for example_short_circuit_operator to 2024-03-25 00:00:00+00:00, run_after=2024-03-26 00:00:00+00:00
[2024-03-26T00:59:30.575+0000] {processor.py:183} INFO - Processing /home/airflow/.local/lib/python3.8/site-packages/airflow/example_dags/example_short_circuit_operator.py took 0.041 seconds
[2024-03-26T01:00:01.227+0000] {processor.py:161} INFO - Started process (PID=4129) to work on /home/airflow/.local/lib/python3.8/site-packages/airflow/example_dags/example_short_circuit_operator.py
[2024-03-26T01:00:01.228+0000] {processor.py:830} INFO - Processing file /home/airflow/.local/lib/python3.8/site-packages/airflow/example_dags/example_short_circuit_operator.py for tasks to queue
[2024-03-26T01:00:01.229+0000] {logging_mixin.py:188} INFO - [2024-03-26T01:00:01.228+0000] {dagbag.py:540} INFO - Filling up the DagBag from /home/airflow/.local/lib/python3.8/site-packages/airflow/example_dags/example_short_circuit_operator.py
[2024-03-26T01:00:01.233+0000] {processor.py:840} INFO - DAG(s) 'example_short_circuit_operator' retrieved from /home/airflow/.local/lib/python3.8/site-packages/airflow/example_dags/example_short_circuit_operator.py
[2024-03-26T01:00:01.246+0000] {logging_mixin.py:188} INFO - [2024-03-26T01:00:01.246+0000] {dag.py:3047} INFO - Sync 1 DAGs
[2024-03-26T01:00:01.256+0000] {logging_mixin.py:188} INFO - [2024-03-26T01:00:01.256+0000] {dag.py:3834} INFO - Setting next_dagrun for example_short_circuit_operator to 2024-03-25 00:00:00+00:00, run_after=2024-03-26 00:00:00+00:00
[2024-03-26T01:00:01.264+0000] {processor.py:183} INFO - Processing /home/airflow/.local/lib/python3.8/site-packages/airflow/example_dags/example_short_circuit_operator.py took 0.039 seconds
[2024-03-26T01:00:31.846+0000] {processor.py:161} INFO - Started process (PID=4184) to work on /home/airflow/.local/lib/python3.8/site-packages/airflow/example_dags/example_short_circuit_operator.py
[2024-03-26T01:00:31.846+0000] {processor.py:830} INFO - Processing file /home/airflow/.local/lib/python3.8/site-packages/airflow/example_dags/example_short_circuit_operator.py for tasks to queue
[2024-03-26T01:00:31.848+0000] {logging_mixin.py:188} INFO - [2024-03-26T01:00:31.847+0000] {dagbag.py:540} INFO - Filling up the DagBag from /home/airflow/.local/lib/python3.8/site-packages/airflow/example_dags/example_short_circuit_operator.py
[2024-03-26T01:00:31.852+0000] {processor.py:840} INFO - DAG(s) 'example_short_circuit_operator' retrieved from /home/airflow/.local/lib/python3.8/site-packages/airflow/example_dags/example_short_circuit_operator.py
[2024-03-26T01:00:31.865+0000] {logging_mixin.py:188} INFO - [2024-03-26T01:00:31.865+0000] {dag.py:3047} INFO - Sync 1 DAGs
[2024-03-26T01:00:31.875+0000] {logging_mixin.py:188} INFO - [2024-03-26T01:00:31.875+0000] {dag.py:3834} INFO - Setting next_dagrun for example_short_circuit_operator to 2024-03-25 00:00:00+00:00, run_after=2024-03-26 00:00:00+00:00
[2024-03-26T01:00:31.883+0000] {processor.py:183} INFO - Processing /home/airflow/.local/lib/python3.8/site-packages/airflow/example_dags/example_short_circuit_operator.py took 0.039 seconds
[2024-03-26T01:01:02.372+0000] {processor.py:161} INFO - Started process (PID=4239) to work on /home/airflow/.local/lib/python3.8/site-packages/airflow/example_dags/example_short_circuit_operator.py
[2024-03-26T01:01:02.372+0000] {processor.py:830} INFO - Processing file /home/airflow/.local/lib/python3.8/site-packages/airflow/example_dags/example_short_circuit_operator.py for tasks to queue
[2024-03-26T01:01:02.373+0000] {logging_mixin.py:188} INFO - [2024-03-26T01:01:02.373+0000] {dagbag.py:540} INFO - Filling up the DagBag from /home/airflow/.local/lib/python3.8/site-packages/airflow/example_dags/example_short_circuit_operator.py
[2024-03-26T01:01:02.378+0000] {processor.py:840} INFO - DAG(s) 'example_short_circuit_operator' retrieved from /home/airflow/.local/lib/python3.8/site-packages/airflow/example_dags/example_short_circuit_operator.py
[2024-03-26T01:01:02.392+0000] {logging_mixin.py:188} INFO - [2024-03-26T01:01:02.392+0000] {dag.py:3047} INFO - Sync 1 DAGs
[2024-03-26T01:01:02.401+0000] {logging_mixin.py:188} INFO - [2024-03-26T01:01:02.401+0000] {dag.py:3834} INFO - Setting next_dagrun for example_short_circuit_operator to 2024-03-25 00:00:00+00:00, run_after=2024-03-26 00:00:00+00:00
[2024-03-26T01:01:02.409+0000] {processor.py:183} INFO - Processing /home/airflow/.local/lib/python3.8/site-packages/airflow/example_dags/example_short_circuit_operator.py took 0.039 seconds
[2024-03-26T01:01:32.982+0000] {processor.py:161} INFO - Started process (PID=4295) to work on /home/airflow/.local/lib/python3.8/site-packages/airflow/example_dags/example_short_circuit_operator.py
[2024-03-26T01:01:32.983+0000] {processor.py:830} INFO - Processing file /home/airflow/.local/lib/python3.8/site-packages/airflow/example_dags/example_short_circuit_operator.py for tasks to queue
[2024-03-26T01:01:32.984+0000] {logging_mixin.py:188} INFO - [2024-03-26T01:01:32.984+0000] {dagbag.py:540} INFO - Filling up the DagBag from /home/airflow/.local/lib/python3.8/site-packages/airflow/example_dags/example_short_circuit_operator.py
[2024-03-26T01:01:32.988+0000] {processor.py:840} INFO - DAG(s) 'example_short_circuit_operator' retrieved from /home/airflow/.local/lib/python3.8/site-packages/airflow/example_dags/example_short_circuit_operator.py
[2024-03-26T01:01:33.001+0000] {logging_mixin.py:188} INFO - [2024-03-26T01:01:33.001+0000] {dag.py:3047} INFO - Sync 1 DAGs
[2024-03-26T01:01:33.012+0000] {logging_mixin.py:188} INFO - [2024-03-26T01:01:33.012+0000] {dag.py:3834} INFO - Setting next_dagrun for example_short_circuit_operator to 2024-03-25 00:00:00+00:00, run_after=2024-03-26 00:00:00+00:00
[2024-03-26T01:01:33.020+0000] {processor.py:183} INFO - Processing /home/airflow/.local/lib/python3.8/site-packages/airflow/example_dags/example_short_circuit_operator.py took 0.039 seconds
[2024-03-26T01:02:03.808+0000] {processor.py:161} INFO - Started process (PID=4350) to work on /home/airflow/.local/lib/python3.8/site-packages/airflow/example_dags/example_short_circuit_operator.py
[2024-03-26T01:02:03.809+0000] {processor.py:830} INFO - Processing file /home/airflow/.local/lib/python3.8/site-packages/airflow/example_dags/example_short_circuit_operator.py for tasks to queue
[2024-03-26T01:02:03.810+0000] {logging_mixin.py:188} INFO - [2024-03-26T01:02:03.809+0000] {dagbag.py:540} INFO - Filling up the DagBag from /home/airflow/.local/lib/python3.8/site-packages/airflow/example_dags/example_short_circuit_operator.py
[2024-03-26T01:02:03.815+0000] {processor.py:840} INFO - DAG(s) 'example_short_circuit_operator' retrieved from /home/airflow/.local/lib/python3.8/site-packages/airflow/example_dags/example_short_circuit_operator.py
[2024-03-26T01:02:03.829+0000] {logging_mixin.py:188} INFO - [2024-03-26T01:02:03.829+0000] {dag.py:3047} INFO - Sync 1 DAGs
[2024-03-26T01:02:03.840+0000] {logging_mixin.py:188} INFO - [2024-03-26T01:02:03.840+0000] {dag.py:3834} INFO - Setting next_dagrun for example_short_circuit_operator to 2024-03-25 00:00:00+00:00, run_after=2024-03-26 00:00:00+00:00
[2024-03-26T01:02:03.849+0000] {processor.py:183} INFO - Processing /home/airflow/.local/lib/python3.8/site-packages/airflow/example_dags/example_short_circuit_operator.py took 0.043 seconds
[2024-03-26T01:02:34.524+0000] {processor.py:161} INFO - Started process (PID=4409) to work on /home/airflow/.local/lib/python3.8/site-packages/airflow/example_dags/example_short_circuit_operator.py
[2024-03-26T01:02:34.524+0000] {processor.py:830} INFO - Processing file /home/airflow/.local/lib/python3.8/site-packages/airflow/example_dags/example_short_circuit_operator.py for tasks to queue
[2024-03-26T01:02:34.525+0000] {logging_mixin.py:188} INFO - [2024-03-26T01:02:34.525+0000] {dagbag.py:540} INFO - Filling up the DagBag from /home/airflow/.local/lib/python3.8/site-packages/airflow/example_dags/example_short_circuit_operator.py
[2024-03-26T01:02:34.529+0000] {processor.py:840} INFO - DAG(s) 'example_short_circuit_operator' retrieved from /home/airflow/.local/lib/python3.8/site-packages/airflow/example_dags/example_short_circuit_operator.py
[2024-03-26T01:02:34.543+0000] {logging_mixin.py:188} INFO - [2024-03-26T01:02:34.543+0000] {dag.py:3047} INFO - Sync 1 DAGs
[2024-03-26T01:02:34.554+0000] {logging_mixin.py:188} INFO - [2024-03-26T01:02:34.554+0000] {dag.py:3834} INFO - Setting next_dagrun for example_short_circuit_operator to 2024-03-25 00:00:00+00:00, run_after=2024-03-26 00:00:00+00:00
[2024-03-26T01:02:34.562+0000] {processor.py:183} INFO - Processing /home/airflow/.local/lib/python3.8/site-packages/airflow/example_dags/example_short_circuit_operator.py took 0.040 seconds
[2024-03-26T01:03:05.228+0000] {processor.py:161} INFO - Started process (PID=4464) to work on /home/airflow/.local/lib/python3.8/site-packages/airflow/example_dags/example_short_circuit_operator.py
[2024-03-26T01:03:05.229+0000] {processor.py:830} INFO - Processing file /home/airflow/.local/lib/python3.8/site-packages/airflow/example_dags/example_short_circuit_operator.py for tasks to queue
[2024-03-26T01:03:05.230+0000] {logging_mixin.py:188} INFO - [2024-03-26T01:03:05.230+0000] {dagbag.py:540} INFO - Filling up the DagBag from /home/airflow/.local/lib/python3.8/site-packages/airflow/example_dags/example_short_circuit_operator.py
[2024-03-26T01:03:05.234+0000] {processor.py:840} INFO - DAG(s) 'example_short_circuit_operator' retrieved from /home/airflow/.local/lib/python3.8/site-packages/airflow/example_dags/example_short_circuit_operator.py
[2024-03-26T01:03:05.247+0000] {logging_mixin.py:188} INFO - [2024-03-26T01:03:05.247+0000] {dag.py:3047} INFO - Sync 1 DAGs
[2024-03-26T01:03:05.257+0000] {logging_mixin.py:188} INFO - [2024-03-26T01:03:05.257+0000] {dag.py:3834} INFO - Setting next_dagrun for example_short_circuit_operator to 2024-03-25 00:00:00+00:00, run_after=2024-03-26 00:00:00+00:00
[2024-03-26T01:03:05.265+0000] {processor.py:183} INFO - Processing /home/airflow/.local/lib/python3.8/site-packages/airflow/example_dags/example_short_circuit_operator.py took 0.039 seconds
[2024-03-26T01:06:29.090+0000] {processor.py:161} INFO - Started process (PID=4513) to work on /home/airflow/.local/lib/python3.8/site-packages/airflow/example_dags/example_short_circuit_operator.py
[2024-03-26T01:06:29.094+0000] {processor.py:830} INFO - Processing file /home/airflow/.local/lib/python3.8/site-packages/airflow/example_dags/example_short_circuit_operator.py for tasks to queue
[2024-03-26T01:06:29.101+0000] {logging_mixin.py:188} INFO - [2024-03-26T01:06:29.101+0000] {dagbag.py:540} INFO - Filling up the DagBag from /home/airflow/.local/lib/python3.8/site-packages/airflow/example_dags/example_short_circuit_operator.py
[2024-03-26T01:06:29.110+0000] {processor.py:840} INFO - DAG(s) 'example_short_circuit_operator' retrieved from /home/airflow/.local/lib/python3.8/site-packages/airflow/example_dags/example_short_circuit_operator.py
[2024-03-26T01:06:29.136+0000] {logging_mixin.py:188} INFO - [2024-03-26T01:06:29.136+0000] {dag.py:3047} INFO - Sync 1 DAGs
[2024-03-26T01:06:29.158+0000] {logging_mixin.py:188} INFO - [2024-03-26T01:06:29.158+0000] {dag.py:3834} INFO - Setting next_dagrun for example_short_circuit_operator to 2024-03-25 00:00:00+00:00, run_after=2024-03-26 00:00:00+00:00
[2024-03-26T01:06:29.168+0000] {processor.py:183} INFO - Processing /home/airflow/.local/lib/python3.8/site-packages/airflow/example_dags/example_short_circuit_operator.py took 0.081 seconds
[2024-03-26T01:40:01.192+0000] {processor.py:161} INFO - Started process (PID=4568) to work on /home/airflow/.local/lib/python3.8/site-packages/airflow/example_dags/example_short_circuit_operator.py
[2024-03-26T01:40:01.192+0000] {processor.py:830} INFO - Processing file /home/airflow/.local/lib/python3.8/site-packages/airflow/example_dags/example_short_circuit_operator.py for tasks to queue
[2024-03-26T01:40:01.193+0000] {logging_mixin.py:188} INFO - [2024-03-26T01:40:01.193+0000] {dagbag.py:540} INFO - Filling up the DagBag from /home/airflow/.local/lib/python3.8/site-packages/airflow/example_dags/example_short_circuit_operator.py
[2024-03-26T01:40:01.198+0000] {processor.py:840} INFO - DAG(s) 'example_short_circuit_operator' retrieved from /home/airflow/.local/lib/python3.8/site-packages/airflow/example_dags/example_short_circuit_operator.py
[2024-03-26T01:40:01.214+0000] {logging_mixin.py:188} INFO - [2024-03-26T01:40:01.214+0000] {dag.py:3047} INFO - Sync 1 DAGs
[2024-03-26T01:40:01.225+0000] {logging_mixin.py:188} INFO - [2024-03-26T01:40:01.225+0000] {dag.py:3834} INFO - Setting next_dagrun for example_short_circuit_operator to 2024-03-25 00:00:00+00:00, run_after=2024-03-26 00:00:00+00:00
[2024-03-26T01:40:01.233+0000] {processor.py:183} INFO - Processing /home/airflow/.local/lib/python3.8/site-packages/airflow/example_dags/example_short_circuit_operator.py took 0.044 seconds
[2024-03-26T01:54:00.361+0000] {processor.py:161} INFO - Started process (PID=4623) to work on /home/airflow/.local/lib/python3.8/site-packages/airflow/example_dags/example_short_circuit_operator.py
[2024-03-26T01:54:00.362+0000] {processor.py:830} INFO - Processing file /home/airflow/.local/lib/python3.8/site-packages/airflow/example_dags/example_short_circuit_operator.py for tasks to queue
[2024-03-26T01:54:00.363+0000] {logging_mixin.py:188} INFO - [2024-03-26T01:54:00.363+0000] {dagbag.py:540} INFO - Filling up the DagBag from /home/airflow/.local/lib/python3.8/site-packages/airflow/example_dags/example_short_circuit_operator.py
[2024-03-26T01:54:00.367+0000] {processor.py:840} INFO - DAG(s) 'example_short_circuit_operator' retrieved from /home/airflow/.local/lib/python3.8/site-packages/airflow/example_dags/example_short_circuit_operator.py
[2024-03-26T01:54:00.380+0000] {logging_mixin.py:188} INFO - [2024-03-26T01:54:00.380+0000] {dag.py:3047} INFO - Sync 1 DAGs
[2024-03-26T01:54:00.390+0000] {logging_mixin.py:188} INFO - [2024-03-26T01:54:00.390+0000] {dag.py:3834} INFO - Setting next_dagrun for example_short_circuit_operator to 2024-03-25 00:00:00+00:00, run_after=2024-03-26 00:00:00+00:00
[2024-03-26T01:54:00.397+0000] {processor.py:183} INFO - Processing /home/airflow/.local/lib/python3.8/site-packages/airflow/example_dags/example_short_circuit_operator.py took 0.037 seconds
[2024-03-26T01:54:31.278+0000] {processor.py:161} INFO - Started process (PID=4678) to work on /home/airflow/.local/lib/python3.8/site-packages/airflow/example_dags/example_short_circuit_operator.py
[2024-03-26T01:54:31.279+0000] {processor.py:830} INFO - Processing file /home/airflow/.local/lib/python3.8/site-packages/airflow/example_dags/example_short_circuit_operator.py for tasks to queue
[2024-03-26T01:54:31.280+0000] {logging_mixin.py:188} INFO - [2024-03-26T01:54:31.280+0000] {dagbag.py:540} INFO - Filling up the DagBag from /home/airflow/.local/lib/python3.8/site-packages/airflow/example_dags/example_short_circuit_operator.py
[2024-03-26T01:54:31.285+0000] {processor.py:840} INFO - DAG(s) 'example_short_circuit_operator' retrieved from /home/airflow/.local/lib/python3.8/site-packages/airflow/example_dags/example_short_circuit_operator.py
[2024-03-26T01:54:31.299+0000] {logging_mixin.py:188} INFO - [2024-03-26T01:54:31.299+0000] {dag.py:3047} INFO - Sync 1 DAGs
[2024-03-26T01:54:31.309+0000] {logging_mixin.py:188} INFO - [2024-03-26T01:54:31.309+0000] {dag.py:3834} INFO - Setting next_dagrun for example_short_circuit_operator to 2024-03-25 00:00:00+00:00, run_after=2024-03-26 00:00:00+00:00
[2024-03-26T01:54:31.318+0000] {processor.py:183} INFO - Processing /home/airflow/.local/lib/python3.8/site-packages/airflow/example_dags/example_short_circuit_operator.py took 0.041 seconds
[2024-03-26T01:55:01.992+0000] {processor.py:161} INFO - Started process (PID=4733) to work on /home/airflow/.local/lib/python3.8/site-packages/airflow/example_dags/example_short_circuit_operator.py
[2024-03-26T01:55:01.992+0000] {processor.py:830} INFO - Processing file /home/airflow/.local/lib/python3.8/site-packages/airflow/example_dags/example_short_circuit_operator.py for tasks to queue
[2024-03-26T01:55:01.993+0000] {logging_mixin.py:188} INFO - [2024-03-26T01:55:01.993+0000] {dagbag.py:540} INFO - Filling up the DagBag from /home/airflow/.local/lib/python3.8/site-packages/airflow/example_dags/example_short_circuit_operator.py
[2024-03-26T01:55:01.997+0000] {processor.py:840} INFO - DAG(s) 'example_short_circuit_operator' retrieved from /home/airflow/.local/lib/python3.8/site-packages/airflow/example_dags/example_short_circuit_operator.py
[2024-03-26T01:55:02.011+0000] {logging_mixin.py:188} INFO - [2024-03-26T01:55:02.010+0000] {dag.py:3047} INFO - Sync 1 DAGs
[2024-03-26T01:55:02.020+0000] {logging_mixin.py:188} INFO - [2024-03-26T01:55:02.020+0000] {dag.py:3834} INFO - Setting next_dagrun for example_short_circuit_operator to 2024-03-25 00:00:00+00:00, run_after=2024-03-26 00:00:00+00:00
[2024-03-26T01:55:02.028+0000] {processor.py:183} INFO - Processing /home/airflow/.local/lib/python3.8/site-packages/airflow/example_dags/example_short_circuit_operator.py took 0.039 seconds
[2024-03-26T01:55:32.605+0000] {processor.py:161} INFO - Started process (PID=4788) to work on /home/airflow/.local/lib/python3.8/site-packages/airflow/example_dags/example_short_circuit_operator.py
[2024-03-26T01:55:32.606+0000] {processor.py:830} INFO - Processing file /home/airflow/.local/lib/python3.8/site-packages/airflow/example_dags/example_short_circuit_operator.py for tasks to queue
[2024-03-26T01:55:32.607+0000] {logging_mixin.py:188} INFO - [2024-03-26T01:55:32.607+0000] {dagbag.py:540} INFO - Filling up the DagBag from /home/airflow/.local/lib/python3.8/site-packages/airflow/example_dags/example_short_circuit_operator.py
[2024-03-26T01:55:32.611+0000] {processor.py:840} INFO - DAG(s) 'example_short_circuit_operator' retrieved from /home/airflow/.local/lib/python3.8/site-packages/airflow/example_dags/example_short_circuit_operator.py
[2024-03-26T01:55:32.625+0000] {logging_mixin.py:188} INFO - [2024-03-26T01:55:32.625+0000] {dag.py:3047} INFO - Sync 1 DAGs
[2024-03-26T01:55:32.636+0000] {logging_mixin.py:188} INFO - [2024-03-26T01:55:32.636+0000] {dag.py:3834} INFO - Setting next_dagrun for example_short_circuit_operator to 2024-03-25 00:00:00+00:00, run_after=2024-03-26 00:00:00+00:00
[2024-03-26T01:55:32.644+0000] {processor.py:183} INFO - Processing /home/airflow/.local/lib/python3.8/site-packages/airflow/example_dags/example_short_circuit_operator.py took 0.042 seconds
[2024-03-26T01:56:03.352+0000] {processor.py:161} INFO - Started process (PID=4843) to work on /home/airflow/.local/lib/python3.8/site-packages/airflow/example_dags/example_short_circuit_operator.py
[2024-03-26T01:56:03.352+0000] {processor.py:830} INFO - Processing file /home/airflow/.local/lib/python3.8/site-packages/airflow/example_dags/example_short_circuit_operator.py for tasks to queue
[2024-03-26T01:56:03.353+0000] {logging_mixin.py:188} INFO - [2024-03-26T01:56:03.353+0000] {dagbag.py:540} INFO - Filling up the DagBag from /home/airflow/.local/lib/python3.8/site-packages/airflow/example_dags/example_short_circuit_operator.py
[2024-03-26T01:56:03.358+0000] {processor.py:840} INFO - DAG(s) 'example_short_circuit_operator' retrieved from /home/airflow/.local/lib/python3.8/site-packages/airflow/example_dags/example_short_circuit_operator.py
[2024-03-26T01:56:03.371+0000] {logging_mixin.py:188} INFO - [2024-03-26T01:56:03.371+0000] {dag.py:3047} INFO - Sync 1 DAGs
[2024-03-26T01:56:03.381+0000] {logging_mixin.py:188} INFO - [2024-03-26T01:56:03.381+0000] {dag.py:3834} INFO - Setting next_dagrun for example_short_circuit_operator to 2024-03-25 00:00:00+00:00, run_after=2024-03-26 00:00:00+00:00
[2024-03-26T01:56:03.390+0000] {processor.py:183} INFO - Processing /home/airflow/.local/lib/python3.8/site-packages/airflow/example_dags/example_short_circuit_operator.py took 0.040 seconds
[2024-03-26T01:56:34.070+0000] {processor.py:161} INFO - Started process (PID=4898) to work on /home/airflow/.local/lib/python3.8/site-packages/airflow/example_dags/example_short_circuit_operator.py
[2024-03-26T01:56:34.071+0000] {processor.py:830} INFO - Processing file /home/airflow/.local/lib/python3.8/site-packages/airflow/example_dags/example_short_circuit_operator.py for tasks to queue
[2024-03-26T01:56:34.072+0000] {logging_mixin.py:188} INFO - [2024-03-26T01:56:34.072+0000] {dagbag.py:540} INFO - Filling up the DagBag from /home/airflow/.local/lib/python3.8/site-packages/airflow/example_dags/example_short_circuit_operator.py
[2024-03-26T01:56:34.076+0000] {processor.py:840} INFO - DAG(s) 'example_short_circuit_operator' retrieved from /home/airflow/.local/lib/python3.8/site-packages/airflow/example_dags/example_short_circuit_operator.py
[2024-03-26T01:56:34.089+0000] {logging_mixin.py:188} INFO - [2024-03-26T01:56:34.089+0000] {dag.py:3047} INFO - Sync 1 DAGs
[2024-03-26T01:56:34.098+0000] {logging_mixin.py:188} INFO - [2024-03-26T01:56:34.098+0000] {dag.py:3834} INFO - Setting next_dagrun for example_short_circuit_operator to 2024-03-25 00:00:00+00:00, run_after=2024-03-26 00:00:00+00:00
[2024-03-26T01:56:34.105+0000] {processor.py:183} INFO - Processing /home/airflow/.local/lib/python3.8/site-packages/airflow/example_dags/example_short_circuit_operator.py took 0.037 seconds
[2024-03-26T01:57:04.746+0000] {processor.py:161} INFO - Started process (PID=4953) to work on /home/airflow/.local/lib/python3.8/site-packages/airflow/example_dags/example_short_circuit_operator.py
[2024-03-26T01:57:04.747+0000] {processor.py:830} INFO - Processing file /home/airflow/.local/lib/python3.8/site-packages/airflow/example_dags/example_short_circuit_operator.py for tasks to queue
[2024-03-26T01:57:04.748+0000] {logging_mixin.py:188} INFO - [2024-03-26T01:57:04.747+0000] {dagbag.py:540} INFO - Filling up the DagBag from /home/airflow/.local/lib/python3.8/site-packages/airflow/example_dags/example_short_circuit_operator.py
[2024-03-26T01:57:04.752+0000] {processor.py:840} INFO - DAG(s) 'example_short_circuit_operator' retrieved from /home/airflow/.local/lib/python3.8/site-packages/airflow/example_dags/example_short_circuit_operator.py
[2024-03-26T01:57:04.765+0000] {logging_mixin.py:188} INFO - [2024-03-26T01:57:04.765+0000] {dag.py:3047} INFO - Sync 1 DAGs
[2024-03-26T01:57:04.774+0000] {logging_mixin.py:188} INFO - [2024-03-26T01:57:04.774+0000] {dag.py:3834} INFO - Setting next_dagrun for example_short_circuit_operator to 2024-03-25 00:00:00+00:00, run_after=2024-03-26 00:00:00+00:00
[2024-03-26T01:57:04.782+0000] {processor.py:183} INFO - Processing /home/airflow/.local/lib/python3.8/site-packages/airflow/example_dags/example_short_circuit_operator.py took 0.038 seconds
[2024-03-26T01:57:35.387+0000] {processor.py:161} INFO - Started process (PID=5008) to work on /home/airflow/.local/lib/python3.8/site-packages/airflow/example_dags/example_short_circuit_operator.py
[2024-03-26T01:57:35.388+0000] {processor.py:830} INFO - Processing file /home/airflow/.local/lib/python3.8/site-packages/airflow/example_dags/example_short_circuit_operator.py for tasks to queue
[2024-03-26T01:57:35.389+0000] {logging_mixin.py:188} INFO - [2024-03-26T01:57:35.389+0000] {dagbag.py:540} INFO - Filling up the DagBag from /home/airflow/.local/lib/python3.8/site-packages/airflow/example_dags/example_short_circuit_operator.py
[2024-03-26T01:57:35.394+0000] {processor.py:840} INFO - DAG(s) 'example_short_circuit_operator' retrieved from /home/airflow/.local/lib/python3.8/site-packages/airflow/example_dags/example_short_circuit_operator.py
[2024-03-26T01:57:35.407+0000] {logging_mixin.py:188} INFO - [2024-03-26T01:57:35.407+0000] {dag.py:3047} INFO - Sync 1 DAGs
[2024-03-26T01:57:35.417+0000] {logging_mixin.py:188} INFO - [2024-03-26T01:57:35.417+0000] {dag.py:3834} INFO - Setting next_dagrun for example_short_circuit_operator to 2024-03-25 00:00:00+00:00, run_after=2024-03-26 00:00:00+00:00
[2024-03-26T01:57:35.425+0000] {processor.py:183} INFO - Processing /home/airflow/.local/lib/python3.8/site-packages/airflow/example_dags/example_short_circuit_operator.py took 0.040 seconds
[2024-03-26T01:58:06.127+0000] {processor.py:161} INFO - Started process (PID=5063) to work on /home/airflow/.local/lib/python3.8/site-packages/airflow/example_dags/example_short_circuit_operator.py
[2024-03-26T01:58:06.127+0000] {processor.py:830} INFO - Processing file /home/airflow/.local/lib/python3.8/site-packages/airflow/example_dags/example_short_circuit_operator.py for tasks to queue
[2024-03-26T01:58:06.128+0000] {logging_mixin.py:188} INFO - [2024-03-26T01:58:06.128+0000] {dagbag.py:540} INFO - Filling up the DagBag from /home/airflow/.local/lib/python3.8/site-packages/airflow/example_dags/example_short_circuit_operator.py
[2024-03-26T01:58:06.133+0000] {processor.py:840} INFO - DAG(s) 'example_short_circuit_operator' retrieved from /home/airflow/.local/lib/python3.8/site-packages/airflow/example_dags/example_short_circuit_operator.py
[2024-03-26T01:58:06.147+0000] {logging_mixin.py:188} INFO - [2024-03-26T01:58:06.147+0000] {dag.py:3047} INFO - Sync 1 DAGs
[2024-03-26T01:58:06.156+0000] {logging_mixin.py:188} INFO - [2024-03-26T01:58:06.156+0000] {dag.py:3834} INFO - Setting next_dagrun for example_short_circuit_operator to 2024-03-25 00:00:00+00:00, run_after=2024-03-26 00:00:00+00:00
[2024-03-26T01:58:06.163+0000] {processor.py:183} INFO - Processing /home/airflow/.local/lib/python3.8/site-packages/airflow/example_dags/example_short_circuit_operator.py took 0.038 seconds
[2024-03-26T01:58:36.835+0000] {processor.py:161} INFO - Started process (PID=5124) to work on /home/airflow/.local/lib/python3.8/site-packages/airflow/example_dags/example_short_circuit_operator.py
[2024-03-26T01:58:36.836+0000] {processor.py:830} INFO - Processing file /home/airflow/.local/lib/python3.8/site-packages/airflow/example_dags/example_short_circuit_operator.py for tasks to queue
[2024-03-26T01:58:36.838+0000] {logging_mixin.py:188} INFO - [2024-03-26T01:58:36.838+0000] {dagbag.py:540} INFO - Filling up the DagBag from /home/airflow/.local/lib/python3.8/site-packages/airflow/example_dags/example_short_circuit_operator.py
[2024-03-26T01:58:36.842+0000] {processor.py:840} INFO - DAG(s) 'example_short_circuit_operator' retrieved from /home/airflow/.local/lib/python3.8/site-packages/airflow/example_dags/example_short_circuit_operator.py
[2024-03-26T01:58:36.857+0000] {logging_mixin.py:188} INFO - [2024-03-26T01:58:36.857+0000] {dag.py:3047} INFO - Sync 1 DAGs
[2024-03-26T01:58:36.868+0000] {logging_mixin.py:188} INFO - [2024-03-26T01:58:36.867+0000] {dag.py:3834} INFO - Setting next_dagrun for example_short_circuit_operator to 2024-03-25 00:00:00+00:00, run_after=2024-03-26 00:00:00+00:00
[2024-03-26T01:58:36.876+0000] {processor.py:183} INFO - Processing /home/airflow/.local/lib/python3.8/site-packages/airflow/example_dags/example_short_circuit_operator.py took 0.045 seconds
[2024-03-26T01:59:07.615+0000] {processor.py:161} INFO - Started process (PID=5179) to work on /home/airflow/.local/lib/python3.8/site-packages/airflow/example_dags/example_short_circuit_operator.py
[2024-03-26T01:59:07.615+0000] {processor.py:830} INFO - Processing file /home/airflow/.local/lib/python3.8/site-packages/airflow/example_dags/example_short_circuit_operator.py for tasks to queue
[2024-03-26T01:59:07.616+0000] {logging_mixin.py:188} INFO - [2024-03-26T01:59:07.616+0000] {dagbag.py:540} INFO - Filling up the DagBag from /home/airflow/.local/lib/python3.8/site-packages/airflow/example_dags/example_short_circuit_operator.py
[2024-03-26T01:59:07.621+0000] {processor.py:840} INFO - DAG(s) 'example_short_circuit_operator' retrieved from /home/airflow/.local/lib/python3.8/site-packages/airflow/example_dags/example_short_circuit_operator.py
[2024-03-26T01:59:07.635+0000] {logging_mixin.py:188} INFO - [2024-03-26T01:59:07.634+0000] {dag.py:3047} INFO - Sync 1 DAGs
[2024-03-26T01:59:07.644+0000] {logging_mixin.py:188} INFO - [2024-03-26T01:59:07.644+0000] {dag.py:3834} INFO - Setting next_dagrun for example_short_circuit_operator to 2024-03-25 00:00:00+00:00, run_after=2024-03-26 00:00:00+00:00
[2024-03-26T01:59:07.651+0000] {processor.py:183} INFO - Processing /home/airflow/.local/lib/python3.8/site-packages/airflow/example_dags/example_short_circuit_operator.py took 0.039 seconds
[2024-03-26T01:59:38.415+0000] {processor.py:161} INFO - Started process (PID=5234) to work on /home/airflow/.local/lib/python3.8/site-packages/airflow/example_dags/example_short_circuit_operator.py
[2024-03-26T01:59:38.416+0000] {processor.py:830} INFO - Processing file /home/airflow/.local/lib/python3.8/site-packages/airflow/example_dags/example_short_circuit_operator.py for tasks to queue
[2024-03-26T01:59:38.417+0000] {logging_mixin.py:188} INFO - [2024-03-26T01:59:38.417+0000] {dagbag.py:540} INFO - Filling up the DagBag from /home/airflow/.local/lib/python3.8/site-packages/airflow/example_dags/example_short_circuit_operator.py
[2024-03-26T01:59:38.422+0000] {processor.py:840} INFO - DAG(s) 'example_short_circuit_operator' retrieved from /home/airflow/.local/lib/python3.8/site-packages/airflow/example_dags/example_short_circuit_operator.py
[2024-03-26T01:59:38.436+0000] {logging_mixin.py:188} INFO - [2024-03-26T01:59:38.436+0000] {dag.py:3047} INFO - Sync 1 DAGs
[2024-03-26T01:59:38.447+0000] {logging_mixin.py:188} INFO - [2024-03-26T01:59:38.447+0000] {dag.py:3834} INFO - Setting next_dagrun for example_short_circuit_operator to 2024-03-25 00:00:00+00:00, run_after=2024-03-26 00:00:00+00:00
[2024-03-26T01:59:38.455+0000] {processor.py:183} INFO - Processing /home/airflow/.local/lib/python3.8/site-packages/airflow/example_dags/example_short_circuit_operator.py took 0.043 seconds
[2024-03-26T02:00:09.256+0000] {processor.py:161} INFO - Started process (PID=5289) to work on /home/airflow/.local/lib/python3.8/site-packages/airflow/example_dags/example_short_circuit_operator.py
[2024-03-26T02:00:09.256+0000] {processor.py:830} INFO - Processing file /home/airflow/.local/lib/python3.8/site-packages/airflow/example_dags/example_short_circuit_operator.py for tasks to queue
[2024-03-26T02:00:09.257+0000] {logging_mixin.py:188} INFO - [2024-03-26T02:00:09.257+0000] {dagbag.py:540} INFO - Filling up the DagBag from /home/airflow/.local/lib/python3.8/site-packages/airflow/example_dags/example_short_circuit_operator.py
[2024-03-26T02:00:09.262+0000] {processor.py:840} INFO - DAG(s) 'example_short_circuit_operator' retrieved from /home/airflow/.local/lib/python3.8/site-packages/airflow/example_dags/example_short_circuit_operator.py
[2024-03-26T02:00:09.276+0000] {logging_mixin.py:188} INFO - [2024-03-26T02:00:09.276+0000] {dag.py:3047} INFO - Sync 1 DAGs
[2024-03-26T02:00:09.286+0000] {logging_mixin.py:188} INFO - [2024-03-26T02:00:09.286+0000] {dag.py:3834} INFO - Setting next_dagrun for example_short_circuit_operator to 2024-03-25 00:00:00+00:00, run_after=2024-03-26 00:00:00+00:00
[2024-03-26T02:00:09.295+0000] {processor.py:183} INFO - Processing /home/airflow/.local/lib/python3.8/site-packages/airflow/example_dags/example_short_circuit_operator.py took 0.041 seconds
[2024-03-26T02:00:39.861+0000] {processor.py:161} INFO - Started process (PID=5344) to work on /home/airflow/.local/lib/python3.8/site-packages/airflow/example_dags/example_short_circuit_operator.py
[2024-03-26T02:00:39.861+0000] {processor.py:830} INFO - Processing file /home/airflow/.local/lib/python3.8/site-packages/airflow/example_dags/example_short_circuit_operator.py for tasks to queue
[2024-03-26T02:00:39.862+0000] {logging_mixin.py:188} INFO - [2024-03-26T02:00:39.862+0000] {dagbag.py:540} INFO - Filling up the DagBag from /home/airflow/.local/lib/python3.8/site-packages/airflow/example_dags/example_short_circuit_operator.py
[2024-03-26T02:00:39.867+0000] {processor.py:840} INFO - DAG(s) 'example_short_circuit_operator' retrieved from /home/airflow/.local/lib/python3.8/site-packages/airflow/example_dags/example_short_circuit_operator.py
[2024-03-26T02:00:39.880+0000] {logging_mixin.py:188} INFO - [2024-03-26T02:00:39.880+0000] {dag.py:3047} INFO - Sync 1 DAGs
[2024-03-26T02:00:39.889+0000] {logging_mixin.py:188} INFO - [2024-03-26T02:00:39.889+0000] {dag.py:3834} INFO - Setting next_dagrun for example_short_circuit_operator to 2024-03-25 00:00:00+00:00, run_after=2024-03-26 00:00:00+00:00
[2024-03-26T02:00:39.897+0000] {processor.py:183} INFO - Processing /home/airflow/.local/lib/python3.8/site-packages/airflow/example_dags/example_short_circuit_operator.py took 0.038 seconds
[2024-03-26T02:01:10.667+0000] {processor.py:161} INFO - Started process (PID=5399) to work on /home/airflow/.local/lib/python3.8/site-packages/airflow/example_dags/example_short_circuit_operator.py
[2024-03-26T02:01:10.667+0000] {processor.py:830} INFO - Processing file /home/airflow/.local/lib/python3.8/site-packages/airflow/example_dags/example_short_circuit_operator.py for tasks to queue
[2024-03-26T02:01:10.668+0000] {logging_mixin.py:188} INFO - [2024-03-26T02:01:10.668+0000] {dagbag.py:540} INFO - Filling up the DagBag from /home/airflow/.local/lib/python3.8/site-packages/airflow/example_dags/example_short_circuit_operator.py
[2024-03-26T02:01:10.672+0000] {processor.py:840} INFO - DAG(s) 'example_short_circuit_operator' retrieved from /home/airflow/.local/lib/python3.8/site-packages/airflow/example_dags/example_short_circuit_operator.py
[2024-03-26T02:01:10.686+0000] {logging_mixin.py:188} INFO - [2024-03-26T02:01:10.686+0000] {dag.py:3047} INFO - Sync 1 DAGs
[2024-03-26T02:01:10.696+0000] {logging_mixin.py:188} INFO - [2024-03-26T02:01:10.696+0000] {dag.py:3834} INFO - Setting next_dagrun for example_short_circuit_operator to 2024-03-25 00:00:00+00:00, run_after=2024-03-26 00:00:00+00:00
[2024-03-26T02:01:10.703+0000] {processor.py:183} INFO - Processing /home/airflow/.local/lib/python3.8/site-packages/airflow/example_dags/example_short_circuit_operator.py took 0.038 seconds
[2024-03-26T02:01:41.226+0000] {processor.py:161} INFO - Started process (PID=5454) to work on /home/airflow/.local/lib/python3.8/site-packages/airflow/example_dags/example_short_circuit_operator.py
[2024-03-26T02:01:41.227+0000] {processor.py:830} INFO - Processing file /home/airflow/.local/lib/python3.8/site-packages/airflow/example_dags/example_short_circuit_operator.py for tasks to queue
[2024-03-26T02:01:41.228+0000] {logging_mixin.py:188} INFO - [2024-03-26T02:01:41.228+0000] {dagbag.py:540} INFO - Filling up the DagBag from /home/airflow/.local/lib/python3.8/site-packages/airflow/example_dags/example_short_circuit_operator.py
[2024-03-26T02:01:41.232+0000] {processor.py:840} INFO - DAG(s) 'example_short_circuit_operator' retrieved from /home/airflow/.local/lib/python3.8/site-packages/airflow/example_dags/example_short_circuit_operator.py
[2024-03-26T02:01:41.245+0000] {logging_mixin.py:188} INFO - [2024-03-26T02:01:41.245+0000] {dag.py:3047} INFO - Sync 1 DAGs
[2024-03-26T02:01:41.255+0000] {logging_mixin.py:188} INFO - [2024-03-26T02:01:41.255+0000] {dag.py:3834} INFO - Setting next_dagrun for example_short_circuit_operator to 2024-03-25 00:00:00+00:00, run_after=2024-03-26 00:00:00+00:00
[2024-03-26T02:01:41.262+0000] {processor.py:183} INFO - Processing /home/airflow/.local/lib/python3.8/site-packages/airflow/example_dags/example_short_circuit_operator.py took 0.038 seconds
[2024-03-26T02:02:11.802+0000] {processor.py:161} INFO - Started process (PID=5509) to work on /home/airflow/.local/lib/python3.8/site-packages/airflow/example_dags/example_short_circuit_operator.py
[2024-03-26T02:02:11.803+0000] {processor.py:830} INFO - Processing file /home/airflow/.local/lib/python3.8/site-packages/airflow/example_dags/example_short_circuit_operator.py for tasks to queue
[2024-03-26T02:02:11.804+0000] {logging_mixin.py:188} INFO - [2024-03-26T02:02:11.804+0000] {dagbag.py:540} INFO - Filling up the DagBag from /home/airflow/.local/lib/python3.8/site-packages/airflow/example_dags/example_short_circuit_operator.py
[2024-03-26T02:02:11.808+0000] {processor.py:840} INFO - DAG(s) 'example_short_circuit_operator' retrieved from /home/airflow/.local/lib/python3.8/site-packages/airflow/example_dags/example_short_circuit_operator.py
[2024-03-26T02:02:11.822+0000] {logging_mixin.py:188} INFO - [2024-03-26T02:02:11.822+0000] {dag.py:3047} INFO - Sync 1 DAGs
[2024-03-26T02:02:11.832+0000] {logging_mixin.py:188} INFO - [2024-03-26T02:02:11.832+0000] {dag.py:3834} INFO - Setting next_dagrun for example_short_circuit_operator to 2024-03-25 00:00:00+00:00, run_after=2024-03-26 00:00:00+00:00
[2024-03-26T02:02:11.841+0000] {processor.py:183} INFO - Processing /home/airflow/.local/lib/python3.8/site-packages/airflow/example_dags/example_short_circuit_operator.py took 0.041 seconds
[2024-03-26T02:02:42.650+0000] {processor.py:161} INFO - Started process (PID=5564) to work on /home/airflow/.local/lib/python3.8/site-packages/airflow/example_dags/example_short_circuit_operator.py
[2024-03-26T02:02:42.651+0000] {processor.py:830} INFO - Processing file /home/airflow/.local/lib/python3.8/site-packages/airflow/example_dags/example_short_circuit_operator.py for tasks to queue
[2024-03-26T02:02:42.652+0000] {logging_mixin.py:188} INFO - [2024-03-26T02:02:42.651+0000] {dagbag.py:540} INFO - Filling up the DagBag from /home/airflow/.local/lib/python3.8/site-packages/airflow/example_dags/example_short_circuit_operator.py
[2024-03-26T02:02:42.657+0000] {processor.py:840} INFO - DAG(s) 'example_short_circuit_operator' retrieved from /home/airflow/.local/lib/python3.8/site-packages/airflow/example_dags/example_short_circuit_operator.py
[2024-03-26T02:02:42.672+0000] {logging_mixin.py:188} INFO - [2024-03-26T02:02:42.672+0000] {dag.py:3047} INFO - Sync 1 DAGs
[2024-03-26T02:02:42.682+0000] {logging_mixin.py:188} INFO - [2024-03-26T02:02:42.682+0000] {dag.py:3834} INFO - Setting next_dagrun for example_short_circuit_operator to 2024-03-25 00:00:00+00:00, run_after=2024-03-26 00:00:00+00:00
[2024-03-26T02:02:42.690+0000] {processor.py:183} INFO - Processing /home/airflow/.local/lib/python3.8/site-packages/airflow/example_dags/example_short_circuit_operator.py took 0.042 seconds
[2024-03-26T02:03:13.367+0000] {processor.py:161} INFO - Started process (PID=5619) to work on /home/airflow/.local/lib/python3.8/site-packages/airflow/example_dags/example_short_circuit_operator.py
[2024-03-26T02:03:13.368+0000] {processor.py:830} INFO - Processing file /home/airflow/.local/lib/python3.8/site-packages/airflow/example_dags/example_short_circuit_operator.py for tasks to queue
[2024-03-26T02:03:13.369+0000] {logging_mixin.py:188} INFO - [2024-03-26T02:03:13.369+0000] {dagbag.py:540} INFO - Filling up the DagBag from /home/airflow/.local/lib/python3.8/site-packages/airflow/example_dags/example_short_circuit_operator.py
[2024-03-26T02:03:13.373+0000] {processor.py:840} INFO - DAG(s) 'example_short_circuit_operator' retrieved from /home/airflow/.local/lib/python3.8/site-packages/airflow/example_dags/example_short_circuit_operator.py
[2024-03-26T02:03:13.387+0000] {logging_mixin.py:188} INFO - [2024-03-26T02:03:13.387+0000] {dag.py:3047} INFO - Sync 1 DAGs
[2024-03-26T02:03:13.397+0000] {logging_mixin.py:188} INFO - [2024-03-26T02:03:13.397+0000] {dag.py:3834} INFO - Setting next_dagrun for example_short_circuit_operator to 2024-03-25 00:00:00+00:00, run_after=2024-03-26 00:00:00+00:00
[2024-03-26T02:03:13.405+0000] {processor.py:183} INFO - Processing /home/airflow/.local/lib/python3.8/site-packages/airflow/example_dags/example_short_circuit_operator.py took 0.040 seconds
[2024-03-26T02:03:44.274+0000] {processor.py:161} INFO - Started process (PID=5674) to work on /home/airflow/.local/lib/python3.8/site-packages/airflow/example_dags/example_short_circuit_operator.py
[2024-03-26T02:03:44.275+0000] {processor.py:830} INFO - Processing file /home/airflow/.local/lib/python3.8/site-packages/airflow/example_dags/example_short_circuit_operator.py for tasks to queue
[2024-03-26T02:03:44.276+0000] {logging_mixin.py:188} INFO - [2024-03-26T02:03:44.276+0000] {dagbag.py:540} INFO - Filling up the DagBag from /home/airflow/.local/lib/python3.8/site-packages/airflow/example_dags/example_short_circuit_operator.py
[2024-03-26T02:03:44.280+0000] {processor.py:840} INFO - DAG(s) 'example_short_circuit_operator' retrieved from /home/airflow/.local/lib/python3.8/site-packages/airflow/example_dags/example_short_circuit_operator.py
[2024-03-26T02:03:44.294+0000] {logging_mixin.py:188} INFO - [2024-03-26T02:03:44.294+0000] {dag.py:3047} INFO - Sync 1 DAGs
[2024-03-26T02:03:44.304+0000] {logging_mixin.py:188} INFO - [2024-03-26T02:03:44.304+0000] {dag.py:3834} INFO - Setting next_dagrun for example_short_circuit_operator to 2024-03-25 00:00:00+00:00, run_after=2024-03-26 00:00:00+00:00
[2024-03-26T02:03:44.314+0000] {processor.py:183} INFO - Processing /home/airflow/.local/lib/python3.8/site-packages/airflow/example_dags/example_short_circuit_operator.py took 0.042 seconds
[2024-03-26T02:04:14.898+0000] {processor.py:161} INFO - Started process (PID=5729) to work on /home/airflow/.local/lib/python3.8/site-packages/airflow/example_dags/example_short_circuit_operator.py
[2024-03-26T02:04:14.899+0000] {processor.py:830} INFO - Processing file /home/airflow/.local/lib/python3.8/site-packages/airflow/example_dags/example_short_circuit_operator.py for tasks to queue
[2024-03-26T02:04:14.900+0000] {logging_mixin.py:188} INFO - [2024-03-26T02:04:14.899+0000] {dagbag.py:540} INFO - Filling up the DagBag from /home/airflow/.local/lib/python3.8/site-packages/airflow/example_dags/example_short_circuit_operator.py
[2024-03-26T02:04:14.904+0000] {processor.py:840} INFO - DAG(s) 'example_short_circuit_operator' retrieved from /home/airflow/.local/lib/python3.8/site-packages/airflow/example_dags/example_short_circuit_operator.py
[2024-03-26T02:04:14.917+0000] {logging_mixin.py:188} INFO - [2024-03-26T02:04:14.917+0000] {dag.py:3047} INFO - Sync 1 DAGs
[2024-03-26T02:04:14.928+0000] {logging_mixin.py:188} INFO - [2024-03-26T02:04:14.928+0000] {dag.py:3834} INFO - Setting next_dagrun for example_short_circuit_operator to 2024-03-25 00:00:00+00:00, run_after=2024-03-26 00:00:00+00:00
[2024-03-26T02:04:14.938+0000] {processor.py:183} INFO - Processing /home/airflow/.local/lib/python3.8/site-packages/airflow/example_dags/example_short_circuit_operator.py took 0.042 seconds
[2024-03-26T02:04:45.598+0000] {processor.py:161} INFO - Started process (PID=5784) to work on /home/airflow/.local/lib/python3.8/site-packages/airflow/example_dags/example_short_circuit_operator.py
[2024-03-26T02:04:45.598+0000] {processor.py:830} INFO - Processing file /home/airflow/.local/lib/python3.8/site-packages/airflow/example_dags/example_short_circuit_operator.py for tasks to queue
[2024-03-26T02:04:45.599+0000] {logging_mixin.py:188} INFO - [2024-03-26T02:04:45.599+0000] {dagbag.py:540} INFO - Filling up the DagBag from /home/airflow/.local/lib/python3.8/site-packages/airflow/example_dags/example_short_circuit_operator.py
[2024-03-26T02:04:45.603+0000] {processor.py:840} INFO - DAG(s) 'example_short_circuit_operator' retrieved from /home/airflow/.local/lib/python3.8/site-packages/airflow/example_dags/example_short_circuit_operator.py
[2024-03-26T02:04:45.616+0000] {logging_mixin.py:188} INFO - [2024-03-26T02:04:45.616+0000] {dag.py:3047} INFO - Sync 1 DAGs
[2024-03-26T02:04:45.626+0000] {logging_mixin.py:188} INFO - [2024-03-26T02:04:45.625+0000] {dag.py:3834} INFO - Setting next_dagrun for example_short_circuit_operator to 2024-03-25 00:00:00+00:00, run_after=2024-03-26 00:00:00+00:00
[2024-03-26T02:04:45.633+0000] {processor.py:183} INFO - Processing /home/airflow/.local/lib/python3.8/site-packages/airflow/example_dags/example_short_circuit_operator.py took 0.037 seconds
[2024-03-26T02:05:16.278+0000] {processor.py:161} INFO - Started process (PID=5839) to work on /home/airflow/.local/lib/python3.8/site-packages/airflow/example_dags/example_short_circuit_operator.py
[2024-03-26T02:05:16.279+0000] {processor.py:830} INFO - Processing file /home/airflow/.local/lib/python3.8/site-packages/airflow/example_dags/example_short_circuit_operator.py for tasks to queue
[2024-03-26T02:05:16.280+0000] {logging_mixin.py:188} INFO - [2024-03-26T02:05:16.280+0000] {dagbag.py:540} INFO - Filling up the DagBag from /home/airflow/.local/lib/python3.8/site-packages/airflow/example_dags/example_short_circuit_operator.py
[2024-03-26T02:05:16.284+0000] {processor.py:840} INFO - DAG(s) 'example_short_circuit_operator' retrieved from /home/airflow/.local/lib/python3.8/site-packages/airflow/example_dags/example_short_circuit_operator.py
[2024-03-26T02:05:16.298+0000] {logging_mixin.py:188} INFO - [2024-03-26T02:05:16.298+0000] {dag.py:3047} INFO - Sync 1 DAGs
[2024-03-26T02:05:16.307+0000] {logging_mixin.py:188} INFO - [2024-03-26T02:05:16.307+0000] {dag.py:3834} INFO - Setting next_dagrun for example_short_circuit_operator to 2024-03-25 00:00:00+00:00, run_after=2024-03-26 00:00:00+00:00
[2024-03-26T02:05:16.315+0000] {processor.py:183} INFO - Processing /home/airflow/.local/lib/python3.8/site-packages/airflow/example_dags/example_short_circuit_operator.py took 0.039 seconds
[2024-03-26T02:05:46.942+0000] {processor.py:161} INFO - Started process (PID=5894) to work on /home/airflow/.local/lib/python3.8/site-packages/airflow/example_dags/example_short_circuit_operator.py
[2024-03-26T02:05:46.942+0000] {processor.py:830} INFO - Processing file /home/airflow/.local/lib/python3.8/site-packages/airflow/example_dags/example_short_circuit_operator.py for tasks to queue
[2024-03-26T02:05:46.943+0000] {logging_mixin.py:188} INFO - [2024-03-26T02:05:46.943+0000] {dagbag.py:540} INFO - Filling up the DagBag from /home/airflow/.local/lib/python3.8/site-packages/airflow/example_dags/example_short_circuit_operator.py
[2024-03-26T02:05:46.947+0000] {processor.py:840} INFO - DAG(s) 'example_short_circuit_operator' retrieved from /home/airflow/.local/lib/python3.8/site-packages/airflow/example_dags/example_short_circuit_operator.py
[2024-03-26T02:05:46.961+0000] {logging_mixin.py:188} INFO - [2024-03-26T02:05:46.961+0000] {dag.py:3047} INFO - Sync 1 DAGs
[2024-03-26T02:05:46.970+0000] {logging_mixin.py:188} INFO - [2024-03-26T02:05:46.970+0000] {dag.py:3834} INFO - Setting next_dagrun for example_short_circuit_operator to 2024-03-25 00:00:00+00:00, run_after=2024-03-26 00:00:00+00:00
[2024-03-26T02:05:46.977+0000] {processor.py:183} INFO - Processing /home/airflow/.local/lib/python3.8/site-packages/airflow/example_dags/example_short_circuit_operator.py took 0.038 seconds
[2024-03-26T02:06:17.720+0000] {processor.py:161} INFO - Started process (PID=5949) to work on /home/airflow/.local/lib/python3.8/site-packages/airflow/example_dags/example_short_circuit_operator.py
[2024-03-26T02:06:17.720+0000] {processor.py:830} INFO - Processing file /home/airflow/.local/lib/python3.8/site-packages/airflow/example_dags/example_short_circuit_operator.py for tasks to queue
[2024-03-26T02:06:17.722+0000] {logging_mixin.py:188} INFO - [2024-03-26T02:06:17.721+0000] {dagbag.py:540} INFO - Filling up the DagBag from /home/airflow/.local/lib/python3.8/site-packages/airflow/example_dags/example_short_circuit_operator.py
[2024-03-26T02:06:17.726+0000] {processor.py:840} INFO - DAG(s) 'example_short_circuit_operator' retrieved from /home/airflow/.local/lib/python3.8/site-packages/airflow/example_dags/example_short_circuit_operator.py
[2024-03-26T02:06:17.741+0000] {logging_mixin.py:188} INFO - [2024-03-26T02:06:17.740+0000] {dag.py:3047} INFO - Sync 1 DAGs
[2024-03-26T02:06:17.751+0000] {logging_mixin.py:188} INFO - [2024-03-26T02:06:17.750+0000] {dag.py:3834} INFO - Setting next_dagrun for example_short_circuit_operator to 2024-03-25 00:00:00+00:00, run_after=2024-03-26 00:00:00+00:00
[2024-03-26T02:06:17.758+0000] {processor.py:183} INFO - Processing /home/airflow/.local/lib/python3.8/site-packages/airflow/example_dags/example_short_circuit_operator.py took 0.041 seconds
[2024-03-26T02:06:48.356+0000] {processor.py:161} INFO - Started process (PID=6004) to work on /home/airflow/.local/lib/python3.8/site-packages/airflow/example_dags/example_short_circuit_operator.py
[2024-03-26T02:06:48.356+0000] {processor.py:830} INFO - Processing file /home/airflow/.local/lib/python3.8/site-packages/airflow/example_dags/example_short_circuit_operator.py for tasks to queue
[2024-03-26T02:06:48.358+0000] {logging_mixin.py:188} INFO - [2024-03-26T02:06:48.358+0000] {dagbag.py:540} INFO - Filling up the DagBag from /home/airflow/.local/lib/python3.8/site-packages/airflow/example_dags/example_short_circuit_operator.py
[2024-03-26T02:06:48.363+0000] {processor.py:840} INFO - DAG(s) 'example_short_circuit_operator' retrieved from /home/airflow/.local/lib/python3.8/site-packages/airflow/example_dags/example_short_circuit_operator.py
[2024-03-26T02:06:48.377+0000] {logging_mixin.py:188} INFO - [2024-03-26T02:06:48.377+0000] {dag.py:3047} INFO - Sync 1 DAGs
[2024-03-26T02:06:48.388+0000] {logging_mixin.py:188} INFO - [2024-03-26T02:06:48.388+0000] {dag.py:3834} INFO - Setting next_dagrun for example_short_circuit_operator to 2024-03-25 00:00:00+00:00, run_after=2024-03-26 00:00:00+00:00
[2024-03-26T02:06:48.397+0000] {processor.py:183} INFO - Processing /home/airflow/.local/lib/python3.8/site-packages/airflow/example_dags/example_short_circuit_operator.py took 0.043 seconds
[2024-03-26T02:07:19.057+0000] {processor.py:161} INFO - Started process (PID=6059) to work on /home/airflow/.local/lib/python3.8/site-packages/airflow/example_dags/example_short_circuit_operator.py
[2024-03-26T02:07:19.058+0000] {processor.py:830} INFO - Processing file /home/airflow/.local/lib/python3.8/site-packages/airflow/example_dags/example_short_circuit_operator.py for tasks to queue
[2024-03-26T02:07:19.059+0000] {logging_mixin.py:188} INFO - [2024-03-26T02:07:19.058+0000] {dagbag.py:540} INFO - Filling up the DagBag from /home/airflow/.local/lib/python3.8/site-packages/airflow/example_dags/example_short_circuit_operator.py
[2024-03-26T02:07:19.063+0000] {processor.py:840} INFO - DAG(s) 'example_short_circuit_operator' retrieved from /home/airflow/.local/lib/python3.8/site-packages/airflow/example_dags/example_short_circuit_operator.py
[2024-03-26T02:07:19.076+0000] {logging_mixin.py:188} INFO - [2024-03-26T02:07:19.076+0000] {dag.py:3047} INFO - Sync 1 DAGs
[2024-03-26T02:07:19.086+0000] {logging_mixin.py:188} INFO - [2024-03-26T02:07:19.086+0000] {dag.py:3834} INFO - Setting next_dagrun for example_short_circuit_operator to 2024-03-25 00:00:00+00:00, run_after=2024-03-26 00:00:00+00:00
[2024-03-26T02:07:19.093+0000] {processor.py:183} INFO - Processing /home/airflow/.local/lib/python3.8/site-packages/airflow/example_dags/example_short_circuit_operator.py took 0.038 seconds
[2024-03-26T02:07:49.592+0000] {processor.py:161} INFO - Started process (PID=6114) to work on /home/airflow/.local/lib/python3.8/site-packages/airflow/example_dags/example_short_circuit_operator.py
[2024-03-26T02:07:49.592+0000] {processor.py:830} INFO - Processing file /home/airflow/.local/lib/python3.8/site-packages/airflow/example_dags/example_short_circuit_operator.py for tasks to queue
[2024-03-26T02:07:49.593+0000] {logging_mixin.py:188} INFO - [2024-03-26T02:07:49.593+0000] {dagbag.py:540} INFO - Filling up the DagBag from /home/airflow/.local/lib/python3.8/site-packages/airflow/example_dags/example_short_circuit_operator.py
[2024-03-26T02:07:49.597+0000] {processor.py:840} INFO - DAG(s) 'example_short_circuit_operator' retrieved from /home/airflow/.local/lib/python3.8/site-packages/airflow/example_dags/example_short_circuit_operator.py
[2024-03-26T02:07:49.611+0000] {logging_mixin.py:188} INFO - [2024-03-26T02:07:49.610+0000] {dag.py:3047} INFO - Sync 1 DAGs
[2024-03-26T02:07:49.620+0000] {logging_mixin.py:188} INFO - [2024-03-26T02:07:49.620+0000] {dag.py:3834} INFO - Setting next_dagrun for example_short_circuit_operator to 2024-03-25 00:00:00+00:00, run_after=2024-03-26 00:00:00+00:00
[2024-03-26T02:07:49.627+0000] {processor.py:183} INFO - Processing /home/airflow/.local/lib/python3.8/site-packages/airflow/example_dags/example_short_circuit_operator.py took 0.037 seconds
[2024-03-26T02:08:20.308+0000] {processor.py:161} INFO - Started process (PID=6169) to work on /home/airflow/.local/lib/python3.8/site-packages/airflow/example_dags/example_short_circuit_operator.py
[2024-03-26T02:08:20.309+0000] {processor.py:830} INFO - Processing file /home/airflow/.local/lib/python3.8/site-packages/airflow/example_dags/example_short_circuit_operator.py for tasks to queue
[2024-03-26T02:08:20.310+0000] {logging_mixin.py:188} INFO - [2024-03-26T02:08:20.310+0000] {dagbag.py:540} INFO - Filling up the DagBag from /home/airflow/.local/lib/python3.8/site-packages/airflow/example_dags/example_short_circuit_operator.py
[2024-03-26T02:08:20.314+0000] {processor.py:840} INFO - DAG(s) 'example_short_circuit_operator' retrieved from /home/airflow/.local/lib/python3.8/site-packages/airflow/example_dags/example_short_circuit_operator.py
[2024-03-26T02:08:20.328+0000] {logging_mixin.py:188} INFO - [2024-03-26T02:08:20.328+0000] {dag.py:3047} INFO - Sync 1 DAGs
[2024-03-26T02:08:20.337+0000] {logging_mixin.py:188} INFO - [2024-03-26T02:08:20.337+0000] {dag.py:3834} INFO - Setting next_dagrun for example_short_circuit_operator to 2024-03-25 00:00:00+00:00, run_after=2024-03-26 00:00:00+00:00
[2024-03-26T02:08:20.345+0000] {processor.py:183} INFO - Processing /home/airflow/.local/lib/python3.8/site-packages/airflow/example_dags/example_short_circuit_operator.py took 0.039 seconds
[2024-03-26T02:08:50.891+0000] {processor.py:161} INFO - Started process (PID=6224) to work on /home/airflow/.local/lib/python3.8/site-packages/airflow/example_dags/example_short_circuit_operator.py
[2024-03-26T02:08:50.891+0000] {processor.py:830} INFO - Processing file /home/airflow/.local/lib/python3.8/site-packages/airflow/example_dags/example_short_circuit_operator.py for tasks to queue
[2024-03-26T02:08:50.892+0000] {logging_mixin.py:188} INFO - [2024-03-26T02:08:50.892+0000] {dagbag.py:540} INFO - Filling up the DagBag from /home/airflow/.local/lib/python3.8/site-packages/airflow/example_dags/example_short_circuit_operator.py
[2024-03-26T02:08:50.897+0000] {processor.py:840} INFO - DAG(s) 'example_short_circuit_operator' retrieved from /home/airflow/.local/lib/python3.8/site-packages/airflow/example_dags/example_short_circuit_operator.py
[2024-03-26T02:08:50.911+0000] {logging_mixin.py:188} INFO - [2024-03-26T02:08:50.911+0000] {dag.py:3047} INFO - Sync 1 DAGs
[2024-03-26T02:08:50.922+0000] {logging_mixin.py:188} INFO - [2024-03-26T02:08:50.921+0000] {dag.py:3834} INFO - Setting next_dagrun for example_short_circuit_operator to 2024-03-25 00:00:00+00:00, run_after=2024-03-26 00:00:00+00:00
[2024-03-26T02:08:50.931+0000] {processor.py:183} INFO - Processing /home/airflow/.local/lib/python3.8/site-packages/airflow/example_dags/example_short_circuit_operator.py took 0.043 seconds
[2024-03-26T02:09:21.755+0000] {processor.py:161} INFO - Started process (PID=6279) to work on /home/airflow/.local/lib/python3.8/site-packages/airflow/example_dags/example_short_circuit_operator.py
[2024-03-26T02:09:21.755+0000] {processor.py:830} INFO - Processing file /home/airflow/.local/lib/python3.8/site-packages/airflow/example_dags/example_short_circuit_operator.py for tasks to queue
[2024-03-26T02:09:21.757+0000] {logging_mixin.py:188} INFO - [2024-03-26T02:09:21.756+0000] {dagbag.py:540} INFO - Filling up the DagBag from /home/airflow/.local/lib/python3.8/site-packages/airflow/example_dags/example_short_circuit_operator.py
[2024-03-26T02:09:21.761+0000] {processor.py:840} INFO - DAG(s) 'example_short_circuit_operator' retrieved from /home/airflow/.local/lib/python3.8/site-packages/airflow/example_dags/example_short_circuit_operator.py
[2024-03-26T02:09:21.781+0000] {logging_mixin.py:188} INFO - [2024-03-26T02:09:21.781+0000] {dag.py:3047} INFO - Sync 1 DAGs
[2024-03-26T02:09:21.794+0000] {logging_mixin.py:188} INFO - [2024-03-26T02:09:21.793+0000] {dag.py:3834} INFO - Setting next_dagrun for example_short_circuit_operator to 2024-03-25 00:00:00+00:00, run_after=2024-03-26 00:00:00+00:00
[2024-03-26T02:09:21.806+0000] {processor.py:183} INFO - Processing /home/airflow/.local/lib/python3.8/site-packages/airflow/example_dags/example_short_circuit_operator.py took 0.054 seconds
[2024-03-26T02:09:52.800+0000] {processor.py:161} INFO - Started process (PID=6333) to work on /home/airflow/.local/lib/python3.8/site-packages/airflow/example_dags/example_short_circuit_operator.py
[2024-03-26T02:09:52.801+0000] {processor.py:830} INFO - Processing file /home/airflow/.local/lib/python3.8/site-packages/airflow/example_dags/example_short_circuit_operator.py for tasks to queue
[2024-03-26T02:09:52.802+0000] {logging_mixin.py:188} INFO - [2024-03-26T02:09:52.802+0000] {dagbag.py:540} INFO - Filling up the DagBag from /home/airflow/.local/lib/python3.8/site-packages/airflow/example_dags/example_short_circuit_operator.py
[2024-03-26T02:09:52.806+0000] {processor.py:840} INFO - DAG(s) 'example_short_circuit_operator' retrieved from /home/airflow/.local/lib/python3.8/site-packages/airflow/example_dags/example_short_circuit_operator.py
[2024-03-26T02:09:52.822+0000] {logging_mixin.py:188} INFO - [2024-03-26T02:09:52.822+0000] {dag.py:3047} INFO - Sync 1 DAGs
[2024-03-26T02:09:52.832+0000] {logging_mixin.py:188} INFO - [2024-03-26T02:09:52.832+0000] {dag.py:3834} INFO - Setting next_dagrun for example_short_circuit_operator to 2024-03-25 00:00:00+00:00, run_after=2024-03-26 00:00:00+00:00
[2024-03-26T02:09:52.842+0000] {processor.py:183} INFO - Processing /home/airflow/.local/lib/python3.8/site-packages/airflow/example_dags/example_short_circuit_operator.py took 0.044 seconds
[2024-03-26T02:10:22.944+0000] {processor.py:161} INFO - Started process (PID=6388) to work on /home/airflow/.local/lib/python3.8/site-packages/airflow/example_dags/example_short_circuit_operator.py
[2024-03-26T02:10:22.944+0000] {processor.py:830} INFO - Processing file /home/airflow/.local/lib/python3.8/site-packages/airflow/example_dags/example_short_circuit_operator.py for tasks to queue
[2024-03-26T02:10:22.946+0000] {logging_mixin.py:188} INFO - [2024-03-26T02:10:22.945+0000] {dagbag.py:540} INFO - Filling up the DagBag from /home/airflow/.local/lib/python3.8/site-packages/airflow/example_dags/example_short_circuit_operator.py
[2024-03-26T02:10:22.950+0000] {processor.py:840} INFO - DAG(s) 'example_short_circuit_operator' retrieved from /home/airflow/.local/lib/python3.8/site-packages/airflow/example_dags/example_short_circuit_operator.py
[2024-03-26T02:10:22.965+0000] {logging_mixin.py:188} INFO - [2024-03-26T02:10:22.964+0000] {dag.py:3047} INFO - Sync 1 DAGs
[2024-03-26T02:10:22.975+0000] {logging_mixin.py:188} INFO - [2024-03-26T02:10:22.975+0000] {dag.py:3834} INFO - Setting next_dagrun for example_short_circuit_operator to 2024-03-25 00:00:00+00:00, run_after=2024-03-26 00:00:00+00:00
[2024-03-26T02:10:22.983+0000] {processor.py:183} INFO - Processing /home/airflow/.local/lib/python3.8/site-packages/airflow/example_dags/example_short_circuit_operator.py took 0.041 seconds
[2024-03-26T02:10:53.790+0000] {processor.py:161} INFO - Started process (PID=6444) to work on /home/airflow/.local/lib/python3.8/site-packages/airflow/example_dags/example_short_circuit_operator.py
[2024-03-26T02:10:53.790+0000] {processor.py:830} INFO - Processing file /home/airflow/.local/lib/python3.8/site-packages/airflow/example_dags/example_short_circuit_operator.py for tasks to queue
[2024-03-26T02:10:53.792+0000] {logging_mixin.py:188} INFO - [2024-03-26T02:10:53.791+0000] {dagbag.py:540} INFO - Filling up the DagBag from /home/airflow/.local/lib/python3.8/site-packages/airflow/example_dags/example_short_circuit_operator.py
[2024-03-26T02:10:53.796+0000] {processor.py:840} INFO - DAG(s) 'example_short_circuit_operator' retrieved from /home/airflow/.local/lib/python3.8/site-packages/airflow/example_dags/example_short_circuit_operator.py
[2024-03-26T02:10:53.811+0000] {logging_mixin.py:188} INFO - [2024-03-26T02:10:53.810+0000] {dag.py:3047} INFO - Sync 1 DAGs
[2024-03-26T02:10:53.821+0000] {logging_mixin.py:188} INFO - [2024-03-26T02:10:53.821+0000] {dag.py:3834} INFO - Setting next_dagrun for example_short_circuit_operator to 2024-03-25 00:00:00+00:00, run_after=2024-03-26 00:00:00+00:00
[2024-03-26T02:10:53.828+0000] {processor.py:183} INFO - Processing /home/airflow/.local/lib/python3.8/site-packages/airflow/example_dags/example_short_circuit_operator.py took 0.041 seconds
[2024-03-26T02:11:24.610+0000] {processor.py:161} INFO - Started process (PID=6499) to work on /home/airflow/.local/lib/python3.8/site-packages/airflow/example_dags/example_short_circuit_operator.py
[2024-03-26T02:11:24.611+0000] {processor.py:830} INFO - Processing file /home/airflow/.local/lib/python3.8/site-packages/airflow/example_dags/example_short_circuit_operator.py for tasks to queue
[2024-03-26T02:11:24.612+0000] {logging_mixin.py:188} INFO - [2024-03-26T02:11:24.612+0000] {dagbag.py:540} INFO - Filling up the DagBag from /home/airflow/.local/lib/python3.8/site-packages/airflow/example_dags/example_short_circuit_operator.py
[2024-03-26T02:11:24.616+0000] {processor.py:840} INFO - DAG(s) 'example_short_circuit_operator' retrieved from /home/airflow/.local/lib/python3.8/site-packages/airflow/example_dags/example_short_circuit_operator.py
[2024-03-26T02:11:24.630+0000] {logging_mixin.py:188} INFO - [2024-03-26T02:11:24.630+0000] {dag.py:3047} INFO - Sync 1 DAGs
[2024-03-26T02:11:24.643+0000] {logging_mixin.py:188} INFO - [2024-03-26T02:11:24.643+0000] {dag.py:3834} INFO - Setting next_dagrun for example_short_circuit_operator to 2024-03-25 00:00:00+00:00, run_after=2024-03-26 00:00:00+00:00
[2024-03-26T02:11:24.653+0000] {processor.py:183} INFO - Processing /home/airflow/.local/lib/python3.8/site-packages/airflow/example_dags/example_short_circuit_operator.py took 0.045 seconds
[2024-03-26T02:11:54.823+0000] {processor.py:161} INFO - Started process (PID=6554) to work on /home/airflow/.local/lib/python3.8/site-packages/airflow/example_dags/example_short_circuit_operator.py
[2024-03-26T02:11:54.824+0000] {processor.py:830} INFO - Processing file /home/airflow/.local/lib/python3.8/site-packages/airflow/example_dags/example_short_circuit_operator.py for tasks to queue
[2024-03-26T02:11:54.825+0000] {logging_mixin.py:188} INFO - [2024-03-26T02:11:54.824+0000] {dagbag.py:540} INFO - Filling up the DagBag from /home/airflow/.local/lib/python3.8/site-packages/airflow/example_dags/example_short_circuit_operator.py
[2024-03-26T02:11:54.829+0000] {processor.py:840} INFO - DAG(s) 'example_short_circuit_operator' retrieved from /home/airflow/.local/lib/python3.8/site-packages/airflow/example_dags/example_short_circuit_operator.py
[2024-03-26T02:11:54.842+0000] {logging_mixin.py:188} INFO - [2024-03-26T02:11:54.842+0000] {dag.py:3047} INFO - Sync 1 DAGs
[2024-03-26T02:11:54.851+0000] {logging_mixin.py:188} INFO - [2024-03-26T02:11:54.851+0000] {dag.py:3834} INFO - Setting next_dagrun for example_short_circuit_operator to 2024-03-25 00:00:00+00:00, run_after=2024-03-26 00:00:00+00:00
[2024-03-26T02:11:54.858+0000] {processor.py:183} INFO - Processing /home/airflow/.local/lib/python3.8/site-packages/airflow/example_dags/example_short_circuit_operator.py took 0.037 seconds
[2024-03-26T02:12:25.531+0000] {processor.py:161} INFO - Started process (PID=6610) to work on /home/airflow/.local/lib/python3.8/site-packages/airflow/example_dags/example_short_circuit_operator.py
[2024-03-26T02:12:25.532+0000] {processor.py:830} INFO - Processing file /home/airflow/.local/lib/python3.8/site-packages/airflow/example_dags/example_short_circuit_operator.py for tasks to queue
[2024-03-26T02:12:25.533+0000] {logging_mixin.py:188} INFO - [2024-03-26T02:12:25.532+0000] {dagbag.py:540} INFO - Filling up the DagBag from /home/airflow/.local/lib/python3.8/site-packages/airflow/example_dags/example_short_circuit_operator.py
[2024-03-26T02:12:25.537+0000] {processor.py:840} INFO - DAG(s) 'example_short_circuit_operator' retrieved from /home/airflow/.local/lib/python3.8/site-packages/airflow/example_dags/example_short_circuit_operator.py
[2024-03-26T02:12:25.551+0000] {logging_mixin.py:188} INFO - [2024-03-26T02:12:25.550+0000] {dag.py:3047} INFO - Sync 1 DAGs
[2024-03-26T02:12:25.561+0000] {logging_mixin.py:188} INFO - [2024-03-26T02:12:25.561+0000] {dag.py:3834} INFO - Setting next_dagrun for example_short_circuit_operator to 2024-03-25 00:00:00+00:00, run_after=2024-03-26 00:00:00+00:00
[2024-03-26T02:12:25.568+0000] {processor.py:183} INFO - Processing /home/airflow/.local/lib/python3.8/site-packages/airflow/example_dags/example_short_circuit_operator.py took 0.039 seconds
[2024-03-26T02:12:56.493+0000] {processor.py:161} INFO - Started process (PID=6665) to work on /home/airflow/.local/lib/python3.8/site-packages/airflow/example_dags/example_short_circuit_operator.py
[2024-03-26T02:12:56.494+0000] {processor.py:830} INFO - Processing file /home/airflow/.local/lib/python3.8/site-packages/airflow/example_dags/example_short_circuit_operator.py for tasks to queue
[2024-03-26T02:12:56.495+0000] {logging_mixin.py:188} INFO - [2024-03-26T02:12:56.495+0000] {dagbag.py:540} INFO - Filling up the DagBag from /home/airflow/.local/lib/python3.8/site-packages/airflow/example_dags/example_short_circuit_operator.py
[2024-03-26T02:12:56.499+0000] {processor.py:840} INFO - DAG(s) 'example_short_circuit_operator' retrieved from /home/airflow/.local/lib/python3.8/site-packages/airflow/example_dags/example_short_circuit_operator.py
[2024-03-26T02:12:56.512+0000] {logging_mixin.py:188} INFO - [2024-03-26T02:12:56.512+0000] {dag.py:3047} INFO - Sync 1 DAGs
[2024-03-26T02:12:56.521+0000] {logging_mixin.py:188} INFO - [2024-03-26T02:12:56.521+0000] {dag.py:3834} INFO - Setting next_dagrun for example_short_circuit_operator to 2024-03-25 00:00:00+00:00, run_after=2024-03-26 00:00:00+00:00
[2024-03-26T02:12:56.528+0000] {processor.py:183} INFO - Processing /home/airflow/.local/lib/python3.8/site-packages/airflow/example_dags/example_short_circuit_operator.py took 0.037 seconds
[2024-03-26T02:13:26.653+0000] {processor.py:161} INFO - Started process (PID=6720) to work on /home/airflow/.local/lib/python3.8/site-packages/airflow/example_dags/example_short_circuit_operator.py
[2024-03-26T02:13:26.653+0000] {processor.py:830} INFO - Processing file /home/airflow/.local/lib/python3.8/site-packages/airflow/example_dags/example_short_circuit_operator.py for tasks to queue
[2024-03-26T02:13:26.654+0000] {logging_mixin.py:188} INFO - [2024-03-26T02:13:26.654+0000] {dagbag.py:540} INFO - Filling up the DagBag from /home/airflow/.local/lib/python3.8/site-packages/airflow/example_dags/example_short_circuit_operator.py
[2024-03-26T02:13:26.659+0000] {processor.py:840} INFO - DAG(s) 'example_short_circuit_operator' retrieved from /home/airflow/.local/lib/python3.8/site-packages/airflow/example_dags/example_short_circuit_operator.py
[2024-03-26T02:13:26.672+0000] {logging_mixin.py:188} INFO - [2024-03-26T02:13:26.672+0000] {dag.py:3047} INFO - Sync 1 DAGs
[2024-03-26T02:13:26.681+0000] {logging_mixin.py:188} INFO - [2024-03-26T02:13:26.681+0000] {dag.py:3834} INFO - Setting next_dagrun for example_short_circuit_operator to 2024-03-25 00:00:00+00:00, run_after=2024-03-26 00:00:00+00:00
[2024-03-26T02:13:26.688+0000] {processor.py:183} INFO - Processing /home/airflow/.local/lib/python3.8/site-packages/airflow/example_dags/example_short_circuit_operator.py took 0.038 seconds
[2024-03-26T02:13:57.334+0000] {processor.py:161} INFO - Started process (PID=6775) to work on /home/airflow/.local/lib/python3.8/site-packages/airflow/example_dags/example_short_circuit_operator.py
[2024-03-26T02:13:57.334+0000] {processor.py:830} INFO - Processing file /home/airflow/.local/lib/python3.8/site-packages/airflow/example_dags/example_short_circuit_operator.py for tasks to queue
[2024-03-26T02:13:57.335+0000] {logging_mixin.py:188} INFO - [2024-03-26T02:13:57.335+0000] {dagbag.py:540} INFO - Filling up the DagBag from /home/airflow/.local/lib/python3.8/site-packages/airflow/example_dags/example_short_circuit_operator.py
[2024-03-26T02:13:57.340+0000] {processor.py:840} INFO - DAG(s) 'example_short_circuit_operator' retrieved from /home/airflow/.local/lib/python3.8/site-packages/airflow/example_dags/example_short_circuit_operator.py
[2024-03-26T02:13:57.354+0000] {logging_mixin.py:188} INFO - [2024-03-26T02:13:57.353+0000] {dag.py:3047} INFO - Sync 1 DAGs
[2024-03-26T02:13:57.363+0000] {logging_mixin.py:188} INFO - [2024-03-26T02:13:57.363+0000] {dag.py:3834} INFO - Setting next_dagrun for example_short_circuit_operator to 2024-03-25 00:00:00+00:00, run_after=2024-03-26 00:00:00+00:00
[2024-03-26T02:13:57.370+0000] {processor.py:183} INFO - Processing /home/airflow/.local/lib/python3.8/site-packages/airflow/example_dags/example_short_circuit_operator.py took 0.038 seconds
[2024-03-26T02:14:27.999+0000] {processor.py:161} INFO - Started process (PID=6830) to work on /home/airflow/.local/lib/python3.8/site-packages/airflow/example_dags/example_short_circuit_operator.py
[2024-03-26T02:14:27.999+0000] {processor.py:830} INFO - Processing file /home/airflow/.local/lib/python3.8/site-packages/airflow/example_dags/example_short_circuit_operator.py for tasks to queue
[2024-03-26T02:14:28.000+0000] {logging_mixin.py:188} INFO - [2024-03-26T02:14:28.000+0000] {dagbag.py:540} INFO - Filling up the DagBag from /home/airflow/.local/lib/python3.8/site-packages/airflow/example_dags/example_short_circuit_operator.py
[2024-03-26T02:14:28.004+0000] {processor.py:840} INFO - DAG(s) 'example_short_circuit_operator' retrieved from /home/airflow/.local/lib/python3.8/site-packages/airflow/example_dags/example_short_circuit_operator.py
[2024-03-26T02:14:28.017+0000] {logging_mixin.py:188} INFO - [2024-03-26T02:14:28.017+0000] {dag.py:3047} INFO - Sync 1 DAGs
[2024-03-26T02:14:28.026+0000] {logging_mixin.py:188} INFO - [2024-03-26T02:14:28.026+0000] {dag.py:3834} INFO - Setting next_dagrun for example_short_circuit_operator to 2024-03-25 00:00:00+00:00, run_after=2024-03-26 00:00:00+00:00
[2024-03-26T02:14:28.034+0000] {processor.py:183} INFO - Processing /home/airflow/.local/lib/python3.8/site-packages/airflow/example_dags/example_short_circuit_operator.py took 0.037 seconds
[2024-03-26T02:14:58.563+0000] {processor.py:161} INFO - Started process (PID=6885) to work on /home/airflow/.local/lib/python3.8/site-packages/airflow/example_dags/example_short_circuit_operator.py
[2024-03-26T02:14:58.564+0000] {processor.py:830} INFO - Processing file /home/airflow/.local/lib/python3.8/site-packages/airflow/example_dags/example_short_circuit_operator.py for tasks to queue
[2024-03-26T02:14:58.565+0000] {logging_mixin.py:188} INFO - [2024-03-26T02:14:58.565+0000] {dagbag.py:540} INFO - Filling up the DagBag from /home/airflow/.local/lib/python3.8/site-packages/airflow/example_dags/example_short_circuit_operator.py
[2024-03-26T02:14:58.569+0000] {processor.py:840} INFO - DAG(s) 'example_short_circuit_operator' retrieved from /home/airflow/.local/lib/python3.8/site-packages/airflow/example_dags/example_short_circuit_operator.py
[2024-03-26T02:14:58.583+0000] {logging_mixin.py:188} INFO - [2024-03-26T02:14:58.583+0000] {dag.py:3047} INFO - Sync 1 DAGs
[2024-03-26T02:14:58.593+0000] {logging_mixin.py:188} INFO - [2024-03-26T02:14:58.593+0000] {dag.py:3834} INFO - Setting next_dagrun for example_short_circuit_operator to 2024-03-25 00:00:00+00:00, run_after=2024-03-26 00:00:00+00:00
[2024-03-26T02:14:58.600+0000] {processor.py:183} INFO - Processing /home/airflow/.local/lib/python3.8/site-packages/airflow/example_dags/example_short_circuit_operator.py took 0.039 seconds
[2024-03-26T02:15:29.253+0000] {processor.py:161} INFO - Started process (PID=6940) to work on /home/airflow/.local/lib/python3.8/site-packages/airflow/example_dags/example_short_circuit_operator.py
[2024-03-26T02:15:29.253+0000] {processor.py:830} INFO - Processing file /home/airflow/.local/lib/python3.8/site-packages/airflow/example_dags/example_short_circuit_operator.py for tasks to queue
[2024-03-26T02:15:29.254+0000] {logging_mixin.py:188} INFO - [2024-03-26T02:15:29.254+0000] {dagbag.py:540} INFO - Filling up the DagBag from /home/airflow/.local/lib/python3.8/site-packages/airflow/example_dags/example_short_circuit_operator.py
[2024-03-26T02:15:29.258+0000] {processor.py:840} INFO - DAG(s) 'example_short_circuit_operator' retrieved from /home/airflow/.local/lib/python3.8/site-packages/airflow/example_dags/example_short_circuit_operator.py
[2024-03-26T02:15:29.271+0000] {logging_mixin.py:188} INFO - [2024-03-26T02:15:29.271+0000] {dag.py:3047} INFO - Sync 1 DAGs
[2024-03-26T02:15:29.281+0000] {logging_mixin.py:188} INFO - [2024-03-26T02:15:29.281+0000] {dag.py:3834} INFO - Setting next_dagrun for example_short_circuit_operator to 2024-03-25 00:00:00+00:00, run_after=2024-03-26 00:00:00+00:00
[2024-03-26T02:15:29.288+0000] {processor.py:183} INFO - Processing /home/airflow/.local/lib/python3.8/site-packages/airflow/example_dags/example_short_circuit_operator.py took 0.037 seconds
[2024-03-26T02:15:59.864+0000] {processor.py:161} INFO - Started process (PID=6995) to work on /home/airflow/.local/lib/python3.8/site-packages/airflow/example_dags/example_short_circuit_operator.py
[2024-03-26T02:15:59.864+0000] {processor.py:830} INFO - Processing file /home/airflow/.local/lib/python3.8/site-packages/airflow/example_dags/example_short_circuit_operator.py for tasks to queue
[2024-03-26T02:15:59.865+0000] {logging_mixin.py:188} INFO - [2024-03-26T02:15:59.865+0000] {dagbag.py:540} INFO - Filling up the DagBag from /home/airflow/.local/lib/python3.8/site-packages/airflow/example_dags/example_short_circuit_operator.py
[2024-03-26T02:15:59.869+0000] {processor.py:840} INFO - DAG(s) 'example_short_circuit_operator' retrieved from /home/airflow/.local/lib/python3.8/site-packages/airflow/example_dags/example_short_circuit_operator.py
[2024-03-26T02:15:59.882+0000] {logging_mixin.py:188} INFO - [2024-03-26T02:15:59.882+0000] {dag.py:3047} INFO - Sync 1 DAGs
[2024-03-26T02:15:59.892+0000] {logging_mixin.py:188} INFO - [2024-03-26T02:15:59.892+0000] {dag.py:3834} INFO - Setting next_dagrun for example_short_circuit_operator to 2024-03-25 00:00:00+00:00, run_after=2024-03-26 00:00:00+00:00
[2024-03-26T02:15:59.899+0000] {processor.py:183} INFO - Processing /home/airflow/.local/lib/python3.8/site-packages/airflow/example_dags/example_short_circuit_operator.py took 0.037 seconds
[2024-03-26T02:16:30.570+0000] {processor.py:161} INFO - Started process (PID=7050) to work on /home/airflow/.local/lib/python3.8/site-packages/airflow/example_dags/example_short_circuit_operator.py
[2024-03-26T02:16:30.571+0000] {processor.py:830} INFO - Processing file /home/airflow/.local/lib/python3.8/site-packages/airflow/example_dags/example_short_circuit_operator.py for tasks to queue
[2024-03-26T02:16:30.572+0000] {logging_mixin.py:188} INFO - [2024-03-26T02:16:30.572+0000] {dagbag.py:540} INFO - Filling up the DagBag from /home/airflow/.local/lib/python3.8/site-packages/airflow/example_dags/example_short_circuit_operator.py
[2024-03-26T02:16:30.576+0000] {processor.py:840} INFO - DAG(s) 'example_short_circuit_operator' retrieved from /home/airflow/.local/lib/python3.8/site-packages/airflow/example_dags/example_short_circuit_operator.py
[2024-03-26T02:16:30.590+0000] {logging_mixin.py:188} INFO - [2024-03-26T02:16:30.590+0000] {dag.py:3047} INFO - Sync 1 DAGs
[2024-03-26T02:16:30.600+0000] {logging_mixin.py:188} INFO - [2024-03-26T02:16:30.600+0000] {dag.py:3834} INFO - Setting next_dagrun for example_short_circuit_operator to 2024-03-25 00:00:00+00:00, run_after=2024-03-26 00:00:00+00:00
[2024-03-26T02:16:30.607+0000] {processor.py:183} INFO - Processing /home/airflow/.local/lib/python3.8/site-packages/airflow/example_dags/example_short_circuit_operator.py took 0.038 seconds
[2024-03-26T02:17:01.249+0000] {processor.py:161} INFO - Started process (PID=7105) to work on /home/airflow/.local/lib/python3.8/site-packages/airflow/example_dags/example_short_circuit_operator.py
[2024-03-26T02:17:01.250+0000] {processor.py:830} INFO - Processing file /home/airflow/.local/lib/python3.8/site-packages/airflow/example_dags/example_short_circuit_operator.py for tasks to queue
[2024-03-26T02:17:01.251+0000] {logging_mixin.py:188} INFO - [2024-03-26T02:17:01.251+0000] {dagbag.py:540} INFO - Filling up the DagBag from /home/airflow/.local/lib/python3.8/site-packages/airflow/example_dags/example_short_circuit_operator.py
[2024-03-26T02:17:01.255+0000] {processor.py:840} INFO - DAG(s) 'example_short_circuit_operator' retrieved from /home/airflow/.local/lib/python3.8/site-packages/airflow/example_dags/example_short_circuit_operator.py
[2024-03-26T02:17:01.268+0000] {logging_mixin.py:188} INFO - [2024-03-26T02:17:01.268+0000] {dag.py:3047} INFO - Sync 1 DAGs
[2024-03-26T02:17:01.278+0000] {logging_mixin.py:188} INFO - [2024-03-26T02:17:01.278+0000] {dag.py:3834} INFO - Setting next_dagrun for example_short_circuit_operator to 2024-03-25 00:00:00+00:00, run_after=2024-03-26 00:00:00+00:00
[2024-03-26T02:17:01.285+0000] {processor.py:183} INFO - Processing /home/airflow/.local/lib/python3.8/site-packages/airflow/example_dags/example_short_circuit_operator.py took 0.038 seconds
[2024-03-26T02:17:31.863+0000] {processor.py:161} INFO - Started process (PID=7160) to work on /home/airflow/.local/lib/python3.8/site-packages/airflow/example_dags/example_short_circuit_operator.py
[2024-03-26T02:17:31.864+0000] {processor.py:830} INFO - Processing file /home/airflow/.local/lib/python3.8/site-packages/airflow/example_dags/example_short_circuit_operator.py for tasks to queue
[2024-03-26T02:17:31.865+0000] {logging_mixin.py:188} INFO - [2024-03-26T02:17:31.865+0000] {dagbag.py:540} INFO - Filling up the DagBag from /home/airflow/.local/lib/python3.8/site-packages/airflow/example_dags/example_short_circuit_operator.py
[2024-03-26T02:17:31.869+0000] {processor.py:840} INFO - DAG(s) 'example_short_circuit_operator' retrieved from /home/airflow/.local/lib/python3.8/site-packages/airflow/example_dags/example_short_circuit_operator.py
[2024-03-26T02:17:31.882+0000] {logging_mixin.py:188} INFO - [2024-03-26T02:17:31.882+0000] {dag.py:3047} INFO - Sync 1 DAGs
[2024-03-26T02:17:31.891+0000] {logging_mixin.py:188} INFO - [2024-03-26T02:17:31.891+0000] {dag.py:3834} INFO - Setting next_dagrun for example_short_circuit_operator to 2024-03-25 00:00:00+00:00, run_after=2024-03-26 00:00:00+00:00
[2024-03-26T02:17:31.899+0000] {processor.py:183} INFO - Processing /home/airflow/.local/lib/python3.8/site-packages/airflow/example_dags/example_short_circuit_operator.py took 0.037 seconds
[2024-03-26T02:18:02.555+0000] {processor.py:161} INFO - Started process (PID=7215) to work on /home/airflow/.local/lib/python3.8/site-packages/airflow/example_dags/example_short_circuit_operator.py
[2024-03-26T02:18:02.555+0000] {processor.py:830} INFO - Processing file /home/airflow/.local/lib/python3.8/site-packages/airflow/example_dags/example_short_circuit_operator.py for tasks to queue
[2024-03-26T02:18:02.556+0000] {logging_mixin.py:188} INFO - [2024-03-26T02:18:02.556+0000] {dagbag.py:540} INFO - Filling up the DagBag from /home/airflow/.local/lib/python3.8/site-packages/airflow/example_dags/example_short_circuit_operator.py
[2024-03-26T02:18:02.561+0000] {processor.py:840} INFO - DAG(s) 'example_short_circuit_operator' retrieved from /home/airflow/.local/lib/python3.8/site-packages/airflow/example_dags/example_short_circuit_operator.py
[2024-03-26T02:18:02.575+0000] {logging_mixin.py:188} INFO - [2024-03-26T02:18:02.574+0000] {dag.py:3047} INFO - Sync 1 DAGs
[2024-03-26T02:18:02.584+0000] {logging_mixin.py:188} INFO - [2024-03-26T02:18:02.584+0000] {dag.py:3834} INFO - Setting next_dagrun for example_short_circuit_operator to 2024-03-25 00:00:00+00:00, run_after=2024-03-26 00:00:00+00:00
[2024-03-26T02:18:02.591+0000] {processor.py:183} INFO - Processing /home/airflow/.local/lib/python3.8/site-packages/airflow/example_dags/example_short_circuit_operator.py took 0.039 seconds
[2024-03-26T02:18:33.153+0000] {processor.py:161} INFO - Started process (PID=7270) to work on /home/airflow/.local/lib/python3.8/site-packages/airflow/example_dags/example_short_circuit_operator.py
[2024-03-26T02:18:33.153+0000] {processor.py:830} INFO - Processing file /home/airflow/.local/lib/python3.8/site-packages/airflow/example_dags/example_short_circuit_operator.py for tasks to queue
[2024-03-26T02:18:33.154+0000] {logging_mixin.py:188} INFO - [2024-03-26T02:18:33.154+0000] {dagbag.py:540} INFO - Filling up the DagBag from /home/airflow/.local/lib/python3.8/site-packages/airflow/example_dags/example_short_circuit_operator.py
[2024-03-26T02:18:33.159+0000] {processor.py:840} INFO - DAG(s) 'example_short_circuit_operator' retrieved from /home/airflow/.local/lib/python3.8/site-packages/airflow/example_dags/example_short_circuit_operator.py
[2024-03-26T02:18:33.173+0000] {logging_mixin.py:188} INFO - [2024-03-26T02:18:33.173+0000] {dag.py:3047} INFO - Sync 1 DAGs
[2024-03-26T02:18:33.183+0000] {logging_mixin.py:188} INFO - [2024-03-26T02:18:33.183+0000] {dag.py:3834} INFO - Setting next_dagrun for example_short_circuit_operator to 2024-03-25 00:00:00+00:00, run_after=2024-03-26 00:00:00+00:00
[2024-03-26T02:18:33.192+0000] {processor.py:183} INFO - Processing /home/airflow/.local/lib/python3.8/site-packages/airflow/example_dags/example_short_circuit_operator.py took 0.041 seconds
[2024-03-26T02:19:03.882+0000] {processor.py:161} INFO - Started process (PID=7325) to work on /home/airflow/.local/lib/python3.8/site-packages/airflow/example_dags/example_short_circuit_operator.py
[2024-03-26T02:19:03.882+0000] {processor.py:830} INFO - Processing file /home/airflow/.local/lib/python3.8/site-packages/airflow/example_dags/example_short_circuit_operator.py for tasks to queue
[2024-03-26T02:19:03.883+0000] {logging_mixin.py:188} INFO - [2024-03-26T02:19:03.883+0000] {dagbag.py:540} INFO - Filling up the DagBag from /home/airflow/.local/lib/python3.8/site-packages/airflow/example_dags/example_short_circuit_operator.py
[2024-03-26T02:19:03.888+0000] {processor.py:840} INFO - DAG(s) 'example_short_circuit_operator' retrieved from /home/airflow/.local/lib/python3.8/site-packages/airflow/example_dags/example_short_circuit_operator.py
[2024-03-26T02:19:03.902+0000] {logging_mixin.py:188} INFO - [2024-03-26T02:19:03.902+0000] {dag.py:3047} INFO - Sync 1 DAGs
[2024-03-26T02:19:03.912+0000] {logging_mixin.py:188} INFO - [2024-03-26T02:19:03.912+0000] {dag.py:3834} INFO - Setting next_dagrun for example_short_circuit_operator to 2024-03-25 00:00:00+00:00, run_after=2024-03-26 00:00:00+00:00
[2024-03-26T02:19:03.920+0000] {processor.py:183} INFO - Processing /home/airflow/.local/lib/python3.8/site-packages/airflow/example_dags/example_short_circuit_operator.py took 0.040 seconds
