[2024-03-26T00:04:41.610+0000] {processor.py:161} INFO - Started process (PID=3982) to work on /home/airflow/.local/lib/python3.8/site-packages/airflow/example_dags/tutorial.py
[2024-03-26T00:04:41.611+0000] {processor.py:830} INFO - Processing file /home/airflow/.local/lib/python3.8/site-packages/airflow/example_dags/tutorial.py for tasks to queue
[2024-03-26T00:04:41.612+0000] {logging_mixin.py:188} INFO - [2024-03-26T00:04:41.612+0000] {dagbag.py:540} INFO - Filling up the DagBag from /home/airflow/.local/lib/python3.8/site-packages/airflow/example_dags/tutorial.py
[2024-03-26T00:04:41.615+0000] {processor.py:840} INFO - DAG(s) 'tutorial' retrieved from /home/airflow/.local/lib/python3.8/site-packages/airflow/example_dags/tutorial.py
[2024-03-26T00:04:41.628+0000] {logging_mixin.py:188} INFO - [2024-03-26T00:04:41.628+0000] {dag.py:3047} INFO - Sync 1 DAGs
[2024-03-26T00:04:41.638+0000] {logging_mixin.py:188} INFO - [2024-03-26T00:04:41.638+0000] {dag.py:3834} INFO - Setting next_dagrun for tutorial to 2024-03-25 00:00:00+00:00, run_after=2024-03-26 00:00:00+00:00
[2024-03-26T00:04:41.646+0000] {processor.py:183} INFO - Processing /home/airflow/.local/lib/python3.8/site-packages/airflow/example_dags/tutorial.py took 0.037 seconds
[2024-03-26T00:59:00.258+0000] {processor.py:161} INFO - Started process (PID=4037) to work on /home/airflow/.local/lib/python3.8/site-packages/airflow/example_dags/tutorial.py
[2024-03-26T00:59:00.259+0000] {processor.py:830} INFO - Processing file /home/airflow/.local/lib/python3.8/site-packages/airflow/example_dags/tutorial.py for tasks to queue
[2024-03-26T00:59:00.260+0000] {logging_mixin.py:188} INFO - [2024-03-26T00:59:00.259+0000] {dagbag.py:540} INFO - Filling up the DagBag from /home/airflow/.local/lib/python3.8/site-packages/airflow/example_dags/tutorial.py
[2024-03-26T00:59:00.263+0000] {processor.py:840} INFO - DAG(s) 'tutorial' retrieved from /home/airflow/.local/lib/python3.8/site-packages/airflow/example_dags/tutorial.py
[2024-03-26T00:59:00.275+0000] {logging_mixin.py:188} INFO - [2024-03-26T00:59:00.275+0000] {dag.py:3047} INFO - Sync 1 DAGs
[2024-03-26T00:59:00.285+0000] {logging_mixin.py:188} INFO - [2024-03-26T00:59:00.285+0000] {dag.py:3834} INFO - Setting next_dagrun for tutorial to 2024-03-25 00:00:00+00:00, run_after=2024-03-26 00:00:00+00:00
[2024-03-26T00:59:00.292+0000] {processor.py:183} INFO - Processing /home/airflow/.local/lib/python3.8/site-packages/airflow/example_dags/tutorial.py took 0.036 seconds
[2024-03-26T00:59:31.076+0000] {processor.py:161} INFO - Started process (PID=4092) to work on /home/airflow/.local/lib/python3.8/site-packages/airflow/example_dags/tutorial.py
[2024-03-26T00:59:31.076+0000] {processor.py:830} INFO - Processing file /home/airflow/.local/lib/python3.8/site-packages/airflow/example_dags/tutorial.py for tasks to queue
[2024-03-26T00:59:31.077+0000] {logging_mixin.py:188} INFO - [2024-03-26T00:59:31.077+0000] {dagbag.py:540} INFO - Filling up the DagBag from /home/airflow/.local/lib/python3.8/site-packages/airflow/example_dags/tutorial.py
[2024-03-26T00:59:31.081+0000] {processor.py:840} INFO - DAG(s) 'tutorial' retrieved from /home/airflow/.local/lib/python3.8/site-packages/airflow/example_dags/tutorial.py
[2024-03-26T00:59:31.094+0000] {logging_mixin.py:188} INFO - [2024-03-26T00:59:31.094+0000] {dag.py:3047} INFO - Sync 1 DAGs
[2024-03-26T00:59:31.104+0000] {logging_mixin.py:188} INFO - [2024-03-26T00:59:31.104+0000] {dag.py:3834} INFO - Setting next_dagrun for tutorial to 2024-03-25 00:00:00+00:00, run_after=2024-03-26 00:00:00+00:00
[2024-03-26T00:59:31.111+0000] {processor.py:183} INFO - Processing /home/airflow/.local/lib/python3.8/site-packages/airflow/example_dags/tutorial.py took 0.038 seconds
[2024-03-26T01:00:01.704+0000] {processor.py:161} INFO - Started process (PID=4147) to work on /home/airflow/.local/lib/python3.8/site-packages/airflow/example_dags/tutorial.py
[2024-03-26T01:00:01.704+0000] {processor.py:830} INFO - Processing file /home/airflow/.local/lib/python3.8/site-packages/airflow/example_dags/tutorial.py for tasks to queue
[2024-03-26T01:00:01.705+0000] {logging_mixin.py:188} INFO - [2024-03-26T01:00:01.705+0000] {dagbag.py:540} INFO - Filling up the DagBag from /home/airflow/.local/lib/python3.8/site-packages/airflow/example_dags/tutorial.py
[2024-03-26T01:00:01.709+0000] {processor.py:840} INFO - DAG(s) 'tutorial' retrieved from /home/airflow/.local/lib/python3.8/site-packages/airflow/example_dags/tutorial.py
[2024-03-26T01:00:01.724+0000] {logging_mixin.py:188} INFO - [2024-03-26T01:00:01.723+0000] {dag.py:3047} INFO - Sync 1 DAGs
[2024-03-26T01:00:01.734+0000] {logging_mixin.py:188} INFO - [2024-03-26T01:00:01.734+0000] {dag.py:3834} INFO - Setting next_dagrun for tutorial to 2024-03-25 00:00:00+00:00, run_after=2024-03-26 00:00:00+00:00
[2024-03-26T01:00:01.743+0000] {processor.py:183} INFO - Processing /home/airflow/.local/lib/python3.8/site-packages/airflow/example_dags/tutorial.py took 0.041 seconds
[2024-03-26T01:00:32.333+0000] {processor.py:161} INFO - Started process (PID=4202) to work on /home/airflow/.local/lib/python3.8/site-packages/airflow/example_dags/tutorial.py
[2024-03-26T01:00:32.334+0000] {processor.py:830} INFO - Processing file /home/airflow/.local/lib/python3.8/site-packages/airflow/example_dags/tutorial.py for tasks to queue
[2024-03-26T01:00:32.335+0000] {logging_mixin.py:188} INFO - [2024-03-26T01:00:32.335+0000] {dagbag.py:540} INFO - Filling up the DagBag from /home/airflow/.local/lib/python3.8/site-packages/airflow/example_dags/tutorial.py
[2024-03-26T01:00:32.338+0000] {processor.py:840} INFO - DAG(s) 'tutorial' retrieved from /home/airflow/.local/lib/python3.8/site-packages/airflow/example_dags/tutorial.py
[2024-03-26T01:00:32.351+0000] {logging_mixin.py:188} INFO - [2024-03-26T01:00:32.351+0000] {dag.py:3047} INFO - Sync 1 DAGs
[2024-03-26T01:00:32.361+0000] {logging_mixin.py:188} INFO - [2024-03-26T01:00:32.361+0000] {dag.py:3834} INFO - Setting next_dagrun for tutorial to 2024-03-25 00:00:00+00:00, run_after=2024-03-26 00:00:00+00:00
[2024-03-26T01:00:32.369+0000] {processor.py:183} INFO - Processing /home/airflow/.local/lib/python3.8/site-packages/airflow/example_dags/tutorial.py took 0.038 seconds
[2024-03-26T01:01:02.843+0000] {processor.py:161} INFO - Started process (PID=4257) to work on /home/airflow/.local/lib/python3.8/site-packages/airflow/example_dags/tutorial.py
[2024-03-26T01:01:02.843+0000] {processor.py:830} INFO - Processing file /home/airflow/.local/lib/python3.8/site-packages/airflow/example_dags/tutorial.py for tasks to queue
[2024-03-26T01:01:02.844+0000] {logging_mixin.py:188} INFO - [2024-03-26T01:01:02.844+0000] {dagbag.py:540} INFO - Filling up the DagBag from /home/airflow/.local/lib/python3.8/site-packages/airflow/example_dags/tutorial.py
[2024-03-26T01:01:02.847+0000] {processor.py:840} INFO - DAG(s) 'tutorial' retrieved from /home/airflow/.local/lib/python3.8/site-packages/airflow/example_dags/tutorial.py
[2024-03-26T01:01:02.859+0000] {logging_mixin.py:188} INFO - [2024-03-26T01:01:02.859+0000] {dag.py:3047} INFO - Sync 1 DAGs
[2024-03-26T01:01:02.869+0000] {logging_mixin.py:188} INFO - [2024-03-26T01:01:02.869+0000] {dag.py:3834} INFO - Setting next_dagrun for tutorial to 2024-03-25 00:00:00+00:00, run_after=2024-03-26 00:00:00+00:00
[2024-03-26T01:01:02.876+0000] {processor.py:183} INFO - Processing /home/airflow/.local/lib/python3.8/site-packages/airflow/example_dags/tutorial.py took 0.035 seconds
[2024-03-26T01:01:33.530+0000] {processor.py:161} INFO - Started process (PID=4313) to work on /home/airflow/.local/lib/python3.8/site-packages/airflow/example_dags/tutorial.py
[2024-03-26T01:01:33.531+0000] {processor.py:830} INFO - Processing file /home/airflow/.local/lib/python3.8/site-packages/airflow/example_dags/tutorial.py for tasks to queue
[2024-03-26T01:01:33.532+0000] {logging_mixin.py:188} INFO - [2024-03-26T01:01:33.532+0000] {dagbag.py:540} INFO - Filling up the DagBag from /home/airflow/.local/lib/python3.8/site-packages/airflow/example_dags/tutorial.py
[2024-03-26T01:01:33.536+0000] {processor.py:840} INFO - DAG(s) 'tutorial' retrieved from /home/airflow/.local/lib/python3.8/site-packages/airflow/example_dags/tutorial.py
[2024-03-26T01:01:33.549+0000] {logging_mixin.py:188} INFO - [2024-03-26T01:01:33.549+0000] {dag.py:3047} INFO - Sync 1 DAGs
[2024-03-26T01:01:33.559+0000] {logging_mixin.py:188} INFO - [2024-03-26T01:01:33.558+0000] {dag.py:3834} INFO - Setting next_dagrun for tutorial to 2024-03-25 00:00:00+00:00, run_after=2024-03-26 00:00:00+00:00
[2024-03-26T01:01:33.567+0000] {processor.py:183} INFO - Processing /home/airflow/.local/lib/python3.8/site-packages/airflow/example_dags/tutorial.py took 0.039 seconds
[2024-03-26T01:02:04.337+0000] {processor.py:161} INFO - Started process (PID=4368) to work on /home/airflow/.local/lib/python3.8/site-packages/airflow/example_dags/tutorial.py
[2024-03-26T01:02:04.337+0000] {processor.py:830} INFO - Processing file /home/airflow/.local/lib/python3.8/site-packages/airflow/example_dags/tutorial.py for tasks to queue
[2024-03-26T01:02:04.339+0000] {logging_mixin.py:188} INFO - [2024-03-26T01:02:04.338+0000] {dagbag.py:540} INFO - Filling up the DagBag from /home/airflow/.local/lib/python3.8/site-packages/airflow/example_dags/tutorial.py
[2024-03-26T01:02:04.342+0000] {processor.py:840} INFO - DAG(s) 'tutorial' retrieved from /home/airflow/.local/lib/python3.8/site-packages/airflow/example_dags/tutorial.py
[2024-03-26T01:02:04.357+0000] {logging_mixin.py:188} INFO - [2024-03-26T01:02:04.357+0000] {dag.py:3047} INFO - Sync 1 DAGs
[2024-03-26T01:02:04.369+0000] {logging_mixin.py:188} INFO - [2024-03-26T01:02:04.369+0000] {dag.py:3834} INFO - Setting next_dagrun for tutorial to 2024-03-25 00:00:00+00:00, run_after=2024-03-26 00:00:00+00:00
[2024-03-26T01:02:04.386+0000] {processor.py:183} INFO - Processing /home/airflow/.local/lib/python3.8/site-packages/airflow/example_dags/tutorial.py took 0.051 seconds
[2024-03-26T01:02:35.048+0000] {processor.py:161} INFO - Started process (PID=4427) to work on /home/airflow/.local/lib/python3.8/site-packages/airflow/example_dags/tutorial.py
[2024-03-26T01:02:35.049+0000] {processor.py:830} INFO - Processing file /home/airflow/.local/lib/python3.8/site-packages/airflow/example_dags/tutorial.py for tasks to queue
[2024-03-26T01:02:35.050+0000] {logging_mixin.py:188} INFO - [2024-03-26T01:02:35.050+0000] {dagbag.py:540} INFO - Filling up the DagBag from /home/airflow/.local/lib/python3.8/site-packages/airflow/example_dags/tutorial.py
[2024-03-26T01:02:35.053+0000] {processor.py:840} INFO - DAG(s) 'tutorial' retrieved from /home/airflow/.local/lib/python3.8/site-packages/airflow/example_dags/tutorial.py
[2024-03-26T01:02:35.066+0000] {logging_mixin.py:188} INFO - [2024-03-26T01:02:35.066+0000] {dag.py:3047} INFO - Sync 1 DAGs
[2024-03-26T01:02:35.075+0000] {logging_mixin.py:188} INFO - [2024-03-26T01:02:35.075+0000] {dag.py:3834} INFO - Setting next_dagrun for tutorial to 2024-03-25 00:00:00+00:00, run_after=2024-03-26 00:00:00+00:00
[2024-03-26T01:02:35.083+0000] {processor.py:183} INFO - Processing /home/airflow/.local/lib/python3.8/site-packages/airflow/example_dags/tutorial.py took 0.036 seconds
[2024-03-26T01:03:05.774+0000] {processor.py:161} INFO - Started process (PID=4482) to work on /home/airflow/.local/lib/python3.8/site-packages/airflow/example_dags/tutorial.py
[2024-03-26T01:03:05.775+0000] {processor.py:830} INFO - Processing file /home/airflow/.local/lib/python3.8/site-packages/airflow/example_dags/tutorial.py for tasks to queue
[2024-03-26T01:03:05.776+0000] {logging_mixin.py:188} INFO - [2024-03-26T01:03:05.775+0000] {dagbag.py:540} INFO - Filling up the DagBag from /home/airflow/.local/lib/python3.8/site-packages/airflow/example_dags/tutorial.py
[2024-03-26T01:03:05.779+0000] {processor.py:840} INFO - DAG(s) 'tutorial' retrieved from /home/airflow/.local/lib/python3.8/site-packages/airflow/example_dags/tutorial.py
[2024-03-26T01:03:05.792+0000] {logging_mixin.py:188} INFO - [2024-03-26T01:03:05.792+0000] {dag.py:3047} INFO - Sync 1 DAGs
[2024-03-26T01:03:05.801+0000] {logging_mixin.py:188} INFO - [2024-03-26T01:03:05.801+0000] {dag.py:3834} INFO - Setting next_dagrun for tutorial to 2024-03-25 00:00:00+00:00, run_after=2024-03-26 00:00:00+00:00
[2024-03-26T01:03:05.809+0000] {processor.py:183} INFO - Processing /home/airflow/.local/lib/python3.8/site-packages/airflow/example_dags/tutorial.py took 0.037 seconds
[2024-03-26T01:06:29.845+0000] {processor.py:161} INFO - Started process (PID=4531) to work on /home/airflow/.local/lib/python3.8/site-packages/airflow/example_dags/tutorial.py
[2024-03-26T01:06:29.846+0000] {processor.py:830} INFO - Processing file /home/airflow/.local/lib/python3.8/site-packages/airflow/example_dags/tutorial.py for tasks to queue
[2024-03-26T01:06:29.847+0000] {logging_mixin.py:188} INFO - [2024-03-26T01:06:29.847+0000] {dagbag.py:540} INFO - Filling up the DagBag from /home/airflow/.local/lib/python3.8/site-packages/airflow/example_dags/tutorial.py
[2024-03-26T01:06:29.851+0000] {processor.py:840} INFO - DAG(s) 'tutorial' retrieved from /home/airflow/.local/lib/python3.8/site-packages/airflow/example_dags/tutorial.py
[2024-03-26T01:06:29.865+0000] {logging_mixin.py:188} INFO - [2024-03-26T01:06:29.865+0000] {dag.py:3047} INFO - Sync 1 DAGs
[2024-03-26T01:06:29.877+0000] {logging_mixin.py:188} INFO - [2024-03-26T01:06:29.877+0000] {dag.py:3834} INFO - Setting next_dagrun for tutorial to 2024-03-25 00:00:00+00:00, run_after=2024-03-26 00:00:00+00:00
[2024-03-26T01:06:29.886+0000] {processor.py:183} INFO - Processing /home/airflow/.local/lib/python3.8/site-packages/airflow/example_dags/tutorial.py took 0.044 seconds
[2024-03-26T01:40:01.793+0000] {processor.py:161} INFO - Started process (PID=4586) to work on /home/airflow/.local/lib/python3.8/site-packages/airflow/example_dags/tutorial.py
[2024-03-26T01:40:01.793+0000] {processor.py:830} INFO - Processing file /home/airflow/.local/lib/python3.8/site-packages/airflow/example_dags/tutorial.py for tasks to queue
[2024-03-26T01:40:01.794+0000] {logging_mixin.py:188} INFO - [2024-03-26T01:40:01.794+0000] {dagbag.py:540} INFO - Filling up the DagBag from /home/airflow/.local/lib/python3.8/site-packages/airflow/example_dags/tutorial.py
[2024-03-26T01:40:01.798+0000] {processor.py:840} INFO - DAG(s) 'tutorial' retrieved from /home/airflow/.local/lib/python3.8/site-packages/airflow/example_dags/tutorial.py
[2024-03-26T01:40:01.811+0000] {logging_mixin.py:188} INFO - [2024-03-26T01:40:01.811+0000] {dag.py:3047} INFO - Sync 1 DAGs
[2024-03-26T01:40:01.821+0000] {logging_mixin.py:188} INFO - [2024-03-26T01:40:01.821+0000] {dag.py:3834} INFO - Setting next_dagrun for tutorial to 2024-03-25 00:00:00+00:00, run_after=2024-03-26 00:00:00+00:00
[2024-03-26T01:40:01.832+0000] {processor.py:183} INFO - Processing /home/airflow/.local/lib/python3.8/site-packages/airflow/example_dags/tutorial.py took 0.042 seconds
[2024-03-26T01:54:00.941+0000] {processor.py:161} INFO - Started process (PID=4641) to work on /home/airflow/.local/lib/python3.8/site-packages/airflow/example_dags/tutorial.py
[2024-03-26T01:54:00.941+0000] {processor.py:830} INFO - Processing file /home/airflow/.local/lib/python3.8/site-packages/airflow/example_dags/tutorial.py for tasks to queue
[2024-03-26T01:54:00.942+0000] {logging_mixin.py:188} INFO - [2024-03-26T01:54:00.942+0000] {dagbag.py:540} INFO - Filling up the DagBag from /home/airflow/.local/lib/python3.8/site-packages/airflow/example_dags/tutorial.py
[2024-03-26T01:54:00.946+0000] {processor.py:840} INFO - DAG(s) 'tutorial' retrieved from /home/airflow/.local/lib/python3.8/site-packages/airflow/example_dags/tutorial.py
[2024-03-26T01:54:00.958+0000] {logging_mixin.py:188} INFO - [2024-03-26T01:54:00.958+0000] {dag.py:3047} INFO - Sync 1 DAGs
[2024-03-26T01:54:00.967+0000] {logging_mixin.py:188} INFO - [2024-03-26T01:54:00.967+0000] {dag.py:3834} INFO - Setting next_dagrun for tutorial to 2024-03-25 00:00:00+00:00, run_after=2024-03-26 00:00:00+00:00
[2024-03-26T01:54:00.974+0000] {processor.py:183} INFO - Processing /home/airflow/.local/lib/python3.8/site-packages/airflow/example_dags/tutorial.py took 0.036 seconds
[2024-03-26T01:54:31.856+0000] {processor.py:161} INFO - Started process (PID=4696) to work on /home/airflow/.local/lib/python3.8/site-packages/airflow/example_dags/tutorial.py
[2024-03-26T01:54:31.856+0000] {processor.py:830} INFO - Processing file /home/airflow/.local/lib/python3.8/site-packages/airflow/example_dags/tutorial.py for tasks to queue
[2024-03-26T01:54:31.857+0000] {logging_mixin.py:188} INFO - [2024-03-26T01:54:31.857+0000] {dagbag.py:540} INFO - Filling up the DagBag from /home/airflow/.local/lib/python3.8/site-packages/airflow/example_dags/tutorial.py
[2024-03-26T01:54:31.861+0000] {processor.py:840} INFO - DAG(s) 'tutorial' retrieved from /home/airflow/.local/lib/python3.8/site-packages/airflow/example_dags/tutorial.py
[2024-03-26T01:54:31.873+0000] {logging_mixin.py:188} INFO - [2024-03-26T01:54:31.873+0000] {dag.py:3047} INFO - Sync 1 DAGs
[2024-03-26T01:54:31.882+0000] {logging_mixin.py:188} INFO - [2024-03-26T01:54:31.882+0000] {dag.py:3834} INFO - Setting next_dagrun for tutorial to 2024-03-25 00:00:00+00:00, run_after=2024-03-26 00:00:00+00:00
[2024-03-26T01:54:31.889+0000] {processor.py:183} INFO - Processing /home/airflow/.local/lib/python3.8/site-packages/airflow/example_dags/tutorial.py took 0.036 seconds
[2024-03-26T01:55:02.478+0000] {processor.py:161} INFO - Started process (PID=4751) to work on /home/airflow/.local/lib/python3.8/site-packages/airflow/example_dags/tutorial.py
[2024-03-26T01:55:02.479+0000] {processor.py:830} INFO - Processing file /home/airflow/.local/lib/python3.8/site-packages/airflow/example_dags/tutorial.py for tasks to queue
[2024-03-26T01:55:02.480+0000] {logging_mixin.py:188} INFO - [2024-03-26T01:55:02.480+0000] {dagbag.py:540} INFO - Filling up the DagBag from /home/airflow/.local/lib/python3.8/site-packages/airflow/example_dags/tutorial.py
[2024-03-26T01:55:02.484+0000] {processor.py:840} INFO - DAG(s) 'tutorial' retrieved from /home/airflow/.local/lib/python3.8/site-packages/airflow/example_dags/tutorial.py
[2024-03-26T01:55:02.497+0000] {logging_mixin.py:188} INFO - [2024-03-26T01:55:02.496+0000] {dag.py:3047} INFO - Sync 1 DAGs
[2024-03-26T01:55:02.508+0000] {logging_mixin.py:188} INFO - [2024-03-26T01:55:02.508+0000] {dag.py:3834} INFO - Setting next_dagrun for tutorial to 2024-03-25 00:00:00+00:00, run_after=2024-03-26 00:00:00+00:00
[2024-03-26T01:55:02.517+0000] {processor.py:183} INFO - Processing /home/airflow/.local/lib/python3.8/site-packages/airflow/example_dags/tutorial.py took 0.040 seconds
[2024-03-26T01:55:33.140+0000] {processor.py:161} INFO - Started process (PID=4806) to work on /home/airflow/.local/lib/python3.8/site-packages/airflow/example_dags/tutorial.py
[2024-03-26T01:55:33.141+0000] {processor.py:830} INFO - Processing file /home/airflow/.local/lib/python3.8/site-packages/airflow/example_dags/tutorial.py for tasks to queue
[2024-03-26T01:55:33.142+0000] {logging_mixin.py:188} INFO - [2024-03-26T01:55:33.142+0000] {dagbag.py:540} INFO - Filling up the DagBag from /home/airflow/.local/lib/python3.8/site-packages/airflow/example_dags/tutorial.py
[2024-03-26T01:55:33.145+0000] {processor.py:840} INFO - DAG(s) 'tutorial' retrieved from /home/airflow/.local/lib/python3.8/site-packages/airflow/example_dags/tutorial.py
[2024-03-26T01:55:33.157+0000] {logging_mixin.py:188} INFO - [2024-03-26T01:55:33.157+0000] {dag.py:3047} INFO - Sync 1 DAGs
[2024-03-26T01:55:33.167+0000] {logging_mixin.py:188} INFO - [2024-03-26T01:55:33.167+0000] {dag.py:3834} INFO - Setting next_dagrun for tutorial to 2024-03-25 00:00:00+00:00, run_after=2024-03-26 00:00:00+00:00
[2024-03-26T01:55:33.174+0000] {processor.py:183} INFO - Processing /home/airflow/.local/lib/python3.8/site-packages/airflow/example_dags/tutorial.py took 0.036 seconds
[2024-03-26T01:56:03.870+0000] {processor.py:161} INFO - Started process (PID=4861) to work on /home/airflow/.local/lib/python3.8/site-packages/airflow/example_dags/tutorial.py
[2024-03-26T01:56:03.870+0000] {processor.py:830} INFO - Processing file /home/airflow/.local/lib/python3.8/site-packages/airflow/example_dags/tutorial.py for tasks to queue
[2024-03-26T01:56:03.871+0000] {logging_mixin.py:188} INFO - [2024-03-26T01:56:03.871+0000] {dagbag.py:540} INFO - Filling up the DagBag from /home/airflow/.local/lib/python3.8/site-packages/airflow/example_dags/tutorial.py
[2024-03-26T01:56:03.875+0000] {processor.py:840} INFO - DAG(s) 'tutorial' retrieved from /home/airflow/.local/lib/python3.8/site-packages/airflow/example_dags/tutorial.py
[2024-03-26T01:56:03.887+0000] {logging_mixin.py:188} INFO - [2024-03-26T01:56:03.887+0000] {dag.py:3047} INFO - Sync 1 DAGs
[2024-03-26T01:56:03.897+0000] {logging_mixin.py:188} INFO - [2024-03-26T01:56:03.897+0000] {dag.py:3834} INFO - Setting next_dagrun for tutorial to 2024-03-25 00:00:00+00:00, run_after=2024-03-26 00:00:00+00:00
[2024-03-26T01:56:03.904+0000] {processor.py:183} INFO - Processing /home/airflow/.local/lib/python3.8/site-packages/airflow/example_dags/tutorial.py took 0.036 seconds
[2024-03-26T01:56:34.544+0000] {processor.py:161} INFO - Started process (PID=4916) to work on /home/airflow/.local/lib/python3.8/site-packages/airflow/example_dags/tutorial.py
[2024-03-26T01:56:34.544+0000] {processor.py:830} INFO - Processing file /home/airflow/.local/lib/python3.8/site-packages/airflow/example_dags/tutorial.py for tasks to queue
[2024-03-26T01:56:34.546+0000] {logging_mixin.py:188} INFO - [2024-03-26T01:56:34.545+0000] {dagbag.py:540} INFO - Filling up the DagBag from /home/airflow/.local/lib/python3.8/site-packages/airflow/example_dags/tutorial.py
[2024-03-26T01:56:34.551+0000] {processor.py:840} INFO - DAG(s) 'tutorial' retrieved from /home/airflow/.local/lib/python3.8/site-packages/airflow/example_dags/tutorial.py
[2024-03-26T01:56:34.565+0000] {logging_mixin.py:188} INFO - [2024-03-26T01:56:34.565+0000] {dag.py:3047} INFO - Sync 1 DAGs
[2024-03-26T01:56:34.578+0000] {logging_mixin.py:188} INFO - [2024-03-26T01:56:34.578+0000] {dag.py:3834} INFO - Setting next_dagrun for tutorial to 2024-03-25 00:00:00+00:00, run_after=2024-03-26 00:00:00+00:00
[2024-03-26T01:56:34.587+0000] {processor.py:183} INFO - Processing /home/airflow/.local/lib/python3.8/site-packages/airflow/example_dags/tutorial.py took 0.046 seconds
[2024-03-26T01:57:05.269+0000] {processor.py:161} INFO - Started process (PID=4971) to work on /home/airflow/.local/lib/python3.8/site-packages/airflow/example_dags/tutorial.py
[2024-03-26T01:57:05.269+0000] {processor.py:830} INFO - Processing file /home/airflow/.local/lib/python3.8/site-packages/airflow/example_dags/tutorial.py for tasks to queue
[2024-03-26T01:57:05.270+0000] {logging_mixin.py:188} INFO - [2024-03-26T01:57:05.270+0000] {dagbag.py:540} INFO - Filling up the DagBag from /home/airflow/.local/lib/python3.8/site-packages/airflow/example_dags/tutorial.py
[2024-03-26T01:57:05.274+0000] {processor.py:840} INFO - DAG(s) 'tutorial' retrieved from /home/airflow/.local/lib/python3.8/site-packages/airflow/example_dags/tutorial.py
[2024-03-26T01:57:05.286+0000] {logging_mixin.py:188} INFO - [2024-03-26T01:57:05.285+0000] {dag.py:3047} INFO - Sync 1 DAGs
[2024-03-26T01:57:05.295+0000] {logging_mixin.py:188} INFO - [2024-03-26T01:57:05.295+0000] {dag.py:3834} INFO - Setting next_dagrun for tutorial to 2024-03-25 00:00:00+00:00, run_after=2024-03-26 00:00:00+00:00
[2024-03-26T01:57:05.303+0000] {processor.py:183} INFO - Processing /home/airflow/.local/lib/python3.8/site-packages/airflow/example_dags/tutorial.py took 0.036 seconds
[2024-03-26T01:57:35.871+0000] {processor.py:161} INFO - Started process (PID=5026) to work on /home/airflow/.local/lib/python3.8/site-packages/airflow/example_dags/tutorial.py
[2024-03-26T01:57:35.871+0000] {processor.py:830} INFO - Processing file /home/airflow/.local/lib/python3.8/site-packages/airflow/example_dags/tutorial.py for tasks to queue
[2024-03-26T01:57:35.872+0000] {logging_mixin.py:188} INFO - [2024-03-26T01:57:35.872+0000] {dagbag.py:540} INFO - Filling up the DagBag from /home/airflow/.local/lib/python3.8/site-packages/airflow/example_dags/tutorial.py
[2024-03-26T01:57:35.876+0000] {processor.py:840} INFO - DAG(s) 'tutorial' retrieved from /home/airflow/.local/lib/python3.8/site-packages/airflow/example_dags/tutorial.py
[2024-03-26T01:57:35.889+0000] {logging_mixin.py:188} INFO - [2024-03-26T01:57:35.889+0000] {dag.py:3047} INFO - Sync 1 DAGs
[2024-03-26T01:57:35.900+0000] {logging_mixin.py:188} INFO - [2024-03-26T01:57:35.900+0000] {dag.py:3834} INFO - Setting next_dagrun for tutorial to 2024-03-25 00:00:00+00:00, run_after=2024-03-26 00:00:00+00:00
[2024-03-26T01:57:35.909+0000] {processor.py:183} INFO - Processing /home/airflow/.local/lib/python3.8/site-packages/airflow/example_dags/tutorial.py took 0.040 seconds
[2024-03-26T01:58:06.650+0000] {processor.py:161} INFO - Started process (PID=5087) to work on /home/airflow/.local/lib/python3.8/site-packages/airflow/example_dags/tutorial.py
[2024-03-26T01:58:06.651+0000] {processor.py:830} INFO - Processing file /home/airflow/.local/lib/python3.8/site-packages/airflow/example_dags/tutorial.py for tasks to queue
[2024-03-26T01:58:06.652+0000] {logging_mixin.py:188} INFO - [2024-03-26T01:58:06.652+0000] {dagbag.py:540} INFO - Filling up the DagBag from /home/airflow/.local/lib/python3.8/site-packages/airflow/example_dags/tutorial.py
[2024-03-26T01:58:06.655+0000] {processor.py:840} INFO - DAG(s) 'tutorial' retrieved from /home/airflow/.local/lib/python3.8/site-packages/airflow/example_dags/tutorial.py
[2024-03-26T01:58:06.668+0000] {logging_mixin.py:188} INFO - [2024-03-26T01:58:06.668+0000] {dag.py:3047} INFO - Sync 1 DAGs
[2024-03-26T01:58:06.677+0000] {logging_mixin.py:188} INFO - [2024-03-26T01:58:06.677+0000] {dag.py:3834} INFO - Setting next_dagrun for tutorial to 2024-03-25 00:00:00+00:00, run_after=2024-03-26 00:00:00+00:00
[2024-03-26T01:58:06.684+0000] {processor.py:183} INFO - Processing /home/airflow/.local/lib/python3.8/site-packages/airflow/example_dags/tutorial.py took 0.036 seconds
[2024-03-26T01:58:37.388+0000] {processor.py:161} INFO - Started process (PID=5142) to work on /home/airflow/.local/lib/python3.8/site-packages/airflow/example_dags/tutorial.py
[2024-03-26T01:58:37.389+0000] {processor.py:830} INFO - Processing file /home/airflow/.local/lib/python3.8/site-packages/airflow/example_dags/tutorial.py for tasks to queue
[2024-03-26T01:58:37.390+0000] {logging_mixin.py:188} INFO - [2024-03-26T01:58:37.390+0000] {dagbag.py:540} INFO - Filling up the DagBag from /home/airflow/.local/lib/python3.8/site-packages/airflow/example_dags/tutorial.py
[2024-03-26T01:58:37.393+0000] {processor.py:840} INFO - DAG(s) 'tutorial' retrieved from /home/airflow/.local/lib/python3.8/site-packages/airflow/example_dags/tutorial.py
[2024-03-26T01:58:37.406+0000] {logging_mixin.py:188} INFO - [2024-03-26T01:58:37.405+0000] {dag.py:3047} INFO - Sync 1 DAGs
[2024-03-26T01:58:37.415+0000] {logging_mixin.py:188} INFO - [2024-03-26T01:58:37.415+0000] {dag.py:3834} INFO - Setting next_dagrun for tutorial to 2024-03-25 00:00:00+00:00, run_after=2024-03-26 00:00:00+00:00
[2024-03-26T01:58:37.422+0000] {processor.py:183} INFO - Processing /home/airflow/.local/lib/python3.8/site-packages/airflow/example_dags/tutorial.py took 0.036 seconds
[2024-03-26T01:59:08.226+0000] {processor.py:161} INFO - Started process (PID=5197) to work on /home/airflow/.local/lib/python3.8/site-packages/airflow/example_dags/tutorial.py
[2024-03-26T01:59:08.227+0000] {processor.py:830} INFO - Processing file /home/airflow/.local/lib/python3.8/site-packages/airflow/example_dags/tutorial.py for tasks to queue
[2024-03-26T01:59:08.228+0000] {logging_mixin.py:188} INFO - [2024-03-26T01:59:08.228+0000] {dagbag.py:540} INFO - Filling up the DagBag from /home/airflow/.local/lib/python3.8/site-packages/airflow/example_dags/tutorial.py
[2024-03-26T01:59:08.231+0000] {processor.py:840} INFO - DAG(s) 'tutorial' retrieved from /home/airflow/.local/lib/python3.8/site-packages/airflow/example_dags/tutorial.py
[2024-03-26T01:59:08.243+0000] {logging_mixin.py:188} INFO - [2024-03-26T01:59:08.243+0000] {dag.py:3047} INFO - Sync 1 DAGs
[2024-03-26T01:59:08.252+0000] {logging_mixin.py:188} INFO - [2024-03-26T01:59:08.252+0000] {dag.py:3834} INFO - Setting next_dagrun for tutorial to 2024-03-25 00:00:00+00:00, run_after=2024-03-26 00:00:00+00:00
[2024-03-26T01:59:08.259+0000] {processor.py:183} INFO - Processing /home/airflow/.local/lib/python3.8/site-packages/airflow/example_dags/tutorial.py took 0.034 seconds
[2024-03-26T01:59:39.100+0000] {processor.py:161} INFO - Started process (PID=5252) to work on /home/airflow/.local/lib/python3.8/site-packages/airflow/example_dags/tutorial.py
[2024-03-26T01:59:39.101+0000] {processor.py:830} INFO - Processing file /home/airflow/.local/lib/python3.8/site-packages/airflow/example_dags/tutorial.py for tasks to queue
[2024-03-26T01:59:39.102+0000] {logging_mixin.py:188} INFO - [2024-03-26T01:59:39.102+0000] {dagbag.py:540} INFO - Filling up the DagBag from /home/airflow/.local/lib/python3.8/site-packages/airflow/example_dags/tutorial.py
[2024-03-26T01:59:39.107+0000] {processor.py:840} INFO - DAG(s) 'tutorial' retrieved from /home/airflow/.local/lib/python3.8/site-packages/airflow/example_dags/tutorial.py
[2024-03-26T01:59:39.125+0000] {logging_mixin.py:188} INFO - [2024-03-26T01:59:39.124+0000] {dag.py:3047} INFO - Sync 1 DAGs
[2024-03-26T01:59:39.137+0000] {logging_mixin.py:188} INFO - [2024-03-26T01:59:39.137+0000] {dag.py:3834} INFO - Setting next_dagrun for tutorial to 2024-03-25 00:00:00+00:00, run_after=2024-03-26 00:00:00+00:00
[2024-03-26T01:59:39.146+0000] {processor.py:183} INFO - Processing /home/airflow/.local/lib/python3.8/site-packages/airflow/example_dags/tutorial.py took 0.049 seconds
[2024-03-26T02:00:09.761+0000] {processor.py:161} INFO - Started process (PID=5307) to work on /home/airflow/.local/lib/python3.8/site-packages/airflow/example_dags/tutorial.py
[2024-03-26T02:00:09.762+0000] {processor.py:830} INFO - Processing file /home/airflow/.local/lib/python3.8/site-packages/airflow/example_dags/tutorial.py for tasks to queue
[2024-03-26T02:00:09.763+0000] {logging_mixin.py:188} INFO - [2024-03-26T02:00:09.763+0000] {dagbag.py:540} INFO - Filling up the DagBag from /home/airflow/.local/lib/python3.8/site-packages/airflow/example_dags/tutorial.py
[2024-03-26T02:00:09.766+0000] {processor.py:840} INFO - DAG(s) 'tutorial' retrieved from /home/airflow/.local/lib/python3.8/site-packages/airflow/example_dags/tutorial.py
[2024-03-26T02:00:09.778+0000] {logging_mixin.py:188} INFO - [2024-03-26T02:00:09.778+0000] {dag.py:3047} INFO - Sync 1 DAGs
[2024-03-26T02:00:09.788+0000] {logging_mixin.py:188} INFO - [2024-03-26T02:00:09.788+0000] {dag.py:3834} INFO - Setting next_dagrun for tutorial to 2024-03-25 00:00:00+00:00, run_after=2024-03-26 00:00:00+00:00
[2024-03-26T02:00:09.796+0000] {processor.py:183} INFO - Processing /home/airflow/.local/lib/python3.8/site-packages/airflow/example_dags/tutorial.py took 0.037 seconds
[2024-03-26T02:00:40.423+0000] {processor.py:161} INFO - Started process (PID=5362) to work on /home/airflow/.local/lib/python3.8/site-packages/airflow/example_dags/tutorial.py
[2024-03-26T02:00:40.423+0000] {processor.py:830} INFO - Processing file /home/airflow/.local/lib/python3.8/site-packages/airflow/example_dags/tutorial.py for tasks to queue
[2024-03-26T02:00:40.424+0000] {logging_mixin.py:188} INFO - [2024-03-26T02:00:40.424+0000] {dagbag.py:540} INFO - Filling up the DagBag from /home/airflow/.local/lib/python3.8/site-packages/airflow/example_dags/tutorial.py
[2024-03-26T02:00:40.428+0000] {processor.py:840} INFO - DAG(s) 'tutorial' retrieved from /home/airflow/.local/lib/python3.8/site-packages/airflow/example_dags/tutorial.py
[2024-03-26T02:00:40.440+0000] {logging_mixin.py:188} INFO - [2024-03-26T02:00:40.440+0000] {dag.py:3047} INFO - Sync 1 DAGs
[2024-03-26T02:00:40.450+0000] {logging_mixin.py:188} INFO - [2024-03-26T02:00:40.450+0000] {dag.py:3834} INFO - Setting next_dagrun for tutorial to 2024-03-25 00:00:00+00:00, run_after=2024-03-26 00:00:00+00:00
[2024-03-26T02:00:40.458+0000] {processor.py:183} INFO - Processing /home/airflow/.local/lib/python3.8/site-packages/airflow/example_dags/tutorial.py took 0.038 seconds
[2024-03-26T02:01:11.167+0000] {processor.py:161} INFO - Started process (PID=5417) to work on /home/airflow/.local/lib/python3.8/site-packages/airflow/example_dags/tutorial.py
[2024-03-26T02:01:11.168+0000] {processor.py:830} INFO - Processing file /home/airflow/.local/lib/python3.8/site-packages/airflow/example_dags/tutorial.py for tasks to queue
[2024-03-26T02:01:11.169+0000] {logging_mixin.py:188} INFO - [2024-03-26T02:01:11.169+0000] {dagbag.py:540} INFO - Filling up the DagBag from /home/airflow/.local/lib/python3.8/site-packages/airflow/example_dags/tutorial.py
[2024-03-26T02:01:11.172+0000] {processor.py:840} INFO - DAG(s) 'tutorial' retrieved from /home/airflow/.local/lib/python3.8/site-packages/airflow/example_dags/tutorial.py
[2024-03-26T02:01:11.184+0000] {logging_mixin.py:188} INFO - [2024-03-26T02:01:11.184+0000] {dag.py:3047} INFO - Sync 1 DAGs
[2024-03-26T02:01:11.194+0000] {logging_mixin.py:188} INFO - [2024-03-26T02:01:11.194+0000] {dag.py:3834} INFO - Setting next_dagrun for tutorial to 2024-03-25 00:00:00+00:00, run_after=2024-03-26 00:00:00+00:00
[2024-03-26T02:01:11.201+0000] {processor.py:183} INFO - Processing /home/airflow/.local/lib/python3.8/site-packages/airflow/example_dags/tutorial.py took 0.036 seconds
[2024-03-26T02:01:41.698+0000] {processor.py:161} INFO - Started process (PID=5472) to work on /home/airflow/.local/lib/python3.8/site-packages/airflow/example_dags/tutorial.py
[2024-03-26T02:01:41.699+0000] {processor.py:830} INFO - Processing file /home/airflow/.local/lib/python3.8/site-packages/airflow/example_dags/tutorial.py for tasks to queue
[2024-03-26T02:01:41.700+0000] {logging_mixin.py:188} INFO - [2024-03-26T02:01:41.700+0000] {dagbag.py:540} INFO - Filling up the DagBag from /home/airflow/.local/lib/python3.8/site-packages/airflow/example_dags/tutorial.py
[2024-03-26T02:01:41.704+0000] {processor.py:840} INFO - DAG(s) 'tutorial' retrieved from /home/airflow/.local/lib/python3.8/site-packages/airflow/example_dags/tutorial.py
[2024-03-26T02:01:41.715+0000] {logging_mixin.py:188} INFO - [2024-03-26T02:01:41.715+0000] {dag.py:3047} INFO - Sync 1 DAGs
[2024-03-26T02:01:41.725+0000] {logging_mixin.py:188} INFO - [2024-03-26T02:01:41.725+0000] {dag.py:3834} INFO - Setting next_dagrun for tutorial to 2024-03-25 00:00:00+00:00, run_after=2024-03-26 00:00:00+00:00
[2024-03-26T02:01:41.732+0000] {processor.py:183} INFO - Processing /home/airflow/.local/lib/python3.8/site-packages/airflow/example_dags/tutorial.py took 0.036 seconds
[2024-03-26T02:02:12.359+0000] {processor.py:161} INFO - Started process (PID=5527) to work on /home/airflow/.local/lib/python3.8/site-packages/airflow/example_dags/tutorial.py
[2024-03-26T02:02:12.360+0000] {processor.py:830} INFO - Processing file /home/airflow/.local/lib/python3.8/site-packages/airflow/example_dags/tutorial.py for tasks to queue
[2024-03-26T02:02:12.361+0000] {logging_mixin.py:188} INFO - [2024-03-26T02:02:12.361+0000] {dagbag.py:540} INFO - Filling up the DagBag from /home/airflow/.local/lib/python3.8/site-packages/airflow/example_dags/tutorial.py
[2024-03-26T02:02:12.365+0000] {processor.py:840} INFO - DAG(s) 'tutorial' retrieved from /home/airflow/.local/lib/python3.8/site-packages/airflow/example_dags/tutorial.py
[2024-03-26T02:02:12.377+0000] {logging_mixin.py:188} INFO - [2024-03-26T02:02:12.377+0000] {dag.py:3047} INFO - Sync 1 DAGs
[2024-03-26T02:02:12.388+0000] {logging_mixin.py:188} INFO - [2024-03-26T02:02:12.388+0000] {dag.py:3834} INFO - Setting next_dagrun for tutorial to 2024-03-25 00:00:00+00:00, run_after=2024-03-26 00:00:00+00:00
[2024-03-26T02:02:12.395+0000] {processor.py:183} INFO - Processing /home/airflow/.local/lib/python3.8/site-packages/airflow/example_dags/tutorial.py took 0.038 seconds
[2024-03-26T02:02:43.195+0000] {processor.py:161} INFO - Started process (PID=5582) to work on /home/airflow/.local/lib/python3.8/site-packages/airflow/example_dags/tutorial.py
[2024-03-26T02:02:43.196+0000] {processor.py:830} INFO - Processing file /home/airflow/.local/lib/python3.8/site-packages/airflow/example_dags/tutorial.py for tasks to queue
[2024-03-26T02:02:43.197+0000] {logging_mixin.py:188} INFO - [2024-03-26T02:02:43.197+0000] {dagbag.py:540} INFO - Filling up the DagBag from /home/airflow/.local/lib/python3.8/site-packages/airflow/example_dags/tutorial.py
[2024-03-26T02:02:43.201+0000] {processor.py:840} INFO - DAG(s) 'tutorial' retrieved from /home/airflow/.local/lib/python3.8/site-packages/airflow/example_dags/tutorial.py
[2024-03-26T02:02:43.214+0000] {logging_mixin.py:188} INFO - [2024-03-26T02:02:43.214+0000] {dag.py:3047} INFO - Sync 1 DAGs
[2024-03-26T02:02:43.225+0000] {logging_mixin.py:188} INFO - [2024-03-26T02:02:43.225+0000] {dag.py:3834} INFO - Setting next_dagrun for tutorial to 2024-03-25 00:00:00+00:00, run_after=2024-03-26 00:00:00+00:00
[2024-03-26T02:02:43.234+0000] {processor.py:183} INFO - Processing /home/airflow/.local/lib/python3.8/site-packages/airflow/example_dags/tutorial.py took 0.041 seconds
[2024-03-26T02:03:13.995+0000] {processor.py:161} INFO - Started process (PID=5637) to work on /home/airflow/.local/lib/python3.8/site-packages/airflow/example_dags/tutorial.py
[2024-03-26T02:03:13.995+0000] {processor.py:830} INFO - Processing file /home/airflow/.local/lib/python3.8/site-packages/airflow/example_dags/tutorial.py for tasks to queue
[2024-03-26T02:03:13.996+0000] {logging_mixin.py:188} INFO - [2024-03-26T02:03:13.996+0000] {dagbag.py:540} INFO - Filling up the DagBag from /home/airflow/.local/lib/python3.8/site-packages/airflow/example_dags/tutorial.py
[2024-03-26T02:03:14.000+0000] {processor.py:840} INFO - DAG(s) 'tutorial' retrieved from /home/airflow/.local/lib/python3.8/site-packages/airflow/example_dags/tutorial.py
[2024-03-26T02:03:14.012+0000] {logging_mixin.py:188} INFO - [2024-03-26T02:03:14.012+0000] {dag.py:3047} INFO - Sync 1 DAGs
[2024-03-26T02:03:14.021+0000] {logging_mixin.py:188} INFO - [2024-03-26T02:03:14.021+0000] {dag.py:3834} INFO - Setting next_dagrun for tutorial to 2024-03-25 00:00:00+00:00, run_after=2024-03-26 00:00:00+00:00
[2024-03-26T02:03:14.029+0000] {processor.py:183} INFO - Processing /home/airflow/.local/lib/python3.8/site-packages/airflow/example_dags/tutorial.py took 0.036 seconds
[2024-03-26T02:03:44.770+0000] {processor.py:161} INFO - Started process (PID=5692) to work on /home/airflow/.local/lib/python3.8/site-packages/airflow/example_dags/tutorial.py
[2024-03-26T02:03:44.771+0000] {processor.py:830} INFO - Processing file /home/airflow/.local/lib/python3.8/site-packages/airflow/example_dags/tutorial.py for tasks to queue
[2024-03-26T02:03:44.772+0000] {logging_mixin.py:188} INFO - [2024-03-26T02:03:44.772+0000] {dagbag.py:540} INFO - Filling up the DagBag from /home/airflow/.local/lib/python3.8/site-packages/airflow/example_dags/tutorial.py
[2024-03-26T02:03:44.775+0000] {processor.py:840} INFO - DAG(s) 'tutorial' retrieved from /home/airflow/.local/lib/python3.8/site-packages/airflow/example_dags/tutorial.py
[2024-03-26T02:03:44.788+0000] {logging_mixin.py:188} INFO - [2024-03-26T02:03:44.788+0000] {dag.py:3047} INFO - Sync 1 DAGs
[2024-03-26T02:03:44.798+0000] {logging_mixin.py:188} INFO - [2024-03-26T02:03:44.798+0000] {dag.py:3834} INFO - Setting next_dagrun for tutorial to 2024-03-25 00:00:00+00:00, run_after=2024-03-26 00:00:00+00:00
[2024-03-26T02:03:44.806+0000] {processor.py:183} INFO - Processing /home/airflow/.local/lib/python3.8/site-packages/airflow/example_dags/tutorial.py took 0.038 seconds
[2024-03-26T02:04:15.472+0000] {processor.py:161} INFO - Started process (PID=5747) to work on /home/airflow/.local/lib/python3.8/site-packages/airflow/example_dags/tutorial.py
[2024-03-26T02:04:15.472+0000] {processor.py:830} INFO - Processing file /home/airflow/.local/lib/python3.8/site-packages/airflow/example_dags/tutorial.py for tasks to queue
[2024-03-26T02:04:15.473+0000] {logging_mixin.py:188} INFO - [2024-03-26T02:04:15.473+0000] {dagbag.py:540} INFO - Filling up the DagBag from /home/airflow/.local/lib/python3.8/site-packages/airflow/example_dags/tutorial.py
[2024-03-26T02:04:15.477+0000] {processor.py:840} INFO - DAG(s) 'tutorial' retrieved from /home/airflow/.local/lib/python3.8/site-packages/airflow/example_dags/tutorial.py
[2024-03-26T02:04:15.489+0000] {logging_mixin.py:188} INFO - [2024-03-26T02:04:15.489+0000] {dag.py:3047} INFO - Sync 1 DAGs
[2024-03-26T02:04:15.498+0000] {logging_mixin.py:188} INFO - [2024-03-26T02:04:15.498+0000] {dag.py:3834} INFO - Setting next_dagrun for tutorial to 2024-03-25 00:00:00+00:00, run_after=2024-03-26 00:00:00+00:00
[2024-03-26T02:04:15.506+0000] {processor.py:183} INFO - Processing /home/airflow/.local/lib/python3.8/site-packages/airflow/example_dags/tutorial.py took 0.037 seconds
[2024-03-26T02:04:46.134+0000] {processor.py:161} INFO - Started process (PID=5802) to work on /home/airflow/.local/lib/python3.8/site-packages/airflow/example_dags/tutorial.py
[2024-03-26T02:04:46.134+0000] {processor.py:830} INFO - Processing file /home/airflow/.local/lib/python3.8/site-packages/airflow/example_dags/tutorial.py for tasks to queue
[2024-03-26T02:04:46.135+0000] {logging_mixin.py:188} INFO - [2024-03-26T02:04:46.135+0000] {dagbag.py:540} INFO - Filling up the DagBag from /home/airflow/.local/lib/python3.8/site-packages/airflow/example_dags/tutorial.py
[2024-03-26T02:04:46.139+0000] {processor.py:840} INFO - DAG(s) 'tutorial' retrieved from /home/airflow/.local/lib/python3.8/site-packages/airflow/example_dags/tutorial.py
[2024-03-26T02:04:46.151+0000] {logging_mixin.py:188} INFO - [2024-03-26T02:04:46.151+0000] {dag.py:3047} INFO - Sync 1 DAGs
[2024-03-26T02:04:46.160+0000] {logging_mixin.py:188} INFO - [2024-03-26T02:04:46.160+0000] {dag.py:3834} INFO - Setting next_dagrun for tutorial to 2024-03-25 00:00:00+00:00, run_after=2024-03-26 00:00:00+00:00
[2024-03-26T02:04:46.167+0000] {processor.py:183} INFO - Processing /home/airflow/.local/lib/python3.8/site-packages/airflow/example_dags/tutorial.py took 0.035 seconds
[2024-03-26T02:05:16.746+0000] {processor.py:161} INFO - Started process (PID=5857) to work on /home/airflow/.local/lib/python3.8/site-packages/airflow/example_dags/tutorial.py
[2024-03-26T02:05:16.746+0000] {processor.py:830} INFO - Processing file /home/airflow/.local/lib/python3.8/site-packages/airflow/example_dags/tutorial.py for tasks to queue
[2024-03-26T02:05:16.748+0000] {logging_mixin.py:188} INFO - [2024-03-26T02:05:16.747+0000] {dagbag.py:540} INFO - Filling up the DagBag from /home/airflow/.local/lib/python3.8/site-packages/airflow/example_dags/tutorial.py
[2024-03-26T02:05:16.751+0000] {processor.py:840} INFO - DAG(s) 'tutorial' retrieved from /home/airflow/.local/lib/python3.8/site-packages/airflow/example_dags/tutorial.py
[2024-03-26T02:05:16.763+0000] {logging_mixin.py:188} INFO - [2024-03-26T02:05:16.763+0000] {dag.py:3047} INFO - Sync 1 DAGs
[2024-03-26T02:05:16.772+0000] {logging_mixin.py:188} INFO - [2024-03-26T02:05:16.772+0000] {dag.py:3834} INFO - Setting next_dagrun for tutorial to 2024-03-25 00:00:00+00:00, run_after=2024-03-26 00:00:00+00:00
[2024-03-26T02:05:16.779+0000] {processor.py:183} INFO - Processing /home/airflow/.local/lib/python3.8/site-packages/airflow/example_dags/tutorial.py took 0.036 seconds
[2024-03-26T02:05:47.476+0000] {processor.py:161} INFO - Started process (PID=5912) to work on /home/airflow/.local/lib/python3.8/site-packages/airflow/example_dags/tutorial.py
[2024-03-26T02:05:47.477+0000] {processor.py:830} INFO - Processing file /home/airflow/.local/lib/python3.8/site-packages/airflow/example_dags/tutorial.py for tasks to queue
[2024-03-26T02:05:47.478+0000] {logging_mixin.py:188} INFO - [2024-03-26T02:05:47.478+0000] {dagbag.py:540} INFO - Filling up the DagBag from /home/airflow/.local/lib/python3.8/site-packages/airflow/example_dags/tutorial.py
[2024-03-26T02:05:47.481+0000] {processor.py:840} INFO - DAG(s) 'tutorial' retrieved from /home/airflow/.local/lib/python3.8/site-packages/airflow/example_dags/tutorial.py
[2024-03-26T02:05:47.494+0000] {logging_mixin.py:188} INFO - [2024-03-26T02:05:47.494+0000] {dag.py:3047} INFO - Sync 1 DAGs
[2024-03-26T02:05:47.504+0000] {logging_mixin.py:188} INFO - [2024-03-26T02:05:47.503+0000] {dag.py:3834} INFO - Setting next_dagrun for tutorial to 2024-03-25 00:00:00+00:00, run_after=2024-03-26 00:00:00+00:00
[2024-03-26T02:05:47.511+0000] {processor.py:183} INFO - Processing /home/airflow/.local/lib/python3.8/site-packages/airflow/example_dags/tutorial.py took 0.037 seconds
[2024-03-26T02:06:18.280+0000] {processor.py:161} INFO - Started process (PID=5967) to work on /home/airflow/.local/lib/python3.8/site-packages/airflow/example_dags/tutorial.py
[2024-03-26T02:06:18.280+0000] {processor.py:830} INFO - Processing file /home/airflow/.local/lib/python3.8/site-packages/airflow/example_dags/tutorial.py for tasks to queue
[2024-03-26T02:06:18.281+0000] {logging_mixin.py:188} INFO - [2024-03-26T02:06:18.281+0000] {dagbag.py:540} INFO - Filling up the DagBag from /home/airflow/.local/lib/python3.8/site-packages/airflow/example_dags/tutorial.py
[2024-03-26T02:06:18.285+0000] {processor.py:840} INFO - DAG(s) 'tutorial' retrieved from /home/airflow/.local/lib/python3.8/site-packages/airflow/example_dags/tutorial.py
[2024-03-26T02:06:18.297+0000] {logging_mixin.py:188} INFO - [2024-03-26T02:06:18.297+0000] {dag.py:3047} INFO - Sync 1 DAGs
[2024-03-26T02:06:18.307+0000] {logging_mixin.py:188} INFO - [2024-03-26T02:06:18.307+0000] {dag.py:3834} INFO - Setting next_dagrun for tutorial to 2024-03-25 00:00:00+00:00, run_after=2024-03-26 00:00:00+00:00
[2024-03-26T02:06:18.314+0000] {processor.py:183} INFO - Processing /home/airflow/.local/lib/python3.8/site-packages/airflow/example_dags/tutorial.py took 0.036 seconds
[2024-03-26T02:06:48.890+0000] {processor.py:161} INFO - Started process (PID=6022) to work on /home/airflow/.local/lib/python3.8/site-packages/airflow/example_dags/tutorial.py
[2024-03-26T02:06:48.891+0000] {processor.py:830} INFO - Processing file /home/airflow/.local/lib/python3.8/site-packages/airflow/example_dags/tutorial.py for tasks to queue
[2024-03-26T02:06:48.892+0000] {logging_mixin.py:188} INFO - [2024-03-26T02:06:48.892+0000] {dagbag.py:540} INFO - Filling up the DagBag from /home/airflow/.local/lib/python3.8/site-packages/airflow/example_dags/tutorial.py
[2024-03-26T02:06:48.896+0000] {processor.py:840} INFO - DAG(s) 'tutorial' retrieved from /home/airflow/.local/lib/python3.8/site-packages/airflow/example_dags/tutorial.py
[2024-03-26T02:06:48.909+0000] {logging_mixin.py:188} INFO - [2024-03-26T02:06:48.909+0000] {dag.py:3047} INFO - Sync 1 DAGs
[2024-03-26T02:06:48.919+0000] {logging_mixin.py:188} INFO - [2024-03-26T02:06:48.919+0000] {dag.py:3834} INFO - Setting next_dagrun for tutorial to 2024-03-25 00:00:00+00:00, run_after=2024-03-26 00:00:00+00:00
[2024-03-26T02:06:48.926+0000] {processor.py:183} INFO - Processing /home/airflow/.local/lib/python3.8/site-packages/airflow/example_dags/tutorial.py took 0.038 seconds
[2024-03-26T02:07:19.537+0000] {processor.py:161} INFO - Started process (PID=6077) to work on /home/airflow/.local/lib/python3.8/site-packages/airflow/example_dags/tutorial.py
[2024-03-26T02:07:19.538+0000] {processor.py:830} INFO - Processing file /home/airflow/.local/lib/python3.8/site-packages/airflow/example_dags/tutorial.py for tasks to queue
[2024-03-26T02:07:19.539+0000] {logging_mixin.py:188} INFO - [2024-03-26T02:07:19.538+0000] {dagbag.py:540} INFO - Filling up the DagBag from /home/airflow/.local/lib/python3.8/site-packages/airflow/example_dags/tutorial.py
[2024-03-26T02:07:19.542+0000] {processor.py:840} INFO - DAG(s) 'tutorial' retrieved from /home/airflow/.local/lib/python3.8/site-packages/airflow/example_dags/tutorial.py
[2024-03-26T02:07:19.555+0000] {logging_mixin.py:188} INFO - [2024-03-26T02:07:19.555+0000] {dag.py:3047} INFO - Sync 1 DAGs
[2024-03-26T02:07:19.565+0000] {logging_mixin.py:188} INFO - [2024-03-26T02:07:19.565+0000] {dag.py:3834} INFO - Setting next_dagrun for tutorial to 2024-03-25 00:00:00+00:00, run_after=2024-03-26 00:00:00+00:00
[2024-03-26T02:07:19.573+0000] {processor.py:183} INFO - Processing /home/airflow/.local/lib/python3.8/site-packages/airflow/example_dags/tutorial.py took 0.038 seconds
[2024-03-26T02:07:50.143+0000] {processor.py:161} INFO - Started process (PID=6132) to work on /home/airflow/.local/lib/python3.8/site-packages/airflow/example_dags/tutorial.py
[2024-03-26T02:07:50.143+0000] {processor.py:830} INFO - Processing file /home/airflow/.local/lib/python3.8/site-packages/airflow/example_dags/tutorial.py for tasks to queue
[2024-03-26T02:07:50.144+0000] {logging_mixin.py:188} INFO - [2024-03-26T02:07:50.144+0000] {dagbag.py:540} INFO - Filling up the DagBag from /home/airflow/.local/lib/python3.8/site-packages/airflow/example_dags/tutorial.py
[2024-03-26T02:07:50.148+0000] {processor.py:840} INFO - DAG(s) 'tutorial' retrieved from /home/airflow/.local/lib/python3.8/site-packages/airflow/example_dags/tutorial.py
[2024-03-26T02:07:50.160+0000] {logging_mixin.py:188} INFO - [2024-03-26T02:07:50.160+0000] {dag.py:3047} INFO - Sync 1 DAGs
[2024-03-26T02:07:50.170+0000] {logging_mixin.py:188} INFO - [2024-03-26T02:07:50.170+0000] {dag.py:3834} INFO - Setting next_dagrun for tutorial to 2024-03-25 00:00:00+00:00, run_after=2024-03-26 00:00:00+00:00
[2024-03-26T02:07:50.177+0000] {processor.py:183} INFO - Processing /home/airflow/.local/lib/python3.8/site-packages/airflow/example_dags/tutorial.py took 0.036 seconds
[2024-03-26T02:08:20.786+0000] {processor.py:161} INFO - Started process (PID=6187) to work on /home/airflow/.local/lib/python3.8/site-packages/airflow/example_dags/tutorial.py
[2024-03-26T02:08:20.787+0000] {processor.py:830} INFO - Processing file /home/airflow/.local/lib/python3.8/site-packages/airflow/example_dags/tutorial.py for tasks to queue
[2024-03-26T02:08:20.788+0000] {logging_mixin.py:188} INFO - [2024-03-26T02:08:20.788+0000] {dagbag.py:540} INFO - Filling up the DagBag from /home/airflow/.local/lib/python3.8/site-packages/airflow/example_dags/tutorial.py
[2024-03-26T02:08:20.791+0000] {processor.py:840} INFO - DAG(s) 'tutorial' retrieved from /home/airflow/.local/lib/python3.8/site-packages/airflow/example_dags/tutorial.py
[2024-03-26T02:08:20.804+0000] {logging_mixin.py:188} INFO - [2024-03-26T02:08:20.803+0000] {dag.py:3047} INFO - Sync 1 DAGs
[2024-03-26T02:08:20.814+0000] {logging_mixin.py:188} INFO - [2024-03-26T02:08:20.813+0000] {dag.py:3834} INFO - Setting next_dagrun for tutorial to 2024-03-25 00:00:00+00:00, run_after=2024-03-26 00:00:00+00:00
[2024-03-26T02:08:20.821+0000] {processor.py:183} INFO - Processing /home/airflow/.local/lib/python3.8/site-packages/airflow/example_dags/tutorial.py took 0.037 seconds
[2024-03-26T02:08:51.459+0000] {processor.py:161} INFO - Started process (PID=6242) to work on /home/airflow/.local/lib/python3.8/site-packages/airflow/example_dags/tutorial.py
[2024-03-26T02:08:51.459+0000] {processor.py:830} INFO - Processing file /home/airflow/.local/lib/python3.8/site-packages/airflow/example_dags/tutorial.py for tasks to queue
[2024-03-26T02:08:51.460+0000] {logging_mixin.py:188} INFO - [2024-03-26T02:08:51.460+0000] {dagbag.py:540} INFO - Filling up the DagBag from /home/airflow/.local/lib/python3.8/site-packages/airflow/example_dags/tutorial.py
[2024-03-26T02:08:51.464+0000] {processor.py:840} INFO - DAG(s) 'tutorial' retrieved from /home/airflow/.local/lib/python3.8/site-packages/airflow/example_dags/tutorial.py
[2024-03-26T02:08:51.476+0000] {logging_mixin.py:188} INFO - [2024-03-26T02:08:51.476+0000] {dag.py:3047} INFO - Sync 1 DAGs
[2024-03-26T02:08:51.485+0000] {logging_mixin.py:188} INFO - [2024-03-26T02:08:51.485+0000] {dag.py:3834} INFO - Setting next_dagrun for tutorial to 2024-03-25 00:00:00+00:00, run_after=2024-03-26 00:00:00+00:00
[2024-03-26T02:08:51.493+0000] {processor.py:183} INFO - Processing /home/airflow/.local/lib/python3.8/site-packages/airflow/example_dags/tutorial.py took 0.036 seconds
[2024-03-26T02:09:22.481+0000] {processor.py:161} INFO - Started process (PID=6297) to work on /home/airflow/.local/lib/python3.8/site-packages/airflow/example_dags/tutorial.py
[2024-03-26T02:09:22.488+0000] {processor.py:830} INFO - Processing file /home/airflow/.local/lib/python3.8/site-packages/airflow/example_dags/tutorial.py for tasks to queue
[2024-03-26T02:09:22.494+0000] {logging_mixin.py:188} INFO - [2024-03-26T02:09:22.494+0000] {dagbag.py:540} INFO - Filling up the DagBag from /home/airflow/.local/lib/python3.8/site-packages/airflow/example_dags/tutorial.py
[2024-03-26T02:09:22.498+0000] {processor.py:840} INFO - DAG(s) 'tutorial' retrieved from /home/airflow/.local/lib/python3.8/site-packages/airflow/example_dags/tutorial.py
[2024-03-26T02:09:22.511+0000] {logging_mixin.py:188} INFO - [2024-03-26T02:09:22.511+0000] {dag.py:3047} INFO - Sync 1 DAGs
[2024-03-26T02:09:22.522+0000] {logging_mixin.py:188} INFO - [2024-03-26T02:09:22.522+0000] {dag.py:3834} INFO - Setting next_dagrun for tutorial to 2024-03-25 00:00:00+00:00, run_after=2024-03-26 00:00:00+00:00
[2024-03-26T02:09:22.531+0000] {processor.py:183} INFO - Processing /home/airflow/.local/lib/python3.8/site-packages/airflow/example_dags/tutorial.py took 0.052 seconds
[2024-03-26T02:09:53.450+0000] {processor.py:161} INFO - Started process (PID=6351) to work on /home/airflow/.local/lib/python3.8/site-packages/airflow/example_dags/tutorial.py
[2024-03-26T02:09:53.450+0000] {processor.py:830} INFO - Processing file /home/airflow/.local/lib/python3.8/site-packages/airflow/example_dags/tutorial.py for tasks to queue
[2024-03-26T02:09:53.451+0000] {logging_mixin.py:188} INFO - [2024-03-26T02:09:53.451+0000] {dagbag.py:540} INFO - Filling up the DagBag from /home/airflow/.local/lib/python3.8/site-packages/airflow/example_dags/tutorial.py
[2024-03-26T02:09:53.455+0000] {processor.py:840} INFO - DAG(s) 'tutorial' retrieved from /home/airflow/.local/lib/python3.8/site-packages/airflow/example_dags/tutorial.py
[2024-03-26T02:09:53.467+0000] {logging_mixin.py:188} INFO - [2024-03-26T02:09:53.467+0000] {dag.py:3047} INFO - Sync 1 DAGs
[2024-03-26T02:09:53.477+0000] {logging_mixin.py:188} INFO - [2024-03-26T02:09:53.477+0000] {dag.py:3834} INFO - Setting next_dagrun for tutorial to 2024-03-25 00:00:00+00:00, run_after=2024-03-26 00:00:00+00:00
[2024-03-26T02:09:53.485+0000] {processor.py:183} INFO - Processing /home/airflow/.local/lib/python3.8/site-packages/airflow/example_dags/tutorial.py took 0.038 seconds
[2024-03-26T02:10:23.510+0000] {processor.py:161} INFO - Started process (PID=6406) to work on /home/airflow/.local/lib/python3.8/site-packages/airflow/example_dags/tutorial.py
[2024-03-26T02:10:23.511+0000] {processor.py:830} INFO - Processing file /home/airflow/.local/lib/python3.8/site-packages/airflow/example_dags/tutorial.py for tasks to queue
[2024-03-26T02:10:23.512+0000] {logging_mixin.py:188} INFO - [2024-03-26T02:10:23.512+0000] {dagbag.py:540} INFO - Filling up the DagBag from /home/airflow/.local/lib/python3.8/site-packages/airflow/example_dags/tutorial.py
[2024-03-26T02:10:23.516+0000] {processor.py:840} INFO - DAG(s) 'tutorial' retrieved from /home/airflow/.local/lib/python3.8/site-packages/airflow/example_dags/tutorial.py
[2024-03-26T02:10:23.529+0000] {logging_mixin.py:188} INFO - [2024-03-26T02:10:23.529+0000] {dag.py:3047} INFO - Sync 1 DAGs
[2024-03-26T02:10:23.540+0000] {logging_mixin.py:188} INFO - [2024-03-26T02:10:23.539+0000] {dag.py:3834} INFO - Setting next_dagrun for tutorial to 2024-03-25 00:00:00+00:00, run_after=2024-03-26 00:00:00+00:00
[2024-03-26T02:10:23.548+0000] {processor.py:183} INFO - Processing /home/airflow/.local/lib/python3.8/site-packages/airflow/example_dags/tutorial.py took 0.039 seconds
[2024-03-26T02:10:54.367+0000] {processor.py:161} INFO - Started process (PID=6462) to work on /home/airflow/.local/lib/python3.8/site-packages/airflow/example_dags/tutorial.py
[2024-03-26T02:10:54.368+0000] {processor.py:830} INFO - Processing file /home/airflow/.local/lib/python3.8/site-packages/airflow/example_dags/tutorial.py for tasks to queue
[2024-03-26T02:10:54.369+0000] {logging_mixin.py:188} INFO - [2024-03-26T02:10:54.369+0000] {dagbag.py:540} INFO - Filling up the DagBag from /home/airflow/.local/lib/python3.8/site-packages/airflow/example_dags/tutorial.py
[2024-03-26T02:10:54.373+0000] {processor.py:840} INFO - DAG(s) 'tutorial' retrieved from /home/airflow/.local/lib/python3.8/site-packages/airflow/example_dags/tutorial.py
[2024-03-26T02:10:54.387+0000] {logging_mixin.py:188} INFO - [2024-03-26T02:10:54.387+0000] {dag.py:3047} INFO - Sync 1 DAGs
[2024-03-26T02:10:54.397+0000] {logging_mixin.py:188} INFO - [2024-03-26T02:10:54.397+0000] {dag.py:3834} INFO - Setting next_dagrun for tutorial to 2024-03-25 00:00:00+00:00, run_after=2024-03-26 00:00:00+00:00
[2024-03-26T02:10:54.406+0000] {processor.py:183} INFO - Processing /home/airflow/.local/lib/python3.8/site-packages/airflow/example_dags/tutorial.py took 0.041 seconds
[2024-03-26T02:11:25.228+0000] {processor.py:161} INFO - Started process (PID=6517) to work on /home/airflow/.local/lib/python3.8/site-packages/airflow/example_dags/tutorial.py
[2024-03-26T02:11:25.229+0000] {processor.py:830} INFO - Processing file /home/airflow/.local/lib/python3.8/site-packages/airflow/example_dags/tutorial.py for tasks to queue
[2024-03-26T02:11:25.231+0000] {logging_mixin.py:188} INFO - [2024-03-26T02:11:25.230+0000] {dagbag.py:540} INFO - Filling up the DagBag from /home/airflow/.local/lib/python3.8/site-packages/airflow/example_dags/tutorial.py
[2024-03-26T02:11:25.234+0000] {processor.py:840} INFO - DAG(s) 'tutorial' retrieved from /home/airflow/.local/lib/python3.8/site-packages/airflow/example_dags/tutorial.py
[2024-03-26T02:11:25.248+0000] {logging_mixin.py:188} INFO - [2024-03-26T02:11:25.248+0000] {dag.py:3047} INFO - Sync 1 DAGs
[2024-03-26T02:11:25.260+0000] {logging_mixin.py:188} INFO - [2024-03-26T02:11:25.260+0000] {dag.py:3834} INFO - Setting next_dagrun for tutorial to 2024-03-25 00:00:00+00:00, run_after=2024-03-26 00:00:00+00:00
[2024-03-26T02:11:25.270+0000] {processor.py:183} INFO - Processing /home/airflow/.local/lib/python3.8/site-packages/airflow/example_dags/tutorial.py took 0.044 seconds
[2024-03-26T02:11:55.348+0000] {processor.py:161} INFO - Started process (PID=6572) to work on /home/airflow/.local/lib/python3.8/site-packages/airflow/example_dags/tutorial.py
[2024-03-26T02:11:55.349+0000] {processor.py:830} INFO - Processing file /home/airflow/.local/lib/python3.8/site-packages/airflow/example_dags/tutorial.py for tasks to queue
[2024-03-26T02:11:55.350+0000] {logging_mixin.py:188} INFO - [2024-03-26T02:11:55.350+0000] {dagbag.py:540} INFO - Filling up the DagBag from /home/airflow/.local/lib/python3.8/site-packages/airflow/example_dags/tutorial.py
[2024-03-26T02:11:55.354+0000] {processor.py:840} INFO - DAG(s) 'tutorial' retrieved from /home/airflow/.local/lib/python3.8/site-packages/airflow/example_dags/tutorial.py
[2024-03-26T02:11:55.366+0000] {logging_mixin.py:188} INFO - [2024-03-26T02:11:55.365+0000] {dag.py:3047} INFO - Sync 1 DAGs
[2024-03-26T02:11:55.376+0000] {logging_mixin.py:188} INFO - [2024-03-26T02:11:55.376+0000] {dag.py:3834} INFO - Setting next_dagrun for tutorial to 2024-03-25 00:00:00+00:00, run_after=2024-03-26 00:00:00+00:00
[2024-03-26T02:11:55.383+0000] {processor.py:183} INFO - Processing /home/airflow/.local/lib/python3.8/site-packages/airflow/example_dags/tutorial.py took 0.037 seconds
[2024-03-26T02:12:26.055+0000] {processor.py:161} INFO - Started process (PID=6628) to work on /home/airflow/.local/lib/python3.8/site-packages/airflow/example_dags/tutorial.py
[2024-03-26T02:12:26.057+0000] {processor.py:830} INFO - Processing file /home/airflow/.local/lib/python3.8/site-packages/airflow/example_dags/tutorial.py for tasks to queue
[2024-03-26T02:12:26.058+0000] {logging_mixin.py:188} INFO - [2024-03-26T02:12:26.058+0000] {dagbag.py:540} INFO - Filling up the DagBag from /home/airflow/.local/lib/python3.8/site-packages/airflow/example_dags/tutorial.py
[2024-03-26T02:12:26.061+0000] {processor.py:840} INFO - DAG(s) 'tutorial' retrieved from /home/airflow/.local/lib/python3.8/site-packages/airflow/example_dags/tutorial.py
[2024-03-26T02:12:26.073+0000] {logging_mixin.py:188} INFO - [2024-03-26T02:12:26.073+0000] {dag.py:3047} INFO - Sync 1 DAGs
[2024-03-26T02:12:26.082+0000] {logging_mixin.py:188} INFO - [2024-03-26T02:12:26.082+0000] {dag.py:3834} INFO - Setting next_dagrun for tutorial to 2024-03-25 00:00:00+00:00, run_after=2024-03-26 00:00:00+00:00
[2024-03-26T02:12:26.089+0000] {processor.py:183} INFO - Processing /home/airflow/.local/lib/python3.8/site-packages/airflow/example_dags/tutorial.py took 0.036 seconds
[2024-03-26T02:12:57.034+0000] {processor.py:161} INFO - Started process (PID=6683) to work on /home/airflow/.local/lib/python3.8/site-packages/airflow/example_dags/tutorial.py
[2024-03-26T02:12:57.035+0000] {processor.py:830} INFO - Processing file /home/airflow/.local/lib/python3.8/site-packages/airflow/example_dags/tutorial.py for tasks to queue
[2024-03-26T02:12:57.036+0000] {logging_mixin.py:188} INFO - [2024-03-26T02:12:57.036+0000] {dagbag.py:540} INFO - Filling up the DagBag from /home/airflow/.local/lib/python3.8/site-packages/airflow/example_dags/tutorial.py
[2024-03-26T02:12:57.040+0000] {processor.py:840} INFO - DAG(s) 'tutorial' retrieved from /home/airflow/.local/lib/python3.8/site-packages/airflow/example_dags/tutorial.py
[2024-03-26T02:12:57.053+0000] {logging_mixin.py:188} INFO - [2024-03-26T02:12:57.053+0000] {dag.py:3047} INFO - Sync 1 DAGs
[2024-03-26T02:12:57.064+0000] {logging_mixin.py:188} INFO - [2024-03-26T02:12:57.064+0000] {dag.py:3834} INFO - Setting next_dagrun for tutorial to 2024-03-25 00:00:00+00:00, run_after=2024-03-26 00:00:00+00:00
[2024-03-26T02:12:57.072+0000] {processor.py:183} INFO - Processing /home/airflow/.local/lib/python3.8/site-packages/airflow/example_dags/tutorial.py took 0.040 seconds
[2024-03-26T02:13:27.173+0000] {processor.py:161} INFO - Started process (PID=6738) to work on /home/airflow/.local/lib/python3.8/site-packages/airflow/example_dags/tutorial.py
[2024-03-26T02:13:27.173+0000] {processor.py:830} INFO - Processing file /home/airflow/.local/lib/python3.8/site-packages/airflow/example_dags/tutorial.py for tasks to queue
[2024-03-26T02:13:27.174+0000] {logging_mixin.py:188} INFO - [2024-03-26T02:13:27.174+0000] {dagbag.py:540} INFO - Filling up the DagBag from /home/airflow/.local/lib/python3.8/site-packages/airflow/example_dags/tutorial.py
[2024-03-26T02:13:27.178+0000] {processor.py:840} INFO - DAG(s) 'tutorial' retrieved from /home/airflow/.local/lib/python3.8/site-packages/airflow/example_dags/tutorial.py
[2024-03-26T02:13:27.190+0000] {logging_mixin.py:188} INFO - [2024-03-26T02:13:27.190+0000] {dag.py:3047} INFO - Sync 1 DAGs
[2024-03-26T02:13:27.200+0000] {logging_mixin.py:188} INFO - [2024-03-26T02:13:27.200+0000] {dag.py:3834} INFO - Setting next_dagrun for tutorial to 2024-03-25 00:00:00+00:00, run_after=2024-03-26 00:00:00+00:00
[2024-03-26T02:13:27.208+0000] {processor.py:183} INFO - Processing /home/airflow/.local/lib/python3.8/site-packages/airflow/example_dags/tutorial.py took 0.037 seconds
[2024-03-26T02:13:57.809+0000] {processor.py:161} INFO - Started process (PID=6793) to work on /home/airflow/.local/lib/python3.8/site-packages/airflow/example_dags/tutorial.py
[2024-03-26T02:13:57.810+0000] {processor.py:830} INFO - Processing file /home/airflow/.local/lib/python3.8/site-packages/airflow/example_dags/tutorial.py for tasks to queue
[2024-03-26T02:13:57.811+0000] {logging_mixin.py:188} INFO - [2024-03-26T02:13:57.810+0000] {dagbag.py:540} INFO - Filling up the DagBag from /home/airflow/.local/lib/python3.8/site-packages/airflow/example_dags/tutorial.py
[2024-03-26T02:13:57.814+0000] {processor.py:840} INFO - DAG(s) 'tutorial' retrieved from /home/airflow/.local/lib/python3.8/site-packages/airflow/example_dags/tutorial.py
[2024-03-26T02:13:57.826+0000] {logging_mixin.py:188} INFO - [2024-03-26T02:13:57.826+0000] {dag.py:3047} INFO - Sync 1 DAGs
[2024-03-26T02:13:57.836+0000] {logging_mixin.py:188} INFO - [2024-03-26T02:13:57.836+0000] {dag.py:3834} INFO - Setting next_dagrun for tutorial to 2024-03-25 00:00:00+00:00, run_after=2024-03-26 00:00:00+00:00
[2024-03-26T02:13:57.844+0000] {processor.py:183} INFO - Processing /home/airflow/.local/lib/python3.8/site-packages/airflow/example_dags/tutorial.py took 0.037 seconds
[2024-03-26T02:14:28.464+0000] {processor.py:161} INFO - Started process (PID=6848) to work on /home/airflow/.local/lib/python3.8/site-packages/airflow/example_dags/tutorial.py
[2024-03-26T02:14:28.464+0000] {processor.py:830} INFO - Processing file /home/airflow/.local/lib/python3.8/site-packages/airflow/example_dags/tutorial.py for tasks to queue
[2024-03-26T02:14:28.465+0000] {logging_mixin.py:188} INFO - [2024-03-26T02:14:28.465+0000] {dagbag.py:540} INFO - Filling up the DagBag from /home/airflow/.local/lib/python3.8/site-packages/airflow/example_dags/tutorial.py
[2024-03-26T02:14:28.469+0000] {processor.py:840} INFO - DAG(s) 'tutorial' retrieved from /home/airflow/.local/lib/python3.8/site-packages/airflow/example_dags/tutorial.py
[2024-03-26T02:14:28.481+0000] {logging_mixin.py:188} INFO - [2024-03-26T02:14:28.481+0000] {dag.py:3047} INFO - Sync 1 DAGs
[2024-03-26T02:14:28.491+0000] {logging_mixin.py:188} INFO - [2024-03-26T02:14:28.491+0000] {dag.py:3834} INFO - Setting next_dagrun for tutorial to 2024-03-25 00:00:00+00:00, run_after=2024-03-26 00:00:00+00:00
[2024-03-26T02:14:28.499+0000] {processor.py:183} INFO - Processing /home/airflow/.local/lib/python3.8/site-packages/airflow/example_dags/tutorial.py took 0.037 seconds
[2024-03-26T02:14:59.115+0000] {processor.py:161} INFO - Started process (PID=6903) to work on /home/airflow/.local/lib/python3.8/site-packages/airflow/example_dags/tutorial.py
[2024-03-26T02:14:59.115+0000] {processor.py:830} INFO - Processing file /home/airflow/.local/lib/python3.8/site-packages/airflow/example_dags/tutorial.py for tasks to queue
[2024-03-26T02:14:59.116+0000] {logging_mixin.py:188} INFO - [2024-03-26T02:14:59.116+0000] {dagbag.py:540} INFO - Filling up the DagBag from /home/airflow/.local/lib/python3.8/site-packages/airflow/example_dags/tutorial.py
[2024-03-26T02:14:59.120+0000] {processor.py:840} INFO - DAG(s) 'tutorial' retrieved from /home/airflow/.local/lib/python3.8/site-packages/airflow/example_dags/tutorial.py
[2024-03-26T02:14:59.133+0000] {logging_mixin.py:188} INFO - [2024-03-26T02:14:59.132+0000] {dag.py:3047} INFO - Sync 1 DAGs
[2024-03-26T02:14:59.142+0000] {logging_mixin.py:188} INFO - [2024-03-26T02:14:59.142+0000] {dag.py:3834} INFO - Setting next_dagrun for tutorial to 2024-03-25 00:00:00+00:00, run_after=2024-03-26 00:00:00+00:00
[2024-03-26T02:14:59.150+0000] {processor.py:183} INFO - Processing /home/airflow/.local/lib/python3.8/site-packages/airflow/example_dags/tutorial.py took 0.037 seconds
[2024-03-26T02:15:29.730+0000] {processor.py:161} INFO - Started process (PID=6958) to work on /home/airflow/.local/lib/python3.8/site-packages/airflow/example_dags/tutorial.py
[2024-03-26T02:15:29.730+0000] {processor.py:830} INFO - Processing file /home/airflow/.local/lib/python3.8/site-packages/airflow/example_dags/tutorial.py for tasks to queue
[2024-03-26T02:15:29.731+0000] {logging_mixin.py:188} INFO - [2024-03-26T02:15:29.731+0000] {dagbag.py:540} INFO - Filling up the DagBag from /home/airflow/.local/lib/python3.8/site-packages/airflow/example_dags/tutorial.py
[2024-03-26T02:15:29.735+0000] {processor.py:840} INFO - DAG(s) 'tutorial' retrieved from /home/airflow/.local/lib/python3.8/site-packages/airflow/example_dags/tutorial.py
[2024-03-26T02:15:29.747+0000] {logging_mixin.py:188} INFO - [2024-03-26T02:15:29.747+0000] {dag.py:3047} INFO - Sync 1 DAGs
[2024-03-26T02:15:29.757+0000] {logging_mixin.py:188} INFO - [2024-03-26T02:15:29.757+0000] {dag.py:3834} INFO - Setting next_dagrun for tutorial to 2024-03-25 00:00:00+00:00, run_after=2024-03-26 00:00:00+00:00
[2024-03-26T02:15:29.765+0000] {processor.py:183} INFO - Processing /home/airflow/.local/lib/python3.8/site-packages/airflow/example_dags/tutorial.py took 0.037 seconds
[2024-03-26T02:16:00.341+0000] {processor.py:161} INFO - Started process (PID=7013) to work on /home/airflow/.local/lib/python3.8/site-packages/airflow/example_dags/tutorial.py
[2024-03-26T02:16:00.342+0000] {processor.py:830} INFO - Processing file /home/airflow/.local/lib/python3.8/site-packages/airflow/example_dags/tutorial.py for tasks to queue
[2024-03-26T02:16:00.343+0000] {logging_mixin.py:188} INFO - [2024-03-26T02:16:00.342+0000] {dagbag.py:540} INFO - Filling up the DagBag from /home/airflow/.local/lib/python3.8/site-packages/airflow/example_dags/tutorial.py
[2024-03-26T02:16:00.346+0000] {processor.py:840} INFO - DAG(s) 'tutorial' retrieved from /home/airflow/.local/lib/python3.8/site-packages/airflow/example_dags/tutorial.py
[2024-03-26T02:16:00.358+0000] {logging_mixin.py:188} INFO - [2024-03-26T02:16:00.358+0000] {dag.py:3047} INFO - Sync 1 DAGs
[2024-03-26T02:16:00.368+0000] {logging_mixin.py:188} INFO - [2024-03-26T02:16:00.368+0000] {dag.py:3834} INFO - Setting next_dagrun for tutorial to 2024-03-25 00:00:00+00:00, run_after=2024-03-26 00:00:00+00:00
[2024-03-26T02:16:00.376+0000] {processor.py:183} INFO - Processing /home/airflow/.local/lib/python3.8/site-packages/airflow/example_dags/tutorial.py took 0.037 seconds
[2024-03-26T02:16:31.127+0000] {processor.py:161} INFO - Started process (PID=7068) to work on /home/airflow/.local/lib/python3.8/site-packages/airflow/example_dags/tutorial.py
[2024-03-26T02:16:31.127+0000] {processor.py:830} INFO - Processing file /home/airflow/.local/lib/python3.8/site-packages/airflow/example_dags/tutorial.py for tasks to queue
[2024-03-26T02:16:31.129+0000] {logging_mixin.py:188} INFO - [2024-03-26T02:16:31.128+0000] {dagbag.py:540} INFO - Filling up the DagBag from /home/airflow/.local/lib/python3.8/site-packages/airflow/example_dags/tutorial.py
[2024-03-26T02:16:31.132+0000] {processor.py:840} INFO - DAG(s) 'tutorial' retrieved from /home/airflow/.local/lib/python3.8/site-packages/airflow/example_dags/tutorial.py
[2024-03-26T02:16:31.145+0000] {logging_mixin.py:188} INFO - [2024-03-26T02:16:31.145+0000] {dag.py:3047} INFO - Sync 1 DAGs
[2024-03-26T02:16:31.156+0000] {logging_mixin.py:188} INFO - [2024-03-26T02:16:31.156+0000] {dag.py:3834} INFO - Setting next_dagrun for tutorial to 2024-03-25 00:00:00+00:00, run_after=2024-03-26 00:00:00+00:00
[2024-03-26T02:16:31.164+0000] {processor.py:183} INFO - Processing /home/airflow/.local/lib/python3.8/site-packages/airflow/example_dags/tutorial.py took 0.039 seconds
[2024-03-26T02:17:01.725+0000] {processor.py:161} INFO - Started process (PID=7123) to work on /home/airflow/.local/lib/python3.8/site-packages/airflow/example_dags/tutorial.py
[2024-03-26T02:17:01.726+0000] {processor.py:830} INFO - Processing file /home/airflow/.local/lib/python3.8/site-packages/airflow/example_dags/tutorial.py for tasks to queue
[2024-03-26T02:17:01.727+0000] {logging_mixin.py:188} INFO - [2024-03-26T02:17:01.727+0000] {dagbag.py:540} INFO - Filling up the DagBag from /home/airflow/.local/lib/python3.8/site-packages/airflow/example_dags/tutorial.py
[2024-03-26T02:17:01.730+0000] {processor.py:840} INFO - DAG(s) 'tutorial' retrieved from /home/airflow/.local/lib/python3.8/site-packages/airflow/example_dags/tutorial.py
[2024-03-26T02:17:01.743+0000] {logging_mixin.py:188} INFO - [2024-03-26T02:17:01.743+0000] {dag.py:3047} INFO - Sync 1 DAGs
[2024-03-26T02:17:01.753+0000] {logging_mixin.py:188} INFO - [2024-03-26T02:17:01.753+0000] {dag.py:3834} INFO - Setting next_dagrun for tutorial to 2024-03-25 00:00:00+00:00, run_after=2024-03-26 00:00:00+00:00
[2024-03-26T02:17:01.761+0000] {processor.py:183} INFO - Processing /home/airflow/.local/lib/python3.8/site-packages/airflow/example_dags/tutorial.py took 0.038 seconds
[2024-03-26T02:17:32.335+0000] {processor.py:161} INFO - Started process (PID=7178) to work on /home/airflow/.local/lib/python3.8/site-packages/airflow/example_dags/tutorial.py
[2024-03-26T02:17:32.335+0000] {processor.py:830} INFO - Processing file /home/airflow/.local/lib/python3.8/site-packages/airflow/example_dags/tutorial.py for tasks to queue
[2024-03-26T02:17:32.336+0000] {logging_mixin.py:188} INFO - [2024-03-26T02:17:32.336+0000] {dagbag.py:540} INFO - Filling up the DagBag from /home/airflow/.local/lib/python3.8/site-packages/airflow/example_dags/tutorial.py
[2024-03-26T02:17:32.340+0000] {processor.py:840} INFO - DAG(s) 'tutorial' retrieved from /home/airflow/.local/lib/python3.8/site-packages/airflow/example_dags/tutorial.py
[2024-03-26T02:17:32.352+0000] {logging_mixin.py:188} INFO - [2024-03-26T02:17:32.352+0000] {dag.py:3047} INFO - Sync 1 DAGs
[2024-03-26T02:17:32.363+0000] {logging_mixin.py:188} INFO - [2024-03-26T02:17:32.363+0000] {dag.py:3834} INFO - Setting next_dagrun for tutorial to 2024-03-25 00:00:00+00:00, run_after=2024-03-26 00:00:00+00:00
[2024-03-26T02:17:32.372+0000] {processor.py:183} INFO - Processing /home/airflow/.local/lib/python3.8/site-packages/airflow/example_dags/tutorial.py took 0.039 seconds
[2024-03-26T02:18:03.025+0000] {processor.py:161} INFO - Started process (PID=7233) to work on /home/airflow/.local/lib/python3.8/site-packages/airflow/example_dags/tutorial.py
[2024-03-26T02:18:03.025+0000] {processor.py:830} INFO - Processing file /home/airflow/.local/lib/python3.8/site-packages/airflow/example_dags/tutorial.py for tasks to queue
[2024-03-26T02:18:03.026+0000] {logging_mixin.py:188} INFO - [2024-03-26T02:18:03.026+0000] {dagbag.py:540} INFO - Filling up the DagBag from /home/airflow/.local/lib/python3.8/site-packages/airflow/example_dags/tutorial.py
[2024-03-26T02:18:03.030+0000] {processor.py:840} INFO - DAG(s) 'tutorial' retrieved from /home/airflow/.local/lib/python3.8/site-packages/airflow/example_dags/tutorial.py
[2024-03-26T02:18:03.042+0000] {logging_mixin.py:188} INFO - [2024-03-26T02:18:03.042+0000] {dag.py:3047} INFO - Sync 1 DAGs
[2024-03-26T02:18:03.053+0000] {logging_mixin.py:188} INFO - [2024-03-26T02:18:03.053+0000] {dag.py:3834} INFO - Setting next_dagrun for tutorial to 2024-03-25 00:00:00+00:00, run_after=2024-03-26 00:00:00+00:00
[2024-03-26T02:18:03.061+0000] {processor.py:183} INFO - Processing /home/airflow/.local/lib/python3.8/site-packages/airflow/example_dags/tutorial.py took 0.038 seconds
[2024-03-26T02:18:33.638+0000] {processor.py:161} INFO - Started process (PID=7288) to work on /home/airflow/.local/lib/python3.8/site-packages/airflow/example_dags/tutorial.py
[2024-03-26T02:18:33.639+0000] {processor.py:830} INFO - Processing file /home/airflow/.local/lib/python3.8/site-packages/airflow/example_dags/tutorial.py for tasks to queue
[2024-03-26T02:18:33.640+0000] {logging_mixin.py:188} INFO - [2024-03-26T02:18:33.640+0000] {dagbag.py:540} INFO - Filling up the DagBag from /home/airflow/.local/lib/python3.8/site-packages/airflow/example_dags/tutorial.py
[2024-03-26T02:18:33.644+0000] {processor.py:840} INFO - DAG(s) 'tutorial' retrieved from /home/airflow/.local/lib/python3.8/site-packages/airflow/example_dags/tutorial.py
[2024-03-26T02:18:33.656+0000] {logging_mixin.py:188} INFO - [2024-03-26T02:18:33.656+0000] {dag.py:3047} INFO - Sync 1 DAGs
[2024-03-26T02:18:33.666+0000] {logging_mixin.py:188} INFO - [2024-03-26T02:18:33.666+0000] {dag.py:3834} INFO - Setting next_dagrun for tutorial to 2024-03-25 00:00:00+00:00, run_after=2024-03-26 00:00:00+00:00
[2024-03-26T02:18:33.673+0000] {processor.py:183} INFO - Processing /home/airflow/.local/lib/python3.8/site-packages/airflow/example_dags/tutorial.py took 0.037 seconds
[2024-03-26T02:19:04.400+0000] {processor.py:161} INFO - Started process (PID=7343) to work on /home/airflow/.local/lib/python3.8/site-packages/airflow/example_dags/tutorial.py
[2024-03-26T02:19:04.400+0000] {processor.py:830} INFO - Processing file /home/airflow/.local/lib/python3.8/site-packages/airflow/example_dags/tutorial.py for tasks to queue
[2024-03-26T02:19:04.401+0000] {logging_mixin.py:188} INFO - [2024-03-26T02:19:04.401+0000] {dagbag.py:540} INFO - Filling up the DagBag from /home/airflow/.local/lib/python3.8/site-packages/airflow/example_dags/tutorial.py
[2024-03-26T02:19:04.404+0000] {processor.py:840} INFO - DAG(s) 'tutorial' retrieved from /home/airflow/.local/lib/python3.8/site-packages/airflow/example_dags/tutorial.py
[2024-03-26T02:19:04.416+0000] {logging_mixin.py:188} INFO - [2024-03-26T02:19:04.416+0000] {dag.py:3047} INFO - Sync 1 DAGs
[2024-03-26T02:19:04.426+0000] {logging_mixin.py:188} INFO - [2024-03-26T02:19:04.426+0000] {dag.py:3834} INFO - Setting next_dagrun for tutorial to 2024-03-25 00:00:00+00:00, run_after=2024-03-26 00:00:00+00:00
[2024-03-26T02:19:04.433+0000] {processor.py:183} INFO - Processing /home/airflow/.local/lib/python3.8/site-packages/airflow/example_dags/tutorial.py took 0.035 seconds
