[2024-03-21T00:58:06.565+0000] {processor.py:161} INFO - Started process (PID=39) to work on /home/airflow/.local/lib/python3.8/site-packages/airflow/example_dags/example_latest_only_with_trigger.py
[2024-03-21T00:58:06.566+0000] {processor.py:830} INFO - Processing file /home/airflow/.local/lib/python3.8/site-packages/airflow/example_dags/example_latest_only_with_trigger.py for tasks to queue
[2024-03-21T00:58:06.568+0000] {logging_mixin.py:188} INFO - [2024-03-21T00:58:06.568+0000] {dagbag.py:540} INFO - Filling up the DagBag from /home/airflow/.local/lib/python3.8/site-packages/airflow/example_dags/example_latest_only_with_trigger.py
[2024-03-21T00:58:06.586+0000] {processor.py:840} INFO - DAG(s) 'latest_only_with_trigger' retrieved from /home/airflow/.local/lib/python3.8/site-packages/airflow/example_dags/example_latest_only_with_trigger.py
[2024-03-21T00:58:06.619+0000] {logging_mixin.py:188} INFO - [2024-03-21T00:58:06.619+0000] {dag.py:3047} INFO - Sync 1 DAGs
[2024-03-21T00:58:06.632+0000] {logging_mixin.py:188} INFO - [2024-03-21T00:58:06.632+0000] {dag.py:3834} INFO - Setting next_dagrun for latest_only_with_trigger to 2024-03-20 20:00:00+00:00, run_after=2024-03-21 00:00:00+00:00
[2024-03-21T00:58:06.645+0000] {processor.py:183} INFO - Processing /home/airflow/.local/lib/python3.8/site-packages/airflow/example_dags/example_latest_only_with_trigger.py took 0.084 seconds
[2024-03-21T00:58:36.993+0000] {processor.py:161} INFO - Started process (PID=104) to work on /home/airflow/.local/lib/python3.8/site-packages/airflow/example_dags/example_latest_only_with_trigger.py
[2024-03-21T00:58:36.994+0000] {processor.py:830} INFO - Processing file /home/airflow/.local/lib/python3.8/site-packages/airflow/example_dags/example_latest_only_with_trigger.py for tasks to queue
[2024-03-21T00:58:36.995+0000] {logging_mixin.py:188} INFO - [2024-03-21T00:58:36.995+0000] {dagbag.py:540} INFO - Filling up the DagBag from /home/airflow/.local/lib/python3.8/site-packages/airflow/example_dags/example_latest_only_with_trigger.py
[2024-03-21T00:58:36.999+0000] {processor.py:840} INFO - DAG(s) 'latest_only_with_trigger' retrieved from /home/airflow/.local/lib/python3.8/site-packages/airflow/example_dags/example_latest_only_with_trigger.py
[2024-03-21T00:58:37.015+0000] {logging_mixin.py:188} INFO - [2024-03-21T00:58:37.014+0000] {dag.py:3047} INFO - Sync 1 DAGs
[2024-03-21T00:58:37.027+0000] {logging_mixin.py:188} INFO - [2024-03-21T00:58:37.027+0000] {dag.py:3834} INFO - Setting next_dagrun for latest_only_with_trigger to 2024-03-20 20:00:00+00:00, run_after=2024-03-21 00:00:00+00:00
[2024-03-21T00:58:37.035+0000] {processor.py:183} INFO - Processing /home/airflow/.local/lib/python3.8/site-packages/airflow/example_dags/example_latest_only_with_trigger.py took 0.045 seconds
[2024-03-21T00:59:07.836+0000] {processor.py:161} INFO - Started process (PID=159) to work on /home/airflow/.local/lib/python3.8/site-packages/airflow/example_dags/example_latest_only_with_trigger.py
[2024-03-21T00:59:07.837+0000] {processor.py:830} INFO - Processing file /home/airflow/.local/lib/python3.8/site-packages/airflow/example_dags/example_latest_only_with_trigger.py for tasks to queue
[2024-03-21T00:59:07.838+0000] {logging_mixin.py:188} INFO - [2024-03-21T00:59:07.838+0000] {dagbag.py:540} INFO - Filling up the DagBag from /home/airflow/.local/lib/python3.8/site-packages/airflow/example_dags/example_latest_only_with_trigger.py
[2024-03-21T00:59:07.842+0000] {processor.py:840} INFO - DAG(s) 'latest_only_with_trigger' retrieved from /home/airflow/.local/lib/python3.8/site-packages/airflow/example_dags/example_latest_only_with_trigger.py
[2024-03-21T00:59:07.856+0000] {logging_mixin.py:188} INFO - [2024-03-21T00:59:07.856+0000] {dag.py:3047} INFO - Sync 1 DAGs
[2024-03-21T00:59:07.867+0000] {logging_mixin.py:188} INFO - [2024-03-21T00:59:07.867+0000] {dag.py:3834} INFO - Setting next_dagrun for latest_only_with_trigger to 2024-03-20 20:00:00+00:00, run_after=2024-03-21 00:00:00+00:00
[2024-03-21T00:59:07.877+0000] {processor.py:183} INFO - Processing /home/airflow/.local/lib/python3.8/site-packages/airflow/example_dags/example_latest_only_with_trigger.py took 0.042 seconds
[2024-03-21T00:59:38.625+0000] {processor.py:161} INFO - Started process (PID=214) to work on /home/airflow/.local/lib/python3.8/site-packages/airflow/example_dags/example_latest_only_with_trigger.py
[2024-03-21T00:59:38.626+0000] {processor.py:830} INFO - Processing file /home/airflow/.local/lib/python3.8/site-packages/airflow/example_dags/example_latest_only_with_trigger.py for tasks to queue
[2024-03-21T00:59:38.627+0000] {logging_mixin.py:188} INFO - [2024-03-21T00:59:38.626+0000] {dagbag.py:540} INFO - Filling up the DagBag from /home/airflow/.local/lib/python3.8/site-packages/airflow/example_dags/example_latest_only_with_trigger.py
[2024-03-21T00:59:38.630+0000] {processor.py:840} INFO - DAG(s) 'latest_only_with_trigger' retrieved from /home/airflow/.local/lib/python3.8/site-packages/airflow/example_dags/example_latest_only_with_trigger.py
[2024-03-21T00:59:38.643+0000] {logging_mixin.py:188} INFO - [2024-03-21T00:59:38.643+0000] {dag.py:3047} INFO - Sync 1 DAGs
[2024-03-21T00:59:38.652+0000] {logging_mixin.py:188} INFO - [2024-03-21T00:59:38.652+0000] {dag.py:3834} INFO - Setting next_dagrun for latest_only_with_trigger to 2024-03-20 20:00:00+00:00, run_after=2024-03-21 00:00:00+00:00
[2024-03-21T00:59:38.659+0000] {processor.py:183} INFO - Processing /home/airflow/.local/lib/python3.8/site-packages/airflow/example_dags/example_latest_only_with_trigger.py took 0.037 seconds
[2024-03-21T01:00:09.211+0000] {processor.py:161} INFO - Started process (PID=269) to work on /home/airflow/.local/lib/python3.8/site-packages/airflow/example_dags/example_latest_only_with_trigger.py
[2024-03-21T01:00:09.212+0000] {processor.py:830} INFO - Processing file /home/airflow/.local/lib/python3.8/site-packages/airflow/example_dags/example_latest_only_with_trigger.py for tasks to queue
[2024-03-21T01:00:09.213+0000] {logging_mixin.py:188} INFO - [2024-03-21T01:00:09.213+0000] {dagbag.py:540} INFO - Filling up the DagBag from /home/airflow/.local/lib/python3.8/site-packages/airflow/example_dags/example_latest_only_with_trigger.py
[2024-03-21T01:00:09.216+0000] {processor.py:840} INFO - DAG(s) 'latest_only_with_trigger' retrieved from /home/airflow/.local/lib/python3.8/site-packages/airflow/example_dags/example_latest_only_with_trigger.py
[2024-03-21T01:00:09.228+0000] {logging_mixin.py:188} INFO - [2024-03-21T01:00:09.228+0000] {dag.py:3047} INFO - Sync 1 DAGs
[2024-03-21T01:00:09.238+0000] {logging_mixin.py:188} INFO - [2024-03-21T01:00:09.238+0000] {dag.py:3834} INFO - Setting next_dagrun for latest_only_with_trigger to 2024-03-20 20:00:00+00:00, run_after=2024-03-21 00:00:00+00:00
[2024-03-21T01:00:09.245+0000] {processor.py:183} INFO - Processing /home/airflow/.local/lib/python3.8/site-packages/airflow/example_dags/example_latest_only_with_trigger.py took 0.035 seconds
[2024-03-21T01:00:39.998+0000] {processor.py:161} INFO - Started process (PID=324) to work on /home/airflow/.local/lib/python3.8/site-packages/airflow/example_dags/example_latest_only_with_trigger.py
[2024-03-21T01:00:39.998+0000] {processor.py:830} INFO - Processing file /home/airflow/.local/lib/python3.8/site-packages/airflow/example_dags/example_latest_only_with_trigger.py for tasks to queue
[2024-03-21T01:00:39.999+0000] {logging_mixin.py:188} INFO - [2024-03-21T01:00:39.999+0000] {dagbag.py:540} INFO - Filling up the DagBag from /home/airflow/.local/lib/python3.8/site-packages/airflow/example_dags/example_latest_only_with_trigger.py
[2024-03-21T01:00:40.003+0000] {processor.py:840} INFO - DAG(s) 'latest_only_with_trigger' retrieved from /home/airflow/.local/lib/python3.8/site-packages/airflow/example_dags/example_latest_only_with_trigger.py
[2024-03-21T01:00:40.016+0000] {logging_mixin.py:188} INFO - [2024-03-21T01:00:40.015+0000] {dag.py:3047} INFO - Sync 1 DAGs
[2024-03-21T01:00:40.025+0000] {logging_mixin.py:188} INFO - [2024-03-21T01:00:40.025+0000] {dag.py:3834} INFO - Setting next_dagrun for latest_only_with_trigger to 2024-03-20 20:00:00+00:00, run_after=2024-03-21 00:00:00+00:00
[2024-03-21T01:00:40.032+0000] {processor.py:183} INFO - Processing /home/airflow/.local/lib/python3.8/site-packages/airflow/example_dags/example_latest_only_with_trigger.py took 0.037 seconds
[2024-03-21T01:01:10.756+0000] {processor.py:161} INFO - Started process (PID=380) to work on /home/airflow/.local/lib/python3.8/site-packages/airflow/example_dags/example_latest_only_with_trigger.py
[2024-03-21T01:01:10.756+0000] {processor.py:830} INFO - Processing file /home/airflow/.local/lib/python3.8/site-packages/airflow/example_dags/example_latest_only_with_trigger.py for tasks to queue
[2024-03-21T01:01:10.757+0000] {logging_mixin.py:188} INFO - [2024-03-21T01:01:10.757+0000] {dagbag.py:540} INFO - Filling up the DagBag from /home/airflow/.local/lib/python3.8/site-packages/airflow/example_dags/example_latest_only_with_trigger.py
[2024-03-21T01:01:10.761+0000] {processor.py:840} INFO - DAG(s) 'latest_only_with_trigger' retrieved from /home/airflow/.local/lib/python3.8/site-packages/airflow/example_dags/example_latest_only_with_trigger.py
[2024-03-21T01:01:10.774+0000] {logging_mixin.py:188} INFO - [2024-03-21T01:01:10.774+0000] {dag.py:3047} INFO - Sync 1 DAGs
[2024-03-21T01:01:10.786+0000] {logging_mixin.py:188} INFO - [2024-03-21T01:01:10.786+0000] {dag.py:3834} INFO - Setting next_dagrun for latest_only_with_trigger to 2024-03-20 20:00:00+00:00, run_after=2024-03-21 00:00:00+00:00
[2024-03-21T01:01:10.793+0000] {processor.py:183} INFO - Processing /home/airflow/.local/lib/python3.8/site-packages/airflow/example_dags/example_latest_only_with_trigger.py took 0.040 seconds
[2024-03-21T01:01:41.563+0000] {processor.py:161} INFO - Started process (PID=435) to work on /home/airflow/.local/lib/python3.8/site-packages/airflow/example_dags/example_latest_only_with_trigger.py
[2024-03-21T01:01:41.563+0000] {processor.py:830} INFO - Processing file /home/airflow/.local/lib/python3.8/site-packages/airflow/example_dags/example_latest_only_with_trigger.py for tasks to queue
[2024-03-21T01:01:41.564+0000] {logging_mixin.py:188} INFO - [2024-03-21T01:01:41.564+0000] {dagbag.py:540} INFO - Filling up the DagBag from /home/airflow/.local/lib/python3.8/site-packages/airflow/example_dags/example_latest_only_with_trigger.py
[2024-03-21T01:01:41.567+0000] {processor.py:840} INFO - DAG(s) 'latest_only_with_trigger' retrieved from /home/airflow/.local/lib/python3.8/site-packages/airflow/example_dags/example_latest_only_with_trigger.py
[2024-03-21T01:01:41.580+0000] {logging_mixin.py:188} INFO - [2024-03-21T01:01:41.580+0000] {dag.py:3047} INFO - Sync 1 DAGs
[2024-03-21T01:01:41.590+0000] {logging_mixin.py:188} INFO - [2024-03-21T01:01:41.590+0000] {dag.py:3834} INFO - Setting next_dagrun for latest_only_with_trigger to 2024-03-20 20:00:00+00:00, run_after=2024-03-21 00:00:00+00:00
[2024-03-21T01:01:41.597+0000] {processor.py:183} INFO - Processing /home/airflow/.local/lib/python3.8/site-packages/airflow/example_dags/example_latest_only_with_trigger.py took 0.037 seconds
[2024-03-21T01:02:12.258+0000] {processor.py:161} INFO - Started process (PID=490) to work on /home/airflow/.local/lib/python3.8/site-packages/airflow/example_dags/example_latest_only_with_trigger.py
[2024-03-21T01:02:12.258+0000] {processor.py:830} INFO - Processing file /home/airflow/.local/lib/python3.8/site-packages/airflow/example_dags/example_latest_only_with_trigger.py for tasks to queue
[2024-03-21T01:02:12.259+0000] {logging_mixin.py:188} INFO - [2024-03-21T01:02:12.259+0000] {dagbag.py:540} INFO - Filling up the DagBag from /home/airflow/.local/lib/python3.8/site-packages/airflow/example_dags/example_latest_only_with_trigger.py
[2024-03-21T01:02:12.263+0000] {processor.py:840} INFO - DAG(s) 'latest_only_with_trigger' retrieved from /home/airflow/.local/lib/python3.8/site-packages/airflow/example_dags/example_latest_only_with_trigger.py
[2024-03-21T01:02:12.276+0000] {logging_mixin.py:188} INFO - [2024-03-21T01:02:12.276+0000] {dag.py:3047} INFO - Sync 1 DAGs
[2024-03-21T01:02:12.286+0000] {logging_mixin.py:188} INFO - [2024-03-21T01:02:12.286+0000] {dag.py:3834} INFO - Setting next_dagrun for latest_only_with_trigger to 2024-03-20 20:00:00+00:00, run_after=2024-03-21 00:00:00+00:00
[2024-03-21T01:02:12.294+0000] {processor.py:183} INFO - Processing /home/airflow/.local/lib/python3.8/site-packages/airflow/example_dags/example_latest_only_with_trigger.py took 0.039 seconds
[2024-03-21T01:02:42.360+0000] {processor.py:161} INFO - Started process (PID=545) to work on /home/airflow/.local/lib/python3.8/site-packages/airflow/example_dags/example_latest_only_with_trigger.py
[2024-03-21T01:02:42.360+0000] {processor.py:830} INFO - Processing file /home/airflow/.local/lib/python3.8/site-packages/airflow/example_dags/example_latest_only_with_trigger.py for tasks to queue
[2024-03-21T01:02:42.361+0000] {logging_mixin.py:188} INFO - [2024-03-21T01:02:42.361+0000] {dagbag.py:540} INFO - Filling up the DagBag from /home/airflow/.local/lib/python3.8/site-packages/airflow/example_dags/example_latest_only_with_trigger.py
[2024-03-21T01:02:42.365+0000] {processor.py:840} INFO - DAG(s) 'latest_only_with_trigger' retrieved from /home/airflow/.local/lib/python3.8/site-packages/airflow/example_dags/example_latest_only_with_trigger.py
[2024-03-21T01:02:42.378+0000] {logging_mixin.py:188} INFO - [2024-03-21T01:02:42.378+0000] {dag.py:3047} INFO - Sync 1 DAGs
[2024-03-21T01:02:42.387+0000] {logging_mixin.py:188} INFO - [2024-03-21T01:02:42.387+0000] {dag.py:3834} INFO - Setting next_dagrun for latest_only_with_trigger to 2024-03-20 20:00:00+00:00, run_after=2024-03-21 00:00:00+00:00
[2024-03-21T01:02:42.394+0000] {processor.py:183} INFO - Processing /home/airflow/.local/lib/python3.8/site-packages/airflow/example_dags/example_latest_only_with_trigger.py took 0.036 seconds
[2024-03-21T01:03:13.179+0000] {processor.py:161} INFO - Started process (PID=600) to work on /home/airflow/.local/lib/python3.8/site-packages/airflow/example_dags/example_latest_only_with_trigger.py
[2024-03-21T01:03:13.180+0000] {processor.py:830} INFO - Processing file /home/airflow/.local/lib/python3.8/site-packages/airflow/example_dags/example_latest_only_with_trigger.py for tasks to queue
[2024-03-21T01:03:13.181+0000] {logging_mixin.py:188} INFO - [2024-03-21T01:03:13.181+0000] {dagbag.py:540} INFO - Filling up the DagBag from /home/airflow/.local/lib/python3.8/site-packages/airflow/example_dags/example_latest_only_with_trigger.py
[2024-03-21T01:03:13.184+0000] {processor.py:840} INFO - DAG(s) 'latest_only_with_trigger' retrieved from /home/airflow/.local/lib/python3.8/site-packages/airflow/example_dags/example_latest_only_with_trigger.py
[2024-03-21T01:03:13.197+0000] {logging_mixin.py:188} INFO - [2024-03-21T01:03:13.196+0000] {dag.py:3047} INFO - Sync 1 DAGs
[2024-03-21T01:03:13.206+0000] {logging_mixin.py:188} INFO - [2024-03-21T01:03:13.206+0000] {dag.py:3834} INFO - Setting next_dagrun for latest_only_with_trigger to 2024-03-20 20:00:00+00:00, run_after=2024-03-21 00:00:00+00:00
[2024-03-21T01:03:13.214+0000] {processor.py:183} INFO - Processing /home/airflow/.local/lib/python3.8/site-packages/airflow/example_dags/example_latest_only_with_trigger.py took 0.037 seconds
[2024-03-21T01:03:43.884+0000] {processor.py:161} INFO - Started process (PID=655) to work on /home/airflow/.local/lib/python3.8/site-packages/airflow/example_dags/example_latest_only_with_trigger.py
[2024-03-21T01:03:43.885+0000] {processor.py:830} INFO - Processing file /home/airflow/.local/lib/python3.8/site-packages/airflow/example_dags/example_latest_only_with_trigger.py for tasks to queue
[2024-03-21T01:03:43.886+0000] {logging_mixin.py:188} INFO - [2024-03-21T01:03:43.886+0000] {dagbag.py:540} INFO - Filling up the DagBag from /home/airflow/.local/lib/python3.8/site-packages/airflow/example_dags/example_latest_only_with_trigger.py
[2024-03-21T01:03:43.889+0000] {processor.py:840} INFO - DAG(s) 'latest_only_with_trigger' retrieved from /home/airflow/.local/lib/python3.8/site-packages/airflow/example_dags/example_latest_only_with_trigger.py
[2024-03-21T01:03:43.902+0000] {logging_mixin.py:188} INFO - [2024-03-21T01:03:43.902+0000] {dag.py:3047} INFO - Sync 1 DAGs
[2024-03-21T01:03:43.911+0000] {logging_mixin.py:188} INFO - [2024-03-21T01:03:43.911+0000] {dag.py:3834} INFO - Setting next_dagrun for latest_only_with_trigger to 2024-03-20 20:00:00+00:00, run_after=2024-03-21 00:00:00+00:00
[2024-03-21T01:03:43.919+0000] {processor.py:183} INFO - Processing /home/airflow/.local/lib/python3.8/site-packages/airflow/example_dags/example_latest_only_with_trigger.py took 0.036 seconds
[2024-03-21T01:04:14.619+0000] {processor.py:161} INFO - Started process (PID=710) to work on /home/airflow/.local/lib/python3.8/site-packages/airflow/example_dags/example_latest_only_with_trigger.py
[2024-03-21T01:04:14.620+0000] {processor.py:830} INFO - Processing file /home/airflow/.local/lib/python3.8/site-packages/airflow/example_dags/example_latest_only_with_trigger.py for tasks to queue
[2024-03-21T01:04:14.621+0000] {logging_mixin.py:188} INFO - [2024-03-21T01:04:14.621+0000] {dagbag.py:540} INFO - Filling up the DagBag from /home/airflow/.local/lib/python3.8/site-packages/airflow/example_dags/example_latest_only_with_trigger.py
[2024-03-21T01:04:14.624+0000] {processor.py:840} INFO - DAG(s) 'latest_only_with_trigger' retrieved from /home/airflow/.local/lib/python3.8/site-packages/airflow/example_dags/example_latest_only_with_trigger.py
[2024-03-21T01:04:14.637+0000] {logging_mixin.py:188} INFO - [2024-03-21T01:04:14.637+0000] {dag.py:3047} INFO - Sync 1 DAGs
[2024-03-21T01:04:14.647+0000] {logging_mixin.py:188} INFO - [2024-03-21T01:04:14.647+0000] {dag.py:3834} INFO - Setting next_dagrun for latest_only_with_trigger to 2024-03-20 20:00:00+00:00, run_after=2024-03-21 00:00:00+00:00
[2024-03-21T01:04:14.654+0000] {processor.py:183} INFO - Processing /home/airflow/.local/lib/python3.8/site-packages/airflow/example_dags/example_latest_only_with_trigger.py took 0.037 seconds
[2024-03-21T01:04:45.366+0000] {processor.py:161} INFO - Started process (PID=765) to work on /home/airflow/.local/lib/python3.8/site-packages/airflow/example_dags/example_latest_only_with_trigger.py
[2024-03-21T01:04:45.367+0000] {processor.py:830} INFO - Processing file /home/airflow/.local/lib/python3.8/site-packages/airflow/example_dags/example_latest_only_with_trigger.py for tasks to queue
[2024-03-21T01:04:45.368+0000] {logging_mixin.py:188} INFO - [2024-03-21T01:04:45.368+0000] {dagbag.py:540} INFO - Filling up the DagBag from /home/airflow/.local/lib/python3.8/site-packages/airflow/example_dags/example_latest_only_with_trigger.py
[2024-03-21T01:04:45.373+0000] {processor.py:840} INFO - DAG(s) 'latest_only_with_trigger' retrieved from /home/airflow/.local/lib/python3.8/site-packages/airflow/example_dags/example_latest_only_with_trigger.py
[2024-03-21T01:04:45.392+0000] {logging_mixin.py:188} INFO - [2024-03-21T01:04:45.392+0000] {dag.py:3047} INFO - Sync 1 DAGs
[2024-03-21T01:04:45.403+0000] {logging_mixin.py:188} INFO - [2024-03-21T01:04:45.403+0000] {dag.py:3834} INFO - Setting next_dagrun for latest_only_with_trigger to 2024-03-20 20:00:00+00:00, run_after=2024-03-21 00:00:00+00:00
[2024-03-21T01:04:45.411+0000] {processor.py:183} INFO - Processing /home/airflow/.local/lib/python3.8/site-packages/airflow/example_dags/example_latest_only_with_trigger.py took 0.047 seconds
[2024-03-21T01:05:15.456+0000] {processor.py:161} INFO - Started process (PID=820) to work on /home/airflow/.local/lib/python3.8/site-packages/airflow/example_dags/example_latest_only_with_trigger.py
[2024-03-21T01:05:15.457+0000] {processor.py:830} INFO - Processing file /home/airflow/.local/lib/python3.8/site-packages/airflow/example_dags/example_latest_only_with_trigger.py for tasks to queue
[2024-03-21T01:05:15.458+0000] {logging_mixin.py:188} INFO - [2024-03-21T01:05:15.458+0000] {dagbag.py:540} INFO - Filling up the DagBag from /home/airflow/.local/lib/python3.8/site-packages/airflow/example_dags/example_latest_only_with_trigger.py
[2024-03-21T01:05:15.462+0000] {processor.py:840} INFO - DAG(s) 'latest_only_with_trigger' retrieved from /home/airflow/.local/lib/python3.8/site-packages/airflow/example_dags/example_latest_only_with_trigger.py
[2024-03-21T01:05:15.476+0000] {logging_mixin.py:188} INFO - [2024-03-21T01:05:15.476+0000] {dag.py:3047} INFO - Sync 1 DAGs
[2024-03-21T01:05:15.488+0000] {logging_mixin.py:188} INFO - [2024-03-21T01:05:15.488+0000] {dag.py:3834} INFO - Setting next_dagrun for latest_only_with_trigger to 2024-03-20 20:00:00+00:00, run_after=2024-03-21 00:00:00+00:00
[2024-03-21T01:05:15.499+0000] {processor.py:183} INFO - Processing /home/airflow/.local/lib/python3.8/site-packages/airflow/example_dags/example_latest_only_with_trigger.py took 0.045 seconds
[2024-03-21T01:05:45.557+0000] {processor.py:161} INFO - Started process (PID=875) to work on /home/airflow/.local/lib/python3.8/site-packages/airflow/example_dags/example_latest_only_with_trigger.py
[2024-03-21T01:05:45.557+0000] {processor.py:830} INFO - Processing file /home/airflow/.local/lib/python3.8/site-packages/airflow/example_dags/example_latest_only_with_trigger.py for tasks to queue
[2024-03-21T01:05:45.558+0000] {logging_mixin.py:188} INFO - [2024-03-21T01:05:45.558+0000] {dagbag.py:540} INFO - Filling up the DagBag from /home/airflow/.local/lib/python3.8/site-packages/airflow/example_dags/example_latest_only_with_trigger.py
[2024-03-21T01:05:45.562+0000] {processor.py:840} INFO - DAG(s) 'latest_only_with_trigger' retrieved from /home/airflow/.local/lib/python3.8/site-packages/airflow/example_dags/example_latest_only_with_trigger.py
[2024-03-21T01:05:45.575+0000] {logging_mixin.py:188} INFO - [2024-03-21T01:05:45.575+0000] {dag.py:3047} INFO - Sync 1 DAGs
[2024-03-21T01:05:45.586+0000] {logging_mixin.py:188} INFO - [2024-03-21T01:05:45.585+0000] {dag.py:3834} INFO - Setting next_dagrun for latest_only_with_trigger to 2024-03-20 20:00:00+00:00, run_after=2024-03-21 00:00:00+00:00
[2024-03-21T01:05:45.594+0000] {processor.py:183} INFO - Processing /home/airflow/.local/lib/python3.8/site-packages/airflow/example_dags/example_latest_only_with_trigger.py took 0.040 seconds
[2024-03-21T01:06:15.826+0000] {processor.py:161} INFO - Started process (PID=930) to work on /home/airflow/.local/lib/python3.8/site-packages/airflow/example_dags/example_latest_only_with_trigger.py
[2024-03-21T01:06:15.827+0000] {processor.py:830} INFO - Processing file /home/airflow/.local/lib/python3.8/site-packages/airflow/example_dags/example_latest_only_with_trigger.py for tasks to queue
[2024-03-21T01:06:15.828+0000] {logging_mixin.py:188} INFO - [2024-03-21T01:06:15.828+0000] {dagbag.py:540} INFO - Filling up the DagBag from /home/airflow/.local/lib/python3.8/site-packages/airflow/example_dags/example_latest_only_with_trigger.py
[2024-03-21T01:06:15.832+0000] {processor.py:840} INFO - DAG(s) 'latest_only_with_trigger' retrieved from /home/airflow/.local/lib/python3.8/site-packages/airflow/example_dags/example_latest_only_with_trigger.py
[2024-03-21T01:06:15.848+0000] {logging_mixin.py:188} INFO - [2024-03-21T01:06:15.848+0000] {dag.py:3047} INFO - Sync 1 DAGs
[2024-03-21T01:06:15.859+0000] {logging_mixin.py:188} INFO - [2024-03-21T01:06:15.859+0000] {dag.py:3834} INFO - Setting next_dagrun for latest_only_with_trigger to 2024-03-20 20:00:00+00:00, run_after=2024-03-21 00:00:00+00:00
[2024-03-21T01:06:15.868+0000] {processor.py:183} INFO - Processing /home/airflow/.local/lib/python3.8/site-packages/airflow/example_dags/example_latest_only_with_trigger.py took 0.045 seconds
[2024-03-21T01:06:45.966+0000] {processor.py:161} INFO - Started process (PID=985) to work on /home/airflow/.local/lib/python3.8/site-packages/airflow/example_dags/example_latest_only_with_trigger.py
[2024-03-21T01:06:45.967+0000] {processor.py:830} INFO - Processing file /home/airflow/.local/lib/python3.8/site-packages/airflow/example_dags/example_latest_only_with_trigger.py for tasks to queue
[2024-03-21T01:06:45.968+0000] {logging_mixin.py:188} INFO - [2024-03-21T01:06:45.968+0000] {dagbag.py:540} INFO - Filling up the DagBag from /home/airflow/.local/lib/python3.8/site-packages/airflow/example_dags/example_latest_only_with_trigger.py
[2024-03-21T01:06:45.972+0000] {processor.py:840} INFO - DAG(s) 'latest_only_with_trigger' retrieved from /home/airflow/.local/lib/python3.8/site-packages/airflow/example_dags/example_latest_only_with_trigger.py
[2024-03-21T01:06:45.988+0000] {logging_mixin.py:188} INFO - [2024-03-21T01:06:45.988+0000] {dag.py:3047} INFO - Sync 1 DAGs
[2024-03-21T01:06:45.999+0000] {logging_mixin.py:188} INFO - [2024-03-21T01:06:45.998+0000] {dag.py:3834} INFO - Setting next_dagrun for latest_only_with_trigger to 2024-03-20 20:00:00+00:00, run_after=2024-03-21 00:00:00+00:00
[2024-03-21T01:06:46.007+0000] {processor.py:183} INFO - Processing /home/airflow/.local/lib/python3.8/site-packages/airflow/example_dags/example_latest_only_with_trigger.py took 0.044 seconds
[2024-03-21T01:07:16.797+0000] {processor.py:161} INFO - Started process (PID=1040) to work on /home/airflow/.local/lib/python3.8/site-packages/airflow/example_dags/example_latest_only_with_trigger.py
[2024-03-21T01:07:16.798+0000] {processor.py:830} INFO - Processing file /home/airflow/.local/lib/python3.8/site-packages/airflow/example_dags/example_latest_only_with_trigger.py for tasks to queue
[2024-03-21T01:07:16.800+0000] {logging_mixin.py:188} INFO - [2024-03-21T01:07:16.799+0000] {dagbag.py:540} INFO - Filling up the DagBag from /home/airflow/.local/lib/python3.8/site-packages/airflow/example_dags/example_latest_only_with_trigger.py
[2024-03-21T01:07:16.804+0000] {processor.py:840} INFO - DAG(s) 'latest_only_with_trigger' retrieved from /home/airflow/.local/lib/python3.8/site-packages/airflow/example_dags/example_latest_only_with_trigger.py
[2024-03-21T01:07:16.821+0000] {logging_mixin.py:188} INFO - [2024-03-21T01:07:16.820+0000] {dag.py:3047} INFO - Sync 1 DAGs
[2024-03-21T01:07:16.833+0000] {logging_mixin.py:188} INFO - [2024-03-21T01:07:16.832+0000] {dag.py:3834} INFO - Setting next_dagrun for latest_only_with_trigger to 2024-03-20 20:00:00+00:00, run_after=2024-03-21 00:00:00+00:00
[2024-03-21T01:07:16.842+0000] {processor.py:183} INFO - Processing /home/airflow/.local/lib/python3.8/site-packages/airflow/example_dags/example_latest_only_with_trigger.py took 0.047 seconds
[2024-03-21T01:07:47.005+0000] {processor.py:161} INFO - Started process (PID=1095) to work on /home/airflow/.local/lib/python3.8/site-packages/airflow/example_dags/example_latest_only_with_trigger.py
[2024-03-21T01:07:47.005+0000] {processor.py:830} INFO - Processing file /home/airflow/.local/lib/python3.8/site-packages/airflow/example_dags/example_latest_only_with_trigger.py for tasks to queue
[2024-03-21T01:07:47.006+0000] {logging_mixin.py:188} INFO - [2024-03-21T01:07:47.006+0000] {dagbag.py:540} INFO - Filling up the DagBag from /home/airflow/.local/lib/python3.8/site-packages/airflow/example_dags/example_latest_only_with_trigger.py
[2024-03-21T01:07:47.010+0000] {processor.py:840} INFO - DAG(s) 'latest_only_with_trigger' retrieved from /home/airflow/.local/lib/python3.8/site-packages/airflow/example_dags/example_latest_only_with_trigger.py
[2024-03-21T01:07:47.026+0000] {logging_mixin.py:188} INFO - [2024-03-21T01:07:47.026+0000] {dag.py:3047} INFO - Sync 1 DAGs
[2024-03-21T01:07:47.038+0000] {logging_mixin.py:188} INFO - [2024-03-21T01:07:47.038+0000] {dag.py:3834} INFO - Setting next_dagrun for latest_only_with_trigger to 2024-03-20 20:00:00+00:00, run_after=2024-03-21 00:00:00+00:00
[2024-03-21T01:07:47.048+0000] {processor.py:183} INFO - Processing /home/airflow/.local/lib/python3.8/site-packages/airflow/example_dags/example_latest_only_with_trigger.py took 0.045 seconds
[2024-03-21T01:08:17.320+0000] {processor.py:161} INFO - Started process (PID=1150) to work on /home/airflow/.local/lib/python3.8/site-packages/airflow/example_dags/example_latest_only_with_trigger.py
[2024-03-21T01:08:17.321+0000] {processor.py:830} INFO - Processing file /home/airflow/.local/lib/python3.8/site-packages/airflow/example_dags/example_latest_only_with_trigger.py for tasks to queue
[2024-03-21T01:08:17.322+0000] {logging_mixin.py:188} INFO - [2024-03-21T01:08:17.322+0000] {dagbag.py:540} INFO - Filling up the DagBag from /home/airflow/.local/lib/python3.8/site-packages/airflow/example_dags/example_latest_only_with_trigger.py
[2024-03-21T01:08:17.326+0000] {processor.py:840} INFO - DAG(s) 'latest_only_with_trigger' retrieved from /home/airflow/.local/lib/python3.8/site-packages/airflow/example_dags/example_latest_only_with_trigger.py
[2024-03-21T01:08:17.340+0000] {logging_mixin.py:188} INFO - [2024-03-21T01:08:17.339+0000] {dag.py:3047} INFO - Sync 1 DAGs
[2024-03-21T01:08:17.351+0000] {logging_mixin.py:188} INFO - [2024-03-21T01:08:17.351+0000] {dag.py:3834} INFO - Setting next_dagrun for latest_only_with_trigger to 2024-03-20 20:00:00+00:00, run_after=2024-03-21 00:00:00+00:00
[2024-03-21T01:08:17.360+0000] {processor.py:183} INFO - Processing /home/airflow/.local/lib/python3.8/site-packages/airflow/example_dags/example_latest_only_with_trigger.py took 0.042 seconds
[2024-03-21T01:08:47.461+0000] {processor.py:161} INFO - Started process (PID=1205) to work on /home/airflow/.local/lib/python3.8/site-packages/airflow/example_dags/example_latest_only_with_trigger.py
[2024-03-21T01:08:47.462+0000] {processor.py:830} INFO - Processing file /home/airflow/.local/lib/python3.8/site-packages/airflow/example_dags/example_latest_only_with_trigger.py for tasks to queue
[2024-03-21T01:08:47.464+0000] {logging_mixin.py:188} INFO - [2024-03-21T01:08:47.463+0000] {dagbag.py:540} INFO - Filling up the DagBag from /home/airflow/.local/lib/python3.8/site-packages/airflow/example_dags/example_latest_only_with_trigger.py
[2024-03-21T01:08:47.467+0000] {processor.py:840} INFO - DAG(s) 'latest_only_with_trigger' retrieved from /home/airflow/.local/lib/python3.8/site-packages/airflow/example_dags/example_latest_only_with_trigger.py
[2024-03-21T01:08:47.483+0000] {logging_mixin.py:188} INFO - [2024-03-21T01:08:47.482+0000] {dag.py:3047} INFO - Sync 1 DAGs
[2024-03-21T01:08:47.495+0000] {logging_mixin.py:188} INFO - [2024-03-21T01:08:47.495+0000] {dag.py:3834} INFO - Setting next_dagrun for latest_only_with_trigger to 2024-03-20 20:00:00+00:00, run_after=2024-03-21 00:00:00+00:00
[2024-03-21T01:08:47.505+0000] {processor.py:183} INFO - Processing /home/airflow/.local/lib/python3.8/site-packages/airflow/example_dags/example_latest_only_with_trigger.py took 0.046 seconds
[2024-03-21T01:09:17.636+0000] {processor.py:161} INFO - Started process (PID=1260) to work on /home/airflow/.local/lib/python3.8/site-packages/airflow/example_dags/example_latest_only_with_trigger.py
[2024-03-21T01:09:17.637+0000] {processor.py:830} INFO - Processing file /home/airflow/.local/lib/python3.8/site-packages/airflow/example_dags/example_latest_only_with_trigger.py for tasks to queue
[2024-03-21T01:09:17.639+0000] {logging_mixin.py:188} INFO - [2024-03-21T01:09:17.638+0000] {dagbag.py:540} INFO - Filling up the DagBag from /home/airflow/.local/lib/python3.8/site-packages/airflow/example_dags/example_latest_only_with_trigger.py
[2024-03-21T01:09:17.642+0000] {processor.py:840} INFO - DAG(s) 'latest_only_with_trigger' retrieved from /home/airflow/.local/lib/python3.8/site-packages/airflow/example_dags/example_latest_only_with_trigger.py
[2024-03-21T01:09:17.658+0000] {logging_mixin.py:188} INFO - [2024-03-21T01:09:17.657+0000] {dag.py:3047} INFO - Sync 1 DAGs
[2024-03-21T01:09:17.670+0000] {logging_mixin.py:188} INFO - [2024-03-21T01:09:17.670+0000] {dag.py:3834} INFO - Setting next_dagrun for latest_only_with_trigger to 2024-03-20 20:00:00+00:00, run_after=2024-03-21 00:00:00+00:00
[2024-03-21T01:09:17.680+0000] {processor.py:183} INFO - Processing /home/airflow/.local/lib/python3.8/site-packages/airflow/example_dags/example_latest_only_with_trigger.py took 0.047 seconds
[2024-03-21T01:09:47.873+0000] {processor.py:161} INFO - Started process (PID=1315) to work on /home/airflow/.local/lib/python3.8/site-packages/airflow/example_dags/example_latest_only_with_trigger.py
[2024-03-21T01:09:47.873+0000] {processor.py:830} INFO - Processing file /home/airflow/.local/lib/python3.8/site-packages/airflow/example_dags/example_latest_only_with_trigger.py for tasks to queue
[2024-03-21T01:09:47.875+0000] {logging_mixin.py:188} INFO - [2024-03-21T01:09:47.874+0000] {dagbag.py:540} INFO - Filling up the DagBag from /home/airflow/.local/lib/python3.8/site-packages/airflow/example_dags/example_latest_only_with_trigger.py
[2024-03-21T01:09:47.879+0000] {processor.py:840} INFO - DAG(s) 'latest_only_with_trigger' retrieved from /home/airflow/.local/lib/python3.8/site-packages/airflow/example_dags/example_latest_only_with_trigger.py
[2024-03-21T01:09:47.894+0000] {logging_mixin.py:188} INFO - [2024-03-21T01:09:47.893+0000] {dag.py:3047} INFO - Sync 1 DAGs
[2024-03-21T01:09:47.905+0000] {logging_mixin.py:188} INFO - [2024-03-21T01:09:47.905+0000] {dag.py:3834} INFO - Setting next_dagrun for latest_only_with_trigger to 2024-03-20 20:00:00+00:00, run_after=2024-03-21 00:00:00+00:00
[2024-03-21T01:09:47.914+0000] {processor.py:183} INFO - Processing /home/airflow/.local/lib/python3.8/site-packages/airflow/example_dags/example_latest_only_with_trigger.py took 0.043 seconds
