[2024-03-21T00:58:07.193+0000] {processor.py:161} INFO - Started process (PID=57) to work on /home/airflow/.local/lib/python3.8/site-packages/airflow/example_dags/example_xcomargs.py
[2024-03-21T00:58:07.194+0000] {processor.py:830} INFO - Processing file /home/airflow/.local/lib/python3.8/site-packages/airflow/example_dags/example_xcomargs.py for tasks to queue
[2024-03-21T00:58:07.196+0000] {logging_mixin.py:188} INFO - [2024-03-21T00:58:07.195+0000] {dagbag.py:540} INFO - Filling up the DagBag from /home/airflow/.local/lib/python3.8/site-packages/airflow/example_dags/example_xcomargs.py
[2024-03-21T00:58:07.206+0000] {processor.py:840} INFO - DAG(s) 'example_xcom_args_with_operators', 'example_xcom_args' retrieved from /home/airflow/.local/lib/python3.8/site-packages/airflow/example_dags/example_xcomargs.py
[2024-03-21T00:58:07.228+0000] {logging_mixin.py:188} INFO - [2024-03-21T00:58:07.228+0000] {dag.py:3047} INFO - Sync 2 DAGs
[2024-03-21T00:58:07.236+0000] {logging_mixin.py:188} INFO - [2024-03-21T00:58:07.236+0000] {dag.py:3834} INFO - Setting next_dagrun for example_xcom_args to None, run_after=None
[2024-03-21T00:58:07.238+0000] {logging_mixin.py:188} INFO - [2024-03-21T00:58:07.238+0000] {dag.py:3834} INFO - Setting next_dagrun for example_xcom_args_with_operators to None, run_after=None
[2024-03-21T00:58:07.250+0000] {processor.py:183} INFO - Processing /home/airflow/.local/lib/python3.8/site-packages/airflow/example_dags/example_xcomargs.py took 0.061 seconds
[2024-03-21T00:58:37.368+0000] {processor.py:161} INFO - Started process (PID=116) to work on /home/airflow/.local/lib/python3.8/site-packages/airflow/example_dags/example_xcomargs.py
[2024-03-21T00:58:37.369+0000] {processor.py:830} INFO - Processing file /home/airflow/.local/lib/python3.8/site-packages/airflow/example_dags/example_xcomargs.py for tasks to queue
[2024-03-21T00:58:37.371+0000] {logging_mixin.py:188} INFO - [2024-03-21T00:58:37.370+0000] {dagbag.py:540} INFO - Filling up the DagBag from /home/airflow/.local/lib/python3.8/site-packages/airflow/example_dags/example_xcomargs.py
[2024-03-21T00:58:37.376+0000] {processor.py:840} INFO - DAG(s) 'example_xcom_args_with_operators', 'example_xcom_args' retrieved from /home/airflow/.local/lib/python3.8/site-packages/airflow/example_dags/example_xcomargs.py
[2024-03-21T00:58:37.390+0000] {logging_mixin.py:188} INFO - [2024-03-21T00:58:37.390+0000] {dag.py:3047} INFO - Sync 2 DAGs
[2024-03-21T00:58:37.397+0000] {logging_mixin.py:188} INFO - [2024-03-21T00:58:37.397+0000] {dag.py:3834} INFO - Setting next_dagrun for example_xcom_args to None, run_after=None
[2024-03-21T00:58:37.399+0000] {logging_mixin.py:188} INFO - [2024-03-21T00:58:37.399+0000] {dag.py:3834} INFO - Setting next_dagrun for example_xcom_args_with_operators to None, run_after=None
[2024-03-21T00:58:37.408+0000] {processor.py:183} INFO - Processing /home/airflow/.local/lib/python3.8/site-packages/airflow/example_dags/example_xcomargs.py took 0.041 seconds
[2024-03-21T00:59:08.199+0000] {processor.py:161} INFO - Started process (PID=171) to work on /home/airflow/.local/lib/python3.8/site-packages/airflow/example_dags/example_xcomargs.py
[2024-03-21T00:59:08.200+0000] {processor.py:830} INFO - Processing file /home/airflow/.local/lib/python3.8/site-packages/airflow/example_dags/example_xcomargs.py for tasks to queue
[2024-03-21T00:59:08.201+0000] {logging_mixin.py:188} INFO - [2024-03-21T00:59:08.200+0000] {dagbag.py:540} INFO - Filling up the DagBag from /home/airflow/.local/lib/python3.8/site-packages/airflow/example_dags/example_xcomargs.py
[2024-03-21T00:59:08.205+0000] {processor.py:840} INFO - DAG(s) 'example_xcom_args_with_operators', 'example_xcom_args' retrieved from /home/airflow/.local/lib/python3.8/site-packages/airflow/example_dags/example_xcomargs.py
[2024-03-21T00:59:08.218+0000] {logging_mixin.py:188} INFO - [2024-03-21T00:59:08.218+0000] {dag.py:3047} INFO - Sync 2 DAGs
[2024-03-21T00:59:08.223+0000] {logging_mixin.py:188} INFO - [2024-03-21T00:59:08.223+0000] {dag.py:3834} INFO - Setting next_dagrun for example_xcom_args to None, run_after=None
[2024-03-21T00:59:08.225+0000] {logging_mixin.py:188} INFO - [2024-03-21T00:59:08.225+0000] {dag.py:3834} INFO - Setting next_dagrun for example_xcom_args_with_operators to None, run_after=None
[2024-03-21T00:59:08.231+0000] {processor.py:183} INFO - Processing /home/airflow/.local/lib/python3.8/site-packages/airflow/example_dags/example_xcomargs.py took 0.034 seconds
[2024-03-21T00:59:38.965+0000] {processor.py:161} INFO - Started process (PID=226) to work on /home/airflow/.local/lib/python3.8/site-packages/airflow/example_dags/example_xcomargs.py
[2024-03-21T00:59:38.966+0000] {processor.py:830} INFO - Processing file /home/airflow/.local/lib/python3.8/site-packages/airflow/example_dags/example_xcomargs.py for tasks to queue
[2024-03-21T00:59:38.967+0000] {logging_mixin.py:188} INFO - [2024-03-21T00:59:38.967+0000] {dagbag.py:540} INFO - Filling up the DagBag from /home/airflow/.local/lib/python3.8/site-packages/airflow/example_dags/example_xcomargs.py
[2024-03-21T00:59:38.971+0000] {processor.py:840} INFO - DAG(s) 'example_xcom_args_with_operators', 'example_xcom_args' retrieved from /home/airflow/.local/lib/python3.8/site-packages/airflow/example_dags/example_xcomargs.py
[2024-03-21T00:59:38.984+0000] {logging_mixin.py:188} INFO - [2024-03-21T00:59:38.984+0000] {dag.py:3047} INFO - Sync 2 DAGs
[2024-03-21T00:59:38.990+0000] {logging_mixin.py:188} INFO - [2024-03-21T00:59:38.990+0000] {dag.py:3834} INFO - Setting next_dagrun for example_xcom_args to None, run_after=None
[2024-03-21T00:59:38.991+0000] {logging_mixin.py:188} INFO - [2024-03-21T00:59:38.991+0000] {dag.py:3834} INFO - Setting next_dagrun for example_xcom_args_with_operators to None, run_after=None
[2024-03-21T00:59:38.998+0000] {processor.py:183} INFO - Processing /home/airflow/.local/lib/python3.8/site-packages/airflow/example_dags/example_xcomargs.py took 0.035 seconds
[2024-03-21T01:00:09.606+0000] {processor.py:161} INFO - Started process (PID=281) to work on /home/airflow/.local/lib/python3.8/site-packages/airflow/example_dags/example_xcomargs.py
[2024-03-21T01:00:09.607+0000] {processor.py:830} INFO - Processing file /home/airflow/.local/lib/python3.8/site-packages/airflow/example_dags/example_xcomargs.py for tasks to queue
[2024-03-21T01:00:09.608+0000] {logging_mixin.py:188} INFO - [2024-03-21T01:00:09.608+0000] {dagbag.py:540} INFO - Filling up the DagBag from /home/airflow/.local/lib/python3.8/site-packages/airflow/example_dags/example_xcomargs.py
[2024-03-21T01:00:09.613+0000] {processor.py:840} INFO - DAG(s) 'example_xcom_args_with_operators', 'example_xcom_args' retrieved from /home/airflow/.local/lib/python3.8/site-packages/airflow/example_dags/example_xcomargs.py
[2024-03-21T01:00:09.626+0000] {logging_mixin.py:188} INFO - [2024-03-21T01:00:09.626+0000] {dag.py:3047} INFO - Sync 2 DAGs
[2024-03-21T01:00:09.632+0000] {logging_mixin.py:188} INFO - [2024-03-21T01:00:09.632+0000] {dag.py:3834} INFO - Setting next_dagrun for example_xcom_args to None, run_after=None
[2024-03-21T01:00:09.634+0000] {logging_mixin.py:188} INFO - [2024-03-21T01:00:09.634+0000] {dag.py:3834} INFO - Setting next_dagrun for example_xcom_args_with_operators to None, run_after=None
[2024-03-21T01:00:09.641+0000] {processor.py:183} INFO - Processing /home/airflow/.local/lib/python3.8/site-packages/airflow/example_dags/example_xcomargs.py took 0.037 seconds
[2024-03-21T01:00:40.338+0000] {processor.py:161} INFO - Started process (PID=336) to work on /home/airflow/.local/lib/python3.8/site-packages/airflow/example_dags/example_xcomargs.py
[2024-03-21T01:00:40.339+0000] {processor.py:830} INFO - Processing file /home/airflow/.local/lib/python3.8/site-packages/airflow/example_dags/example_xcomargs.py for tasks to queue
[2024-03-21T01:00:40.340+0000] {logging_mixin.py:188} INFO - [2024-03-21T01:00:40.339+0000] {dagbag.py:540} INFO - Filling up the DagBag from /home/airflow/.local/lib/python3.8/site-packages/airflow/example_dags/example_xcomargs.py
[2024-03-21T01:00:40.344+0000] {processor.py:840} INFO - DAG(s) 'example_xcom_args_with_operators', 'example_xcom_args' retrieved from /home/airflow/.local/lib/python3.8/site-packages/airflow/example_dags/example_xcomargs.py
[2024-03-21T01:00:40.357+0000] {logging_mixin.py:188} INFO - [2024-03-21T01:00:40.357+0000] {dag.py:3047} INFO - Sync 2 DAGs
[2024-03-21T01:00:40.362+0000] {logging_mixin.py:188} INFO - [2024-03-21T01:00:40.362+0000] {dag.py:3834} INFO - Setting next_dagrun for example_xcom_args to None, run_after=None
[2024-03-21T01:00:40.364+0000] {logging_mixin.py:188} INFO - [2024-03-21T01:00:40.363+0000] {dag.py:3834} INFO - Setting next_dagrun for example_xcom_args_with_operators to None, run_after=None
[2024-03-21T01:00:40.370+0000] {processor.py:183} INFO - Processing /home/airflow/.local/lib/python3.8/site-packages/airflow/example_dags/example_xcomargs.py took 0.034 seconds
[2024-03-21T01:01:11.125+0000] {processor.py:161} INFO - Started process (PID=392) to work on /home/airflow/.local/lib/python3.8/site-packages/airflow/example_dags/example_xcomargs.py
[2024-03-21T01:01:11.126+0000] {processor.py:830} INFO - Processing file /home/airflow/.local/lib/python3.8/site-packages/airflow/example_dags/example_xcomargs.py for tasks to queue
[2024-03-21T01:01:11.127+0000] {logging_mixin.py:188} INFO - [2024-03-21T01:01:11.127+0000] {dagbag.py:540} INFO - Filling up the DagBag from /home/airflow/.local/lib/python3.8/site-packages/airflow/example_dags/example_xcomargs.py
[2024-03-21T01:01:11.132+0000] {processor.py:840} INFO - DAG(s) 'example_xcom_args_with_operators', 'example_xcom_args' retrieved from /home/airflow/.local/lib/python3.8/site-packages/airflow/example_dags/example_xcomargs.py
[2024-03-21T01:01:11.145+0000] {logging_mixin.py:188} INFO - [2024-03-21T01:01:11.145+0000] {dag.py:3047} INFO - Sync 2 DAGs
[2024-03-21T01:01:11.150+0000] {logging_mixin.py:188} INFO - [2024-03-21T01:01:11.150+0000] {dag.py:3834} INFO - Setting next_dagrun for example_xcom_args to None, run_after=None
[2024-03-21T01:01:11.152+0000] {logging_mixin.py:188} INFO - [2024-03-21T01:01:11.152+0000] {dag.py:3834} INFO - Setting next_dagrun for example_xcom_args_with_operators to None, run_after=None
[2024-03-21T01:01:11.159+0000] {processor.py:183} INFO - Processing /home/airflow/.local/lib/python3.8/site-packages/airflow/example_dags/example_xcomargs.py took 0.035 seconds
[2024-03-21T01:01:41.905+0000] {processor.py:161} INFO - Started process (PID=447) to work on /home/airflow/.local/lib/python3.8/site-packages/airflow/example_dags/example_xcomargs.py
[2024-03-21T01:01:41.905+0000] {processor.py:830} INFO - Processing file /home/airflow/.local/lib/python3.8/site-packages/airflow/example_dags/example_xcomargs.py for tasks to queue
[2024-03-21T01:01:41.906+0000] {logging_mixin.py:188} INFO - [2024-03-21T01:01:41.906+0000] {dagbag.py:540} INFO - Filling up the DagBag from /home/airflow/.local/lib/python3.8/site-packages/airflow/example_dags/example_xcomargs.py
[2024-03-21T01:01:41.911+0000] {processor.py:840} INFO - DAG(s) 'example_xcom_args', 'example_xcom_args_with_operators' retrieved from /home/airflow/.local/lib/python3.8/site-packages/airflow/example_dags/example_xcomargs.py
[2024-03-21T01:01:41.924+0000] {logging_mixin.py:188} INFO - [2024-03-21T01:01:41.924+0000] {dag.py:3047} INFO - Sync 2 DAGs
[2024-03-21T01:01:41.930+0000] {logging_mixin.py:188} INFO - [2024-03-21T01:01:41.930+0000] {dag.py:3834} INFO - Setting next_dagrun for example_xcom_args to None, run_after=None
[2024-03-21T01:01:41.932+0000] {logging_mixin.py:188} INFO - [2024-03-21T01:01:41.932+0000] {dag.py:3834} INFO - Setting next_dagrun for example_xcom_args_with_operators to None, run_after=None
[2024-03-21T01:01:41.939+0000] {processor.py:183} INFO - Processing /home/airflow/.local/lib/python3.8/site-packages/airflow/example_dags/example_xcomargs.py took 0.036 seconds
[2024-03-21T01:02:12.627+0000] {processor.py:161} INFO - Started process (PID=502) to work on /home/airflow/.local/lib/python3.8/site-packages/airflow/example_dags/example_xcomargs.py
[2024-03-21T01:02:12.628+0000] {processor.py:830} INFO - Processing file /home/airflow/.local/lib/python3.8/site-packages/airflow/example_dags/example_xcomargs.py for tasks to queue
[2024-03-21T01:02:12.629+0000] {logging_mixin.py:188} INFO - [2024-03-21T01:02:12.628+0000] {dagbag.py:540} INFO - Filling up the DagBag from /home/airflow/.local/lib/python3.8/site-packages/airflow/example_dags/example_xcomargs.py
[2024-03-21T01:02:12.633+0000] {processor.py:840} INFO - DAG(s) 'example_xcom_args', 'example_xcom_args_with_operators' retrieved from /home/airflow/.local/lib/python3.8/site-packages/airflow/example_dags/example_xcomargs.py
[2024-03-21T01:02:12.649+0000] {logging_mixin.py:188} INFO - [2024-03-21T01:02:12.649+0000] {dag.py:3047} INFO - Sync 2 DAGs
[2024-03-21T01:02:12.656+0000] {logging_mixin.py:188} INFO - [2024-03-21T01:02:12.656+0000] {dag.py:3834} INFO - Setting next_dagrun for example_xcom_args to None, run_after=None
[2024-03-21T01:02:12.658+0000] {logging_mixin.py:188} INFO - [2024-03-21T01:02:12.658+0000] {dag.py:3834} INFO - Setting next_dagrun for example_xcom_args_with_operators to None, run_after=None
[2024-03-21T01:02:12.665+0000] {processor.py:183} INFO - Processing /home/airflow/.local/lib/python3.8/site-packages/airflow/example_dags/example_xcomargs.py took 0.040 seconds
[2024-03-21T01:02:42.707+0000] {processor.py:161} INFO - Started process (PID=557) to work on /home/airflow/.local/lib/python3.8/site-packages/airflow/example_dags/example_xcomargs.py
[2024-03-21T01:02:42.708+0000] {processor.py:830} INFO - Processing file /home/airflow/.local/lib/python3.8/site-packages/airflow/example_dags/example_xcomargs.py for tasks to queue
[2024-03-21T01:02:42.709+0000] {logging_mixin.py:188} INFO - [2024-03-21T01:02:42.709+0000] {dagbag.py:540} INFO - Filling up the DagBag from /home/airflow/.local/lib/python3.8/site-packages/airflow/example_dags/example_xcomargs.py
[2024-03-21T01:02:42.714+0000] {processor.py:840} INFO - DAG(s) 'example_xcom_args_with_operators', 'example_xcom_args' retrieved from /home/airflow/.local/lib/python3.8/site-packages/airflow/example_dags/example_xcomargs.py
[2024-03-21T01:02:42.726+0000] {logging_mixin.py:188} INFO - [2024-03-21T01:02:42.726+0000] {dag.py:3047} INFO - Sync 2 DAGs
[2024-03-21T01:02:42.732+0000] {logging_mixin.py:188} INFO - [2024-03-21T01:02:42.732+0000] {dag.py:3834} INFO - Setting next_dagrun for example_xcom_args to None, run_after=None
[2024-03-21T01:02:42.734+0000] {logging_mixin.py:188} INFO - [2024-03-21T01:02:42.734+0000] {dag.py:3834} INFO - Setting next_dagrun for example_xcom_args_with_operators to None, run_after=None
[2024-03-21T01:02:42.740+0000] {processor.py:183} INFO - Processing /home/airflow/.local/lib/python3.8/site-packages/airflow/example_dags/example_xcomargs.py took 0.035 seconds
[2024-03-21T01:03:13.523+0000] {processor.py:161} INFO - Started process (PID=612) to work on /home/airflow/.local/lib/python3.8/site-packages/airflow/example_dags/example_xcomargs.py
[2024-03-21T01:03:13.524+0000] {processor.py:830} INFO - Processing file /home/airflow/.local/lib/python3.8/site-packages/airflow/example_dags/example_xcomargs.py for tasks to queue
[2024-03-21T01:03:13.525+0000] {logging_mixin.py:188} INFO - [2024-03-21T01:03:13.525+0000] {dagbag.py:540} INFO - Filling up the DagBag from /home/airflow/.local/lib/python3.8/site-packages/airflow/example_dags/example_xcomargs.py
[2024-03-21T01:03:13.529+0000] {processor.py:840} INFO - DAG(s) 'example_xcom_args_with_operators', 'example_xcom_args' retrieved from /home/airflow/.local/lib/python3.8/site-packages/airflow/example_dags/example_xcomargs.py
[2024-03-21T01:03:13.542+0000] {logging_mixin.py:188} INFO - [2024-03-21T01:03:13.542+0000] {dag.py:3047} INFO - Sync 2 DAGs
[2024-03-21T01:03:13.548+0000] {logging_mixin.py:188} INFO - [2024-03-21T01:03:13.547+0000] {dag.py:3834} INFO - Setting next_dagrun for example_xcom_args to None, run_after=None
[2024-03-21T01:03:13.549+0000] {logging_mixin.py:188} INFO - [2024-03-21T01:03:13.549+0000] {dag.py:3834} INFO - Setting next_dagrun for example_xcom_args_with_operators to None, run_after=None
[2024-03-21T01:03:13.556+0000] {processor.py:183} INFO - Processing /home/airflow/.local/lib/python3.8/site-packages/airflow/example_dags/example_xcomargs.py took 0.034 seconds
[2024-03-21T01:03:44.232+0000] {processor.py:161} INFO - Started process (PID=667) to work on /home/airflow/.local/lib/python3.8/site-packages/airflow/example_dags/example_xcomargs.py
[2024-03-21T01:03:44.232+0000] {processor.py:830} INFO - Processing file /home/airflow/.local/lib/python3.8/site-packages/airflow/example_dags/example_xcomargs.py for tasks to queue
[2024-03-21T01:03:44.233+0000] {logging_mixin.py:188} INFO - [2024-03-21T01:03:44.233+0000] {dagbag.py:540} INFO - Filling up the DagBag from /home/airflow/.local/lib/python3.8/site-packages/airflow/example_dags/example_xcomargs.py
[2024-03-21T01:03:44.238+0000] {processor.py:840} INFO - DAG(s) 'example_xcom_args_with_operators', 'example_xcom_args' retrieved from /home/airflow/.local/lib/python3.8/site-packages/airflow/example_dags/example_xcomargs.py
[2024-03-21T01:03:44.251+0000] {logging_mixin.py:188} INFO - [2024-03-21T01:03:44.251+0000] {dag.py:3047} INFO - Sync 2 DAGs
[2024-03-21T01:03:44.256+0000] {logging_mixin.py:188} INFO - [2024-03-21T01:03:44.256+0000] {dag.py:3834} INFO - Setting next_dagrun for example_xcom_args to None, run_after=None
[2024-03-21T01:03:44.258+0000] {logging_mixin.py:188} INFO - [2024-03-21T01:03:44.258+0000] {dag.py:3834} INFO - Setting next_dagrun for example_xcom_args_with_operators to None, run_after=None
[2024-03-21T01:03:44.264+0000] {processor.py:183} INFO - Processing /home/airflow/.local/lib/python3.8/site-packages/airflow/example_dags/example_xcomargs.py took 0.035 seconds
[2024-03-21T01:04:15.022+0000] {processor.py:161} INFO - Started process (PID=722) to work on /home/airflow/.local/lib/python3.8/site-packages/airflow/example_dags/example_xcomargs.py
[2024-03-21T01:04:15.023+0000] {processor.py:830} INFO - Processing file /home/airflow/.local/lib/python3.8/site-packages/airflow/example_dags/example_xcomargs.py for tasks to queue
[2024-03-21T01:04:15.024+0000] {logging_mixin.py:188} INFO - [2024-03-21T01:04:15.023+0000] {dagbag.py:540} INFO - Filling up the DagBag from /home/airflow/.local/lib/python3.8/site-packages/airflow/example_dags/example_xcomargs.py
[2024-03-21T01:04:15.028+0000] {processor.py:840} INFO - DAG(s) 'example_xcom_args_with_operators', 'example_xcom_args' retrieved from /home/airflow/.local/lib/python3.8/site-packages/airflow/example_dags/example_xcomargs.py
[2024-03-21T01:04:15.042+0000] {logging_mixin.py:188} INFO - [2024-03-21T01:04:15.042+0000] {dag.py:3047} INFO - Sync 2 DAGs
[2024-03-21T01:04:15.048+0000] {logging_mixin.py:188} INFO - [2024-03-21T01:04:15.047+0000] {dag.py:3834} INFO - Setting next_dagrun for example_xcom_args to None, run_after=None
[2024-03-21T01:04:15.049+0000] {logging_mixin.py:188} INFO - [2024-03-21T01:04:15.049+0000] {dag.py:3834} INFO - Setting next_dagrun for example_xcom_args_with_operators to None, run_after=None
[2024-03-21T01:04:15.056+0000] {processor.py:183} INFO - Processing /home/airflow/.local/lib/python3.8/site-packages/airflow/example_dags/example_xcomargs.py took 0.036 seconds
[2024-03-21T01:04:45.886+0000] {processor.py:161} INFO - Started process (PID=777) to work on /home/airflow/.local/lib/python3.8/site-packages/airflow/example_dags/example_xcomargs.py
[2024-03-21T01:04:45.886+0000] {processor.py:830} INFO - Processing file /home/airflow/.local/lib/python3.8/site-packages/airflow/example_dags/example_xcomargs.py for tasks to queue
[2024-03-21T01:04:45.888+0000] {logging_mixin.py:188} INFO - [2024-03-21T01:04:45.887+0000] {dagbag.py:540} INFO - Filling up the DagBag from /home/airflow/.local/lib/python3.8/site-packages/airflow/example_dags/example_xcomargs.py
[2024-03-21T01:04:45.892+0000] {processor.py:840} INFO - DAG(s) 'example_xcom_args_with_operators', 'example_xcom_args' retrieved from /home/airflow/.local/lib/python3.8/site-packages/airflow/example_dags/example_xcomargs.py
[2024-03-21T01:04:45.906+0000] {logging_mixin.py:188} INFO - [2024-03-21T01:04:45.906+0000] {dag.py:3047} INFO - Sync 2 DAGs
[2024-03-21T01:04:45.913+0000] {logging_mixin.py:188} INFO - [2024-03-21T01:04:45.913+0000] {dag.py:3834} INFO - Setting next_dagrun for example_xcom_args to None, run_after=None
[2024-03-21T01:04:45.915+0000] {logging_mixin.py:188} INFO - [2024-03-21T01:04:45.915+0000] {dag.py:3834} INFO - Setting next_dagrun for example_xcom_args_with_operators to None, run_after=None
[2024-03-21T01:04:45.922+0000] {processor.py:183} INFO - Processing /home/airflow/.local/lib/python3.8/site-packages/airflow/example_dags/example_xcomargs.py took 0.039 seconds
[2024-03-21T01:05:16.049+0000] {processor.py:161} INFO - Started process (PID=832) to work on /home/airflow/.local/lib/python3.8/site-packages/airflow/example_dags/example_xcomargs.py
[2024-03-21T01:05:16.050+0000] {processor.py:830} INFO - Processing file /home/airflow/.local/lib/python3.8/site-packages/airflow/example_dags/example_xcomargs.py for tasks to queue
[2024-03-21T01:05:16.052+0000] {logging_mixin.py:188} INFO - [2024-03-21T01:05:16.051+0000] {dagbag.py:540} INFO - Filling up the DagBag from /home/airflow/.local/lib/python3.8/site-packages/airflow/example_dags/example_xcomargs.py
[2024-03-21T01:05:16.057+0000] {processor.py:840} INFO - DAG(s) 'example_xcom_args_with_operators', 'example_xcom_args' retrieved from /home/airflow/.local/lib/python3.8/site-packages/airflow/example_dags/example_xcomargs.py
[2024-03-21T01:05:16.073+0000] {logging_mixin.py:188} INFO - [2024-03-21T01:05:16.073+0000] {dag.py:3047} INFO - Sync 2 DAGs
[2024-03-21T01:05:16.081+0000] {logging_mixin.py:188} INFO - [2024-03-21T01:05:16.081+0000] {dag.py:3834} INFO - Setting next_dagrun for example_xcom_args to None, run_after=None
[2024-03-21T01:05:16.084+0000] {logging_mixin.py:188} INFO - [2024-03-21T01:05:16.084+0000] {dag.py:3834} INFO - Setting next_dagrun for example_xcom_args_with_operators to None, run_after=None
[2024-03-21T01:05:16.094+0000] {processor.py:183} INFO - Processing /home/airflow/.local/lib/python3.8/site-packages/airflow/example_dags/example_xcomargs.py took 0.047 seconds
[2024-03-21T01:05:47.028+0000] {processor.py:161} INFO - Started process (PID=887) to work on /home/airflow/.local/lib/python3.8/site-packages/airflow/example_dags/example_xcomargs.py
[2024-03-21T01:05:47.029+0000] {processor.py:830} INFO - Processing file /home/airflow/.local/lib/python3.8/site-packages/airflow/example_dags/example_xcomargs.py for tasks to queue
[2024-03-21T01:05:47.030+0000] {logging_mixin.py:188} INFO - [2024-03-21T01:05:47.030+0000] {dagbag.py:540} INFO - Filling up the DagBag from /home/airflow/.local/lib/python3.8/site-packages/airflow/example_dags/example_xcomargs.py
[2024-03-21T01:05:47.035+0000] {processor.py:840} INFO - DAG(s) 'example_xcom_args_with_operators', 'example_xcom_args' retrieved from /home/airflow/.local/lib/python3.8/site-packages/airflow/example_dags/example_xcomargs.py
[2024-03-21T01:05:47.048+0000] {logging_mixin.py:188} INFO - [2024-03-21T01:05:47.048+0000] {dag.py:3047} INFO - Sync 2 DAGs
[2024-03-21T01:05:47.054+0000] {logging_mixin.py:188} INFO - [2024-03-21T01:05:47.054+0000] {dag.py:3834} INFO - Setting next_dagrun for example_xcom_args to None, run_after=None
[2024-03-21T01:05:47.056+0000] {logging_mixin.py:188} INFO - [2024-03-21T01:05:47.056+0000] {dag.py:3834} INFO - Setting next_dagrun for example_xcom_args_with_operators to None, run_after=None
[2024-03-21T01:05:47.064+0000] {processor.py:183} INFO - Processing /home/airflow/.local/lib/python3.8/site-packages/airflow/example_dags/example_xcomargs.py took 0.037 seconds
[2024-03-21T01:06:17.269+0000] {processor.py:161} INFO - Started process (PID=942) to work on /home/airflow/.local/lib/python3.8/site-packages/airflow/example_dags/example_xcomargs.py
[2024-03-21T01:06:17.269+0000] {processor.py:830} INFO - Processing file /home/airflow/.local/lib/python3.8/site-packages/airflow/example_dags/example_xcomargs.py for tasks to queue
[2024-03-21T01:06:17.271+0000] {logging_mixin.py:188} INFO - [2024-03-21T01:06:17.271+0000] {dagbag.py:540} INFO - Filling up the DagBag from /home/airflow/.local/lib/python3.8/site-packages/airflow/example_dags/example_xcomargs.py
[2024-03-21T01:06:17.276+0000] {processor.py:840} INFO - DAG(s) 'example_xcom_args_with_operators', 'example_xcom_args' retrieved from /home/airflow/.local/lib/python3.8/site-packages/airflow/example_dags/example_xcomargs.py
[2024-03-21T01:06:17.290+0000] {logging_mixin.py:188} INFO - [2024-03-21T01:06:17.290+0000] {dag.py:3047} INFO - Sync 2 DAGs
[2024-03-21T01:06:17.297+0000] {logging_mixin.py:188} INFO - [2024-03-21T01:06:17.297+0000] {dag.py:3834} INFO - Setting next_dagrun for example_xcom_args to None, run_after=None
[2024-03-21T01:06:17.299+0000] {logging_mixin.py:188} INFO - [2024-03-21T01:06:17.299+0000] {dag.py:3834} INFO - Setting next_dagrun for example_xcom_args_with_operators to None, run_after=None
[2024-03-21T01:06:17.307+0000] {processor.py:183} INFO - Processing /home/airflow/.local/lib/python3.8/site-packages/airflow/example_dags/example_xcomargs.py took 0.041 seconds
[2024-03-21T01:06:47.369+0000] {processor.py:161} INFO - Started process (PID=997) to work on /home/airflow/.local/lib/python3.8/site-packages/airflow/example_dags/example_xcomargs.py
[2024-03-21T01:06:47.370+0000] {processor.py:830} INFO - Processing file /home/airflow/.local/lib/python3.8/site-packages/airflow/example_dags/example_xcomargs.py for tasks to queue
[2024-03-21T01:06:47.372+0000] {logging_mixin.py:188} INFO - [2024-03-21T01:06:47.371+0000] {dagbag.py:540} INFO - Filling up the DagBag from /home/airflow/.local/lib/python3.8/site-packages/airflow/example_dags/example_xcomargs.py
[2024-03-21T01:06:47.376+0000] {processor.py:840} INFO - DAG(s) 'example_xcom_args_with_operators', 'example_xcom_args' retrieved from /home/airflow/.local/lib/python3.8/site-packages/airflow/example_dags/example_xcomargs.py
[2024-03-21T01:06:47.391+0000] {logging_mixin.py:188} INFO - [2024-03-21T01:06:47.391+0000] {dag.py:3047} INFO - Sync 2 DAGs
[2024-03-21T01:06:47.398+0000] {logging_mixin.py:188} INFO - [2024-03-21T01:06:47.398+0000] {dag.py:3834} INFO - Setting next_dagrun for example_xcom_args to None, run_after=None
[2024-03-21T01:06:47.400+0000] {logging_mixin.py:188} INFO - [2024-03-21T01:06:47.400+0000] {dag.py:3834} INFO - Setting next_dagrun for example_xcom_args_with_operators to None, run_after=None
[2024-03-21T01:06:47.407+0000] {processor.py:183} INFO - Processing /home/airflow/.local/lib/python3.8/site-packages/airflow/example_dags/example_xcomargs.py took 0.040 seconds
[2024-03-21T01:07:18.235+0000] {processor.py:161} INFO - Started process (PID=1052) to work on /home/airflow/.local/lib/python3.8/site-packages/airflow/example_dags/example_xcomargs.py
[2024-03-21T01:07:18.235+0000] {processor.py:830} INFO - Processing file /home/airflow/.local/lib/python3.8/site-packages/airflow/example_dags/example_xcomargs.py for tasks to queue
[2024-03-21T01:07:18.236+0000] {logging_mixin.py:188} INFO - [2024-03-21T01:07:18.236+0000] {dagbag.py:540} INFO - Filling up the DagBag from /home/airflow/.local/lib/python3.8/site-packages/airflow/example_dags/example_xcomargs.py
[2024-03-21T01:07:18.242+0000] {processor.py:840} INFO - DAG(s) 'example_xcom_args', 'example_xcom_args_with_operators' retrieved from /home/airflow/.local/lib/python3.8/site-packages/airflow/example_dags/example_xcomargs.py
[2024-03-21T01:07:18.257+0000] {logging_mixin.py:188} INFO - [2024-03-21T01:07:18.257+0000] {dag.py:3047} INFO - Sync 2 DAGs
[2024-03-21T01:07:18.264+0000] {logging_mixin.py:188} INFO - [2024-03-21T01:07:18.264+0000] {dag.py:3834} INFO - Setting next_dagrun for example_xcom_args to None, run_after=None
[2024-03-21T01:07:18.266+0000] {logging_mixin.py:188} INFO - [2024-03-21T01:07:18.266+0000] {dag.py:3834} INFO - Setting next_dagrun for example_xcom_args_with_operators to None, run_after=None
[2024-03-21T01:07:18.274+0000] {processor.py:183} INFO - Processing /home/airflow/.local/lib/python3.8/site-packages/airflow/example_dags/example_xcomargs.py took 0.042 seconds
[2024-03-21T01:07:48.463+0000] {processor.py:161} INFO - Started process (PID=1107) to work on /home/airflow/.local/lib/python3.8/site-packages/airflow/example_dags/example_xcomargs.py
[2024-03-21T01:07:48.464+0000] {processor.py:830} INFO - Processing file /home/airflow/.local/lib/python3.8/site-packages/airflow/example_dags/example_xcomargs.py for tasks to queue
[2024-03-21T01:07:48.466+0000] {logging_mixin.py:188} INFO - [2024-03-21T01:07:48.465+0000] {dagbag.py:540} INFO - Filling up the DagBag from /home/airflow/.local/lib/python3.8/site-packages/airflow/example_dags/example_xcomargs.py
[2024-03-21T01:07:48.471+0000] {processor.py:840} INFO - DAG(s) 'example_xcom_args', 'example_xcom_args_with_operators' retrieved from /home/airflow/.local/lib/python3.8/site-packages/airflow/example_dags/example_xcomargs.py
[2024-03-21T01:07:48.486+0000] {logging_mixin.py:188} INFO - [2024-03-21T01:07:48.486+0000] {dag.py:3047} INFO - Sync 2 DAGs
[2024-03-21T01:07:48.493+0000] {logging_mixin.py:188} INFO - [2024-03-21T01:07:48.493+0000] {dag.py:3834} INFO - Setting next_dagrun for example_xcom_args to None, run_after=None
[2024-03-21T01:07:48.495+0000] {logging_mixin.py:188} INFO - [2024-03-21T01:07:48.494+0000] {dag.py:3834} INFO - Setting next_dagrun for example_xcom_args_with_operators to None, run_after=None
[2024-03-21T01:07:48.504+0000] {processor.py:183} INFO - Processing /home/airflow/.local/lib/python3.8/site-packages/airflow/example_dags/example_xcomargs.py took 0.042 seconds
[2024-03-21T01:08:18.798+0000] {processor.py:161} INFO - Started process (PID=1162) to work on /home/airflow/.local/lib/python3.8/site-packages/airflow/example_dags/example_xcomargs.py
[2024-03-21T01:08:18.799+0000] {processor.py:830} INFO - Processing file /home/airflow/.local/lib/python3.8/site-packages/airflow/example_dags/example_xcomargs.py for tasks to queue
[2024-03-21T01:08:18.800+0000] {logging_mixin.py:188} INFO - [2024-03-21T01:08:18.800+0000] {dagbag.py:540} INFO - Filling up the DagBag from /home/airflow/.local/lib/python3.8/site-packages/airflow/example_dags/example_xcomargs.py
[2024-03-21T01:08:18.806+0000] {processor.py:840} INFO - DAG(s) 'example_xcom_args_with_operators', 'example_xcom_args' retrieved from /home/airflow/.local/lib/python3.8/site-packages/airflow/example_dags/example_xcomargs.py
[2024-03-21T01:08:18.822+0000] {logging_mixin.py:188} INFO - [2024-03-21T01:08:18.822+0000] {dag.py:3047} INFO - Sync 2 DAGs
[2024-03-21T01:08:18.829+0000] {logging_mixin.py:188} INFO - [2024-03-21T01:08:18.829+0000] {dag.py:3834} INFO - Setting next_dagrun for example_xcom_args to None, run_after=None
[2024-03-21T01:08:18.831+0000] {logging_mixin.py:188} INFO - [2024-03-21T01:08:18.831+0000] {dag.py:3834} INFO - Setting next_dagrun for example_xcom_args_with_operators to None, run_after=None
[2024-03-21T01:08:18.841+0000] {processor.py:183} INFO - Processing /home/airflow/.local/lib/python3.8/site-packages/airflow/example_dags/example_xcomargs.py took 0.045 seconds
[2024-03-21T01:08:48.949+0000] {processor.py:161} INFO - Started process (PID=1217) to work on /home/airflow/.local/lib/python3.8/site-packages/airflow/example_dags/example_xcomargs.py
[2024-03-21T01:08:48.950+0000] {processor.py:830} INFO - Processing file /home/airflow/.local/lib/python3.8/site-packages/airflow/example_dags/example_xcomargs.py for tasks to queue
[2024-03-21T01:08:48.951+0000] {logging_mixin.py:188} INFO - [2024-03-21T01:08:48.951+0000] {dagbag.py:540} INFO - Filling up the DagBag from /home/airflow/.local/lib/python3.8/site-packages/airflow/example_dags/example_xcomargs.py
[2024-03-21T01:08:48.956+0000] {processor.py:840} INFO - DAG(s) 'example_xcom_args', 'example_xcom_args_with_operators' retrieved from /home/airflow/.local/lib/python3.8/site-packages/airflow/example_dags/example_xcomargs.py
[2024-03-21T01:08:48.971+0000] {logging_mixin.py:188} INFO - [2024-03-21T01:08:48.971+0000] {dag.py:3047} INFO - Sync 2 DAGs
[2024-03-21T01:08:48.978+0000] {logging_mixin.py:188} INFO - [2024-03-21T01:08:48.977+0000] {dag.py:3834} INFO - Setting next_dagrun for example_xcom_args to None, run_after=None
[2024-03-21T01:08:48.979+0000] {logging_mixin.py:188} INFO - [2024-03-21T01:08:48.979+0000] {dag.py:3834} INFO - Setting next_dagrun for example_xcom_args_with_operators to None, run_after=None
[2024-03-21T01:08:48.988+0000] {processor.py:183} INFO - Processing /home/airflow/.local/lib/python3.8/site-packages/airflow/example_dags/example_xcomargs.py took 0.041 seconds
[2024-03-21T01:09:19.091+0000] {processor.py:161} INFO - Started process (PID=1272) to work on /home/airflow/.local/lib/python3.8/site-packages/airflow/example_dags/example_xcomargs.py
[2024-03-21T01:09:19.092+0000] {processor.py:830} INFO - Processing file /home/airflow/.local/lib/python3.8/site-packages/airflow/example_dags/example_xcomargs.py for tasks to queue
[2024-03-21T01:09:19.094+0000] {logging_mixin.py:188} INFO - [2024-03-21T01:09:19.093+0000] {dagbag.py:540} INFO - Filling up the DagBag from /home/airflow/.local/lib/python3.8/site-packages/airflow/example_dags/example_xcomargs.py
[2024-03-21T01:09:19.099+0000] {processor.py:840} INFO - DAG(s) 'example_xcom_args', 'example_xcom_args_with_operators' retrieved from /home/airflow/.local/lib/python3.8/site-packages/airflow/example_dags/example_xcomargs.py
[2024-03-21T01:09:19.114+0000] {logging_mixin.py:188} INFO - [2024-03-21T01:09:19.114+0000] {dag.py:3047} INFO - Sync 2 DAGs
[2024-03-21T01:09:19.121+0000] {logging_mixin.py:188} INFO - [2024-03-21T01:09:19.121+0000] {dag.py:3834} INFO - Setting next_dagrun for example_xcom_args to None, run_after=None
[2024-03-21T01:09:19.123+0000] {logging_mixin.py:188} INFO - [2024-03-21T01:09:19.123+0000] {dag.py:3834} INFO - Setting next_dagrun for example_xcom_args_with_operators to None, run_after=None
[2024-03-21T01:09:19.132+0000] {processor.py:183} INFO - Processing /home/airflow/.local/lib/python3.8/site-packages/airflow/example_dags/example_xcomargs.py took 0.043 seconds
[2024-03-21T01:09:49.242+0000] {processor.py:161} INFO - Started process (PID=1327) to work on /home/airflow/.local/lib/python3.8/site-packages/airflow/example_dags/example_xcomargs.py
[2024-03-21T01:09:49.243+0000] {processor.py:830} INFO - Processing file /home/airflow/.local/lib/python3.8/site-packages/airflow/example_dags/example_xcomargs.py for tasks to queue
[2024-03-21T01:09:49.245+0000] {logging_mixin.py:188} INFO - [2024-03-21T01:09:49.244+0000] {dagbag.py:540} INFO - Filling up the DagBag from /home/airflow/.local/lib/python3.8/site-packages/airflow/example_dags/example_xcomargs.py
[2024-03-21T01:09:49.250+0000] {processor.py:840} INFO - DAG(s) 'example_xcom_args', 'example_xcom_args_with_operators' retrieved from /home/airflow/.local/lib/python3.8/site-packages/airflow/example_dags/example_xcomargs.py
[2024-03-21T01:09:49.267+0000] {logging_mixin.py:188} INFO - [2024-03-21T01:09:49.266+0000] {dag.py:3047} INFO - Sync 2 DAGs
[2024-03-21T01:09:49.274+0000] {logging_mixin.py:188} INFO - [2024-03-21T01:09:49.274+0000] {dag.py:3834} INFO - Setting next_dagrun for example_xcom_args to None, run_after=None
[2024-03-21T01:09:49.276+0000] {logging_mixin.py:188} INFO - [2024-03-21T01:09:49.276+0000] {dag.py:3834} INFO - Setting next_dagrun for example_xcom_args_with_operators to None, run_after=None
[2024-03-21T01:09:49.286+0000] {processor.py:183} INFO - Processing /home/airflow/.local/lib/python3.8/site-packages/airflow/example_dags/example_xcomargs.py took 0.046 seconds
