[2024-03-21T00:58:08.313+0000] {processor.py:161} INFO - Started process (PID=79) to work on /home/airflow/.local/lib/python3.8/site-packages/airflow/example_dags/example_branch_python_dop_operator_3.py
[2024-03-21T00:58:08.313+0000] {processor.py:830} INFO - Processing file /home/airflow/.local/lib/python3.8/site-packages/airflow/example_dags/example_branch_python_dop_operator_3.py for tasks to queue
[2024-03-21T00:58:08.315+0000] {logging_mixin.py:188} INFO - [2024-03-21T00:58:08.315+0000] {dagbag.py:540} INFO - Filling up the DagBag from /home/airflow/.local/lib/python3.8/site-packages/airflow/example_dags/example_branch_python_dop_operator_3.py
[2024-03-21T00:58:08.322+0000] {processor.py:840} INFO - DAG(s) 'example_branch_dop_operator_v3' retrieved from /home/airflow/.local/lib/python3.8/site-packages/airflow/example_dags/example_branch_python_dop_operator_3.py
[2024-03-21T00:58:08.338+0000] {logging_mixin.py:188} INFO - [2024-03-21T00:58:08.337+0000] {dag.py:3047} INFO - Sync 1 DAGs
[2024-03-21T00:58:08.350+0000] {logging_mixin.py:188} INFO - [2024-03-21T00:58:08.350+0000] {dag.py:3834} INFO - Setting next_dagrun for example_branch_dop_operator_v3 to 2024-03-21 00:57:00+00:00, run_after=2024-03-21 00:58:00+00:00
[2024-03-21T00:58:08.359+0000] {processor.py:183} INFO - Processing /home/airflow/.local/lib/python3.8/site-packages/airflow/example_dags/example_branch_python_dop_operator_3.py took 0.049 seconds
[2024-03-21T00:58:39.100+0000] {processor.py:161} INFO - Started process (PID=138) to work on /home/airflow/.local/lib/python3.8/site-packages/airflow/example_dags/example_branch_python_dop_operator_3.py
[2024-03-21T00:58:39.101+0000] {processor.py:830} INFO - Processing file /home/airflow/.local/lib/python3.8/site-packages/airflow/example_dags/example_branch_python_dop_operator_3.py for tasks to queue
[2024-03-21T00:58:39.102+0000] {logging_mixin.py:188} INFO - [2024-03-21T00:58:39.102+0000] {dagbag.py:540} INFO - Filling up the DagBag from /home/airflow/.local/lib/python3.8/site-packages/airflow/example_dags/example_branch_python_dop_operator_3.py
[2024-03-21T00:58:39.107+0000] {processor.py:840} INFO - DAG(s) 'example_branch_dop_operator_v3' retrieved from /home/airflow/.local/lib/python3.8/site-packages/airflow/example_dags/example_branch_python_dop_operator_3.py
[2024-03-21T00:58:39.119+0000] {logging_mixin.py:188} INFO - [2024-03-21T00:58:39.118+0000] {dag.py:3047} INFO - Sync 1 DAGs
[2024-03-21T00:58:39.130+0000] {logging_mixin.py:188} INFO - [2024-03-21T00:58:39.130+0000] {dag.py:3834} INFO - Setting next_dagrun for example_branch_dop_operator_v3 to 2024-03-21 00:57:00+00:00, run_after=2024-03-21 00:58:00+00:00
[2024-03-21T00:58:39.138+0000] {processor.py:183} INFO - Processing /home/airflow/.local/lib/python3.8/site-packages/airflow/example_dags/example_branch_python_dop_operator_3.py took 0.039 seconds
[2024-03-21T00:59:09.968+0000] {processor.py:161} INFO - Started process (PID=193) to work on /home/airflow/.local/lib/python3.8/site-packages/airflow/example_dags/example_branch_python_dop_operator_3.py
[2024-03-21T00:59:09.969+0000] {processor.py:830} INFO - Processing file /home/airflow/.local/lib/python3.8/site-packages/airflow/example_dags/example_branch_python_dop_operator_3.py for tasks to queue
[2024-03-21T00:59:09.970+0000] {logging_mixin.py:188} INFO - [2024-03-21T00:59:09.970+0000] {dagbag.py:540} INFO - Filling up the DagBag from /home/airflow/.local/lib/python3.8/site-packages/airflow/example_dags/example_branch_python_dop_operator_3.py
[2024-03-21T00:59:09.975+0000] {processor.py:840} INFO - DAG(s) 'example_branch_dop_operator_v3' retrieved from /home/airflow/.local/lib/python3.8/site-packages/airflow/example_dags/example_branch_python_dop_operator_3.py
[2024-03-21T00:59:09.986+0000] {logging_mixin.py:188} INFO - [2024-03-21T00:59:09.986+0000] {dag.py:3047} INFO - Sync 1 DAGs
[2024-03-21T00:59:09.997+0000] {logging_mixin.py:188} INFO - [2024-03-21T00:59:09.997+0000] {dag.py:3834} INFO - Setting next_dagrun for example_branch_dop_operator_v3 to 2024-03-21 00:58:00+00:00, run_after=2024-03-21 00:59:00+00:00
[2024-03-21T00:59:10.004+0000] {processor.py:183} INFO - Processing /home/airflow/.local/lib/python3.8/site-packages/airflow/example_dags/example_branch_python_dop_operator_3.py took 0.038 seconds
[2024-03-21T00:59:40.541+0000] {processor.py:161} INFO - Started process (PID=248) to work on /home/airflow/.local/lib/python3.8/site-packages/airflow/example_dags/example_branch_python_dop_operator_3.py
[2024-03-21T00:59:40.542+0000] {processor.py:830} INFO - Processing file /home/airflow/.local/lib/python3.8/site-packages/airflow/example_dags/example_branch_python_dop_operator_3.py for tasks to queue
[2024-03-21T00:59:40.545+0000] {logging_mixin.py:188} INFO - [2024-03-21T00:59:40.544+0000] {dagbag.py:540} INFO - Filling up the DagBag from /home/airflow/.local/lib/python3.8/site-packages/airflow/example_dags/example_branch_python_dop_operator_3.py
[2024-03-21T00:59:40.551+0000] {processor.py:840} INFO - DAG(s) 'example_branch_dop_operator_v3' retrieved from /home/airflow/.local/lib/python3.8/site-packages/airflow/example_dags/example_branch_python_dop_operator_3.py
[2024-03-21T00:59:40.569+0000] {logging_mixin.py:188} INFO - [2024-03-21T00:59:40.569+0000] {dag.py:3047} INFO - Sync 1 DAGs
[2024-03-21T00:59:40.584+0000] {logging_mixin.py:188} INFO - [2024-03-21T00:59:40.584+0000] {dag.py:3834} INFO - Setting next_dagrun for example_branch_dop_operator_v3 to 2024-03-21 00:58:00+00:00, run_after=2024-03-21 00:59:00+00:00
[2024-03-21T00:59:40.593+0000] {processor.py:183} INFO - Processing /home/airflow/.local/lib/python3.8/site-packages/airflow/example_dags/example_branch_python_dop_operator_3.py took 0.054 seconds
[2024-03-21T01:00:11.276+0000] {processor.py:161} INFO - Started process (PID=303) to work on /home/airflow/.local/lib/python3.8/site-packages/airflow/example_dags/example_branch_python_dop_operator_3.py
[2024-03-21T01:00:11.276+0000] {processor.py:830} INFO - Processing file /home/airflow/.local/lib/python3.8/site-packages/airflow/example_dags/example_branch_python_dop_operator_3.py for tasks to queue
[2024-03-21T01:00:11.277+0000] {logging_mixin.py:188} INFO - [2024-03-21T01:00:11.277+0000] {dagbag.py:540} INFO - Filling up the DagBag from /home/airflow/.local/lib/python3.8/site-packages/airflow/example_dags/example_branch_python_dop_operator_3.py
[2024-03-21T01:00:11.282+0000] {processor.py:840} INFO - DAG(s) 'example_branch_dop_operator_v3' retrieved from /home/airflow/.local/lib/python3.8/site-packages/airflow/example_dags/example_branch_python_dop_operator_3.py
[2024-03-21T01:00:11.294+0000] {logging_mixin.py:188} INFO - [2024-03-21T01:00:11.294+0000] {dag.py:3047} INFO - Sync 1 DAGs
[2024-03-21T01:00:11.306+0000] {logging_mixin.py:188} INFO - [2024-03-21T01:00:11.306+0000] {dag.py:3834} INFO - Setting next_dagrun for example_branch_dop_operator_v3 to 2024-03-21 00:59:00+00:00, run_after=2024-03-21 01:00:00+00:00
[2024-03-21T01:00:11.312+0000] {processor.py:183} INFO - Processing /home/airflow/.local/lib/python3.8/site-packages/airflow/example_dags/example_branch_python_dop_operator_3.py took 0.039 seconds
[2024-03-21T01:00:42.093+0000] {processor.py:161} INFO - Started process (PID=358) to work on /home/airflow/.local/lib/python3.8/site-packages/airflow/example_dags/example_branch_python_dop_operator_3.py
[2024-03-21T01:00:42.093+0000] {processor.py:830} INFO - Processing file /home/airflow/.local/lib/python3.8/site-packages/airflow/example_dags/example_branch_python_dop_operator_3.py for tasks to queue
[2024-03-21T01:00:42.094+0000] {logging_mixin.py:188} INFO - [2024-03-21T01:00:42.094+0000] {dagbag.py:540} INFO - Filling up the DagBag from /home/airflow/.local/lib/python3.8/site-packages/airflow/example_dags/example_branch_python_dop_operator_3.py
[2024-03-21T01:00:42.099+0000] {processor.py:840} INFO - DAG(s) 'example_branch_dop_operator_v3' retrieved from /home/airflow/.local/lib/python3.8/site-packages/airflow/example_dags/example_branch_python_dop_operator_3.py
[2024-03-21T01:00:42.110+0000] {logging_mixin.py:188} INFO - [2024-03-21T01:00:42.110+0000] {dag.py:3047} INFO - Sync 1 DAGs
[2024-03-21T01:00:42.122+0000] {logging_mixin.py:188} INFO - [2024-03-21T01:00:42.122+0000] {dag.py:3834} INFO - Setting next_dagrun for example_branch_dop_operator_v3 to 2024-03-21 00:59:00+00:00, run_after=2024-03-21 01:00:00+00:00
[2024-03-21T01:00:42.129+0000] {processor.py:183} INFO - Processing /home/airflow/.local/lib/python3.8/site-packages/airflow/example_dags/example_branch_python_dop_operator_3.py took 0.038 seconds
[2024-03-21T01:01:12.891+0000] {processor.py:161} INFO - Started process (PID=414) to work on /home/airflow/.local/lib/python3.8/site-packages/airflow/example_dags/example_branch_python_dop_operator_3.py
[2024-03-21T01:01:12.892+0000] {processor.py:830} INFO - Processing file /home/airflow/.local/lib/python3.8/site-packages/airflow/example_dags/example_branch_python_dop_operator_3.py for tasks to queue
[2024-03-21T01:01:12.893+0000] {logging_mixin.py:188} INFO - [2024-03-21T01:01:12.892+0000] {dagbag.py:540} INFO - Filling up the DagBag from /home/airflow/.local/lib/python3.8/site-packages/airflow/example_dags/example_branch_python_dop_operator_3.py
[2024-03-21T01:01:12.898+0000] {processor.py:840} INFO - DAG(s) 'example_branch_dop_operator_v3' retrieved from /home/airflow/.local/lib/python3.8/site-packages/airflow/example_dags/example_branch_python_dop_operator_3.py
[2024-03-21T01:01:12.911+0000] {logging_mixin.py:188} INFO - [2024-03-21T01:01:12.911+0000] {dag.py:3047} INFO - Sync 1 DAGs
[2024-03-21T01:01:12.923+0000] {logging_mixin.py:188} INFO - [2024-03-21T01:01:12.923+0000] {dag.py:3834} INFO - Setting next_dagrun for example_branch_dop_operator_v3 to 2024-03-21 01:00:00+00:00, run_after=2024-03-21 01:01:00+00:00
[2024-03-21T01:01:12.931+0000] {processor.py:183} INFO - Processing /home/airflow/.local/lib/python3.8/site-packages/airflow/example_dags/example_branch_python_dop_operator_3.py took 0.042 seconds
[2024-03-21T01:01:43.596+0000] {processor.py:161} INFO - Started process (PID=469) to work on /home/airflow/.local/lib/python3.8/site-packages/airflow/example_dags/example_branch_python_dop_operator_3.py
[2024-03-21T01:01:43.597+0000] {processor.py:830} INFO - Processing file /home/airflow/.local/lib/python3.8/site-packages/airflow/example_dags/example_branch_python_dop_operator_3.py for tasks to queue
[2024-03-21T01:01:43.598+0000] {logging_mixin.py:188} INFO - [2024-03-21T01:01:43.598+0000] {dagbag.py:540} INFO - Filling up the DagBag from /home/airflow/.local/lib/python3.8/site-packages/airflow/example_dags/example_branch_python_dop_operator_3.py
[2024-03-21T01:01:43.603+0000] {processor.py:840} INFO - DAG(s) 'example_branch_dop_operator_v3' retrieved from /home/airflow/.local/lib/python3.8/site-packages/airflow/example_dags/example_branch_python_dop_operator_3.py
[2024-03-21T01:01:43.616+0000] {logging_mixin.py:188} INFO - [2024-03-21T01:01:43.616+0000] {dag.py:3047} INFO - Sync 1 DAGs
[2024-03-21T01:01:43.629+0000] {logging_mixin.py:188} INFO - [2024-03-21T01:01:43.629+0000] {dag.py:3834} INFO - Setting next_dagrun for example_branch_dop_operator_v3 to 2024-03-21 01:00:00+00:00, run_after=2024-03-21 01:01:00+00:00
[2024-03-21T01:01:43.636+0000] {processor.py:183} INFO - Processing /home/airflow/.local/lib/python3.8/site-packages/airflow/example_dags/example_branch_python_dop_operator_3.py took 0.042 seconds
[2024-03-21T01:02:14.597+0000] {processor.py:161} INFO - Started process (PID=524) to work on /home/airflow/.local/lib/python3.8/site-packages/airflow/example_dags/example_branch_python_dop_operator_3.py
[2024-03-21T01:02:14.597+0000] {processor.py:830} INFO - Processing file /home/airflow/.local/lib/python3.8/site-packages/airflow/example_dags/example_branch_python_dop_operator_3.py for tasks to queue
[2024-03-21T01:02:14.598+0000] {logging_mixin.py:188} INFO - [2024-03-21T01:02:14.598+0000] {dagbag.py:540} INFO - Filling up the DagBag from /home/airflow/.local/lib/python3.8/site-packages/airflow/example_dags/example_branch_python_dop_operator_3.py
[2024-03-21T01:02:14.604+0000] {processor.py:840} INFO - DAG(s) 'example_branch_dop_operator_v3' retrieved from /home/airflow/.local/lib/python3.8/site-packages/airflow/example_dags/example_branch_python_dop_operator_3.py
[2024-03-21T01:02:14.617+0000] {logging_mixin.py:188} INFO - [2024-03-21T01:02:14.616+0000] {dag.py:3047} INFO - Sync 1 DAGs
[2024-03-21T01:02:14.629+0000] {logging_mixin.py:188} INFO - [2024-03-21T01:02:14.629+0000] {dag.py:3834} INFO - Setting next_dagrun for example_branch_dop_operator_v3 to 2024-03-21 01:01:00+00:00, run_after=2024-03-21 01:02:00+00:00
[2024-03-21T01:02:14.638+0000] {processor.py:183} INFO - Processing /home/airflow/.local/lib/python3.8/site-packages/airflow/example_dags/example_branch_python_dop_operator_3.py took 0.043 seconds
[2024-03-21T01:02:45.465+0000] {processor.py:161} INFO - Started process (PID=579) to work on /home/airflow/.local/lib/python3.8/site-packages/airflow/example_dags/example_branch_python_dop_operator_3.py
[2024-03-21T01:02:45.465+0000] {processor.py:830} INFO - Processing file /home/airflow/.local/lib/python3.8/site-packages/airflow/example_dags/example_branch_python_dop_operator_3.py for tasks to queue
[2024-03-21T01:02:45.466+0000] {logging_mixin.py:188} INFO - [2024-03-21T01:02:45.466+0000] {dagbag.py:540} INFO - Filling up the DagBag from /home/airflow/.local/lib/python3.8/site-packages/airflow/example_dags/example_branch_python_dop_operator_3.py
[2024-03-21T01:02:45.471+0000] {processor.py:840} INFO - DAG(s) 'example_branch_dop_operator_v3' retrieved from /home/airflow/.local/lib/python3.8/site-packages/airflow/example_dags/example_branch_python_dop_operator_3.py
[2024-03-21T01:02:45.483+0000] {logging_mixin.py:188} INFO - [2024-03-21T01:02:45.483+0000] {dag.py:3047} INFO - Sync 1 DAGs
[2024-03-21T01:02:45.494+0000] {logging_mixin.py:188} INFO - [2024-03-21T01:02:45.494+0000] {dag.py:3834} INFO - Setting next_dagrun for example_branch_dop_operator_v3 to 2024-03-21 01:01:00+00:00, run_after=2024-03-21 01:02:00+00:00
[2024-03-21T01:02:45.502+0000] {processor.py:183} INFO - Processing /home/airflow/.local/lib/python3.8/site-packages/airflow/example_dags/example_branch_python_dop_operator_3.py took 0.039 seconds
[2024-03-21T01:03:16.266+0000] {processor.py:161} INFO - Started process (PID=634) to work on /home/airflow/.local/lib/python3.8/site-packages/airflow/example_dags/example_branch_python_dop_operator_3.py
[2024-03-21T01:03:16.267+0000] {processor.py:830} INFO - Processing file /home/airflow/.local/lib/python3.8/site-packages/airflow/example_dags/example_branch_python_dop_operator_3.py for tasks to queue
[2024-03-21T01:03:16.268+0000] {logging_mixin.py:188} INFO - [2024-03-21T01:03:16.268+0000] {dagbag.py:540} INFO - Filling up the DagBag from /home/airflow/.local/lib/python3.8/site-packages/airflow/example_dags/example_branch_python_dop_operator_3.py
[2024-03-21T01:03:16.273+0000] {processor.py:840} INFO - DAG(s) 'example_branch_dop_operator_v3' retrieved from /home/airflow/.local/lib/python3.8/site-packages/airflow/example_dags/example_branch_python_dop_operator_3.py
[2024-03-21T01:03:16.284+0000] {logging_mixin.py:188} INFO - [2024-03-21T01:03:16.284+0000] {dag.py:3047} INFO - Sync 1 DAGs
[2024-03-21T01:03:16.295+0000] {logging_mixin.py:188} INFO - [2024-03-21T01:03:16.295+0000] {dag.py:3834} INFO - Setting next_dagrun for example_branch_dop_operator_v3 to 2024-03-21 01:02:00+00:00, run_after=2024-03-21 01:03:00+00:00
[2024-03-21T01:03:16.303+0000] {processor.py:183} INFO - Processing /home/airflow/.local/lib/python3.8/site-packages/airflow/example_dags/example_branch_python_dop_operator_3.py took 0.039 seconds
[2024-03-21T01:03:46.976+0000] {processor.py:161} INFO - Started process (PID=689) to work on /home/airflow/.local/lib/python3.8/site-packages/airflow/example_dags/example_branch_python_dop_operator_3.py
[2024-03-21T01:03:46.976+0000] {processor.py:830} INFO - Processing file /home/airflow/.local/lib/python3.8/site-packages/airflow/example_dags/example_branch_python_dop_operator_3.py for tasks to queue
[2024-03-21T01:03:46.977+0000] {logging_mixin.py:188} INFO - [2024-03-21T01:03:46.977+0000] {dagbag.py:540} INFO - Filling up the DagBag from /home/airflow/.local/lib/python3.8/site-packages/airflow/example_dags/example_branch_python_dop_operator_3.py
[2024-03-21T01:03:46.982+0000] {processor.py:840} INFO - DAG(s) 'example_branch_dop_operator_v3' retrieved from /home/airflow/.local/lib/python3.8/site-packages/airflow/example_dags/example_branch_python_dop_operator_3.py
[2024-03-21T01:03:46.993+0000] {logging_mixin.py:188} INFO - [2024-03-21T01:03:46.993+0000] {dag.py:3047} INFO - Sync 1 DAGs
[2024-03-21T01:03:47.005+0000] {logging_mixin.py:188} INFO - [2024-03-21T01:03:47.005+0000] {dag.py:3834} INFO - Setting next_dagrun for example_branch_dop_operator_v3 to 2024-03-21 01:02:00+00:00, run_after=2024-03-21 01:03:00+00:00
[2024-03-21T01:03:47.012+0000] {processor.py:183} INFO - Processing /home/airflow/.local/lib/python3.8/site-packages/airflow/example_dags/example_branch_python_dop_operator_3.py took 0.038 seconds
[2024-03-21T01:04:17.712+0000] {processor.py:161} INFO - Started process (PID=744) to work on /home/airflow/.local/lib/python3.8/site-packages/airflow/example_dags/example_branch_python_dop_operator_3.py
[2024-03-21T01:04:17.712+0000] {processor.py:830} INFO - Processing file /home/airflow/.local/lib/python3.8/site-packages/airflow/example_dags/example_branch_python_dop_operator_3.py for tasks to queue
[2024-03-21T01:04:17.713+0000] {logging_mixin.py:188} INFO - [2024-03-21T01:04:17.713+0000] {dagbag.py:540} INFO - Filling up the DagBag from /home/airflow/.local/lib/python3.8/site-packages/airflow/example_dags/example_branch_python_dop_operator_3.py
[2024-03-21T01:04:17.718+0000] {processor.py:840} INFO - DAG(s) 'example_branch_dop_operator_v3' retrieved from /home/airflow/.local/lib/python3.8/site-packages/airflow/example_dags/example_branch_python_dop_operator_3.py
[2024-03-21T01:04:17.730+0000] {logging_mixin.py:188} INFO - [2024-03-21T01:04:17.729+0000] {dag.py:3047} INFO - Sync 1 DAGs
[2024-03-21T01:04:17.742+0000] {logging_mixin.py:188} INFO - [2024-03-21T01:04:17.742+0000] {dag.py:3834} INFO - Setting next_dagrun for example_branch_dop_operator_v3 to 2024-03-21 01:03:00+00:00, run_after=2024-03-21 01:04:00+00:00
[2024-03-21T01:04:17.749+0000] {processor.py:183} INFO - Processing /home/airflow/.local/lib/python3.8/site-packages/airflow/example_dags/example_branch_python_dop_operator_3.py took 0.040 seconds
[2024-03-21T01:04:48.776+0000] {processor.py:161} INFO - Started process (PID=799) to work on /home/airflow/.local/lib/python3.8/site-packages/airflow/example_dags/example_branch_python_dop_operator_3.py
[2024-03-21T01:04:48.776+0000] {processor.py:830} INFO - Processing file /home/airflow/.local/lib/python3.8/site-packages/airflow/example_dags/example_branch_python_dop_operator_3.py for tasks to queue
[2024-03-21T01:04:48.777+0000] {logging_mixin.py:188} INFO - [2024-03-21T01:04:48.777+0000] {dagbag.py:540} INFO - Filling up the DagBag from /home/airflow/.local/lib/python3.8/site-packages/airflow/example_dags/example_branch_python_dop_operator_3.py
[2024-03-21T01:04:48.783+0000] {processor.py:840} INFO - DAG(s) 'example_branch_dop_operator_v3' retrieved from /home/airflow/.local/lib/python3.8/site-packages/airflow/example_dags/example_branch_python_dop_operator_3.py
[2024-03-21T01:04:48.796+0000] {logging_mixin.py:188} INFO - [2024-03-21T01:04:48.796+0000] {dag.py:3047} INFO - Sync 1 DAGs
[2024-03-21T01:04:48.808+0000] {logging_mixin.py:188} INFO - [2024-03-21T01:04:48.808+0000] {dag.py:3834} INFO - Setting next_dagrun for example_branch_dop_operator_v3 to 2024-03-21 01:03:00+00:00, run_after=2024-03-21 01:04:00+00:00
[2024-03-21T01:04:48.816+0000] {processor.py:183} INFO - Processing /home/airflow/.local/lib/python3.8/site-packages/airflow/example_dags/example_branch_python_dop_operator_3.py took 0.042 seconds
[2024-03-21T01:05:18.855+0000] {processor.py:161} INFO - Started process (PID=854) to work on /home/airflow/.local/lib/python3.8/site-packages/airflow/example_dags/example_branch_python_dop_operator_3.py
[2024-03-21T01:05:18.856+0000] {processor.py:830} INFO - Processing file /home/airflow/.local/lib/python3.8/site-packages/airflow/example_dags/example_branch_python_dop_operator_3.py for tasks to queue
[2024-03-21T01:05:18.857+0000] {logging_mixin.py:188} INFO - [2024-03-21T01:05:18.857+0000] {dagbag.py:540} INFO - Filling up the DagBag from /home/airflow/.local/lib/python3.8/site-packages/airflow/example_dags/example_branch_python_dop_operator_3.py
[2024-03-21T01:05:18.862+0000] {processor.py:840} INFO - DAG(s) 'example_branch_dop_operator_v3' retrieved from /home/airflow/.local/lib/python3.8/site-packages/airflow/example_dags/example_branch_python_dop_operator_3.py
[2024-03-21T01:05:18.873+0000] {logging_mixin.py:188} INFO - [2024-03-21T01:05:18.873+0000] {dag.py:3047} INFO - Sync 1 DAGs
[2024-03-21T01:05:18.885+0000] {logging_mixin.py:188} INFO - [2024-03-21T01:05:18.885+0000] {dag.py:3834} INFO - Setting next_dagrun for example_branch_dop_operator_v3 to 2024-03-21 01:04:00+00:00, run_after=2024-03-21 01:05:00+00:00
[2024-03-21T01:05:18.893+0000] {processor.py:183} INFO - Processing /home/airflow/.local/lib/python3.8/site-packages/airflow/example_dags/example_branch_python_dop_operator_3.py took 0.040 seconds
[2024-03-21T01:05:49.735+0000] {processor.py:161} INFO - Started process (PID=909) to work on /home/airflow/.local/lib/python3.8/site-packages/airflow/example_dags/example_branch_python_dop_operator_3.py
[2024-03-21T01:05:49.736+0000] {processor.py:830} INFO - Processing file /home/airflow/.local/lib/python3.8/site-packages/airflow/example_dags/example_branch_python_dop_operator_3.py for tasks to queue
[2024-03-21T01:05:49.737+0000] {logging_mixin.py:188} INFO - [2024-03-21T01:05:49.737+0000] {dagbag.py:540} INFO - Filling up the DagBag from /home/airflow/.local/lib/python3.8/site-packages/airflow/example_dags/example_branch_python_dop_operator_3.py
[2024-03-21T01:05:49.743+0000] {processor.py:840} INFO - DAG(s) 'example_branch_dop_operator_v3' retrieved from /home/airflow/.local/lib/python3.8/site-packages/airflow/example_dags/example_branch_python_dop_operator_3.py
[2024-03-21T01:05:49.757+0000] {logging_mixin.py:188} INFO - [2024-03-21T01:05:49.757+0000] {dag.py:3047} INFO - Sync 1 DAGs
[2024-03-21T01:05:49.770+0000] {logging_mixin.py:188} INFO - [2024-03-21T01:05:49.769+0000] {dag.py:3834} INFO - Setting next_dagrun for example_branch_dop_operator_v3 to 2024-03-21 01:04:00+00:00, run_after=2024-03-21 01:05:00+00:00
[2024-03-21T01:05:49.778+0000] {processor.py:183} INFO - Processing /home/airflow/.local/lib/python3.8/site-packages/airflow/example_dags/example_branch_python_dop_operator_3.py took 0.045 seconds
[2024-03-21T01:06:20.084+0000] {processor.py:161} INFO - Started process (PID=964) to work on /home/airflow/.local/lib/python3.8/site-packages/airflow/example_dags/example_branch_python_dop_operator_3.py
[2024-03-21T01:06:20.085+0000] {processor.py:830} INFO - Processing file /home/airflow/.local/lib/python3.8/site-packages/airflow/example_dags/example_branch_python_dop_operator_3.py for tasks to queue
[2024-03-21T01:06:20.086+0000] {logging_mixin.py:188} INFO - [2024-03-21T01:06:20.086+0000] {dagbag.py:540} INFO - Filling up the DagBag from /home/airflow/.local/lib/python3.8/site-packages/airflow/example_dags/example_branch_python_dop_operator_3.py
[2024-03-21T01:06:20.092+0000] {processor.py:840} INFO - DAG(s) 'example_branch_dop_operator_v3' retrieved from /home/airflow/.local/lib/python3.8/site-packages/airflow/example_dags/example_branch_python_dop_operator_3.py
[2024-03-21T01:06:20.105+0000] {logging_mixin.py:188} INFO - [2024-03-21T01:06:20.105+0000] {dag.py:3047} INFO - Sync 1 DAGs
[2024-03-21T01:06:20.117+0000] {logging_mixin.py:188} INFO - [2024-03-21T01:06:20.117+0000] {dag.py:3834} INFO - Setting next_dagrun for example_branch_dop_operator_v3 to 2024-03-21 01:05:00+00:00, run_after=2024-03-21 01:06:00+00:00
[2024-03-21T01:06:20.126+0000] {processor.py:183} INFO - Processing /home/airflow/.local/lib/python3.8/site-packages/airflow/example_dags/example_branch_python_dop_operator_3.py took 0.044 seconds
[2024-03-21T01:06:51.088+0000] {processor.py:161} INFO - Started process (PID=1019) to work on /home/airflow/.local/lib/python3.8/site-packages/airflow/example_dags/example_branch_python_dop_operator_3.py
[2024-03-21T01:06:51.089+0000] {processor.py:830} INFO - Processing file /home/airflow/.local/lib/python3.8/site-packages/airflow/example_dags/example_branch_python_dop_operator_3.py for tasks to queue
[2024-03-21T01:06:51.090+0000] {logging_mixin.py:188} INFO - [2024-03-21T01:06:51.090+0000] {dagbag.py:540} INFO - Filling up the DagBag from /home/airflow/.local/lib/python3.8/site-packages/airflow/example_dags/example_branch_python_dop_operator_3.py
[2024-03-21T01:06:51.095+0000] {processor.py:840} INFO - DAG(s) 'example_branch_dop_operator_v3' retrieved from /home/airflow/.local/lib/python3.8/site-packages/airflow/example_dags/example_branch_python_dop_operator_3.py
[2024-03-21T01:06:51.108+0000] {logging_mixin.py:188} INFO - [2024-03-21T01:06:51.108+0000] {dag.py:3047} INFO - Sync 1 DAGs
[2024-03-21T01:06:51.120+0000] {logging_mixin.py:188} INFO - [2024-03-21T01:06:51.120+0000] {dag.py:3834} INFO - Setting next_dagrun for example_branch_dop_operator_v3 to 2024-03-21 01:05:00+00:00, run_after=2024-03-21 01:06:00+00:00
[2024-03-21T01:06:51.129+0000] {processor.py:183} INFO - Processing /home/airflow/.local/lib/python3.8/site-packages/airflow/example_dags/example_branch_python_dop_operator_3.py took 0.042 seconds
[2024-03-21T01:07:21.996+0000] {processor.py:161} INFO - Started process (PID=1074) to work on /home/airflow/.local/lib/python3.8/site-packages/airflow/example_dags/example_branch_python_dop_operator_3.py
[2024-03-21T01:07:21.996+0000] {processor.py:830} INFO - Processing file /home/airflow/.local/lib/python3.8/site-packages/airflow/example_dags/example_branch_python_dop_operator_3.py for tasks to queue
[2024-03-21T01:07:21.998+0000] {logging_mixin.py:188} INFO - [2024-03-21T01:07:21.997+0000] {dagbag.py:540} INFO - Filling up the DagBag from /home/airflow/.local/lib/python3.8/site-packages/airflow/example_dags/example_branch_python_dop_operator_3.py
[2024-03-21T01:07:22.003+0000] {processor.py:840} INFO - DAG(s) 'example_branch_dop_operator_v3' retrieved from /home/airflow/.local/lib/python3.8/site-packages/airflow/example_dags/example_branch_python_dop_operator_3.py
[2024-03-21T01:07:22.016+0000] {logging_mixin.py:188} INFO - [2024-03-21T01:07:22.016+0000] {dag.py:3047} INFO - Sync 1 DAGs
[2024-03-21T01:07:22.028+0000] {logging_mixin.py:188} INFO - [2024-03-21T01:07:22.028+0000] {dag.py:3834} INFO - Setting next_dagrun for example_branch_dop_operator_v3 to 2024-03-21 01:06:00+00:00, run_after=2024-03-21 01:07:00+00:00
[2024-03-21T01:07:22.037+0000] {processor.py:183} INFO - Processing /home/airflow/.local/lib/python3.8/site-packages/airflow/example_dags/example_branch_python_dop_operator_3.py took 0.043 seconds
[2024-03-21T01:07:52.264+0000] {processor.py:161} INFO - Started process (PID=1129) to work on /home/airflow/.local/lib/python3.8/site-packages/airflow/example_dags/example_branch_python_dop_operator_3.py
[2024-03-21T01:07:52.265+0000] {processor.py:830} INFO - Processing file /home/airflow/.local/lib/python3.8/site-packages/airflow/example_dags/example_branch_python_dop_operator_3.py for tasks to queue
[2024-03-21T01:07:52.266+0000] {logging_mixin.py:188} INFO - [2024-03-21T01:07:52.266+0000] {dagbag.py:540} INFO - Filling up the DagBag from /home/airflow/.local/lib/python3.8/site-packages/airflow/example_dags/example_branch_python_dop_operator_3.py
[2024-03-21T01:07:52.272+0000] {processor.py:840} INFO - DAG(s) 'example_branch_dop_operator_v3' retrieved from /home/airflow/.local/lib/python3.8/site-packages/airflow/example_dags/example_branch_python_dop_operator_3.py
[2024-03-21T01:07:52.286+0000] {logging_mixin.py:188} INFO - [2024-03-21T01:07:52.285+0000] {dag.py:3047} INFO - Sync 1 DAGs
[2024-03-21T01:07:52.299+0000] {logging_mixin.py:188} INFO - [2024-03-21T01:07:52.299+0000] {dag.py:3834} INFO - Setting next_dagrun for example_branch_dop_operator_v3 to 2024-03-21 01:06:00+00:00, run_after=2024-03-21 01:07:00+00:00
[2024-03-21T01:07:52.309+0000] {processor.py:183} INFO - Processing /home/airflow/.local/lib/python3.8/site-packages/airflow/example_dags/example_branch_python_dop_operator_3.py took 0.048 seconds
[2024-03-21T01:08:22.577+0000] {processor.py:161} INFO - Started process (PID=1184) to work on /home/airflow/.local/lib/python3.8/site-packages/airflow/example_dags/example_branch_python_dop_operator_3.py
[2024-03-21T01:08:22.578+0000] {processor.py:830} INFO - Processing file /home/airflow/.local/lib/python3.8/site-packages/airflow/example_dags/example_branch_python_dop_operator_3.py for tasks to queue
[2024-03-21T01:08:22.579+0000] {logging_mixin.py:188} INFO - [2024-03-21T01:08:22.579+0000] {dagbag.py:540} INFO - Filling up the DagBag from /home/airflow/.local/lib/python3.8/site-packages/airflow/example_dags/example_branch_python_dop_operator_3.py
[2024-03-21T01:08:22.585+0000] {processor.py:840} INFO - DAG(s) 'example_branch_dop_operator_v3' retrieved from /home/airflow/.local/lib/python3.8/site-packages/airflow/example_dags/example_branch_python_dop_operator_3.py
[2024-03-21T01:08:22.598+0000] {logging_mixin.py:188} INFO - [2024-03-21T01:08:22.597+0000] {dag.py:3047} INFO - Sync 1 DAGs
[2024-03-21T01:08:22.610+0000] {logging_mixin.py:188} INFO - [2024-03-21T01:08:22.610+0000] {dag.py:3834} INFO - Setting next_dagrun for example_branch_dop_operator_v3 to 2024-03-21 01:07:00+00:00, run_after=2024-03-21 01:08:00+00:00
[2024-03-21T01:08:22.620+0000] {processor.py:183} INFO - Processing /home/airflow/.local/lib/python3.8/site-packages/airflow/example_dags/example_branch_python_dop_operator_3.py took 0.045 seconds
[2024-03-21T01:08:52.788+0000] {processor.py:161} INFO - Started process (PID=1239) to work on /home/airflow/.local/lib/python3.8/site-packages/airflow/example_dags/example_branch_python_dop_operator_3.py
[2024-03-21T01:08:52.789+0000] {processor.py:830} INFO - Processing file /home/airflow/.local/lib/python3.8/site-packages/airflow/example_dags/example_branch_python_dop_operator_3.py for tasks to queue
[2024-03-21T01:08:52.790+0000] {logging_mixin.py:188} INFO - [2024-03-21T01:08:52.790+0000] {dagbag.py:540} INFO - Filling up the DagBag from /home/airflow/.local/lib/python3.8/site-packages/airflow/example_dags/example_branch_python_dop_operator_3.py
[2024-03-21T01:08:52.796+0000] {processor.py:840} INFO - DAG(s) 'example_branch_dop_operator_v3' retrieved from /home/airflow/.local/lib/python3.8/site-packages/airflow/example_dags/example_branch_python_dop_operator_3.py
[2024-03-21T01:08:52.810+0000] {logging_mixin.py:188} INFO - [2024-03-21T01:08:52.809+0000] {dag.py:3047} INFO - Sync 1 DAGs
[2024-03-21T01:08:52.822+0000] {logging_mixin.py:188} INFO - [2024-03-21T01:08:52.822+0000] {dag.py:3834} INFO - Setting next_dagrun for example_branch_dop_operator_v3 to 2024-03-21 01:07:00+00:00, run_after=2024-03-21 01:08:00+00:00
[2024-03-21T01:08:52.831+0000] {processor.py:183} INFO - Processing /home/airflow/.local/lib/python3.8/site-packages/airflow/example_dags/example_branch_python_dop_operator_3.py took 0.045 seconds
[2024-03-21T01:09:22.924+0000] {processor.py:161} INFO - Started process (PID=1294) to work on /home/airflow/.local/lib/python3.8/site-packages/airflow/example_dags/example_branch_python_dop_operator_3.py
[2024-03-21T01:09:22.924+0000] {processor.py:830} INFO - Processing file /home/airflow/.local/lib/python3.8/site-packages/airflow/example_dags/example_branch_python_dop_operator_3.py for tasks to queue
[2024-03-21T01:09:22.926+0000] {logging_mixin.py:188} INFO - [2024-03-21T01:09:22.926+0000] {dagbag.py:540} INFO - Filling up the DagBag from /home/airflow/.local/lib/python3.8/site-packages/airflow/example_dags/example_branch_python_dop_operator_3.py
[2024-03-21T01:09:22.932+0000] {processor.py:840} INFO - DAG(s) 'example_branch_dop_operator_v3' retrieved from /home/airflow/.local/lib/python3.8/site-packages/airflow/example_dags/example_branch_python_dop_operator_3.py
[2024-03-21T01:09:22.945+0000] {logging_mixin.py:188} INFO - [2024-03-21T01:09:22.945+0000] {dag.py:3047} INFO - Sync 1 DAGs
[2024-03-21T01:09:22.958+0000] {logging_mixin.py:188} INFO - [2024-03-21T01:09:22.958+0000] {dag.py:3834} INFO - Setting next_dagrun for example_branch_dop_operator_v3 to 2024-03-21 01:08:00+00:00, run_after=2024-03-21 01:09:00+00:00
[2024-03-21T01:09:22.971+0000] {processor.py:183} INFO - Processing /home/airflow/.local/lib/python3.8/site-packages/airflow/example_dags/example_branch_python_dop_operator_3.py took 0.050 seconds
[2024-03-21T01:09:53.153+0000] {processor.py:161} INFO - Started process (PID=1349) to work on /home/airflow/.local/lib/python3.8/site-packages/airflow/example_dags/example_branch_python_dop_operator_3.py
[2024-03-21T01:09:53.154+0000] {processor.py:830} INFO - Processing file /home/airflow/.local/lib/python3.8/site-packages/airflow/example_dags/example_branch_python_dop_operator_3.py for tasks to queue
[2024-03-21T01:09:53.155+0000] {logging_mixin.py:188} INFO - [2024-03-21T01:09:53.155+0000] {dagbag.py:540} INFO - Filling up the DagBag from /home/airflow/.local/lib/python3.8/site-packages/airflow/example_dags/example_branch_python_dop_operator_3.py
[2024-03-21T01:09:53.160+0000] {processor.py:840} INFO - DAG(s) 'example_branch_dop_operator_v3' retrieved from /home/airflow/.local/lib/python3.8/site-packages/airflow/example_dags/example_branch_python_dop_operator_3.py
[2024-03-21T01:09:53.175+0000] {logging_mixin.py:188} INFO - [2024-03-21T01:09:53.174+0000] {dag.py:3047} INFO - Sync 1 DAGs
[2024-03-21T01:09:53.188+0000] {logging_mixin.py:188} INFO - [2024-03-21T01:09:53.188+0000] {dag.py:3834} INFO - Setting next_dagrun for example_branch_dop_operator_v3 to 2024-03-21 01:08:00+00:00, run_after=2024-03-21 01:09:00+00:00
[2024-03-21T01:09:53.198+0000] {processor.py:183} INFO - Processing /home/airflow/.local/lib/python3.8/site-packages/airflow/example_dags/example_branch_python_dop_operator_3.py took 0.047 seconds
