[2024-03-21T00:58:07.649+0000] {processor.py:161} INFO - Started process (PID=66) to work on /home/airflow/.local/lib/python3.8/site-packages/airflow/example_dags/example_short_circuit_operator.py
[2024-03-21T00:58:07.650+0000] {processor.py:830} INFO - Processing file /home/airflow/.local/lib/python3.8/site-packages/airflow/example_dags/example_short_circuit_operator.py for tasks to queue
[2024-03-21T00:58:07.651+0000] {logging_mixin.py:188} INFO - [2024-03-21T00:58:07.651+0000] {dagbag.py:540} INFO - Filling up the DagBag from /home/airflow/.local/lib/python3.8/site-packages/airflow/example_dags/example_short_circuit_operator.py
[2024-03-21T00:58:07.658+0000] {processor.py:840} INFO - DAG(s) 'example_short_circuit_operator' retrieved from /home/airflow/.local/lib/python3.8/site-packages/airflow/example_dags/example_short_circuit_operator.py
[2024-03-21T00:58:07.675+0000] {logging_mixin.py:188} INFO - [2024-03-21T00:58:07.675+0000] {dag.py:3047} INFO - Sync 1 DAGs
[2024-03-21T00:58:07.688+0000] {logging_mixin.py:188} INFO - [2024-03-21T00:58:07.688+0000] {dag.py:3834} INFO - Setting next_dagrun for example_short_circuit_operator to 2024-03-20 00:00:00+00:00, run_after=2024-03-21 00:00:00+00:00
[2024-03-21T00:58:07.701+0000] {processor.py:183} INFO - Processing /home/airflow/.local/lib/python3.8/site-packages/airflow/example_dags/example_short_circuit_operator.py took 0.055 seconds
[2024-03-21T00:58:38.689+0000] {processor.py:161} INFO - Started process (PID=125) to work on /home/airflow/.local/lib/python3.8/site-packages/airflow/example_dags/example_short_circuit_operator.py
[2024-03-21T00:58:38.690+0000] {processor.py:830} INFO - Processing file /home/airflow/.local/lib/python3.8/site-packages/airflow/example_dags/example_short_circuit_operator.py for tasks to queue
[2024-03-21T00:58:38.691+0000] {logging_mixin.py:188} INFO - [2024-03-21T00:58:38.691+0000] {dagbag.py:540} INFO - Filling up the DagBag from /home/airflow/.local/lib/python3.8/site-packages/airflow/example_dags/example_short_circuit_operator.py
[2024-03-21T00:58:38.695+0000] {processor.py:840} INFO - DAG(s) 'example_short_circuit_operator' retrieved from /home/airflow/.local/lib/python3.8/site-packages/airflow/example_dags/example_short_circuit_operator.py
[2024-03-21T00:58:38.709+0000] {logging_mixin.py:188} INFO - [2024-03-21T00:58:38.709+0000] {dag.py:3047} INFO - Sync 1 DAGs
[2024-03-21T00:58:38.719+0000] {logging_mixin.py:188} INFO - [2024-03-21T00:58:38.719+0000] {dag.py:3834} INFO - Setting next_dagrun for example_short_circuit_operator to 2024-03-20 00:00:00+00:00, run_after=2024-03-21 00:00:00+00:00
[2024-03-21T00:58:38.727+0000] {processor.py:183} INFO - Processing /home/airflow/.local/lib/python3.8/site-packages/airflow/example_dags/example_short_circuit_operator.py took 0.040 seconds
[2024-03-21T00:59:09.536+0000] {processor.py:161} INFO - Started process (PID=180) to work on /home/airflow/.local/lib/python3.8/site-packages/airflow/example_dags/example_short_circuit_operator.py
[2024-03-21T00:59:09.536+0000] {processor.py:830} INFO - Processing file /home/airflow/.local/lib/python3.8/site-packages/airflow/example_dags/example_short_circuit_operator.py for tasks to queue
[2024-03-21T00:59:09.538+0000] {logging_mixin.py:188} INFO - [2024-03-21T00:59:09.537+0000] {dagbag.py:540} INFO - Filling up the DagBag from /home/airflow/.local/lib/python3.8/site-packages/airflow/example_dags/example_short_circuit_operator.py
[2024-03-21T00:59:09.543+0000] {processor.py:840} INFO - DAG(s) 'example_short_circuit_operator' retrieved from /home/airflow/.local/lib/python3.8/site-packages/airflow/example_dags/example_short_circuit_operator.py
[2024-03-21T00:59:09.558+0000] {logging_mixin.py:188} INFO - [2024-03-21T00:59:09.557+0000] {dag.py:3047} INFO - Sync 1 DAGs
[2024-03-21T00:59:09.568+0000] {logging_mixin.py:188} INFO - [2024-03-21T00:59:09.568+0000] {dag.py:3834} INFO - Setting next_dagrun for example_short_circuit_operator to 2024-03-20 00:00:00+00:00, run_after=2024-03-21 00:00:00+00:00
[2024-03-21T00:59:09.576+0000] {processor.py:183} INFO - Processing /home/airflow/.local/lib/python3.8/site-packages/airflow/example_dags/example_short_circuit_operator.py took 0.043 seconds
[2024-03-21T00:59:40.204+0000] {processor.py:161} INFO - Started process (PID=235) to work on /home/airflow/.local/lib/python3.8/site-packages/airflow/example_dags/example_short_circuit_operator.py
[2024-03-21T00:59:40.204+0000] {processor.py:830} INFO - Processing file /home/airflow/.local/lib/python3.8/site-packages/airflow/example_dags/example_short_circuit_operator.py for tasks to queue
[2024-03-21T00:59:40.205+0000] {logging_mixin.py:188} INFO - [2024-03-21T00:59:40.205+0000] {dagbag.py:540} INFO - Filling up the DagBag from /home/airflow/.local/lib/python3.8/site-packages/airflow/example_dags/example_short_circuit_operator.py
[2024-03-21T00:59:40.209+0000] {processor.py:840} INFO - DAG(s) 'example_short_circuit_operator' retrieved from /home/airflow/.local/lib/python3.8/site-packages/airflow/example_dags/example_short_circuit_operator.py
[2024-03-21T00:59:40.222+0000] {logging_mixin.py:188} INFO - [2024-03-21T00:59:40.222+0000] {dag.py:3047} INFO - Sync 1 DAGs
[2024-03-21T00:59:40.232+0000] {logging_mixin.py:188} INFO - [2024-03-21T00:59:40.232+0000] {dag.py:3834} INFO - Setting next_dagrun for example_short_circuit_operator to 2024-03-20 00:00:00+00:00, run_after=2024-03-21 00:00:00+00:00
[2024-03-21T00:59:40.240+0000] {processor.py:183} INFO - Processing /home/airflow/.local/lib/python3.8/site-packages/airflow/example_dags/example_short_circuit_operator.py took 0.038 seconds
[2024-03-21T01:00:10.873+0000] {processor.py:161} INFO - Started process (PID=290) to work on /home/airflow/.local/lib/python3.8/site-packages/airflow/example_dags/example_short_circuit_operator.py
[2024-03-21T01:00:10.874+0000] {processor.py:830} INFO - Processing file /home/airflow/.local/lib/python3.8/site-packages/airflow/example_dags/example_short_circuit_operator.py for tasks to queue
[2024-03-21T01:00:10.875+0000] {logging_mixin.py:188} INFO - [2024-03-21T01:00:10.874+0000] {dagbag.py:540} INFO - Filling up the DagBag from /home/airflow/.local/lib/python3.8/site-packages/airflow/example_dags/example_short_circuit_operator.py
[2024-03-21T01:00:10.879+0000] {processor.py:840} INFO - DAG(s) 'example_short_circuit_operator' retrieved from /home/airflow/.local/lib/python3.8/site-packages/airflow/example_dags/example_short_circuit_operator.py
[2024-03-21T01:00:10.892+0000] {logging_mixin.py:188} INFO - [2024-03-21T01:00:10.892+0000] {dag.py:3047} INFO - Sync 1 DAGs
[2024-03-21T01:00:10.902+0000] {logging_mixin.py:188} INFO - [2024-03-21T01:00:10.902+0000] {dag.py:3834} INFO - Setting next_dagrun for example_short_circuit_operator to 2024-03-20 00:00:00+00:00, run_after=2024-03-21 00:00:00+00:00
[2024-03-21T01:00:10.910+0000] {processor.py:183} INFO - Processing /home/airflow/.local/lib/python3.8/site-packages/airflow/example_dags/example_short_circuit_operator.py took 0.040 seconds
[2024-03-21T01:00:41.683+0000] {processor.py:161} INFO - Started process (PID=345) to work on /home/airflow/.local/lib/python3.8/site-packages/airflow/example_dags/example_short_circuit_operator.py
[2024-03-21T01:00:41.684+0000] {processor.py:830} INFO - Processing file /home/airflow/.local/lib/python3.8/site-packages/airflow/example_dags/example_short_circuit_operator.py for tasks to queue
[2024-03-21T01:00:41.685+0000] {logging_mixin.py:188} INFO - [2024-03-21T01:00:41.685+0000] {dagbag.py:540} INFO - Filling up the DagBag from /home/airflow/.local/lib/python3.8/site-packages/airflow/example_dags/example_short_circuit_operator.py
[2024-03-21T01:00:41.690+0000] {processor.py:840} INFO - DAG(s) 'example_short_circuit_operator' retrieved from /home/airflow/.local/lib/python3.8/site-packages/airflow/example_dags/example_short_circuit_operator.py
[2024-03-21T01:00:41.704+0000] {logging_mixin.py:188} INFO - [2024-03-21T01:00:41.704+0000] {dag.py:3047} INFO - Sync 1 DAGs
[2024-03-21T01:00:41.714+0000] {logging_mixin.py:188} INFO - [2024-03-21T01:00:41.714+0000] {dag.py:3834} INFO - Setting next_dagrun for example_short_circuit_operator to 2024-03-20 00:00:00+00:00, run_after=2024-03-21 00:00:00+00:00
[2024-03-21T01:00:41.723+0000] {processor.py:183} INFO - Processing /home/airflow/.local/lib/python3.8/site-packages/airflow/example_dags/example_short_circuit_operator.py took 0.042 seconds
[2024-03-21T01:01:12.430+0000] {processor.py:161} INFO - Started process (PID=401) to work on /home/airflow/.local/lib/python3.8/site-packages/airflow/example_dags/example_short_circuit_operator.py
[2024-03-21T01:01:12.431+0000] {processor.py:830} INFO - Processing file /home/airflow/.local/lib/python3.8/site-packages/airflow/example_dags/example_short_circuit_operator.py for tasks to queue
[2024-03-21T01:01:12.432+0000] {logging_mixin.py:188} INFO - [2024-03-21T01:01:12.432+0000] {dagbag.py:540} INFO - Filling up the DagBag from /home/airflow/.local/lib/python3.8/site-packages/airflow/example_dags/example_short_circuit_operator.py
[2024-03-21T01:01:12.436+0000] {processor.py:840} INFO - DAG(s) 'example_short_circuit_operator' retrieved from /home/airflow/.local/lib/python3.8/site-packages/airflow/example_dags/example_short_circuit_operator.py
[2024-03-21T01:01:12.451+0000] {logging_mixin.py:188} INFO - [2024-03-21T01:01:12.451+0000] {dag.py:3047} INFO - Sync 1 DAGs
[2024-03-21T01:01:12.461+0000] {logging_mixin.py:188} INFO - [2024-03-21T01:01:12.461+0000] {dag.py:3834} INFO - Setting next_dagrun for example_short_circuit_operator to 2024-03-20 00:00:00+00:00, run_after=2024-03-21 00:00:00+00:00
[2024-03-21T01:01:12.469+0000] {processor.py:183} INFO - Processing /home/airflow/.local/lib/python3.8/site-packages/airflow/example_dags/example_short_circuit_operator.py took 0.041 seconds
[2024-03-21T01:01:43.192+0000] {processor.py:161} INFO - Started process (PID=456) to work on /home/airflow/.local/lib/python3.8/site-packages/airflow/example_dags/example_short_circuit_operator.py
[2024-03-21T01:01:43.193+0000] {processor.py:830} INFO - Processing file /home/airflow/.local/lib/python3.8/site-packages/airflow/example_dags/example_short_circuit_operator.py for tasks to queue
[2024-03-21T01:01:43.195+0000] {logging_mixin.py:188} INFO - [2024-03-21T01:01:43.194+0000] {dagbag.py:540} INFO - Filling up the DagBag from /home/airflow/.local/lib/python3.8/site-packages/airflow/example_dags/example_short_circuit_operator.py
[2024-03-21T01:01:43.199+0000] {processor.py:840} INFO - DAG(s) 'example_short_circuit_operator' retrieved from /home/airflow/.local/lib/python3.8/site-packages/airflow/example_dags/example_short_circuit_operator.py
[2024-03-21T01:01:43.214+0000] {logging_mixin.py:188} INFO - [2024-03-21T01:01:43.214+0000] {dag.py:3047} INFO - Sync 1 DAGs
[2024-03-21T01:01:43.223+0000] {logging_mixin.py:188} INFO - [2024-03-21T01:01:43.223+0000] {dag.py:3834} INFO - Setting next_dagrun for example_short_circuit_operator to 2024-03-20 00:00:00+00:00, run_after=2024-03-21 00:00:00+00:00
[2024-03-21T01:01:43.231+0000] {processor.py:183} INFO - Processing /home/airflow/.local/lib/python3.8/site-packages/airflow/example_dags/example_short_circuit_operator.py took 0.041 seconds
[2024-03-21T01:02:13.971+0000] {processor.py:161} INFO - Started process (PID=511) to work on /home/airflow/.local/lib/python3.8/site-packages/airflow/example_dags/example_short_circuit_operator.py
[2024-03-21T01:02:13.972+0000] {processor.py:830} INFO - Processing file /home/airflow/.local/lib/python3.8/site-packages/airflow/example_dags/example_short_circuit_operator.py for tasks to queue
[2024-03-21T01:02:13.973+0000] {logging_mixin.py:188} INFO - [2024-03-21T01:02:13.973+0000] {dagbag.py:540} INFO - Filling up the DagBag from /home/airflow/.local/lib/python3.8/site-packages/airflow/example_dags/example_short_circuit_operator.py
[2024-03-21T01:02:13.978+0000] {processor.py:840} INFO - DAG(s) 'example_short_circuit_operator' retrieved from /home/airflow/.local/lib/python3.8/site-packages/airflow/example_dags/example_short_circuit_operator.py
[2024-03-21T01:02:13.994+0000] {logging_mixin.py:188} INFO - [2024-03-21T01:02:13.994+0000] {dag.py:3047} INFO - Sync 1 DAGs
[2024-03-21T01:02:14.006+0000] {logging_mixin.py:188} INFO - [2024-03-21T01:02:14.006+0000] {dag.py:3834} INFO - Setting next_dagrun for example_short_circuit_operator to 2024-03-20 00:00:00+00:00, run_after=2024-03-21 00:00:00+00:00
[2024-03-21T01:02:14.015+0000] {processor.py:183} INFO - Processing /home/airflow/.local/lib/python3.8/site-packages/airflow/example_dags/example_short_circuit_operator.py took 0.046 seconds
[2024-03-21T01:02:45.039+0000] {processor.py:161} INFO - Started process (PID=566) to work on /home/airflow/.local/lib/python3.8/site-packages/airflow/example_dags/example_short_circuit_operator.py
[2024-03-21T01:02:45.040+0000] {processor.py:830} INFO - Processing file /home/airflow/.local/lib/python3.8/site-packages/airflow/example_dags/example_short_circuit_operator.py for tasks to queue
[2024-03-21T01:02:45.041+0000] {logging_mixin.py:188} INFO - [2024-03-21T01:02:45.041+0000] {dagbag.py:540} INFO - Filling up the DagBag from /home/airflow/.local/lib/python3.8/site-packages/airflow/example_dags/example_short_circuit_operator.py
[2024-03-21T01:02:45.045+0000] {processor.py:840} INFO - DAG(s) 'example_short_circuit_operator' retrieved from /home/airflow/.local/lib/python3.8/site-packages/airflow/example_dags/example_short_circuit_operator.py
[2024-03-21T01:02:45.059+0000] {logging_mixin.py:188} INFO - [2024-03-21T01:02:45.059+0000] {dag.py:3047} INFO - Sync 1 DAGs
[2024-03-21T01:02:45.068+0000] {logging_mixin.py:188} INFO - [2024-03-21T01:02:45.068+0000] {dag.py:3834} INFO - Setting next_dagrun for example_short_circuit_operator to 2024-03-20 00:00:00+00:00, run_after=2024-03-21 00:00:00+00:00
[2024-03-21T01:02:45.076+0000] {processor.py:183} INFO - Processing /home/airflow/.local/lib/python3.8/site-packages/airflow/example_dags/example_short_circuit_operator.py took 0.039 seconds
[2024-03-21T01:03:15.866+0000] {processor.py:161} INFO - Started process (PID=621) to work on /home/airflow/.local/lib/python3.8/site-packages/airflow/example_dags/example_short_circuit_operator.py
[2024-03-21T01:03:15.867+0000] {processor.py:830} INFO - Processing file /home/airflow/.local/lib/python3.8/site-packages/airflow/example_dags/example_short_circuit_operator.py for tasks to queue
[2024-03-21T01:03:15.868+0000] {logging_mixin.py:188} INFO - [2024-03-21T01:03:15.867+0000] {dagbag.py:540} INFO - Filling up the DagBag from /home/airflow/.local/lib/python3.8/site-packages/airflow/example_dags/example_short_circuit_operator.py
[2024-03-21T01:03:15.872+0000] {processor.py:840} INFO - DAG(s) 'example_short_circuit_operator' retrieved from /home/airflow/.local/lib/python3.8/site-packages/airflow/example_dags/example_short_circuit_operator.py
[2024-03-21T01:03:15.885+0000] {logging_mixin.py:188} INFO - [2024-03-21T01:03:15.885+0000] {dag.py:3047} INFO - Sync 1 DAGs
[2024-03-21T01:03:15.894+0000] {logging_mixin.py:188} INFO - [2024-03-21T01:03:15.894+0000] {dag.py:3834} INFO - Setting next_dagrun for example_short_circuit_operator to 2024-03-20 00:00:00+00:00, run_after=2024-03-21 00:00:00+00:00
[2024-03-21T01:03:15.902+0000] {processor.py:183} INFO - Processing /home/airflow/.local/lib/python3.8/site-packages/airflow/example_dags/example_short_circuit_operator.py took 0.038 seconds
[2024-03-21T01:03:46.571+0000] {processor.py:161} INFO - Started process (PID=676) to work on /home/airflow/.local/lib/python3.8/site-packages/airflow/example_dags/example_short_circuit_operator.py
[2024-03-21T01:03:46.571+0000] {processor.py:830} INFO - Processing file /home/airflow/.local/lib/python3.8/site-packages/airflow/example_dags/example_short_circuit_operator.py for tasks to queue
[2024-03-21T01:03:46.572+0000] {logging_mixin.py:188} INFO - [2024-03-21T01:03:46.572+0000] {dagbag.py:540} INFO - Filling up the DagBag from /home/airflow/.local/lib/python3.8/site-packages/airflow/example_dags/example_short_circuit_operator.py
[2024-03-21T01:03:46.576+0000] {processor.py:840} INFO - DAG(s) 'example_short_circuit_operator' retrieved from /home/airflow/.local/lib/python3.8/site-packages/airflow/example_dags/example_short_circuit_operator.py
[2024-03-21T01:03:46.590+0000] {logging_mixin.py:188} INFO - [2024-03-21T01:03:46.590+0000] {dag.py:3047} INFO - Sync 1 DAGs
[2024-03-21T01:03:46.600+0000] {logging_mixin.py:188} INFO - [2024-03-21T01:03:46.600+0000] {dag.py:3834} INFO - Setting next_dagrun for example_short_circuit_operator to 2024-03-20 00:00:00+00:00, run_after=2024-03-21 00:00:00+00:00
[2024-03-21T01:03:46.608+0000] {processor.py:183} INFO - Processing /home/airflow/.local/lib/python3.8/site-packages/airflow/example_dags/example_short_circuit_operator.py took 0.039 seconds
[2024-03-21T01:04:17.312+0000] {processor.py:161} INFO - Started process (PID=731) to work on /home/airflow/.local/lib/python3.8/site-packages/airflow/example_dags/example_short_circuit_operator.py
[2024-03-21T01:04:17.313+0000] {processor.py:830} INFO - Processing file /home/airflow/.local/lib/python3.8/site-packages/airflow/example_dags/example_short_circuit_operator.py for tasks to queue
[2024-03-21T01:04:17.314+0000] {logging_mixin.py:188} INFO - [2024-03-21T01:04:17.314+0000] {dagbag.py:540} INFO - Filling up the DagBag from /home/airflow/.local/lib/python3.8/site-packages/airflow/example_dags/example_short_circuit_operator.py
[2024-03-21T01:04:17.318+0000] {processor.py:840} INFO - DAG(s) 'example_short_circuit_operator' retrieved from /home/airflow/.local/lib/python3.8/site-packages/airflow/example_dags/example_short_circuit_operator.py
[2024-03-21T01:04:17.331+0000] {logging_mixin.py:188} INFO - [2024-03-21T01:04:17.331+0000] {dag.py:3047} INFO - Sync 1 DAGs
[2024-03-21T01:04:17.341+0000] {logging_mixin.py:188} INFO - [2024-03-21T01:04:17.340+0000] {dag.py:3834} INFO - Setting next_dagrun for example_short_circuit_operator to 2024-03-20 00:00:00+00:00, run_after=2024-03-21 00:00:00+00:00
[2024-03-21T01:04:17.348+0000] {processor.py:183} INFO - Processing /home/airflow/.local/lib/python3.8/site-packages/airflow/example_dags/example_short_circuit_operator.py took 0.038 seconds
[2024-03-21T01:04:48.318+0000] {processor.py:161} INFO - Started process (PID=786) to work on /home/airflow/.local/lib/python3.8/site-packages/airflow/example_dags/example_short_circuit_operator.py
[2024-03-21T01:04:48.319+0000] {processor.py:830} INFO - Processing file /home/airflow/.local/lib/python3.8/site-packages/airflow/example_dags/example_short_circuit_operator.py for tasks to queue
[2024-03-21T01:04:48.320+0000] {logging_mixin.py:188} INFO - [2024-03-21T01:04:48.320+0000] {dagbag.py:540} INFO - Filling up the DagBag from /home/airflow/.local/lib/python3.8/site-packages/airflow/example_dags/example_short_circuit_operator.py
[2024-03-21T01:04:48.324+0000] {processor.py:840} INFO - DAG(s) 'example_short_circuit_operator' retrieved from /home/airflow/.local/lib/python3.8/site-packages/airflow/example_dags/example_short_circuit_operator.py
[2024-03-21T01:04:48.338+0000] {logging_mixin.py:188} INFO - [2024-03-21T01:04:48.338+0000] {dag.py:3047} INFO - Sync 1 DAGs
[2024-03-21T01:04:48.350+0000] {logging_mixin.py:188} INFO - [2024-03-21T01:04:48.349+0000] {dag.py:3834} INFO - Setting next_dagrun for example_short_circuit_operator to 2024-03-20 00:00:00+00:00, run_after=2024-03-21 00:00:00+00:00
[2024-03-21T01:04:48.361+0000] {processor.py:183} INFO - Processing /home/airflow/.local/lib/python3.8/site-packages/airflow/example_dags/example_short_circuit_operator.py took 0.044 seconds
[2024-03-21T01:05:18.453+0000] {processor.py:161} INFO - Started process (PID=841) to work on /home/airflow/.local/lib/python3.8/site-packages/airflow/example_dags/example_short_circuit_operator.py
[2024-03-21T01:05:18.454+0000] {processor.py:830} INFO - Processing file /home/airflow/.local/lib/python3.8/site-packages/airflow/example_dags/example_short_circuit_operator.py for tasks to queue
[2024-03-21T01:05:18.455+0000] {logging_mixin.py:188} INFO - [2024-03-21T01:05:18.455+0000] {dagbag.py:540} INFO - Filling up the DagBag from /home/airflow/.local/lib/python3.8/site-packages/airflow/example_dags/example_short_circuit_operator.py
[2024-03-21T01:05:18.459+0000] {processor.py:840} INFO - DAG(s) 'example_short_circuit_operator' retrieved from /home/airflow/.local/lib/python3.8/site-packages/airflow/example_dags/example_short_circuit_operator.py
[2024-03-21T01:05:18.473+0000] {logging_mixin.py:188} INFO - [2024-03-21T01:05:18.473+0000] {dag.py:3047} INFO - Sync 1 DAGs
[2024-03-21T01:05:18.483+0000] {logging_mixin.py:188} INFO - [2024-03-21T01:05:18.483+0000] {dag.py:3834} INFO - Setting next_dagrun for example_short_circuit_operator to 2024-03-20 00:00:00+00:00, run_after=2024-03-21 00:00:00+00:00
[2024-03-21T01:05:18.490+0000] {processor.py:183} INFO - Processing /home/airflow/.local/lib/python3.8/site-packages/airflow/example_dags/example_short_circuit_operator.py took 0.039 seconds
[2024-03-21T01:05:49.322+0000] {processor.py:161} INFO - Started process (PID=896) to work on /home/airflow/.local/lib/python3.8/site-packages/airflow/example_dags/example_short_circuit_operator.py
[2024-03-21T01:05:49.323+0000] {processor.py:830} INFO - Processing file /home/airflow/.local/lib/python3.8/site-packages/airflow/example_dags/example_short_circuit_operator.py for tasks to queue
[2024-03-21T01:05:49.324+0000] {logging_mixin.py:188} INFO - [2024-03-21T01:05:49.324+0000] {dagbag.py:540} INFO - Filling up the DagBag from /home/airflow/.local/lib/python3.8/site-packages/airflow/example_dags/example_short_circuit_operator.py
[2024-03-21T01:05:49.328+0000] {processor.py:840} INFO - DAG(s) 'example_short_circuit_operator' retrieved from /home/airflow/.local/lib/python3.8/site-packages/airflow/example_dags/example_short_circuit_operator.py
[2024-03-21T01:05:49.342+0000] {logging_mixin.py:188} INFO - [2024-03-21T01:05:49.342+0000] {dag.py:3047} INFO - Sync 1 DAGs
[2024-03-21T01:05:49.352+0000] {logging_mixin.py:188} INFO - [2024-03-21T01:05:49.352+0000] {dag.py:3834} INFO - Setting next_dagrun for example_short_circuit_operator to 2024-03-20 00:00:00+00:00, run_after=2024-03-21 00:00:00+00:00
[2024-03-21T01:05:49.359+0000] {processor.py:183} INFO - Processing /home/airflow/.local/lib/python3.8/site-packages/airflow/example_dags/example_short_circuit_operator.py took 0.039 seconds
[2024-03-21T01:06:19.587+0000] {processor.py:161} INFO - Started process (PID=951) to work on /home/airflow/.local/lib/python3.8/site-packages/airflow/example_dags/example_short_circuit_operator.py
[2024-03-21T01:06:19.587+0000] {processor.py:830} INFO - Processing file /home/airflow/.local/lib/python3.8/site-packages/airflow/example_dags/example_short_circuit_operator.py for tasks to queue
[2024-03-21T01:06:19.588+0000] {logging_mixin.py:188} INFO - [2024-03-21T01:06:19.588+0000] {dagbag.py:540} INFO - Filling up the DagBag from /home/airflow/.local/lib/python3.8/site-packages/airflow/example_dags/example_short_circuit_operator.py
[2024-03-21T01:06:19.593+0000] {processor.py:840} INFO - DAG(s) 'example_short_circuit_operator' retrieved from /home/airflow/.local/lib/python3.8/site-packages/airflow/example_dags/example_short_circuit_operator.py
[2024-03-21T01:06:19.608+0000] {logging_mixin.py:188} INFO - [2024-03-21T01:06:19.608+0000] {dag.py:3047} INFO - Sync 1 DAGs
[2024-03-21T01:06:19.618+0000] {logging_mixin.py:188} INFO - [2024-03-21T01:06:19.618+0000] {dag.py:3834} INFO - Setting next_dagrun for example_short_circuit_operator to 2024-03-20 00:00:00+00:00, run_after=2024-03-21 00:00:00+00:00
[2024-03-21T01:06:19.628+0000] {processor.py:183} INFO - Processing /home/airflow/.local/lib/python3.8/site-packages/airflow/example_dags/example_short_circuit_operator.py took 0.043 seconds
[2024-03-21T01:06:49.645+0000] {processor.py:161} INFO - Started process (PID=1006) to work on /home/airflow/.local/lib/python3.8/site-packages/airflow/example_dags/example_short_circuit_operator.py
[2024-03-21T01:06:49.646+0000] {processor.py:830} INFO - Processing file /home/airflow/.local/lib/python3.8/site-packages/airflow/example_dags/example_short_circuit_operator.py for tasks to queue
[2024-03-21T01:06:49.647+0000] {logging_mixin.py:188} INFO - [2024-03-21T01:06:49.647+0000] {dagbag.py:540} INFO - Filling up the DagBag from /home/airflow/.local/lib/python3.8/site-packages/airflow/example_dags/example_short_circuit_operator.py
[2024-03-21T01:06:49.651+0000] {processor.py:840} INFO - DAG(s) 'example_short_circuit_operator' retrieved from /home/airflow/.local/lib/python3.8/site-packages/airflow/example_dags/example_short_circuit_operator.py
[2024-03-21T01:06:49.666+0000] {logging_mixin.py:188} INFO - [2024-03-21T01:06:49.666+0000] {dag.py:3047} INFO - Sync 1 DAGs
[2024-03-21T01:06:49.676+0000] {logging_mixin.py:188} INFO - [2024-03-21T01:06:49.676+0000] {dag.py:3834} INFO - Setting next_dagrun for example_short_circuit_operator to 2024-03-20 00:00:00+00:00, run_after=2024-03-21 00:00:00+00:00
[2024-03-21T01:06:49.687+0000] {processor.py:183} INFO - Processing /home/airflow/.local/lib/python3.8/site-packages/airflow/example_dags/example_short_circuit_operator.py took 0.044 seconds
[2024-03-21T01:07:20.520+0000] {processor.py:161} INFO - Started process (PID=1061) to work on /home/airflow/.local/lib/python3.8/site-packages/airflow/example_dags/example_short_circuit_operator.py
[2024-03-21T01:07:20.521+0000] {processor.py:830} INFO - Processing file /home/airflow/.local/lib/python3.8/site-packages/airflow/example_dags/example_short_circuit_operator.py for tasks to queue
[2024-03-21T01:07:20.523+0000] {logging_mixin.py:188} INFO - [2024-03-21T01:07:20.522+0000] {dagbag.py:540} INFO - Filling up the DagBag from /home/airflow/.local/lib/python3.8/site-packages/airflow/example_dags/example_short_circuit_operator.py
[2024-03-21T01:07:20.527+0000] {processor.py:840} INFO - DAG(s) 'example_short_circuit_operator' retrieved from /home/airflow/.local/lib/python3.8/site-packages/airflow/example_dags/example_short_circuit_operator.py
[2024-03-21T01:07:20.542+0000] {logging_mixin.py:188} INFO - [2024-03-21T01:07:20.542+0000] {dag.py:3047} INFO - Sync 1 DAGs
[2024-03-21T01:07:20.553+0000] {logging_mixin.py:188} INFO - [2024-03-21T01:07:20.553+0000] {dag.py:3834} INFO - Setting next_dagrun for example_short_circuit_operator to 2024-03-20 00:00:00+00:00, run_after=2024-03-21 00:00:00+00:00
[2024-03-21T01:07:20.562+0000] {processor.py:183} INFO - Processing /home/airflow/.local/lib/python3.8/site-packages/airflow/example_dags/example_short_circuit_operator.py took 0.045 seconds
[2024-03-21T01:07:50.788+0000] {processor.py:161} INFO - Started process (PID=1116) to work on /home/airflow/.local/lib/python3.8/site-packages/airflow/example_dags/example_short_circuit_operator.py
[2024-03-21T01:07:50.789+0000] {processor.py:830} INFO - Processing file /home/airflow/.local/lib/python3.8/site-packages/airflow/example_dags/example_short_circuit_operator.py for tasks to queue
[2024-03-21T01:07:50.791+0000] {logging_mixin.py:188} INFO - [2024-03-21T01:07:50.791+0000] {dagbag.py:540} INFO - Filling up the DagBag from /home/airflow/.local/lib/python3.8/site-packages/airflow/example_dags/example_short_circuit_operator.py
[2024-03-21T01:07:50.796+0000] {processor.py:840} INFO - DAG(s) 'example_short_circuit_operator' retrieved from /home/airflow/.local/lib/python3.8/site-packages/airflow/example_dags/example_short_circuit_operator.py
[2024-03-21T01:07:50.812+0000] {logging_mixin.py:188} INFO - [2024-03-21T01:07:50.812+0000] {dag.py:3047} INFO - Sync 1 DAGs
[2024-03-21T01:07:50.824+0000] {logging_mixin.py:188} INFO - [2024-03-21T01:07:50.824+0000] {dag.py:3834} INFO - Setting next_dagrun for example_short_circuit_operator to 2024-03-20 00:00:00+00:00, run_after=2024-03-21 00:00:00+00:00
[2024-03-21T01:07:50.834+0000] {processor.py:183} INFO - Processing /home/airflow/.local/lib/python3.8/site-packages/airflow/example_dags/example_short_circuit_operator.py took 0.048 seconds
[2024-03-21T01:08:21.127+0000] {processor.py:161} INFO - Started process (PID=1171) to work on /home/airflow/.local/lib/python3.8/site-packages/airflow/example_dags/example_short_circuit_operator.py
[2024-03-21T01:08:21.128+0000] {processor.py:830} INFO - Processing file /home/airflow/.local/lib/python3.8/site-packages/airflow/example_dags/example_short_circuit_operator.py for tasks to queue
[2024-03-21T01:08:21.130+0000] {logging_mixin.py:188} INFO - [2024-03-21T01:08:21.129+0000] {dagbag.py:540} INFO - Filling up the DagBag from /home/airflow/.local/lib/python3.8/site-packages/airflow/example_dags/example_short_circuit_operator.py
[2024-03-21T01:08:21.134+0000] {processor.py:840} INFO - DAG(s) 'example_short_circuit_operator' retrieved from /home/airflow/.local/lib/python3.8/site-packages/airflow/example_dags/example_short_circuit_operator.py
[2024-03-21T01:08:21.149+0000] {logging_mixin.py:188} INFO - [2024-03-21T01:08:21.149+0000] {dag.py:3047} INFO - Sync 1 DAGs
[2024-03-21T01:08:21.161+0000] {logging_mixin.py:188} INFO - [2024-03-21T01:08:21.161+0000] {dag.py:3834} INFO - Setting next_dagrun for example_short_circuit_operator to 2024-03-20 00:00:00+00:00, run_after=2024-03-21 00:00:00+00:00
[2024-03-21T01:08:21.172+0000] {processor.py:183} INFO - Processing /home/airflow/.local/lib/python3.8/site-packages/airflow/example_dags/example_short_circuit_operator.py took 0.047 seconds
[2024-03-21T01:08:51.321+0000] {processor.py:161} INFO - Started process (PID=1226) to work on /home/airflow/.local/lib/python3.8/site-packages/airflow/example_dags/example_short_circuit_operator.py
[2024-03-21T01:08:51.322+0000] {processor.py:830} INFO - Processing file /home/airflow/.local/lib/python3.8/site-packages/airflow/example_dags/example_short_circuit_operator.py for tasks to queue
[2024-03-21T01:08:51.324+0000] {logging_mixin.py:188} INFO - [2024-03-21T01:08:51.323+0000] {dagbag.py:540} INFO - Filling up the DagBag from /home/airflow/.local/lib/python3.8/site-packages/airflow/example_dags/example_short_circuit_operator.py
[2024-03-21T01:08:51.328+0000] {processor.py:840} INFO - DAG(s) 'example_short_circuit_operator' retrieved from /home/airflow/.local/lib/python3.8/site-packages/airflow/example_dags/example_short_circuit_operator.py
[2024-03-21T01:08:51.345+0000] {logging_mixin.py:188} INFO - [2024-03-21T01:08:51.345+0000] {dag.py:3047} INFO - Sync 1 DAGs
[2024-03-21T01:08:51.357+0000] {logging_mixin.py:188} INFO - [2024-03-21T01:08:51.357+0000] {dag.py:3834} INFO - Setting next_dagrun for example_short_circuit_operator to 2024-03-20 00:00:00+00:00, run_after=2024-03-21 00:00:00+00:00
[2024-03-21T01:08:51.368+0000] {processor.py:183} INFO - Processing /home/airflow/.local/lib/python3.8/site-packages/airflow/example_dags/example_short_circuit_operator.py took 0.050 seconds
[2024-03-21T01:09:21.420+0000] {processor.py:161} INFO - Started process (PID=1281) to work on /home/airflow/.local/lib/python3.8/site-packages/airflow/example_dags/example_short_circuit_operator.py
[2024-03-21T01:09:21.421+0000] {processor.py:830} INFO - Processing file /home/airflow/.local/lib/python3.8/site-packages/airflow/example_dags/example_short_circuit_operator.py for tasks to queue
[2024-03-21T01:09:21.422+0000] {logging_mixin.py:188} INFO - [2024-03-21T01:09:21.422+0000] {dagbag.py:540} INFO - Filling up the DagBag from /home/airflow/.local/lib/python3.8/site-packages/airflow/example_dags/example_short_circuit_operator.py
[2024-03-21T01:09:21.427+0000] {processor.py:840} INFO - DAG(s) 'example_short_circuit_operator' retrieved from /home/airflow/.local/lib/python3.8/site-packages/airflow/example_dags/example_short_circuit_operator.py
[2024-03-21T01:09:21.446+0000] {logging_mixin.py:188} INFO - [2024-03-21T01:09:21.446+0000] {dag.py:3047} INFO - Sync 1 DAGs
[2024-03-21T01:09:21.459+0000] {logging_mixin.py:188} INFO - [2024-03-21T01:09:21.459+0000] {dag.py:3834} INFO - Setting next_dagrun for example_short_circuit_operator to 2024-03-20 00:00:00+00:00, run_after=2024-03-21 00:00:00+00:00
[2024-03-21T01:09:21.469+0000] {processor.py:183} INFO - Processing /home/airflow/.local/lib/python3.8/site-packages/airflow/example_dags/example_short_circuit_operator.py took 0.051 seconds
[2024-03-21T01:09:51.653+0000] {processor.py:161} INFO - Started process (PID=1336) to work on /home/airflow/.local/lib/python3.8/site-packages/airflow/example_dags/example_short_circuit_operator.py
[2024-03-21T01:09:51.653+0000] {processor.py:830} INFO - Processing file /home/airflow/.local/lib/python3.8/site-packages/airflow/example_dags/example_short_circuit_operator.py for tasks to queue
[2024-03-21T01:09:51.655+0000] {logging_mixin.py:188} INFO - [2024-03-21T01:09:51.654+0000] {dagbag.py:540} INFO - Filling up the DagBag from /home/airflow/.local/lib/python3.8/site-packages/airflow/example_dags/example_short_circuit_operator.py
[2024-03-21T01:09:51.659+0000] {processor.py:840} INFO - DAG(s) 'example_short_circuit_operator' retrieved from /home/airflow/.local/lib/python3.8/site-packages/airflow/example_dags/example_short_circuit_operator.py
[2024-03-21T01:09:51.674+0000] {logging_mixin.py:188} INFO - [2024-03-21T01:09:51.674+0000] {dag.py:3047} INFO - Sync 1 DAGs
[2024-03-21T01:09:51.685+0000] {logging_mixin.py:188} INFO - [2024-03-21T01:09:51.685+0000] {dag.py:3834} INFO - Setting next_dagrun for example_short_circuit_operator to 2024-03-20 00:00:00+00:00, run_after=2024-03-21 00:00:00+00:00
[2024-03-21T01:09:51.696+0000] {processor.py:183} INFO - Processing /home/airflow/.local/lib/python3.8/site-packages/airflow/example_dags/example_short_circuit_operator.py took 0.045 seconds
