[2024-03-21T00:58:07.093+0000] {processor.py:161} INFO - Started process (PID=54) to work on /home/airflow/.local/lib/python3.8/site-packages/airflow/example_dags/example_setup_teardown.py
[2024-03-21T00:58:07.094+0000] {processor.py:830} INFO - Processing file /home/airflow/.local/lib/python3.8/site-packages/airflow/example_dags/example_setup_teardown.py for tasks to queue
[2024-03-21T00:58:07.096+0000] {logging_mixin.py:188} INFO - [2024-03-21T00:58:07.095+0000] {dagbag.py:540} INFO - Filling up the DagBag from /home/airflow/.local/lib/python3.8/site-packages/airflow/example_dags/example_setup_teardown.py
[2024-03-21T00:58:07.104+0000] {processor.py:840} INFO - DAG(s) 'example_setup_teardown' retrieved from /home/airflow/.local/lib/python3.8/site-packages/airflow/example_dags/example_setup_teardown.py
[2024-03-21T00:58:07.123+0000] {logging_mixin.py:188} INFO - [2024-03-21T00:58:07.122+0000] {dag.py:3047} INFO - Sync 1 DAGs
[2024-03-21T00:58:07.136+0000] {logging_mixin.py:188} INFO - [2024-03-21T00:58:07.136+0000] {dag.py:3834} INFO - Setting next_dagrun for example_setup_teardown to 2024-03-20 00:00:00+00:00, run_after=2024-03-21 00:00:00+00:00
[2024-03-21T00:58:07.146+0000] {processor.py:183} INFO - Processing /home/airflow/.local/lib/python3.8/site-packages/airflow/example_dags/example_setup_teardown.py took 0.057 seconds
[2024-03-21T00:58:37.285+0000] {processor.py:161} INFO - Started process (PID=113) to work on /home/airflow/.local/lib/python3.8/site-packages/airflow/example_dags/example_setup_teardown.py
[2024-03-21T00:58:37.285+0000] {processor.py:830} INFO - Processing file /home/airflow/.local/lib/python3.8/site-packages/airflow/example_dags/example_setup_teardown.py for tasks to queue
[2024-03-21T00:58:37.286+0000] {logging_mixin.py:188} INFO - [2024-03-21T00:58:37.286+0000] {dagbag.py:540} INFO - Filling up the DagBag from /home/airflow/.local/lib/python3.8/site-packages/airflow/example_dags/example_setup_teardown.py
[2024-03-21T00:58:37.290+0000] {processor.py:840} INFO - DAG(s) 'example_setup_teardown' retrieved from /home/airflow/.local/lib/python3.8/site-packages/airflow/example_dags/example_setup_teardown.py
[2024-03-21T00:58:37.303+0000] {logging_mixin.py:188} INFO - [2024-03-21T00:58:37.303+0000] {dag.py:3047} INFO - Sync 1 DAGs
[2024-03-21T00:58:37.314+0000] {logging_mixin.py:188} INFO - [2024-03-21T00:58:37.314+0000] {dag.py:3834} INFO - Setting next_dagrun for example_setup_teardown to 2024-03-20 00:00:00+00:00, run_after=2024-03-21 00:00:00+00:00
[2024-03-21T00:58:37.323+0000] {processor.py:183} INFO - Processing /home/airflow/.local/lib/python3.8/site-packages/airflow/example_dags/example_setup_teardown.py took 0.040 seconds
[2024-03-21T00:59:08.109+0000] {processor.py:161} INFO - Started process (PID=168) to work on /home/airflow/.local/lib/python3.8/site-packages/airflow/example_dags/example_setup_teardown.py
[2024-03-21T00:59:08.110+0000] {processor.py:830} INFO - Processing file /home/airflow/.local/lib/python3.8/site-packages/airflow/example_dags/example_setup_teardown.py for tasks to queue
[2024-03-21T00:59:08.111+0000] {logging_mixin.py:188} INFO - [2024-03-21T00:59:08.111+0000] {dagbag.py:540} INFO - Filling up the DagBag from /home/airflow/.local/lib/python3.8/site-packages/airflow/example_dags/example_setup_teardown.py
[2024-03-21T00:59:08.114+0000] {processor.py:840} INFO - DAG(s) 'example_setup_teardown' retrieved from /home/airflow/.local/lib/python3.8/site-packages/airflow/example_dags/example_setup_teardown.py
[2024-03-21T00:59:08.126+0000] {logging_mixin.py:188} INFO - [2024-03-21T00:59:08.126+0000] {dag.py:3047} INFO - Sync 1 DAGs
[2024-03-21T00:59:08.136+0000] {logging_mixin.py:188} INFO - [2024-03-21T00:59:08.136+0000] {dag.py:3834} INFO - Setting next_dagrun for example_setup_teardown to 2024-03-20 00:00:00+00:00, run_after=2024-03-21 00:00:00+00:00
[2024-03-21T00:59:08.143+0000] {processor.py:183} INFO - Processing /home/airflow/.local/lib/python3.8/site-packages/airflow/example_dags/example_setup_teardown.py took 0.035 seconds
[2024-03-21T00:59:38.890+0000] {processor.py:161} INFO - Started process (PID=223) to work on /home/airflow/.local/lib/python3.8/site-packages/airflow/example_dags/example_setup_teardown.py
[2024-03-21T00:59:38.891+0000] {processor.py:830} INFO - Processing file /home/airflow/.local/lib/python3.8/site-packages/airflow/example_dags/example_setup_teardown.py for tasks to queue
[2024-03-21T00:59:38.892+0000] {logging_mixin.py:188} INFO - [2024-03-21T00:59:38.892+0000] {dagbag.py:540} INFO - Filling up the DagBag from /home/airflow/.local/lib/python3.8/site-packages/airflow/example_dags/example_setup_teardown.py
[2024-03-21T00:59:38.896+0000] {processor.py:840} INFO - DAG(s) 'example_setup_teardown' retrieved from /home/airflow/.local/lib/python3.8/site-packages/airflow/example_dags/example_setup_teardown.py
[2024-03-21T00:59:38.908+0000] {logging_mixin.py:188} INFO - [2024-03-21T00:59:38.908+0000] {dag.py:3047} INFO - Sync 1 DAGs
[2024-03-21T00:59:38.918+0000] {logging_mixin.py:188} INFO - [2024-03-21T00:59:38.918+0000] {dag.py:3834} INFO - Setting next_dagrun for example_setup_teardown to 2024-03-20 00:00:00+00:00, run_after=2024-03-21 00:00:00+00:00
[2024-03-21T00:59:38.926+0000] {processor.py:183} INFO - Processing /home/airflow/.local/lib/python3.8/site-packages/airflow/example_dags/example_setup_teardown.py took 0.037 seconds
[2024-03-21T01:00:09.512+0000] {processor.py:161} INFO - Started process (PID=278) to work on /home/airflow/.local/lib/python3.8/site-packages/airflow/example_dags/example_setup_teardown.py
[2024-03-21T01:00:09.513+0000] {processor.py:830} INFO - Processing file /home/airflow/.local/lib/python3.8/site-packages/airflow/example_dags/example_setup_teardown.py for tasks to queue
[2024-03-21T01:00:09.514+0000] {logging_mixin.py:188} INFO - [2024-03-21T01:00:09.514+0000] {dagbag.py:540} INFO - Filling up the DagBag from /home/airflow/.local/lib/python3.8/site-packages/airflow/example_dags/example_setup_teardown.py
[2024-03-21T01:00:09.518+0000] {processor.py:840} INFO - DAG(s) 'example_setup_teardown' retrieved from /home/airflow/.local/lib/python3.8/site-packages/airflow/example_dags/example_setup_teardown.py
[2024-03-21T01:00:09.530+0000] {logging_mixin.py:188} INFO - [2024-03-21T01:00:09.530+0000] {dag.py:3047} INFO - Sync 1 DAGs
[2024-03-21T01:00:09.540+0000] {logging_mixin.py:188} INFO - [2024-03-21T01:00:09.540+0000] {dag.py:3834} INFO - Setting next_dagrun for example_setup_teardown to 2024-03-20 00:00:00+00:00, run_after=2024-03-21 00:00:00+00:00
[2024-03-21T01:00:09.549+0000] {processor.py:183} INFO - Processing /home/airflow/.local/lib/python3.8/site-packages/airflow/example_dags/example_setup_teardown.py took 0.038 seconds
[2024-03-21T01:00:40.288+0000] {processor.py:161} INFO - Started process (PID=333) to work on /home/airflow/.local/lib/python3.8/site-packages/airflow/example_dags/example_setup_teardown.py
[2024-03-21T01:00:40.288+0000] {processor.py:830} INFO - Processing file /home/airflow/.local/lib/python3.8/site-packages/airflow/example_dags/example_setup_teardown.py for tasks to queue
[2024-03-21T01:00:40.289+0000] {logging_mixin.py:188} INFO - [2024-03-21T01:00:40.289+0000] {dagbag.py:540} INFO - Filling up the DagBag from /home/airflow/.local/lib/python3.8/site-packages/airflow/example_dags/example_setup_teardown.py
[2024-03-21T01:00:40.293+0000] {processor.py:840} INFO - DAG(s) 'example_setup_teardown' retrieved from /home/airflow/.local/lib/python3.8/site-packages/airflow/example_dags/example_setup_teardown.py
[2024-03-21T01:00:40.305+0000] {logging_mixin.py:188} INFO - [2024-03-21T01:00:40.305+0000] {dag.py:3047} INFO - Sync 1 DAGs
[2024-03-21T01:00:40.314+0000] {logging_mixin.py:188} INFO - [2024-03-21T01:00:40.314+0000] {dag.py:3834} INFO - Setting next_dagrun for example_setup_teardown to 2024-03-20 00:00:00+00:00, run_after=2024-03-21 00:00:00+00:00
[2024-03-21T01:00:40.322+0000] {processor.py:183} INFO - Processing /home/airflow/.local/lib/python3.8/site-packages/airflow/example_dags/example_setup_teardown.py took 0.036 seconds
[2024-03-21T01:01:11.034+0000] {processor.py:161} INFO - Started process (PID=389) to work on /home/airflow/.local/lib/python3.8/site-packages/airflow/example_dags/example_setup_teardown.py
[2024-03-21T01:01:11.034+0000] {processor.py:830} INFO - Processing file /home/airflow/.local/lib/python3.8/site-packages/airflow/example_dags/example_setup_teardown.py for tasks to queue
[2024-03-21T01:01:11.035+0000] {logging_mixin.py:188} INFO - [2024-03-21T01:01:11.035+0000] {dagbag.py:540} INFO - Filling up the DagBag from /home/airflow/.local/lib/python3.8/site-packages/airflow/example_dags/example_setup_teardown.py
[2024-03-21T01:01:11.039+0000] {processor.py:840} INFO - DAG(s) 'example_setup_teardown' retrieved from /home/airflow/.local/lib/python3.8/site-packages/airflow/example_dags/example_setup_teardown.py
[2024-03-21T01:01:11.051+0000] {logging_mixin.py:188} INFO - [2024-03-21T01:01:11.051+0000] {dag.py:3047} INFO - Sync 1 DAGs
[2024-03-21T01:01:11.060+0000] {logging_mixin.py:188} INFO - [2024-03-21T01:01:11.060+0000] {dag.py:3834} INFO - Setting next_dagrun for example_setup_teardown to 2024-03-20 00:00:00+00:00, run_after=2024-03-21 00:00:00+00:00
[2024-03-21T01:01:11.068+0000] {processor.py:183} INFO - Processing /home/airflow/.local/lib/python3.8/site-packages/airflow/example_dags/example_setup_teardown.py took 0.036 seconds
[2024-03-21T01:01:41.828+0000] {processor.py:161} INFO - Started process (PID=444) to work on /home/airflow/.local/lib/python3.8/site-packages/airflow/example_dags/example_setup_teardown.py
[2024-03-21T01:01:41.829+0000] {processor.py:830} INFO - Processing file /home/airflow/.local/lib/python3.8/site-packages/airflow/example_dags/example_setup_teardown.py for tasks to queue
[2024-03-21T01:01:41.830+0000] {logging_mixin.py:188} INFO - [2024-03-21T01:01:41.830+0000] {dagbag.py:540} INFO - Filling up the DagBag from /home/airflow/.local/lib/python3.8/site-packages/airflow/example_dags/example_setup_teardown.py
[2024-03-21T01:01:41.834+0000] {processor.py:840} INFO - DAG(s) 'example_setup_teardown' retrieved from /home/airflow/.local/lib/python3.8/site-packages/airflow/example_dags/example_setup_teardown.py
[2024-03-21T01:01:41.846+0000] {logging_mixin.py:188} INFO - [2024-03-21T01:01:41.846+0000] {dag.py:3047} INFO - Sync 1 DAGs
[2024-03-21T01:01:41.856+0000] {logging_mixin.py:188} INFO - [2024-03-21T01:01:41.856+0000] {dag.py:3834} INFO - Setting next_dagrun for example_setup_teardown to 2024-03-20 00:00:00+00:00, run_after=2024-03-21 00:00:00+00:00
[2024-03-21T01:01:41.863+0000] {processor.py:183} INFO - Processing /home/airflow/.local/lib/python3.8/site-packages/airflow/example_dags/example_setup_teardown.py took 0.036 seconds
[2024-03-21T01:02:12.516+0000] {processor.py:161} INFO - Started process (PID=499) to work on /home/airflow/.local/lib/python3.8/site-packages/airflow/example_dags/example_setup_teardown.py
[2024-03-21T01:02:12.516+0000] {processor.py:830} INFO - Processing file /home/airflow/.local/lib/python3.8/site-packages/airflow/example_dags/example_setup_teardown.py for tasks to queue
[2024-03-21T01:02:12.517+0000] {logging_mixin.py:188} INFO - [2024-03-21T01:02:12.517+0000] {dagbag.py:540} INFO - Filling up the DagBag from /home/airflow/.local/lib/python3.8/site-packages/airflow/example_dags/example_setup_teardown.py
[2024-03-21T01:02:12.521+0000] {processor.py:840} INFO - DAG(s) 'example_setup_teardown' retrieved from /home/airflow/.local/lib/python3.8/site-packages/airflow/example_dags/example_setup_teardown.py
[2024-03-21T01:02:12.533+0000] {logging_mixin.py:188} INFO - [2024-03-21T01:02:12.533+0000] {dag.py:3047} INFO - Sync 1 DAGs
[2024-03-21T01:02:12.542+0000] {logging_mixin.py:188} INFO - [2024-03-21T01:02:12.542+0000] {dag.py:3834} INFO - Setting next_dagrun for example_setup_teardown to 2024-03-20 00:00:00+00:00, run_after=2024-03-21 00:00:00+00:00
[2024-03-21T01:02:12.550+0000] {processor.py:183} INFO - Processing /home/airflow/.local/lib/python3.8/site-packages/airflow/example_dags/example_setup_teardown.py took 0.036 seconds
[2024-03-21T01:02:42.614+0000] {processor.py:161} INFO - Started process (PID=554) to work on /home/airflow/.local/lib/python3.8/site-packages/airflow/example_dags/example_setup_teardown.py
[2024-03-21T01:02:42.615+0000] {processor.py:830} INFO - Processing file /home/airflow/.local/lib/python3.8/site-packages/airflow/example_dags/example_setup_teardown.py for tasks to queue
[2024-03-21T01:02:42.616+0000] {logging_mixin.py:188} INFO - [2024-03-21T01:02:42.616+0000] {dagbag.py:540} INFO - Filling up the DagBag from /home/airflow/.local/lib/python3.8/site-packages/airflow/example_dags/example_setup_teardown.py
[2024-03-21T01:02:42.620+0000] {processor.py:840} INFO - DAG(s) 'example_setup_teardown' retrieved from /home/airflow/.local/lib/python3.8/site-packages/airflow/example_dags/example_setup_teardown.py
[2024-03-21T01:02:42.632+0000] {logging_mixin.py:188} INFO - [2024-03-21T01:02:42.632+0000] {dag.py:3047} INFO - Sync 1 DAGs
[2024-03-21T01:02:42.642+0000] {logging_mixin.py:188} INFO - [2024-03-21T01:02:42.642+0000] {dag.py:3834} INFO - Setting next_dagrun for example_setup_teardown to 2024-03-20 00:00:00+00:00, run_after=2024-03-21 00:00:00+00:00
[2024-03-21T01:02:42.649+0000] {processor.py:183} INFO - Processing /home/airflow/.local/lib/python3.8/site-packages/airflow/example_dags/example_setup_teardown.py took 0.037 seconds
[2024-03-21T01:03:13.434+0000] {processor.py:161} INFO - Started process (PID=609) to work on /home/airflow/.local/lib/python3.8/site-packages/airflow/example_dags/example_setup_teardown.py
[2024-03-21T01:03:13.434+0000] {processor.py:830} INFO - Processing file /home/airflow/.local/lib/python3.8/site-packages/airflow/example_dags/example_setup_teardown.py for tasks to queue
[2024-03-21T01:03:13.435+0000] {logging_mixin.py:188} INFO - [2024-03-21T01:03:13.435+0000] {dagbag.py:540} INFO - Filling up the DagBag from /home/airflow/.local/lib/python3.8/site-packages/airflow/example_dags/example_setup_teardown.py
[2024-03-21T01:03:13.439+0000] {processor.py:840} INFO - DAG(s) 'example_setup_teardown' retrieved from /home/airflow/.local/lib/python3.8/site-packages/airflow/example_dags/example_setup_teardown.py
[2024-03-21T01:03:13.451+0000] {logging_mixin.py:188} INFO - [2024-03-21T01:03:13.451+0000] {dag.py:3047} INFO - Sync 1 DAGs
[2024-03-21T01:03:13.460+0000] {logging_mixin.py:188} INFO - [2024-03-21T01:03:13.460+0000] {dag.py:3834} INFO - Setting next_dagrun for example_setup_teardown to 2024-03-20 00:00:00+00:00, run_after=2024-03-21 00:00:00+00:00
[2024-03-21T01:03:13.467+0000] {processor.py:183} INFO - Processing /home/airflow/.local/lib/python3.8/site-packages/airflow/example_dags/example_setup_teardown.py took 0.035 seconds
[2024-03-21T01:03:44.178+0000] {processor.py:161} INFO - Started process (PID=664) to work on /home/airflow/.local/lib/python3.8/site-packages/airflow/example_dags/example_setup_teardown.py
[2024-03-21T01:03:44.179+0000] {processor.py:830} INFO - Processing file /home/airflow/.local/lib/python3.8/site-packages/airflow/example_dags/example_setup_teardown.py for tasks to queue
[2024-03-21T01:03:44.180+0000] {logging_mixin.py:188} INFO - [2024-03-21T01:03:44.180+0000] {dagbag.py:540} INFO - Filling up the DagBag from /home/airflow/.local/lib/python3.8/site-packages/airflow/example_dags/example_setup_teardown.py
[2024-03-21T01:03:44.183+0000] {processor.py:840} INFO - DAG(s) 'example_setup_teardown' retrieved from /home/airflow/.local/lib/python3.8/site-packages/airflow/example_dags/example_setup_teardown.py
[2024-03-21T01:03:44.195+0000] {logging_mixin.py:188} INFO - [2024-03-21T01:03:44.195+0000] {dag.py:3047} INFO - Sync 1 DAGs
[2024-03-21T01:03:44.205+0000] {logging_mixin.py:188} INFO - [2024-03-21T01:03:44.205+0000] {dag.py:3834} INFO - Setting next_dagrun for example_setup_teardown to 2024-03-20 00:00:00+00:00, run_after=2024-03-21 00:00:00+00:00
[2024-03-21T01:03:44.213+0000] {processor.py:183} INFO - Processing /home/airflow/.local/lib/python3.8/site-packages/airflow/example_dags/example_setup_teardown.py took 0.037 seconds
[2024-03-21T01:04:14.929+0000] {processor.py:161} INFO - Started process (PID=719) to work on /home/airflow/.local/lib/python3.8/site-packages/airflow/example_dags/example_setup_teardown.py
[2024-03-21T01:04:14.929+0000] {processor.py:830} INFO - Processing file /home/airflow/.local/lib/python3.8/site-packages/airflow/example_dags/example_setup_teardown.py for tasks to queue
[2024-03-21T01:04:14.930+0000] {logging_mixin.py:188} INFO - [2024-03-21T01:04:14.930+0000] {dagbag.py:540} INFO - Filling up the DagBag from /home/airflow/.local/lib/python3.8/site-packages/airflow/example_dags/example_setup_teardown.py
[2024-03-21T01:04:14.934+0000] {processor.py:840} INFO - DAG(s) 'example_setup_teardown' retrieved from /home/airflow/.local/lib/python3.8/site-packages/airflow/example_dags/example_setup_teardown.py
[2024-03-21T01:04:14.946+0000] {logging_mixin.py:188} INFO - [2024-03-21T01:04:14.946+0000] {dag.py:3047} INFO - Sync 1 DAGs
[2024-03-21T01:04:14.956+0000] {logging_mixin.py:188} INFO - [2024-03-21T01:04:14.956+0000] {dag.py:3834} INFO - Setting next_dagrun for example_setup_teardown to 2024-03-20 00:00:00+00:00, run_after=2024-03-21 00:00:00+00:00
[2024-03-21T01:04:14.963+0000] {processor.py:183} INFO - Processing /home/airflow/.local/lib/python3.8/site-packages/airflow/example_dags/example_setup_teardown.py took 0.036 seconds
[2024-03-21T01:04:45.824+0000] {processor.py:161} INFO - Started process (PID=774) to work on /home/airflow/.local/lib/python3.8/site-packages/airflow/example_dags/example_setup_teardown.py
[2024-03-21T01:04:45.825+0000] {processor.py:830} INFO - Processing file /home/airflow/.local/lib/python3.8/site-packages/airflow/example_dags/example_setup_teardown.py for tasks to queue
[2024-03-21T01:04:45.826+0000] {logging_mixin.py:188} INFO - [2024-03-21T01:04:45.826+0000] {dagbag.py:540} INFO - Filling up the DagBag from /home/airflow/.local/lib/python3.8/site-packages/airflow/example_dags/example_setup_teardown.py
[2024-03-21T01:04:45.830+0000] {processor.py:840} INFO - DAG(s) 'example_setup_teardown' retrieved from /home/airflow/.local/lib/python3.8/site-packages/airflow/example_dags/example_setup_teardown.py
[2024-03-21T01:04:45.843+0000] {logging_mixin.py:188} INFO - [2024-03-21T01:04:45.843+0000] {dag.py:3047} INFO - Sync 1 DAGs
[2024-03-21T01:04:45.853+0000] {logging_mixin.py:188} INFO - [2024-03-21T01:04:45.853+0000] {dag.py:3834} INFO - Setting next_dagrun for example_setup_teardown to 2024-03-20 00:00:00+00:00, run_after=2024-03-21 00:00:00+00:00
[2024-03-21T01:04:45.865+0000] {processor.py:183} INFO - Processing /home/airflow/.local/lib/python3.8/site-packages/airflow/example_dags/example_setup_teardown.py took 0.042 seconds
[2024-03-21T01:05:15.930+0000] {processor.py:161} INFO - Started process (PID=829) to work on /home/airflow/.local/lib/python3.8/site-packages/airflow/example_dags/example_setup_teardown.py
[2024-03-21T01:05:15.931+0000] {processor.py:830} INFO - Processing file /home/airflow/.local/lib/python3.8/site-packages/airflow/example_dags/example_setup_teardown.py for tasks to queue
[2024-03-21T01:05:15.932+0000] {logging_mixin.py:188} INFO - [2024-03-21T01:05:15.932+0000] {dagbag.py:540} INFO - Filling up the DagBag from /home/airflow/.local/lib/python3.8/site-packages/airflow/example_dags/example_setup_teardown.py
[2024-03-21T01:05:15.937+0000] {processor.py:840} INFO - DAG(s) 'example_setup_teardown' retrieved from /home/airflow/.local/lib/python3.8/site-packages/airflow/example_dags/example_setup_teardown.py
[2024-03-21T01:05:15.953+0000] {logging_mixin.py:188} INFO - [2024-03-21T01:05:15.953+0000] {dag.py:3047} INFO - Sync 1 DAGs
[2024-03-21T01:05:15.966+0000] {logging_mixin.py:188} INFO - [2024-03-21T01:05:15.966+0000] {dag.py:3834} INFO - Setting next_dagrun for example_setup_teardown to 2024-03-20 00:00:00+00:00, run_after=2024-03-21 00:00:00+00:00
[2024-03-21T01:05:15.976+0000] {processor.py:183} INFO - Processing /home/airflow/.local/lib/python3.8/site-packages/airflow/example_dags/example_setup_teardown.py took 0.049 seconds
[2024-03-21T01:05:46.935+0000] {processor.py:161} INFO - Started process (PID=884) to work on /home/airflow/.local/lib/python3.8/site-packages/airflow/example_dags/example_setup_teardown.py
[2024-03-21T01:05:46.935+0000] {processor.py:830} INFO - Processing file /home/airflow/.local/lib/python3.8/site-packages/airflow/example_dags/example_setup_teardown.py for tasks to queue
[2024-03-21T01:05:46.937+0000] {logging_mixin.py:188} INFO - [2024-03-21T01:05:46.936+0000] {dagbag.py:540} INFO - Filling up the DagBag from /home/airflow/.local/lib/python3.8/site-packages/airflow/example_dags/example_setup_teardown.py
[2024-03-21T01:05:46.940+0000] {processor.py:840} INFO - DAG(s) 'example_setup_teardown' retrieved from /home/airflow/.local/lib/python3.8/site-packages/airflow/example_dags/example_setup_teardown.py
[2024-03-21T01:05:46.952+0000] {logging_mixin.py:188} INFO - [2024-03-21T01:05:46.952+0000] {dag.py:3047} INFO - Sync 1 DAGs
[2024-03-21T01:05:46.961+0000] {logging_mixin.py:188} INFO - [2024-03-21T01:05:46.961+0000] {dag.py:3834} INFO - Setting next_dagrun for example_setup_teardown to 2024-03-20 00:00:00+00:00, run_after=2024-03-21 00:00:00+00:00
[2024-03-21T01:05:46.969+0000] {processor.py:183} INFO - Processing /home/airflow/.local/lib/python3.8/site-packages/airflow/example_dags/example_setup_teardown.py took 0.036 seconds
[2024-03-21T01:06:17.158+0000] {processor.py:161} INFO - Started process (PID=939) to work on /home/airflow/.local/lib/python3.8/site-packages/airflow/example_dags/example_setup_teardown.py
[2024-03-21T01:06:17.159+0000] {processor.py:830} INFO - Processing file /home/airflow/.local/lib/python3.8/site-packages/airflow/example_dags/example_setup_teardown.py for tasks to queue
[2024-03-21T01:06:17.160+0000] {logging_mixin.py:188} INFO - [2024-03-21T01:06:17.160+0000] {dagbag.py:540} INFO - Filling up the DagBag from /home/airflow/.local/lib/python3.8/site-packages/airflow/example_dags/example_setup_teardown.py
[2024-03-21T01:06:17.165+0000] {processor.py:840} INFO - DAG(s) 'example_setup_teardown' retrieved from /home/airflow/.local/lib/python3.8/site-packages/airflow/example_dags/example_setup_teardown.py
[2024-03-21T01:06:17.181+0000] {logging_mixin.py:188} INFO - [2024-03-21T01:06:17.181+0000] {dag.py:3047} INFO - Sync 1 DAGs
[2024-03-21T01:06:17.193+0000] {logging_mixin.py:188} INFO - [2024-03-21T01:06:17.192+0000] {dag.py:3834} INFO - Setting next_dagrun for example_setup_teardown to 2024-03-20 00:00:00+00:00, run_after=2024-03-21 00:00:00+00:00
[2024-03-21T01:06:17.202+0000] {processor.py:183} INFO - Processing /home/airflow/.local/lib/python3.8/site-packages/airflow/example_dags/example_setup_teardown.py took 0.048 seconds
[2024-03-21T01:06:47.246+0000] {processor.py:161} INFO - Started process (PID=994) to work on /home/airflow/.local/lib/python3.8/site-packages/airflow/example_dags/example_setup_teardown.py
[2024-03-21T01:06:47.247+0000] {processor.py:830} INFO - Processing file /home/airflow/.local/lib/python3.8/site-packages/airflow/example_dags/example_setup_teardown.py for tasks to queue
[2024-03-21T01:06:47.248+0000] {logging_mixin.py:188} INFO - [2024-03-21T01:06:47.248+0000] {dagbag.py:540} INFO - Filling up the DagBag from /home/airflow/.local/lib/python3.8/site-packages/airflow/example_dags/example_setup_teardown.py
[2024-03-21T01:06:47.253+0000] {processor.py:840} INFO - DAG(s) 'example_setup_teardown' retrieved from /home/airflow/.local/lib/python3.8/site-packages/airflow/example_dags/example_setup_teardown.py
[2024-03-21T01:06:47.267+0000] {logging_mixin.py:188} INFO - [2024-03-21T01:06:47.267+0000] {dag.py:3047} INFO - Sync 1 DAGs
[2024-03-21T01:06:47.279+0000] {logging_mixin.py:188} INFO - [2024-03-21T01:06:47.279+0000] {dag.py:3834} INFO - Setting next_dagrun for example_setup_teardown to 2024-03-20 00:00:00+00:00, run_after=2024-03-21 00:00:00+00:00
[2024-03-21T01:06:47.289+0000] {processor.py:183} INFO - Processing /home/airflow/.local/lib/python3.8/site-packages/airflow/example_dags/example_setup_teardown.py took 0.046 seconds
[2024-03-21T01:07:18.126+0000] {processor.py:161} INFO - Started process (PID=1049) to work on /home/airflow/.local/lib/python3.8/site-packages/airflow/example_dags/example_setup_teardown.py
[2024-03-21T01:07:18.127+0000] {processor.py:830} INFO - Processing file /home/airflow/.local/lib/python3.8/site-packages/airflow/example_dags/example_setup_teardown.py for tasks to queue
[2024-03-21T01:07:18.128+0000] {logging_mixin.py:188} INFO - [2024-03-21T01:07:18.128+0000] {dagbag.py:540} INFO - Filling up the DagBag from /home/airflow/.local/lib/python3.8/site-packages/airflow/example_dags/example_setup_teardown.py
[2024-03-21T01:07:18.133+0000] {processor.py:840} INFO - DAG(s) 'example_setup_teardown' retrieved from /home/airflow/.local/lib/python3.8/site-packages/airflow/example_dags/example_setup_teardown.py
[2024-03-21T01:07:18.147+0000] {logging_mixin.py:188} INFO - [2024-03-21T01:07:18.147+0000] {dag.py:3047} INFO - Sync 1 DAGs
[2024-03-21T01:07:18.159+0000] {logging_mixin.py:188} INFO - [2024-03-21T01:07:18.159+0000] {dag.py:3834} INFO - Setting next_dagrun for example_setup_teardown to 2024-03-20 00:00:00+00:00, run_after=2024-03-21 00:00:00+00:00
[2024-03-21T01:07:18.169+0000] {processor.py:183} INFO - Processing /home/airflow/.local/lib/python3.8/site-packages/airflow/example_dags/example_setup_teardown.py took 0.045 seconds
[2024-03-21T01:07:48.349+0000] {processor.py:161} INFO - Started process (PID=1104) to work on /home/airflow/.local/lib/python3.8/site-packages/airflow/example_dags/example_setup_teardown.py
[2024-03-21T01:07:48.350+0000] {processor.py:830} INFO - Processing file /home/airflow/.local/lib/python3.8/site-packages/airflow/example_dags/example_setup_teardown.py for tasks to queue
[2024-03-21T01:07:48.352+0000] {logging_mixin.py:188} INFO - [2024-03-21T01:07:48.351+0000] {dagbag.py:540} INFO - Filling up the DagBag from /home/airflow/.local/lib/python3.8/site-packages/airflow/example_dags/example_setup_teardown.py
[2024-03-21T01:07:48.356+0000] {processor.py:840} INFO - DAG(s) 'example_setup_teardown' retrieved from /home/airflow/.local/lib/python3.8/site-packages/airflow/example_dags/example_setup_teardown.py
[2024-03-21T01:07:48.370+0000] {logging_mixin.py:188} INFO - [2024-03-21T01:07:48.370+0000] {dag.py:3047} INFO - Sync 1 DAGs
[2024-03-21T01:07:48.385+0000] {logging_mixin.py:188} INFO - [2024-03-21T01:07:48.385+0000] {dag.py:3834} INFO - Setting next_dagrun for example_setup_teardown to 2024-03-20 00:00:00+00:00, run_after=2024-03-21 00:00:00+00:00
[2024-03-21T01:07:48.397+0000] {processor.py:183} INFO - Processing /home/airflow/.local/lib/python3.8/site-packages/airflow/example_dags/example_setup_teardown.py took 0.050 seconds
[2024-03-21T01:08:18.680+0000] {processor.py:161} INFO - Started process (PID=1159) to work on /home/airflow/.local/lib/python3.8/site-packages/airflow/example_dags/example_setup_teardown.py
[2024-03-21T01:08:18.681+0000] {processor.py:830} INFO - Processing file /home/airflow/.local/lib/python3.8/site-packages/airflow/example_dags/example_setup_teardown.py for tasks to queue
[2024-03-21T01:08:18.683+0000] {logging_mixin.py:188} INFO - [2024-03-21T01:08:18.683+0000] {dagbag.py:540} INFO - Filling up the DagBag from /home/airflow/.local/lib/python3.8/site-packages/airflow/example_dags/example_setup_teardown.py
[2024-03-21T01:08:18.687+0000] {processor.py:840} INFO - DAG(s) 'example_setup_teardown' retrieved from /home/airflow/.local/lib/python3.8/site-packages/airflow/example_dags/example_setup_teardown.py
[2024-03-21T01:08:18.702+0000] {logging_mixin.py:188} INFO - [2024-03-21T01:08:18.701+0000] {dag.py:3047} INFO - Sync 1 DAGs
[2024-03-21T01:08:18.714+0000] {logging_mixin.py:188} INFO - [2024-03-21T01:08:18.714+0000] {dag.py:3834} INFO - Setting next_dagrun for example_setup_teardown to 2024-03-20 00:00:00+00:00, run_after=2024-03-21 00:00:00+00:00
[2024-03-21T01:08:18.725+0000] {processor.py:183} INFO - Processing /home/airflow/.local/lib/python3.8/site-packages/airflow/example_dags/example_setup_teardown.py took 0.048 seconds
[2024-03-21T01:08:48.776+0000] {processor.py:161} INFO - Started process (PID=1213) to work on /home/airflow/.local/lib/python3.8/site-packages/airflow/example_dags/example_setup_teardown.py
[2024-03-21T01:08:48.777+0000] {processor.py:830} INFO - Processing file /home/airflow/.local/lib/python3.8/site-packages/airflow/example_dags/example_setup_teardown.py for tasks to queue
[2024-03-21T01:08:48.778+0000] {logging_mixin.py:188} INFO - [2024-03-21T01:08:48.778+0000] {dagbag.py:540} INFO - Filling up the DagBag from /home/airflow/.local/lib/python3.8/site-packages/airflow/example_dags/example_setup_teardown.py
[2024-03-21T01:08:48.784+0000] {processor.py:840} INFO - DAG(s) 'example_setup_teardown' retrieved from /home/airflow/.local/lib/python3.8/site-packages/airflow/example_dags/example_setup_teardown.py
[2024-03-21T01:08:48.800+0000] {logging_mixin.py:188} INFO - [2024-03-21T01:08:48.800+0000] {dag.py:3047} INFO - Sync 1 DAGs
[2024-03-21T01:08:48.812+0000] {logging_mixin.py:188} INFO - [2024-03-21T01:08:48.812+0000] {dag.py:3834} INFO - Setting next_dagrun for example_setup_teardown to 2024-03-20 00:00:00+00:00, run_after=2024-03-21 00:00:00+00:00
[2024-03-21T01:08:48.821+0000] {processor.py:183} INFO - Processing /home/airflow/.local/lib/python3.8/site-packages/airflow/example_dags/example_setup_teardown.py took 0.048 seconds
[2024-03-21T01:09:18.899+0000] {processor.py:161} INFO - Started process (PID=1268) to work on /home/airflow/.local/lib/python3.8/site-packages/airflow/example_dags/example_setup_teardown.py
[2024-03-21T01:09:18.900+0000] {processor.py:830} INFO - Processing file /home/airflow/.local/lib/python3.8/site-packages/airflow/example_dags/example_setup_teardown.py for tasks to queue
[2024-03-21T01:09:18.902+0000] {logging_mixin.py:188} INFO - [2024-03-21T01:09:18.902+0000] {dagbag.py:540} INFO - Filling up the DagBag from /home/airflow/.local/lib/python3.8/site-packages/airflow/example_dags/example_setup_teardown.py
[2024-03-21T01:09:18.906+0000] {processor.py:840} INFO - DAG(s) 'example_setup_teardown' retrieved from /home/airflow/.local/lib/python3.8/site-packages/airflow/example_dags/example_setup_teardown.py
[2024-03-21T01:09:18.922+0000] {logging_mixin.py:188} INFO - [2024-03-21T01:09:18.921+0000] {dag.py:3047} INFO - Sync 1 DAGs
[2024-03-21T01:09:18.938+0000] {logging_mixin.py:188} INFO - [2024-03-21T01:09:18.937+0000] {dag.py:3834} INFO - Setting next_dagrun for example_setup_teardown to 2024-03-20 00:00:00+00:00, run_after=2024-03-21 00:00:00+00:00
[2024-03-21T01:09:18.973+0000] {processor.py:183} INFO - Processing /home/airflow/.local/lib/python3.8/site-packages/airflow/example_dags/example_setup_teardown.py took 0.079 seconds
[2024-03-21T01:09:49.113+0000] {processor.py:161} INFO - Started process (PID=1323) to work on /home/airflow/.local/lib/python3.8/site-packages/airflow/example_dags/example_setup_teardown.py
[2024-03-21T01:09:49.115+0000] {processor.py:830} INFO - Processing file /home/airflow/.local/lib/python3.8/site-packages/airflow/example_dags/example_setup_teardown.py for tasks to queue
[2024-03-21T01:09:49.116+0000] {logging_mixin.py:188} INFO - [2024-03-21T01:09:49.116+0000] {dagbag.py:540} INFO - Filling up the DagBag from /home/airflow/.local/lib/python3.8/site-packages/airflow/example_dags/example_setup_teardown.py
[2024-03-21T01:09:49.122+0000] {processor.py:840} INFO - DAG(s) 'example_setup_teardown' retrieved from /home/airflow/.local/lib/python3.8/site-packages/airflow/example_dags/example_setup_teardown.py
[2024-03-21T01:09:49.140+0000] {logging_mixin.py:188} INFO - [2024-03-21T01:09:49.139+0000] {dag.py:3047} INFO - Sync 1 DAGs
[2024-03-21T01:09:49.155+0000] {logging_mixin.py:188} INFO - [2024-03-21T01:09:49.154+0000] {dag.py:3834} INFO - Setting next_dagrun for example_setup_teardown to 2024-03-20 00:00:00+00:00, run_after=2024-03-21 00:00:00+00:00
[2024-03-21T01:09:49.168+0000] {processor.py:183} INFO - Processing /home/airflow/.local/lib/python3.8/site-packages/airflow/example_dags/example_setup_teardown.py took 0.058 seconds
