[2024-03-21T00:58:07.410+0000] {processor.py:161} INFO - Started process (PID=62) to work on /home/airflow/.local/lib/python3.8/site-packages/airflow/example_dags/example_bash_operator.py
[2024-03-21T00:58:07.410+0000] {processor.py:830} INFO - Processing file /home/airflow/.local/lib/python3.8/site-packages/airflow/example_dags/example_bash_operator.py for tasks to queue
[2024-03-21T00:58:07.412+0000] {logging_mixin.py:188} INFO - [2024-03-21T00:58:07.412+0000] {dagbag.py:540} INFO - Filling up the DagBag from /home/airflow/.local/lib/python3.8/site-packages/airflow/example_dags/example_bash_operator.py
[2024-03-21T00:58:07.420+0000] {processor.py:840} INFO - DAG(s) 'example_bash_operator' retrieved from /home/airflow/.local/lib/python3.8/site-packages/airflow/example_dags/example_bash_operator.py
[2024-03-21T00:58:07.437+0000] {logging_mixin.py:188} INFO - [2024-03-21T00:58:07.436+0000] {dag.py:3047} INFO - Sync 1 DAGs
[2024-03-21T00:58:07.450+0000] {logging_mixin.py:188} INFO - [2024-03-21T00:58:07.450+0000] {dag.py:3834} INFO - Setting next_dagrun for example_bash_operator to 2024-03-21 00:00:00+00:00, run_after=2024-03-22 00:00:00+00:00
[2024-03-21T00:58:07.460+0000] {processor.py:183} INFO - Processing /home/airflow/.local/lib/python3.8/site-packages/airflow/example_dags/example_bash_operator.py took 0.054 seconds
[2024-03-21T00:58:37.514+0000] {processor.py:161} INFO - Started process (PID=121) to work on /home/airflow/.local/lib/python3.8/site-packages/airflow/example_dags/example_bash_operator.py
[2024-03-21T00:58:37.515+0000] {processor.py:830} INFO - Processing file /home/airflow/.local/lib/python3.8/site-packages/airflow/example_dags/example_bash_operator.py for tasks to queue
[2024-03-21T00:58:37.517+0000] {logging_mixin.py:188} INFO - [2024-03-21T00:58:37.516+0000] {dagbag.py:540} INFO - Filling up the DagBag from /home/airflow/.local/lib/python3.8/site-packages/airflow/example_dags/example_bash_operator.py
[2024-03-21T00:58:37.523+0000] {processor.py:840} INFO - DAG(s) 'example_bash_operator' retrieved from /home/airflow/.local/lib/python3.8/site-packages/airflow/example_dags/example_bash_operator.py
[2024-03-21T00:58:37.539+0000] {logging_mixin.py:188} INFO - [2024-03-21T00:58:37.539+0000] {dag.py:3047} INFO - Sync 1 DAGs
[2024-03-21T00:58:37.551+0000] {logging_mixin.py:188} INFO - [2024-03-21T00:58:37.551+0000] {dag.py:3834} INFO - Setting next_dagrun for example_bash_operator to 2024-03-21 00:00:00+00:00, run_after=2024-03-22 00:00:00+00:00
[2024-03-21T00:58:37.560+0000] {processor.py:183} INFO - Processing /home/airflow/.local/lib/python3.8/site-packages/airflow/example_dags/example_bash_operator.py took 0.048 seconds
[2024-03-21T00:59:08.338+0000] {processor.py:161} INFO - Started process (PID=176) to work on /home/airflow/.local/lib/python3.8/site-packages/airflow/example_dags/example_bash_operator.py
[2024-03-21T00:59:08.339+0000] {processor.py:830} INFO - Processing file /home/airflow/.local/lib/python3.8/site-packages/airflow/example_dags/example_bash_operator.py for tasks to queue
[2024-03-21T00:59:08.340+0000] {logging_mixin.py:188} INFO - [2024-03-21T00:59:08.340+0000] {dagbag.py:540} INFO - Filling up the DagBag from /home/airflow/.local/lib/python3.8/site-packages/airflow/example_dags/example_bash_operator.py
[2024-03-21T00:59:08.346+0000] {processor.py:840} INFO - DAG(s) 'example_bash_operator' retrieved from /home/airflow/.local/lib/python3.8/site-packages/airflow/example_dags/example_bash_operator.py
[2024-03-21T00:59:08.360+0000] {logging_mixin.py:188} INFO - [2024-03-21T00:59:08.360+0000] {dag.py:3047} INFO - Sync 1 DAGs
[2024-03-21T00:59:08.371+0000] {logging_mixin.py:188} INFO - [2024-03-21T00:59:08.371+0000] {dag.py:3834} INFO - Setting next_dagrun for example_bash_operator to 2024-03-21 00:00:00+00:00, run_after=2024-03-22 00:00:00+00:00
[2024-03-21T00:59:08.377+0000] {processor.py:183} INFO - Processing /home/airflow/.local/lib/python3.8/site-packages/airflow/example_dags/example_bash_operator.py took 0.041 seconds
[2024-03-21T00:59:39.086+0000] {processor.py:161} INFO - Started process (PID=231) to work on /home/airflow/.local/lib/python3.8/site-packages/airflow/example_dags/example_bash_operator.py
[2024-03-21T00:59:39.087+0000] {processor.py:830} INFO - Processing file /home/airflow/.local/lib/python3.8/site-packages/airflow/example_dags/example_bash_operator.py for tasks to queue
[2024-03-21T00:59:39.088+0000] {logging_mixin.py:188} INFO - [2024-03-21T00:59:39.088+0000] {dagbag.py:540} INFO - Filling up the DagBag from /home/airflow/.local/lib/python3.8/site-packages/airflow/example_dags/example_bash_operator.py
[2024-03-21T00:59:39.094+0000] {processor.py:840} INFO - DAG(s) 'example_bash_operator' retrieved from /home/airflow/.local/lib/python3.8/site-packages/airflow/example_dags/example_bash_operator.py
[2024-03-21T00:59:39.108+0000] {logging_mixin.py:188} INFO - [2024-03-21T00:59:39.108+0000] {dag.py:3047} INFO - Sync 1 DAGs
[2024-03-21T00:59:39.118+0000] {logging_mixin.py:188} INFO - [2024-03-21T00:59:39.118+0000] {dag.py:3834} INFO - Setting next_dagrun for example_bash_operator to 2024-03-21 00:00:00+00:00, run_after=2024-03-22 00:00:00+00:00
[2024-03-21T00:59:39.125+0000] {processor.py:183} INFO - Processing /home/airflow/.local/lib/python3.8/site-packages/airflow/example_dags/example_bash_operator.py took 0.041 seconds
[2024-03-21T01:00:09.709+0000] {processor.py:161} INFO - Started process (PID=286) to work on /home/airflow/.local/lib/python3.8/site-packages/airflow/example_dags/example_bash_operator.py
[2024-03-21T01:00:09.710+0000] {processor.py:830} INFO - Processing file /home/airflow/.local/lib/python3.8/site-packages/airflow/example_dags/example_bash_operator.py for tasks to queue
[2024-03-21T01:00:09.711+0000] {logging_mixin.py:188} INFO - [2024-03-21T01:00:09.711+0000] {dagbag.py:540} INFO - Filling up the DagBag from /home/airflow/.local/lib/python3.8/site-packages/airflow/example_dags/example_bash_operator.py
[2024-03-21T01:00:09.717+0000] {processor.py:840} INFO - DAG(s) 'example_bash_operator' retrieved from /home/airflow/.local/lib/python3.8/site-packages/airflow/example_dags/example_bash_operator.py
[2024-03-21T01:00:09.732+0000] {logging_mixin.py:188} INFO - [2024-03-21T01:00:09.732+0000] {dag.py:3047} INFO - Sync 1 DAGs
[2024-03-21T01:00:09.742+0000] {logging_mixin.py:188} INFO - [2024-03-21T01:00:09.742+0000] {dag.py:3834} INFO - Setting next_dagrun for example_bash_operator to 2024-03-21 00:00:00+00:00, run_after=2024-03-22 00:00:00+00:00
[2024-03-21T01:00:09.749+0000] {processor.py:183} INFO - Processing /home/airflow/.local/lib/python3.8/site-packages/airflow/example_dags/example_bash_operator.py took 0.042 seconds
[2024-03-21T01:00:40.493+0000] {processor.py:161} INFO - Started process (PID=341) to work on /home/airflow/.local/lib/python3.8/site-packages/airflow/example_dags/example_bash_operator.py
[2024-03-21T01:00:40.493+0000] {processor.py:830} INFO - Processing file /home/airflow/.local/lib/python3.8/site-packages/airflow/example_dags/example_bash_operator.py for tasks to queue
[2024-03-21T01:00:40.495+0000] {logging_mixin.py:188} INFO - [2024-03-21T01:00:40.494+0000] {dagbag.py:540} INFO - Filling up the DagBag from /home/airflow/.local/lib/python3.8/site-packages/airflow/example_dags/example_bash_operator.py
[2024-03-21T01:00:40.500+0000] {processor.py:840} INFO - DAG(s) 'example_bash_operator' retrieved from /home/airflow/.local/lib/python3.8/site-packages/airflow/example_dags/example_bash_operator.py
[2024-03-21T01:00:40.515+0000] {logging_mixin.py:188} INFO - [2024-03-21T01:00:40.515+0000] {dag.py:3047} INFO - Sync 1 DAGs
[2024-03-21T01:00:40.525+0000] {logging_mixin.py:188} INFO - [2024-03-21T01:00:40.525+0000] {dag.py:3834} INFO - Setting next_dagrun for example_bash_operator to 2024-03-21 00:00:00+00:00, run_after=2024-03-22 00:00:00+00:00
[2024-03-21T01:00:40.533+0000] {processor.py:183} INFO - Processing /home/airflow/.local/lib/python3.8/site-packages/airflow/example_dags/example_bash_operator.py took 0.042 seconds
[2024-03-21T01:01:11.269+0000] {processor.py:161} INFO - Started process (PID=397) to work on /home/airflow/.local/lib/python3.8/site-packages/airflow/example_dags/example_bash_operator.py
[2024-03-21T01:01:11.269+0000] {processor.py:830} INFO - Processing file /home/airflow/.local/lib/python3.8/site-packages/airflow/example_dags/example_bash_operator.py for tasks to queue
[2024-03-21T01:01:11.270+0000] {logging_mixin.py:188} INFO - [2024-03-21T01:01:11.270+0000] {dagbag.py:540} INFO - Filling up the DagBag from /home/airflow/.local/lib/python3.8/site-packages/airflow/example_dags/example_bash_operator.py
[2024-03-21T01:01:11.276+0000] {processor.py:840} INFO - DAG(s) 'example_bash_operator' retrieved from /home/airflow/.local/lib/python3.8/site-packages/airflow/example_dags/example_bash_operator.py
[2024-03-21T01:01:11.291+0000] {logging_mixin.py:188} INFO - [2024-03-21T01:01:11.291+0000] {dag.py:3047} INFO - Sync 1 DAGs
[2024-03-21T01:01:11.301+0000] {logging_mixin.py:188} INFO - [2024-03-21T01:01:11.301+0000] {dag.py:3834} INFO - Setting next_dagrun for example_bash_operator to 2024-03-21 00:00:00+00:00, run_after=2024-03-22 00:00:00+00:00
[2024-03-21T01:01:11.309+0000] {processor.py:183} INFO - Processing /home/airflow/.local/lib/python3.8/site-packages/airflow/example_dags/example_bash_operator.py took 0.042 seconds
[2024-03-21T01:01:42.023+0000] {processor.py:161} INFO - Started process (PID=452) to work on /home/airflow/.local/lib/python3.8/site-packages/airflow/example_dags/example_bash_operator.py
[2024-03-21T01:01:42.024+0000] {processor.py:830} INFO - Processing file /home/airflow/.local/lib/python3.8/site-packages/airflow/example_dags/example_bash_operator.py for tasks to queue
[2024-03-21T01:01:42.025+0000] {logging_mixin.py:188} INFO - [2024-03-21T01:01:42.024+0000] {dagbag.py:540} INFO - Filling up the DagBag from /home/airflow/.local/lib/python3.8/site-packages/airflow/example_dags/example_bash_operator.py
[2024-03-21T01:01:42.031+0000] {processor.py:840} INFO - DAG(s) 'example_bash_operator' retrieved from /home/airflow/.local/lib/python3.8/site-packages/airflow/example_dags/example_bash_operator.py
[2024-03-21T01:01:42.047+0000] {logging_mixin.py:188} INFO - [2024-03-21T01:01:42.047+0000] {dag.py:3047} INFO - Sync 1 DAGs
[2024-03-21T01:01:42.059+0000] {logging_mixin.py:188} INFO - [2024-03-21T01:01:42.059+0000] {dag.py:3834} INFO - Setting next_dagrun for example_bash_operator to 2024-03-21 00:00:00+00:00, run_after=2024-03-22 00:00:00+00:00
[2024-03-21T01:01:42.066+0000] {processor.py:183} INFO - Processing /home/airflow/.local/lib/python3.8/site-packages/airflow/example_dags/example_bash_operator.py took 0.045 seconds
[2024-03-21T01:02:12.786+0000] {processor.py:161} INFO - Started process (PID=507) to work on /home/airflow/.local/lib/python3.8/site-packages/airflow/example_dags/example_bash_operator.py
[2024-03-21T01:02:12.787+0000] {processor.py:830} INFO - Processing file /home/airflow/.local/lib/python3.8/site-packages/airflow/example_dags/example_bash_operator.py for tasks to queue
[2024-03-21T01:02:12.788+0000] {logging_mixin.py:188} INFO - [2024-03-21T01:02:12.788+0000] {dagbag.py:540} INFO - Filling up the DagBag from /home/airflow/.local/lib/python3.8/site-packages/airflow/example_dags/example_bash_operator.py
[2024-03-21T01:02:12.794+0000] {processor.py:840} INFO - DAG(s) 'example_bash_operator' retrieved from /home/airflow/.local/lib/python3.8/site-packages/airflow/example_dags/example_bash_operator.py
[2024-03-21T01:02:12.809+0000] {logging_mixin.py:188} INFO - [2024-03-21T01:02:12.809+0000] {dag.py:3047} INFO - Sync 1 DAGs
[2024-03-21T01:02:12.820+0000] {logging_mixin.py:188} INFO - [2024-03-21T01:02:12.820+0000] {dag.py:3834} INFO - Setting next_dagrun for example_bash_operator to 2024-03-21 00:00:00+00:00, run_after=2024-03-22 00:00:00+00:00
[2024-03-21T01:02:12.827+0000] {processor.py:183} INFO - Processing /home/airflow/.local/lib/python3.8/site-packages/airflow/example_dags/example_bash_operator.py took 0.043 seconds
[2024-03-21T01:02:42.849+0000] {processor.py:161} INFO - Started process (PID=562) to work on /home/airflow/.local/lib/python3.8/site-packages/airflow/example_dags/example_bash_operator.py
[2024-03-21T01:02:42.850+0000] {processor.py:830} INFO - Processing file /home/airflow/.local/lib/python3.8/site-packages/airflow/example_dags/example_bash_operator.py for tasks to queue
[2024-03-21T01:02:42.851+0000] {logging_mixin.py:188} INFO - [2024-03-21T01:02:42.851+0000] {dagbag.py:540} INFO - Filling up the DagBag from /home/airflow/.local/lib/python3.8/site-packages/airflow/example_dags/example_bash_operator.py
[2024-03-21T01:02:42.857+0000] {processor.py:840} INFO - DAG(s) 'example_bash_operator' retrieved from /home/airflow/.local/lib/python3.8/site-packages/airflow/example_dags/example_bash_operator.py
[2024-03-21T01:02:42.872+0000] {logging_mixin.py:188} INFO - [2024-03-21T01:02:42.872+0000] {dag.py:3047} INFO - Sync 1 DAGs
[2024-03-21T01:02:42.882+0000] {logging_mixin.py:188} INFO - [2024-03-21T01:02:42.882+0000] {dag.py:3834} INFO - Setting next_dagrun for example_bash_operator to 2024-03-21 00:00:00+00:00, run_after=2024-03-22 00:00:00+00:00
[2024-03-21T01:02:42.889+0000] {processor.py:183} INFO - Processing /home/airflow/.local/lib/python3.8/site-packages/airflow/example_dags/example_bash_operator.py took 0.041 seconds
[2024-03-21T01:03:13.664+0000] {processor.py:161} INFO - Started process (PID=617) to work on /home/airflow/.local/lib/python3.8/site-packages/airflow/example_dags/example_bash_operator.py
[2024-03-21T01:03:13.664+0000] {processor.py:830} INFO - Processing file /home/airflow/.local/lib/python3.8/site-packages/airflow/example_dags/example_bash_operator.py for tasks to queue
[2024-03-21T01:03:13.666+0000] {logging_mixin.py:188} INFO - [2024-03-21T01:03:13.665+0000] {dagbag.py:540} INFO - Filling up the DagBag from /home/airflow/.local/lib/python3.8/site-packages/airflow/example_dags/example_bash_operator.py
[2024-03-21T01:03:13.672+0000] {processor.py:840} INFO - DAG(s) 'example_bash_operator' retrieved from /home/airflow/.local/lib/python3.8/site-packages/airflow/example_dags/example_bash_operator.py
[2024-03-21T01:03:13.686+0000] {logging_mixin.py:188} INFO - [2024-03-21T01:03:13.686+0000] {dag.py:3047} INFO - Sync 1 DAGs
[2024-03-21T01:03:13.696+0000] {logging_mixin.py:188} INFO - [2024-03-21T01:03:13.696+0000] {dag.py:3834} INFO - Setting next_dagrun for example_bash_operator to 2024-03-21 00:00:00+00:00, run_after=2024-03-22 00:00:00+00:00
[2024-03-21T01:03:13.702+0000] {processor.py:183} INFO - Processing /home/airflow/.local/lib/python3.8/site-packages/airflow/example_dags/example_bash_operator.py took 0.041 seconds
[2024-03-21T01:03:44.375+0000] {processor.py:161} INFO - Started process (PID=672) to work on /home/airflow/.local/lib/python3.8/site-packages/airflow/example_dags/example_bash_operator.py
[2024-03-21T01:03:44.375+0000] {processor.py:830} INFO - Processing file /home/airflow/.local/lib/python3.8/site-packages/airflow/example_dags/example_bash_operator.py for tasks to queue
[2024-03-21T01:03:44.376+0000] {logging_mixin.py:188} INFO - [2024-03-21T01:03:44.376+0000] {dagbag.py:540} INFO - Filling up the DagBag from /home/airflow/.local/lib/python3.8/site-packages/airflow/example_dags/example_bash_operator.py
[2024-03-21T01:03:44.382+0000] {processor.py:840} INFO - DAG(s) 'example_bash_operator' retrieved from /home/airflow/.local/lib/python3.8/site-packages/airflow/example_dags/example_bash_operator.py
[2024-03-21T01:03:44.397+0000] {logging_mixin.py:188} INFO - [2024-03-21T01:03:44.397+0000] {dag.py:3047} INFO - Sync 1 DAGs
[2024-03-21T01:03:44.408+0000] {logging_mixin.py:188} INFO - [2024-03-21T01:03:44.408+0000] {dag.py:3834} INFO - Setting next_dagrun for example_bash_operator to 2024-03-21 00:00:00+00:00, run_after=2024-03-22 00:00:00+00:00
[2024-03-21T01:03:44.415+0000] {processor.py:183} INFO - Processing /home/airflow/.local/lib/python3.8/site-packages/airflow/example_dags/example_bash_operator.py took 0.042 seconds
[2024-03-21T01:04:15.122+0000] {processor.py:161} INFO - Started process (PID=727) to work on /home/airflow/.local/lib/python3.8/site-packages/airflow/example_dags/example_bash_operator.py
[2024-03-21T01:04:15.122+0000] {processor.py:830} INFO - Processing file /home/airflow/.local/lib/python3.8/site-packages/airflow/example_dags/example_bash_operator.py for tasks to queue
[2024-03-21T01:04:15.124+0000] {logging_mixin.py:188} INFO - [2024-03-21T01:04:15.123+0000] {dagbag.py:540} INFO - Filling up the DagBag from /home/airflow/.local/lib/python3.8/site-packages/airflow/example_dags/example_bash_operator.py
[2024-03-21T01:04:15.129+0000] {processor.py:840} INFO - DAG(s) 'example_bash_operator' retrieved from /home/airflow/.local/lib/python3.8/site-packages/airflow/example_dags/example_bash_operator.py
[2024-03-21T01:04:15.144+0000] {logging_mixin.py:188} INFO - [2024-03-21T01:04:15.144+0000] {dag.py:3047} INFO - Sync 1 DAGs
[2024-03-21T01:04:15.154+0000] {logging_mixin.py:188} INFO - [2024-03-21T01:04:15.154+0000] {dag.py:3834} INFO - Setting next_dagrun for example_bash_operator to 2024-03-21 00:00:00+00:00, run_after=2024-03-22 00:00:00+00:00
[2024-03-21T01:04:15.161+0000] {processor.py:183} INFO - Processing /home/airflow/.local/lib/python3.8/site-packages/airflow/example_dags/example_bash_operator.py took 0.041 seconds
[2024-03-21T01:04:46.171+0000] {processor.py:161} INFO - Started process (PID=782) to work on /home/airflow/.local/lib/python3.8/site-packages/airflow/example_dags/example_bash_operator.py
[2024-03-21T01:04:46.172+0000] {processor.py:830} INFO - Processing file /home/airflow/.local/lib/python3.8/site-packages/airflow/example_dags/example_bash_operator.py for tasks to queue
[2024-03-21T01:04:46.173+0000] {logging_mixin.py:188} INFO - [2024-03-21T01:04:46.173+0000] {dagbag.py:540} INFO - Filling up the DagBag from /home/airflow/.local/lib/python3.8/site-packages/airflow/example_dags/example_bash_operator.py
[2024-03-21T01:04:46.180+0000] {processor.py:840} INFO - DAG(s) 'example_bash_operator' retrieved from /home/airflow/.local/lib/python3.8/site-packages/airflow/example_dags/example_bash_operator.py
[2024-03-21T01:04:46.196+0000] {logging_mixin.py:188} INFO - [2024-03-21T01:04:46.196+0000] {dag.py:3047} INFO - Sync 1 DAGs
[2024-03-21T01:04:46.207+0000] {logging_mixin.py:188} INFO - [2024-03-21T01:04:46.207+0000] {dag.py:3834} INFO - Setting next_dagrun for example_bash_operator to 2024-03-21 00:00:00+00:00, run_after=2024-03-22 00:00:00+00:00
[2024-03-21T01:04:46.215+0000] {processor.py:183} INFO - Processing /home/airflow/.local/lib/python3.8/site-packages/airflow/example_dags/example_bash_operator.py took 0.046 seconds
[2024-03-21T01:05:16.245+0000] {processor.py:161} INFO - Started process (PID=837) to work on /home/airflow/.local/lib/python3.8/site-packages/airflow/example_dags/example_bash_operator.py
[2024-03-21T01:05:16.246+0000] {processor.py:830} INFO - Processing file /home/airflow/.local/lib/python3.8/site-packages/airflow/example_dags/example_bash_operator.py for tasks to queue
[2024-03-21T01:05:16.247+0000] {logging_mixin.py:188} INFO - [2024-03-21T01:05:16.247+0000] {dagbag.py:540} INFO - Filling up the DagBag from /home/airflow/.local/lib/python3.8/site-packages/airflow/example_dags/example_bash_operator.py
[2024-03-21T01:05:16.254+0000] {processor.py:840} INFO - DAG(s) 'example_bash_operator' retrieved from /home/airflow/.local/lib/python3.8/site-packages/airflow/example_dags/example_bash_operator.py
[2024-03-21T01:05:16.270+0000] {logging_mixin.py:188} INFO - [2024-03-21T01:05:16.270+0000] {dag.py:3047} INFO - Sync 1 DAGs
[2024-03-21T01:05:16.280+0000] {logging_mixin.py:188} INFO - [2024-03-21T01:05:16.280+0000] {dag.py:3834} INFO - Setting next_dagrun for example_bash_operator to 2024-03-21 00:00:00+00:00, run_after=2024-03-22 00:00:00+00:00
[2024-03-21T01:05:16.288+0000] {processor.py:183} INFO - Processing /home/airflow/.local/lib/python3.8/site-packages/airflow/example_dags/example_bash_operator.py took 0.044 seconds
[2024-03-21T01:05:47.163+0000] {processor.py:161} INFO - Started process (PID=892) to work on /home/airflow/.local/lib/python3.8/site-packages/airflow/example_dags/example_bash_operator.py
[2024-03-21T01:05:47.164+0000] {processor.py:830} INFO - Processing file /home/airflow/.local/lib/python3.8/site-packages/airflow/example_dags/example_bash_operator.py for tasks to queue
[2024-03-21T01:05:47.165+0000] {logging_mixin.py:188} INFO - [2024-03-21T01:05:47.165+0000] {dagbag.py:540} INFO - Filling up the DagBag from /home/airflow/.local/lib/python3.8/site-packages/airflow/example_dags/example_bash_operator.py
[2024-03-21T01:05:47.172+0000] {processor.py:840} INFO - DAG(s) 'example_bash_operator' retrieved from /home/airflow/.local/lib/python3.8/site-packages/airflow/example_dags/example_bash_operator.py
[2024-03-21T01:05:47.187+0000] {logging_mixin.py:188} INFO - [2024-03-21T01:05:47.186+0000] {dag.py:3047} INFO - Sync 1 DAGs
[2024-03-21T01:05:47.197+0000] {logging_mixin.py:188} INFO - [2024-03-21T01:05:47.197+0000] {dag.py:3834} INFO - Setting next_dagrun for example_bash_operator to 2024-03-21 00:00:00+00:00, run_after=2024-03-22 00:00:00+00:00
[2024-03-21T01:05:47.204+0000] {processor.py:183} INFO - Processing /home/airflow/.local/lib/python3.8/site-packages/airflow/example_dags/example_bash_operator.py took 0.044 seconds
[2024-03-21T01:06:17.404+0000] {processor.py:161} INFO - Started process (PID=947) to work on /home/airflow/.local/lib/python3.8/site-packages/airflow/example_dags/example_bash_operator.py
[2024-03-21T01:06:17.405+0000] {processor.py:830} INFO - Processing file /home/airflow/.local/lib/python3.8/site-packages/airflow/example_dags/example_bash_operator.py for tasks to queue
[2024-03-21T01:06:17.406+0000] {logging_mixin.py:188} INFO - [2024-03-21T01:06:17.406+0000] {dagbag.py:540} INFO - Filling up the DagBag from /home/airflow/.local/lib/python3.8/site-packages/airflow/example_dags/example_bash_operator.py
[2024-03-21T01:06:17.412+0000] {processor.py:840} INFO - DAG(s) 'example_bash_operator' retrieved from /home/airflow/.local/lib/python3.8/site-packages/airflow/example_dags/example_bash_operator.py
[2024-03-21T01:06:17.427+0000] {logging_mixin.py:188} INFO - [2024-03-21T01:06:17.427+0000] {dag.py:3047} INFO - Sync 1 DAGs
[2024-03-21T01:06:17.438+0000] {logging_mixin.py:188} INFO - [2024-03-21T01:06:17.438+0000] {dag.py:3834} INFO - Setting next_dagrun for example_bash_operator to 2024-03-21 00:00:00+00:00, run_after=2024-03-22 00:00:00+00:00
[2024-03-21T01:06:17.447+0000] {processor.py:183} INFO - Processing /home/airflow/.local/lib/python3.8/site-packages/airflow/example_dags/example_bash_operator.py took 0.045 seconds
[2024-03-21T01:06:47.525+0000] {processor.py:161} INFO - Started process (PID=1002) to work on /home/airflow/.local/lib/python3.8/site-packages/airflow/example_dags/example_bash_operator.py
[2024-03-21T01:06:47.526+0000] {processor.py:830} INFO - Processing file /home/airflow/.local/lib/python3.8/site-packages/airflow/example_dags/example_bash_operator.py for tasks to queue
[2024-03-21T01:06:47.527+0000] {logging_mixin.py:188} INFO - [2024-03-21T01:06:47.527+0000] {dagbag.py:540} INFO - Filling up the DagBag from /home/airflow/.local/lib/python3.8/site-packages/airflow/example_dags/example_bash_operator.py
[2024-03-21T01:06:47.533+0000] {processor.py:840} INFO - DAG(s) 'example_bash_operator' retrieved from /home/airflow/.local/lib/python3.8/site-packages/airflow/example_dags/example_bash_operator.py
[2024-03-21T01:06:47.550+0000] {logging_mixin.py:188} INFO - [2024-03-21T01:06:47.550+0000] {dag.py:3047} INFO - Sync 1 DAGs
[2024-03-21T01:06:47.562+0000] {logging_mixin.py:188} INFO - [2024-03-21T01:06:47.562+0000] {dag.py:3834} INFO - Setting next_dagrun for example_bash_operator to 2024-03-21 00:00:00+00:00, run_after=2024-03-22 00:00:00+00:00
[2024-03-21T01:06:47.570+0000] {processor.py:183} INFO - Processing /home/airflow/.local/lib/python3.8/site-packages/airflow/example_dags/example_bash_operator.py took 0.047 seconds
[2024-03-21T01:07:18.376+0000] {processor.py:161} INFO - Started process (PID=1057) to work on /home/airflow/.local/lib/python3.8/site-packages/airflow/example_dags/example_bash_operator.py
[2024-03-21T01:07:18.377+0000] {processor.py:830} INFO - Processing file /home/airflow/.local/lib/python3.8/site-packages/airflow/example_dags/example_bash_operator.py for tasks to queue
[2024-03-21T01:07:18.378+0000] {logging_mixin.py:188} INFO - [2024-03-21T01:07:18.378+0000] {dagbag.py:540} INFO - Filling up the DagBag from /home/airflow/.local/lib/python3.8/site-packages/airflow/example_dags/example_bash_operator.py
[2024-03-21T01:07:18.385+0000] {processor.py:840} INFO - DAG(s) 'example_bash_operator' retrieved from /home/airflow/.local/lib/python3.8/site-packages/airflow/example_dags/example_bash_operator.py
[2024-03-21T01:07:18.400+0000] {logging_mixin.py:188} INFO - [2024-03-21T01:07:18.400+0000] {dag.py:3047} INFO - Sync 1 DAGs
[2024-03-21T01:07:18.411+0000] {logging_mixin.py:188} INFO - [2024-03-21T01:07:18.410+0000] {dag.py:3834} INFO - Setting next_dagrun for example_bash_operator to 2024-03-21 00:00:00+00:00, run_after=2024-03-22 00:00:00+00:00
[2024-03-21T01:07:18.419+0000] {processor.py:183} INFO - Processing /home/airflow/.local/lib/python3.8/site-packages/airflow/example_dags/example_bash_operator.py took 0.045 seconds
[2024-03-21T01:07:48.618+0000] {processor.py:161} INFO - Started process (PID=1112) to work on /home/airflow/.local/lib/python3.8/site-packages/airflow/example_dags/example_bash_operator.py
[2024-03-21T01:07:48.619+0000] {processor.py:830} INFO - Processing file /home/airflow/.local/lib/python3.8/site-packages/airflow/example_dags/example_bash_operator.py for tasks to queue
[2024-03-21T01:07:48.621+0000] {logging_mixin.py:188} INFO - [2024-03-21T01:07:48.620+0000] {dagbag.py:540} INFO - Filling up the DagBag from /home/airflow/.local/lib/python3.8/site-packages/airflow/example_dags/example_bash_operator.py
[2024-03-21T01:07:48.627+0000] {processor.py:840} INFO - DAG(s) 'example_bash_operator' retrieved from /home/airflow/.local/lib/python3.8/site-packages/airflow/example_dags/example_bash_operator.py
[2024-03-21T01:07:48.644+0000] {logging_mixin.py:188} INFO - [2024-03-21T01:07:48.644+0000] {dag.py:3047} INFO - Sync 1 DAGs
[2024-03-21T01:07:48.656+0000] {logging_mixin.py:188} INFO - [2024-03-21T01:07:48.656+0000] {dag.py:3834} INFO - Setting next_dagrun for example_bash_operator to 2024-03-21 00:00:00+00:00, run_after=2024-03-22 00:00:00+00:00
[2024-03-21T01:07:48.666+0000] {processor.py:183} INFO - Processing /home/airflow/.local/lib/python3.8/site-packages/airflow/example_dags/example_bash_operator.py took 0.049 seconds
[2024-03-21T01:08:18.962+0000] {processor.py:161} INFO - Started process (PID=1167) to work on /home/airflow/.local/lib/python3.8/site-packages/airflow/example_dags/example_bash_operator.py
[2024-03-21T01:08:18.962+0000] {processor.py:830} INFO - Processing file /home/airflow/.local/lib/python3.8/site-packages/airflow/example_dags/example_bash_operator.py for tasks to queue
[2024-03-21T01:08:18.964+0000] {logging_mixin.py:188} INFO - [2024-03-21T01:08:18.963+0000] {dagbag.py:540} INFO - Filling up the DagBag from /home/airflow/.local/lib/python3.8/site-packages/airflow/example_dags/example_bash_operator.py
[2024-03-21T01:08:18.970+0000] {processor.py:840} INFO - DAG(s) 'example_bash_operator' retrieved from /home/airflow/.local/lib/python3.8/site-packages/airflow/example_dags/example_bash_operator.py
[2024-03-21T01:08:18.987+0000] {logging_mixin.py:188} INFO - [2024-03-21T01:08:18.987+0000] {dag.py:3047} INFO - Sync 1 DAGs
[2024-03-21T01:08:19.000+0000] {logging_mixin.py:188} INFO - [2024-03-21T01:08:19.000+0000] {dag.py:3834} INFO - Setting next_dagrun for example_bash_operator to 2024-03-21 00:00:00+00:00, run_after=2024-03-22 00:00:00+00:00
[2024-03-21T01:08:19.009+0000] {processor.py:183} INFO - Processing /home/airflow/.local/lib/python3.8/site-packages/airflow/example_dags/example_bash_operator.py took 0.049 seconds
[2024-03-21T01:08:49.163+0000] {processor.py:161} INFO - Started process (PID=1222) to work on /home/airflow/.local/lib/python3.8/site-packages/airflow/example_dags/example_bash_operator.py
[2024-03-21T01:08:49.164+0000] {processor.py:830} INFO - Processing file /home/airflow/.local/lib/python3.8/site-packages/airflow/example_dags/example_bash_operator.py for tasks to queue
[2024-03-21T01:08:49.165+0000] {logging_mixin.py:188} INFO - [2024-03-21T01:08:49.165+0000] {dagbag.py:540} INFO - Filling up the DagBag from /home/airflow/.local/lib/python3.8/site-packages/airflow/example_dags/example_bash_operator.py
[2024-03-21T01:08:49.171+0000] {processor.py:840} INFO - DAG(s) 'example_bash_operator' retrieved from /home/airflow/.local/lib/python3.8/site-packages/airflow/example_dags/example_bash_operator.py
[2024-03-21T01:08:49.189+0000] {logging_mixin.py:188} INFO - [2024-03-21T01:08:49.188+0000] {dag.py:3047} INFO - Sync 1 DAGs
[2024-03-21T01:08:49.201+0000] {logging_mixin.py:188} INFO - [2024-03-21T01:08:49.201+0000] {dag.py:3834} INFO - Setting next_dagrun for example_bash_operator to 2024-03-21 00:00:00+00:00, run_after=2024-03-22 00:00:00+00:00
[2024-03-21T01:08:49.210+0000] {processor.py:183} INFO - Processing /home/airflow/.local/lib/python3.8/site-packages/airflow/example_dags/example_bash_operator.py took 0.049 seconds
[2024-03-21T01:09:19.240+0000] {processor.py:161} INFO - Started process (PID=1277) to work on /home/airflow/.local/lib/python3.8/site-packages/airflow/example_dags/example_bash_operator.py
[2024-03-21T01:09:19.241+0000] {processor.py:830} INFO - Processing file /home/airflow/.local/lib/python3.8/site-packages/airflow/example_dags/example_bash_operator.py for tasks to queue
[2024-03-21T01:09:19.242+0000] {logging_mixin.py:188} INFO - [2024-03-21T01:09:19.242+0000] {dagbag.py:540} INFO - Filling up the DagBag from /home/airflow/.local/lib/python3.8/site-packages/airflow/example_dags/example_bash_operator.py
[2024-03-21T01:09:19.249+0000] {processor.py:840} INFO - DAG(s) 'example_bash_operator' retrieved from /home/airflow/.local/lib/python3.8/site-packages/airflow/example_dags/example_bash_operator.py
[2024-03-21T01:09:19.266+0000] {logging_mixin.py:188} INFO - [2024-03-21T01:09:19.266+0000] {dag.py:3047} INFO - Sync 1 DAGs
[2024-03-21T01:09:19.279+0000] {logging_mixin.py:188} INFO - [2024-03-21T01:09:19.279+0000] {dag.py:3834} INFO - Setting next_dagrun for example_bash_operator to 2024-03-21 00:00:00+00:00, run_after=2024-03-22 00:00:00+00:00
[2024-03-21T01:09:19.289+0000] {processor.py:183} INFO - Processing /home/airflow/.local/lib/python3.8/site-packages/airflow/example_dags/example_bash_operator.py took 0.051 seconds
[2024-03-21T01:09:49.484+0000] {processor.py:161} INFO - Started process (PID=1332) to work on /home/airflow/.local/lib/python3.8/site-packages/airflow/example_dags/example_bash_operator.py
[2024-03-21T01:09:49.484+0000] {processor.py:830} INFO - Processing file /home/airflow/.local/lib/python3.8/site-packages/airflow/example_dags/example_bash_operator.py for tasks to queue
[2024-03-21T01:09:49.486+0000] {logging_mixin.py:188} INFO - [2024-03-21T01:09:49.485+0000] {dagbag.py:540} INFO - Filling up the DagBag from /home/airflow/.local/lib/python3.8/site-packages/airflow/example_dags/example_bash_operator.py
[2024-03-21T01:09:49.493+0000] {processor.py:840} INFO - DAG(s) 'example_bash_operator' retrieved from /home/airflow/.local/lib/python3.8/site-packages/airflow/example_dags/example_bash_operator.py
[2024-03-21T01:09:49.511+0000] {logging_mixin.py:188} INFO - [2024-03-21T01:09:49.510+0000] {dag.py:3047} INFO - Sync 1 DAGs
[2024-03-21T01:09:49.523+0000] {logging_mixin.py:188} INFO - [2024-03-21T01:09:49.523+0000] {dag.py:3834} INFO - Setting next_dagrun for example_bash_operator to 2024-03-21 00:00:00+00:00, run_after=2024-03-22 00:00:00+00:00
[2024-03-21T01:09:49.533+0000] {processor.py:183} INFO - Processing /home/airflow/.local/lib/python3.8/site-packages/airflow/example_dags/example_bash_operator.py took 0.051 seconds
