[2024-03-21T00:58:08.430+0000] {processor.py:161} INFO - Started process (PID=83) to work on /home/airflow/.local/lib/python3.8/site-packages/airflow/example_dags/example_sensors.py
[2024-03-21T00:58:08.431+0000] {processor.py:830} INFO - Processing file /home/airflow/.local/lib/python3.8/site-packages/airflow/example_dags/example_sensors.py for tasks to queue
[2024-03-21T00:58:08.432+0000] {logging_mixin.py:188} INFO - [2024-03-21T00:58:08.432+0000] {dagbag.py:540} INFO - Filling up the DagBag from /home/airflow/.local/lib/python3.8/site-packages/airflow/example_dags/example_sensors.py
[2024-03-21T00:58:08.437+0000] {processor.py:840} INFO - DAG(s) 'example_sensors' retrieved from /home/airflow/.local/lib/python3.8/site-packages/airflow/example_dags/example_sensors.py
[2024-03-21T00:58:08.450+0000] {logging_mixin.py:188} INFO - [2024-03-21T00:58:08.450+0000] {dag.py:3047} INFO - Sync 1 DAGs
[2024-03-21T00:58:08.456+0000] {logging_mixin.py:188} INFO - [2024-03-21T00:58:08.456+0000] {dag.py:3834} INFO - Setting next_dagrun for example_sensors to None, run_after=None
[2024-03-21T00:58:08.464+0000] {processor.py:183} INFO - Processing /home/airflow/.local/lib/python3.8/site-packages/airflow/example_dags/example_sensors.py took 0.037 seconds
[2024-03-21T00:58:39.196+0000] {processor.py:161} INFO - Started process (PID=142) to work on /home/airflow/.local/lib/python3.8/site-packages/airflow/example_dags/example_sensors.py
[2024-03-21T00:58:39.197+0000] {processor.py:830} INFO - Processing file /home/airflow/.local/lib/python3.8/site-packages/airflow/example_dags/example_sensors.py for tasks to queue
[2024-03-21T00:58:39.198+0000] {logging_mixin.py:188} INFO - [2024-03-21T00:58:39.197+0000] {dagbag.py:540} INFO - Filling up the DagBag from /home/airflow/.local/lib/python3.8/site-packages/airflow/example_dags/example_sensors.py
[2024-03-21T00:58:39.202+0000] {processor.py:840} INFO - DAG(s) 'example_sensors' retrieved from /home/airflow/.local/lib/python3.8/site-packages/airflow/example_dags/example_sensors.py
[2024-03-21T00:58:39.216+0000] {logging_mixin.py:188} INFO - [2024-03-21T00:58:39.216+0000] {dag.py:3047} INFO - Sync 1 DAGs
[2024-03-21T00:58:39.221+0000] {logging_mixin.py:188} INFO - [2024-03-21T00:58:39.221+0000] {dag.py:3834} INFO - Setting next_dagrun for example_sensors to None, run_after=None
[2024-03-21T00:58:39.228+0000] {processor.py:183} INFO - Processing /home/airflow/.local/lib/python3.8/site-packages/airflow/example_dags/example_sensors.py took 0.034 seconds
[2024-03-21T00:59:10.065+0000] {processor.py:161} INFO - Started process (PID=197) to work on /home/airflow/.local/lib/python3.8/site-packages/airflow/example_dags/example_sensors.py
[2024-03-21T00:59:10.065+0000] {processor.py:830} INFO - Processing file /home/airflow/.local/lib/python3.8/site-packages/airflow/example_dags/example_sensors.py for tasks to queue
[2024-03-21T00:59:10.066+0000] {logging_mixin.py:188} INFO - [2024-03-21T00:59:10.066+0000] {dagbag.py:540} INFO - Filling up the DagBag from /home/airflow/.local/lib/python3.8/site-packages/airflow/example_dags/example_sensors.py
[2024-03-21T00:59:10.071+0000] {processor.py:840} INFO - DAG(s) 'example_sensors' retrieved from /home/airflow/.local/lib/python3.8/site-packages/airflow/example_dags/example_sensors.py
[2024-03-21T00:59:10.084+0000] {logging_mixin.py:188} INFO - [2024-03-21T00:59:10.084+0000] {dag.py:3047} INFO - Sync 1 DAGs
[2024-03-21T00:59:10.090+0000] {logging_mixin.py:188} INFO - [2024-03-21T00:59:10.090+0000] {dag.py:3834} INFO - Setting next_dagrun for example_sensors to None, run_after=None
[2024-03-21T00:59:10.097+0000] {processor.py:183} INFO - Processing /home/airflow/.local/lib/python3.8/site-packages/airflow/example_dags/example_sensors.py took 0.034 seconds
[2024-03-21T00:59:40.654+0000] {processor.py:161} INFO - Started process (PID=252) to work on /home/airflow/.local/lib/python3.8/site-packages/airflow/example_dags/example_sensors.py
[2024-03-21T00:59:40.654+0000] {processor.py:830} INFO - Processing file /home/airflow/.local/lib/python3.8/site-packages/airflow/example_dags/example_sensors.py for tasks to queue
[2024-03-21T00:59:40.655+0000] {logging_mixin.py:188} INFO - [2024-03-21T00:59:40.655+0000] {dagbag.py:540} INFO - Filling up the DagBag from /home/airflow/.local/lib/python3.8/site-packages/airflow/example_dags/example_sensors.py
[2024-03-21T00:59:40.660+0000] {processor.py:840} INFO - DAG(s) 'example_sensors' retrieved from /home/airflow/.local/lib/python3.8/site-packages/airflow/example_dags/example_sensors.py
[2024-03-21T00:59:40.674+0000] {logging_mixin.py:188} INFO - [2024-03-21T00:59:40.674+0000] {dag.py:3047} INFO - Sync 1 DAGs
[2024-03-21T00:59:40.680+0000] {logging_mixin.py:188} INFO - [2024-03-21T00:59:40.679+0000] {dag.py:3834} INFO - Setting next_dagrun for example_sensors to None, run_after=None
[2024-03-21T00:59:40.688+0000] {processor.py:183} INFO - Processing /home/airflow/.local/lib/python3.8/site-packages/airflow/example_dags/example_sensors.py took 0.036 seconds
[2024-03-21T01:00:11.370+0000] {processor.py:161} INFO - Started process (PID=307) to work on /home/airflow/.local/lib/python3.8/site-packages/airflow/example_dags/example_sensors.py
[2024-03-21T01:00:11.371+0000] {processor.py:830} INFO - Processing file /home/airflow/.local/lib/python3.8/site-packages/airflow/example_dags/example_sensors.py for tasks to queue
[2024-03-21T01:00:11.372+0000] {logging_mixin.py:188} INFO - [2024-03-21T01:00:11.372+0000] {dagbag.py:540} INFO - Filling up the DagBag from /home/airflow/.local/lib/python3.8/site-packages/airflow/example_dags/example_sensors.py
[2024-03-21T01:00:11.377+0000] {processor.py:840} INFO - DAG(s) 'example_sensors' retrieved from /home/airflow/.local/lib/python3.8/site-packages/airflow/example_dags/example_sensors.py
[2024-03-21T01:00:11.390+0000] {logging_mixin.py:188} INFO - [2024-03-21T01:00:11.390+0000] {dag.py:3047} INFO - Sync 1 DAGs
[2024-03-21T01:00:11.396+0000] {logging_mixin.py:188} INFO - [2024-03-21T01:00:11.395+0000] {dag.py:3834} INFO - Setting next_dagrun for example_sensors to None, run_after=None
[2024-03-21T01:00:11.403+0000] {processor.py:183} INFO - Processing /home/airflow/.local/lib/python3.8/site-packages/airflow/example_dags/example_sensors.py took 0.034 seconds
[2024-03-21T01:00:42.187+0000] {processor.py:161} INFO - Started process (PID=362) to work on /home/airflow/.local/lib/python3.8/site-packages/airflow/example_dags/example_sensors.py
[2024-03-21T01:00:42.188+0000] {processor.py:830} INFO - Processing file /home/airflow/.local/lib/python3.8/site-packages/airflow/example_dags/example_sensors.py for tasks to queue
[2024-03-21T01:00:42.189+0000] {logging_mixin.py:188} INFO - [2024-03-21T01:00:42.189+0000] {dagbag.py:540} INFO - Filling up the DagBag from /home/airflow/.local/lib/python3.8/site-packages/airflow/example_dags/example_sensors.py
[2024-03-21T01:00:42.194+0000] {processor.py:840} INFO - DAG(s) 'example_sensors' retrieved from /home/airflow/.local/lib/python3.8/site-packages/airflow/example_dags/example_sensors.py
[2024-03-21T01:00:42.207+0000] {logging_mixin.py:188} INFO - [2024-03-21T01:00:42.207+0000] {dag.py:3047} INFO - Sync 1 DAGs
[2024-03-21T01:00:42.212+0000] {logging_mixin.py:188} INFO - [2024-03-21T01:00:42.212+0000] {dag.py:3834} INFO - Setting next_dagrun for example_sensors to None, run_after=None
[2024-03-21T01:00:42.219+0000] {processor.py:183} INFO - Processing /home/airflow/.local/lib/python3.8/site-packages/airflow/example_dags/example_sensors.py took 0.034 seconds
[2024-03-21T01:01:13.010+0000] {processor.py:161} INFO - Started process (PID=418) to work on /home/airflow/.local/lib/python3.8/site-packages/airflow/example_dags/example_sensors.py
[2024-03-21T01:01:13.011+0000] {processor.py:830} INFO - Processing file /home/airflow/.local/lib/python3.8/site-packages/airflow/example_dags/example_sensors.py for tasks to queue
[2024-03-21T01:01:13.012+0000] {logging_mixin.py:188} INFO - [2024-03-21T01:01:13.012+0000] {dagbag.py:540} INFO - Filling up the DagBag from /home/airflow/.local/lib/python3.8/site-packages/airflow/example_dags/example_sensors.py
[2024-03-21T01:01:13.017+0000] {processor.py:840} INFO - DAG(s) 'example_sensors' retrieved from /home/airflow/.local/lib/python3.8/site-packages/airflow/example_dags/example_sensors.py
[2024-03-21T01:01:13.033+0000] {logging_mixin.py:188} INFO - [2024-03-21T01:01:13.033+0000] {dag.py:3047} INFO - Sync 1 DAGs
[2024-03-21T01:01:13.040+0000] {logging_mixin.py:188} INFO - [2024-03-21T01:01:13.039+0000] {dag.py:3834} INFO - Setting next_dagrun for example_sensors to None, run_after=None
[2024-03-21T01:01:13.049+0000] {processor.py:183} INFO - Processing /home/airflow/.local/lib/python3.8/site-packages/airflow/example_dags/example_sensors.py took 0.041 seconds
[2024-03-21T01:01:43.696+0000] {processor.py:161} INFO - Started process (PID=473) to work on /home/airflow/.local/lib/python3.8/site-packages/airflow/example_dags/example_sensors.py
[2024-03-21T01:01:43.697+0000] {processor.py:830} INFO - Processing file /home/airflow/.local/lib/python3.8/site-packages/airflow/example_dags/example_sensors.py for tasks to queue
[2024-03-21T01:01:43.698+0000] {logging_mixin.py:188} INFO - [2024-03-21T01:01:43.697+0000] {dagbag.py:540} INFO - Filling up the DagBag from /home/airflow/.local/lib/python3.8/site-packages/airflow/example_dags/example_sensors.py
[2024-03-21T01:01:43.704+0000] {processor.py:840} INFO - DAG(s) 'example_sensors' retrieved from /home/airflow/.local/lib/python3.8/site-packages/airflow/example_dags/example_sensors.py
[2024-03-21T01:01:43.718+0000] {logging_mixin.py:188} INFO - [2024-03-21T01:01:43.718+0000] {dag.py:3047} INFO - Sync 1 DAGs
[2024-03-21T01:01:43.724+0000] {logging_mixin.py:188} INFO - [2024-03-21T01:01:43.724+0000] {dag.py:3834} INFO - Setting next_dagrun for example_sensors to None, run_after=None
[2024-03-21T01:01:43.732+0000] {processor.py:183} INFO - Processing /home/airflow/.local/lib/python3.8/site-packages/airflow/example_dags/example_sensors.py took 0.038 seconds
[2024-03-21T01:02:14.701+0000] {processor.py:161} INFO - Started process (PID=528) to work on /home/airflow/.local/lib/python3.8/site-packages/airflow/example_dags/example_sensors.py
[2024-03-21T01:02:14.701+0000] {processor.py:830} INFO - Processing file /home/airflow/.local/lib/python3.8/site-packages/airflow/example_dags/example_sensors.py for tasks to queue
[2024-03-21T01:02:14.702+0000] {logging_mixin.py:188} INFO - [2024-03-21T01:02:14.702+0000] {dagbag.py:540} INFO - Filling up the DagBag from /home/airflow/.local/lib/python3.8/site-packages/airflow/example_dags/example_sensors.py
[2024-03-21T01:02:14.707+0000] {processor.py:840} INFO - DAG(s) 'example_sensors' retrieved from /home/airflow/.local/lib/python3.8/site-packages/airflow/example_dags/example_sensors.py
[2024-03-21T01:02:14.722+0000] {logging_mixin.py:188} INFO - [2024-03-21T01:02:14.722+0000] {dag.py:3047} INFO - Sync 1 DAGs
[2024-03-21T01:02:14.727+0000] {logging_mixin.py:188} INFO - [2024-03-21T01:02:14.727+0000] {dag.py:3834} INFO - Setting next_dagrun for example_sensors to None, run_after=None
[2024-03-21T01:02:14.735+0000] {processor.py:183} INFO - Processing /home/airflow/.local/lib/python3.8/site-packages/airflow/example_dags/example_sensors.py took 0.036 seconds
[2024-03-21T01:02:45.561+0000] {processor.py:161} INFO - Started process (PID=583) to work on /home/airflow/.local/lib/python3.8/site-packages/airflow/example_dags/example_sensors.py
[2024-03-21T01:02:45.561+0000] {processor.py:830} INFO - Processing file /home/airflow/.local/lib/python3.8/site-packages/airflow/example_dags/example_sensors.py for tasks to queue
[2024-03-21T01:02:45.562+0000] {logging_mixin.py:188} INFO - [2024-03-21T01:02:45.562+0000] {dagbag.py:540} INFO - Filling up the DagBag from /home/airflow/.local/lib/python3.8/site-packages/airflow/example_dags/example_sensors.py
[2024-03-21T01:02:45.567+0000] {processor.py:840} INFO - DAG(s) 'example_sensors' retrieved from /home/airflow/.local/lib/python3.8/site-packages/airflow/example_dags/example_sensors.py
[2024-03-21T01:02:45.581+0000] {logging_mixin.py:188} INFO - [2024-03-21T01:02:45.580+0000] {dag.py:3047} INFO - Sync 1 DAGs
[2024-03-21T01:02:45.586+0000] {logging_mixin.py:188} INFO - [2024-03-21T01:02:45.586+0000] {dag.py:3834} INFO - Setting next_dagrun for example_sensors to None, run_after=None
[2024-03-21T01:02:45.594+0000] {processor.py:183} INFO - Processing /home/airflow/.local/lib/python3.8/site-packages/airflow/example_dags/example_sensors.py took 0.035 seconds
[2024-03-21T01:03:16.361+0000] {processor.py:161} INFO - Started process (PID=638) to work on /home/airflow/.local/lib/python3.8/site-packages/airflow/example_dags/example_sensors.py
[2024-03-21T01:03:16.361+0000] {processor.py:830} INFO - Processing file /home/airflow/.local/lib/python3.8/site-packages/airflow/example_dags/example_sensors.py for tasks to queue
[2024-03-21T01:03:16.362+0000] {logging_mixin.py:188} INFO - [2024-03-21T01:03:16.362+0000] {dagbag.py:540} INFO - Filling up the DagBag from /home/airflow/.local/lib/python3.8/site-packages/airflow/example_dags/example_sensors.py
[2024-03-21T01:03:16.367+0000] {processor.py:840} INFO - DAG(s) 'example_sensors' retrieved from /home/airflow/.local/lib/python3.8/site-packages/airflow/example_dags/example_sensors.py
[2024-03-21T01:03:16.380+0000] {logging_mixin.py:188} INFO - [2024-03-21T01:03:16.380+0000] {dag.py:3047} INFO - Sync 1 DAGs
[2024-03-21T01:03:16.385+0000] {logging_mixin.py:188} INFO - [2024-03-21T01:03:16.385+0000] {dag.py:3834} INFO - Setting next_dagrun for example_sensors to None, run_after=None
[2024-03-21T01:03:16.393+0000] {processor.py:183} INFO - Processing /home/airflow/.local/lib/python3.8/site-packages/airflow/example_dags/example_sensors.py took 0.034 seconds
[2024-03-21T01:03:47.071+0000] {processor.py:161} INFO - Started process (PID=693) to work on /home/airflow/.local/lib/python3.8/site-packages/airflow/example_dags/example_sensors.py
[2024-03-21T01:03:47.072+0000] {processor.py:830} INFO - Processing file /home/airflow/.local/lib/python3.8/site-packages/airflow/example_dags/example_sensors.py for tasks to queue
[2024-03-21T01:03:47.073+0000] {logging_mixin.py:188} INFO - [2024-03-21T01:03:47.073+0000] {dagbag.py:540} INFO - Filling up the DagBag from /home/airflow/.local/lib/python3.8/site-packages/airflow/example_dags/example_sensors.py
[2024-03-21T01:03:47.078+0000] {processor.py:840} INFO - DAG(s) 'example_sensors' retrieved from /home/airflow/.local/lib/python3.8/site-packages/airflow/example_dags/example_sensors.py
[2024-03-21T01:03:47.091+0000] {logging_mixin.py:188} INFO - [2024-03-21T01:03:47.091+0000] {dag.py:3047} INFO - Sync 1 DAGs
[2024-03-21T01:03:47.097+0000] {logging_mixin.py:188} INFO - [2024-03-21T01:03:47.097+0000] {dag.py:3834} INFO - Setting next_dagrun for example_sensors to None, run_after=None
[2024-03-21T01:03:47.104+0000] {processor.py:183} INFO - Processing /home/airflow/.local/lib/python3.8/site-packages/airflow/example_dags/example_sensors.py took 0.035 seconds
[2024-03-21T01:04:17.809+0000] {processor.py:161} INFO - Started process (PID=748) to work on /home/airflow/.local/lib/python3.8/site-packages/airflow/example_dags/example_sensors.py
[2024-03-21T01:04:17.810+0000] {processor.py:830} INFO - Processing file /home/airflow/.local/lib/python3.8/site-packages/airflow/example_dags/example_sensors.py for tasks to queue
[2024-03-21T01:04:17.811+0000] {logging_mixin.py:188} INFO - [2024-03-21T01:04:17.811+0000] {dagbag.py:540} INFO - Filling up the DagBag from /home/airflow/.local/lib/python3.8/site-packages/airflow/example_dags/example_sensors.py
[2024-03-21T01:04:17.816+0000] {processor.py:840} INFO - DAG(s) 'example_sensors' retrieved from /home/airflow/.local/lib/python3.8/site-packages/airflow/example_dags/example_sensors.py
[2024-03-21T01:04:17.829+0000] {logging_mixin.py:188} INFO - [2024-03-21T01:04:17.829+0000] {dag.py:3047} INFO - Sync 1 DAGs
[2024-03-21T01:04:17.834+0000] {logging_mixin.py:188} INFO - [2024-03-21T01:04:17.834+0000] {dag.py:3834} INFO - Setting next_dagrun for example_sensors to None, run_after=None
[2024-03-21T01:04:17.841+0000] {processor.py:183} INFO - Processing /home/airflow/.local/lib/python3.8/site-packages/airflow/example_dags/example_sensors.py took 0.034 seconds
[2024-03-21T01:04:48.882+0000] {processor.py:161} INFO - Started process (PID=803) to work on /home/airflow/.local/lib/python3.8/site-packages/airflow/example_dags/example_sensors.py
[2024-03-21T01:04:48.882+0000] {processor.py:830} INFO - Processing file /home/airflow/.local/lib/python3.8/site-packages/airflow/example_dags/example_sensors.py for tasks to queue
[2024-03-21T01:04:48.883+0000] {logging_mixin.py:188} INFO - [2024-03-21T01:04:48.883+0000] {dagbag.py:540} INFO - Filling up the DagBag from /home/airflow/.local/lib/python3.8/site-packages/airflow/example_dags/example_sensors.py
[2024-03-21T01:04:48.888+0000] {processor.py:840} INFO - DAG(s) 'example_sensors' retrieved from /home/airflow/.local/lib/python3.8/site-packages/airflow/example_dags/example_sensors.py
[2024-03-21T01:04:48.902+0000] {logging_mixin.py:188} INFO - [2024-03-21T01:04:48.902+0000] {dag.py:3047} INFO - Sync 1 DAGs
[2024-03-21T01:04:48.907+0000] {logging_mixin.py:188} INFO - [2024-03-21T01:04:48.907+0000] {dag.py:3834} INFO - Setting next_dagrun for example_sensors to None, run_after=None
[2024-03-21T01:04:48.914+0000] {processor.py:183} INFO - Processing /home/airflow/.local/lib/python3.8/site-packages/airflow/example_dags/example_sensors.py took 0.034 seconds
[2024-03-21T01:05:18.951+0000] {processor.py:161} INFO - Started process (PID=858) to work on /home/airflow/.local/lib/python3.8/site-packages/airflow/example_dags/example_sensors.py
[2024-03-21T01:05:18.951+0000] {processor.py:830} INFO - Processing file /home/airflow/.local/lib/python3.8/site-packages/airflow/example_dags/example_sensors.py for tasks to queue
[2024-03-21T01:05:18.953+0000] {logging_mixin.py:188} INFO - [2024-03-21T01:05:18.952+0000] {dagbag.py:540} INFO - Filling up the DagBag from /home/airflow/.local/lib/python3.8/site-packages/airflow/example_dags/example_sensors.py
[2024-03-21T01:05:18.957+0000] {processor.py:840} INFO - DAG(s) 'example_sensors' retrieved from /home/airflow/.local/lib/python3.8/site-packages/airflow/example_dags/example_sensors.py
[2024-03-21T01:05:18.971+0000] {logging_mixin.py:188} INFO - [2024-03-21T01:05:18.971+0000] {dag.py:3047} INFO - Sync 1 DAGs
[2024-03-21T01:05:18.976+0000] {logging_mixin.py:188} INFO - [2024-03-21T01:05:18.976+0000] {dag.py:3834} INFO - Setting next_dagrun for example_sensors to None, run_after=None
[2024-03-21T01:05:18.985+0000] {processor.py:183} INFO - Processing /home/airflow/.local/lib/python3.8/site-packages/airflow/example_dags/example_sensors.py took 0.036 seconds
[2024-03-21T01:05:49.878+0000] {processor.py:161} INFO - Started process (PID=913) to work on /home/airflow/.local/lib/python3.8/site-packages/airflow/example_dags/example_sensors.py
[2024-03-21T01:05:49.879+0000] {processor.py:830} INFO - Processing file /home/airflow/.local/lib/python3.8/site-packages/airflow/example_dags/example_sensors.py for tasks to queue
[2024-03-21T01:05:49.880+0000] {logging_mixin.py:188} INFO - [2024-03-21T01:05:49.880+0000] {dagbag.py:540} INFO - Filling up the DagBag from /home/airflow/.local/lib/python3.8/site-packages/airflow/example_dags/example_sensors.py
[2024-03-21T01:05:49.887+0000] {processor.py:840} INFO - DAG(s) 'example_sensors' retrieved from /home/airflow/.local/lib/python3.8/site-packages/airflow/example_dags/example_sensors.py
[2024-03-21T01:05:49.905+0000] {logging_mixin.py:188} INFO - [2024-03-21T01:05:49.904+0000] {dag.py:3047} INFO - Sync 1 DAGs
[2024-03-21T01:05:49.915+0000] {logging_mixin.py:188} INFO - [2024-03-21T01:05:49.914+0000] {dag.py:3834} INFO - Setting next_dagrun for example_sensors to None, run_after=None
[2024-03-21T01:05:49.927+0000] {processor.py:183} INFO - Processing /home/airflow/.local/lib/python3.8/site-packages/airflow/example_dags/example_sensors.py took 0.052 seconds
[2024-03-21T01:06:20.193+0000] {processor.py:161} INFO - Started process (PID=968) to work on /home/airflow/.local/lib/python3.8/site-packages/airflow/example_dags/example_sensors.py
[2024-03-21T01:06:20.194+0000] {processor.py:830} INFO - Processing file /home/airflow/.local/lib/python3.8/site-packages/airflow/example_dags/example_sensors.py for tasks to queue
[2024-03-21T01:06:20.195+0000] {logging_mixin.py:188} INFO - [2024-03-21T01:06:20.195+0000] {dagbag.py:540} INFO - Filling up the DagBag from /home/airflow/.local/lib/python3.8/site-packages/airflow/example_dags/example_sensors.py
[2024-03-21T01:06:20.200+0000] {processor.py:840} INFO - DAG(s) 'example_sensors' retrieved from /home/airflow/.local/lib/python3.8/site-packages/airflow/example_dags/example_sensors.py
[2024-03-21T01:06:20.216+0000] {logging_mixin.py:188} INFO - [2024-03-21T01:06:20.215+0000] {dag.py:3047} INFO - Sync 1 DAGs
[2024-03-21T01:06:20.222+0000] {logging_mixin.py:188} INFO - [2024-03-21T01:06:20.221+0000] {dag.py:3834} INFO - Setting next_dagrun for example_sensors to None, run_after=None
[2024-03-21T01:06:20.230+0000] {processor.py:183} INFO - Processing /home/airflow/.local/lib/python3.8/site-packages/airflow/example_dags/example_sensors.py took 0.039 seconds
[2024-03-21T01:06:51.194+0000] {processor.py:161} INFO - Started process (PID=1023) to work on /home/airflow/.local/lib/python3.8/site-packages/airflow/example_dags/example_sensors.py
[2024-03-21T01:06:51.195+0000] {processor.py:830} INFO - Processing file /home/airflow/.local/lib/python3.8/site-packages/airflow/example_dags/example_sensors.py for tasks to queue
[2024-03-21T01:06:51.196+0000] {logging_mixin.py:188} INFO - [2024-03-21T01:06:51.195+0000] {dagbag.py:540} INFO - Filling up the DagBag from /home/airflow/.local/lib/python3.8/site-packages/airflow/example_dags/example_sensors.py
[2024-03-21T01:06:51.201+0000] {processor.py:840} INFO - DAG(s) 'example_sensors' retrieved from /home/airflow/.local/lib/python3.8/site-packages/airflow/example_dags/example_sensors.py
[2024-03-21T01:06:51.215+0000] {logging_mixin.py:188} INFO - [2024-03-21T01:06:51.215+0000] {dag.py:3047} INFO - Sync 1 DAGs
[2024-03-21T01:06:51.221+0000] {logging_mixin.py:188} INFO - [2024-03-21T01:06:51.220+0000] {dag.py:3834} INFO - Setting next_dagrun for example_sensors to None, run_after=None
[2024-03-21T01:06:51.229+0000] {processor.py:183} INFO - Processing /home/airflow/.local/lib/python3.8/site-packages/airflow/example_dags/example_sensors.py took 0.037 seconds
[2024-03-21T01:07:22.108+0000] {processor.py:161} INFO - Started process (PID=1078) to work on /home/airflow/.local/lib/python3.8/site-packages/airflow/example_dags/example_sensors.py
[2024-03-21T01:07:22.109+0000] {processor.py:830} INFO - Processing file /home/airflow/.local/lib/python3.8/site-packages/airflow/example_dags/example_sensors.py for tasks to queue
[2024-03-21T01:07:22.110+0000] {logging_mixin.py:188} INFO - [2024-03-21T01:07:22.110+0000] {dagbag.py:540} INFO - Filling up the DagBag from /home/airflow/.local/lib/python3.8/site-packages/airflow/example_dags/example_sensors.py
[2024-03-21T01:07:22.115+0000] {processor.py:840} INFO - DAG(s) 'example_sensors' retrieved from /home/airflow/.local/lib/python3.8/site-packages/airflow/example_dags/example_sensors.py
[2024-03-21T01:07:22.130+0000] {logging_mixin.py:188} INFO - [2024-03-21T01:07:22.130+0000] {dag.py:3047} INFO - Sync 1 DAGs
[2024-03-21T01:07:22.136+0000] {logging_mixin.py:188} INFO - [2024-03-21T01:07:22.136+0000] {dag.py:3834} INFO - Setting next_dagrun for example_sensors to None, run_after=None
[2024-03-21T01:07:22.144+0000] {processor.py:183} INFO - Processing /home/airflow/.local/lib/python3.8/site-packages/airflow/example_dags/example_sensors.py took 0.038 seconds
[2024-03-21T01:07:52.383+0000] {processor.py:161} INFO - Started process (PID=1133) to work on /home/airflow/.local/lib/python3.8/site-packages/airflow/example_dags/example_sensors.py
[2024-03-21T01:07:52.384+0000] {processor.py:830} INFO - Processing file /home/airflow/.local/lib/python3.8/site-packages/airflow/example_dags/example_sensors.py for tasks to queue
[2024-03-21T01:07:52.385+0000] {logging_mixin.py:188} INFO - [2024-03-21T01:07:52.385+0000] {dagbag.py:540} INFO - Filling up the DagBag from /home/airflow/.local/lib/python3.8/site-packages/airflow/example_dags/example_sensors.py
[2024-03-21T01:07:52.390+0000] {processor.py:840} INFO - DAG(s) 'example_sensors' retrieved from /home/airflow/.local/lib/python3.8/site-packages/airflow/example_dags/example_sensors.py
[2024-03-21T01:07:52.406+0000] {logging_mixin.py:188} INFO - [2024-03-21T01:07:52.406+0000] {dag.py:3047} INFO - Sync 1 DAGs
[2024-03-21T01:07:52.414+0000] {logging_mixin.py:188} INFO - [2024-03-21T01:07:52.414+0000] {dag.py:3834} INFO - Setting next_dagrun for example_sensors to None, run_after=None
[2024-03-21T01:07:52.425+0000] {processor.py:183} INFO - Processing /home/airflow/.local/lib/python3.8/site-packages/airflow/example_dags/example_sensors.py took 0.044 seconds
[2024-03-21T01:08:22.686+0000] {processor.py:161} INFO - Started process (PID=1188) to work on /home/airflow/.local/lib/python3.8/site-packages/airflow/example_dags/example_sensors.py
[2024-03-21T01:08:22.687+0000] {processor.py:830} INFO - Processing file /home/airflow/.local/lib/python3.8/site-packages/airflow/example_dags/example_sensors.py for tasks to queue
[2024-03-21T01:08:22.688+0000] {logging_mixin.py:188} INFO - [2024-03-21T01:08:22.688+0000] {dagbag.py:540} INFO - Filling up the DagBag from /home/airflow/.local/lib/python3.8/site-packages/airflow/example_dags/example_sensors.py
[2024-03-21T01:08:22.693+0000] {processor.py:840} INFO - DAG(s) 'example_sensors' retrieved from /home/airflow/.local/lib/python3.8/site-packages/airflow/example_dags/example_sensors.py
[2024-03-21T01:08:22.708+0000] {logging_mixin.py:188} INFO - [2024-03-21T01:08:22.708+0000] {dag.py:3047} INFO - Sync 1 DAGs
[2024-03-21T01:08:22.715+0000] {logging_mixin.py:188} INFO - [2024-03-21T01:08:22.715+0000] {dag.py:3834} INFO - Setting next_dagrun for example_sensors to None, run_after=None
[2024-03-21T01:08:22.724+0000] {processor.py:183} INFO - Processing /home/airflow/.local/lib/python3.8/site-packages/airflow/example_dags/example_sensors.py took 0.040 seconds
[2024-03-21T01:08:52.902+0000] {processor.py:161} INFO - Started process (PID=1243) to work on /home/airflow/.local/lib/python3.8/site-packages/airflow/example_dags/example_sensors.py
[2024-03-21T01:08:52.902+0000] {processor.py:830} INFO - Processing file /home/airflow/.local/lib/python3.8/site-packages/airflow/example_dags/example_sensors.py for tasks to queue
[2024-03-21T01:08:52.904+0000] {logging_mixin.py:188} INFO - [2024-03-21T01:08:52.904+0000] {dagbag.py:540} INFO - Filling up the DagBag from /home/airflow/.local/lib/python3.8/site-packages/airflow/example_dags/example_sensors.py
[2024-03-21T01:08:52.909+0000] {processor.py:840} INFO - DAG(s) 'example_sensors' retrieved from /home/airflow/.local/lib/python3.8/site-packages/airflow/example_dags/example_sensors.py
[2024-03-21T01:08:52.924+0000] {logging_mixin.py:188} INFO - [2024-03-21T01:08:52.924+0000] {dag.py:3047} INFO - Sync 1 DAGs
[2024-03-21T01:08:52.931+0000] {logging_mixin.py:188} INFO - [2024-03-21T01:08:52.931+0000] {dag.py:3834} INFO - Setting next_dagrun for example_sensors to None, run_after=None
[2024-03-21T01:08:52.940+0000] {processor.py:183} INFO - Processing /home/airflow/.local/lib/python3.8/site-packages/airflow/example_dags/example_sensors.py took 0.040 seconds
[2024-03-21T01:09:23.125+0000] {processor.py:161} INFO - Started process (PID=1298) to work on /home/airflow/.local/lib/python3.8/site-packages/airflow/example_dags/example_sensors.py
[2024-03-21T01:09:23.127+0000] {processor.py:830} INFO - Processing file /home/airflow/.local/lib/python3.8/site-packages/airflow/example_dags/example_sensors.py for tasks to queue
[2024-03-21T01:09:23.130+0000] {logging_mixin.py:188} INFO - [2024-03-21T01:09:23.130+0000] {dagbag.py:540} INFO - Filling up the DagBag from /home/airflow/.local/lib/python3.8/site-packages/airflow/example_dags/example_sensors.py
[2024-03-21T01:09:23.137+0000] {processor.py:840} INFO - DAG(s) 'example_sensors' retrieved from /home/airflow/.local/lib/python3.8/site-packages/airflow/example_dags/example_sensors.py
[2024-03-21T01:09:23.154+0000] {logging_mixin.py:188} INFO - [2024-03-21T01:09:23.154+0000] {dag.py:3047} INFO - Sync 1 DAGs
[2024-03-21T01:09:23.160+0000] {logging_mixin.py:188} INFO - [2024-03-21T01:09:23.160+0000] {dag.py:3834} INFO - Setting next_dagrun for example_sensors to None, run_after=None
[2024-03-21T01:09:23.170+0000] {processor.py:183} INFO - Processing /home/airflow/.local/lib/python3.8/site-packages/airflow/example_dags/example_sensors.py took 0.047 seconds
[2024-03-21T01:09:53.271+0000] {processor.py:161} INFO - Started process (PID=1353) to work on /home/airflow/.local/lib/python3.8/site-packages/airflow/example_dags/example_sensors.py
[2024-03-21T01:09:53.271+0000] {processor.py:830} INFO - Processing file /home/airflow/.local/lib/python3.8/site-packages/airflow/example_dags/example_sensors.py for tasks to queue
[2024-03-21T01:09:53.272+0000] {logging_mixin.py:188} INFO - [2024-03-21T01:09:53.272+0000] {dagbag.py:540} INFO - Filling up the DagBag from /home/airflow/.local/lib/python3.8/site-packages/airflow/example_dags/example_sensors.py
[2024-03-21T01:09:53.277+0000] {processor.py:840} INFO - DAG(s) 'example_sensors' retrieved from /home/airflow/.local/lib/python3.8/site-packages/airflow/example_dags/example_sensors.py
[2024-03-21T01:09:53.292+0000] {logging_mixin.py:188} INFO - [2024-03-21T01:09:53.292+0000] {dag.py:3047} INFO - Sync 1 DAGs
[2024-03-21T01:09:53.298+0000] {logging_mixin.py:188} INFO - [2024-03-21T01:09:53.298+0000] {dag.py:3834} INFO - Setting next_dagrun for example_sensors to None, run_after=None
[2024-03-21T01:09:53.307+0000] {processor.py:183} INFO - Processing /home/airflow/.local/lib/python3.8/site-packages/airflow/example_dags/example_sensors.py took 0.039 seconds
