[2024-03-21T00:58:08.373+0000] {processor.py:161} INFO - Started process (PID=81) to work on /home/airflow/.local/lib/python3.8/site-packages/airflow/example_dags/example_latest_only.py
[2024-03-21T00:58:08.374+0000] {processor.py:830} INFO - Processing file /home/airflow/.local/lib/python3.8/site-packages/airflow/example_dags/example_latest_only.py for tasks to queue
[2024-03-21T00:58:08.375+0000] {logging_mixin.py:188} INFO - [2024-03-21T00:58:08.375+0000] {dagbag.py:540} INFO - Filling up the DagBag from /home/airflow/.local/lib/python3.8/site-packages/airflow/example_dags/example_latest_only.py
[2024-03-21T00:58:08.378+0000] {processor.py:840} INFO - DAG(s) 'latest_only' retrieved from /home/airflow/.local/lib/python3.8/site-packages/airflow/example_dags/example_latest_only.py
[2024-03-21T00:58:08.391+0000] {logging_mixin.py:188} INFO - [2024-03-21T00:58:08.391+0000] {dag.py:3047} INFO - Sync 1 DAGs
[2024-03-21T00:58:08.401+0000] {logging_mixin.py:188} INFO - [2024-03-21T00:58:08.401+0000] {dag.py:3834} INFO - Setting next_dagrun for latest_only to 2024-03-20 20:00:00+00:00, run_after=2024-03-21 00:00:00+00:00
[2024-03-21T00:58:08.413+0000] {processor.py:183} INFO - Processing /home/airflow/.local/lib/python3.8/site-packages/airflow/example_dags/example_latest_only.py took 0.042 seconds
[2024-03-21T00:58:39.150+0000] {processor.py:161} INFO - Started process (PID=140) to work on /home/airflow/.local/lib/python3.8/site-packages/airflow/example_dags/example_latest_only.py
[2024-03-21T00:58:39.151+0000] {processor.py:830} INFO - Processing file /home/airflow/.local/lib/python3.8/site-packages/airflow/example_dags/example_latest_only.py for tasks to queue
[2024-03-21T00:58:39.152+0000] {logging_mixin.py:188} INFO - [2024-03-21T00:58:39.152+0000] {dagbag.py:540} INFO - Filling up the DagBag from /home/airflow/.local/lib/python3.8/site-packages/airflow/example_dags/example_latest_only.py
[2024-03-21T00:58:39.155+0000] {processor.py:840} INFO - DAG(s) 'latest_only' retrieved from /home/airflow/.local/lib/python3.8/site-packages/airflow/example_dags/example_latest_only.py
[2024-03-21T00:58:39.166+0000] {logging_mixin.py:188} INFO - [2024-03-21T00:58:39.166+0000] {dag.py:3047} INFO - Sync 1 DAGs
[2024-03-21T00:58:39.176+0000] {logging_mixin.py:188} INFO - [2024-03-21T00:58:39.176+0000] {dag.py:3834} INFO - Setting next_dagrun for latest_only to 2024-03-20 20:00:00+00:00, run_after=2024-03-21 00:00:00+00:00
[2024-03-21T00:58:39.184+0000] {processor.py:183} INFO - Processing /home/airflow/.local/lib/python3.8/site-packages/airflow/example_dags/example_latest_only.py took 0.035 seconds
[2024-03-21T00:59:10.017+0000] {processor.py:161} INFO - Started process (PID=195) to work on /home/airflow/.local/lib/python3.8/site-packages/airflow/example_dags/example_latest_only.py
[2024-03-21T00:59:10.018+0000] {processor.py:830} INFO - Processing file /home/airflow/.local/lib/python3.8/site-packages/airflow/example_dags/example_latest_only.py for tasks to queue
[2024-03-21T00:59:10.019+0000] {logging_mixin.py:188} INFO - [2024-03-21T00:59:10.019+0000] {dagbag.py:540} INFO - Filling up the DagBag from /home/airflow/.local/lib/python3.8/site-packages/airflow/example_dags/example_latest_only.py
[2024-03-21T00:59:10.022+0000] {processor.py:840} INFO - DAG(s) 'latest_only' retrieved from /home/airflow/.local/lib/python3.8/site-packages/airflow/example_dags/example_latest_only.py
[2024-03-21T00:59:10.033+0000] {logging_mixin.py:188} INFO - [2024-03-21T00:59:10.033+0000] {dag.py:3047} INFO - Sync 1 DAGs
[2024-03-21T00:59:10.043+0000] {logging_mixin.py:188} INFO - [2024-03-21T00:59:10.043+0000] {dag.py:3834} INFO - Setting next_dagrun for latest_only to 2024-03-20 20:00:00+00:00, run_after=2024-03-21 00:00:00+00:00
[2024-03-21T00:59:10.051+0000] {processor.py:183} INFO - Processing /home/airflow/.local/lib/python3.8/site-packages/airflow/example_dags/example_latest_only.py took 0.036 seconds
[2024-03-21T00:59:40.606+0000] {processor.py:161} INFO - Started process (PID=250) to work on /home/airflow/.local/lib/python3.8/site-packages/airflow/example_dags/example_latest_only.py
[2024-03-21T00:59:40.607+0000] {processor.py:830} INFO - Processing file /home/airflow/.local/lib/python3.8/site-packages/airflow/example_dags/example_latest_only.py for tasks to queue
[2024-03-21T00:59:40.608+0000] {logging_mixin.py:188} INFO - [2024-03-21T00:59:40.608+0000] {dagbag.py:540} INFO - Filling up the DagBag from /home/airflow/.local/lib/python3.8/site-packages/airflow/example_dags/example_latest_only.py
[2024-03-21T00:59:40.612+0000] {processor.py:840} INFO - DAG(s) 'latest_only' retrieved from /home/airflow/.local/lib/python3.8/site-packages/airflow/example_dags/example_latest_only.py
[2024-03-21T00:59:40.624+0000] {logging_mixin.py:188} INFO - [2024-03-21T00:59:40.624+0000] {dag.py:3047} INFO - Sync 1 DAGs
[2024-03-21T00:59:40.634+0000] {logging_mixin.py:188} INFO - [2024-03-21T00:59:40.634+0000] {dag.py:3834} INFO - Setting next_dagrun for latest_only to 2024-03-20 20:00:00+00:00, run_after=2024-03-21 00:00:00+00:00
[2024-03-21T00:59:40.641+0000] {processor.py:183} INFO - Processing /home/airflow/.local/lib/python3.8/site-packages/airflow/example_dags/example_latest_only.py took 0.037 seconds
[2024-03-21T01:00:11.324+0000] {processor.py:161} INFO - Started process (PID=305) to work on /home/airflow/.local/lib/python3.8/site-packages/airflow/example_dags/example_latest_only.py
[2024-03-21T01:00:11.324+0000] {processor.py:830} INFO - Processing file /home/airflow/.local/lib/python3.8/site-packages/airflow/example_dags/example_latest_only.py for tasks to queue
[2024-03-21T01:00:11.325+0000] {logging_mixin.py:188} INFO - [2024-03-21T01:00:11.325+0000] {dagbag.py:540} INFO - Filling up the DagBag from /home/airflow/.local/lib/python3.8/site-packages/airflow/example_dags/example_latest_only.py
[2024-03-21T01:00:11.328+0000] {processor.py:840} INFO - DAG(s) 'latest_only' retrieved from /home/airflow/.local/lib/python3.8/site-packages/airflow/example_dags/example_latest_only.py
[2024-03-21T01:00:11.340+0000] {logging_mixin.py:188} INFO - [2024-03-21T01:00:11.340+0000] {dag.py:3047} INFO - Sync 1 DAGs
[2024-03-21T01:00:11.350+0000] {logging_mixin.py:188} INFO - [2024-03-21T01:00:11.350+0000] {dag.py:3834} INFO - Setting next_dagrun for latest_only to 2024-03-20 20:00:00+00:00, run_after=2024-03-21 00:00:00+00:00
[2024-03-21T01:00:11.357+0000] {processor.py:183} INFO - Processing /home/airflow/.local/lib/python3.8/site-packages/airflow/example_dags/example_latest_only.py took 0.035 seconds
[2024-03-21T01:00:42.141+0000] {processor.py:161} INFO - Started process (PID=360) to work on /home/airflow/.local/lib/python3.8/site-packages/airflow/example_dags/example_latest_only.py
[2024-03-21T01:00:42.142+0000] {processor.py:830} INFO - Processing file /home/airflow/.local/lib/python3.8/site-packages/airflow/example_dags/example_latest_only.py for tasks to queue
[2024-03-21T01:00:42.143+0000] {logging_mixin.py:188} INFO - [2024-03-21T01:00:42.143+0000] {dagbag.py:540} INFO - Filling up the DagBag from /home/airflow/.local/lib/python3.8/site-packages/airflow/example_dags/example_latest_only.py
[2024-03-21T01:00:42.146+0000] {processor.py:840} INFO - DAG(s) 'latest_only' retrieved from /home/airflow/.local/lib/python3.8/site-packages/airflow/example_dags/example_latest_only.py
[2024-03-21T01:00:42.158+0000] {logging_mixin.py:188} INFO - [2024-03-21T01:00:42.158+0000] {dag.py:3047} INFO - Sync 1 DAGs
[2024-03-21T01:00:42.168+0000] {logging_mixin.py:188} INFO - [2024-03-21T01:00:42.168+0000] {dag.py:3834} INFO - Setting next_dagrun for latest_only to 2024-03-20 20:00:00+00:00, run_after=2024-03-21 00:00:00+00:00
[2024-03-21T01:00:42.175+0000] {processor.py:183} INFO - Processing /home/airflow/.local/lib/python3.8/site-packages/airflow/example_dags/example_latest_only.py took 0.036 seconds
[2024-03-21T01:01:12.944+0000] {processor.py:161} INFO - Started process (PID=416) to work on /home/airflow/.local/lib/python3.8/site-packages/airflow/example_dags/example_latest_only.py
[2024-03-21T01:01:12.945+0000] {processor.py:830} INFO - Processing file /home/airflow/.local/lib/python3.8/site-packages/airflow/example_dags/example_latest_only.py for tasks to queue
[2024-03-21T01:01:12.946+0000] {logging_mixin.py:188} INFO - [2024-03-21T01:01:12.946+0000] {dagbag.py:540} INFO - Filling up the DagBag from /home/airflow/.local/lib/python3.8/site-packages/airflow/example_dags/example_latest_only.py
[2024-03-21T01:01:12.950+0000] {processor.py:840} INFO - DAG(s) 'latest_only' retrieved from /home/airflow/.local/lib/python3.8/site-packages/airflow/example_dags/example_latest_only.py
[2024-03-21T01:01:12.962+0000] {logging_mixin.py:188} INFO - [2024-03-21T01:01:12.962+0000] {dag.py:3047} INFO - Sync 1 DAGs
[2024-03-21T01:01:12.973+0000] {logging_mixin.py:188} INFO - [2024-03-21T01:01:12.973+0000] {dag.py:3834} INFO - Setting next_dagrun for latest_only to 2024-03-20 20:00:00+00:00, run_after=2024-03-21 00:00:00+00:00
[2024-03-21T01:01:12.981+0000] {processor.py:183} INFO - Processing /home/airflow/.local/lib/python3.8/site-packages/airflow/example_dags/example_latest_only.py took 0.039 seconds
[2024-03-21T01:01:43.649+0000] {processor.py:161} INFO - Started process (PID=471) to work on /home/airflow/.local/lib/python3.8/site-packages/airflow/example_dags/example_latest_only.py
[2024-03-21T01:01:43.650+0000] {processor.py:830} INFO - Processing file /home/airflow/.local/lib/python3.8/site-packages/airflow/example_dags/example_latest_only.py for tasks to queue
[2024-03-21T01:01:43.651+0000] {logging_mixin.py:188} INFO - [2024-03-21T01:01:43.651+0000] {dagbag.py:540} INFO - Filling up the DagBag from /home/airflow/.local/lib/python3.8/site-packages/airflow/example_dags/example_latest_only.py
[2024-03-21T01:01:43.654+0000] {processor.py:840} INFO - DAG(s) 'latest_only' retrieved from /home/airflow/.local/lib/python3.8/site-packages/airflow/example_dags/example_latest_only.py
[2024-03-21T01:01:43.666+0000] {logging_mixin.py:188} INFO - [2024-03-21T01:01:43.666+0000] {dag.py:3047} INFO - Sync 1 DAGs
[2024-03-21T01:01:43.676+0000] {logging_mixin.py:188} INFO - [2024-03-21T01:01:43.676+0000] {dag.py:3834} INFO - Setting next_dagrun for latest_only to 2024-03-20 20:00:00+00:00, run_after=2024-03-21 00:00:00+00:00
[2024-03-21T01:01:43.683+0000] {processor.py:183} INFO - Processing /home/airflow/.local/lib/python3.8/site-packages/airflow/example_dags/example_latest_only.py took 0.036 seconds
[2024-03-21T01:02:14.651+0000] {processor.py:161} INFO - Started process (PID=526) to work on /home/airflow/.local/lib/python3.8/site-packages/airflow/example_dags/example_latest_only.py
[2024-03-21T01:02:14.652+0000] {processor.py:830} INFO - Processing file /home/airflow/.local/lib/python3.8/site-packages/airflow/example_dags/example_latest_only.py for tasks to queue
[2024-03-21T01:02:14.653+0000] {logging_mixin.py:188} INFO - [2024-03-21T01:02:14.653+0000] {dagbag.py:540} INFO - Filling up the DagBag from /home/airflow/.local/lib/python3.8/site-packages/airflow/example_dags/example_latest_only.py
[2024-03-21T01:02:14.656+0000] {processor.py:840} INFO - DAG(s) 'latest_only' retrieved from /home/airflow/.local/lib/python3.8/site-packages/airflow/example_dags/example_latest_only.py
[2024-03-21T01:02:14.669+0000] {logging_mixin.py:188} INFO - [2024-03-21T01:02:14.668+0000] {dag.py:3047} INFO - Sync 1 DAGs
[2024-03-21T01:02:14.679+0000] {logging_mixin.py:188} INFO - [2024-03-21T01:02:14.679+0000] {dag.py:3834} INFO - Setting next_dagrun for latest_only to 2024-03-20 20:00:00+00:00, run_after=2024-03-21 00:00:00+00:00
[2024-03-21T01:02:14.687+0000] {processor.py:183} INFO - Processing /home/airflow/.local/lib/python3.8/site-packages/airflow/example_dags/example_latest_only.py took 0.038 seconds
[2024-03-21T01:02:45.514+0000] {processor.py:161} INFO - Started process (PID=581) to work on /home/airflow/.local/lib/python3.8/site-packages/airflow/example_dags/example_latest_only.py
[2024-03-21T01:02:45.515+0000] {processor.py:830} INFO - Processing file /home/airflow/.local/lib/python3.8/site-packages/airflow/example_dags/example_latest_only.py for tasks to queue
[2024-03-21T01:02:45.516+0000] {logging_mixin.py:188} INFO - [2024-03-21T01:02:45.515+0000] {dagbag.py:540} INFO - Filling up the DagBag from /home/airflow/.local/lib/python3.8/site-packages/airflow/example_dags/example_latest_only.py
[2024-03-21T01:02:45.519+0000] {processor.py:840} INFO - DAG(s) 'latest_only' retrieved from /home/airflow/.local/lib/python3.8/site-packages/airflow/example_dags/example_latest_only.py
[2024-03-21T01:02:45.530+0000] {logging_mixin.py:188} INFO - [2024-03-21T01:02:45.530+0000] {dag.py:3047} INFO - Sync 1 DAGs
[2024-03-21T01:02:45.540+0000] {logging_mixin.py:188} INFO - [2024-03-21T01:02:45.540+0000] {dag.py:3834} INFO - Setting next_dagrun for latest_only to 2024-03-20 20:00:00+00:00, run_after=2024-03-21 00:00:00+00:00
[2024-03-21T01:02:45.548+0000] {processor.py:183} INFO - Processing /home/airflow/.local/lib/python3.8/site-packages/airflow/example_dags/example_latest_only.py took 0.036 seconds
[2024-03-21T01:03:16.315+0000] {processor.py:161} INFO - Started process (PID=636) to work on /home/airflow/.local/lib/python3.8/site-packages/airflow/example_dags/example_latest_only.py
[2024-03-21T01:03:16.315+0000] {processor.py:830} INFO - Processing file /home/airflow/.local/lib/python3.8/site-packages/airflow/example_dags/example_latest_only.py for tasks to queue
[2024-03-21T01:03:16.316+0000] {logging_mixin.py:188} INFO - [2024-03-21T01:03:16.316+0000] {dagbag.py:540} INFO - Filling up the DagBag from /home/airflow/.local/lib/python3.8/site-packages/airflow/example_dags/example_latest_only.py
[2024-03-21T01:03:16.319+0000] {processor.py:840} INFO - DAG(s) 'latest_only' retrieved from /home/airflow/.local/lib/python3.8/site-packages/airflow/example_dags/example_latest_only.py
[2024-03-21T01:03:16.331+0000] {logging_mixin.py:188} INFO - [2024-03-21T01:03:16.331+0000] {dag.py:3047} INFO - Sync 1 DAGs
[2024-03-21T01:03:16.340+0000] {logging_mixin.py:188} INFO - [2024-03-21T01:03:16.340+0000] {dag.py:3834} INFO - Setting next_dagrun for latest_only to 2024-03-20 20:00:00+00:00, run_after=2024-03-21 00:00:00+00:00
[2024-03-21T01:03:16.348+0000] {processor.py:183} INFO - Processing /home/airflow/.local/lib/python3.8/site-packages/airflow/example_dags/example_latest_only.py took 0.035 seconds
[2024-03-21T01:03:47.025+0000] {processor.py:161} INFO - Started process (PID=691) to work on /home/airflow/.local/lib/python3.8/site-packages/airflow/example_dags/example_latest_only.py
[2024-03-21T01:03:47.026+0000] {processor.py:830} INFO - Processing file /home/airflow/.local/lib/python3.8/site-packages/airflow/example_dags/example_latest_only.py for tasks to queue
[2024-03-21T01:03:47.027+0000] {logging_mixin.py:188} INFO - [2024-03-21T01:03:47.026+0000] {dagbag.py:540} INFO - Filling up the DagBag from /home/airflow/.local/lib/python3.8/site-packages/airflow/example_dags/example_latest_only.py
[2024-03-21T01:03:47.030+0000] {processor.py:840} INFO - DAG(s) 'latest_only' retrieved from /home/airflow/.local/lib/python3.8/site-packages/airflow/example_dags/example_latest_only.py
[2024-03-21T01:03:47.041+0000] {logging_mixin.py:188} INFO - [2024-03-21T01:03:47.041+0000] {dag.py:3047} INFO - Sync 1 DAGs
[2024-03-21T01:03:47.051+0000] {logging_mixin.py:188} INFO - [2024-03-21T01:03:47.051+0000] {dag.py:3834} INFO - Setting next_dagrun for latest_only to 2024-03-20 20:00:00+00:00, run_after=2024-03-21 00:00:00+00:00
[2024-03-21T01:03:47.059+0000] {processor.py:183} INFO - Processing /home/airflow/.local/lib/python3.8/site-packages/airflow/example_dags/example_latest_only.py took 0.036 seconds
[2024-03-21T01:04:17.761+0000] {processor.py:161} INFO - Started process (PID=746) to work on /home/airflow/.local/lib/python3.8/site-packages/airflow/example_dags/example_latest_only.py
[2024-03-21T01:04:17.762+0000] {processor.py:830} INFO - Processing file /home/airflow/.local/lib/python3.8/site-packages/airflow/example_dags/example_latest_only.py for tasks to queue
[2024-03-21T01:04:17.763+0000] {logging_mixin.py:188} INFO - [2024-03-21T01:04:17.763+0000] {dagbag.py:540} INFO - Filling up the DagBag from /home/airflow/.local/lib/python3.8/site-packages/airflow/example_dags/example_latest_only.py
[2024-03-21T01:04:17.766+0000] {processor.py:840} INFO - DAG(s) 'latest_only' retrieved from /home/airflow/.local/lib/python3.8/site-packages/airflow/example_dags/example_latest_only.py
[2024-03-21T01:04:17.778+0000] {logging_mixin.py:188} INFO - [2024-03-21T01:04:17.778+0000] {dag.py:3047} INFO - Sync 1 DAGs
[2024-03-21T01:04:17.788+0000] {logging_mixin.py:188} INFO - [2024-03-21T01:04:17.788+0000] {dag.py:3834} INFO - Setting next_dagrun for latest_only to 2024-03-20 20:00:00+00:00, run_after=2024-03-21 00:00:00+00:00
[2024-03-21T01:04:17.796+0000] {processor.py:183} INFO - Processing /home/airflow/.local/lib/python3.8/site-packages/airflow/example_dags/example_latest_only.py took 0.036 seconds
[2024-03-21T01:04:48.831+0000] {processor.py:161} INFO - Started process (PID=801) to work on /home/airflow/.local/lib/python3.8/site-packages/airflow/example_dags/example_latest_only.py
[2024-03-21T01:04:48.832+0000] {processor.py:830} INFO - Processing file /home/airflow/.local/lib/python3.8/site-packages/airflow/example_dags/example_latest_only.py for tasks to queue
[2024-03-21T01:04:48.833+0000] {logging_mixin.py:188} INFO - [2024-03-21T01:04:48.833+0000] {dagbag.py:540} INFO - Filling up the DagBag from /home/airflow/.local/lib/python3.8/site-packages/airflow/example_dags/example_latest_only.py
[2024-03-21T01:04:48.836+0000] {processor.py:840} INFO - DAG(s) 'latest_only' retrieved from /home/airflow/.local/lib/python3.8/site-packages/airflow/example_dags/example_latest_only.py
[2024-03-21T01:04:48.849+0000] {logging_mixin.py:188} INFO - [2024-03-21T01:04:48.848+0000] {dag.py:3047} INFO - Sync 1 DAGs
[2024-03-21T01:04:48.859+0000] {logging_mixin.py:188} INFO - [2024-03-21T01:04:48.858+0000] {dag.py:3834} INFO - Setting next_dagrun for latest_only to 2024-03-20 20:00:00+00:00, run_after=2024-03-21 00:00:00+00:00
[2024-03-21T01:04:48.866+0000] {processor.py:183} INFO - Processing /home/airflow/.local/lib/python3.8/site-packages/airflow/example_dags/example_latest_only.py took 0.037 seconds
[2024-03-21T01:05:18.905+0000] {processor.py:161} INFO - Started process (PID=856) to work on /home/airflow/.local/lib/python3.8/site-packages/airflow/example_dags/example_latest_only.py
[2024-03-21T01:05:18.905+0000] {processor.py:830} INFO - Processing file /home/airflow/.local/lib/python3.8/site-packages/airflow/example_dags/example_latest_only.py for tasks to queue
[2024-03-21T01:05:18.906+0000] {logging_mixin.py:188} INFO - [2024-03-21T01:05:18.906+0000] {dagbag.py:540} INFO - Filling up the DagBag from /home/airflow/.local/lib/python3.8/site-packages/airflow/example_dags/example_latest_only.py
[2024-03-21T01:05:18.909+0000] {processor.py:840} INFO - DAG(s) 'latest_only' retrieved from /home/airflow/.local/lib/python3.8/site-packages/airflow/example_dags/example_latest_only.py
[2024-03-21T01:05:18.921+0000] {logging_mixin.py:188} INFO - [2024-03-21T01:05:18.921+0000] {dag.py:3047} INFO - Sync 1 DAGs
[2024-03-21T01:05:18.930+0000] {logging_mixin.py:188} INFO - [2024-03-21T01:05:18.930+0000] {dag.py:3834} INFO - Setting next_dagrun for latest_only to 2024-03-20 20:00:00+00:00, run_after=2024-03-21 00:00:00+00:00
[2024-03-21T01:05:18.937+0000] {processor.py:183} INFO - Processing /home/airflow/.local/lib/python3.8/site-packages/airflow/example_dags/example_latest_only.py took 0.034 seconds
[2024-03-21T01:05:49.792+0000] {processor.py:161} INFO - Started process (PID=911) to work on /home/airflow/.local/lib/python3.8/site-packages/airflow/example_dags/example_latest_only.py
[2024-03-21T01:05:49.793+0000] {processor.py:830} INFO - Processing file /home/airflow/.local/lib/python3.8/site-packages/airflow/example_dags/example_latest_only.py for tasks to queue
[2024-03-21T01:05:49.794+0000] {logging_mixin.py:188} INFO - [2024-03-21T01:05:49.794+0000] {dagbag.py:540} INFO - Filling up the DagBag from /home/airflow/.local/lib/python3.8/site-packages/airflow/example_dags/example_latest_only.py
[2024-03-21T01:05:49.798+0000] {processor.py:840} INFO - DAG(s) 'latest_only' retrieved from /home/airflow/.local/lib/python3.8/site-packages/airflow/example_dags/example_latest_only.py
[2024-03-21T01:05:49.815+0000] {logging_mixin.py:188} INFO - [2024-03-21T01:05:49.815+0000] {dag.py:3047} INFO - Sync 1 DAGs
[2024-03-21T01:05:49.842+0000] {logging_mixin.py:188} INFO - [2024-03-21T01:05:49.842+0000] {dag.py:3834} INFO - Setting next_dagrun for latest_only to 2024-03-20 20:00:00+00:00, run_after=2024-03-21 00:00:00+00:00
[2024-03-21T01:05:49.855+0000] {processor.py:183} INFO - Processing /home/airflow/.local/lib/python3.8/site-packages/airflow/example_dags/example_latest_only.py took 0.065 seconds
[2024-03-21T01:06:20.140+0000] {processor.py:161} INFO - Started process (PID=966) to work on /home/airflow/.local/lib/python3.8/site-packages/airflow/example_dags/example_latest_only.py
[2024-03-21T01:06:20.141+0000] {processor.py:830} INFO - Processing file /home/airflow/.local/lib/python3.8/site-packages/airflow/example_dags/example_latest_only.py for tasks to queue
[2024-03-21T01:06:20.142+0000] {logging_mixin.py:188} INFO - [2024-03-21T01:06:20.142+0000] {dagbag.py:540} INFO - Filling up the DagBag from /home/airflow/.local/lib/python3.8/site-packages/airflow/example_dags/example_latest_only.py
[2024-03-21T01:06:20.145+0000] {processor.py:840} INFO - DAG(s) 'latest_only' retrieved from /home/airflow/.local/lib/python3.8/site-packages/airflow/example_dags/example_latest_only.py
[2024-03-21T01:06:20.158+0000] {logging_mixin.py:188} INFO - [2024-03-21T01:06:20.158+0000] {dag.py:3047} INFO - Sync 1 DAGs
[2024-03-21T01:06:20.169+0000] {logging_mixin.py:188} INFO - [2024-03-21T01:06:20.169+0000] {dag.py:3834} INFO - Setting next_dagrun for latest_only to 2024-03-20 20:00:00+00:00, run_after=2024-03-21 00:00:00+00:00
[2024-03-21T01:06:20.178+0000] {processor.py:183} INFO - Processing /home/airflow/.local/lib/python3.8/site-packages/airflow/example_dags/example_latest_only.py took 0.040 seconds
[2024-03-21T01:06:51.141+0000] {processor.py:161} INFO - Started process (PID=1021) to work on /home/airflow/.local/lib/python3.8/site-packages/airflow/example_dags/example_latest_only.py
[2024-03-21T01:06:51.142+0000] {processor.py:830} INFO - Processing file /home/airflow/.local/lib/python3.8/site-packages/airflow/example_dags/example_latest_only.py for tasks to queue
[2024-03-21T01:06:51.143+0000] {logging_mixin.py:188} INFO - [2024-03-21T01:06:51.143+0000] {dagbag.py:540} INFO - Filling up the DagBag from /home/airflow/.local/lib/python3.8/site-packages/airflow/example_dags/example_latest_only.py
[2024-03-21T01:06:51.146+0000] {processor.py:840} INFO - DAG(s) 'latest_only' retrieved from /home/airflow/.local/lib/python3.8/site-packages/airflow/example_dags/example_latest_only.py
[2024-03-21T01:06:51.159+0000] {logging_mixin.py:188} INFO - [2024-03-21T01:06:51.159+0000] {dag.py:3047} INFO - Sync 1 DAGs
[2024-03-21T01:06:51.169+0000] {logging_mixin.py:188} INFO - [2024-03-21T01:06:51.169+0000] {dag.py:3834} INFO - Setting next_dagrun for latest_only to 2024-03-20 20:00:00+00:00, run_after=2024-03-21 00:00:00+00:00
[2024-03-21T01:06:51.177+0000] {processor.py:183} INFO - Processing /home/airflow/.local/lib/python3.8/site-packages/airflow/example_dags/example_latest_only.py took 0.037 seconds
[2024-03-21T01:07:22.053+0000] {processor.py:161} INFO - Started process (PID=1076) to work on /home/airflow/.local/lib/python3.8/site-packages/airflow/example_dags/example_latest_only.py
[2024-03-21T01:07:22.054+0000] {processor.py:830} INFO - Processing file /home/airflow/.local/lib/python3.8/site-packages/airflow/example_dags/example_latest_only.py for tasks to queue
[2024-03-21T01:07:22.055+0000] {logging_mixin.py:188} INFO - [2024-03-21T01:07:22.055+0000] {dagbag.py:540} INFO - Filling up the DagBag from /home/airflow/.local/lib/python3.8/site-packages/airflow/example_dags/example_latest_only.py
[2024-03-21T01:07:22.059+0000] {processor.py:840} INFO - DAG(s) 'latest_only' retrieved from /home/airflow/.local/lib/python3.8/site-packages/airflow/example_dags/example_latest_only.py
[2024-03-21T01:07:22.072+0000] {logging_mixin.py:188} INFO - [2024-03-21T01:07:22.072+0000] {dag.py:3047} INFO - Sync 1 DAGs
[2024-03-21T01:07:22.083+0000] {logging_mixin.py:188} INFO - [2024-03-21T01:07:22.083+0000] {dag.py:3834} INFO - Setting next_dagrun for latest_only to 2024-03-20 20:00:00+00:00, run_after=2024-03-21 00:00:00+00:00
[2024-03-21T01:07:22.091+0000] {processor.py:183} INFO - Processing /home/airflow/.local/lib/python3.8/site-packages/airflow/example_dags/example_latest_only.py took 0.040 seconds
[2024-03-21T01:07:52.327+0000] {processor.py:161} INFO - Started process (PID=1131) to work on /home/airflow/.local/lib/python3.8/site-packages/airflow/example_dags/example_latest_only.py
[2024-03-21T01:07:52.328+0000] {processor.py:830} INFO - Processing file /home/airflow/.local/lib/python3.8/site-packages/airflow/example_dags/example_latest_only.py for tasks to queue
[2024-03-21T01:07:52.329+0000] {logging_mixin.py:188} INFO - [2024-03-21T01:07:52.329+0000] {dagbag.py:540} INFO - Filling up the DagBag from /home/airflow/.local/lib/python3.8/site-packages/airflow/example_dags/example_latest_only.py
[2024-03-21T01:07:52.333+0000] {processor.py:840} INFO - DAG(s) 'latest_only' retrieved from /home/airflow/.local/lib/python3.8/site-packages/airflow/example_dags/example_latest_only.py
[2024-03-21T01:07:52.346+0000] {logging_mixin.py:188} INFO - [2024-03-21T01:07:52.346+0000] {dag.py:3047} INFO - Sync 1 DAGs
[2024-03-21T01:07:52.357+0000] {logging_mixin.py:188} INFO - [2024-03-21T01:07:52.357+0000] {dag.py:3834} INFO - Setting next_dagrun for latest_only to 2024-03-20 20:00:00+00:00, run_after=2024-03-21 00:00:00+00:00
[2024-03-21T01:07:52.367+0000] {processor.py:183} INFO - Processing /home/airflow/.local/lib/python3.8/site-packages/airflow/example_dags/example_latest_only.py took 0.042 seconds
[2024-03-21T01:08:22.635+0000] {processor.py:161} INFO - Started process (PID=1186) to work on /home/airflow/.local/lib/python3.8/site-packages/airflow/example_dags/example_latest_only.py
[2024-03-21T01:08:22.635+0000] {processor.py:830} INFO - Processing file /home/airflow/.local/lib/python3.8/site-packages/airflow/example_dags/example_latest_only.py for tasks to queue
[2024-03-21T01:08:22.636+0000] {logging_mixin.py:188} INFO - [2024-03-21T01:08:22.636+0000] {dagbag.py:540} INFO - Filling up the DagBag from /home/airflow/.local/lib/python3.8/site-packages/airflow/example_dags/example_latest_only.py
[2024-03-21T01:08:22.639+0000] {processor.py:840} INFO - DAG(s) 'latest_only' retrieved from /home/airflow/.local/lib/python3.8/site-packages/airflow/example_dags/example_latest_only.py
[2024-03-21T01:08:22.652+0000] {logging_mixin.py:188} INFO - [2024-03-21T01:08:22.652+0000] {dag.py:3047} INFO - Sync 1 DAGs
[2024-03-21T01:08:22.663+0000] {logging_mixin.py:188} INFO - [2024-03-21T01:08:22.663+0000] {dag.py:3834} INFO - Setting next_dagrun for latest_only to 2024-03-20 20:00:00+00:00, run_after=2024-03-21 00:00:00+00:00
[2024-03-21T01:08:22.673+0000] {processor.py:183} INFO - Processing /home/airflow/.local/lib/python3.8/site-packages/airflow/example_dags/example_latest_only.py took 0.040 seconds
[2024-03-21T01:08:52.847+0000] {processor.py:161} INFO - Started process (PID=1241) to work on /home/airflow/.local/lib/python3.8/site-packages/airflow/example_dags/example_latest_only.py
[2024-03-21T01:08:52.847+0000] {processor.py:830} INFO - Processing file /home/airflow/.local/lib/python3.8/site-packages/airflow/example_dags/example_latest_only.py for tasks to queue
[2024-03-21T01:08:52.849+0000] {logging_mixin.py:188} INFO - [2024-03-21T01:08:52.848+0000] {dagbag.py:540} INFO - Filling up the DagBag from /home/airflow/.local/lib/python3.8/site-packages/airflow/example_dags/example_latest_only.py
[2024-03-21T01:08:52.852+0000] {processor.py:840} INFO - DAG(s) 'latest_only' retrieved from /home/airflow/.local/lib/python3.8/site-packages/airflow/example_dags/example_latest_only.py
[2024-03-21T01:08:52.865+0000] {logging_mixin.py:188} INFO - [2024-03-21T01:08:52.865+0000] {dag.py:3047} INFO - Sync 1 DAGs
[2024-03-21T01:08:52.877+0000] {logging_mixin.py:188} INFO - [2024-03-21T01:08:52.877+0000] {dag.py:3834} INFO - Setting next_dagrun for latest_only to 2024-03-20 20:00:00+00:00, run_after=2024-03-21 00:00:00+00:00
[2024-03-21T01:08:52.886+0000] {processor.py:183} INFO - Processing /home/airflow/.local/lib/python3.8/site-packages/airflow/example_dags/example_latest_only.py took 0.041 seconds
[2024-03-21T01:09:22.986+0000] {processor.py:161} INFO - Started process (PID=1296) to work on /home/airflow/.local/lib/python3.8/site-packages/airflow/example_dags/example_latest_only.py
[2024-03-21T01:09:22.987+0000] {processor.py:830} INFO - Processing file /home/airflow/.local/lib/python3.8/site-packages/airflow/example_dags/example_latest_only.py for tasks to queue
[2024-03-21T01:09:22.988+0000] {logging_mixin.py:188} INFO - [2024-03-21T01:09:22.988+0000] {dagbag.py:540} INFO - Filling up the DagBag from /home/airflow/.local/lib/python3.8/site-packages/airflow/example_dags/example_latest_only.py
[2024-03-21T01:09:22.992+0000] {processor.py:840} INFO - DAG(s) 'latest_only' retrieved from /home/airflow/.local/lib/python3.8/site-packages/airflow/example_dags/example_latest_only.py
[2024-03-21T01:09:23.011+0000] {logging_mixin.py:188} INFO - [2024-03-21T01:09:23.010+0000] {dag.py:3047} INFO - Sync 1 DAGs
[2024-03-21T01:09:23.022+0000] {logging_mixin.py:188} INFO - [2024-03-21T01:09:23.022+0000] {dag.py:3834} INFO - Setting next_dagrun for latest_only to 2024-03-20 20:00:00+00:00, run_after=2024-03-21 00:00:00+00:00
[2024-03-21T01:09:23.032+0000] {processor.py:183} INFO - Processing /home/airflow/.local/lib/python3.8/site-packages/airflow/example_dags/example_latest_only.py took 0.048 seconds
[2024-03-21T01:09:53.213+0000] {processor.py:161} INFO - Started process (PID=1351) to work on /home/airflow/.local/lib/python3.8/site-packages/airflow/example_dags/example_latest_only.py
[2024-03-21T01:09:53.214+0000] {processor.py:830} INFO - Processing file /home/airflow/.local/lib/python3.8/site-packages/airflow/example_dags/example_latest_only.py for tasks to queue
[2024-03-21T01:09:53.215+0000] {logging_mixin.py:188} INFO - [2024-03-21T01:09:53.215+0000] {dagbag.py:540} INFO - Filling up the DagBag from /home/airflow/.local/lib/python3.8/site-packages/airflow/example_dags/example_latest_only.py
[2024-03-21T01:09:53.218+0000] {processor.py:840} INFO - DAG(s) 'latest_only' retrieved from /home/airflow/.local/lib/python3.8/site-packages/airflow/example_dags/example_latest_only.py
[2024-03-21T01:09:53.232+0000] {logging_mixin.py:188} INFO - [2024-03-21T01:09:53.232+0000] {dag.py:3047} INFO - Sync 1 DAGs
[2024-03-21T01:09:53.244+0000] {logging_mixin.py:188} INFO - [2024-03-21T01:09:53.244+0000] {dag.py:3834} INFO - Setting next_dagrun for latest_only to 2024-03-20 20:00:00+00:00, run_after=2024-03-21 00:00:00+00:00
[2024-03-21T01:09:53.253+0000] {processor.py:183} INFO - Processing /home/airflow/.local/lib/python3.8/site-packages/airflow/example_dags/example_latest_only.py took 0.042 seconds
