[2024-03-21T00:58:06.811+0000] {processor.py:161} INFO - Started process (PID=50) to work on /home/airflow/.local/lib/python3.8/site-packages/airflow/example_dags/example_branch_operator.py
[2024-03-21T00:58:06.814+0000] {processor.py:830} INFO - Processing file /home/airflow/.local/lib/python3.8/site-packages/airflow/example_dags/example_branch_operator.py for tasks to queue
[2024-03-21T00:58:06.816+0000] {logging_mixin.py:188} INFO - [2024-03-21T00:58:06.815+0000] {dagbag.py:540} INFO - Filling up the DagBag from /home/airflow/.local/lib/python3.8/site-packages/airflow/example_dags/example_branch_operator.py
[2024-03-21T00:58:06.833+0000] {processor.py:840} INFO - DAG(s) 'example_branch_operator' retrieved from /home/airflow/.local/lib/python3.8/site-packages/airflow/example_dags/example_branch_operator.py
[2024-03-21T00:58:06.935+0000] {logging_mixin.py:188} INFO - [2024-03-21T00:58:06.935+0000] {dag.py:3047} INFO - Sync 1 DAGs
[2024-03-21T00:58:06.952+0000] {logging_mixin.py:188} INFO - [2024-03-21T00:58:06.952+0000] {dag.py:3834} INFO - Setting next_dagrun for example_branch_operator to 2024-03-20 00:00:00+00:00, run_after=2024-03-21 00:00:00+00:00
[2024-03-21T00:58:06.975+0000] {processor.py:183} INFO - Processing /home/airflow/.local/lib/python3.8/site-packages/airflow/example_dags/example_branch_operator.py took 0.168 seconds
[2024-03-21T00:58:37.148+0000] {processor.py:161} INFO - Started process (PID=109) to work on /home/airflow/.local/lib/python3.8/site-packages/airflow/example_dags/example_branch_operator.py
[2024-03-21T00:58:37.149+0000] {processor.py:830} INFO - Processing file /home/airflow/.local/lib/python3.8/site-packages/airflow/example_dags/example_branch_operator.py for tasks to queue
[2024-03-21T00:58:37.150+0000] {logging_mixin.py:188} INFO - [2024-03-21T00:58:37.150+0000] {dagbag.py:540} INFO - Filling up the DagBag from /home/airflow/.local/lib/python3.8/site-packages/airflow/example_dags/example_branch_operator.py
[2024-03-21T00:58:37.160+0000] {processor.py:840} INFO - DAG(s) 'example_branch_operator' retrieved from /home/airflow/.local/lib/python3.8/site-packages/airflow/example_dags/example_branch_operator.py
[2024-03-21T00:58:37.176+0000] {logging_mixin.py:188} INFO - [2024-03-21T00:58:37.176+0000] {dag.py:3047} INFO - Sync 1 DAGs
[2024-03-21T00:58:37.187+0000] {logging_mixin.py:188} INFO - [2024-03-21T00:58:37.187+0000] {dag.py:3834} INFO - Setting next_dagrun for example_branch_operator to 2024-03-20 00:00:00+00:00, run_after=2024-03-21 00:00:00+00:00
[2024-03-21T00:58:37.195+0000] {processor.py:183} INFO - Processing /home/airflow/.local/lib/python3.8/site-packages/airflow/example_dags/example_branch_operator.py took 0.049 seconds
[2024-03-21T00:59:07.950+0000] {processor.py:161} INFO - Started process (PID=164) to work on /home/airflow/.local/lib/python3.8/site-packages/airflow/example_dags/example_branch_operator.py
[2024-03-21T00:59:07.951+0000] {processor.py:830} INFO - Processing file /home/airflow/.local/lib/python3.8/site-packages/airflow/example_dags/example_branch_operator.py for tasks to queue
[2024-03-21T00:59:07.952+0000] {logging_mixin.py:188} INFO - [2024-03-21T00:59:07.952+0000] {dagbag.py:540} INFO - Filling up the DagBag from /home/airflow/.local/lib/python3.8/site-packages/airflow/example_dags/example_branch_operator.py
[2024-03-21T00:59:07.961+0000] {processor.py:840} INFO - DAG(s) 'example_branch_operator' retrieved from /home/airflow/.local/lib/python3.8/site-packages/airflow/example_dags/example_branch_operator.py
[2024-03-21T00:59:07.975+0000] {logging_mixin.py:188} INFO - [2024-03-21T00:59:07.975+0000] {dag.py:3047} INFO - Sync 1 DAGs
[2024-03-21T00:59:07.985+0000] {logging_mixin.py:188} INFO - [2024-03-21T00:59:07.985+0000] {dag.py:3834} INFO - Setting next_dagrun for example_branch_operator to 2024-03-20 00:00:00+00:00, run_after=2024-03-21 00:00:00+00:00
[2024-03-21T00:59:07.993+0000] {processor.py:183} INFO - Processing /home/airflow/.local/lib/python3.8/site-packages/airflow/example_dags/example_branch_operator.py took 0.045 seconds
[2024-03-21T00:59:38.764+0000] {processor.py:161} INFO - Started process (PID=219) to work on /home/airflow/.local/lib/python3.8/site-packages/airflow/example_dags/example_branch_operator.py
[2024-03-21T00:59:38.765+0000] {processor.py:830} INFO - Processing file /home/airflow/.local/lib/python3.8/site-packages/airflow/example_dags/example_branch_operator.py for tasks to queue
[2024-03-21T00:59:38.766+0000] {logging_mixin.py:188} INFO - [2024-03-21T00:59:38.766+0000] {dagbag.py:540} INFO - Filling up the DagBag from /home/airflow/.local/lib/python3.8/site-packages/airflow/example_dags/example_branch_operator.py
[2024-03-21T00:59:38.774+0000] {processor.py:840} INFO - DAG(s) 'example_branch_operator' retrieved from /home/airflow/.local/lib/python3.8/site-packages/airflow/example_dags/example_branch_operator.py
[2024-03-21T00:59:38.790+0000] {logging_mixin.py:188} INFO - [2024-03-21T00:59:38.790+0000] {dag.py:3047} INFO - Sync 1 DAGs
[2024-03-21T00:59:38.800+0000] {logging_mixin.py:188} INFO - [2024-03-21T00:59:38.800+0000] {dag.py:3834} INFO - Setting next_dagrun for example_branch_operator to 2024-03-20 00:00:00+00:00, run_after=2024-03-21 00:00:00+00:00
[2024-03-21T00:59:38.807+0000] {processor.py:183} INFO - Processing /home/airflow/.local/lib/python3.8/site-packages/airflow/example_dags/example_branch_operator.py took 0.045 seconds
[2024-03-21T01:00:09.347+0000] {processor.py:161} INFO - Started process (PID=274) to work on /home/airflow/.local/lib/python3.8/site-packages/airflow/example_dags/example_branch_operator.py
[2024-03-21T01:00:09.347+0000] {processor.py:830} INFO - Processing file /home/airflow/.local/lib/python3.8/site-packages/airflow/example_dags/example_branch_operator.py for tasks to queue
[2024-03-21T01:00:09.348+0000] {logging_mixin.py:188} INFO - [2024-03-21T01:00:09.348+0000] {dagbag.py:540} INFO - Filling up the DagBag from /home/airflow/.local/lib/python3.8/site-packages/airflow/example_dags/example_branch_operator.py
[2024-03-21T01:00:09.357+0000] {processor.py:840} INFO - DAG(s) 'example_branch_operator' retrieved from /home/airflow/.local/lib/python3.8/site-packages/airflow/example_dags/example_branch_operator.py
[2024-03-21T01:00:09.371+0000] {logging_mixin.py:188} INFO - [2024-03-21T01:00:09.371+0000] {dag.py:3047} INFO - Sync 1 DAGs
[2024-03-21T01:00:09.381+0000] {logging_mixin.py:188} INFO - [2024-03-21T01:00:09.381+0000] {dag.py:3834} INFO - Setting next_dagrun for example_branch_operator to 2024-03-20 00:00:00+00:00, run_after=2024-03-21 00:00:00+00:00
[2024-03-21T01:00:09.388+0000] {processor.py:183} INFO - Processing /home/airflow/.local/lib/python3.8/site-packages/airflow/example_dags/example_branch_operator.py took 0.044 seconds
[2024-03-21T01:00:40.136+0000] {processor.py:161} INFO - Started process (PID=329) to work on /home/airflow/.local/lib/python3.8/site-packages/airflow/example_dags/example_branch_operator.py
[2024-03-21T01:00:40.137+0000] {processor.py:830} INFO - Processing file /home/airflow/.local/lib/python3.8/site-packages/airflow/example_dags/example_branch_operator.py for tasks to queue
[2024-03-21T01:00:40.138+0000] {logging_mixin.py:188} INFO - [2024-03-21T01:00:40.138+0000] {dagbag.py:540} INFO - Filling up the DagBag from /home/airflow/.local/lib/python3.8/site-packages/airflow/example_dags/example_branch_operator.py
[2024-03-21T01:00:40.146+0000] {processor.py:840} INFO - DAG(s) 'example_branch_operator' retrieved from /home/airflow/.local/lib/python3.8/site-packages/airflow/example_dags/example_branch_operator.py
[2024-03-21T01:00:40.160+0000] {logging_mixin.py:188} INFO - [2024-03-21T01:00:40.160+0000] {dag.py:3047} INFO - Sync 1 DAGs
[2024-03-21T01:00:40.170+0000] {logging_mixin.py:188} INFO - [2024-03-21T01:00:40.170+0000] {dag.py:3834} INFO - Setting next_dagrun for example_branch_operator to 2024-03-20 00:00:00+00:00, run_after=2024-03-21 00:00:00+00:00
[2024-03-21T01:00:40.178+0000] {processor.py:183} INFO - Processing /home/airflow/.local/lib/python3.8/site-packages/airflow/example_dags/example_branch_operator.py took 0.044 seconds
[2024-03-21T01:01:10.868+0000] {processor.py:161} INFO - Started process (PID=385) to work on /home/airflow/.local/lib/python3.8/site-packages/airflow/example_dags/example_branch_operator.py
[2024-03-21T01:01:10.868+0000] {processor.py:830} INFO - Processing file /home/airflow/.local/lib/python3.8/site-packages/airflow/example_dags/example_branch_operator.py for tasks to queue
[2024-03-21T01:01:10.869+0000] {logging_mixin.py:188} INFO - [2024-03-21T01:01:10.869+0000] {dagbag.py:540} INFO - Filling up the DagBag from /home/airflow/.local/lib/python3.8/site-packages/airflow/example_dags/example_branch_operator.py
[2024-03-21T01:01:10.879+0000] {processor.py:840} INFO - DAG(s) 'example_branch_operator' retrieved from /home/airflow/.local/lib/python3.8/site-packages/airflow/example_dags/example_branch_operator.py
[2024-03-21T01:01:10.895+0000] {logging_mixin.py:188} INFO - [2024-03-21T01:01:10.895+0000] {dag.py:3047} INFO - Sync 1 DAGs
[2024-03-21T01:01:10.905+0000] {logging_mixin.py:188} INFO - [2024-03-21T01:01:10.905+0000] {dag.py:3834} INFO - Setting next_dagrun for example_branch_operator to 2024-03-20 00:00:00+00:00, run_after=2024-03-21 00:00:00+00:00
[2024-03-21T01:01:10.914+0000] {processor.py:183} INFO - Processing /home/airflow/.local/lib/python3.8/site-packages/airflow/example_dags/example_branch_operator.py took 0.049 seconds
[2024-03-21T01:01:41.703+0000] {processor.py:161} INFO - Started process (PID=440) to work on /home/airflow/.local/lib/python3.8/site-packages/airflow/example_dags/example_branch_operator.py
[2024-03-21T01:01:41.703+0000] {processor.py:830} INFO - Processing file /home/airflow/.local/lib/python3.8/site-packages/airflow/example_dags/example_branch_operator.py for tasks to queue
[2024-03-21T01:01:41.704+0000] {logging_mixin.py:188} INFO - [2024-03-21T01:01:41.704+0000] {dagbag.py:540} INFO - Filling up the DagBag from /home/airflow/.local/lib/python3.8/site-packages/airflow/example_dags/example_branch_operator.py
[2024-03-21T01:01:41.713+0000] {processor.py:840} INFO - DAG(s) 'example_branch_operator' retrieved from /home/airflow/.local/lib/python3.8/site-packages/airflow/example_dags/example_branch_operator.py
[2024-03-21T01:01:41.728+0000] {logging_mixin.py:188} INFO - [2024-03-21T01:01:41.727+0000] {dag.py:3047} INFO - Sync 1 DAGs
[2024-03-21T01:01:41.737+0000] {logging_mixin.py:188} INFO - [2024-03-21T01:01:41.737+0000] {dag.py:3834} INFO - Setting next_dagrun for example_branch_operator to 2024-03-20 00:00:00+00:00, run_after=2024-03-21 00:00:00+00:00
[2024-03-21T01:01:41.745+0000] {processor.py:183} INFO - Processing /home/airflow/.local/lib/python3.8/site-packages/airflow/example_dags/example_branch_operator.py took 0.045 seconds
[2024-03-21T01:02:12.364+0000] {processor.py:161} INFO - Started process (PID=495) to work on /home/airflow/.local/lib/python3.8/site-packages/airflow/example_dags/example_branch_operator.py
[2024-03-21T01:02:12.364+0000] {processor.py:830} INFO - Processing file /home/airflow/.local/lib/python3.8/site-packages/airflow/example_dags/example_branch_operator.py for tasks to queue
[2024-03-21T01:02:12.366+0000] {logging_mixin.py:188} INFO - [2024-03-21T01:02:12.365+0000] {dagbag.py:540} INFO - Filling up the DagBag from /home/airflow/.local/lib/python3.8/site-packages/airflow/example_dags/example_branch_operator.py
[2024-03-21T01:02:12.374+0000] {processor.py:840} INFO - DAG(s) 'example_branch_operator' retrieved from /home/airflow/.local/lib/python3.8/site-packages/airflow/example_dags/example_branch_operator.py
[2024-03-21T01:02:12.389+0000] {logging_mixin.py:188} INFO - [2024-03-21T01:02:12.389+0000] {dag.py:3047} INFO - Sync 1 DAGs
[2024-03-21T01:02:12.398+0000] {logging_mixin.py:188} INFO - [2024-03-21T01:02:12.398+0000] {dag.py:3834} INFO - Setting next_dagrun for example_branch_operator to 2024-03-20 00:00:00+00:00, run_after=2024-03-21 00:00:00+00:00
[2024-03-21T01:02:12.406+0000] {processor.py:183} INFO - Processing /home/airflow/.local/lib/python3.8/site-packages/airflow/example_dags/example_branch_operator.py took 0.044 seconds
[2024-03-21T01:02:42.501+0000] {processor.py:161} INFO - Started process (PID=550) to work on /home/airflow/.local/lib/python3.8/site-packages/airflow/example_dags/example_branch_operator.py
[2024-03-21T01:02:42.501+0000] {processor.py:830} INFO - Processing file /home/airflow/.local/lib/python3.8/site-packages/airflow/example_dags/example_branch_operator.py for tasks to queue
[2024-03-21T01:02:42.502+0000] {logging_mixin.py:188} INFO - [2024-03-21T01:02:42.502+0000] {dagbag.py:540} INFO - Filling up the DagBag from /home/airflow/.local/lib/python3.8/site-packages/airflow/example_dags/example_branch_operator.py
[2024-03-21T01:02:42.512+0000] {processor.py:840} INFO - DAG(s) 'example_branch_operator' retrieved from /home/airflow/.local/lib/python3.8/site-packages/airflow/example_dags/example_branch_operator.py
[2024-03-21T01:02:42.527+0000] {logging_mixin.py:188} INFO - [2024-03-21T01:02:42.527+0000] {dag.py:3047} INFO - Sync 1 DAGs
[2024-03-21T01:02:42.537+0000] {logging_mixin.py:188} INFO - [2024-03-21T01:02:42.537+0000] {dag.py:3834} INFO - Setting next_dagrun for example_branch_operator to 2024-03-20 00:00:00+00:00, run_after=2024-03-21 00:00:00+00:00
[2024-03-21T01:02:42.544+0000] {processor.py:183} INFO - Processing /home/airflow/.local/lib/python3.8/site-packages/airflow/example_dags/example_branch_operator.py took 0.046 seconds
[2024-03-21T01:03:13.281+0000] {processor.py:161} INFO - Started process (PID=605) to work on /home/airflow/.local/lib/python3.8/site-packages/airflow/example_dags/example_branch_operator.py
[2024-03-21T01:03:13.282+0000] {processor.py:830} INFO - Processing file /home/airflow/.local/lib/python3.8/site-packages/airflow/example_dags/example_branch_operator.py for tasks to queue
[2024-03-21T01:03:13.283+0000] {logging_mixin.py:188} INFO - [2024-03-21T01:03:13.282+0000] {dagbag.py:540} INFO - Filling up the DagBag from /home/airflow/.local/lib/python3.8/site-packages/airflow/example_dags/example_branch_operator.py
[2024-03-21T01:03:13.291+0000] {processor.py:840} INFO - DAG(s) 'example_branch_operator' retrieved from /home/airflow/.local/lib/python3.8/site-packages/airflow/example_dags/example_branch_operator.py
[2024-03-21T01:03:13.306+0000] {logging_mixin.py:188} INFO - [2024-03-21T01:03:13.306+0000] {dag.py:3047} INFO - Sync 1 DAGs
[2024-03-21T01:03:13.315+0000] {logging_mixin.py:188} INFO - [2024-03-21T01:03:13.315+0000] {dag.py:3834} INFO - Setting next_dagrun for example_branch_operator to 2024-03-20 00:00:00+00:00, run_after=2024-03-21 00:00:00+00:00
[2024-03-21T01:03:13.323+0000] {processor.py:183} INFO - Processing /home/airflow/.local/lib/python3.8/site-packages/airflow/example_dags/example_branch_operator.py took 0.044 seconds
[2024-03-21T01:03:44.022+0000] {processor.py:161} INFO - Started process (PID=660) to work on /home/airflow/.local/lib/python3.8/site-packages/airflow/example_dags/example_branch_operator.py
[2024-03-21T01:03:44.023+0000] {processor.py:830} INFO - Processing file /home/airflow/.local/lib/python3.8/site-packages/airflow/example_dags/example_branch_operator.py for tasks to queue
[2024-03-21T01:03:44.024+0000] {logging_mixin.py:188} INFO - [2024-03-21T01:03:44.024+0000] {dagbag.py:540} INFO - Filling up the DagBag from /home/airflow/.local/lib/python3.8/site-packages/airflow/example_dags/example_branch_operator.py
[2024-03-21T01:03:44.032+0000] {processor.py:840} INFO - DAG(s) 'example_branch_operator' retrieved from /home/airflow/.local/lib/python3.8/site-packages/airflow/example_dags/example_branch_operator.py
[2024-03-21T01:03:44.047+0000] {logging_mixin.py:188} INFO - [2024-03-21T01:03:44.047+0000] {dag.py:3047} INFO - Sync 1 DAGs
[2024-03-21T01:03:44.057+0000] {logging_mixin.py:188} INFO - [2024-03-21T01:03:44.057+0000] {dag.py:3834} INFO - Setting next_dagrun for example_branch_operator to 2024-03-20 00:00:00+00:00, run_after=2024-03-21 00:00:00+00:00
[2024-03-21T01:03:44.064+0000] {processor.py:183} INFO - Processing /home/airflow/.local/lib/python3.8/site-packages/airflow/example_dags/example_branch_operator.py took 0.043 seconds
[2024-03-21T01:04:14.758+0000] {processor.py:161} INFO - Started process (PID=715) to work on /home/airflow/.local/lib/python3.8/site-packages/airflow/example_dags/example_branch_operator.py
[2024-03-21T01:04:14.758+0000] {processor.py:830} INFO - Processing file /home/airflow/.local/lib/python3.8/site-packages/airflow/example_dags/example_branch_operator.py for tasks to queue
[2024-03-21T01:04:14.759+0000] {logging_mixin.py:188} INFO - [2024-03-21T01:04:14.759+0000] {dagbag.py:540} INFO - Filling up the DagBag from /home/airflow/.local/lib/python3.8/site-packages/airflow/example_dags/example_branch_operator.py
[2024-03-21T01:04:14.768+0000] {processor.py:840} INFO - DAG(s) 'example_branch_operator' retrieved from /home/airflow/.local/lib/python3.8/site-packages/airflow/example_dags/example_branch_operator.py
[2024-03-21T01:04:14.783+0000] {logging_mixin.py:188} INFO - [2024-03-21T01:04:14.783+0000] {dag.py:3047} INFO - Sync 1 DAGs
[2024-03-21T01:04:14.793+0000] {logging_mixin.py:188} INFO - [2024-03-21T01:04:14.793+0000] {dag.py:3834} INFO - Setting next_dagrun for example_branch_operator to 2024-03-20 00:00:00+00:00, run_after=2024-03-21 00:00:00+00:00
[2024-03-21T01:04:14.813+0000] {processor.py:183} INFO - Processing /home/airflow/.local/lib/python3.8/site-packages/airflow/example_dags/example_branch_operator.py took 0.057 seconds
[2024-03-21T01:04:45.602+0000] {processor.py:161} INFO - Started process (PID=770) to work on /home/airflow/.local/lib/python3.8/site-packages/airflow/example_dags/example_branch_operator.py
[2024-03-21T01:04:45.603+0000] {processor.py:830} INFO - Processing file /home/airflow/.local/lib/python3.8/site-packages/airflow/example_dags/example_branch_operator.py for tasks to queue
[2024-03-21T01:04:45.604+0000] {logging_mixin.py:188} INFO - [2024-03-21T01:04:45.604+0000] {dagbag.py:540} INFO - Filling up the DagBag from /home/airflow/.local/lib/python3.8/site-packages/airflow/example_dags/example_branch_operator.py
[2024-03-21T01:04:45.622+0000] {processor.py:840} INFO - DAG(s) 'example_branch_operator' retrieved from /home/airflow/.local/lib/python3.8/site-packages/airflow/example_dags/example_branch_operator.py
[2024-03-21T01:04:45.642+0000] {logging_mixin.py:188} INFO - [2024-03-21T01:04:45.641+0000] {dag.py:3047} INFO - Sync 1 DAGs
[2024-03-21T01:04:45.655+0000] {logging_mixin.py:188} INFO - [2024-03-21T01:04:45.655+0000] {dag.py:3834} INFO - Setting next_dagrun for example_branch_operator to 2024-03-20 00:00:00+00:00, run_after=2024-03-21 00:00:00+00:00
[2024-03-21T01:04:45.666+0000] {processor.py:183} INFO - Processing /home/airflow/.local/lib/python3.8/site-packages/airflow/example_dags/example_branch_operator.py took 0.067 seconds
[2024-03-21T01:05:15.732+0000] {processor.py:161} INFO - Started process (PID=825) to work on /home/airflow/.local/lib/python3.8/site-packages/airflow/example_dags/example_branch_operator.py
[2024-03-21T01:05:15.733+0000] {processor.py:830} INFO - Processing file /home/airflow/.local/lib/python3.8/site-packages/airflow/example_dags/example_branch_operator.py for tasks to queue
[2024-03-21T01:05:15.735+0000] {logging_mixin.py:188} INFO - [2024-03-21T01:05:15.734+0000] {dagbag.py:540} INFO - Filling up the DagBag from /home/airflow/.local/lib/python3.8/site-packages/airflow/example_dags/example_branch_operator.py
[2024-03-21T01:05:15.744+0000] {processor.py:840} INFO - DAG(s) 'example_branch_operator' retrieved from /home/airflow/.local/lib/python3.8/site-packages/airflow/example_dags/example_branch_operator.py
[2024-03-21T01:05:15.762+0000] {logging_mixin.py:188} INFO - [2024-03-21T01:05:15.762+0000] {dag.py:3047} INFO - Sync 1 DAGs
[2024-03-21T01:05:15.774+0000] {logging_mixin.py:188} INFO - [2024-03-21T01:05:15.774+0000] {dag.py:3834} INFO - Setting next_dagrun for example_branch_operator to 2024-03-20 00:00:00+00:00, run_after=2024-03-21 00:00:00+00:00
[2024-03-21T01:05:15.784+0000] {processor.py:183} INFO - Processing /home/airflow/.local/lib/python3.8/site-packages/airflow/example_dags/example_branch_operator.py took 0.054 seconds
[2024-03-21T01:05:45.814+0000] {processor.py:161} INFO - Started process (PID=880) to work on /home/airflow/.local/lib/python3.8/site-packages/airflow/example_dags/example_branch_operator.py
[2024-03-21T01:05:45.815+0000] {processor.py:830} INFO - Processing file /home/airflow/.local/lib/python3.8/site-packages/airflow/example_dags/example_branch_operator.py for tasks to queue
[2024-03-21T01:05:45.816+0000] {logging_mixin.py:188} INFO - [2024-03-21T01:05:45.816+0000] {dagbag.py:540} INFO - Filling up the DagBag from /home/airflow/.local/lib/python3.8/site-packages/airflow/example_dags/example_branch_operator.py
[2024-03-21T01:05:45.824+0000] {processor.py:840} INFO - DAG(s) 'example_branch_operator' retrieved from /home/airflow/.local/lib/python3.8/site-packages/airflow/example_dags/example_branch_operator.py
[2024-03-21T01:05:45.838+0000] {logging_mixin.py:188} INFO - [2024-03-21T01:05:45.838+0000] {dag.py:3047} INFO - Sync 1 DAGs
[2024-03-21T01:05:45.848+0000] {logging_mixin.py:188} INFO - [2024-03-21T01:05:45.848+0000] {dag.py:3834} INFO - Setting next_dagrun for example_branch_operator to 2024-03-20 00:00:00+00:00, run_after=2024-03-21 00:00:00+00:00
[2024-03-21T01:05:45.855+0000] {processor.py:183} INFO - Processing /home/airflow/.local/lib/python3.8/site-packages/airflow/example_dags/example_branch_operator.py took 0.043 seconds
[2024-03-21T01:06:15.984+0000] {processor.py:161} INFO - Started process (PID=935) to work on /home/airflow/.local/lib/python3.8/site-packages/airflow/example_dags/example_branch_operator.py
[2024-03-21T01:06:15.985+0000] {processor.py:830} INFO - Processing file /home/airflow/.local/lib/python3.8/site-packages/airflow/example_dags/example_branch_operator.py for tasks to queue
[2024-03-21T01:06:15.986+0000] {logging_mixin.py:188} INFO - [2024-03-21T01:06:15.986+0000] {dagbag.py:540} INFO - Filling up the DagBag from /home/airflow/.local/lib/python3.8/site-packages/airflow/example_dags/example_branch_operator.py
[2024-03-21T01:06:15.995+0000] {processor.py:840} INFO - DAG(s) 'example_branch_operator' retrieved from /home/airflow/.local/lib/python3.8/site-packages/airflow/example_dags/example_branch_operator.py
[2024-03-21T01:06:16.011+0000] {logging_mixin.py:188} INFO - [2024-03-21T01:06:16.011+0000] {dag.py:3047} INFO - Sync 1 DAGs
[2024-03-21T01:06:16.022+0000] {logging_mixin.py:188} INFO - [2024-03-21T01:06:16.021+0000] {dag.py:3834} INFO - Setting next_dagrun for example_branch_operator to 2024-03-20 00:00:00+00:00, run_after=2024-03-21 00:00:00+00:00
[2024-03-21T01:06:16.030+0000] {processor.py:183} INFO - Processing /home/airflow/.local/lib/python3.8/site-packages/airflow/example_dags/example_branch_operator.py took 0.048 seconds
[2024-03-21T01:06:46.086+0000] {processor.py:161} INFO - Started process (PID=990) to work on /home/airflow/.local/lib/python3.8/site-packages/airflow/example_dags/example_branch_operator.py
[2024-03-21T01:06:46.087+0000] {processor.py:830} INFO - Processing file /home/airflow/.local/lib/python3.8/site-packages/airflow/example_dags/example_branch_operator.py for tasks to queue
[2024-03-21T01:06:46.088+0000] {logging_mixin.py:188} INFO - [2024-03-21T01:06:46.088+0000] {dagbag.py:540} INFO - Filling up the DagBag from /home/airflow/.local/lib/python3.8/site-packages/airflow/example_dags/example_branch_operator.py
[2024-03-21T01:06:46.097+0000] {processor.py:840} INFO - DAG(s) 'example_branch_operator' retrieved from /home/airflow/.local/lib/python3.8/site-packages/airflow/example_dags/example_branch_operator.py
[2024-03-21T01:06:46.113+0000] {logging_mixin.py:188} INFO - [2024-03-21T01:06:46.113+0000] {dag.py:3047} INFO - Sync 1 DAGs
[2024-03-21T01:06:46.124+0000] {logging_mixin.py:188} INFO - [2024-03-21T01:06:46.124+0000] {dag.py:3834} INFO - Setting next_dagrun for example_branch_operator to 2024-03-20 00:00:00+00:00, run_after=2024-03-21 00:00:00+00:00
[2024-03-21T01:06:46.133+0000] {processor.py:183} INFO - Processing /home/airflow/.local/lib/python3.8/site-packages/airflow/example_dags/example_branch_operator.py took 0.049 seconds
[2024-03-21T01:07:16.965+0000] {processor.py:161} INFO - Started process (PID=1045) to work on /home/airflow/.local/lib/python3.8/site-packages/airflow/example_dags/example_branch_operator.py
[2024-03-21T01:07:16.966+0000] {processor.py:830} INFO - Processing file /home/airflow/.local/lib/python3.8/site-packages/airflow/example_dags/example_branch_operator.py for tasks to queue
[2024-03-21T01:07:16.967+0000] {logging_mixin.py:188} INFO - [2024-03-21T01:07:16.967+0000] {dagbag.py:540} INFO - Filling up the DagBag from /home/airflow/.local/lib/python3.8/site-packages/airflow/example_dags/example_branch_operator.py
[2024-03-21T01:07:16.977+0000] {processor.py:840} INFO - DAG(s) 'example_branch_operator' retrieved from /home/airflow/.local/lib/python3.8/site-packages/airflow/example_dags/example_branch_operator.py
[2024-03-21T01:07:16.992+0000] {logging_mixin.py:188} INFO - [2024-03-21T01:07:16.992+0000] {dag.py:3047} INFO - Sync 1 DAGs
[2024-03-21T01:07:17.003+0000] {logging_mixin.py:188} INFO - [2024-03-21T01:07:17.003+0000] {dag.py:3834} INFO - Setting next_dagrun for example_branch_operator to 2024-03-20 00:00:00+00:00, run_after=2024-03-21 00:00:00+00:00
[2024-03-21T01:07:17.012+0000] {processor.py:183} INFO - Processing /home/airflow/.local/lib/python3.8/site-packages/airflow/example_dags/example_branch_operator.py took 0.049 seconds
[2024-03-21T01:07:47.188+0000] {processor.py:161} INFO - Started process (PID=1100) to work on /home/airflow/.local/lib/python3.8/site-packages/airflow/example_dags/example_branch_operator.py
[2024-03-21T01:07:47.189+0000] {processor.py:830} INFO - Processing file /home/airflow/.local/lib/python3.8/site-packages/airflow/example_dags/example_branch_operator.py for tasks to queue
[2024-03-21T01:07:47.190+0000] {logging_mixin.py:188} INFO - [2024-03-21T01:07:47.190+0000] {dagbag.py:540} INFO - Filling up the DagBag from /home/airflow/.local/lib/python3.8/site-packages/airflow/example_dags/example_branch_operator.py
[2024-03-21T01:07:47.202+0000] {processor.py:840} INFO - DAG(s) 'example_branch_operator' retrieved from /home/airflow/.local/lib/python3.8/site-packages/airflow/example_dags/example_branch_operator.py
[2024-03-21T01:07:47.218+0000] {logging_mixin.py:188} INFO - [2024-03-21T01:07:47.218+0000] {dag.py:3047} INFO - Sync 1 DAGs
[2024-03-21T01:07:47.233+0000] {logging_mixin.py:188} INFO - [2024-03-21T01:07:47.233+0000] {dag.py:3834} INFO - Setting next_dagrun for example_branch_operator to 2024-03-20 00:00:00+00:00, run_after=2024-03-21 00:00:00+00:00
[2024-03-21T01:07:47.242+0000] {processor.py:183} INFO - Processing /home/airflow/.local/lib/python3.8/site-packages/airflow/example_dags/example_branch_operator.py took 0.056 seconds
[2024-03-21T01:08:17.484+0000] {processor.py:161} INFO - Started process (PID=1155) to work on /home/airflow/.local/lib/python3.8/site-packages/airflow/example_dags/example_branch_operator.py
[2024-03-21T01:08:17.484+0000] {processor.py:830} INFO - Processing file /home/airflow/.local/lib/python3.8/site-packages/airflow/example_dags/example_branch_operator.py for tasks to queue
[2024-03-21T01:08:17.486+0000] {logging_mixin.py:188} INFO - [2024-03-21T01:08:17.486+0000] {dagbag.py:540} INFO - Filling up the DagBag from /home/airflow/.local/lib/python3.8/site-packages/airflow/example_dags/example_branch_operator.py
[2024-03-21T01:08:17.496+0000] {processor.py:840} INFO - DAG(s) 'example_branch_operator' retrieved from /home/airflow/.local/lib/python3.8/site-packages/airflow/example_dags/example_branch_operator.py
[2024-03-21T01:08:17.513+0000] {logging_mixin.py:188} INFO - [2024-03-21T01:08:17.513+0000] {dag.py:3047} INFO - Sync 1 DAGs
[2024-03-21T01:08:17.526+0000] {logging_mixin.py:188} INFO - [2024-03-21T01:08:17.525+0000] {dag.py:3834} INFO - Setting next_dagrun for example_branch_operator to 2024-03-20 00:00:00+00:00, run_after=2024-03-21 00:00:00+00:00
[2024-03-21T01:08:17.534+0000] {processor.py:183} INFO - Processing /home/airflow/.local/lib/python3.8/site-packages/airflow/example_dags/example_branch_operator.py took 0.053 seconds
[2024-03-21T01:08:47.631+0000] {processor.py:161} INFO - Started process (PID=1210) to work on /home/airflow/.local/lib/python3.8/site-packages/airflow/example_dags/example_branch_operator.py
[2024-03-21T01:08:47.632+0000] {processor.py:830} INFO - Processing file /home/airflow/.local/lib/python3.8/site-packages/airflow/example_dags/example_branch_operator.py for tasks to queue
[2024-03-21T01:08:47.633+0000] {logging_mixin.py:188} INFO - [2024-03-21T01:08:47.633+0000] {dagbag.py:540} INFO - Filling up the DagBag from /home/airflow/.local/lib/python3.8/site-packages/airflow/example_dags/example_branch_operator.py
[2024-03-21T01:08:47.649+0000] {processor.py:840} INFO - DAG(s) 'example_branch_operator' retrieved from /home/airflow/.local/lib/python3.8/site-packages/airflow/example_dags/example_branch_operator.py
[2024-03-21T01:08:47.668+0000] {logging_mixin.py:188} INFO - [2024-03-21T01:08:47.668+0000] {dag.py:3047} INFO - Sync 1 DAGs
[2024-03-21T01:08:47.683+0000] {logging_mixin.py:188} INFO - [2024-03-21T01:08:47.683+0000] {dag.py:3834} INFO - Setting next_dagrun for example_branch_operator to 2024-03-20 00:00:00+00:00, run_after=2024-03-21 00:00:00+00:00
[2024-03-21T01:08:47.695+0000] {processor.py:183} INFO - Processing /home/airflow/.local/lib/python3.8/site-packages/airflow/example_dags/example_branch_operator.py took 0.066 seconds
[2024-03-21T01:09:17.812+0000] {processor.py:161} INFO - Started process (PID=1265) to work on /home/airflow/.local/lib/python3.8/site-packages/airflow/example_dags/example_branch_operator.py
[2024-03-21T01:09:17.812+0000] {processor.py:830} INFO - Processing file /home/airflow/.local/lib/python3.8/site-packages/airflow/example_dags/example_branch_operator.py for tasks to queue
[2024-03-21T01:09:17.814+0000] {logging_mixin.py:188} INFO - [2024-03-21T01:09:17.813+0000] {dagbag.py:540} INFO - Filling up the DagBag from /home/airflow/.local/lib/python3.8/site-packages/airflow/example_dags/example_branch_operator.py
[2024-03-21T01:09:17.823+0000] {processor.py:840} INFO - DAG(s) 'example_branch_operator' retrieved from /home/airflow/.local/lib/python3.8/site-packages/airflow/example_dags/example_branch_operator.py
[2024-03-21T01:09:17.841+0000] {logging_mixin.py:188} INFO - [2024-03-21T01:09:17.840+0000] {dag.py:3047} INFO - Sync 1 DAGs
[2024-03-21T01:09:17.853+0000] {logging_mixin.py:188} INFO - [2024-03-21T01:09:17.852+0000] {dag.py:3834} INFO - Setting next_dagrun for example_branch_operator to 2024-03-20 00:00:00+00:00, run_after=2024-03-21 00:00:00+00:00
[2024-03-21T01:09:17.862+0000] {processor.py:183} INFO - Processing /home/airflow/.local/lib/python3.8/site-packages/airflow/example_dags/example_branch_operator.py took 0.052 seconds
[2024-03-21T01:09:48.015+0000] {processor.py:161} INFO - Started process (PID=1320) to work on /home/airflow/.local/lib/python3.8/site-packages/airflow/example_dags/example_branch_operator.py
[2024-03-21T01:09:48.017+0000] {processor.py:830} INFO - Processing file /home/airflow/.local/lib/python3.8/site-packages/airflow/example_dags/example_branch_operator.py for tasks to queue
[2024-03-21T01:09:48.018+0000] {logging_mixin.py:188} INFO - [2024-03-21T01:09:48.018+0000] {dagbag.py:540} INFO - Filling up the DagBag from /home/airflow/.local/lib/python3.8/site-packages/airflow/example_dags/example_branch_operator.py
[2024-03-21T01:09:48.029+0000] {processor.py:840} INFO - DAG(s) 'example_branch_operator' retrieved from /home/airflow/.local/lib/python3.8/site-packages/airflow/example_dags/example_branch_operator.py
[2024-03-21T01:09:48.046+0000] {logging_mixin.py:188} INFO - [2024-03-21T01:09:48.046+0000] {dag.py:3047} INFO - Sync 1 DAGs
[2024-03-21T01:09:48.058+0000] {logging_mixin.py:188} INFO - [2024-03-21T01:09:48.058+0000] {dag.py:3834} INFO - Setting next_dagrun for example_branch_operator to 2024-03-20 00:00:00+00:00, run_after=2024-03-21 00:00:00+00:00
[2024-03-21T01:09:48.068+0000] {processor.py:183} INFO - Processing /home/airflow/.local/lib/python3.8/site-packages/airflow/example_dags/example_branch_operator.py took 0.055 seconds
