[2024-03-21T00:58:07.961+0000] {processor.py:161} INFO - Started process (PID=72) to work on /home/airflow/.local/lib/python3.8/site-packages/airflow/example_dags/tutorial_objectstorage.py
[2024-03-21T00:58:07.962+0000] {processor.py:830} INFO - Processing file /home/airflow/.local/lib/python3.8/site-packages/airflow/example_dags/tutorial_objectstorage.py for tasks to queue
[2024-03-21T00:58:07.963+0000] {logging_mixin.py:188} INFO - [2024-03-21T00:58:07.963+0000] {dagbag.py:540} INFO - Filling up the DagBag from /home/airflow/.local/lib/python3.8/site-packages/airflow/example_dags/tutorial_objectstorage.py
[2024-03-21T00:58:07.970+0000] {processor.py:840} INFO - DAG(s) 'tutorial_objectstorage' retrieved from /home/airflow/.local/lib/python3.8/site-packages/airflow/example_dags/tutorial_objectstorage.py
[2024-03-21T00:58:07.987+0000] {logging_mixin.py:188} INFO - [2024-03-21T00:58:07.987+0000] {dag.py:3047} INFO - Sync 1 DAGs
[2024-03-21T00:58:07.995+0000] {logging_mixin.py:188} INFO - [2024-03-21T00:58:07.995+0000] {dag.py:3834} INFO - Setting next_dagrun for tutorial_objectstorage to None, run_after=None
[2024-03-21T00:58:08.006+0000] {processor.py:183} INFO - Processing /home/airflow/.local/lib/python3.8/site-packages/airflow/example_dags/tutorial_objectstorage.py took 0.048 seconds
[2024-03-21T00:58:38.893+0000] {processor.py:161} INFO - Started process (PID=131) to work on /home/airflow/.local/lib/python3.8/site-packages/airflow/example_dags/tutorial_objectstorage.py
[2024-03-21T00:58:38.893+0000] {processor.py:830} INFO - Processing file /home/airflow/.local/lib/python3.8/site-packages/airflow/example_dags/tutorial_objectstorage.py for tasks to queue
[2024-03-21T00:58:38.894+0000] {logging_mixin.py:188} INFO - [2024-03-21T00:58:38.894+0000] {dagbag.py:540} INFO - Filling up the DagBag from /home/airflow/.local/lib/python3.8/site-packages/airflow/example_dags/tutorial_objectstorage.py
[2024-03-21T00:58:38.898+0000] {processor.py:840} INFO - DAG(s) 'tutorial_objectstorage' retrieved from /home/airflow/.local/lib/python3.8/site-packages/airflow/example_dags/tutorial_objectstorage.py
[2024-03-21T00:58:38.910+0000] {logging_mixin.py:188} INFO - [2024-03-21T00:58:38.910+0000] {dag.py:3047} INFO - Sync 1 DAGs
[2024-03-21T00:58:38.916+0000] {logging_mixin.py:188} INFO - [2024-03-21T00:58:38.916+0000] {dag.py:3834} INFO - Setting next_dagrun for tutorial_objectstorage to None, run_after=None
[2024-03-21T00:58:38.923+0000] {processor.py:183} INFO - Processing /home/airflow/.local/lib/python3.8/site-packages/airflow/example_dags/tutorial_objectstorage.py took 0.033 seconds
[2024-03-21T00:59:09.763+0000] {processor.py:161} INFO - Started process (PID=186) to work on /home/airflow/.local/lib/python3.8/site-packages/airflow/example_dags/tutorial_objectstorage.py
[2024-03-21T00:59:09.764+0000] {processor.py:830} INFO - Processing file /home/airflow/.local/lib/python3.8/site-packages/airflow/example_dags/tutorial_objectstorage.py for tasks to queue
[2024-03-21T00:59:09.765+0000] {logging_mixin.py:188} INFO - [2024-03-21T00:59:09.764+0000] {dagbag.py:540} INFO - Filling up the DagBag from /home/airflow/.local/lib/python3.8/site-packages/airflow/example_dags/tutorial_objectstorage.py
[2024-03-21T00:59:09.769+0000] {processor.py:840} INFO - DAG(s) 'tutorial_objectstorage' retrieved from /home/airflow/.local/lib/python3.8/site-packages/airflow/example_dags/tutorial_objectstorage.py
[2024-03-21T00:59:09.781+0000] {logging_mixin.py:188} INFO - [2024-03-21T00:59:09.781+0000] {dag.py:3047} INFO - Sync 1 DAGs
[2024-03-21T00:59:09.786+0000] {logging_mixin.py:188} INFO - [2024-03-21T00:59:09.786+0000] {dag.py:3834} INFO - Setting next_dagrun for tutorial_objectstorage to None, run_after=None
[2024-03-21T00:59:09.794+0000] {processor.py:183} INFO - Processing /home/airflow/.local/lib/python3.8/site-packages/airflow/example_dags/tutorial_objectstorage.py took 0.033 seconds
[2024-03-21T00:59:40.355+0000] {processor.py:161} INFO - Started process (PID=241) to work on /home/airflow/.local/lib/python3.8/site-packages/airflow/example_dags/tutorial_objectstorage.py
[2024-03-21T00:59:40.356+0000] {processor.py:830} INFO - Processing file /home/airflow/.local/lib/python3.8/site-packages/airflow/example_dags/tutorial_objectstorage.py for tasks to queue
[2024-03-21T00:59:40.357+0000] {logging_mixin.py:188} INFO - [2024-03-21T00:59:40.356+0000] {dagbag.py:540} INFO - Filling up the DagBag from /home/airflow/.local/lib/python3.8/site-packages/airflow/example_dags/tutorial_objectstorage.py
[2024-03-21T00:59:40.361+0000] {processor.py:840} INFO - DAG(s) 'tutorial_objectstorage' retrieved from /home/airflow/.local/lib/python3.8/site-packages/airflow/example_dags/tutorial_objectstorage.py
[2024-03-21T00:59:40.372+0000] {logging_mixin.py:188} INFO - [2024-03-21T00:59:40.372+0000] {dag.py:3047} INFO - Sync 1 DAGs
[2024-03-21T00:59:40.377+0000] {logging_mixin.py:188} INFO - [2024-03-21T00:59:40.377+0000] {dag.py:3834} INFO - Setting next_dagrun for tutorial_objectstorage to None, run_after=None
[2024-03-21T00:59:40.385+0000] {processor.py:183} INFO - Processing /home/airflow/.local/lib/python3.8/site-packages/airflow/example_dags/tutorial_objectstorage.py took 0.032 seconds
[2024-03-21T01:00:11.068+0000] {processor.py:161} INFO - Started process (PID=296) to work on /home/airflow/.local/lib/python3.8/site-packages/airflow/example_dags/tutorial_objectstorage.py
[2024-03-21T01:00:11.069+0000] {processor.py:830} INFO - Processing file /home/airflow/.local/lib/python3.8/site-packages/airflow/example_dags/tutorial_objectstorage.py for tasks to queue
[2024-03-21T01:00:11.070+0000] {logging_mixin.py:188} INFO - [2024-03-21T01:00:11.069+0000] {dagbag.py:540} INFO - Filling up the DagBag from /home/airflow/.local/lib/python3.8/site-packages/airflow/example_dags/tutorial_objectstorage.py
[2024-03-21T01:00:11.074+0000] {processor.py:840} INFO - DAG(s) 'tutorial_objectstorage' retrieved from /home/airflow/.local/lib/python3.8/site-packages/airflow/example_dags/tutorial_objectstorage.py
[2024-03-21T01:00:11.086+0000] {logging_mixin.py:188} INFO - [2024-03-21T01:00:11.086+0000] {dag.py:3047} INFO - Sync 1 DAGs
[2024-03-21T01:00:11.092+0000] {logging_mixin.py:188} INFO - [2024-03-21T01:00:11.091+0000] {dag.py:3834} INFO - Setting next_dagrun for tutorial_objectstorage to None, run_after=None
[2024-03-21T01:00:11.099+0000] {processor.py:183} INFO - Processing /home/airflow/.local/lib/python3.8/site-packages/airflow/example_dags/tutorial_objectstorage.py took 0.033 seconds
[2024-03-21T01:00:41.885+0000] {processor.py:161} INFO - Started process (PID=351) to work on /home/airflow/.local/lib/python3.8/site-packages/airflow/example_dags/tutorial_objectstorage.py
[2024-03-21T01:00:41.886+0000] {processor.py:830} INFO - Processing file /home/airflow/.local/lib/python3.8/site-packages/airflow/example_dags/tutorial_objectstorage.py for tasks to queue
[2024-03-21T01:00:41.887+0000] {logging_mixin.py:188} INFO - [2024-03-21T01:00:41.887+0000] {dagbag.py:540} INFO - Filling up the DagBag from /home/airflow/.local/lib/python3.8/site-packages/airflow/example_dags/tutorial_objectstorage.py
[2024-03-21T01:00:41.891+0000] {processor.py:840} INFO - DAG(s) 'tutorial_objectstorage' retrieved from /home/airflow/.local/lib/python3.8/site-packages/airflow/example_dags/tutorial_objectstorage.py
[2024-03-21T01:00:41.904+0000] {logging_mixin.py:188} INFO - [2024-03-21T01:00:41.903+0000] {dag.py:3047} INFO - Sync 1 DAGs
[2024-03-21T01:00:41.909+0000] {logging_mixin.py:188} INFO - [2024-03-21T01:00:41.909+0000] {dag.py:3834} INFO - Setting next_dagrun for tutorial_objectstorage to None, run_after=None
[2024-03-21T01:00:41.917+0000] {processor.py:183} INFO - Processing /home/airflow/.local/lib/python3.8/site-packages/airflow/example_dags/tutorial_objectstorage.py took 0.034 seconds
[2024-03-21T01:01:12.645+0000] {processor.py:161} INFO - Started process (PID=407) to work on /home/airflow/.local/lib/python3.8/site-packages/airflow/example_dags/tutorial_objectstorage.py
[2024-03-21T01:01:12.646+0000] {processor.py:830} INFO - Processing file /home/airflow/.local/lib/python3.8/site-packages/airflow/example_dags/tutorial_objectstorage.py for tasks to queue
[2024-03-21T01:01:12.647+0000] {logging_mixin.py:188} INFO - [2024-03-21T01:01:12.647+0000] {dagbag.py:540} INFO - Filling up the DagBag from /home/airflow/.local/lib/python3.8/site-packages/airflow/example_dags/tutorial_objectstorage.py
[2024-03-21T01:01:12.651+0000] {processor.py:840} INFO - DAG(s) 'tutorial_objectstorage' retrieved from /home/airflow/.local/lib/python3.8/site-packages/airflow/example_dags/tutorial_objectstorage.py
[2024-03-21T01:01:12.665+0000] {logging_mixin.py:188} INFO - [2024-03-21T01:01:12.664+0000] {dag.py:3047} INFO - Sync 1 DAGs
[2024-03-21T01:01:12.671+0000] {logging_mixin.py:188} INFO - [2024-03-21T01:01:12.670+0000] {dag.py:3834} INFO - Setting next_dagrun for tutorial_objectstorage to None, run_after=None
[2024-03-21T01:01:12.681+0000] {processor.py:183} INFO - Processing /home/airflow/.local/lib/python3.8/site-packages/airflow/example_dags/tutorial_objectstorage.py took 0.038 seconds
[2024-03-21T01:01:43.388+0000] {processor.py:161} INFO - Started process (PID=462) to work on /home/airflow/.local/lib/python3.8/site-packages/airflow/example_dags/tutorial_objectstorage.py
[2024-03-21T01:01:43.389+0000] {processor.py:830} INFO - Processing file /home/airflow/.local/lib/python3.8/site-packages/airflow/example_dags/tutorial_objectstorage.py for tasks to queue
[2024-03-21T01:01:43.390+0000] {logging_mixin.py:188} INFO - [2024-03-21T01:01:43.390+0000] {dagbag.py:540} INFO - Filling up the DagBag from /home/airflow/.local/lib/python3.8/site-packages/airflow/example_dags/tutorial_objectstorage.py
[2024-03-21T01:01:43.394+0000] {processor.py:840} INFO - DAG(s) 'tutorial_objectstorage' retrieved from /home/airflow/.local/lib/python3.8/site-packages/airflow/example_dags/tutorial_objectstorage.py
[2024-03-21T01:01:43.406+0000] {logging_mixin.py:188} INFO - [2024-03-21T01:01:43.406+0000] {dag.py:3047} INFO - Sync 1 DAGs
[2024-03-21T01:01:43.411+0000] {logging_mixin.py:188} INFO - [2024-03-21T01:01:43.411+0000] {dag.py:3834} INFO - Setting next_dagrun for tutorial_objectstorage to None, run_after=None
[2024-03-21T01:01:43.419+0000] {processor.py:183} INFO - Processing /home/airflow/.local/lib/python3.8/site-packages/airflow/example_dags/tutorial_objectstorage.py took 0.033 seconds
[2024-03-21T01:02:14.330+0000] {processor.py:161} INFO - Started process (PID=517) to work on /home/airflow/.local/lib/python3.8/site-packages/airflow/example_dags/tutorial_objectstorage.py
[2024-03-21T01:02:14.331+0000] {processor.py:830} INFO - Processing file /home/airflow/.local/lib/python3.8/site-packages/airflow/example_dags/tutorial_objectstorage.py for tasks to queue
[2024-03-21T01:02:14.332+0000] {logging_mixin.py:188} INFO - [2024-03-21T01:02:14.332+0000] {dagbag.py:540} INFO - Filling up the DagBag from /home/airflow/.local/lib/python3.8/site-packages/airflow/example_dags/tutorial_objectstorage.py
[2024-03-21T01:02:14.338+0000] {processor.py:840} INFO - DAG(s) 'tutorial_objectstorage' retrieved from /home/airflow/.local/lib/python3.8/site-packages/airflow/example_dags/tutorial_objectstorage.py
[2024-03-21T01:02:14.354+0000] {logging_mixin.py:188} INFO - [2024-03-21T01:02:14.354+0000] {dag.py:3047} INFO - Sync 1 DAGs
[2024-03-21T01:02:14.361+0000] {logging_mixin.py:188} INFO - [2024-03-21T01:02:14.361+0000] {dag.py:3834} INFO - Setting next_dagrun for tutorial_objectstorage to None, run_after=None
[2024-03-21T01:02:14.377+0000] {processor.py:183} INFO - Processing /home/airflow/.local/lib/python3.8/site-packages/airflow/example_dags/tutorial_objectstorage.py took 0.052 seconds
[2024-03-21T01:02:45.243+0000] {processor.py:161} INFO - Started process (PID=572) to work on /home/airflow/.local/lib/python3.8/site-packages/airflow/example_dags/tutorial_objectstorage.py
[2024-03-21T01:02:45.244+0000] {processor.py:830} INFO - Processing file /home/airflow/.local/lib/python3.8/site-packages/airflow/example_dags/tutorial_objectstorage.py for tasks to queue
[2024-03-21T01:02:45.245+0000] {logging_mixin.py:188} INFO - [2024-03-21T01:02:45.244+0000] {dagbag.py:540} INFO - Filling up the DagBag from /home/airflow/.local/lib/python3.8/site-packages/airflow/example_dags/tutorial_objectstorage.py
[2024-03-21T01:02:45.249+0000] {processor.py:840} INFO - DAG(s) 'tutorial_objectstorage' retrieved from /home/airflow/.local/lib/python3.8/site-packages/airflow/example_dags/tutorial_objectstorage.py
[2024-03-21T01:02:45.261+0000] {logging_mixin.py:188} INFO - [2024-03-21T01:02:45.261+0000] {dag.py:3047} INFO - Sync 1 DAGs
[2024-03-21T01:02:45.266+0000] {logging_mixin.py:188} INFO - [2024-03-21T01:02:45.266+0000] {dag.py:3834} INFO - Setting next_dagrun for tutorial_objectstorage to None, run_after=None
[2024-03-21T01:02:45.274+0000] {processor.py:183} INFO - Processing /home/airflow/.local/lib/python3.8/site-packages/airflow/example_dags/tutorial_objectstorage.py took 0.033 seconds
[2024-03-21T01:03:16.061+0000] {processor.py:161} INFO - Started process (PID=627) to work on /home/airflow/.local/lib/python3.8/site-packages/airflow/example_dags/tutorial_objectstorage.py
[2024-03-21T01:03:16.062+0000] {processor.py:830} INFO - Processing file /home/airflow/.local/lib/python3.8/site-packages/airflow/example_dags/tutorial_objectstorage.py for tasks to queue
[2024-03-21T01:03:16.063+0000] {logging_mixin.py:188} INFO - [2024-03-21T01:03:16.062+0000] {dagbag.py:540} INFO - Filling up the DagBag from /home/airflow/.local/lib/python3.8/site-packages/airflow/example_dags/tutorial_objectstorage.py
[2024-03-21T01:03:16.066+0000] {processor.py:840} INFO - DAG(s) 'tutorial_objectstorage' retrieved from /home/airflow/.local/lib/python3.8/site-packages/airflow/example_dags/tutorial_objectstorage.py
[2024-03-21T01:03:16.079+0000] {logging_mixin.py:188} INFO - [2024-03-21T01:03:16.079+0000] {dag.py:3047} INFO - Sync 1 DAGs
[2024-03-21T01:03:16.084+0000] {logging_mixin.py:188} INFO - [2024-03-21T01:03:16.084+0000] {dag.py:3834} INFO - Setting next_dagrun for tutorial_objectstorage to None, run_after=None
[2024-03-21T01:03:16.092+0000] {processor.py:183} INFO - Processing /home/airflow/.local/lib/python3.8/site-packages/airflow/example_dags/tutorial_objectstorage.py took 0.033 seconds
[2024-03-21T01:03:46.769+0000] {processor.py:161} INFO - Started process (PID=682) to work on /home/airflow/.local/lib/python3.8/site-packages/airflow/example_dags/tutorial_objectstorage.py
[2024-03-21T01:03:46.770+0000] {processor.py:830} INFO - Processing file /home/airflow/.local/lib/python3.8/site-packages/airflow/example_dags/tutorial_objectstorage.py for tasks to queue
[2024-03-21T01:03:46.771+0000] {logging_mixin.py:188} INFO - [2024-03-21T01:03:46.770+0000] {dagbag.py:540} INFO - Filling up the DagBag from /home/airflow/.local/lib/python3.8/site-packages/airflow/example_dags/tutorial_objectstorage.py
[2024-03-21T01:03:46.775+0000] {processor.py:840} INFO - DAG(s) 'tutorial_objectstorage' retrieved from /home/airflow/.local/lib/python3.8/site-packages/airflow/example_dags/tutorial_objectstorage.py
[2024-03-21T01:03:46.787+0000] {logging_mixin.py:188} INFO - [2024-03-21T01:03:46.786+0000] {dag.py:3047} INFO - Sync 1 DAGs
[2024-03-21T01:03:46.792+0000] {logging_mixin.py:188} INFO - [2024-03-21T01:03:46.792+0000] {dag.py:3834} INFO - Setting next_dagrun for tutorial_objectstorage to None, run_after=None
[2024-03-21T01:03:46.800+0000] {processor.py:183} INFO - Processing /home/airflow/.local/lib/python3.8/site-packages/airflow/example_dags/tutorial_objectstorage.py took 0.033 seconds
[2024-03-21T01:04:17.506+0000] {processor.py:161} INFO - Started process (PID=737) to work on /home/airflow/.local/lib/python3.8/site-packages/airflow/example_dags/tutorial_objectstorage.py
[2024-03-21T01:04:17.507+0000] {processor.py:830} INFO - Processing file /home/airflow/.local/lib/python3.8/site-packages/airflow/example_dags/tutorial_objectstorage.py for tasks to queue
[2024-03-21T01:04:17.508+0000] {logging_mixin.py:188} INFO - [2024-03-21T01:04:17.508+0000] {dagbag.py:540} INFO - Filling up the DagBag from /home/airflow/.local/lib/python3.8/site-packages/airflow/example_dags/tutorial_objectstorage.py
[2024-03-21T01:04:17.512+0000] {processor.py:840} INFO - DAG(s) 'tutorial_objectstorage' retrieved from /home/airflow/.local/lib/python3.8/site-packages/airflow/example_dags/tutorial_objectstorage.py
[2024-03-21T01:04:17.524+0000] {logging_mixin.py:188} INFO - [2024-03-21T01:04:17.524+0000] {dag.py:3047} INFO - Sync 1 DAGs
[2024-03-21T01:04:17.530+0000] {logging_mixin.py:188} INFO - [2024-03-21T01:04:17.530+0000] {dag.py:3834} INFO - Setting next_dagrun for tutorial_objectstorage to None, run_after=None
[2024-03-21T01:04:17.537+0000] {processor.py:183} INFO - Processing /home/airflow/.local/lib/python3.8/site-packages/airflow/example_dags/tutorial_objectstorage.py took 0.033 seconds
[2024-03-21T01:04:48.538+0000] {processor.py:161} INFO - Started process (PID=792) to work on /home/airflow/.local/lib/python3.8/site-packages/airflow/example_dags/tutorial_objectstorage.py
[2024-03-21T01:04:48.539+0000] {processor.py:830} INFO - Processing file /home/airflow/.local/lib/python3.8/site-packages/airflow/example_dags/tutorial_objectstorage.py for tasks to queue
[2024-03-21T01:04:48.540+0000] {logging_mixin.py:188} INFO - [2024-03-21T01:04:48.540+0000] {dagbag.py:540} INFO - Filling up the DagBag from /home/airflow/.local/lib/python3.8/site-packages/airflow/example_dags/tutorial_objectstorage.py
[2024-03-21T01:04:48.545+0000] {processor.py:840} INFO - DAG(s) 'tutorial_objectstorage' retrieved from /home/airflow/.local/lib/python3.8/site-packages/airflow/example_dags/tutorial_objectstorage.py
[2024-03-21T01:04:48.557+0000] {logging_mixin.py:188} INFO - [2024-03-21T01:04:48.557+0000] {dag.py:3047} INFO - Sync 1 DAGs
[2024-03-21T01:04:48.563+0000] {logging_mixin.py:188} INFO - [2024-03-21T01:04:48.563+0000] {dag.py:3834} INFO - Setting next_dagrun for tutorial_objectstorage to None, run_after=None
[2024-03-21T01:04:48.572+0000] {processor.py:183} INFO - Processing /home/airflow/.local/lib/python3.8/site-packages/airflow/example_dags/tutorial_objectstorage.py took 0.035 seconds
[2024-03-21T01:05:18.647+0000] {processor.py:161} INFO - Started process (PID=847) to work on /home/airflow/.local/lib/python3.8/site-packages/airflow/example_dags/tutorial_objectstorage.py
[2024-03-21T01:05:18.647+0000] {processor.py:830} INFO - Processing file /home/airflow/.local/lib/python3.8/site-packages/airflow/example_dags/tutorial_objectstorage.py for tasks to queue
[2024-03-21T01:05:18.648+0000] {logging_mixin.py:188} INFO - [2024-03-21T01:05:18.648+0000] {dagbag.py:540} INFO - Filling up the DagBag from /home/airflow/.local/lib/python3.8/site-packages/airflow/example_dags/tutorial_objectstorage.py
[2024-03-21T01:05:18.652+0000] {processor.py:840} INFO - DAG(s) 'tutorial_objectstorage' retrieved from /home/airflow/.local/lib/python3.8/site-packages/airflow/example_dags/tutorial_objectstorage.py
[2024-03-21T01:05:18.664+0000] {logging_mixin.py:188} INFO - [2024-03-21T01:05:18.664+0000] {dag.py:3047} INFO - Sync 1 DAGs
[2024-03-21T01:05:18.670+0000] {logging_mixin.py:188} INFO - [2024-03-21T01:05:18.670+0000] {dag.py:3834} INFO - Setting next_dagrun for tutorial_objectstorage to None, run_after=None
[2024-03-21T01:05:18.678+0000] {processor.py:183} INFO - Processing /home/airflow/.local/lib/python3.8/site-packages/airflow/example_dags/tutorial_objectstorage.py took 0.033 seconds
[2024-03-21T01:05:49.519+0000] {processor.py:161} INFO - Started process (PID=902) to work on /home/airflow/.local/lib/python3.8/site-packages/airflow/example_dags/tutorial_objectstorage.py
[2024-03-21T01:05:49.519+0000] {processor.py:830} INFO - Processing file /home/airflow/.local/lib/python3.8/site-packages/airflow/example_dags/tutorial_objectstorage.py for tasks to queue
[2024-03-21T01:05:49.520+0000] {logging_mixin.py:188} INFO - [2024-03-21T01:05:49.520+0000] {dagbag.py:540} INFO - Filling up the DagBag from /home/airflow/.local/lib/python3.8/site-packages/airflow/example_dags/tutorial_objectstorage.py
[2024-03-21T01:05:49.524+0000] {processor.py:840} INFO - DAG(s) 'tutorial_objectstorage' retrieved from /home/airflow/.local/lib/python3.8/site-packages/airflow/example_dags/tutorial_objectstorage.py
[2024-03-21T01:05:49.536+0000] {logging_mixin.py:188} INFO - [2024-03-21T01:05:49.536+0000] {dag.py:3047} INFO - Sync 1 DAGs
[2024-03-21T01:05:49.542+0000] {logging_mixin.py:188} INFO - [2024-03-21T01:05:49.542+0000] {dag.py:3834} INFO - Setting next_dagrun for tutorial_objectstorage to None, run_after=None
[2024-03-21T01:05:49.550+0000] {processor.py:183} INFO - Processing /home/airflow/.local/lib/python3.8/site-packages/airflow/example_dags/tutorial_objectstorage.py took 0.033 seconds
[2024-03-21T01:06:19.849+0000] {processor.py:161} INFO - Started process (PID=957) to work on /home/airflow/.local/lib/python3.8/site-packages/airflow/example_dags/tutorial_objectstorage.py
[2024-03-21T01:06:19.849+0000] {processor.py:830} INFO - Processing file /home/airflow/.local/lib/python3.8/site-packages/airflow/example_dags/tutorial_objectstorage.py for tasks to queue
[2024-03-21T01:06:19.851+0000] {logging_mixin.py:188} INFO - [2024-03-21T01:06:19.850+0000] {dagbag.py:540} INFO - Filling up the DagBag from /home/airflow/.local/lib/python3.8/site-packages/airflow/example_dags/tutorial_objectstorage.py
[2024-03-21T01:06:19.855+0000] {processor.py:840} INFO - DAG(s) 'tutorial_objectstorage' retrieved from /home/airflow/.local/lib/python3.8/site-packages/airflow/example_dags/tutorial_objectstorage.py
[2024-03-21T01:06:19.868+0000] {logging_mixin.py:188} INFO - [2024-03-21T01:06:19.868+0000] {dag.py:3047} INFO - Sync 1 DAGs
[2024-03-21T01:06:19.874+0000] {logging_mixin.py:188} INFO - [2024-03-21T01:06:19.874+0000] {dag.py:3834} INFO - Setting next_dagrun for tutorial_objectstorage to None, run_after=None
[2024-03-21T01:06:19.884+0000] {processor.py:183} INFO - Processing /home/airflow/.local/lib/python3.8/site-packages/airflow/example_dags/tutorial_objectstorage.py took 0.038 seconds
[2024-03-21T01:06:50.811+0000] {processor.py:161} INFO - Started process (PID=1012) to work on /home/airflow/.local/lib/python3.8/site-packages/airflow/example_dags/tutorial_objectstorage.py
[2024-03-21T01:06:50.811+0000] {processor.py:830} INFO - Processing file /home/airflow/.local/lib/python3.8/site-packages/airflow/example_dags/tutorial_objectstorage.py for tasks to queue
[2024-03-21T01:06:50.812+0000] {logging_mixin.py:188} INFO - [2024-03-21T01:06:50.812+0000] {dagbag.py:540} INFO - Filling up the DagBag from /home/airflow/.local/lib/python3.8/site-packages/airflow/example_dags/tutorial_objectstorage.py
[2024-03-21T01:06:50.816+0000] {processor.py:840} INFO - DAG(s) 'tutorial_objectstorage' retrieved from /home/airflow/.local/lib/python3.8/site-packages/airflow/example_dags/tutorial_objectstorage.py
[2024-03-21T01:06:50.827+0000] {logging_mixin.py:188} INFO - [2024-03-21T01:06:50.827+0000] {dag.py:3047} INFO - Sync 1 DAGs
[2024-03-21T01:06:50.833+0000] {logging_mixin.py:188} INFO - [2024-03-21T01:06:50.833+0000] {dag.py:3834} INFO - Setting next_dagrun for tutorial_objectstorage to None, run_after=None
[2024-03-21T01:06:50.841+0000] {processor.py:183} INFO - Processing /home/airflow/.local/lib/python3.8/site-packages/airflow/example_dags/tutorial_objectstorage.py took 0.032 seconds
[2024-03-21T01:07:21.718+0000] {processor.py:161} INFO - Started process (PID=1067) to work on /home/airflow/.local/lib/python3.8/site-packages/airflow/example_dags/tutorial_objectstorage.py
[2024-03-21T01:07:21.718+0000] {processor.py:830} INFO - Processing file /home/airflow/.local/lib/python3.8/site-packages/airflow/example_dags/tutorial_objectstorage.py for tasks to queue
[2024-03-21T01:07:21.720+0000] {logging_mixin.py:188} INFO - [2024-03-21T01:07:21.720+0000] {dagbag.py:540} INFO - Filling up the DagBag from /home/airflow/.local/lib/python3.8/site-packages/airflow/example_dags/tutorial_objectstorage.py
[2024-03-21T01:07:21.724+0000] {processor.py:840} INFO - DAG(s) 'tutorial_objectstorage' retrieved from /home/airflow/.local/lib/python3.8/site-packages/airflow/example_dags/tutorial_objectstorage.py
[2024-03-21T01:07:21.736+0000] {logging_mixin.py:188} INFO - [2024-03-21T01:07:21.736+0000] {dag.py:3047} INFO - Sync 1 DAGs
[2024-03-21T01:07:21.742+0000] {logging_mixin.py:188} INFO - [2024-03-21T01:07:21.742+0000] {dag.py:3834} INFO - Setting next_dagrun for tutorial_objectstorage to None, run_after=None
[2024-03-21T01:07:21.751+0000] {processor.py:183} INFO - Processing /home/airflow/.local/lib/python3.8/site-packages/airflow/example_dags/tutorial_objectstorage.py took 0.036 seconds
[2024-03-21T01:07:51.987+0000] {processor.py:161} INFO - Started process (PID=1122) to work on /home/airflow/.local/lib/python3.8/site-packages/airflow/example_dags/tutorial_objectstorage.py
[2024-03-21T01:07:51.988+0000] {processor.py:830} INFO - Processing file /home/airflow/.local/lib/python3.8/site-packages/airflow/example_dags/tutorial_objectstorage.py for tasks to queue
[2024-03-21T01:07:51.992+0000] {logging_mixin.py:188} INFO - [2024-03-21T01:07:51.990+0000] {dagbag.py:540} INFO - Filling up the DagBag from /home/airflow/.local/lib/python3.8/site-packages/airflow/example_dags/tutorial_objectstorage.py
[2024-03-21T01:07:51.997+0000] {processor.py:840} INFO - DAG(s) 'tutorial_objectstorage' retrieved from /home/airflow/.local/lib/python3.8/site-packages/airflow/example_dags/tutorial_objectstorage.py
[2024-03-21T01:07:52.012+0000] {logging_mixin.py:188} INFO - [2024-03-21T01:07:52.012+0000] {dag.py:3047} INFO - Sync 1 DAGs
[2024-03-21T01:07:52.018+0000] {logging_mixin.py:188} INFO - [2024-03-21T01:07:52.018+0000] {dag.py:3834} INFO - Setting next_dagrun for tutorial_objectstorage to None, run_after=None
[2024-03-21T01:07:52.029+0000] {processor.py:183} INFO - Processing /home/airflow/.local/lib/python3.8/site-packages/airflow/example_dags/tutorial_objectstorage.py took 0.044 seconds
[2024-03-21T01:08:22.353+0000] {processor.py:161} INFO - Started process (PID=1177) to work on /home/airflow/.local/lib/python3.8/site-packages/airflow/example_dags/tutorial_objectstorage.py
[2024-03-21T01:08:22.354+0000] {processor.py:830} INFO - Processing file /home/airflow/.local/lib/python3.8/site-packages/airflow/example_dags/tutorial_objectstorage.py for tasks to queue
[2024-03-21T01:08:22.355+0000] {logging_mixin.py:188} INFO - [2024-03-21T01:08:22.355+0000] {dagbag.py:540} INFO - Filling up the DagBag from /home/airflow/.local/lib/python3.8/site-packages/airflow/example_dags/tutorial_objectstorage.py
[2024-03-21T01:08:22.360+0000] {processor.py:840} INFO - DAG(s) 'tutorial_objectstorage' retrieved from /home/airflow/.local/lib/python3.8/site-packages/airflow/example_dags/tutorial_objectstorage.py
[2024-03-21T01:08:22.374+0000] {logging_mixin.py:188} INFO - [2024-03-21T01:08:22.374+0000] {dag.py:3047} INFO - Sync 1 DAGs
[2024-03-21T01:08:22.380+0000] {logging_mixin.py:188} INFO - [2024-03-21T01:08:22.380+0000] {dag.py:3834} INFO - Setting next_dagrun for tutorial_objectstorage to None, run_after=None
[2024-03-21T01:08:22.389+0000] {processor.py:183} INFO - Processing /home/airflow/.local/lib/python3.8/site-packages/airflow/example_dags/tutorial_objectstorage.py took 0.038 seconds
[2024-03-21T01:08:52.540+0000] {processor.py:161} INFO - Started process (PID=1232) to work on /home/airflow/.local/lib/python3.8/site-packages/airflow/example_dags/tutorial_objectstorage.py
[2024-03-21T01:08:52.541+0000] {processor.py:830} INFO - Processing file /home/airflow/.local/lib/python3.8/site-packages/airflow/example_dags/tutorial_objectstorage.py for tasks to queue
[2024-03-21T01:08:52.542+0000] {logging_mixin.py:188} INFO - [2024-03-21T01:08:52.542+0000] {dagbag.py:540} INFO - Filling up the DagBag from /home/airflow/.local/lib/python3.8/site-packages/airflow/example_dags/tutorial_objectstorage.py
[2024-03-21T01:08:52.546+0000] {processor.py:840} INFO - DAG(s) 'tutorial_objectstorage' retrieved from /home/airflow/.local/lib/python3.8/site-packages/airflow/example_dags/tutorial_objectstorage.py
[2024-03-21T01:08:52.559+0000] {logging_mixin.py:188} INFO - [2024-03-21T01:08:52.559+0000] {dag.py:3047} INFO - Sync 1 DAGs
[2024-03-21T01:08:52.566+0000] {logging_mixin.py:188} INFO - [2024-03-21T01:08:52.565+0000] {dag.py:3834} INFO - Setting next_dagrun for tutorial_objectstorage to None, run_after=None
[2024-03-21T01:08:52.575+0000] {processor.py:183} INFO - Processing /home/airflow/.local/lib/python3.8/site-packages/airflow/example_dags/tutorial_objectstorage.py took 0.037 seconds
[2024-03-21T01:09:22.639+0000] {processor.py:161} INFO - Started process (PID=1287) to work on /home/airflow/.local/lib/python3.8/site-packages/airflow/example_dags/tutorial_objectstorage.py
[2024-03-21T01:09:22.639+0000] {processor.py:830} INFO - Processing file /home/airflow/.local/lib/python3.8/site-packages/airflow/example_dags/tutorial_objectstorage.py for tasks to queue
[2024-03-21T01:09:22.641+0000] {logging_mixin.py:188} INFO - [2024-03-21T01:09:22.641+0000] {dagbag.py:540} INFO - Filling up the DagBag from /home/airflow/.local/lib/python3.8/site-packages/airflow/example_dags/tutorial_objectstorage.py
[2024-03-21T01:09:22.646+0000] {processor.py:840} INFO - DAG(s) 'tutorial_objectstorage' retrieved from /home/airflow/.local/lib/python3.8/site-packages/airflow/example_dags/tutorial_objectstorage.py
[2024-03-21T01:09:22.662+0000] {logging_mixin.py:188} INFO - [2024-03-21T01:09:22.662+0000] {dag.py:3047} INFO - Sync 1 DAGs
[2024-03-21T01:09:22.668+0000] {logging_mixin.py:188} INFO - [2024-03-21T01:09:22.668+0000] {dag.py:3834} INFO - Setting next_dagrun for tutorial_objectstorage to None, run_after=None
[2024-03-21T01:09:22.680+0000] {processor.py:183} INFO - Processing /home/airflow/.local/lib/python3.8/site-packages/airflow/example_dags/tutorial_objectstorage.py took 0.044 seconds
[2024-03-21T01:09:52.859+0000] {processor.py:161} INFO - Started process (PID=1342) to work on /home/airflow/.local/lib/python3.8/site-packages/airflow/example_dags/tutorial_objectstorage.py
[2024-03-21T01:09:52.860+0000] {processor.py:830} INFO - Processing file /home/airflow/.local/lib/python3.8/site-packages/airflow/example_dags/tutorial_objectstorage.py for tasks to queue
[2024-03-21T01:09:52.861+0000] {logging_mixin.py:188} INFO - [2024-03-21T01:09:52.861+0000] {dagbag.py:540} INFO - Filling up the DagBag from /home/airflow/.local/lib/python3.8/site-packages/airflow/example_dags/tutorial_objectstorage.py
[2024-03-21T01:09:52.865+0000] {processor.py:840} INFO - DAG(s) 'tutorial_objectstorage' retrieved from /home/airflow/.local/lib/python3.8/site-packages/airflow/example_dags/tutorial_objectstorage.py
[2024-03-21T01:09:52.878+0000] {logging_mixin.py:188} INFO - [2024-03-21T01:09:52.877+0000] {dag.py:3047} INFO - Sync 1 DAGs
[2024-03-21T01:09:52.884+0000] {logging_mixin.py:188} INFO - [2024-03-21T01:09:52.884+0000] {dag.py:3834} INFO - Setting next_dagrun for tutorial_objectstorage to None, run_after=None
[2024-03-21T01:09:52.894+0000] {processor.py:183} INFO - Processing /home/airflow/.local/lib/python3.8/site-packages/airflow/example_dags/tutorial_objectstorage.py took 0.037 seconds
